2025-11-21 14:26:48,969 - INFO - 从本地文件加载预训练权重: pretrained/rtdetrv2_r34vd_120e_coco_ema.pth
2025-11-21 14:26:49,090 - INFO - ✓ 检测到EMA checkpoint格式
2025-11-21 14:26:49,108 - INFO - ✓ 成功加载预训练权重: 543/654 个参数
2025-11-21 14:26:49,108 - INFO -   - 跳过类别相关参数: 11 个（COCO 80类 → DAIR-V2X 8类）
2025-11-21 14:26:49,109 - INFO -   - Backbone: 234 个参数
2025-11-21 14:26:49,109 - INFO -   - Encoder: 270 个参数
2025-11-21 14:26:49,109 - INFO -   - Decoder: 150 个参数
2025-11-21 14:26:49,109 - INFO -   - 预训练模型缺少参数: 111 个（当前模型新增）
2025-11-21 14:26:49,109 - INFO -     示例: ['decoder.decoder.layers.0.adaptive_expert_layer.router.gate.weight', 'decoder.decoder.layers.0.adaptive_expert_layer.experts.0.linear1.weight', 'decoder.decoder.layers.0.adaptive_expert_layer.experts.0.linear1.bias'] ...
2025-11-21 14:26:49,109 - INFO -   - 模型新增参数: 18 个（将随机初始化）
2025-11-21 14:26:49,324 - INFO - ✓ 已启用GPU优化: cudnn.benchmark=True, TF32=True
2025-11-21 14:26:49,324 - INFO - ✓ 创建MOE RT-DETR模型
2025-11-21 14:26:49,324 - INFO -   专家数量: 6
2025-11-21 14:26:49,324 - INFO -   Backbone: presnet34
2025-11-21 14:26:49,324 - INFO -   Encoder: in_channels=[128, 256, 512], expansion=0.5
2025-11-21 14:26:51,239 - INFO - ✓ 创建数据加载器
2025-11-21 14:26:51,239 - INFO -   训练集: 5042 | 验证集: 2016
2025-11-21 14:26:51,245 - INFO - ✓ 预训练参数组: 185 个参数, lr=1e-05
2025-11-21 14:26:51,249 - INFO - ✓ Norm层参数组: 122 个参数, lr=0.0001, wd=0
2025-11-21 14:26:51,253 - INFO - ✓ 新参数组: 100 个参数, lr=0.0001
2025-11-21 14:26:51,255 - INFO - ✓ 使用CosineAnnealingLR调度器 (eta_min=1e-06)
2025-11-21 14:26:51,255 - INFO - ✓ 学习率预热 3 epochs
2025-11-21 14:26:51,381 - INFO - ⏱️  Early Stopping: 启用 (patience=35, metric=mAP_0.5_0.95, mode=max)
2025-11-21 14:26:51,382 - INFO - 推理输出目录: logs/moe6_rtdetr_r34_20251121_142648/inference_samples
2025-11-21 14:26:51,382 - INFO - 开始训练 200 epochs
2025-11-21 14:26:51,382 - INFO - ✓ 梯度裁剪: max_norm=10.0
2025-11-21 14:27:08,051 - INFO - Epoch 0 | Batch 0 | Loss: 38.76 (Det: 38.61, MoE: 3.0587)
2025-11-21 14:27:53,733 - INFO - Epoch 0 | Batch 50 | Loss: 23.94 (Det: 23.79, MoE: 3.0564)
2025-11-21 14:28:37,063 - INFO - Epoch 0:
2025-11-21 14:28:37,064 - INFO -   训练损失: 27.34 | 验证损失: 2.59
2025-11-21 14:28:37,064 - INFO -   (前30个epoch仅计算loss，跳过mAP评估)
2025-11-21 14:28:37,064 - INFO -   检测损失: 27.18
2025-11-21 14:28:37,064 - INFO -   MoE负载均衡损失: 3.0535
2025-11-21 14:28:37,064 - INFO -   专家使用率: [18.23%, 15.37%, 16.18%, 15.39%, 20.49%, 14.35%]
2025-11-21 14:28:37,064 - INFO -   🎉 新的最佳验证损失: 2.59
2025-11-21 14:28:38,327 - INFO - 💾 保存最新检查点: logs/moe6_rtdetr_r34_20251121_142648/latest_checkpoint.pth
2025-11-21 14:28:46,073 - INFO - Epoch 1 | Batch 0 | Loss: 22.00 (Det: 21.85, MoE: 3.0700)
2025-11-21 14:29:31,189 - INFO - Epoch 1 | Batch 50 | Loss: 19.16 (Det: 19.00, MoE: 3.1441)
2025-11-21 14:30:09,126 - INFO - Epoch 1:
2025-11-21 14:30:09,127 - INFO -   训练损失: 19.84 | 验证损失: 2.19
2025-11-21 14:30:09,127 - INFO -   (前30个epoch仅计算loss，跳过mAP评估)
2025-11-21 14:30:09,127 - INFO -   检测损失: 19.69
2025-11-21 14:30:09,127 - INFO -   MoE负载均衡损失: 3.0992
2025-11-21 14:30:09,127 - INFO -   专家使用率: [16.18%, 16.88%, 15.13%, 16.93%, 21.76%, 13.12%]
2025-11-21 14:30:09,127 - INFO -   🎉 新的最佳验证损失: 2.19
2025-11-21 14:30:11,021 - INFO - 💾 保存最新检查点: logs/moe6_rtdetr_r34_20251121_142648/latest_checkpoint.pth
2025-11-21 14:30:17,813 - INFO - Epoch 2 | Batch 0 | Loss: 18.51 (Det: 18.35, MoE: 3.1369)
2025-11-21 14:31:02,178 - INFO - Epoch 2 | Batch 50 | Loss: 16.79 (Det: 16.64, MoE: 3.1271)
2025-11-21 14:31:39,170 - INFO - Epoch 2:
2025-11-21 14:31:39,171 - INFO -   训练损失: 17.61 | 验证损失: 2.08
2025-11-21 14:31:39,171 - INFO -   (前30个epoch仅计算loss，跳过mAP评估)
2025-11-21 14:31:39,171 - INFO -   检测损失: 17.45
2025-11-21 14:31:39,171 - INFO -   MoE负载均衡损失: 3.1423
2025-11-21 14:31:39,171 - INFO -   专家使用率: [14.37%, 18.17%, 17.00%, 14.98%, 21.00%, 14.47%]
2025-11-21 14:31:39,171 - INFO -   🎉 新的最佳验证损失: 2.08
2025-11-21 14:31:40,534 - INFO - 💾 保存最新检查点: logs/moe6_rtdetr_r34_20251121_142648/latest_checkpoint.pth
2025-11-21 14:31:46,219 - INFO - Epoch 3 | Batch 0 | Loss: 16.70 (Det: 16.55, MoE: 3.1511)
2025-11-21 14:32:30,894 - INFO - Epoch 3 | Batch 50 | Loss: 15.78 (Det: 15.63, MoE: 3.1073)
2025-11-21 14:33:07,846 - INFO - Epoch 3:
2025-11-21 14:33:07,847 - INFO -   训练损失: 15.68 | 验证损失: 1.94
2025-11-21 14:33:07,847 - INFO -   (前30个epoch仅计算loss，跳过mAP评估)
2025-11-21 14:33:07,847 - INFO -   检测损失: 15.52
2025-11-21 14:33:07,847 - INFO -   MoE负载均衡损失: 3.1247
2025-11-21 14:33:07,847 - INFO -   专家使用率: [13.40%, 17.94%, 17.88%, 15.24%, 18.79%, 16.75%]
2025-11-21 14:33:07,847 - INFO -   🎉 新的最佳验证损失: 1.94
2025-11-21 14:33:09,200 - INFO - 💾 保存最新检查点: logs/moe6_rtdetr_r34_20251121_142648/latest_checkpoint.pth
2025-11-21 14:33:15,358 - INFO - Epoch 4 | Batch 0 | Loss: 14.93 (Det: 14.78, MoE: 3.1135)
2025-11-21 14:33:59,691 - INFO - Epoch 4 | Batch 50 | Loss: 14.63 (Det: 14.48, MoE: 3.0892)
2025-11-21 14:34:37,430 - INFO - Epoch 4:
2025-11-21 14:34:37,431 - INFO -   训练损失: 14.75 | 验证损失: 1.80
2025-11-21 14:34:37,431 - INFO -   (前30个epoch仅计算loss，跳过mAP评估)
2025-11-21 14:34:37,431 - INFO -   检测损失: 14.60
2025-11-21 14:34:37,431 - INFO -   MoE负载均衡损失: 3.1021
2025-11-21 14:34:37,431 - INFO -   专家使用率: [14.06%, 18.61%, 17.99%, 15.15%, 17.46%, 16.73%]
2025-11-21 14:34:37,431 - INFO -   🎉 新的最佳验证损失: 1.80
2025-11-21 14:34:38,624 - INFO - 💾 保存最新检查点: logs/moe6_rtdetr_r34_20251121_142648/latest_checkpoint.pth
2025-11-21 14:34:43,647 - INFO - Epoch 5 | Batch 0 | Loss: 14.59 (Det: 14.44, MoE: 3.0843)
2025-11-21 14:35:30,038 - INFO - Epoch 5 | Batch 50 | Loss: 13.93 (Det: 13.77, MoE: 3.0954)
2025-11-21 14:36:06,729 - INFO - Epoch 5:
2025-11-21 14:36:06,730 - INFO -   训练损失: 14.08 | 验证损失: 1.68
2025-11-21 14:36:06,730 - INFO -   (前30个epoch仅计算loss，跳过mAP评估)
2025-11-21 14:36:06,730 - INFO -   检测损失: 13.93
2025-11-21 14:36:06,730 - INFO -   MoE负载均衡损失: 3.0955
2025-11-21 14:36:06,730 - INFO -   专家使用率: [14.20%, 18.41%, 17.95%, 14.61%, 17.59%, 17.23%]
2025-11-21 14:36:06,730 - INFO -   🎉 新的最佳验证损失: 1.68
2025-11-21 14:36:07,705 - INFO - 💾 保存最新检查点: logs/moe6_rtdetr_r34_20251121_142648/latest_checkpoint.pth
2025-11-21 14:36:14,248 - INFO - Epoch 6 | Batch 0 | Loss: 13.49 (Det: 13.34, MoE: 3.0887)
2025-11-21 14:36:58,640 - INFO - Epoch 6 | Batch 50 | Loss: 13.55 (Det: 13.39, MoE: 3.0872)
2025-11-21 14:37:36,140 - INFO - Epoch 6:
2025-11-21 14:37:36,140 - INFO -   训练损失: 13.62 | 验证损失: 1.60
2025-11-21 14:37:36,140 - INFO -   (前30个epoch仅计算loss，跳过mAP评估)
2025-11-21 14:37:36,140 - INFO -   检测损失: 13.47
2025-11-21 14:37:36,141 - INFO -   MoE负载均衡损失: 3.0847
2025-11-21 14:37:36,141 - INFO -   专家使用率: [14.45%, 18.15%, 17.81%, 14.50%, 17.36%, 17.74%]
2025-11-21 14:37:36,141 - INFO -   🎉 新的最佳验证损失: 1.60
2025-11-21 14:37:37,340 - INFO - 💾 保存最新检查点: logs/moe6_rtdetr_r34_20251121_142648/latest_checkpoint.pth
2025-11-21 14:37:44,536 - INFO - Epoch 7 | Batch 0 | Loss: 13.68 (Det: 13.52, MoE: 3.0738)
2025-11-21 14:38:28,956 - INFO - Epoch 7 | Batch 50 | Loss: 13.74 (Det: 13.59, MoE: 3.0671)
2025-11-21 14:39:06,658 - INFO - Epoch 7:
2025-11-21 14:39:06,658 - INFO -   训练损失: 13.54 | 验证损失: 1.78
2025-11-21 14:39:06,658 - INFO -   (前30个epoch仅计算loss，跳过mAP评估)
2025-11-21 14:39:06,658 - INFO -   检测损失: 13.38
2025-11-21 14:39:06,658 - INFO -   MoE负载均衡损失: 3.0738
2025-11-21 14:39:06,658 - INFO -   专家使用率: [14.78%, 18.23%, 17.27%, 13.89%, 17.43%, 18.40%]
2025-11-21 14:39:07,631 - INFO - 💾 保存最新检查点: logs/moe6_rtdetr_r34_20251121_142648/latest_checkpoint.pth
2025-11-21 14:39:15,176 - INFO - Epoch 8 | Batch 0 | Loss: 13.96 (Det: 13.81, MoE: 3.0804)
2025-11-21 14:39:59,158 - INFO - Epoch 8 | Batch 50 | Loss: 13.30 (Det: 13.14, MoE: 3.0640)
2025-11-21 14:40:35,099 - INFO - Epoch 8:
2025-11-21 14:40:35,099 - INFO -   训练损失: 13.65 | 验证损失: 1.67
2025-11-21 14:40:35,099 - INFO -   (前30个epoch仅计算loss，跳过mAP评估)
2025-11-21 14:40:35,099 - INFO -   检测损失: 13.49
2025-11-21 14:40:35,099 - INFO -   MoE负载均衡损失: 3.0673
2025-11-21 14:40:35,099 - INFO -   专家使用率: [15.48%, 18.19%, 17.13%, 13.45%, 17.45%, 18.31%]
2025-11-21 14:40:36,245 - INFO - 💾 保存最新检查点: logs/moe6_rtdetr_r34_20251121_142648/latest_checkpoint.pth
2025-11-21 14:40:43,452 - INFO - Epoch 9 | Batch 0 | Loss: 13.49 (Det: 13.33, MoE: 3.0457)
2025-11-21 14:41:28,032 - INFO - Epoch 9 | Batch 50 | Loss: 13.21 (Det: 13.06, MoE: 3.0524)
2025-11-21 14:42:05,598 - INFO - Epoch 9:
2025-11-21 14:42:05,598 - INFO -   训练损失: 12.88 | 验证损失: 1.58
2025-11-21 14:42:05,598 - INFO -   (前30个epoch仅计算loss，跳过mAP评估)
2025-11-21 14:42:05,598 - INFO -   检测损失: 12.73
2025-11-21 14:42:05,598 - INFO -   MoE负载均衡损失: 3.0465
2025-11-21 14:42:05,598 - INFO -   专家使用率: [15.05%, 17.20%, 17.60%, 14.90%, 17.44%, 17.81%]
2025-11-21 14:42:05,598 - INFO -   🎉 新的最佳验证损失: 1.58
2025-11-21 14:42:06,763 - INFO - 💾 保存最新检查点: logs/moe6_rtdetr_r34_20251121_142648/latest_checkpoint.pth
2025-11-21 14:42:14,802 - INFO - Epoch 10 | Batch 0 | Loss: 12.29 (Det: 12.14, MoE: 3.0547)
2025-11-21 14:42:59,421 - INFO - Epoch 10 | Batch 50 | Loss: 11.80 (Det: 11.65, MoE: 3.0317)
2025-11-21 14:43:36,610 - INFO - Epoch 10:
2025-11-21 14:43:36,611 - INFO -   训练损失: 12.19 | 验证损失: 1.43
2025-11-21 14:43:36,611 - INFO -   (前30个epoch仅计算loss，跳过mAP评估)
2025-11-21 14:43:36,611 - INFO -   检测损失: 12.04
2025-11-21 14:43:36,611 - INFO -   MoE负载均衡损失: 3.0356
2025-11-21 14:43:36,611 - INFO -   专家使用率: [14.80%, 16.98%, 18.03%, 15.68%, 17.08%, 17.43%]
2025-11-21 14:43:36,611 - INFO -   🎉 新的最佳验证损失: 1.43
2025-11-21 14:43:38,086 - INFO - 💾 保存最新检查点: logs/moe6_rtdetr_r34_20251121_142648/latest_checkpoint.pth
2025-11-21 14:43:44,623 - INFO - Epoch 11 | Batch 0 | Loss: 11.71 (Det: 11.56, MoE: 3.0531)
2025-11-21 14:44:29,220 - INFO - Epoch 11 | Batch 50 | Loss: 11.66 (Det: 11.51, MoE: 3.0182)
2025-11-21 14:45:06,053 - INFO - Epoch 11:
2025-11-21 14:45:06,053 - INFO -   训练损失: 11.59 | 验证损失: 1.33
2025-11-21 14:45:06,053 - INFO -   (前30个epoch仅计算loss，跳过mAP评估)
2025-11-21 14:45:06,053 - INFO -   检测损失: 11.44
2025-11-21 14:45:06,053 - INFO -   MoE负载均衡损失: 3.0197
2025-11-21 14:45:06,053 - INFO -   专家使用率: [15.50%, 17.01%, 17.33%, 15.91%, 17.65%, 16.60%]
2025-11-21 14:45:06,053 - INFO -   🎉 新的最佳验证损失: 1.33
2025-11-21 14:45:07,423 - INFO - 💾 保存最新检查点: logs/moe6_rtdetr_r34_20251121_142648/latest_checkpoint.pth
2025-11-21 14:45:12,794 - INFO - Epoch 12 | Batch 0 | Loss: 11.37 (Det: 11.22, MoE: 3.0086)
2025-11-21 14:45:57,262 - INFO - Epoch 12 | Batch 50 | Loss: 10.84 (Det: 10.69, MoE: 3.0005)
2025-11-21 14:46:34,081 - INFO - Epoch 12:
2025-11-21 14:46:34,081 - INFO -   训练损失: 10.95 | 验证损失: 1.23
2025-11-21 14:46:34,081 - INFO -   (前30个epoch仅计算loss，跳过mAP评估)
2025-11-21 14:46:34,081 - INFO -   检测损失: 10.80
2025-11-21 14:46:34,081 - INFO -   MoE负载均衡损失: 3.0061
2025-11-21 14:46:34,081 - INFO -   专家使用率: [15.92%, 16.54%, 17.20%, 15.99%, 18.34%, 16.02%]
2025-11-21 14:46:34,081 - INFO -   🎉 新的最佳验证损失: 1.23
2025-11-21 14:46:35,306 - INFO - 💾 保存最新检查点: logs/moe6_rtdetr_r34_20251121_142648/latest_checkpoint.pth
2025-11-21 14:46:41,895 - INFO - Epoch 13 | Batch 0 | Loss: 10.43 (Det: 10.28, MoE: 2.9885)
2025-11-21 14:47:26,175 - INFO - Epoch 13 | Batch 50 | Loss: 10.38 (Det: 10.23, MoE: 3.0042)
2025-11-21 14:48:03,350 - INFO - Epoch 13:
2025-11-21 14:48:03,351 - INFO -   训练损失: 10.28 | 验证损失: 1.16
2025-11-21 14:48:03,351 - INFO -   (前30个epoch仅计算loss，跳过mAP评估)
2025-11-21 14:48:03,351 - INFO -   检测损失: 10.13
2025-11-21 14:48:03,351 - INFO -   MoE负载均衡损失: 3.0075
2025-11-21 14:48:03,351 - INFO -   专家使用率: [15.77%, 16.56%, 17.17%, 16.04%, 18.31%, 16.15%]
2025-11-21 14:48:03,351 - INFO -   🎉 新的最佳验证损失: 1.16
2025-11-21 14:48:04,592 - INFO - 💾 保存最新检查点: logs/moe6_rtdetr_r34_20251121_142648/latest_checkpoint.pth
2025-11-21 14:48:12,235 - INFO - Epoch 14 | Batch 0 | Loss: 9.98 (Det: 9.83, MoE: 2.9898)
2025-11-21 14:48:57,123 - INFO - Epoch 14 | Batch 50 | Loss: 9.92 (Det: 9.77, MoE: 2.9991)
2025-11-21 14:49:34,972 - INFO - Epoch 14:
2025-11-21 14:49:34,972 - INFO -   训练损失: 9.96 | 验证损失: 1.12
2025-11-21 14:49:34,972 - INFO -   (前30个epoch仅计算loss，跳过mAP评估)
2025-11-21 14:49:34,972 - INFO -   检测损失: 9.81
2025-11-21 14:49:34,972 - INFO -   MoE负载均衡损失: 3.0029
2025-11-21 14:49:34,972 - INFO -   专家使用率: [15.73%, 16.32%, 17.20%, 16.20%, 18.22%, 16.34%]
2025-11-21 14:49:34,972 - INFO -   🎉 新的最佳验证损失: 1.12
2025-11-21 14:49:36,173 - INFO - 💾 保存最新检查点: logs/moe6_rtdetr_r34_20251121_142648/latest_checkpoint.pth
2025-11-21 14:49:43,835 - INFO - Epoch 15 | Batch 0 | Loss: 9.75 (Det: 9.60, MoE: 2.9935)
2025-11-21 14:50:28,025 - INFO - Epoch 15 | Batch 50 | Loss: 9.73 (Det: 9.58, MoE: 3.0011)
2025-11-21 14:51:04,997 - INFO - Epoch 15:
2025-11-21 14:51:04,997 - INFO -   训练损失: 9.73 | 验证损失: 1.10
2025-11-21 14:51:04,997 - INFO -   (前30个epoch仅计算loss，跳过mAP评估)
2025-11-21 14:51:04,997 - INFO -   检测损失: 9.58
2025-11-21 14:51:04,997 - INFO -   MoE负载均衡损失: 3.0011
2025-11-21 14:51:04,997 - INFO -   专家使用率: [16.10%, 16.17%, 17.00%, 16.23%, 17.90%, 16.60%]
2025-11-21 14:51:04,997 - INFO -   🎉 新的最佳验证损失: 1.10
2025-11-21 14:51:06,382 - INFO - 💾 保存最新检查点: logs/moe6_rtdetr_r34_20251121_142648/latest_checkpoint.pth
2025-11-21 14:51:14,480 - INFO - Epoch 16 | Batch 0 | Loss: 9.76 (Det: 9.61, MoE: 2.9946)
2025-11-21 14:51:58,484 - INFO - Epoch 16 | Batch 50 | Loss: 9.69 (Det: 9.54, MoE: 3.0048)
2025-11-21 14:52:36,305 - INFO - Epoch 16:
2025-11-21 14:52:36,305 - INFO -   训练损失: 9.52 | 验证损失: 1.07
2025-11-21 14:52:36,305 - INFO -   (前30个epoch仅计算loss，跳过mAP评估)
2025-11-21 14:52:36,305 - INFO -   检测损失: 9.37
2025-11-21 14:52:36,305 - INFO -   MoE负载均衡损失: 3.0044
2025-11-21 14:52:36,305 - INFO -   专家使用率: [16.06%, 16.40%, 16.93%, 16.15%, 17.66%, 16.79%]
2025-11-21 14:52:36,305 - INFO -   🎉 新的最佳验证损失: 1.07
2025-11-21 14:52:37,446 - INFO - 💾 保存最新检查点: logs/moe6_rtdetr_r34_20251121_142648/latest_checkpoint.pth
2025-11-21 14:52:44,626 - INFO - Epoch 17 | Batch 0 | Loss: 9.54 (Det: 9.39, MoE: 2.9921)
2025-11-21 14:53:28,524 - INFO - Epoch 17 | Batch 50 | Loss: 9.24 (Det: 9.09, MoE: 3.0032)
2025-11-21 14:54:05,981 - INFO - Epoch 17:
2025-11-21 14:54:05,981 - INFO -   训练损失: 9.34 | 验证损失: 1.04
2025-11-21 14:54:05,981 - INFO -   (前30个epoch仅计算loss，跳过mAP评估)
2025-11-21 14:54:05,981 - INFO -   检测损失: 9.19
2025-11-21 14:54:05,981 - INFO -   MoE负载均衡损失: 3.0051
2025-11-21 14:54:05,981 - INFO -   专家使用率: [16.17%, 16.43%, 17.07%, 16.00%, 17.34%, 16.98%]
2025-11-21 14:54:05,981 - INFO -   🎉 新的最佳验证损失: 1.04
2025-11-21 14:54:10,426 - INFO - 💾 保存最新检查点: logs/moe6_rtdetr_r34_20251121_142648/latest_checkpoint.pth
2025-11-21 14:54:17,601 - INFO - Epoch 18 | Batch 0 | Loss: 8.98 (Det: 8.83, MoE: 3.0122)
2025-11-21 14:55:01,854 - INFO - Epoch 18 | Batch 50 | Loss: 9.24 (Det: 9.09, MoE: 2.9938)
2025-11-21 14:55:38,333 - INFO - Epoch 18:
2025-11-21 14:55:38,333 - INFO -   训练损失: 9.19 | 验证损失: 1.02
2025-11-21 14:55:38,333 - INFO -   (前30个epoch仅计算loss，跳过mAP评估)
2025-11-21 14:55:38,333 - INFO -   检测损失: 9.04
2025-11-21 14:55:38,333 - INFO -   MoE负载均衡损失: 3.0058
2025-11-21 14:55:38,333 - INFO -   专家使用率: [16.09%, 16.49%, 17.20%, 16.05%, 17.39%, 16.78%]
2025-11-21 14:55:38,333 - INFO -   🎉 新的最佳验证损失: 1.02
2025-11-21 14:55:39,534 - INFO - 💾 保存最新检查点: logs/moe6_rtdetr_r34_20251121_142648/latest_checkpoint.pth
2025-11-21 14:55:47,580 - INFO - Epoch 19 | Batch 0 | Loss: 9.03 (Det: 8.88, MoE: 3.0111)
2025-11-21 14:56:31,714 - INFO - Epoch 19 | Batch 50 | Loss: 9.11 (Det: 8.96, MoE: 3.0148)
2025-11-21 14:57:09,590 - INFO - Epoch 19:
2025-11-21 14:57:09,590 - INFO -   训练损失: 9.08 | 验证损失: 1.01
2025-11-21 14:57:09,590 - INFO -   (前30个epoch仅计算loss，跳过mAP评估)
2025-11-21 14:57:09,590 - INFO -   检测损失: 8.93
2025-11-21 14:57:09,590 - INFO -   MoE负载均衡损失: 3.0040
2025-11-21 14:57:09,590 - INFO -   专家使用率: [16.29%, 16.51%, 17.34%, 15.91%, 17.22%, 16.74%]
2025-11-21 14:57:09,590 - INFO -   🎉 新的最佳验证损失: 1.01
2025-11-21 14:57:10,869 - INFO - 💾 保存最新检查点: logs/moe6_rtdetr_r34_20251121_142648/latest_checkpoint.pth
2025-11-21 14:57:18,402 - INFO - Epoch 20 | Batch 0 | Loss: 9.25 (Det: 9.10, MoE: 2.9929)
2025-11-21 14:58:02,572 - INFO - Epoch 20 | Batch 50 | Loss: 9.06 (Det: 8.91, MoE: 3.0041)
2025-11-21 14:58:40,854 - INFO - Epoch 20:
2025-11-21 14:58:40,854 - INFO -   训练损失: 8.98 | 验证损失: 0.98
2025-11-21 14:58:40,854 - INFO -   (前30个epoch仅计算loss，跳过mAP评估)
2025-11-21 14:58:40,854 - INFO -   检测损失: 8.83
2025-11-21 14:58:40,854 - INFO -   MoE负载均衡损失: 3.0079
2025-11-21 14:58:40,854 - INFO -   专家使用率: [16.30%, 16.49%, 17.35%, 15.93%, 17.12%, 16.81%]
2025-11-21 14:58:40,854 - INFO -   🎉 新的最佳验证损失: 0.98
2025-11-21 14:58:42,049 - INFO - 💾 保存最新检查点: logs/moe6_rtdetr_r34_20251121_142648/latest_checkpoint.pth
2025-11-21 14:58:49,032 - INFO - Epoch 21 | Batch 0 | Loss: 8.94 (Det: 8.79, MoE: 3.0048)
2025-11-21 14:59:33,342 - INFO - Epoch 21 | Batch 50 | Loss: 8.82 (Det: 8.67, MoE: 3.0090)
2025-11-21 15:00:10,503 - INFO - Epoch 21:
2025-11-21 15:00:10,503 - INFO -   训练损失: 8.86 | 验证损失: 0.98
2025-11-21 15:00:10,503 - INFO -   (前30个epoch仅计算loss，跳过mAP评估)
2025-11-21 15:00:10,503 - INFO -   🎉 新的最佳验证损失: 0.98
2025-11-21 15:00:11,719 - INFO - 💾 保存最新检查点: logs/moe6_rtdetr_r34_20251121_142648/latest_checkpoint.pth
2025-11-21 15:00:18,598 - INFO - Epoch 22 | Batch 0 | Loss: 8.88 (Det: 8.73, MoE: 3.0101)
2025-11-21 15:01:02,519 - INFO - Epoch 22 | Batch 50 | Loss: 8.87 (Det: 8.72, MoE: 2.9990)
2025-11-21 15:01:40,324 - INFO - Epoch 22:
2025-11-21 15:01:40,324 - INFO -   训练损失: 8.80 | 验证损失: 0.96
2025-11-21 15:01:40,324 - INFO -   (前30个epoch仅计算loss，跳过mAP评估)
2025-11-21 15:01:40,324 - INFO -   🎉 新的最佳验证损失: 0.96
2025-11-21 15:01:41,664 - INFO - 💾 保存最新检查点: logs/moe6_rtdetr_r34_20251121_142648/latest_checkpoint.pth
2025-11-21 15:01:48,657 - INFO - Epoch 23 | Batch 0 | Loss: 8.82 (Det: 8.67, MoE: 3.0002)
2025-11-21 15:02:32,910 - INFO - Epoch 23 | Batch 50 | Loss: 8.61 (Det: 8.46, MoE: 3.0079)
2025-11-21 15:03:09,875 - INFO - Epoch 23:
2025-11-21 15:03:09,875 - INFO -   训练损失: 8.69 | 验证损失: 0.96
2025-11-21 15:03:09,875 - INFO -   (前30个epoch仅计算loss，跳过mAP评估)
2025-11-21 15:03:09,875 - INFO -   🎉 新的最佳验证损失: 0.96
2025-11-21 15:03:11,105 - INFO - 💾 保存最新检查点: logs/moe6_rtdetr_r34_20251121_142648/latest_checkpoint.pth
2025-11-21 15:03:18,286 - INFO - Epoch 24 | Batch 0 | Loss: 8.58 (Det: 8.43, MoE: 2.9917)
2025-11-21 15:04:02,067 - INFO - Epoch 24 | Batch 50 | Loss: 8.50 (Det: 8.35, MoE: 3.0114)
2025-11-21 15:04:38,794 - INFO - Epoch 24:
2025-11-21 15:04:38,794 - INFO -   训练损失: 8.60 | 验证损失: 0.95
2025-11-21 15:04:38,794 - INFO -   (前30个epoch仅计算loss，跳过mAP评估)
2025-11-21 15:04:38,794 - INFO -   🎉 新的最佳验证损失: 0.95
2025-11-21 15:04:40,087 - INFO - 💾 保存最新检查点: logs/moe6_rtdetr_r34_20251121_142648/latest_checkpoint.pth
2025-11-21 15:04:46,803 - INFO - Epoch 25 | Batch 0 | Loss: 8.51 (Det: 8.36, MoE: 3.0112)
2025-11-21 15:05:30,583 - INFO - Epoch 25 | Batch 50 | Loss: 8.63 (Det: 8.48, MoE: 2.9876)
2025-11-21 15:06:08,511 - INFO - Epoch 25:
2025-11-21 15:06:08,511 - INFO -   训练损失: 8.43 | 验证损失: 0.93
2025-11-21 15:06:08,512 - INFO -   (前30个epoch仅计算loss，跳过mAP评估)
2025-11-21 15:06:08,512 - INFO -   检测损失: 8.28
2025-11-21 15:06:08,512 - INFO -   MoE负载均衡损失: 3.0030
2025-11-21 15:06:08,512 - INFO -   专家使用率: [16.56%, 16.43%, 17.27%, 16.27%, 16.68%, 16.80%]
2025-11-21 15:06:08,512 - INFO -   🎉 新的最佳验证损失: 0.93
2025-11-21 15:06:09,723 - INFO - 💾 保存最新检查点: logs/moe6_rtdetr_r34_20251121_142648/latest_checkpoint.pth
2025-11-21 15:06:16,255 - INFO - Epoch 26 | Batch 0 | Loss: 8.46 (Det: 8.31, MoE: 2.9968)
2025-11-21 15:07:01,223 - INFO - Epoch 26 | Batch 50 | Loss: 8.26 (Det: 8.11, MoE: 3.0287)
2025-11-21 15:07:38,082 - INFO - Epoch 26:
2025-11-21 15:07:38,083 - INFO -   训练损失: 8.32 | 验证损失: 0.93
2025-11-21 15:07:38,083 - INFO -   (前30个epoch仅计算loss，跳过mAP评估)
2025-11-21 15:07:38,083 - INFO -   🎉 新的最佳验证损失: 0.93
2025-11-21 15:07:39,331 - INFO - 💾 保存最新检查点: logs/moe6_rtdetr_r34_20251121_142648/latest_checkpoint.pth
2025-11-21 15:07:46,891 - INFO - Epoch 27 | Batch 0 | Loss: 8.00 (Det: 7.85, MoE: 3.0021)
2025-11-21 15:08:30,505 - INFO - Epoch 27 | Batch 50 | Loss: 8.30 (Det: 8.15, MoE: 3.0031)
2025-11-21 15:09:07,844 - INFO - Epoch 27:
2025-11-21 15:09:07,845 - INFO -   训练损失: 8.24 | 验证损失: 0.94
2025-11-21 15:09:07,845 - INFO -   (前30个epoch仅计算loss，跳过mAP评估)
2025-11-21 15:09:09,131 - INFO - 💾 保存最新检查点: logs/moe6_rtdetr_r34_20251121_142648/latest_checkpoint.pth
2025-11-21 15:09:13,777 - INFO - Epoch 28 | Batch 0 | Loss: 8.03 (Det: 7.88, MoE: 2.9954)
2025-11-21 15:10:00,060 - INFO - Epoch 28 | Batch 50 | Loss: 8.31 (Det: 8.16, MoE: 3.0033)
2025-11-21 15:10:37,420 - INFO - Epoch 28:
2025-11-21 15:10:37,421 - INFO -   训练损失: 8.17 | 验证损失: 0.92
2025-11-21 15:10:37,421 - INFO -   (前30个epoch仅计算loss，跳过mAP评估)
2025-11-21 15:10:37,421 - INFO -   🎉 新的最佳验证损失: 0.92
2025-11-21 15:10:38,872 - INFO - 💾 保存最新检查点: logs/moe6_rtdetr_r34_20251121_142648/latest_checkpoint.pth
2025-11-21 15:10:45,005 - INFO - Epoch 29 | Batch 0 | Loss: 8.07 (Det: 7.92, MoE: 3.0156)
2025-11-21 15:11:29,701 - INFO - Epoch 29 | Batch 50 | Loss: 8.42 (Det: 8.27, MoE: 3.0033)
2025-11-21 15:12:05,496 - INFO - Epoch 29:
2025-11-21 15:12:05,497 - INFO -   训练损失: 8.11 | 验证损失: 0.92
2025-11-21 15:12:05,497 - INFO -   (前30个epoch仅计算loss，跳过mAP评估)
2025-11-21 15:12:06,687 - INFO - 💾 保存最新检查点: logs/moe6_rtdetr_r34_20251121_142648/latest_checkpoint.pth
2025-11-21 15:12:14,075 - INFO - Epoch 30 | Batch 0 | Loss: 7.99 (Det: 7.84, MoE: 3.0121)
2025-11-21 15:12:58,281 - INFO - Epoch 30 | Batch 50 | Loss: 8.20 (Det: 8.05, MoE: 3.0060)
2025-11-21 15:14:14,734 - INFO - Epoch 30:
2025-11-21 15:14:14,734 - INFO -   训练损失: 8.06 | 验证损失: 0.92
2025-11-21 15:14:14,735 - INFO -   预测/目标: 201600/93434
2025-11-21 15:14:14,735 - INFO -   检测损失: 7.91
2025-11-21 15:14:14,735 - INFO -   MoE负载均衡损失: 3.0048
2025-11-21 15:14:14,735 - INFO -   专家使用率: [16.81%, 16.52%, 17.21%, 16.29%, 16.54%, 16.62%]
2025-11-21 15:14:14,735 - INFO -   🎉 新的最佳验证损失: 0.92
2025-11-21 15:14:14,735 - INFO -   🎉 新的最佳mAP: 0.5575
2025-11-21 15:14:15,900 - INFO - 💾 保存最佳模型: logs/moe6_rtdetr_r34_20251121_142648/best_model.pth
2025-11-21 15:15:08,747 - INFO -   每个类别的 mAP@0.5:0.95:
2025-11-21 15:15:08,747 - INFO -     Car         : 0.7590
2025-11-21 15:15:08,747 - INFO -     Truck       : 0.4691
2025-11-21 15:15:08,747 - INFO -     Van         : 0.4537
2025-11-21 15:15:08,747 - INFO -     Bus         : 0.7576
2025-11-21 15:15:08,747 - INFO -     Pedestrian  : 0.4117
2025-11-21 15:15:08,747 - INFO -     Cyclist     : 0.5221
2025-11-21 15:15:08,747 - INFO -     Motorcyclist: 0.4618
2025-11-21 15:15:08,747 - INFO -     Trafficcone : 0.6249
2025-11-21 15:15:08,963 - INFO -   mAP_0.5_0.95 提升到 0.5575 (最佳epoch: 30)
2025-11-21 15:15:10,200 - INFO - 💾 保存最新检查点: logs/moe6_rtdetr_r34_20251121_142648/latest_checkpoint.pth
2025-11-21 15:15:15,179 - INFO - Epoch 31 | Batch 0 | Loss: 8.25 (Det: 8.10, MoE: 2.9950)
2025-11-21 15:16:00,431 - INFO - Epoch 31 | Batch 50 | Loss: 7.94 (Det: 7.79, MoE: 3.0001)
2025-11-21 15:17:18,155 - INFO - Epoch 31:
2025-11-21 15:17:18,157 - INFO -   训练损失: 7.98 | 验证损失: 0.90
2025-11-21 15:17:18,157 - INFO -   预测/目标: 201600/93434
2025-11-21 15:17:18,157 - INFO -   🎉 新的最佳验证损失: 0.90
2025-11-21 15:17:18,157 - INFO -   🎉 新的最佳mAP: 0.5641
2025-11-21 15:17:19,345 - INFO - 💾 保存最佳模型: logs/moe6_rtdetr_r34_20251121_142648/best_model.pth
2025-11-21 15:18:12,345 - INFO -   每个类别的 mAP@0.5:0.95:
2025-11-21 15:18:12,345 - INFO -     Car         : 0.7630
2025-11-21 15:18:12,345 - INFO -     Truck       : 0.4670
2025-11-21 15:18:12,345 - INFO -     Van         : 0.4829
2025-11-21 15:18:12,345 - INFO -     Bus         : 0.7531
2025-11-21 15:18:12,345 - INFO -     Pedestrian  : 0.4162
2025-11-21 15:18:12,345 - INFO -     Cyclist     : 0.5348
2025-11-21 15:18:12,345 - INFO -     Motorcyclist: 0.4689
2025-11-21 15:18:12,345 - INFO -     Trafficcone : 0.6272
2025-11-21 15:18:12,552 - INFO -   mAP_0.5_0.95 提升到 0.5641 (最佳epoch: 31)
2025-11-21 15:18:13,776 - INFO - 💾 保存最新检查点: logs/moe6_rtdetr_r34_20251121_142648/latest_checkpoint.pth
2025-11-21 15:18:21,634 - INFO - Epoch 32 | Batch 0 | Loss: 7.78 (Det: 7.63, MoE: 3.0001)
2025-11-21 15:19:05,744 - INFO - Epoch 32 | Batch 50 | Loss: 7.98 (Det: 7.83, MoE: 3.0017)
2025-11-21 15:20:21,723 - INFO - Epoch 32:
2025-11-21 15:20:21,724 - INFO -   训练损失: 7.94 | 验证损失: 0.90
2025-11-21 15:20:21,724 - INFO -   预测/目标: 201600/93434
2025-11-21 15:20:21,724 - INFO -   🎉 新的最佳验证损失: 0.90
2025-11-21 15:20:21,724 - INFO -   🎉 新的最佳mAP: 0.5690
2025-11-21 15:20:22,946 - INFO - 💾 保存最佳模型: logs/moe6_rtdetr_r34_20251121_142648/best_model.pth
2025-11-21 15:21:16,131 - INFO -   每个类别的 mAP@0.5:0.95:
2025-11-21 15:21:16,131 - INFO -     Car         : 0.7637
2025-11-21 15:21:16,131 - INFO -     Truck       : 0.4799
2025-11-21 15:21:16,131 - INFO -     Van         : 0.4919
2025-11-21 15:21:16,131 - INFO -     Bus         : 0.7557
2025-11-21 15:21:16,131 - INFO -     Pedestrian  : 0.4220
2025-11-21 15:21:16,131 - INFO -     Cyclist     : 0.5359
2025-11-21 15:21:16,131 - INFO -     Motorcyclist: 0.4747
2025-11-21 15:21:16,131 - INFO -     Trafficcone : 0.6283
2025-11-21 15:21:16,343 - INFO -   mAP_0.5_0.95 提升到 0.5690 (最佳epoch: 32)
2025-11-21 15:21:17,291 - INFO - 💾 保存最新检查点: logs/moe6_rtdetr_r34_20251121_142648/latest_checkpoint.pth
2025-11-21 15:21:24,865 - INFO - Epoch 33 | Batch 0 | Loss: 7.96 (Det: 7.81, MoE: 2.9945)
2025-11-21 15:22:08,707 - INFO - Epoch 33 | Batch 50 | Loss: 7.87 (Det: 7.72, MoE: 2.9982)
2025-11-21 15:23:26,959 - INFO - Epoch 33:
2025-11-21 15:23:26,960 - INFO -   训练损失: 7.88 | 验证损失: 0.89
2025-11-21 15:23:26,960 - INFO -   预测/目标: 201600/93434
2025-11-21 15:23:26,960 - INFO -   🎉 新的最佳验证损失: 0.89
2025-11-21 15:23:26,960 - INFO -   🎉 新的最佳mAP: 0.5712
2025-11-21 15:23:28,185 - INFO - 💾 保存最佳模型: logs/moe6_rtdetr_r34_20251121_142648/best_model.pth
2025-11-21 15:24:22,112 - INFO -   每个类别的 mAP@0.5:0.95:
2025-11-21 15:24:22,113 - INFO -     Car         : 0.7642
2025-11-21 15:24:22,113 - INFO -     Truck       : 0.4804
2025-11-21 15:24:22,113 - INFO -     Van         : 0.5064
2025-11-21 15:24:22,113 - INFO -     Bus         : 0.7581
2025-11-21 15:24:22,113 - INFO -     Pedestrian  : 0.4200
2025-11-21 15:24:22,113 - INFO -     Cyclist     : 0.5411
2025-11-21 15:24:22,113 - INFO -     Motorcyclist: 0.4739
2025-11-21 15:24:22,113 - INFO -     Trafficcone : 0.6251
2025-11-21 15:24:22,324 - INFO -   mAP_0.5_0.95 提升到 0.5712 (最佳epoch: 33)
2025-11-21 15:24:23,521 - INFO - 💾 保存最新检查点: logs/moe6_rtdetr_r34_20251121_142648/latest_checkpoint.pth
2025-11-21 15:24:29,782 - INFO - Epoch 34 | Batch 0 | Loss: 7.89 (Det: 7.74, MoE: 2.9966)
2025-11-21 15:25:13,746 - INFO - Epoch 34 | Batch 50 | Loss: 7.79 (Det: 7.64, MoE: 3.0145)
2025-11-21 15:26:30,404 - INFO - Epoch 34:
2025-11-21 15:26:30,406 - INFO -   训练损失: 7.82 | 验证损失: 0.90
2025-11-21 15:26:30,406 - INFO -   预测/目标: 201600/93434
2025-11-21 15:26:30,406 - INFO -   🎉 新的最佳mAP: 0.5726
2025-11-21 15:26:31,776 - INFO - 💾 保存最佳模型: logs/moe6_rtdetr_r34_20251121_142648/best_model.pth
2025-11-21 15:27:25,305 - INFO -   每个类别的 mAP@0.5:0.95:
2025-11-21 15:27:25,305 - INFO -     Car         : 0.7676
2025-11-21 15:27:25,305 - INFO -     Truck       : 0.4794
2025-11-21 15:27:25,305 - INFO -     Van         : 0.5067
2025-11-21 15:27:25,305 - INFO -     Bus         : 0.7497
2025-11-21 15:27:25,305 - INFO -     Pedestrian  : 0.4236
2025-11-21 15:27:25,305 - INFO -     Cyclist     : 0.5470
2025-11-21 15:27:25,305 - INFO -     Motorcyclist: 0.4776
2025-11-21 15:27:25,305 - INFO -     Trafficcone : 0.6294
2025-11-21 15:27:25,517 - INFO -   mAP_0.5_0.95 提升到 0.5726 (最佳epoch: 34)
2025-11-21 15:27:26,725 - INFO - 💾 保存最新检查点: logs/moe6_rtdetr_r34_20251121_142648/latest_checkpoint.pth
2025-11-21 15:27:32,725 - INFO - Epoch 35 | Batch 0 | Loss: 7.87 (Det: 7.72, MoE: 3.0035)
2025-11-21 15:28:17,382 - INFO - Epoch 35 | Batch 50 | Loss: 7.87 (Det: 7.72, MoE: 2.9965)
2025-11-21 15:29:32,596 - INFO - Epoch 35:
2025-11-21 15:29:32,597 - INFO -   训练损失: 7.75 | 验证损失: 0.89
2025-11-21 15:29:32,597 - INFO -   预测/目标: 201600/93434
2025-11-21 15:29:32,597 - INFO -   检测损失: 7.60
2025-11-21 15:29:32,597 - INFO -   MoE负载均衡损失: 3.0048
2025-11-21 15:29:32,597 - INFO -   专家使用率: [16.85%, 16.72%, 17.12%, 16.24%, 16.53%, 16.53%]
2025-11-21 15:29:32,597 - INFO -   🎉 新的最佳验证损失: 0.89
2025-11-21 15:29:32,597 - INFO -   🎉 新的最佳mAP: 0.5774
2025-11-21 15:29:33,748 - INFO - 💾 保存最佳模型: logs/moe6_rtdetr_r34_20251121_142648/best_model.pth
2025-11-21 15:30:26,853 - INFO -   每个类别的 mAP@0.5:0.95:
2025-11-21 15:30:26,853 - INFO -     Car         : 0.7689
2025-11-21 15:30:26,853 - INFO -     Truck       : 0.4875
2025-11-21 15:30:26,853 - INFO -     Van         : 0.5160
2025-11-21 15:30:26,853 - INFO -     Bus         : 0.7581
2025-11-21 15:30:26,853 - INFO -     Pedestrian  : 0.4279
2025-11-21 15:30:26,853 - INFO -     Cyclist     : 0.5544
2025-11-21 15:30:26,853 - INFO -     Motorcyclist: 0.4772
2025-11-21 15:30:26,853 - INFO -     Trafficcone : 0.6294
2025-11-21 15:30:27,055 - INFO -   mAP_0.5_0.95 提升到 0.5774 (最佳epoch: 35)
2025-11-21 15:30:28,265 - INFO - 💾 保存最新检查点: logs/moe6_rtdetr_r34_20251121_142648/latest_checkpoint.pth
2025-11-21 15:30:33,234 - INFO - Epoch 36 | Batch 0 | Loss: 7.52 (Det: 7.37, MoE: 2.9994)
2025-11-21 15:31:18,838 - INFO - Epoch 36 | Batch 50 | Loss: 7.52 (Det: 7.37, MoE: 3.0017)
2025-11-21 15:32:34,281 - INFO - Epoch 36:
2025-11-21 15:32:34,282 - INFO -   训练损失: 7.71 | 验证损失: 0.89
2025-11-21 15:32:34,282 - INFO -   预测/目标: 201600/93434
2025-11-21 15:32:34,282 - INFO -   🎉 新的最佳验证损失: 0.89
2025-11-21 15:32:34,282 - INFO -   🎉 新的最佳mAP: 0.5830
2025-11-21 15:32:35,452 - INFO - 💾 保存最佳模型: logs/moe6_rtdetr_r34_20251121_142648/best_model.pth
2025-11-21 15:33:28,947 - INFO -   每个类别的 mAP@0.5:0.95:
2025-11-21 15:33:28,948 - INFO -     Car         : 0.7689
2025-11-21 15:33:28,948 - INFO -     Truck       : 0.4940
2025-11-21 15:33:28,948 - INFO -     Van         : 0.5379
2025-11-21 15:33:28,948 - INFO -     Bus         : 0.7607
2025-11-21 15:33:28,948 - INFO -     Pedestrian  : 0.4295
2025-11-21 15:33:28,948 - INFO -     Cyclist     : 0.5592
2025-11-21 15:33:28,948 - INFO -     Motorcyclist: 0.4845
2025-11-21 15:33:28,948 - INFO -     Trafficcone : 0.6296
2025-11-21 15:33:29,140 - INFO -   mAP_0.5_0.95 提升到 0.5830 (最佳epoch: 36)
2025-11-21 15:33:30,335 - INFO - 💾 保存最新检查点: logs/moe6_rtdetr_r34_20251121_142648/latest_checkpoint.pth
2025-11-21 15:33:36,801 - INFO - Epoch 37 | Batch 0 | Loss: 7.74 (Det: 7.59, MoE: 3.0052)
2025-11-21 15:34:20,314 - INFO - Epoch 37 | Batch 50 | Loss: 7.28 (Det: 7.13, MoE: 3.0143)
2025-11-21 15:35:37,327 - INFO - Epoch 37:
2025-11-21 15:35:37,327 - INFO -   训练损失: 7.64 | 验证损失: 0.89
2025-11-21 15:35:37,328 - INFO -   预测/目标: 201600/93434
2025-11-21 15:35:37,328 - INFO -   ⏳ mAP_0.5_0.95 无改善 (1/35), 最佳值: 0.5830 (epoch 36)
2025-11-21 15:35:38,493 - INFO - 💾 保存最新检查点: logs/moe6_rtdetr_r34_20251121_142648/latest_checkpoint.pth
2025-11-21 15:35:43,569 - INFO - Epoch 38 | Batch 0 | Loss: 7.57 (Det: 7.42, MoE: 2.9922)
2025-11-21 15:36:29,477 - INFO - Epoch 38 | Batch 50 | Loss: 7.67 (Det: 7.52, MoE: 3.0091)
2025-11-21 15:37:45,550 - INFO - Epoch 38:
2025-11-21 15:37:45,551 - INFO -   训练损失: 7.60 | 验证损失: 0.89
2025-11-21 15:37:45,551 - INFO -   预测/目标: 201600/93434
2025-11-21 15:37:45,551 - INFO -   🎉 新的最佳验证损失: 0.89
2025-11-21 15:37:45,551 - INFO -   🎉 新的最佳mAP: 0.5831
2025-11-21 15:37:46,794 - INFO - 💾 保存最佳模型: logs/moe6_rtdetr_r34_20251121_142648/best_model.pth
2025-11-21 15:38:40,196 - INFO -   每个类别的 mAP@0.5:0.95:
2025-11-21 15:38:40,196 - INFO -     Car         : 0.7675
2025-11-21 15:38:40,196 - INFO -     Truck       : 0.4912
2025-11-21 15:38:40,196 - INFO -     Van         : 0.5304
2025-11-21 15:38:40,196 - INFO -     Bus         : 0.7636
2025-11-21 15:38:40,197 - INFO -     Pedestrian  : 0.4329
2025-11-21 15:38:40,197 - INFO -     Cyclist     : 0.5625
2025-11-21 15:38:40,197 - INFO -     Motorcyclist: 0.4867
2025-11-21 15:38:40,197 - INFO -     Trafficcone : 0.6301
2025-11-21 15:38:40,400 - INFO -   ⏳ mAP_0.5_0.95 无改善 (2/35), 最佳值: 0.5830 (epoch 36)
2025-11-21 15:38:41,607 - INFO - 💾 保存最新检查点: logs/moe6_rtdetr_r34_20251121_142648/latest_checkpoint.pth
2025-11-21 15:38:48,304 - INFO - Epoch 39 | Batch 0 | Loss: 7.60 (Det: 7.45, MoE: 3.0127)
2025-11-21 15:39:32,787 - INFO - Epoch 39 | Batch 50 | Loss: 7.60 (Det: 7.45, MoE: 2.9970)
2025-11-21 15:40:50,301 - INFO - Epoch 39:
2025-11-21 15:40:50,302 - INFO -   训练损失: 7.56 | 验证损失: 0.88
2025-11-21 15:40:50,302 - INFO -   预测/目标: 201600/93434
2025-11-21 15:40:50,302 - INFO -   🎉 新的最佳验证损失: 0.88
2025-11-21 15:40:50,302 - INFO -   🎉 新的最佳mAP: 0.5889
2025-11-21 15:40:51,451 - INFO - 💾 保存最佳模型: logs/moe6_rtdetr_r34_20251121_142648/best_model.pth
