2025-12-16 14:10:23,247 - INFO - ✓ 配置已保存到: logs/yolo_v8s_20251216_141023/config.yaml
2025-12-16 14:10:23,247 - INFO - ✓ 初始化YOLOv8训练器
2025-12-16 14:10:23,247 - INFO -   类别数量: 8
2025-12-16 14:10:23,247 - INFO -   类别: Car, Truck, Van, Bus, Pedestrian, Cyclist, Motorcyclist, Trafficcone
2025-12-16 14:10:23,249 - INFO - ✓ 配置已保存到: logs/yolo_v8s_20251216_141023/config.yaml
2025-12-16 14:10:23,249 - INFO - ================================================================================
2025-12-16 14:10:23,249 - INFO - 🚀 开始YOLOv8训练
2025-12-16 14:10:23,249 - INFO - ================================================================================
2025-12-16 14:10:23,249 - INFO - ✓ 加载预训练权重: /root/autodl-tmp/DSET/experiments/yolov8/pretrained/yolov8s.pt
2025-12-16 14:10:23,313 - INFO -   模型将在训练时自动适配 8 类（从data.yaml读取）
2025-12-16 14:10:23,313 - INFO - 📝 训练配置:
2025-12-16 14:10:23,313 - INFO -   数据集路径: /root/autodl-tmp/datasets/DAIR-V2X_YOLO/dairv2x.yaml
2025-12-16 14:10:23,313 - INFO -   训练轮数: 200
2025-12-16 14:10:23,313 - INFO -   批次大小: 32
2025-12-16 14:10:23,313 - INFO -   优化器: auto
2025-12-16 14:10:23,313 - INFO -   初始学习率: 0.01
2025-12-16 14:10:23,313 - INFO -   Weight decay: 0.0005
2025-12-16 14:10:23,313 - INFO -   输出目录: logs/yolo_v8s_20251216_141023
2025-12-16 14:10:23,313 - INFO -   预训练权重: pretrained/yolov8s.pt
2025-12-16 14:10:23,313 - INFO - ================================================================================
2025-12-16 14:10:23,313 - INFO - 训练配置摘要:
2025-12-16 14:10:23,313 - INFO -   - 训练轮数: 200
2025-12-16 14:10:23,313 - INFO -   - 批次大小: 32
2025-12-16 14:10:23,313 - INFO -   - 优化器: auto
2025-12-16 14:10:23,313 - INFO -   - 初始学习率: 0.01
2025-12-16 14:10:23,313 - INFO -   - Weight decay: 0.0005
2025-12-16 14:10:23,313 - INFO -   - Warmup轮数: 3.0
2025-12-16 14:10:23,313 - INFO -   - 设备: cuda
2025-12-16 14:10:23,313 - INFO - ================================================================================
2025-12-16 14:10:23,313 - INFO - 开始训练 200 epochs
2025-12-16 15:02:50,720 - INFO - ================================================================================
2025-12-16 15:02:50,720 - INFO - ✅ 训练完成！
2025-12-16 15:02:50,720 - INFO - ================================================================================
2025-12-16 15:02:50,727 - INFO - ================================================================================
2025-12-16 15:02:50,727 - INFO - 训练过程摘要（按RT-DETR格式）:
2025-12-16 15:02:50,727 - INFO - ================================================================================
2025-12-16 15:02:50,728 - INFO - Epoch 1:
2025-12-16 15:02:50,728 - INFO -   训练损失: 3.61 | 验证损失: 2.59
2025-12-16 15:02:50,728 - INFO -   mAP@0.5: 0.7982
2025-12-16 15:02:50,728 - INFO -   mAP@0.5:0.95: 0.5605
2025-12-16 15:02:50,728 - INFO - Epoch 2:
2025-12-16 15:02:50,728 - INFO -   训练损失: 2.56 | 验证损失: 2.48
2025-12-16 15:02:50,728 - INFO -   mAP@0.5: 0.8601
2025-12-16 15:02:50,728 - INFO -   mAP@0.5:0.95: 0.6291
2025-12-16 15:02:50,728 - INFO - Epoch 3:
2025-12-16 15:02:50,728 - INFO -   训练损失: 2.56 | 验证损失: 2.63
2025-12-16 15:02:50,728 - INFO -   mAP@0.5: 0.8480
2025-12-16 15:02:50,728 - INFO -   mAP@0.5:0.95: 0.6021
2025-12-16 15:02:50,728 - INFO - Epoch 4:
2025-12-16 15:02:50,728 - INFO -   训练损失: 2.52 | 验证损失: 2.52
2025-12-16 15:02:50,728 - INFO -   mAP@0.5: 0.8720
2025-12-16 15:02:50,728 - INFO -   mAP@0.5:0.95: 0.6280
2025-12-16 15:02:50,728 - INFO - Epoch 5:
2025-12-16 15:02:50,728 - INFO -   训练损失: 2.44 | 验证损失: 2.46
2025-12-16 15:02:50,728 - INFO -   mAP@0.5: 0.8480
2025-12-16 15:02:50,728 - INFO -   mAP@0.5:0.95: 0.6197
2025-12-16 15:02:50,728 - INFO - Epoch 6:
2025-12-16 15:02:50,728 - INFO -   训练损失: 2.39 | 验证损失: 2.38
2025-12-16 15:02:50,728 - INFO -   mAP@0.5: 0.8786
2025-12-16 15:02:50,728 - INFO -   mAP@0.5:0.95: 0.6563
2025-12-16 15:02:50,728 - INFO - Epoch 7:
2025-12-16 15:02:50,729 - INFO -   训练损失: 2.36 | 验证损失: 2.34
2025-12-16 15:02:50,729 - INFO -   mAP@0.5: 0.8870
2025-12-16 15:02:50,729 - INFO -   mAP@0.5:0.95: 0.6683
2025-12-16 15:02:50,729 - INFO - Epoch 8:
2025-12-16 15:02:50,729 - INFO -   训练损失: 2.33 | 验证损失: 2.41
2025-12-16 15:02:50,729 - INFO -   mAP@0.5: 0.8614
2025-12-16 15:02:50,729 - INFO -   mAP@0.5:0.95: 0.6316
2025-12-16 15:02:50,729 - INFO - Epoch 9:
2025-12-16 15:02:50,729 - INFO -   训练损失: 2.31 | 验证损失: 2.38
2025-12-16 15:02:50,729 - INFO -   mAP@0.5: 0.8733
2025-12-16 15:02:50,729 - INFO -   mAP@0.5:0.95: 0.6474
2025-12-16 15:02:50,729 - INFO - Epoch 10:
2025-12-16 15:02:50,729 - INFO -   训练损失: 2.30 | 验证损失: 2.42
2025-12-16 15:02:50,729 - INFO -   mAP@0.5: 0.8635
2025-12-16 15:02:50,729 - INFO -   mAP@0.5:0.95: 0.6333
2025-12-16 15:02:50,729 - INFO - Epoch 11:
2025-12-16 15:02:50,729 - INFO -   训练损失: 2.28 | 验证损失: 2.36
2025-12-16 15:02:50,729 - INFO -   mAP@0.5: 0.8787
2025-12-16 15:02:50,729 - INFO -   mAP@0.5:0.95: 0.6584
2025-12-16 15:02:50,729 - INFO - Epoch 12:
2025-12-16 15:02:50,729 - INFO -   训练损失: 2.27 | 验证损失: 2.34
2025-12-16 15:02:50,729 - INFO -   mAP@0.5: 0.8764
2025-12-16 15:02:50,729 - INFO -   mAP@0.5:0.95: 0.6578
2025-12-16 15:02:50,729 - INFO - Epoch 13:
2025-12-16 15:02:50,729 - INFO -   训练损失: 2.26 | 验证损失: 2.31
2025-12-16 15:02:50,729 - INFO -   mAP@0.5: 0.8922
2025-12-16 15:02:50,729 - INFO -   mAP@0.5:0.95: 0.6742
2025-12-16 15:02:50,729 - INFO - Epoch 14:
2025-12-16 15:02:50,729 - INFO -   训练损失: 2.25 | 验证损失: 2.33
2025-12-16 15:02:50,730 - INFO -   mAP@0.5: 0.8887
2025-12-16 15:02:50,730 - INFO -   mAP@0.5:0.95: 0.6684
2025-12-16 15:02:50,730 - INFO - Epoch 15:
2025-12-16 15:02:50,730 - INFO -   训练损失: 2.24 | 验证损失: 2.31
2025-12-16 15:02:50,730 - INFO -   mAP@0.5: 0.8823
2025-12-16 15:02:50,730 - INFO -   mAP@0.5:0.95: 0.6668
2025-12-16 15:02:50,730 - INFO - Epoch 16:
2025-12-16 15:02:50,730 - INFO -   训练损失: 2.23 | 验证损失: 2.31
2025-12-16 15:02:50,730 - INFO -   mAP@0.5: 0.8824
2025-12-16 15:02:50,730 - INFO -   mAP@0.5:0.95: 0.6622
2025-12-16 15:02:50,730 - INFO - Epoch 17:
2025-12-16 15:02:50,730 - INFO -   训练损失: 2.23 | 验证损失: 2.31
2025-12-16 15:02:50,730 - INFO -   mAP@0.5: 0.8817
2025-12-16 15:02:50,730 - INFO -   mAP@0.5:0.95: 0.6642
2025-12-16 15:02:50,730 - INFO - Epoch 18:
2025-12-16 15:02:50,730 - INFO -   训练损失: 2.22 | 验证损失: 2.36
2025-12-16 15:02:50,730 - INFO -   mAP@0.5: 0.8616
2025-12-16 15:02:50,730 - INFO -   mAP@0.5:0.95: 0.6411
2025-12-16 15:02:50,730 - INFO - Epoch 19:
2025-12-16 15:02:50,730 - INFO -   训练损失: 2.22 | 验证损失: 2.36
2025-12-16 15:02:50,730 - INFO -   mAP@0.5: 0.8675
2025-12-16 15:02:50,730 - INFO -   mAP@0.5:0.95: 0.6503
2025-12-16 15:02:50,730 - INFO - Epoch 20:
2025-12-16 15:02:50,730 - INFO -   训练损失: 2.21 | 验证损失: 2.35
2025-12-16 15:02:50,730 - INFO -   mAP@0.5: 0.8720
2025-12-16 15:02:50,730 - INFO -   mAP@0.5:0.95: 0.6528
2025-12-16 15:02:50,730 - INFO - Epoch 21:
2025-12-16 15:02:50,730 - INFO -   训练损失: 2.20 | 验证损失: 2.31
2025-12-16 15:02:50,730 - INFO -   mAP@0.5: 0.8867
2025-12-16 15:02:50,730 - INFO -   mAP@0.5:0.95: 0.6695
2025-12-16 15:02:50,731 - INFO - Epoch 22:
2025-12-16 15:02:50,731 - INFO -   训练损失: 2.20 | 验证损失: 2.31
2025-12-16 15:02:50,731 - INFO -   mAP@0.5: 0.8800
2025-12-16 15:02:50,731 - INFO -   mAP@0.5:0.95: 0.6608
2025-12-16 15:02:50,731 - INFO - Epoch 23:
2025-12-16 15:02:50,731 - INFO -   训练损失: 2.19 | 验证损失: 2.31
2025-12-16 15:02:50,731 - INFO -   mAP@0.5: 0.8821
2025-12-16 15:02:50,731 - INFO -   mAP@0.5:0.95: 0.6633
2025-12-16 15:02:50,731 - INFO - Epoch 24:
2025-12-16 15:02:50,731 - INFO -   训练损失: 2.19 | 验证损失: 2.34
2025-12-16 15:02:50,731 - INFO -   mAP@0.5: 0.8808
2025-12-16 15:02:50,731 - INFO -   mAP@0.5:0.95: 0.6586
2025-12-16 15:02:50,731 - INFO - Epoch 25:
2025-12-16 15:02:50,731 - INFO -   训练损失: 2.19 | 验证损失: 2.30
2025-12-16 15:02:50,731 - INFO -   mAP@0.5: 0.8948
2025-12-16 15:02:50,731 - INFO -   mAP@0.5:0.95: 0.6782
2025-12-16 15:02:50,731 - INFO - Epoch 26:
2025-12-16 15:02:50,731 - INFO -   训练损失: 2.18 | 验证损失: 2.32
2025-12-16 15:02:50,731 - INFO -   mAP@0.5: 0.8881
2025-12-16 15:02:50,731 - INFO -   mAP@0.5:0.95: 0.6653
2025-12-16 15:02:50,731 - INFO - Epoch 27:
2025-12-16 15:02:50,731 - INFO -   训练损失: 2.18 | 验证损失: 2.31
2025-12-16 15:02:50,731 - INFO -   mAP@0.5: 0.8879
2025-12-16 15:02:50,731 - INFO -   mAP@0.5:0.95: 0.6659
2025-12-16 15:02:50,731 - INFO - Epoch 28:
2025-12-16 15:02:50,731 - INFO -   训练损失: 2.17 | 验证损失: 2.30
2025-12-16 15:02:50,731 - INFO -   mAP@0.5: 0.8876
2025-12-16 15:02:50,731 - INFO -   mAP@0.5:0.95: 0.6700
2025-12-16 15:02:50,732 - INFO - Epoch 29:
2025-12-16 15:02:50,732 - INFO -   训练损失: 2.17 | 验证损失: 2.32
2025-12-16 15:02:50,732 - INFO -   mAP@0.5: 0.8762
2025-12-16 15:02:50,732 - INFO -   mAP@0.5:0.95: 0.6543
2025-12-16 15:02:50,732 - INFO - Epoch 30:
2025-12-16 15:02:50,732 - INFO -   训练损失: 2.17 | 验证损失: 2.33
2025-12-16 15:02:50,732 - INFO -   mAP@0.5: 0.8773
2025-12-16 15:02:50,732 - INFO -   mAP@0.5:0.95: 0.6582
2025-12-16 15:02:50,732 - INFO - Epoch 31:
2025-12-16 15:02:50,732 - INFO -   训练损失: 2.16 | 验证损失: 2.31
2025-12-16 15:02:50,732 - INFO -   mAP@0.5: 0.8825
2025-12-16 15:02:50,732 - INFO -   mAP@0.5:0.95: 0.6672
2025-12-16 15:02:50,732 - INFO - Epoch 32:
2025-12-16 15:02:50,732 - INFO -   训练损失: 2.16 | 验证损失: 2.29
2025-12-16 15:02:50,732 - INFO -   mAP@0.5: 0.8875
2025-12-16 15:02:50,732 - INFO -   mAP@0.5:0.95: 0.6757
2025-12-16 15:02:50,732 - INFO - Epoch 33:
2025-12-16 15:02:50,732 - INFO -   训练损失: 2.15 | 验证损失: 2.31
2025-12-16 15:02:50,732 - INFO -   mAP@0.5: 0.8812
2025-12-16 15:02:50,732 - INFO -   mAP@0.5:0.95: 0.6635
2025-12-16 15:02:50,732 - INFO - Epoch 34:
2025-12-16 15:02:50,732 - INFO -   训练损失: 2.15 | 验证损失: 2.32
2025-12-16 15:02:50,732 - INFO -   mAP@0.5: 0.8834
2025-12-16 15:02:50,732 - INFO -   mAP@0.5:0.95: 0.6629
2025-12-16 15:02:50,732 - INFO - Epoch 35:
2025-12-16 15:02:50,732 - INFO -   训练损失: 2.15 | 验证损失: 2.36
2025-12-16 15:02:50,732 - INFO -   mAP@0.5: 0.8649
2025-12-16 15:02:50,732 - INFO -   mAP@0.5:0.95: 0.6470
2025-12-16 15:02:50,732 - INFO - Epoch 36:
2025-12-16 15:02:50,732 - INFO -   训练损失: 2.15 | 验证损失: 2.34
2025-12-16 15:02:50,733 - INFO -   mAP@0.5: 0.8790
2025-12-16 15:02:50,733 - INFO -   mAP@0.5:0.95: 0.6561
2025-12-16 15:02:50,733 - INFO - Epoch 37:
2025-12-16 15:02:50,733 - INFO -   训练损失: 2.14 | 验证损失: 2.30
2025-12-16 15:02:50,733 - INFO -   mAP@0.5: 0.8909
2025-12-16 15:02:50,733 - INFO -   mAP@0.5:0.95: 0.6729
2025-12-16 15:02:50,733 - INFO - Epoch 38:
2025-12-16 15:02:50,733 - INFO -   训练损失: 2.14 | 验证损失: 2.29
2025-12-16 15:02:50,733 - INFO -   mAP@0.5: 0.8883
2025-12-16 15:02:50,733 - INFO -   mAP@0.5:0.95: 0.6709
2025-12-16 15:02:50,733 - INFO - Epoch 39:
2025-12-16 15:02:50,733 - INFO -   训练损失: 2.14 | 验证损失: 2.26
2025-12-16 15:02:50,733 - INFO -   mAP@0.5: 0.8959
2025-12-16 15:02:50,733 - INFO -   mAP@0.5:0.95: 0.6812
2025-12-16 15:02:50,733 - INFO - Epoch 40:
2025-12-16 15:02:50,733 - INFO -   训练损失: 2.14 | 验证损失: 2.32
2025-12-16 15:02:50,733 - INFO -   mAP@0.5: 0.8872
2025-12-16 15:02:50,733 - INFO -   mAP@0.5:0.95: 0.6673
2025-12-16 15:02:50,733 - INFO - Epoch 41:
2025-12-16 15:02:50,733 - INFO -   训练损失: 2.13 | 验证损失: 2.28
2025-12-16 15:02:50,733 - INFO -   mAP@0.5: 0.8943
2025-12-16 15:02:50,733 - INFO -   mAP@0.5:0.95: 0.6780
2025-12-16 15:02:50,733 - INFO - Epoch 42:
2025-12-16 15:02:50,733 - INFO -   训练损失: 2.13 | 验证损失: 2.28
2025-12-16 15:02:50,733 - INFO -   mAP@0.5: 0.8894
2025-12-16 15:02:50,733 - INFO -   mAP@0.5:0.95: 0.6731
2025-12-16 15:02:50,733 - INFO - Epoch 43:
2025-12-16 15:02:50,733 - INFO -   训练损失: 2.13 | 验证损失: 2.30
2025-12-16 15:02:50,733 - INFO -   mAP@0.5: 0.8845
2025-12-16 15:02:50,733 - INFO -   mAP@0.5:0.95: 0.6673
2025-12-16 15:02:50,734 - INFO - Epoch 44:
2025-12-16 15:02:50,734 - INFO -   训练损失: 2.12 | 验证损失: 2.29
2025-12-16 15:02:50,734 - INFO -   mAP@0.5: 0.8849
2025-12-16 15:02:50,734 - INFO -   mAP@0.5:0.95: 0.6733
2025-12-16 15:02:50,734 - INFO - Epoch 45:
2025-12-16 15:02:50,734 - INFO -   训练损失: 2.12 | 验证损失: 2.32
2025-12-16 15:02:50,734 - INFO -   mAP@0.5: 0.8713
2025-12-16 15:02:50,734 - INFO -   mAP@0.5:0.95: 0.6565
2025-12-16 15:02:50,734 - INFO - Epoch 46:
2025-12-16 15:02:50,734 - INFO -   训练损失: 2.12 | 验证损失: 2.29
2025-12-16 15:02:50,734 - INFO -   mAP@0.5: 0.8861
2025-12-16 15:02:50,734 - INFO -   mAP@0.5:0.95: 0.6752
2025-12-16 15:02:50,734 - INFO - Epoch 47:
2025-12-16 15:02:50,734 - INFO -   训练损失: 2.11 | 验证损失: 2.33
2025-12-16 15:02:50,734 - INFO -   mAP@0.5: 0.8822
2025-12-16 15:02:50,734 - INFO -   mAP@0.5:0.95: 0.6642
2025-12-16 15:02:50,734 - INFO - Epoch 48:
2025-12-16 15:02:50,734 - INFO -   训练损失: 2.12 | 验证损失: 2.31
2025-12-16 15:02:50,734 - INFO -   mAP@0.5: 0.8817
2025-12-16 15:02:50,734 - INFO -   mAP@0.5:0.95: 0.6618
2025-12-16 15:02:50,734 - INFO - Epoch 49:
2025-12-16 15:02:50,734 - INFO -   训练损失: 2.11 | 验证损失: 2.30
2025-12-16 15:02:50,734 - INFO -   mAP@0.5: 0.8820
2025-12-16 15:02:50,734 - INFO -   mAP@0.5:0.95: 0.6691
2025-12-16 15:02:50,734 - INFO - Epoch 50:
2025-12-16 15:02:50,734 - INFO -   训练损失: 2.11 | 验证损失: 2.29
2025-12-16 15:02:50,734 - INFO -   mAP@0.5: 0.8884
2025-12-16 15:02:50,734 - INFO -   mAP@0.5:0.95: 0.6748
2025-12-16 15:02:50,734 - INFO - Epoch 51:
2025-12-16 15:02:50,735 - INFO -   训练损失: 2.11 | 验证损失: 2.29
2025-12-16 15:02:50,735 - INFO -   mAP@0.5: 0.8878
2025-12-16 15:02:50,735 - INFO -   mAP@0.5:0.95: 0.6719
2025-12-16 15:02:50,735 - INFO - Epoch 52:
2025-12-16 15:02:50,735 - INFO -   训练损失: 2.11 | 验证损失: 2.30
2025-12-16 15:02:50,735 - INFO -   mAP@0.5: 0.8800
2025-12-16 15:02:50,735 - INFO -   mAP@0.5:0.95: 0.6665
2025-12-16 15:02:50,735 - INFO - Epoch 53:
2025-12-16 15:02:50,735 - INFO -   训练损失: 2.10 | 验证损失: 2.29
2025-12-16 15:02:50,735 - INFO -   mAP@0.5: 0.8881
2025-12-16 15:02:50,735 - INFO -   mAP@0.5:0.95: 0.6733
2025-12-16 15:02:50,735 - INFO - Epoch 54:
2025-12-16 15:02:50,735 - INFO -   训练损失: 2.10 | 验证损失: 2.33
2025-12-16 15:02:50,735 - INFO -   mAP@0.5: 0.8802
2025-12-16 15:02:50,735 - INFO -   mAP@0.5:0.95: 0.6617
2025-12-16 15:02:50,735 - INFO - Epoch 55:
2025-12-16 15:02:50,735 - INFO -   训练损失: 2.10 | 验证损失: 2.30
2025-12-16 15:02:50,735 - INFO -   mAP@0.5: 0.8851
2025-12-16 15:02:50,735 - INFO -   mAP@0.5:0.95: 0.6704
2025-12-16 15:02:50,735 - INFO - Epoch 56:
2025-12-16 15:02:50,735 - INFO -   训练损失: 2.10 | 验证损失: 2.29
2025-12-16 15:02:50,735 - INFO -   mAP@0.5: 0.8884
2025-12-16 15:02:50,735 - INFO -   mAP@0.5:0.95: 0.6728
2025-12-16 15:02:50,735 - INFO - Epoch 57:
2025-12-16 15:02:50,735 - INFO -   训练损失: 2.09 | 验证损失: 2.32
2025-12-16 15:02:50,735 - INFO -   mAP@0.5: 0.8761
2025-12-16 15:02:50,735 - INFO -   mAP@0.5:0.95: 0.6598
2025-12-16 15:02:50,735 - INFO - Epoch 58:
2025-12-16 15:02:50,735 - INFO -   训练损失: 2.09 | 验证损失: 2.29
2025-12-16 15:02:50,735 - INFO -   mAP@0.5: 0.8879
2025-12-16 15:02:50,736 - INFO -   mAP@0.5:0.95: 0.6718
2025-12-16 15:02:50,736 - INFO - Epoch 59:
2025-12-16 15:02:50,736 - INFO -   训练损失: 2.09 | 验证损失: 2.31
2025-12-16 15:02:50,736 - INFO -   mAP@0.5: 0.8751
2025-12-16 15:02:50,736 - INFO -   mAP@0.5:0.95: 0.6613
2025-12-16 15:02:50,736 - INFO - ================================================================================
2025-12-16 15:02:51,247 - INFO - ✓ 训练曲线已保存到: logs/yolo_v8s_20251216_141023/training_curves.png
2025-12-16 15:02:51,259 - INFO - ✓ 已创建统一命名的最佳模型: logs/yolo_v8s_20251216_141023/best_model.pth
2025-12-16 15:02:51,272 - INFO - ✓ 已创建统一命名的最新检查点: logs/yolo_v8s_20251216_141023/latest_checkpoint.pth
2025-12-16 15:02:51,272 - INFO - ✓ 已创建统一命名的训练历史: logs/yolo_v8s_20251216_141023/training_history.csv
2025-12-16 15:02:51,272 - INFO - ✓ 最佳模型: logs/yolo_v8s_20251216_141023/best_model.pth
2025-12-16 15:02:51,273 - INFO - ✓ 最佳mAP@0.5:0.95: 0.6811
2025-12-16 15:02:51,273 - INFO - ✓ 最佳mAP@0.5: 0.8958
2025-12-16 15:02:51,273 - INFO - ✓ 所有输出已保存到: logs/yolo_v8s_20251216_141023
2025-12-16 15:02:51,273 - INFO - ================================================================================
