2025-11-26 04:50:05,328 - INFO - ✓ 配置已保存到: logs/rtdetr_r34_20251126_045005/config.yaml
2025-11-26 04:50:05,328 - INFO - ================================================================================
2025-11-26 04:50:05,328 - INFO - 🚀 开始RT-DETR训练
2025-11-26 04:50:05,328 - INFO - ================================================================================
2025-11-26 04:50:05,328 - INFO - 📝 训练配置:
2025-11-26 04:50:05,328 - INFO -   数据集路径: /root/autodl-fs/datasets/DAIR-V2X
2025-11-26 04:50:05,328 - INFO -   训练轮数: 200
2025-11-26 04:50:05,328 - INFO -   批次大小: 64
2025-11-26 04:50:05,328 - INFO -   新组件学习率: 0.0001
2025-11-26 04:50:05,328 - INFO -   预训练组件学习率: 1e-05
2025-11-26 04:50:05,329 - INFO -   输出目录: logs/rtdetr_r34_20251126_045005
2025-11-26 04:50:05,329 - INFO -   预训练权重: pretrained/rtdetrv2_r34vd_120e_coco_ema.pth
2025-11-26 04:50:05,329 - INFO - ================================================================================
2025-11-26 04:50:05,436 - INFO - ✓ Backbone: presnet34
2025-11-26 04:50:05,436 - INFO - ✓ HybridEncoder: in_channels=[128, 256, 512], expansion=0.5
2025-11-26 04:50:05,493 - INFO - ✓ Decoder配置: 4层, hidden_dim=256, queries=100
2025-11-26 04:50:05,493 - INFO - ✓ 模型创建完成（已启用backbone预训练）
2025-11-26 04:50:05,493 - INFO - 🔗 加载预训练权重: pretrained/rtdetrv2_r34vd_120e_coco_ema.pth
2025-11-26 04:50:05,493 - INFO - 正在从本地文件加载预训练权重: pretrained/rtdetrv2_r34vd_120e_coco_ema.pth
2025-11-26 04:50:05,634 - INFO - ✓ 检测到EMA checkpoint格式
2025-11-26 04:50:05,647 - INFO - ✓ 成功加载预训练权重: 654/654 个参数
2025-11-26 04:50:05,648 - INFO -   - 跳过类别相关参数: 11 个（COCO 80类 → DAIR-V2X 8类）
2025-11-26 04:50:05,648 - INFO -   - Backbone: 234 个参数
2025-11-26 04:50:05,648 - INFO -   - Encoder: 270 个参数
2025-11-26 04:50:05,648 - INFO -   - Decoder: 150 个参数
2025-11-26 04:50:05,648 - INFO -   - 模型新增参数: 2 个（将随机初始化）
2025-11-26 04:50:05,859 - INFO - ✓ 已启用GPU优化: cudnn.benchmark=True, TF32=True
2025-11-26 04:50:07,864 - INFO - ✓ 预训练参数组: 201 个参数, lr=1e-05
2025-11-26 04:50:07,868 - INFO - ✓ Norm层参数组: 122 个参数, lr=0.0001, wd=0
2025-11-26 04:50:07,873 - INFO - ✓ 使用CosineAnnealingLR调度器 (eta_min=1e-06)
2025-11-26 04:50:07,873 - INFO - ✓ 学习率预热: 3 轮
2025-11-26 04:50:07,976 - INFO - ✓ EMA decay=0.9999, 混合精度训练已启用
2025-11-26 04:50:07,976 - INFO - ✓ 推理样本输出目录: logs/rtdetr_r34_20251126_045005/inference_samples
2025-11-26 04:50:07,976 - INFO - ⏱️  Early Stopping: 启用 (patience=35, metric=mAP_0.5_0.95, mode=max)
2025-11-26 04:50:07,976 - INFO - ✓ 梯度裁剪: max_norm=10.0
2025-11-26 04:50:07,976 - INFO - ================================================================================
2025-11-26 04:50:07,976 - INFO - 训练配置摘要:
2025-11-26 04:50:07,976 - INFO -   - 训练轮数: 200
2025-11-26 04:50:07,976 - INFO -   - 批次大小: 64
2025-11-26 04:50:07,976 - INFO -   - 新组件学习率: 0.0001
2025-11-26 04:50:07,976 - INFO -   - 预训练组件学习率: 1e-05
2025-11-26 04:50:07,976 - INFO -   - Weight decay: 0.0001
2025-11-26 04:50:07,976 - INFO -   - Warmup轮数: 3
2025-11-26 04:50:07,977 - INFO -   - 梯度裁剪: 10.0
2025-11-26 04:50:07,977 - INFO -   - 设备: cuda
2025-11-26 04:50:07,977 - INFO - ================================================================================
2025-11-26 04:50:07,977 - INFO - 开始训练 200 epochs
2025-11-26 04:50:30,049 - INFO - Epoch 0 | Batch 0 | Loss: 38.72 (Det: 5.63)
2025-11-26 04:51:22,436 - INFO - Epoch 0 | Batch 50 | Loss: 31.47 (Det: 3.31)
2025-11-26 04:52:03,356 - INFO - Epoch 0:
2025-11-26 04:52:03,356 - INFO -   训练损失: 32.53 | 验证损失: 3.20
2025-11-26 04:52:03,356 - INFO -   (前30个epoch仅计算loss，跳过mAP评估)
2025-11-26 04:52:03,356 - INFO -   🎉 新的最佳验证损失: 3.20
2025-11-26 04:52:03,895 - INFO - 💾 保存最新检查点: logs/rtdetr_r34_20251126_045005/latest_checkpoint.pth
2025-11-26 04:52:09,979 - INFO - Epoch 1 | Batch 0 | Loss: 29.09 (Det: 2.97)
2025-11-26 04:52:51,567 - INFO - Epoch 1 | Batch 50 | Loss: 21.30 (Det: 2.52)
2025-11-26 04:53:26,254 - INFO - Epoch 1:
2025-11-26 04:53:26,254 - INFO -   训练损失: 22.96 | 验证损失: 2.40
2025-11-26 04:53:26,254 - INFO -   (前30个epoch仅计算loss，跳过mAP评估)
2025-11-26 04:53:26,254 - INFO -   🎉 新的最佳验证损失: 2.40
2025-11-26 04:53:27,168 - INFO - 💾 保存最新检查点: logs/rtdetr_r34_20251126_045005/latest_checkpoint.pth
2025-11-26 04:53:34,852 - INFO - Epoch 2 | Batch 0 | Loss: 19.70 (Det: 2.40)
2025-11-26 04:54:15,359 - INFO - Epoch 2 | Batch 50 | Loss: 17.06 (Det: 2.07)
2025-11-26 04:54:49,043 - INFO - Epoch 2:
2025-11-26 04:54:49,043 - INFO -   训练损失: 17.68 | 验证损失: 2.14
2025-11-26 04:54:49,043 - INFO -   (前30个epoch仅计算loss，跳过mAP评估)
2025-11-26 04:54:49,043 - INFO -   🎉 新的最佳验证损失: 2.14
2025-11-26 04:54:50,009 - INFO - 💾 保存最新检查点: logs/rtdetr_r34_20251126_045005/latest_checkpoint.pth
2025-11-26 04:54:57,526 - INFO - Epoch 3 | Batch 0 | Loss: 16.65 (Det: 2.04)
2025-11-26 04:55:38,366 - INFO - Epoch 3 | Batch 50 | Loss: 15.85 (Det: 1.92)
2025-11-26 04:56:13,536 - INFO - Epoch 3:
2025-11-26 04:56:13,536 - INFO -   训练损失: 15.81 | 验证损失: 1.95
2025-11-26 04:56:13,536 - INFO -   (前30个epoch仅计算loss，跳过mAP评估)
2025-11-26 04:56:13,536 - INFO -   🎉 新的最佳验证损失: 1.95
2025-11-26 04:56:14,459 - INFO - 💾 保存最新检查点: logs/rtdetr_r34_20251126_045005/latest_checkpoint.pth
2025-11-26 04:56:21,754 - INFO - Epoch 4 | Batch 0 | Loss: 15.52 (Det: 1.89)
2025-11-26 04:57:02,202 - INFO - Epoch 4 | Batch 50 | Loss: 15.32 (Det: 1.88)
2025-11-26 04:57:36,701 - INFO - Epoch 4:
2025-11-26 04:57:36,701 - INFO -   训练损失: 14.95 | 验证损失: 1.84
2025-11-26 04:57:36,701 - INFO -   (前30个epoch仅计算loss，跳过mAP评估)
2025-11-26 04:57:36,701 - INFO -   🎉 新的最佳验证损失: 1.84
2025-11-26 04:57:37,896 - INFO - 💾 保存最新检查点: logs/rtdetr_r34_20251126_045005/latest_checkpoint.pth
2025-11-26 04:57:45,615 - INFO - Epoch 5 | Batch 0 | Loss: 14.25 (Det: 1.70)
2025-11-26 04:58:26,231 - INFO - Epoch 5 | Batch 50 | Loss: 13.98 (Det: 1.65)
2025-11-26 04:59:01,270 - INFO - Epoch 5:
2025-11-26 04:59:01,271 - INFO -   训练损失: 14.14 | 验证损失: 1.78
2025-11-26 04:59:01,271 - INFO -   (前30个epoch仅计算loss，跳过mAP评估)
2025-11-26 04:59:01,271 - INFO -   🎉 新的最佳验证损失: 1.78
2025-11-26 04:59:02,149 - INFO - 💾 保存最新检查点: logs/rtdetr_r34_20251126_045005/latest_checkpoint.pth
2025-11-26 04:59:09,198 - INFO - Epoch 6 | Batch 0 | Loss: 14.14 (Det: 1.71)
2025-11-26 04:59:50,089 - INFO - Epoch 6 | Batch 50 | Loss: 13.73 (Det: 1.63)
2025-11-26 05:00:25,145 - INFO - Epoch 6:
2025-11-26 05:00:25,146 - INFO -   训练损失: 14.09 | 验证损失: 1.75
2025-11-26 05:00:25,146 - INFO -   (前30个epoch仅计算loss，跳过mAP评估)
2025-11-26 05:00:25,146 - INFO -   🎉 新的最佳验证损失: 1.75
2025-11-26 05:00:25,996 - INFO - 💾 保存最新检查点: logs/rtdetr_r34_20251126_045005/latest_checkpoint.pth
2025-11-26 05:00:33,177 - INFO - Epoch 7 | Batch 0 | Loss: 13.54 (Det: 1.63)
2025-11-26 05:01:13,530 - INFO - Epoch 7 | Batch 50 | Loss: 13.59 (Det: 1.62)
2025-11-26 05:01:48,233 - INFO - Epoch 7:
2025-11-26 05:01:48,233 - INFO -   训练损失: 13.64 | 验证损失: 1.61
2025-11-26 05:01:48,233 - INFO -   (前30个epoch仅计算loss，跳过mAP评估)
2025-11-26 05:01:48,233 - INFO -   🎉 新的最佳验证损失: 1.61
2025-11-26 05:01:49,086 - INFO - 💾 保存最新检查点: logs/rtdetr_r34_20251126_045005/latest_checkpoint.pth
2025-11-26 05:01:55,720 - INFO - Epoch 8 | Batch 0 | Loss: 12.91 (Det: 1.50)
2025-11-26 05:02:36,313 - INFO - Epoch 8 | Batch 50 | Loss: 13.23 (Det: 1.56)
2025-11-26 05:03:10,886 - INFO - Epoch 8:
2025-11-26 05:03:10,886 - INFO -   训练损失: 13.35 | 验证损失: 1.57
2025-11-26 05:03:10,886 - INFO -   (前30个epoch仅计算loss，跳过mAP评估)
2025-11-26 05:03:10,887 - INFO -   🎉 新的最佳验证损失: 1.57
2025-11-26 05:03:11,754 - INFO - 💾 保存最新检查点: logs/rtdetr_r34_20251126_045005/latest_checkpoint.pth
2025-11-26 05:03:18,964 - INFO - Epoch 9 | Batch 0 | Loss: 12.99 (Det: 1.52)
2025-11-26 05:03:59,333 - INFO - Epoch 9 | Batch 50 | Loss: 12.90 (Det: 1.51)
2025-11-26 05:04:34,037 - INFO - Epoch 9:
2025-11-26 05:04:34,038 - INFO -   训练损失: 12.89 | 验证损失: 1.53
2025-11-26 05:04:34,038 - INFO -   (前30个epoch仅计算loss，跳过mAP评估)
2025-11-26 05:04:34,038 - INFO -   🎉 新的最佳验证损失: 1.53
2025-11-26 05:04:34,957 - INFO - 💾 保存最新检查点: logs/rtdetr_r34_20251126_045005/latest_checkpoint.pth
2025-11-26 05:04:41,467 - INFO - Epoch 10 | Batch 0 | Loss: 12.44 (Det: 1.42)
2025-11-26 05:05:22,642 - INFO - Epoch 10 | Batch 50 | Loss: 13.17 (Det: 1.57)
2025-11-26 05:05:57,374 - INFO - Epoch 10:
2025-11-26 05:05:57,374 - INFO -   训练损失: 12.81 | 验证损失: 1.52
2025-11-26 05:05:57,374 - INFO -   (前30个epoch仅计算loss，跳过mAP评估)
2025-11-26 05:05:57,374 - INFO -   🎉 新的最佳验证损失: 1.52
2025-11-26 05:05:58,285 - INFO - 💾 保存最新检查点: logs/rtdetr_r34_20251126_045005/latest_checkpoint.pth
2025-11-26 05:06:05,304 - INFO - Epoch 11 | Batch 0 | Loss: 12.59 (Det: 1.47)
2025-11-26 05:06:46,572 - INFO - Epoch 11 | Batch 50 | Loss: 12.31 (Det: 1.43)
2025-11-26 05:07:20,835 - INFO - Epoch 11:
2025-11-26 05:07:20,835 - INFO -   训练损失: 12.49 | 验证损失: 1.46
2025-11-26 05:07:20,835 - INFO -   (前30个epoch仅计算loss，跳过mAP评估)
2025-11-26 05:07:20,836 - INFO -   🎉 新的最佳验证损失: 1.46
2025-11-26 05:07:21,775 - INFO - 💾 保存最新检查点: logs/rtdetr_r34_20251126_045005/latest_checkpoint.pth
2025-11-26 05:07:28,701 - INFO - Epoch 12 | Batch 0 | Loss: 12.27 (Det: 1.42)
2025-11-26 05:08:09,401 - INFO - Epoch 12 | Batch 50 | Loss: 12.25 (Det: 1.41)
2025-11-26 05:08:44,660 - INFO - Epoch 12:
2025-11-26 05:08:44,661 - INFO -   训练损失: 12.28 | 验证损失: 1.43
2025-11-26 05:08:44,661 - INFO -   (前30个epoch仅计算loss，跳过mAP评估)
2025-11-26 05:08:44,661 - INFO -   🎉 新的最佳验证损失: 1.43
2025-11-26 05:08:45,529 - INFO - 💾 保存最新检查点: logs/rtdetr_r34_20251126_045005/latest_checkpoint.pth
2025-11-26 05:08:52,866 - INFO - Epoch 13 | Batch 0 | Loss: 11.94 (Det: 1.37)
2025-11-26 05:09:33,335 - INFO - Epoch 13 | Batch 50 | Loss: 12.37 (Det: 1.43)
2025-11-26 05:10:08,656 - INFO - Epoch 13:
2025-11-26 05:10:08,656 - INFO -   训练损失: 12.15 | 验证损失: 1.44
2025-11-26 05:10:08,656 - INFO -   (前30个epoch仅计算loss，跳过mAP评估)
2025-11-26 05:10:09,569 - INFO - 💾 保存最新检查点: logs/rtdetr_r34_20251126_045005/latest_checkpoint.pth
2025-11-26 05:10:17,198 - INFO - Epoch 14 | Batch 0 | Loss: 11.74 (Det: 1.35)
2025-11-26 05:10:57,572 - INFO - Epoch 14 | Batch 50 | Loss: 12.45 (Det: 1.46)
2025-11-26 05:11:31,729 - INFO - Epoch 14:
2025-11-26 05:11:31,729 - INFO -   训练损失: 12.07 | 验证损失: 1.43
2025-11-26 05:11:31,729 - INFO -   (前30个epoch仅计算loss，跳过mAP评估)
2025-11-26 05:11:32,606 - INFO - 💾 保存最新检查点: logs/rtdetr_r34_20251126_045005/latest_checkpoint.pth
2025-11-26 05:11:40,733 - INFO - Epoch 15 | Batch 0 | Loss: 11.56 (Det: 1.33)
2025-11-26 05:12:21,413 - INFO - Epoch 15 | Batch 50 | Loss: 11.67 (Det: 1.35)
2025-11-26 05:12:55,881 - INFO - Epoch 15:
2025-11-26 05:12:55,882 - INFO -   训练损失: 11.83 | 验证损失: 1.36
2025-11-26 05:12:55,882 - INFO -   (前30个epoch仅计算loss，跳过mAP评估)
2025-11-26 05:12:55,882 - INFO -   🎉 新的最佳验证损失: 1.36
2025-11-26 05:12:56,849 - INFO - 💾 保存最新检查点: logs/rtdetr_r34_20251126_045005/latest_checkpoint.pth
2025-11-26 05:13:02,652 - INFO - Epoch 16 | Batch 0 | Loss: 11.71 (Det: 1.35)
2025-11-26 05:13:43,337 - INFO - Epoch 16 | Batch 50 | Loss: 11.60 (Det: 1.32)
2025-11-26 05:14:17,266 - INFO - Epoch 16:
2025-11-26 05:14:17,267 - INFO -   训练损失: 11.70 | 验证损失: 1.32
2025-11-26 05:14:17,267 - INFO -   (前30个epoch仅计算loss，跳过mAP评估)
2025-11-26 05:14:17,267 - INFO -   🎉 新的最佳验证损失: 1.32
2025-11-26 05:14:18,176 - INFO - 💾 保存最新检查点: logs/rtdetr_r34_20251126_045005/latest_checkpoint.pth
2025-11-26 05:14:24,857 - INFO - Epoch 17 | Batch 0 | Loss: 11.69 (Det: 1.34)
2025-11-26 05:15:05,663 - INFO - Epoch 17 | Batch 50 | Loss: 11.43 (Det: 1.31)
2025-11-26 05:15:40,226 - INFO - Epoch 17:
2025-11-26 05:15:40,227 - INFO -   训练损失: 11.48 | 验证损失: 1.32
2025-11-26 05:15:40,227 - INFO -   (前30个epoch仅计算loss，跳过mAP评估)
2025-11-26 05:15:40,227 - INFO -   🎉 新的最佳验证损失: 1.32
2025-11-26 05:15:41,079 - INFO - 💾 保存最新检查点: logs/rtdetr_r34_20251126_045005/latest_checkpoint.pth
2025-11-26 05:15:46,462 - INFO - Epoch 18 | Batch 0 | Loss: 11.29 (Det: 1.28)
2025-11-26 05:16:26,696 - INFO - Epoch 18 | Batch 50 | Loss: 11.69 (Det: 1.35)
2025-11-26 05:17:02,003 - INFO - Epoch 18:
2025-11-26 05:17:02,004 - INFO -   训练损失: 11.39 | 验证损失: 1.32
2025-11-26 05:17:02,004 - INFO -   (前30个epoch仅计算loss，跳过mAP评估)
2025-11-26 05:17:03,025 - INFO - 💾 保存最新检查点: logs/rtdetr_r34_20251126_045005/latest_checkpoint.pth
2025-11-26 05:17:09,876 - INFO - Epoch 19 | Batch 0 | Loss: 11.61 (Det: 1.34)
2025-11-26 05:17:50,179 - INFO - Epoch 19 | Batch 50 | Loss: 11.53 (Det: 1.31)
2025-11-26 05:18:25,434 - INFO - Epoch 19:
2025-11-26 05:18:25,434 - INFO -   训练损失: 11.55 | 验证损失: 1.32
2025-11-26 05:18:25,434 - INFO -   (前30个epoch仅计算loss，跳过mAP评估)
2025-11-26 05:18:26,350 - INFO - 💾 保存最新检查点: logs/rtdetr_r34_20251126_045005/latest_checkpoint.pth
2025-11-26 05:18:33,651 - INFO - Epoch 20 | Batch 0 | Loss: 11.39 (Det: 1.31)
2025-11-26 05:19:14,291 - INFO - Epoch 20 | Batch 50 | Loss: 11.21 (Det: 1.26)
2025-11-26 05:19:48,538 - INFO - Epoch 20:
2025-11-26 05:19:48,538 - INFO -   训练损失: 11.24 | 验证损失: 1.29
2025-11-26 05:19:48,538 - INFO -   (前30个epoch仅计算loss，跳过mAP评估)
2025-11-26 05:19:48,538 - INFO -   🎉 新的最佳验证损失: 1.29
2025-11-26 05:19:49,464 - INFO - 💾 保存最新检查点: logs/rtdetr_r34_20251126_045005/latest_checkpoint.pth
2025-11-26 05:19:57,017 - INFO - Epoch 21 | Batch 0 | Loss: 10.97 (Det: 1.24)
2025-11-26 05:20:37,493 - INFO - Epoch 21 | Batch 50 | Loss: 11.40 (Det: 1.30)
2025-11-26 05:21:12,337 - INFO - Epoch 21:
2025-11-26 05:21:12,338 - INFO -   训练损失: 11.21 | 验证损失: 1.28
2025-11-26 05:21:12,338 - INFO -   (前30个epoch仅计算loss，跳过mAP评估)
2025-11-26 05:21:12,338 - INFO -   🎉 新的最佳验证损失: 1.28
2025-11-26 05:21:13,250 - INFO - 💾 保存最新检查点: logs/rtdetr_r34_20251126_045005/latest_checkpoint.pth
2025-11-26 05:21:20,849 - INFO - Epoch 22 | Batch 0 | Loss: 11.15 (Det: 1.25)
2025-11-26 05:22:01,302 - INFO - Epoch 22 | Batch 50 | Loss: 11.10 (Det: 1.27)
2025-11-26 05:22:35,512 - INFO - Epoch 22:
2025-11-26 05:22:35,512 - INFO -   训练损失: 11.33 | 验证损失: 1.30
2025-11-26 05:22:35,512 - INFO -   (前30个epoch仅计算loss，跳过mAP评估)
2025-11-26 05:22:36,457 - INFO - 💾 保存最新检查点: logs/rtdetr_r34_20251126_045005/latest_checkpoint.pth
2025-11-26 05:22:41,799 - INFO - Epoch 23 | Batch 0 | Loss: 11.33 (Det: 1.30)
2025-11-26 05:23:23,320 - INFO - Epoch 23 | Batch 50 | Loss: 11.28 (Det: 1.27)
2025-11-26 05:23:58,048 - INFO - Epoch 23:
2025-11-26 05:23:58,048 - INFO -   训练损失: 11.11 | 验证损失: 1.26
2025-11-26 05:23:58,048 - INFO -   (前30个epoch仅计算loss，跳过mAP评估)
2025-11-26 05:23:58,048 - INFO -   🎉 新的最佳验证损失: 1.26
2025-11-26 05:23:58,903 - INFO - 💾 保存最新检查点: logs/rtdetr_r34_20251126_045005/latest_checkpoint.pth
2025-11-26 05:24:05,867 - INFO - Epoch 24 | Batch 0 | Loss: 11.22 (Det: 1.25)
2025-11-26 05:24:47,004 - INFO - Epoch 24 | Batch 50 | Loss: 10.83 (Det: 1.21)
2025-11-26 05:25:21,570 - INFO - Epoch 24:
2025-11-26 05:25:21,570 - INFO -   训练损失: 10.98 | 验证损失: 1.28
2025-11-26 05:25:21,570 - INFO -   (前30个epoch仅计算loss，跳过mAP评估)
2025-11-26 05:25:22,425 - INFO - 💾 保存最新检查点: logs/rtdetr_r34_20251126_045005/latest_checkpoint.pth
2025-11-26 05:25:27,653 - INFO - Epoch 25 | Batch 0 | Loss: 11.14 (Det: 1.28)
2025-11-26 05:26:08,999 - INFO - Epoch 25 | Batch 50 | Loss: 11.14 (Det: 1.27)
2025-11-26 05:26:43,255 - INFO - Epoch 25:
2025-11-26 05:26:43,255 - INFO -   训练损失: 10.98 | 验证损失: 1.32
2025-11-26 05:26:43,255 - INFO -   (前30个epoch仅计算loss，跳过mAP评估)
2025-11-26 05:26:44,164 - INFO - 💾 保存最新检查点: logs/rtdetr_r34_20251126_045005/latest_checkpoint.pth
2025-11-26 05:26:51,381 - INFO - Epoch 26 | Batch 0 | Loss: 10.86 (Det: 1.25)
2025-11-26 05:27:31,904 - INFO - Epoch 26 | Batch 50 | Loss: 11.34 (Det: 1.33)
2025-11-26 05:28:06,414 - INFO - Epoch 26:
2025-11-26 05:28:06,414 - INFO -   训练损失: 11.25 | 验证损失: 1.31
2025-11-26 05:28:06,414 - INFO -   (前30个epoch仅计算loss，跳过mAP评估)
2025-11-26 05:28:06,894 - INFO - 💾 保存最新检查点: logs/rtdetr_r34_20251126_045005/latest_checkpoint.pth
2025-11-26 05:28:14,425 - INFO - Epoch 27 | Batch 0 | Loss: 11.49 (Det: 1.38)
2025-11-26 05:28:54,996 - INFO - Epoch 27 | Batch 50 | Loss: 10.91 (Det: 1.28)
2025-11-26 05:29:29,722 - INFO - Epoch 27:
2025-11-26 05:29:29,722 - INFO -   训练损失: 11.14 | 验证损失: 1.28
2025-11-26 05:29:29,722 - INFO -   (前30个epoch仅计算loss，跳过mAP评估)
2025-11-26 05:29:30,595 - INFO - 💾 保存最新检查点: logs/rtdetr_r34_20251126_045005/latest_checkpoint.pth
2025-11-26 05:29:37,091 - INFO - Epoch 28 | Batch 0 | Loss: 10.83 (Det: 1.28)
2025-11-26 05:30:17,612 - INFO - Epoch 28 | Batch 50 | Loss: 10.47 (Det: 1.24)
2025-11-26 05:30:51,551 - INFO - Epoch 28:
2025-11-26 05:30:51,551 - INFO -   训练损失: 10.69 | 验证损失: 1.19
2025-11-26 05:30:51,551 - INFO -   (前30个epoch仅计算loss，跳过mAP评估)
2025-11-26 05:30:51,551 - INFO -   🎉 新的最佳验证损失: 1.19
2025-11-26 05:30:52,477 - INFO - 💾 保存最新检查点: logs/rtdetr_r34_20251126_045005/latest_checkpoint.pth
2025-11-26 05:30:59,793 - INFO - Epoch 29 | Batch 0 | Loss: 10.03 (Det: 1.19)
2025-11-26 05:31:39,997 - INFO - Epoch 29 | Batch 50 | Loss: 9.39 (Det: 1.09)
2025-11-26 05:32:14,602 - INFO - Epoch 29:
2025-11-26 05:32:14,602 - INFO -   训练损失: 9.73 | 验证损失: 1.09
2025-11-26 05:32:14,602 - INFO -   (前30个epoch仅计算loss，跳过mAP评估)
2025-11-26 05:32:14,602 - INFO -   🎉 新的最佳验证损失: 1.09
2025-11-26 05:32:15,447 - INFO - 💾 保存最新检查点: logs/rtdetr_r34_20251126_045005/latest_checkpoint.pth
2025-11-26 05:32:22,726 - INFO - Epoch 30 | Batch 0 | Loss: 9.24 (Det: 1.07)
2025-11-26 05:33:03,037 - INFO - Epoch 30 | Batch 50 | Loss: 9.19 (Det: 1.06)
2025-11-26 05:34:17,951 - INFO - Epoch 30:
2025-11-26 05:34:17,952 - INFO -   训练损失: 9.35 | 验证损失: 1.06
2025-11-26 05:34:17,952 - INFO -   预测/目标: 201600/93434
2025-11-26 05:34:17,952 - INFO -   🎉 新的最佳验证损失: 1.06
2025-11-26 05:34:17,952 - INFO -   🎉 新的最佳mAP: 0.4989
2025-11-26 05:34:18,410 - INFO - 💾 保存最佳模型: logs/rtdetr_r34_20251126_045005/best_model.pth
2025-11-26 05:35:14,777 - INFO -   每个类别的 mAP@0.5:0.95:
2025-11-26 05:35:14,777 - INFO -     Car         : 0.6949
2025-11-26 05:35:14,777 - INFO -     Truck       : 0.4416
2025-11-26 05:35:14,777 - INFO -     Van         : 0.4611
2025-11-26 05:35:14,777 - INFO -     Bus         : 0.6192
2025-11-26 05:35:14,777 - INFO -     Pedestrian  : 0.3078
2025-11-26 05:35:14,777 - INFO -     Cyclist     : 0.4914
2025-11-26 05:35:14,777 - INFO -     Motorcyclist: 0.3716
2025-11-26 05:35:14,777 - INFO -     Trafficcone : 0.6034
2025-11-26 05:35:14,973 - INFO -   mAP_0.5_0.95 提升到 0.4989 (最佳epoch: 30)
2025-11-26 05:35:15,846 - INFO - 💾 保存最新检查点: logs/rtdetr_r34_20251126_045005/latest_checkpoint.pth
2025-11-26 05:35:22,627 - INFO - Epoch 31 | Batch 0 | Loss: 9.26 (Det: 1.07)
2025-11-26 05:36:02,627 - INFO - Epoch 31 | Batch 50 | Loss: 8.98 (Det: 1.03)
2025-11-26 05:37:16,404 - INFO - Epoch 31:
2025-11-26 05:37:16,404 - INFO -   训练损失: 9.07 | 验证损失: 1.03
2025-11-26 05:37:16,405 - INFO -   预测/目标: 201600/93434
2025-11-26 05:37:16,405 - INFO -   🎉 新的最佳验证损失: 1.03
2025-11-26 05:37:16,405 - INFO -   🎉 新的最佳mAP: 0.5123
2025-11-26 05:37:16,901 - INFO - 💾 保存最佳模型: logs/rtdetr_r34_20251126_045005/best_model.pth
2025-11-26 05:38:10,505 - INFO -   每个类别的 mAP@0.5:0.95:
2025-11-26 05:38:10,505 - INFO -     Car         : 0.7064
2025-11-26 05:38:10,505 - INFO -     Truck       : 0.4370
2025-11-26 05:38:10,505 - INFO -     Van         : 0.4595
2025-11-26 05:38:10,505 - INFO -     Bus         : 0.6529
2025-11-26 05:38:10,505 - INFO -     Pedestrian  : 0.3432
2025-11-26 05:38:10,505 - INFO -     Cyclist     : 0.5046
2025-11-26 05:38:10,505 - INFO -     Motorcyclist: 0.3905
2025-11-26 05:38:10,505 - INFO -     Trafficcone : 0.6043
2025-11-26 05:38:10,708 - INFO -   mAP_0.5_0.95 提升到 0.5123 (最佳epoch: 31)
2025-11-26 05:38:11,589 - INFO - 💾 保存最新检查点: logs/rtdetr_r34_20251126_045005/latest_checkpoint.pth
2025-11-26 05:38:16,874 - INFO - Epoch 32 | Batch 0 | Loss: 8.78 (Det: 0.99)
2025-11-26 05:38:59,238 - INFO - Epoch 32 | Batch 50 | Loss: 8.95 (Det: 1.03)
2025-11-26 05:40:13,109 - INFO - Epoch 32:
2025-11-26 05:40:13,110 - INFO -   训练损失: 8.87 | 验证损失: 1.00
2025-11-26 05:40:13,110 - INFO -   预测/目标: 201600/93434
2025-11-26 05:40:13,110 - INFO -   🎉 新的最佳验证损失: 1.00
2025-11-26 05:40:13,110 - INFO -   🎉 新的最佳mAP: 0.5201
2025-11-26 05:40:13,992 - INFO - 💾 保存最佳模型: logs/rtdetr_r34_20251126_045005/best_model.pth
2025-11-26 05:41:05,883 - INFO -   每个类别的 mAP@0.5:0.95:
2025-11-26 05:41:05,883 - INFO -     Car         : 0.7208
2025-11-26 05:41:05,883 - INFO -     Truck       : 0.4276
2025-11-26 05:41:05,883 - INFO -     Van         : 0.4319
2025-11-26 05:41:05,883 - INFO -     Bus         : 0.6796
2025-11-26 05:41:05,883 - INFO -     Pedestrian  : 0.3664
2025-11-26 05:41:05,883 - INFO -     Cyclist     : 0.5148
2025-11-26 05:41:05,883 - INFO -     Motorcyclist: 0.4127
2025-11-26 05:41:05,883 - INFO -     Trafficcone : 0.6067
2025-11-26 05:41:06,089 - INFO -   mAP_0.5_0.95 提升到 0.5201 (最佳epoch: 32)
2025-11-26 05:41:06,875 - INFO - 💾 保存最新检查点: logs/rtdetr_r34_20251126_045005/latest_checkpoint.pth
2025-11-26 05:41:12,130 - INFO - Epoch 33 | Batch 0 | Loss: 8.97 (Det: 1.02)
2025-11-26 05:41:52,089 - INFO - Epoch 33 | Batch 50 | Loss: 8.67 (Det: 0.98)
2025-11-26 05:43:06,123 - INFO - Epoch 33:
2025-11-26 05:43:06,124 - INFO -   训练损失: 8.71 | 验证损失: 0.99
2025-11-26 05:43:06,124 - INFO -   预测/目标: 201600/93434
2025-11-26 05:43:06,124 - INFO -   🎉 新的最佳验证损失: 0.99
2025-11-26 05:43:06,124 - INFO -   🎉 新的最佳mAP: 0.5293
2025-11-26 05:43:07,033 - INFO - 💾 保存最佳模型: logs/rtdetr_r34_20251126_045005/best_model.pth
2025-11-26 05:43:59,497 - INFO -   每个类别的 mAP@0.5:0.95:
2025-11-26 05:43:59,497 - INFO -     Car         : 0.7238
2025-11-26 05:43:59,498 - INFO -     Truck       : 0.4346
2025-11-26 05:43:59,498 - INFO -     Van         : 0.4494
2025-11-26 05:43:59,498 - INFO -     Bus         : 0.6910
2025-11-26 05:43:59,498 - INFO -     Pedestrian  : 0.3763
2025-11-26 05:43:59,498 - INFO -     Cyclist     : 0.5299
2025-11-26 05:43:59,498 - INFO -     Motorcyclist: 0.4230
2025-11-26 05:43:59,498 - INFO -     Trafficcone : 0.6063
2025-11-26 05:43:59,713 - INFO -   mAP_0.5_0.95 提升到 0.5293 (最佳epoch: 33)
2025-11-26 05:44:00,608 - INFO - 💾 保存最新检查点: logs/rtdetr_r34_20251126_045005/latest_checkpoint.pth
2025-11-26 05:44:08,449 - INFO - Epoch 34 | Batch 0 | Loss: 8.51 (Det: 0.95)
2025-11-26 05:44:48,290 - INFO - Epoch 34 | Batch 50 | Loss: 8.70 (Det: 0.99)
2025-11-26 05:46:02,092 - INFO - Epoch 34:
2025-11-26 05:46:02,093 - INFO -   训练损失: 8.60 | 验证损失: 0.97
2025-11-26 05:46:02,093 - INFO -   预测/目标: 201600/93434
2025-11-26 05:46:02,093 - INFO -   🎉 新的最佳验证损失: 0.97
2025-11-26 05:46:02,093 - INFO -   🎉 新的最佳mAP: 0.5341
2025-11-26 05:46:02,995 - INFO - 💾 保存最佳模型: logs/rtdetr_r34_20251126_045005/best_model.pth
2025-11-26 05:46:54,705 - INFO -   每个类别的 mAP@0.5:0.95:
2025-11-26 05:46:54,705 - INFO -     Car         : 0.7267
2025-11-26 05:46:54,705 - INFO -     Truck       : 0.4445
2025-11-26 05:46:54,705 - INFO -     Van         : 0.4469
2025-11-26 05:46:54,705 - INFO -     Bus         : 0.6963
2025-11-26 05:46:54,705 - INFO -     Pedestrian  : 0.3840
2025-11-26 05:46:54,705 - INFO -     Cyclist     : 0.5308
2025-11-26 05:46:54,705 - INFO -     Motorcyclist: 0.4352
2025-11-26 05:46:54,705 - INFO -     Trafficcone : 0.6086
2025-11-26 05:46:54,905 - INFO -   mAP_0.5_0.95 提升到 0.5341 (最佳epoch: 34)
2025-11-26 05:46:55,785 - INFO - 💾 保存最新检查点: logs/rtdetr_r34_20251126_045005/latest_checkpoint.pth
2025-11-26 05:47:01,243 - INFO - Epoch 35 | Batch 0 | Loss: 8.31 (Det: 0.93)
2025-11-26 05:47:41,287 - INFO - Epoch 35 | Batch 50 | Loss: 8.54 (Det: 0.97)
2025-11-26 05:48:54,588 - INFO - Epoch 35:
2025-11-26 05:48:54,589 - INFO -   训练损失: 8.47 | 验证损失: 0.97
2025-11-26 05:48:54,589 - INFO -   预测/目标: 201600/93434
2025-11-26 05:48:54,589 - INFO -   🎉 新的最佳验证损失: 0.97
2025-11-26 05:48:54,589 - INFO -   🎉 新的最佳mAP: 0.5429
2025-11-26 05:48:55,475 - INFO - 💾 保存最佳模型: logs/rtdetr_r34_20251126_045005/best_model.pth
2025-11-26 05:49:47,447 - INFO -   每个类别的 mAP@0.5:0.95:
2025-11-26 05:49:47,447 - INFO -     Car         : 0.7343
2025-11-26 05:49:47,448 - INFO -     Truck       : 0.4541
2025-11-26 05:49:47,448 - INFO -     Van         : 0.4572
2025-11-26 05:49:47,448 - INFO -     Bus         : 0.7101
2025-11-26 05:49:47,448 - INFO -     Pedestrian  : 0.3910
2025-11-26 05:49:47,448 - INFO -     Cyclist     : 0.5441
2025-11-26 05:49:47,448 - INFO -     Motorcyclist: 0.4411
2025-11-26 05:49:47,448 - INFO -     Trafficcone : 0.6117
2025-11-26 05:49:47,656 - INFO -   mAP_0.5_0.95 提升到 0.5429 (最佳epoch: 35)
2025-11-26 05:49:48,539 - INFO - 💾 保存最新检查点: logs/rtdetr_r34_20251126_045005/latest_checkpoint.pth
2025-11-26 05:49:55,496 - INFO - Epoch 36 | Batch 0 | Loss: 8.79 (Det: 1.01)
2025-11-26 05:50:35,817 - INFO - Epoch 36 | Batch 50 | Loss: 8.41 (Det: 0.94)
2025-11-26 05:51:48,849 - INFO - Epoch 36:
2025-11-26 05:51:48,850 - INFO -   训练损失: 8.38 | 验证损失: 0.96
2025-11-26 05:51:48,850 - INFO -   预测/目标: 201600/93434
2025-11-26 05:51:48,850 - INFO -   🎉 新的最佳验证损失: 0.96
2025-11-26 05:51:48,850 - INFO -   🎉 新的最佳mAP: 0.5477
2025-11-26 05:51:49,798 - INFO - 💾 保存最佳模型: logs/rtdetr_r34_20251126_045005/best_model.pth
2025-11-26 05:52:41,849 - INFO -   每个类别的 mAP@0.5:0.95:
2025-11-26 05:52:41,850 - INFO -     Car         : 0.7370
2025-11-26 05:52:41,850 - INFO -     Truck       : 0.4628
2025-11-26 05:52:41,850 - INFO -     Van         : 0.4742
2025-11-26 05:52:41,850 - INFO -     Bus         : 0.7077
2025-11-26 05:52:41,850 - INFO -     Pedestrian  : 0.3974
2025-11-26 05:52:41,850 - INFO -     Cyclist     : 0.5439
2025-11-26 05:52:41,850 - INFO -     Motorcyclist: 0.4457
2025-11-26 05:52:41,850 - INFO -     Trafficcone : 0.6126
2025-11-26 05:52:42,053 - INFO -   mAP_0.5_0.95 提升到 0.5477 (最佳epoch: 36)
2025-11-26 05:52:42,944 - INFO - 💾 保存最新检查点: logs/rtdetr_r34_20251126_045005/latest_checkpoint.pth
2025-11-26 05:52:50,115 - INFO - Epoch 37 | Batch 0 | Loss: 8.29 (Det: 0.93)
2025-11-26 05:53:30,338 - INFO - Epoch 37 | Batch 50 | Loss: 8.35 (Det: 0.93)
2025-11-26 05:54:44,060 - INFO - Epoch 37:
2025-11-26 05:54:44,061 - INFO -   训练损失: 8.30 | 验证损失: 0.95
2025-11-26 05:54:44,062 - INFO -   预测/目标: 201600/93434
2025-11-26 05:54:44,062 - INFO -   🎉 新的最佳验证损失: 0.95
2025-11-26 05:54:44,062 - INFO -   🎉 新的最佳mAP: 0.5521
2025-11-26 05:54:45,018 - INFO - 💾 保存最佳模型: logs/rtdetr_r34_20251126_045005/best_model.pth
2025-11-26 05:55:37,781 - INFO -   每个类别的 mAP@0.5:0.95:
2025-11-26 05:55:37,781 - INFO -     Car         : 0.7410
2025-11-26 05:55:37,781 - INFO -     Truck       : 0.4706
2025-11-26 05:55:37,781 - INFO -     Van         : 0.4771
2025-11-26 05:55:37,781 - INFO -     Bus         : 0.7141
2025-11-26 05:55:37,781 - INFO -     Pedestrian  : 0.4013
2025-11-26 05:55:37,781 - INFO -     Cyclist     : 0.5495
2025-11-26 05:55:37,782 - INFO -     Motorcyclist: 0.4503
2025-11-26 05:55:37,782 - INFO -     Trafficcone : 0.6133
2025-11-26 05:55:37,995 - INFO -   mAP_0.5_0.95 提升到 0.5521 (最佳epoch: 37)
2025-11-26 05:55:38,945 - INFO - 💾 保存最新检查点: logs/rtdetr_r34_20251126_045005/latest_checkpoint.pth
2025-11-26 05:55:45,977 - INFO - Epoch 38 | Batch 0 | Loss: 8.14 (Det: 0.92)
2025-11-26 05:56:26,656 - INFO - Epoch 38 | Batch 50 | Loss: 8.21 (Det: 0.92)
2025-11-26 05:57:39,368 - INFO - Epoch 38:
2025-11-26 05:57:39,369 - INFO -   训练损失: 8.21 | 验证损失: 0.94
2025-11-26 05:57:39,369 - INFO -   预测/目标: 201600/93434
2025-11-26 05:57:39,369 - INFO -   🎉 新的最佳验证损失: 0.94
2025-11-26 05:57:39,369 - INFO -   🎉 新的最佳mAP: 0.5567
2025-11-26 05:57:40,274 - INFO - 💾 保存最佳模型: logs/rtdetr_r34_20251126_045005/best_model.pth
2025-11-26 05:58:32,686 - INFO -   每个类别的 mAP@0.5:0.95:
2025-11-26 05:58:32,686 - INFO -     Car         : 0.7439
2025-11-26 05:58:32,686 - INFO -     Truck       : 0.4657
2025-11-26 05:58:32,686 - INFO -     Van         : 0.4873
2025-11-26 05:58:32,686 - INFO -     Bus         : 0.7254
2025-11-26 05:58:32,686 - INFO -     Pedestrian  : 0.4050
2025-11-26 05:58:32,686 - INFO -     Cyclist     : 0.5499
2025-11-26 05:58:32,686 - INFO -     Motorcyclist: 0.4611
2025-11-26 05:58:32,686 - INFO -     Trafficcone : 0.6155
2025-11-26 05:58:32,892 - INFO -   mAP_0.5_0.95 提升到 0.5567 (最佳epoch: 38)
2025-11-26 05:58:33,786 - INFO - 💾 保存最新检查点: logs/rtdetr_r34_20251126_045005/latest_checkpoint.pth
2025-11-26 05:58:40,724 - INFO - Epoch 39 | Batch 0 | Loss: 8.06 (Det: 0.90)
2025-11-26 05:59:20,564 - INFO - Epoch 39 | Batch 50 | Loss: 7.91 (Det: 0.87)
2025-11-26 06:00:33,798 - INFO - Epoch 39:
2025-11-26 06:00:33,798 - INFO -   训练损失: 8.13 | 验证损失: 0.93
2025-11-26 06:00:33,799 - INFO -   预测/目标: 201600/93434
2025-11-26 06:00:33,799 - INFO -   🎉 新的最佳验证损失: 0.93
2025-11-26 06:00:33,799 - INFO -   🎉 新的最佳mAP: 0.5626
2025-11-26 06:00:34,722 - INFO - 💾 保存最佳模型: logs/rtdetr_r34_20251126_045005/best_model.pth
2025-11-26 10:17:15,368 - INFO - 📦 恢复训练，使用现有日志目录: logs/rtdetr_r34_20251126_045005
2025-11-26 10:17:15,368 - INFO - ================================================================================
2025-11-26 10:17:15,368 - INFO - 🚀 开始RT-DETR训练
2025-11-26 10:17:15,368 - INFO - ================================================================================
2025-11-26 10:17:15,368 - INFO - 📝 训练配置:
2025-11-26 10:17:15,368 - INFO -   数据集路径: /root/autodl-fs/datasets/DAIR-V2X
2025-11-26 10:17:15,368 - INFO -   训练轮数: 200
2025-11-26 10:17:15,368 - INFO -   批次大小: 64
2025-11-26 10:17:15,368 - INFO -   新组件学习率: 0.0001
2025-11-26 10:17:15,368 - INFO -   预训练组件学习率: 1e-05
2025-11-26 10:17:15,368 - INFO -   输出目录: logs/rtdetr_r34_20251126_045005
2025-11-26 10:17:15,368 - INFO -   预训练权重: pretrained/rtdetrv2_r34vd_120e_coco_ema.pth
2025-11-26 10:17:15,368 - INFO -   恢复检查点: logs/rtdetr_r34_20251126_045005/latest_checkpoint.pth
2025-11-26 10:17:15,368 - INFO - ================================================================================
2025-11-26 10:17:15,496 - INFO - ✓ Backbone: presnet34
2025-11-26 10:17:15,496 - INFO - ✓ HybridEncoder: in_channels=[128, 256, 512], expansion=0.5
2025-11-26 10:17:15,555 - INFO - ✓ Decoder配置: 4层, hidden_dim=256, queries=100
2025-11-26 10:17:15,555 - INFO - ✓ 模型创建完成（已启用backbone预训练）
2025-11-26 10:17:15,555 - INFO - ℹ️  使用随机初始化权重
2025-11-26 10:17:15,753 - INFO - ✓ 已启用GPU优化: cudnn.benchmark=True, TF32=True
2025-11-26 10:17:17,478 - INFO - ✓ 预训练参数组: 201 个参数, lr=1e-05
2025-11-26 10:17:17,480 - INFO - ✓ Norm层参数组: 122 个参数, lr=0.0001, wd=0
2025-11-26 10:17:17,482 - INFO - ✓ 使用CosineAnnealingLR调度器 (eta_min=1e-06)
2025-11-26 10:17:17,482 - INFO - ✓ 学习率预热: 3 轮
2025-11-26 10:17:17,561 - INFO - ✓ EMA decay=0.9999, 混合精度训练已启用
2025-11-26 10:17:17,561 - INFO - ✓ 推理样本输出目录: logs/rtdetr_r34_20251126_045005/inference_samples
2025-11-26 10:17:17,561 - INFO - ⏱️  Early Stopping: 启用 (patience=35, metric=mAP_0.5_0.95, mode=max)
2025-11-26 10:17:17,561 - INFO - ✓ 梯度裁剪: max_norm=10.0
2025-11-26 10:17:17,562 - INFO - 📦 从检查点恢复训练: logs/rtdetr_r34_20251126_045005/latest_checkpoint.pth
2025-11-26 10:17:18,060 - INFO - ✓ 已恢复训练历史记录
2025-11-26 10:17:18,060 - INFO - ✓ 已恢复Early Stopping状态
2025-11-26 10:17:18,060 - INFO - ✓ 从epoch 39恢复训练
2025-11-26 10:17:18,060 - INFO - ✓ 历史最佳指标: 0.0
2025-11-26 10:17:18,060 - INFO - ✓ 最佳loss: 0.9447, 最佳mAP: 0.5567
2025-11-26 10:17:18,060 - INFO - ================================================================================
2025-11-26 10:17:18,060 - INFO - 训练配置摘要:
2025-11-26 10:17:18,060 - INFO -   - 训练轮数: 200
2025-11-26 10:17:18,060 - INFO -   - 批次大小: 64
2025-11-26 10:17:18,061 - INFO -   - 新组件学习率: 0.0001
2025-11-26 10:17:18,061 - INFO -   - 预训练组件学习率: 1e-05
2025-11-26 10:17:18,061 - INFO -   - Weight decay: 0.0001
2025-11-26 10:17:18,061 - INFO -   - Warmup轮数: 3
2025-11-26 10:17:18,061 - INFO -   - 梯度裁剪: 10.0
2025-11-26 10:17:18,061 - INFO -   - 设备: cuda
2025-11-26 10:17:18,061 - INFO - ================================================================================
2025-11-26 10:17:18,061 - INFO - 开始训练 200 epochs
2025-11-26 10:17:38,309 - INFO - Epoch 39 | Batch 0 | Loss: 8.23 (Det: 0.92)
2025-11-26 10:18:33,486 - INFO - Epoch 39 | Batch 50 | Loss: 8.17 (Det: 0.91)
2025-11-26 10:20:47,780 - INFO - Epoch 39:
2025-11-26 10:20:47,781 - INFO -   训练损失: 8.13 | 验证损失: 0.93
2025-11-26 10:20:47,782 - INFO -   预测/目标: 201600/93434
2025-11-26 10:20:47,782 - INFO -   🎉 新的最佳验证损失: 0.93
2025-11-26 10:20:47,782 - INFO -   🎉 新的最佳mAP: 0.5620
2025-11-26 10:20:49,146 - INFO - 💾 保存最佳模型: logs/rtdetr_r34_20251126_045005/best_model.pth
2025-11-26 10:21:58,825 - INFO -   每个类别的 mAP@0.5:0.95:
2025-11-26 10:21:58,825 - INFO -     Car         : 0.7469
2025-11-26 10:21:58,825 - INFO -     Truck       : 0.4713
2025-11-26 10:21:58,825 - INFO -     Van         : 0.4994
2025-11-26 10:21:58,825 - INFO -     Bus         : 0.7290
2025-11-26 10:21:58,825 - INFO -     Pedestrian  : 0.4105
2025-11-26 10:21:58,825 - INFO -     Cyclist     : 0.5591
2025-11-26 10:21:58,825 - INFO -     Motorcyclist: 0.4606
2025-11-26 10:21:58,825 - INFO -     Trafficcone : 0.6195
2025-11-26 10:21:59,034 - INFO -   mAP_0.5_0.95 提升到 0.5620 (最佳epoch: 39)
2025-11-26 10:22:00,047 - INFO - 💾 保存最新检查点: logs/rtdetr_r34_20251126_045005/latest_checkpoint.pth
2025-11-26 10:22:06,118 - INFO - Epoch 40 | Batch 0 | Loss: 8.03 (Det: 0.89)
2025-11-26 10:22:55,506 - INFO - Epoch 40 | Batch 50 | Loss: 8.01 (Det: 0.89)
2025-11-26 10:24:19,842 - INFO - Epoch 40:
2025-11-26 10:24:19,842 - INFO -   训练损失: 8.06 | 验证损失: 0.93
2025-11-26 10:24:19,843 - INFO -   预测/目标: 201600/93434
2025-11-26 10:24:19,843 - INFO -   🎉 新的最佳验证损失: 0.93
2025-11-26 10:24:19,843 - INFO -   🎉 新的最佳mAP: 0.5647
2025-11-26 10:24:20,779 - INFO - 💾 保存最佳模型: logs/rtdetr_r34_20251126_045005/best_model.pth
2025-11-26 10:25:34,949 - INFO -   每个类别的 mAP@0.5:0.95:
2025-11-26 10:25:34,949 - INFO -     Car         : 0.7497
2025-11-26 10:25:34,949 - INFO -     Truck       : 0.4749
2025-11-26 10:25:34,949 - INFO -     Van         : 0.4882
2025-11-26 10:25:34,949 - INFO -     Bus         : 0.7419
2025-11-26 10:25:34,949 - INFO -     Pedestrian  : 0.4145
2025-11-26 10:25:34,949 - INFO -     Cyclist     : 0.5627
2025-11-26 10:25:34,949 - INFO -     Motorcyclist: 0.4648
2025-11-26 10:25:34,950 - INFO -     Trafficcone : 0.6206
2025-11-26 10:25:35,350 - INFO -   mAP_0.5_0.95 提升到 0.5647 (最佳epoch: 40)
2025-11-26 10:25:36,766 - INFO - 💾 保存最新检查点: logs/rtdetr_r34_20251126_045005/latest_checkpoint.pth
2025-11-26 10:25:41,936 - INFO - Epoch 41 | Batch 0 | Loss: 8.06 (Det: 0.90)
2025-11-26 10:26:34,535 - INFO - Epoch 41 | Batch 50 | Loss: 7.94 (Det: 0.88)
2025-11-26 10:28:22,547 - INFO - Epoch 41:
2025-11-26 10:28:22,548 - INFO -   训练损失: 8.00 | 验证损失: 0.92
2025-11-26 10:28:22,548 - INFO -   预测/目标: 201600/93434
2025-11-26 10:28:22,548 - INFO -   🎉 新的最佳验证损失: 0.92
2025-11-26 10:28:22,548 - INFO -   🎉 新的最佳mAP: 0.5682
2025-11-26 10:28:23,551 - INFO - 💾 保存最佳模型: logs/rtdetr_r34_20251126_045005/best_model.pth
2025-11-26 10:29:39,388 - INFO -   每个类别的 mAP@0.5:0.95:
2025-11-26 10:29:39,389 - INFO -     Car         : 0.7554
2025-11-26 10:29:39,389 - INFO -     Truck       : 0.4823
2025-11-26 10:29:39,389 - INFO -     Van         : 0.4918
2025-11-26 10:29:39,389 - INFO -     Bus         : 0.7419
2025-11-26 10:29:39,389 - INFO -     Pedestrian  : 0.4151
2025-11-26 10:29:39,389 - INFO -     Cyclist     : 0.5658
2025-11-26 10:29:39,389 - INFO -     Motorcyclist: 0.4732
2025-11-26 10:29:39,389 - INFO -     Trafficcone : 0.6198
2025-11-26 10:29:39,603 - INFO -   mAP_0.5_0.95 提升到 0.5682 (最佳epoch: 41)
2025-11-26 10:29:40,523 - INFO - 💾 保存最新检查点: logs/rtdetr_r34_20251126_045005/latest_checkpoint.pth
2025-11-26 10:29:45,811 - INFO - Epoch 42 | Batch 0 | Loss: 7.92 (Det: 0.88)
2025-11-26 10:30:39,873 - INFO - Epoch 42 | Batch 50 | Loss: 8.02 (Det: 0.90)
2025-11-26 10:32:29,389 - INFO - Epoch 42:
2025-11-26 10:32:29,390 - INFO -   训练损失: 7.92 | 验证损失: 0.93
2025-11-26 10:32:29,390 - INFO -   预测/目标: 201600/93434
2025-11-26 10:32:29,390 - INFO -   ⏳ mAP_0.5_0.95 无改善 (1/35), 最佳值: 0.5682 (epoch 41)
2025-11-26 10:32:30,295 - INFO - 💾 保存最新检查点: logs/rtdetr_r34_20251126_045005/latest_checkpoint.pth
2025-11-26 10:32:36,271 - INFO - Epoch 43 | Batch 0 | Loss: 7.91 (Det: 0.88)
2025-11-26 10:33:28,883 - INFO - Epoch 43 | Batch 50 | Loss: 7.75 (Det: 0.86)
2025-11-26 10:35:20,046 - INFO - Epoch 43:
2025-11-26 10:35:20,047 - INFO -   训练损失: 7.86 | 验证损失: 0.92
2025-11-26 10:35:20,047 - INFO -   预测/目标: 201600/93434
2025-11-26 10:35:20,047 - INFO -   🎉 新的最佳验证损失: 0.92
2025-11-26 10:35:20,047 - INFO -   🎉 新的最佳mAP: 0.5692
2025-11-26 10:35:20,984 - INFO - 💾 保存最佳模型: logs/rtdetr_r34_20251126_045005/best_model.pth
2025-11-26 10:36:51,607 - INFO -   每个类别的 mAP@0.5:0.95:
2025-11-26 10:36:51,607 - INFO -     Car         : 0.7569
2025-11-26 10:36:51,607 - INFO -     Truck       : 0.4790
2025-11-26 10:36:51,607 - INFO -     Van         : 0.4897
2025-11-26 10:36:51,607 - INFO -     Bus         : 0.7459
2025-11-26 10:36:51,607 - INFO -     Pedestrian  : 0.4224
2025-11-26 10:36:51,607 - INFO -     Cyclist     : 0.5605
2025-11-26 10:36:51,607 - INFO -     Motorcyclist: 0.4769
2025-11-26 10:36:51,607 - INFO -     Trafficcone : 0.6224
2025-11-26 10:36:51,815 - INFO -   mAP_0.5_0.95 提升到 0.5692 (最佳epoch: 43)
2025-11-26 10:36:52,383 - INFO - 💾 保存最新检查点: logs/rtdetr_r34_20251126_045005/latest_checkpoint.pth
2025-11-26 10:36:57,358 - INFO - Epoch 44 | Batch 0 | Loss: 7.76 (Det: 0.86)
2025-11-26 10:37:46,847 - INFO - Epoch 44 | Batch 50 | Loss: 8.02 (Det: 0.89)
2025-11-26 10:39:42,478 - INFO - Epoch 44:
2025-11-26 10:39:42,479 - INFO -   训练损失: 7.83 | 验证损失: 0.92
2025-11-26 10:39:42,479 - INFO -   预测/目标: 201600/93434
2025-11-26 10:39:42,479 - INFO -   🎉 新的最佳验证损失: 0.92
2025-11-26 10:39:42,479 - INFO -   🎉 新的最佳mAP: 0.5727
2025-11-26 10:39:43,420 - INFO - 💾 保存最佳模型: logs/rtdetr_r34_20251126_045005/best_model.pth
2025-11-26 10:41:11,621 - INFO -   每个类别的 mAP@0.5:0.95:
2025-11-26 10:41:11,621 - INFO -     Car         : 0.7595
2025-11-26 10:41:11,621 - INFO -     Truck       : 0.4946
2025-11-26 10:41:11,621 - INFO -     Van         : 0.4801
2025-11-26 10:41:11,621 - INFO -     Bus         : 0.7545
2025-11-26 10:41:11,621 - INFO -     Pedestrian  : 0.4244
2025-11-26 10:41:11,621 - INFO -     Cyclist     : 0.5671
2025-11-26 10:41:11,622 - INFO -     Motorcyclist: 0.4786
2025-11-26 10:41:11,622 - INFO -     Trafficcone : 0.6225
2025-11-26 10:41:11,829 - INFO -   mAP_0.5_0.95 提升到 0.5727 (最佳epoch: 44)
2025-11-26 10:41:12,738 - INFO - 💾 保存最新检查点: logs/rtdetr_r34_20251126_045005/latest_checkpoint.pth
2025-11-26 10:41:19,687 - INFO - Epoch 45 | Batch 0 | Loss: 7.88 (Det: 0.87)
2025-11-26 10:42:01,671 - INFO - Epoch 45 | Batch 50 | Loss: 7.59 (Det: 0.84)
2025-11-26 10:43:20,242 - INFO - Epoch 45:
2025-11-26 10:43:20,243 - INFO -   训练损失: 7.77 | 验证损失: 0.91
2025-11-26 10:43:20,243 - INFO -   预测/目标: 201600/93434
2025-11-26 10:43:20,243 - INFO -   🎉 新的最佳验证损失: 0.91
2025-11-26 10:43:20,243 - INFO -   🎉 新的最佳mAP: 0.5756
2025-11-26 10:43:21,289 - INFO - 💾 保存最佳模型: logs/rtdetr_r34_20251126_045005/best_model.pth
2025-11-26 10:44:17,535 - INFO -   每个类别的 mAP@0.5:0.95:
2025-11-26 10:44:17,535 - INFO -     Car         : 0.7617
2025-11-26 10:44:17,535 - INFO -     Truck       : 0.4938
2025-11-26 10:44:17,535 - INFO -     Van         : 0.4883
2025-11-26 10:44:17,535 - INFO -     Bus         : 0.7578
2025-11-26 10:44:17,535 - INFO -     Pedestrian  : 0.4295
2025-11-26 10:44:17,535 - INFO -     Cyclist     : 0.5720
2025-11-26 10:44:17,535 - INFO -     Motorcyclist: 0.4770
2025-11-26 10:44:17,535 - INFO -     Trafficcone : 0.6243
2025-11-26 10:44:17,747 - INFO -   mAP_0.5_0.95 提升到 0.5756 (最佳epoch: 45)
2025-11-26 10:44:18,753 - INFO - 💾 保存最新检查点: logs/rtdetr_r34_20251126_045005/latest_checkpoint.pth
2025-11-26 10:44:23,415 - INFO - Epoch 46 | Batch 0 | Loss: 7.65 (Det: 0.84)
2025-11-26 10:45:07,948 - INFO - Epoch 46 | Batch 50 | Loss: 7.68 (Det: 0.85)
2025-11-26 10:46:24,492 - INFO - Epoch 46:
2025-11-26 10:46:24,494 - INFO -   训练损失: 7.70 | 验证损失: 0.91
2025-11-26 10:46:24,494 - INFO -   预测/目标: 201600/93434
2025-11-26 10:46:24,494 - INFO -   🎉 新的最佳验证损失: 0.91
2025-11-26 10:46:24,494 - INFO -   🎉 新的最佳mAP: 0.5779
2025-11-26 10:46:25,431 - INFO - 💾 保存最佳模型: logs/rtdetr_r34_20251126_045005/best_model.pth
2025-11-26 10:47:21,898 - INFO -   每个类别的 mAP@0.5:0.95:
2025-11-26 10:47:21,898 - INFO -     Car         : 0.7636
2025-11-26 10:47:21,898 - INFO -     Truck       : 0.4862
2025-11-26 10:47:21,898 - INFO -     Van         : 0.4934
2025-11-26 10:47:21,898 - INFO -     Bus         : 0.7661
2025-11-26 10:47:21,898 - INFO -     Pedestrian  : 0.4341
2025-11-26 10:47:21,898 - INFO -     Cyclist     : 0.5721
2025-11-26 10:47:21,898 - INFO -     Motorcyclist: 0.4844
2025-11-26 10:47:21,898 - INFO -     Trafficcone : 0.6234
2025-11-26 10:47:22,110 - INFO -   mAP_0.5_0.95 提升到 0.5779 (最佳epoch: 46)
2025-11-26 10:47:23,040 - INFO - 💾 保存最新检查点: logs/rtdetr_r34_20251126_045005/latest_checkpoint.pth
2025-11-26 10:47:30,156 - INFO - Epoch 47 | Batch 0 | Loss: 7.55 (Det: 0.84)
2025-11-26 10:48:11,973 - INFO - Epoch 47 | Batch 50 | Loss: 7.50 (Det: 0.82)
2025-11-26 10:49:30,247 - INFO - Epoch 47:
2025-11-26 10:49:30,248 - INFO -   训练损失: 7.66 | 验证损失: 0.90
2025-11-26 10:49:30,248 - INFO -   预测/目标: 201600/93434
2025-11-26 10:49:30,248 - INFO -   🎉 新的最佳验证损失: 0.90
2025-11-26 10:49:30,248 - INFO -   🎉 新的最佳mAP: 0.5796
2025-11-26 10:49:31,120 - INFO - 💾 保存最佳模型: logs/rtdetr_r34_20251126_045005/best_model.pth
2025-11-26 10:50:27,353 - INFO -   每个类别的 mAP@0.5:0.95:
2025-11-26 10:50:27,354 - INFO -     Car         : 0.7658
2025-11-26 10:50:27,354 - INFO -     Truck       : 0.4923
2025-11-26 10:50:27,354 - INFO -     Van         : 0.4991
2025-11-26 10:50:27,354 - INFO -     Bus         : 0.7633
2025-11-26 10:50:27,354 - INFO -     Pedestrian  : 0.4357
2025-11-26 10:50:27,354 - INFO -     Cyclist     : 0.5730
2025-11-26 10:50:27,354 - INFO -     Motorcyclist: 0.4827
2025-11-26 10:50:27,354 - INFO -     Trafficcone : 0.6247
2025-11-26 10:50:27,563 - INFO -   mAP_0.5_0.95 提升到 0.5796 (最佳epoch: 47)
2025-11-26 10:50:28,563 - INFO - 💾 保存最新检查点: logs/rtdetr_r34_20251126_045005/latest_checkpoint.pth
2025-11-26 10:50:33,232 - INFO - Epoch 48 | Batch 0 | Loss: 7.46 (Det: 0.82)
2025-11-26 10:51:15,737 - INFO - Epoch 48 | Batch 50 | Loss: 7.73 (Det: 0.85)
2025-11-26 10:52:32,807 - INFO - Epoch 48:
2025-11-26 10:52:32,807 - INFO -   训练损失: 7.62 | 验证损失: 0.91
2025-11-26 10:52:32,807 - INFO -   预测/目标: 201600/93434
2025-11-26 10:52:32,808 - INFO -   🎉 新的最佳mAP: 0.5823
2025-11-26 10:52:33,817 - INFO - 💾 保存最佳模型: logs/rtdetr_r34_20251126_045005/best_model.pth
2025-11-26 10:53:30,627 - INFO -   每个类别的 mAP@0.5:0.95:
2025-11-26 10:53:30,627 - INFO -     Car         : 0.7677
2025-11-26 10:53:30,627 - INFO -     Truck       : 0.4992
2025-11-26 10:53:30,627 - INFO -     Van         : 0.5007
2025-11-26 10:53:30,627 - INFO -     Bus         : 0.7648
2025-11-26 10:53:30,627 - INFO -     Pedestrian  : 0.4391
2025-11-26 10:53:30,627 - INFO -     Cyclist     : 0.5733
2025-11-26 10:53:30,627 - INFO -     Motorcyclist: 0.4883
2025-11-26 10:53:30,627 - INFO -     Trafficcone : 0.6254
2025-11-26 10:53:30,829 - INFO -   mAP_0.5_0.95 提升到 0.5823 (最佳epoch: 48)
2025-11-26 10:53:31,762 - INFO - 💾 保存最新检查点: logs/rtdetr_r34_20251126_045005/latest_checkpoint.pth
2025-11-26 10:53:36,050 - INFO - Epoch 49 | Batch 0 | Loss: 7.53 (Det: 0.83)
2025-11-26 10:54:19,254 - INFO - Epoch 49 | Batch 50 | Loss: 7.61 (Det: 0.84)
2025-11-26 10:55:35,460 - INFO - Epoch 49:
2025-11-26 10:55:35,461 - INFO -   训练损失: 7.56 | 验证损失: 0.90
2025-11-26 10:55:35,461 - INFO -   预测/目标: 201600/93434
2025-11-26 10:55:35,461 - INFO -   🎉 新的最佳验证损失: 0.90
2025-11-26 10:55:35,461 - INFO -   🎉 新的最佳mAP: 0.5840
2025-11-26 10:55:36,354 - INFO - 💾 保存最佳模型: logs/rtdetr_r34_20251126_045005/best_model.pth
2025-11-26 10:56:32,826 - INFO -   每个类别的 mAP@0.5:0.95:
2025-11-26 10:56:32,826 - INFO -     Car         : 0.7680
2025-11-26 10:56:32,826 - INFO -     Truck       : 0.4957
2025-11-26 10:56:32,826 - INFO -     Van         : 0.5101
2025-11-26 10:56:32,827 - INFO -     Bus         : 0.7679
2025-11-26 10:56:32,827 - INFO -     Pedestrian  : 0.4421
2025-11-26 10:56:32,827 - INFO -     Cyclist     : 0.5758
2025-11-26 10:56:32,827 - INFO -     Motorcyclist: 0.4875
2025-11-26 10:56:32,827 - INFO -     Trafficcone : 0.6252
2025-11-26 10:56:33,028 - INFO -   mAP_0.5_0.95 提升到 0.5840 (最佳epoch: 49)
2025-11-26 10:56:34,032 - INFO - 💾 保存最新检查点: logs/rtdetr_r34_20251126_045005/latest_checkpoint.pth
2025-11-26 10:56:42,089 - INFO - Epoch 50 | Batch 0 | Loss: 7.42 (Det: 0.81)
2025-11-26 10:57:28,962 - INFO - Epoch 50 | Batch 50 | Loss: 7.52 (Det: 0.82)
2025-11-26 10:59:43,905 - INFO - Epoch 50:
2025-11-26 10:59:43,909 - INFO -   训练损失: 7.50 | 验证损失: 0.90
2025-11-26 10:59:43,910 - INFO -   预测/目标: 201600/93434
2025-11-26 10:59:43,910 - INFO -   🎉 新的最佳验证损失: 0.90
2025-11-26 10:59:43,910 - INFO -   🎉 新的最佳mAP: 0.5840
2025-11-26 10:59:45,302 - INFO - 💾 保存最佳模型: logs/rtdetr_r34_20251126_045005/best_model.pth
2025-11-26 11:00:51,059 - INFO -   每个类别的 mAP@0.5:0.95:
2025-11-26 11:00:51,060 - INFO -     Car         : 0.7687
2025-11-26 11:00:51,060 - INFO -     Truck       : 0.4986
2025-11-26 11:00:51,060 - INFO -     Van         : 0.5026
2025-11-26 11:00:51,060 - INFO -     Bus         : 0.7684
2025-11-26 11:00:51,060 - INFO -     Pedestrian  : 0.4428
2025-11-26 11:00:51,060 - INFO -     Cyclist     : 0.5777
2025-11-26 11:00:51,060 - INFO -     Motorcyclist: 0.4875
2025-11-26 11:00:51,060 - INFO -     Trafficcone : 0.6260
2025-11-26 11:00:51,275 - INFO -   ⏳ mAP_0.5_0.95 无改善 (1/35), 最佳值: 0.5840 (epoch 49)
2025-11-26 11:00:52,137 - INFO - 💾 保存最新检查点: logs/rtdetr_r34_20251126_045005/latest_checkpoint.pth
2025-11-26 11:01:02,895 - INFO - Epoch 51 | Batch 0 | Loss: 7.31 (Det: 0.79)
2025-11-26 11:01:45,142 - INFO - Epoch 51 | Batch 50 | Loss: 7.48 (Det: 0.82)
2025-11-26 11:03:02,223 - INFO - Epoch 51:
2025-11-26 11:03:02,224 - INFO -   训练损失: 7.48 | 验证损失: 0.90
2025-11-26 11:03:02,224 - INFO -   预测/目标: 201600/93434
2025-11-26 11:03:02,224 - INFO -   🎉 新的最佳mAP: 0.5853
2025-11-26 11:03:03,072 - INFO - 💾 保存最佳模型: logs/rtdetr_r34_20251126_045005/best_model.pth
2025-11-26 11:03:58,156 - INFO -   每个类别的 mAP@0.5:0.95:
2025-11-26 11:03:58,156 - INFO -     Car         : 0.7685
2025-11-26 11:03:58,156 - INFO -     Truck       : 0.5001
2025-11-26 11:03:58,156 - INFO -     Van         : 0.5075
2025-11-26 11:03:58,156 - INFO -     Bus         : 0.7662
2025-11-26 11:03:58,156 - INFO -     Pedestrian  : 0.4439
2025-11-26 11:03:58,157 - INFO -     Cyclist     : 0.5780
2025-11-26 11:03:58,157 - INFO -     Motorcyclist: 0.4902
2025-11-26 11:03:58,157 - INFO -     Trafficcone : 0.6284
2025-11-26 11:03:58,326 - INFO -   mAP_0.5_0.95 提升到 0.5853 (最佳epoch: 51)
2025-11-26 11:03:59,249 - INFO - 💾 保存最新检查点: logs/rtdetr_r34_20251126_045005/latest_checkpoint.pth
2025-11-26 11:04:03,236 - INFO - Epoch 52 | Batch 0 | Loss: 7.29 (Det: 0.80)
2025-11-26 11:04:44,192 - INFO - Epoch 52 | Batch 50 | Loss: 7.44 (Det: 0.82)
2025-11-26 11:06:00,657 - INFO - Epoch 52:
2025-11-26 11:06:00,658 - INFO -   训练损失: 7.44 | 验证损失: 0.90
2025-11-26 11:06:00,658 - INFO -   预测/目标: 201600/93434
2025-11-26 11:06:00,658 - INFO -   🎉 新的最佳mAP: 0.5861
2025-11-26 11:06:01,622 - INFO - 💾 保存最佳模型: logs/rtdetr_r34_20251126_045005/best_model.pth
2025-11-26 11:06:57,402 - INFO -   每个类别的 mAP@0.5:0.95:
2025-11-26 11:06:57,402 - INFO -     Car         : 0.7676
2025-11-26 11:06:57,402 - INFO -     Truck       : 0.5006
2025-11-26 11:06:57,402 - INFO -     Van         : 0.5107
2025-11-26 11:06:57,402 - INFO -     Bus         : 0.7692
2025-11-26 11:06:57,402 - INFO -     Pedestrian  : 0.4461
2025-11-26 11:06:57,402 - INFO -     Cyclist     : 0.5759
2025-11-26 11:06:57,402 - INFO -     Motorcyclist: 0.4915
2025-11-26 11:06:57,402 - INFO -     Trafficcone : 0.6270
2025-11-26 11:06:57,606 - INFO -   mAP_0.5_0.95 提升到 0.5861 (最佳epoch: 52)
2025-11-26 11:06:58,477 - INFO - 💾 保存最新检查点: logs/rtdetr_r34_20251126_045005/latest_checkpoint.pth
2025-11-26 11:07:04,672 - INFO - Epoch 53 | Batch 0 | Loss: 7.25 (Det: 0.80)
2025-11-26 11:07:45,390 - INFO - Epoch 53 | Batch 50 | Loss: 7.59 (Det: 0.84)
2025-11-26 11:09:00,944 - INFO - Epoch 53:
2025-11-26 11:09:00,945 - INFO -   训练损失: 7.38 | 验证损失: 0.89
2025-11-26 11:09:00,945 - INFO -   预测/目标: 201600/93434
2025-11-26 11:09:00,945 - INFO -   🎉 新的最佳验证损失: 0.89
2025-11-26 11:09:00,945 - INFO -   ⏳ mAP_0.5_0.95 无改善 (1/35), 最佳值: 0.5861 (epoch 52)
2025-11-26 11:09:01,418 - INFO - 💾 保存最新检查点: logs/rtdetr_r34_20251126_045005/latest_checkpoint.pth
2025-11-26 11:09:06,172 - INFO - Epoch 54 | Batch 0 | Loss: 7.19 (Det: 0.79)
2025-11-26 11:09:47,524 - INFO - Epoch 54 | Batch 50 | Loss: 7.29 (Det: 0.80)
2025-11-26 11:11:03,655 - INFO - Epoch 54:
2025-11-26 11:11:03,656 - INFO -   训练损失: 7.35 | 验证损失: 0.90
2025-11-26 11:11:03,656 - INFO -   预测/目标: 201600/93434
2025-11-26 11:11:03,656 - INFO -   🎉 新的最佳mAP: 0.5866
2025-11-26 11:11:04,563 - INFO - 💾 保存最佳模型: logs/rtdetr_r34_20251126_045005/best_model.pth
2025-11-26 11:12:00,295 - INFO -   每个类别的 mAP@0.5:0.95:
2025-11-26 11:12:00,295 - INFO -     Car         : 0.7711
2025-11-26 11:12:00,295 - INFO -     Truck       : 0.4985
2025-11-26 11:12:00,295 - INFO -     Van         : 0.5045
2025-11-26 11:12:00,295 - INFO -     Bus         : 0.7726
2025-11-26 11:12:00,295 - INFO -     Pedestrian  : 0.4492
2025-11-26 11:12:00,295 - INFO -     Cyclist     : 0.5761
2025-11-26 11:12:00,295 - INFO -     Motorcyclist: 0.4906
2025-11-26 11:12:00,295 - INFO -     Trafficcone : 0.6297
2025-11-26 11:12:00,503 - INFO -   mAP_0.5_0.95 提升到 0.5866 (最佳epoch: 54)
2025-11-26 11:12:01,385 - INFO - 💾 保存最新检查点: logs/rtdetr_r34_20251126_045005/latest_checkpoint.pth
2025-11-26 11:12:05,602 - INFO - Epoch 55 | Batch 0 | Loss: 7.37 (Det: 0.81)
2025-11-26 11:12:48,625 - INFO - Epoch 55 | Batch 50 | Loss: 7.35 (Det: 0.81)
2025-11-26 11:14:05,364 - INFO - Epoch 55:
2025-11-26 11:14:05,365 - INFO -   训练损失: 7.30 | 验证损失: 0.89
2025-11-26 11:14:05,365 - INFO -   预测/目标: 201600/93434
2025-11-26 11:14:05,365 - INFO -   🎉 新的最佳验证损失: 0.89
2025-11-26 11:14:05,365 - INFO -   ⏳ mAP_0.5_0.95 无改善 (1/35), 最佳值: 0.5866 (epoch 54)
2025-11-26 11:14:06,322 - INFO - 💾 保存最新检查点: logs/rtdetr_r34_20251126_045005/latest_checkpoint.pth
2025-11-26 11:14:14,410 - INFO - Epoch 56 | Batch 0 | Loss: 7.48 (Det: 0.82)
2025-11-26 11:14:54,979 - INFO - Epoch 56 | Batch 50 | Loss: 7.24 (Det: 0.79)
2025-11-26 11:16:13,003 - INFO - Epoch 56:
2025-11-26 11:16:13,005 - INFO -   训练损失: 7.25 | 验证损失: 0.90
2025-11-26 11:16:13,005 - INFO -   预测/目标: 201600/93434
2025-11-26 11:16:13,005 - INFO -   🎉 新的最佳mAP: 0.5867
2025-11-26 11:16:13,938 - INFO - 💾 保存最佳模型: logs/rtdetr_r34_20251126_045005/best_model.pth
2025-11-26 11:17:10,006 - INFO -   每个类别的 mAP@0.5:0.95:
2025-11-26 11:17:10,006 - INFO -     Car         : 0.7715
2025-11-26 11:17:10,006 - INFO -     Truck       : 0.5014
2025-11-26 11:17:10,006 - INFO -     Van         : 0.5054
2025-11-26 11:17:10,006 - INFO -     Bus         : 0.7693
2025-11-26 11:17:10,006 - INFO -     Pedestrian  : 0.4504
2025-11-26 11:17:10,006 - INFO -     Cyclist     : 0.5745
2025-11-26 11:17:10,006 - INFO -     Motorcyclist: 0.4932
2025-11-26 11:17:10,006 - INFO -     Trafficcone : 0.6282
2025-11-26 11:17:10,161 - INFO -   mAP_0.5_0.95 提升到 0.5867 (最佳epoch: 56)
2025-11-26 11:17:11,115 - INFO - 💾 保存最新检查点: logs/rtdetr_r34_20251126_045005/latest_checkpoint.pth
2025-11-26 11:17:15,614 - INFO - Epoch 57 | Batch 0 | Loss: 7.18 (Det: 0.78)
2025-11-26 11:17:57,813 - INFO - Epoch 57 | Batch 50 | Loss: 7.35 (Det: 0.80)
2025-11-26 11:19:16,429 - INFO - Epoch 57:
2025-11-26 11:19:16,429 - INFO -   训练损失: 7.23 | 验证损失: 0.89
2025-11-26 11:19:16,430 - INFO -   预测/目标: 201600/93434
2025-11-26 11:19:16,430 - INFO -   🎉 新的最佳mAP: 0.5876
2025-11-26 11:19:17,436 - INFO - 💾 保存最佳模型: logs/rtdetr_r34_20251126_045005/best_model.pth
2025-11-26 11:20:13,679 - INFO -   每个类别的 mAP@0.5:0.95:
2025-11-26 11:20:13,679 - INFO -     Car         : 0.7717
2025-11-26 11:20:13,679 - INFO -     Truck       : 0.5090
2025-11-26 11:20:13,679 - INFO -     Van         : 0.5053
2025-11-26 11:20:13,679 - INFO -     Bus         : 0.7702
2025-11-26 11:20:13,679 - INFO -     Pedestrian  : 0.4500
2025-11-26 11:20:13,679 - INFO -     Cyclist     : 0.5745
2025-11-26 11:20:13,679 - INFO -     Motorcyclist: 0.4906
2025-11-26 11:20:13,679 - INFO -     Trafficcone : 0.6296
2025-11-26 11:20:13,828 - INFO -   mAP_0.5_0.95 提升到 0.5876 (最佳epoch: 57)
2025-11-26 11:20:14,756 - INFO - 💾 保存最新检查点: logs/rtdetr_r34_20251126_045005/latest_checkpoint.pth
2025-11-26 11:20:20,798 - INFO - Epoch 58 | Batch 0 | Loss: 7.09 (Det: 0.77)
2025-11-26 11:21:03,253 - INFO - Epoch 58 | Batch 50 | Loss: 7.20 (Det: 0.78)
2025-11-26 11:22:21,282 - INFO - Epoch 58:
2025-11-26 11:22:21,283 - INFO -   训练损失: 7.20 | 验证损失: 0.89
2025-11-26 11:22:21,283 - INFO -   预测/目标: 201600/93434
2025-11-26 11:22:21,284 - INFO -   ⏳ mAP_0.5_0.95 无改善 (1/35), 最佳值: 0.5876 (epoch 57)
2025-11-26 11:22:22,553 - INFO - 💾 保存最新检查点: logs/rtdetr_r34_20251126_045005/latest_checkpoint.pth
2025-11-26 11:22:29,231 - INFO - Epoch 59 | Batch 0 | Loss: 7.10 (Det: 0.78)
2025-11-26 11:23:10,872 - INFO - Epoch 59 | Batch 50 | Loss: 7.26 (Det: 0.79)
2025-11-26 11:24:30,072 - INFO - Epoch 59:
2025-11-26 11:24:30,073 - INFO -   训练损失: 7.17 | 验证损失: 0.89
2025-11-26 11:24:30,073 - INFO -   预测/目标: 201600/93434
2025-11-26 11:24:30,073 - INFO -   🎉 新的最佳mAP: 0.5879
2025-11-26 11:24:31,154 - INFO - 💾 保存最佳模型: logs/rtdetr_r34_20251126_045005/best_model.pth
2025-11-26 11:25:27,448 - INFO -   每个类别的 mAP@0.5:0.95:
2025-11-26 11:25:27,448 - INFO -     Car         : 0.7723
2025-11-26 11:25:27,448 - INFO -     Truck       : 0.5099
2025-11-26 11:25:27,448 - INFO -     Van         : 0.5028
2025-11-26 11:25:27,448 - INFO -     Bus         : 0.7725
2025-11-26 11:25:27,448 - INFO -     Pedestrian  : 0.4500
2025-11-26 11:25:27,448 - INFO -     Cyclist     : 0.5735
2025-11-26 11:25:27,448 - INFO -     Motorcyclist: 0.4933
2025-11-26 11:25:27,448 - INFO -     Trafficcone : 0.6288
2025-11-26 11:25:27,602 - INFO -   mAP_0.5_0.95 提升到 0.5879 (最佳epoch: 59)
2025-11-26 11:25:28,140 - INFO - 💾 保存最新检查点: logs/rtdetr_r34_20251126_045005/latest_checkpoint.pth
2025-11-26 11:25:35,242 - INFO - Epoch 60 | Batch 0 | Loss: 7.00 (Det: 0.75)
2025-11-26 11:26:17,536 - INFO - Epoch 60 | Batch 50 | Loss: 7.22 (Det: 0.79)
2025-11-26 11:27:36,059 - INFO - Epoch 60:
2025-11-26 11:27:36,060 - INFO -   训练损失: 7.13 | 验证损失: 0.89
2025-11-26 11:27:36,060 - INFO -   预测/目标: 201600/93434
2025-11-26 11:27:36,060 - INFO -   🎉 新的最佳验证损失: 0.89
2025-11-26 11:27:36,060 - INFO -   ⏳ mAP_0.5_0.95 无改善 (1/35), 最佳值: 0.5879 (epoch 59)
2025-11-26 11:27:37,071 - INFO - 💾 保存最新检查点: logs/rtdetr_r34_20251126_045005/latest_checkpoint.pth
2025-11-26 11:27:44,087 - INFO - Epoch 61 | Batch 0 | Loss: 7.11 (Det: 0.77)
2025-11-26 11:28:26,316 - INFO - Epoch 61 | Batch 50 | Loss: 6.92 (Det: 0.76)
2025-11-26 11:29:44,211 - INFO - Epoch 61:
2025-11-26 11:29:44,212 - INFO -   训练损失: 7.10 | 验证损失: 0.89
2025-11-26 11:29:44,212 - INFO -   预测/目标: 201600/93434
2025-11-26 11:29:44,212 - INFO -   🎉 新的最佳mAP: 0.5883
2025-11-26 11:29:45,132 - INFO - 💾 保存最佳模型: logs/rtdetr_r34_20251126_045005/best_model.pth
2025-11-26 11:30:40,896 - INFO -   每个类别的 mAP@0.5:0.95:
2025-11-26 11:30:40,896 - INFO -     Car         : 0.7720
2025-11-26 11:30:40,896 - INFO -     Truck       : 0.5096
2025-11-26 11:30:40,896 - INFO -     Van         : 0.5080
2025-11-26 11:30:40,896 - INFO -     Bus         : 0.7716
2025-11-26 11:30:40,896 - INFO -     Pedestrian  : 0.4506
2025-11-26 11:30:40,896 - INFO -     Cyclist     : 0.5722
2025-11-26 11:30:40,896 - INFO -     Motorcyclist: 0.4922
2025-11-26 11:30:40,897 - INFO -     Trafficcone : 0.6303
2025-11-26 11:30:41,057 - INFO -   mAP_0.5_0.95 提升到 0.5883 (最佳epoch: 61)
2025-11-26 11:30:42,111 - INFO - 💾 保存最新检查点: logs/rtdetr_r34_20251126_045005/latest_checkpoint.pth
2025-11-26 11:30:48,768 - INFO - Epoch 62 | Batch 0 | Loss: 7.07 (Det: 0.76)
2025-11-26 11:31:30,454 - INFO - Epoch 62 | Batch 50 | Loss: 7.13 (Det: 0.78)
2025-11-26 11:32:47,472 - INFO - Epoch 62:
2025-11-26 11:32:47,472 - INFO -   训练损失: 7.06 | 验证损失: 0.90
2025-11-26 11:32:47,473 - INFO -   预测/目标: 201600/93434
2025-11-26 11:32:47,473 - INFO -   ⏳ mAP_0.5_0.95 无改善 (1/35), 最佳值: 0.5883 (epoch 61)
2025-11-26 11:32:48,463 - INFO - 💾 保存最新检查点: logs/rtdetr_r34_20251126_045005/latest_checkpoint.pth
2025-11-26 11:32:55,192 - INFO - Epoch 63 | Batch 0 | Loss: 7.09 (Det: 0.78)
2025-11-26 11:33:36,763 - INFO - Epoch 63 | Batch 50 | Loss: 7.07 (Det: 0.77)
2025-11-26 11:34:54,478 - INFO - Epoch 63:
2025-11-26 11:34:54,478 - INFO -   训练损失: 7.02 | 验证损失: 0.90
2025-11-26 11:34:54,479 - INFO -   预测/目标: 201600/93434
2025-11-26 11:34:54,479 - INFO -   ⏳ mAP_0.5_0.95 无改善 (2/35), 最佳值: 0.5883 (epoch 61)
2025-11-26 11:34:55,468 - INFO - 💾 保存最新检查点: logs/rtdetr_r34_20251126_045005/latest_checkpoint.pth
2025-11-26 11:35:03,440 - INFO - Epoch 64 | Batch 0 | Loss: 7.03 (Det: 0.77)
2025-11-26 11:35:44,614 - INFO - Epoch 64 | Batch 50 | Loss: 7.11 (Det: 0.77)
2025-11-26 11:37:02,194 - INFO - Epoch 64:
2025-11-26 11:37:02,195 - INFO -   训练损失: 6.99 | 验证损失: 0.90
2025-11-26 11:37:02,195 - INFO -   预测/目标: 201600/93434
2025-11-26 11:37:02,195 - INFO -   ⏳ mAP_0.5_0.95 无改善 (3/35), 最佳值: 0.5883 (epoch 61)
2025-11-26 11:37:03,093 - INFO - 💾 保存最新检查点: logs/rtdetr_r34_20251126_045005/latest_checkpoint.pth
2025-11-26 11:37:10,677 - INFO - Epoch 65 | Batch 0 | Loss: 6.88 (Det: 0.74)
2025-11-26 11:37:52,532 - INFO - Epoch 65 | Batch 50 | Loss: 7.02 (Det: 0.76)
2025-11-26 11:39:10,522 - INFO - Epoch 65:
2025-11-26 11:39:10,522 - INFO -   训练损失: 6.96 | 验证损失: 0.90
2025-11-26 11:39:10,522 - INFO -   预测/目标: 201600/93434
2025-11-26 11:39:10,523 - INFO -   ⏳ mAP_0.5_0.95 无改善 (4/35), 最佳值: 0.5883 (epoch 61)
2025-11-26 11:39:11,503 - INFO - 💾 保存最新检查点: logs/rtdetr_r34_20251126_045005/latest_checkpoint.pth
2025-11-26 11:39:18,076 - INFO - Epoch 66 | Batch 0 | Loss: 6.98 (Det: 0.75)
2025-11-26 11:39:59,677 - INFO - Epoch 66 | Batch 50 | Loss: 7.06 (Det: 0.76)
2025-11-26 11:41:17,398 - INFO - Epoch 66:
2025-11-26 11:41:17,398 - INFO -   训练损失: 6.94 | 验证损失: 0.90
2025-11-26 11:41:17,398 - INFO -   预测/目标: 201600/93434
2025-11-26 11:41:17,398 - INFO -   ⏳ mAP_0.5_0.95 无改善 (5/35), 最佳值: 0.5883 (epoch 61)
2025-11-26 11:41:18,452 - INFO - 💾 保存最新检查点: logs/rtdetr_r34_20251126_045005/latest_checkpoint.pth
2025-11-26 11:41:24,746 - INFO - Epoch 67 | Batch 0 | Loss: 6.89 (Det: 0.75)
2025-11-26 11:42:05,804 - INFO - Epoch 67 | Batch 50 | Loss: 7.02 (Det: 0.76)
2025-11-26 11:43:23,634 - INFO - Epoch 67:
2025-11-26 11:43:23,634 - INFO -   训练损失: 6.93 | 验证损失: 0.90
2025-11-26 11:43:23,634 - INFO -   预测/目标: 201600/93434
2025-11-26 11:43:23,635 - INFO -   🎉 新的最佳mAP: 0.5898
2025-11-26 11:43:24,616 - INFO - 💾 保存最佳模型: logs/rtdetr_r34_20251126_045005/best_model.pth
2025-11-26 11:44:20,624 - INFO -   每个类别的 mAP@0.5:0.95:
2025-11-26 11:44:20,624 - INFO -     Car         : 0.7705
2025-11-26 11:44:20,624 - INFO -     Truck       : 0.5189
2025-11-26 11:44:20,624 - INFO -     Van         : 0.5184
2025-11-26 11:44:20,624 - INFO -     Bus         : 0.7716
2025-11-26 11:44:20,624 - INFO -     Pedestrian  : 0.4507
2025-11-26 11:44:20,624 - INFO -     Cyclist     : 0.5701
2025-11-26 11:44:20,624 - INFO -     Motorcyclist: 0.4917
2025-11-26 11:44:20,624 - INFO -     Trafficcone : 0.6267
2025-11-26 11:44:20,774 - INFO -   mAP_0.5_0.95 提升到 0.5898 (最佳epoch: 67)
2025-11-26 11:44:21,782 - INFO - 💾 保存最新检查点: logs/rtdetr_r34_20251126_045005/latest_checkpoint.pth
2025-11-26 11:44:29,289 - INFO - Epoch 68 | Batch 0 | Loss: 6.73 (Det: 0.73)
2025-11-26 11:45:10,988 - INFO - Epoch 68 | Batch 50 | Loss: 6.66 (Det: 0.71)
2025-11-26 11:46:28,565 - INFO - Epoch 68:
2025-11-26 11:46:28,566 - INFO -   训练损失: 6.83 | 验证损失: 0.90
2025-11-26 11:46:28,566 - INFO -   预测/目标: 201600/93434
2025-11-26 11:46:28,566 - INFO -   ⏳ mAP_0.5_0.95 无改善 (1/35), 最佳值: 0.5898 (epoch 67)
2025-11-26 11:46:29,470 - INFO - 💾 保存最新检查点: logs/rtdetr_r34_20251126_045005/latest_checkpoint.pth
2025-11-26 11:46:37,154 - INFO - Epoch 69 | Batch 0 | Loss: 6.81 (Det: 0.73)
2025-11-26 11:47:18,709 - INFO - Epoch 69 | Batch 50 | Loss: 6.81 (Det: 0.73)
2025-11-26 11:48:36,110 - INFO - Epoch 69:
2025-11-26 11:48:36,111 - INFO -   训练损失: 6.86 | 验证损失: 0.90
2025-11-26 11:48:36,111 - INFO -   预测/目标: 201600/93434
2025-11-26 11:48:36,111 - INFO -   ⏳ mAP_0.5_0.95 无改善 (2/35), 最佳值: 0.5898 (epoch 67)
2025-11-26 11:48:37,097 - INFO - 💾 保存最新检查点: logs/rtdetr_r34_20251126_045005/latest_checkpoint.pth
2025-11-26 11:48:42,713 - INFO - Epoch 70 | Batch 0 | Loss: 6.80 (Det: 0.73)
2025-11-26 11:49:24,544 - INFO - Epoch 70 | Batch 50 | Loss: 6.89 (Det: 0.75)
2025-11-26 11:50:42,320 - INFO - Epoch 70:
2025-11-26 11:50:42,321 - INFO -   训练损失: 6.81 | 验证损失: 0.90
2025-11-26 11:50:42,321 - INFO -   预测/目标: 201600/93434
2025-11-26 11:50:42,321 - INFO -   ⏳ mAP_0.5_0.95 无改善 (3/35), 最佳值: 0.5898 (epoch 67)
2025-11-26 11:50:43,231 - INFO - 💾 保存最新检查点: logs/rtdetr_r34_20251126_045005/latest_checkpoint.pth
2025-11-26 11:50:50,040 - INFO - Epoch 71 | Batch 0 | Loss: 6.73 (Det: 0.72)
2025-11-26 11:51:32,115 - INFO - Epoch 71 | Batch 50 | Loss: 6.87 (Det: 0.74)
2025-11-26 11:52:49,644 - INFO - Epoch 71:
2025-11-26 11:52:49,645 - INFO -   训练损失: 6.76 | 验证损失: 0.90
2025-11-26 11:52:49,645 - INFO -   预测/目标: 201600/93434
2025-11-26 11:52:49,645 - INFO -   ⏳ mAP_0.5_0.95 无改善 (4/35), 最佳值: 0.5898 (epoch 67)
2025-11-26 11:52:50,564 - INFO - 💾 保存最新检查点: logs/rtdetr_r34_20251126_045005/latest_checkpoint.pth
2025-11-26 11:52:58,277 - INFO - Epoch 72 | Batch 0 | Loss: 6.86 (Det: 0.73)
2025-11-26 11:53:39,388 - INFO - Epoch 72 | Batch 50 | Loss: 6.65 (Det: 0.72)
2025-11-26 11:54:57,201 - INFO - Epoch 72:
2025-11-26 11:54:57,201 - INFO -   训练损失: 6.73 | 验证损失: 0.90
2025-11-26 11:54:57,202 - INFO -   预测/目标: 201600/93434
2025-11-26 11:54:57,202 - INFO -   ⏳ mAP_0.5_0.95 无改善 (5/35), 最佳值: 0.5898 (epoch 67)
2025-11-26 11:54:58,219 - INFO - 💾 保存最新检查点: logs/rtdetr_r34_20251126_045005/latest_checkpoint.pth
2025-11-26 11:55:05,622 - INFO - Epoch 73 | Batch 0 | Loss: 6.58 (Det: 0.70)
2025-11-26 11:55:46,872 - INFO - Epoch 73 | Batch 50 | Loss: 6.73 (Det: 0.73)
2025-11-26 11:57:03,996 - INFO - Epoch 73:
2025-11-26 11:57:03,997 - INFO -   训练损失: 6.71 | 验证损失: 0.91
2025-11-26 11:57:03,997 - INFO -   预测/目标: 201600/93434
2025-11-26 11:57:03,997 - INFO -   ⏳ mAP_0.5_0.95 无改善 (6/35), 最佳值: 0.5898 (epoch 67)
2025-11-26 11:57:04,970 - INFO - 💾 保存最新检查点: logs/rtdetr_r34_20251126_045005/latest_checkpoint.pth
2025-11-26 11:57:12,664 - INFO - Epoch 74 | Batch 0 | Loss: 6.52 (Det: 0.70)
2025-11-26 11:57:54,086 - INFO - Epoch 74 | Batch 50 | Loss: 6.71 (Det: 0.72)
2025-11-26 11:59:11,306 - INFO - Epoch 74:
2025-11-26 11:59:11,307 - INFO -   训练损失: 6.67 | 验证损失: 0.90
2025-11-26 11:59:11,307 - INFO -   预测/目标: 201600/93434
2025-11-26 11:59:11,307 - INFO -   ⏳ mAP_0.5_0.95 无改善 (7/35), 最佳值: 0.5898 (epoch 67)
2025-11-26 11:59:12,601 - INFO - 💾 保存最新检查点: logs/rtdetr_r34_20251126_045005/latest_checkpoint.pth
2025-11-26 11:59:19,580 - INFO - Epoch 75 | Batch 0 | Loss: 6.85 (Det: 0.74)
2025-11-26 12:00:00,994 - INFO - Epoch 75 | Batch 50 | Loss: 6.70 (Det: 0.72)
2025-11-26 12:01:18,946 - INFO - Epoch 75:
2025-11-26 12:01:18,946 - INFO -   训练损失: 6.65 | 验证损失: 0.91
2025-11-26 12:01:18,947 - INFO -   预测/目标: 201600/93434
2025-11-26 12:01:18,947 - INFO -   ⏳ mAP_0.5_0.95 无改善 (8/35), 最佳值: 0.5898 (epoch 67)
2025-11-26 12:01:19,926 - INFO - 💾 保存最新检查点: logs/rtdetr_r34_20251126_045005/latest_checkpoint.pth
2025-11-26 12:01:24,791 - INFO - Epoch 76 | Batch 0 | Loss: 6.52 (Det: 0.70)
2025-11-26 12:02:08,105 - INFO - Epoch 76 | Batch 50 | Loss: 6.72 (Det: 0.72)
2025-11-26 12:03:26,179 - INFO - Epoch 76:
2025-11-26 12:03:26,180 - INFO -   训练损失: 6.61 | 验证损失: 0.91
2025-11-26 12:03:26,180 - INFO -   预测/目标: 201600/93434
2025-11-26 12:03:26,180 - INFO -   ⏳ mAP_0.5_0.95 无改善 (9/35), 最佳值: 0.5898 (epoch 67)
2025-11-26 12:03:27,180 - INFO - 💾 保存最新检查点: logs/rtdetr_r34_20251126_045005/latest_checkpoint.pth
2025-11-26 12:03:34,577 - INFO - Epoch 77 | Batch 0 | Loss: 6.48 (Det: 0.69)
2025-11-26 12:04:16,179 - INFO - Epoch 77 | Batch 50 | Loss: 6.52 (Det: 0.69)
2025-11-26 12:05:33,020 - INFO - Epoch 77:
2025-11-26 12:05:33,021 - INFO -   训练损失: 6.55 | 验证损失: 0.91
2025-11-26 12:05:33,021 - INFO -   预测/目标: 201600/93434
2025-11-26 12:05:33,021 - INFO -   ⏳ mAP_0.5_0.95 无改善 (10/35), 最佳值: 0.5898 (epoch 67)
2025-11-26 12:05:33,941 - INFO - 💾 保存最新检查点: logs/rtdetr_r34_20251126_045005/latest_checkpoint.pth
2025-11-26 12:05:41,512 - INFO - Epoch 78 | Batch 0 | Loss: 6.40 (Det: 0.68)
2025-11-26 12:06:22,681 - INFO - Epoch 78 | Batch 50 | Loss: 6.30 (Det: 0.67)
2025-11-26 12:07:39,416 - INFO - Epoch 78:
2025-11-26 12:07:39,417 - INFO -   训练损失: 6.52 | 验证损失: 0.91
2025-11-26 12:07:39,417 - INFO -   预测/目标: 201600/93434
2025-11-26 12:07:39,417 - INFO -   ⏳ mAP_0.5_0.95 无改善 (11/35), 最佳值: 0.5898 (epoch 67)
2025-11-26 12:07:40,326 - INFO - 💾 保存最新检查点: logs/rtdetr_r34_20251126_045005/latest_checkpoint.pth
2025-11-26 12:07:47,716 - INFO - Epoch 79 | Batch 0 | Loss: 6.60 (Det: 0.71)
2025-11-26 12:08:29,298 - INFO - Epoch 79 | Batch 50 | Loss: 6.48 (Det: 0.68)
2025-11-26 12:09:45,922 - INFO - Epoch 79:
2025-11-26 12:09:45,923 - INFO -   训练损失: 6.51 | 验证损失: 0.92
2025-11-26 12:09:45,923 - INFO -   预测/目标: 201600/93434
2025-11-26 12:09:45,923 - INFO -   ⏳ mAP_0.5_0.95 无改善 (12/35), 最佳值: 0.5898 (epoch 67)
2025-11-26 12:09:46,833 - INFO - 💾 保存最新检查点: logs/rtdetr_r34_20251126_045005/latest_checkpoint.pth
2025-11-26 12:09:53,742 - INFO - Epoch 80 | Batch 0 | Loss: 6.62 (Det: 0.71)
2025-11-26 12:10:35,824 - INFO - Epoch 80 | Batch 50 | Loss: 6.80 (Det: 0.74)
2025-11-26 12:11:53,861 - INFO - Epoch 80:
2025-11-26 12:11:53,862 - INFO -   训练损失: 6.54 | 验证损失: 0.91
2025-11-26 12:11:53,862 - INFO -   预测/目标: 201600/93434
2025-11-26 12:11:53,862 - INFO -   ⏳ mAP_0.5_0.95 无改善 (13/35), 最佳值: 0.5898 (epoch 67)
2025-11-26 12:11:54,757 - INFO - 💾 保存最新检查点: logs/rtdetr_r34_20251126_045005/latest_checkpoint.pth
2025-11-26 12:12:02,321 - INFO - Epoch 81 | Batch 0 | Loss: 6.47 (Det: 0.69)
2025-11-26 12:12:43,559 - INFO - Epoch 81 | Batch 50 | Loss: 6.54 (Det: 0.70)
2025-11-26 12:14:01,466 - INFO - Epoch 81:
2025-11-26 12:14:01,467 - INFO -   训练损失: 6.47 | 验证损失: 0.92
2025-11-26 12:14:01,467 - INFO -   预测/目标: 201600/93434
2025-11-26 12:14:01,467 - INFO -   ⏳ mAP_0.5_0.95 无改善 (14/35), 最佳值: 0.5898 (epoch 67)
2025-11-26 12:14:02,376 - INFO - 💾 保存最新检查点: logs/rtdetr_r34_20251126_045005/latest_checkpoint.pth
2025-11-26 12:14:08,948 - INFO - Epoch 82 | Batch 0 | Loss: 6.41 (Det: 0.68)
2025-11-26 12:14:50,708 - INFO - Epoch 82 | Batch 50 | Loss: 6.37 (Det: 0.67)
2025-11-26 12:16:07,027 - INFO - Epoch 82:
2025-11-26 12:16:07,027 - INFO -   训练损失: 6.41 | 验证损失: 0.92
2025-11-26 12:16:07,027 - INFO -   预测/目标: 201600/93434
2025-11-26 12:16:07,027 - INFO -   ⏳ mAP_0.5_0.95 无改善 (15/35), 最佳值: 0.5898 (epoch 67)
2025-11-26 12:16:07,977 - INFO - 💾 保存最新检查点: logs/rtdetr_r34_20251126_045005/latest_checkpoint.pth
2025-11-26 12:16:13,089 - INFO - Epoch 83 | Batch 0 | Loss: 6.45 (Det: 0.69)
2025-11-26 12:16:55,810 - INFO - Epoch 83 | Batch 50 | Loss: 6.39 (Det: 0.67)
2025-11-26 12:18:15,208 - INFO - Epoch 83:
2025-11-26 12:18:15,208 - INFO -   训练损失: 6.39 | 验证损失: 0.92
2025-11-26 12:18:15,209 - INFO -   预测/目标: 201600/93434
2025-11-26 12:18:15,209 - INFO -   ⏳ mAP_0.5_0.95 无改善 (16/35), 最佳值: 0.5898 (epoch 67)
2025-11-26 12:18:16,225 - INFO - 💾 保存最新检查点: logs/rtdetr_r34_20251126_045005/latest_checkpoint.pth
2025-11-26 12:18:22,572 - INFO - Epoch 84 | Batch 0 | Loss: 6.38 (Det: 0.68)
2025-11-26 12:19:04,039 - INFO - Epoch 84 | Batch 50 | Loss: 6.34 (Det: 0.67)
2025-11-26 12:20:22,697 - INFO - Epoch 84:
2025-11-26 12:20:22,697 - INFO -   训练损失: 6.38 | 验证损失: 0.92
2025-11-26 12:20:22,698 - INFO -   预测/目标: 201600/93434
2025-11-26 12:20:22,698 - INFO -   ⏳ mAP_0.5_0.95 无改善 (17/35), 最佳值: 0.5898 (epoch 67)
2025-11-26 12:20:23,660 - INFO - 💾 保存最新检查点: logs/rtdetr_r34_20251126_045005/latest_checkpoint.pth
2025-11-26 12:20:30,741 - INFO - Epoch 85 | Batch 0 | Loss: 6.52 (Det: 0.69)
2025-11-26 12:21:12,166 - INFO - Epoch 85 | Batch 50 | Loss: 6.45 (Det: 0.69)
2025-11-26 12:22:31,521 - INFO - Epoch 85:
2025-11-26 12:22:31,521 - INFO -   训练损失: 6.36 | 验证损失: 0.93
2025-11-26 12:22:31,522 - INFO -   预测/目标: 201600/93434
2025-11-26 12:22:31,522 - INFO -   ⏳ mAP_0.5_0.95 无改善 (18/35), 最佳值: 0.5898 (epoch 67)
2025-11-26 12:22:32,422 - INFO - 💾 保存最新检查点: logs/rtdetr_r34_20251126_045005/latest_checkpoint.pth
2025-11-26 12:22:38,828 - INFO - Epoch 86 | Batch 0 | Loss: 6.34 (Det: 0.67)
2025-11-26 12:23:19,964 - INFO - Epoch 86 | Batch 50 | Loss: 6.45 (Det: 0.69)
2025-11-26 12:24:38,482 - INFO - Epoch 86:
2025-11-26 12:24:38,483 - INFO -   训练损失: 6.28 | 验证损失: 0.93
2025-11-26 12:24:38,483 - INFO -   预测/目标: 201600/93434
2025-11-26 12:24:38,483 - INFO -   ⏳ mAP_0.5_0.95 无改善 (19/35), 最佳值: 0.5898 (epoch 67)
2025-11-26 12:24:39,439 - INFO - 💾 保存最新检查点: logs/rtdetr_r34_20251126_045005/latest_checkpoint.pth
2025-11-26 12:24:46,924 - INFO - Epoch 87 | Batch 0 | Loss: 6.17 (Det: 0.66)
2025-11-26 12:25:28,365 - INFO - Epoch 87 | Batch 50 | Loss: 6.16 (Det: 0.65)
2025-11-26 12:26:45,126 - INFO - Epoch 87:
2025-11-26 12:26:45,127 - INFO -   训练损失: 6.25 | 验证损失: 0.93
2025-11-26 12:26:45,127 - INFO -   预测/目标: 201600/93434
2025-11-26 12:26:45,127 - INFO -   ⏳ mAP_0.5_0.95 无改善 (20/35), 最佳值: 0.5898 (epoch 67)
2025-11-26 12:26:46,081 - INFO - 💾 保存最新检查点: logs/rtdetr_r34_20251126_045005/latest_checkpoint.pth
2025-11-26 12:26:53,116 - INFO - Epoch 88 | Batch 0 | Loss: 6.29 (Det: 0.67)
2025-11-26 12:27:34,824 - INFO - Epoch 88 | Batch 50 | Loss: 6.07 (Det: 0.64)
2025-11-26 12:28:53,461 - INFO - Epoch 88:
2025-11-26 12:28:53,462 - INFO -   训练损失: 6.22 | 验证损失: 0.94
2025-11-26 12:28:53,462 - INFO -   预测/目标: 201600/93434
2025-11-26 12:28:53,462 - INFO -   ⏳ mAP_0.5_0.95 无改善 (21/35), 最佳值: 0.5898 (epoch 67)
2025-11-26 12:28:54,350 - INFO - 💾 保存最新检查点: logs/rtdetr_r34_20251126_045005/latest_checkpoint.pth
2025-11-26 12:29:01,928 - INFO - Epoch 89 | Batch 0 | Loss: 6.12 (Det: 0.64)
2025-11-26 12:29:44,010 - INFO - Epoch 89 | Batch 50 | Loss: 6.28 (Det: 0.66)
2025-11-26 12:31:03,822 - INFO - Epoch 89:
2025-11-26 12:31:03,823 - INFO -   训练损失: 6.21 | 验证损失: 0.94
2025-11-26 12:31:03,823 - INFO -   预测/目标: 201600/93434
2025-11-26 12:31:03,823 - INFO -   ⏳ mAP_0.5_0.95 无改善 (22/35), 最佳值: 0.5898 (epoch 67)
2025-11-26 12:31:04,760 - INFO - 💾 保存最新检查点: logs/rtdetr_r34_20251126_045005/latest_checkpoint.pth
2025-11-26 12:31:12,375 - INFO - Epoch 90 | Batch 0 | Loss: 6.18 (Det: 0.65)
2025-11-26 12:31:53,419 - INFO - Epoch 90 | Batch 50 | Loss: 6.11 (Det: 0.64)
2025-11-26 12:33:11,915 - INFO - Epoch 90:
2025-11-26 12:33:11,916 - INFO -   训练损失: 6.20 | 验证损失: 0.94
2025-11-26 12:33:11,916 - INFO -   预测/目标: 201600/93434
2025-11-26 12:33:11,916 - INFO -   ⏳ mAP_0.5_0.95 无改善 (23/35), 最佳值: 0.5898 (epoch 67)
2025-11-26 12:33:12,835 - INFO - 💾 保存最新检查点: logs/rtdetr_r34_20251126_045005/latest_checkpoint.pth
2025-11-26 12:33:17,582 - INFO - Epoch 91 | Batch 0 | Loss: 6.14 (Det: 0.64)
2025-11-26 12:34:01,783 - INFO - Epoch 91 | Batch 50 | Loss: 6.17 (Det: 0.64)
2025-11-26 12:35:20,111 - INFO - Epoch 91:
2025-11-26 12:35:20,112 - INFO -   训练损失: 6.14 | 验证损失: 0.94
2025-11-26 12:35:20,112 - INFO -   预测/目标: 201600/93434
2025-11-26 12:35:20,113 - INFO -   ⏳ mAP_0.5_0.95 无改善 (24/35), 最佳值: 0.5898 (epoch 67)
2025-11-26 12:35:21,426 - INFO - 💾 保存最新检查点: logs/rtdetr_r34_20251126_045005/latest_checkpoint.pth
2025-11-26 12:35:28,937 - INFO - Epoch 92 | Batch 0 | Loss: 6.03 (Det: 0.63)
2025-11-26 12:36:10,432 - INFO - Epoch 92 | Batch 50 | Loss: 6.15 (Det: 0.64)
2025-11-26 12:37:29,257 - INFO - Epoch 92:
2025-11-26 12:37:29,258 - INFO -   训练损失: 6.10 | 验证损失: 0.95
2025-11-26 12:37:29,258 - INFO -   预测/目标: 201600/93434
2025-11-26 12:37:29,258 - INFO -   ⏳ mAP_0.5_0.95 无改善 (25/35), 最佳值: 0.5898 (epoch 67)
2025-11-26 12:37:30,152 - INFO - 💾 保存最新检查点: logs/rtdetr_r34_20251126_045005/latest_checkpoint.pth
2025-11-26 12:37:35,967 - INFO - Epoch 93 | Batch 0 | Loss: 6.08 (Det: 0.65)
2025-11-26 12:38:17,757 - INFO - Epoch 93 | Batch 50 | Loss: 6.07 (Det: 0.63)
2025-11-26 12:39:36,382 - INFO - Epoch 93:
2025-11-26 12:39:36,382 - INFO -   训练损失: 6.11 | 验证损失: 0.95
2025-11-26 12:39:36,383 - INFO -   预测/目标: 201600/93434
2025-11-26 12:39:36,383 - INFO -   ⏳ mAP_0.5_0.95 无改善 (26/35), 最佳值: 0.5898 (epoch 67)
2025-11-26 12:39:37,359 - INFO - 💾 保存最新检查点: logs/rtdetr_r34_20251126_045005/latest_checkpoint.pth
2025-11-26 12:39:41,480 - INFO - Epoch 94 | Batch 0 | Loss: 6.19 (Det: 0.65)
2025-11-26 12:40:23,309 - INFO - Epoch 94 | Batch 50 | Loss: 6.11 (Det: 0.64)
2025-11-26 12:41:40,507 - INFO - Epoch 94:
2025-11-26 12:41:40,508 - INFO -   训练损失: 6.08 | 验证损失: 0.95
2025-11-26 12:41:40,508 - INFO -   预测/目标: 201600/93434
2025-11-26 12:41:40,508 - INFO -   ⏳ mAP_0.5_0.95 无改善 (27/35), 最佳值: 0.5898 (epoch 67)
2025-11-26 12:41:41,429 - INFO - 💾 保存最新检查点: logs/rtdetr_r34_20251126_045005/latest_checkpoint.pth
2025-11-26 12:41:46,792 - INFO - Epoch 95 | Batch 0 | Loss: 6.04 (Det: 0.63)
2025-11-26 12:42:28,588 - INFO - Epoch 95 | Batch 50 | Loss: 6.07 (Det: 0.63)
2025-11-26 12:43:46,761 - INFO - Epoch 95:
2025-11-26 12:43:46,762 - INFO -   训练损失: 6.07 | 验证损失: 0.95
2025-11-26 12:43:46,762 - INFO -   预测/目标: 201600/93434
2025-11-26 12:43:46,762 - INFO -   ⏳ mAP_0.5_0.95 无改善 (28/35), 最佳值: 0.5898 (epoch 67)
2025-11-26 12:43:47,717 - INFO - 💾 保存最新检查点: logs/rtdetr_r34_20251126_045005/latest_checkpoint.pth
2025-11-26 12:43:54,086 - INFO - Epoch 96 | Batch 0 | Loss: 5.93 (Det: 0.62)
2025-11-26 12:44:35,483 - INFO - Epoch 96 | Batch 50 | Loss: 5.99 (Det: 0.62)
2025-11-26 12:45:54,818 - INFO - Epoch 96:
2025-11-26 12:45:54,819 - INFO -   训练损失: 6.02 | 验证损失: 0.95
2025-11-26 12:45:54,819 - INFO -   预测/目标: 201600/93434
2025-11-26 12:45:54,819 - INFO -   ⏳ mAP_0.5_0.95 无改善 (29/35), 最佳值: 0.5898 (epoch 67)
2025-11-26 12:45:55,738 - INFO - 💾 保存最新检查点: logs/rtdetr_r34_20251126_045005/latest_checkpoint.pth
2025-11-26 12:46:02,704 - INFO - Epoch 97 | Batch 0 | Loss: 6.08 (Det: 0.64)
2025-11-26 12:46:44,368 - INFO - Epoch 97 | Batch 50 | Loss: 5.96 (Det: 0.62)
2025-11-26 12:48:01,569 - INFO - Epoch 97:
2025-11-26 12:48:01,570 - INFO -   训练损失: 5.98 | 验证损失: 0.96
2025-11-26 12:48:01,570 - INFO -   预测/目标: 201600/93434
2025-11-26 12:48:01,570 - INFO -   ⏳ mAP_0.5_0.95 无改善 (30/35), 最佳值: 0.5898 (epoch 67)
2025-11-26 12:48:02,527 - INFO - 💾 保存最新检查点: logs/rtdetr_r34_20251126_045005/latest_checkpoint.pth
2025-11-26 12:48:09,496 - INFO - Epoch 98 | Batch 0 | Loss: 6.11 (Det: 0.65)
2025-11-26 12:48:51,316 - INFO - Epoch 98 | Batch 50 | Loss: 5.99 (Det: 0.62)
2025-11-26 12:50:09,038 - INFO - Epoch 98:
2025-11-26 12:50:09,039 - INFO -   训练损失: 6.02 | 验证损失: 0.95
2025-11-26 12:50:09,039 - INFO -   预测/目标: 201600/93434
2025-11-26 12:50:09,039 - INFO -   ⏳ mAP_0.5_0.95 无改善 (31/35), 最佳值: 0.5898 (epoch 67)
2025-11-26 12:50:10,035 - INFO - 💾 保存最新检查点: logs/rtdetr_r34_20251126_045005/latest_checkpoint.pth
2025-11-26 12:50:15,903 - INFO - Epoch 99 | Batch 0 | Loss: 5.87 (Det: 0.60)
2025-11-26 12:50:57,792 - INFO - Epoch 99 | Batch 50 | Loss: 5.97 (Det: 0.62)
2025-11-26 12:52:15,228 - INFO - Epoch 99:
2025-11-26 12:52:15,229 - INFO -   训练损失: 5.99 | 验证损失: 0.96
2025-11-26 12:52:15,229 - INFO -   预测/目标: 201600/93434
2025-11-26 12:52:15,229 - INFO -   ⏳ mAP_0.5_0.95 无改善 (32/35), 最佳值: 0.5898 (epoch 67)
2025-11-26 12:52:16,181 - INFO - 💾 保存最新检查点: logs/rtdetr_r34_20251126_045005/latest_checkpoint.pth
2025-11-26 12:52:22,960 - INFO - Epoch 100 | Batch 0 | Loss: 5.85 (Det: 0.61)
2025-11-26 12:53:04,672 - INFO - Epoch 100 | Batch 50 | Loss: 5.99 (Det: 0.63)
2025-11-26 12:54:23,939 - INFO - Epoch 100:
2025-11-26 12:54:23,940 - INFO -   训练损失: 5.93 | 验证损失: 0.96
2025-11-26 12:54:23,940 - INFO -   预测/目标: 201600/93434
2025-11-26 12:54:23,940 - INFO -   ⏳ mAP_0.5_0.95 无改善 (33/35), 最佳值: 0.5898 (epoch 67)
2025-11-26 12:54:24,918 - INFO - 💾 保存最新检查点: logs/rtdetr_r34_20251126_045005/latest_checkpoint.pth
2025-11-26 12:54:29,184 - INFO - Epoch 101 | Batch 0 | Loss: 5.95 (Det: 0.61)
2025-11-26 12:55:13,191 - INFO - Epoch 101 | Batch 50 | Loss: 5.94 (Det: 0.62)
2025-11-26 12:56:31,625 - INFO - Epoch 101:
2025-11-26 12:56:31,626 - INFO -   训练损失: 5.91 | 验证损失: 0.96
2025-11-26 12:56:31,626 - INFO -   预测/目标: 201600/93434
2025-11-26 12:56:31,626 - INFO -   ⏳ mAP_0.5_0.95 无改善 (34/35), 最佳值: 0.5898 (epoch 67)
2025-11-26 12:56:32,539 - INFO - 💾 保存最新检查点: logs/rtdetr_r34_20251126_045005/latest_checkpoint.pth
2025-11-26 12:56:37,462 - INFO - Epoch 102 | Batch 0 | Loss: 5.92 (Det: 0.61)
2025-11-26 12:57:20,653 - INFO - Epoch 102 | Batch 50 | Loss: 5.91 (Det: 0.61)
2025-11-26 12:58:39,028 - INFO - Epoch 102:
2025-11-26 12:58:39,029 - INFO -   训练损失: 5.87 | 验证损失: 0.97
2025-11-26 12:58:39,029 - INFO -   预测/目标: 201600/93434
2025-11-26 12:58:39,029 - INFO -   ⏳ mAP_0.5_0.95 无改善 (35/35), 最佳值: 0.5898 (epoch 67)
2025-11-26 12:58:39,029 - INFO - 
============================================================
⛔ Early Stopping触发！
   已连续 35 个epoch无改善
   最佳 mAP_0.5_0.95: 0.5898 (epoch 67)
============================================================

2025-11-26 12:58:39,029 - INFO - Early Stopping在epoch 102触发，停止训练
2025-11-26 12:58:39,029 - INFO - ✓ 训练完成！
2025-11-26 12:58:39,500 - INFO - ✓ 训练曲线已保存到: logs/rtdetr_r34_20251126_045005/training_curves.png
2025-11-26 12:58:39,500 - INFO - ✓ 训练历史已导出到: logs/rtdetr_r34_20251126_045005/training_history.csv
2025-11-26 12:58:39,500 - INFO - ✓ 所有输出已保存到: logs/rtdetr_r34_20251126_045005
2025-11-26 12:58:39,500 - INFO - ============================================================
2025-11-26 12:58:39,500 - INFO - 使用best_model生成推理结果（5张图像）...
2025-11-26 12:58:45,090 - INFO -   生成best_model推理结果（前5张）...
2025-11-26 12:58:45,630 - INFO -   ✓ 推理结果已保存到: logs/rtdetr_r34_20251126_045005/inference_samples
2025-11-26 12:58:46,611 - INFO - 💾 保存最新检查点: logs/rtdetr_r34_20251126_045005/latest_checkpoint.pth
