2025-11-21 00:19:01,294 - INFO - 从本地文件加载预训练权重: pretrained/rtdetrv2_r34vd_120e_coco_ema.pth
2025-11-21 00:19:01,410 - INFO - ✓ 检测到EMA checkpoint格式
2025-11-21 00:19:01,428 - INFO - ✓ 成功加载预训练权重: 607/654 个参数
2025-11-21 00:19:01,428 - INFO -   - 跳过类别相关参数: 11 个（COCO 80类 → DAIR-V2X 8类）
2025-11-21 00:19:01,429 - INFO -   - Backbone: 234 个参数
2025-11-21 00:19:01,429 - INFO -   - Encoder: 270 个参数
2025-11-21 00:19:01,429 - INFO -   - Decoder: 150 个参数
2025-11-21 00:19:01,429 - INFO -   - 预训练模型缺少参数: 47 个（当前模型新增）
2025-11-21 00:19:01,429 - INFO -     示例: ['decoder.decoder.layers.0.adaptive_expert_layer.router.gate.weight', 'decoder.decoder.layers.0.adaptive_expert_layer.experts.0.linear1.weight', 'decoder.decoder.layers.0.adaptive_expert_layer.experts.0.linear1.bias'] ...
2025-11-21 00:19:01,429 - INFO -   - 模型新增参数: 18 个（将随机初始化）
2025-11-21 00:19:01,639 - INFO - ✓ 已启用GPU优化: cudnn.benchmark=True, TF32=True
2025-11-21 00:19:01,639 - INFO - ✓ 创建MOE RT-DETR模型
2025-11-21 00:19:01,639 - INFO -   专家数量: 2
2025-11-21 00:19:01,639 - INFO -   Backbone: presnet34
2025-11-21 00:19:01,639 - INFO -   Encoder: in_channels=[128, 256, 512], expansion=0.5
2025-11-21 00:19:03,376 - INFO - ✓ 创建数据加载器
2025-11-21 00:19:03,377 - INFO -   训练集: 5042 | 验证集: 2016
2025-11-21 00:19:03,382 - INFO - ✓ 预训练参数组: 185 个参数, lr=1e-05
2025-11-21 00:19:03,385 - INFO - ✓ Norm层参数组: 122 个参数, lr=0.0001, wd=0
2025-11-21 00:19:03,388 - INFO - ✓ 新参数组: 36 个参数, lr=0.0001
2025-11-21 00:19:03,390 - INFO - ✓ 使用CosineAnnealingLR调度器 (eta_min=1e-06)
2025-11-21 00:19:03,390 - INFO - ✓ 学习率预热 5 epochs
2025-11-21 00:19:03,497 - INFO - ⏱️  Early Stopping: 启用 (patience=35, metric=mAP_0.5_0.95, mode=max)
2025-11-21 00:19:03,497 - INFO - 推理输出目录: logs/moe2_rtdetr_r34_20251121_001901/inference_samples
2025-11-21 00:19:03,497 - INFO - 开始训练 200 epochs
2025-11-21 00:19:03,497 - INFO - ✓ 梯度裁剪: max_norm=10.0
2025-11-21 00:19:21,474 - INFO - Epoch 0 | Batch 0 | Loss: 42.84 (Det: 42.74, MoE: 1.0173)
2025-11-21 00:20:04,071 - INFO - Epoch 0 | Batch 50 | Loss: 26.87 (Det: 26.77, MoE: 1.0000)
2025-11-21 00:20:44,045 - INFO - Epoch 0:
2025-11-21 00:20:44,046 - INFO -   训练损失: 31.14 | 验证损失: 2.82
2025-11-21 00:20:44,046 - INFO -   (前30个epoch仅计算loss，跳过mAP评估)
2025-11-21 00:20:44,046 - INFO -   检测损失: 31.04
2025-11-21 00:20:44,046 - INFO -   MoE负载均衡损失: 1.0019
2025-11-21 00:20:44,046 - INFO -   专家使用率: [51.23%, 48.77%]
2025-11-21 00:20:44,046 - INFO -   🎉 新的最佳验证损失: 2.82
2025-11-21 00:20:45,253 - INFO - 💾 保存最新检查点: logs/moe2_rtdetr_r34_20251121_001901/latest_checkpoint.pth
2025-11-21 00:20:50,933 - INFO - Epoch 1 | Batch 0 | Loss: 24.37 (Det: 24.27, MoE: 1.0002)
2025-11-21 00:21:33,605 - INFO - Epoch 1 | Batch 50 | Loss: 22.45 (Det: 22.35, MoE: 1.0001)
2025-11-21 00:22:09,548 - INFO - Epoch 1:
2025-11-21 00:22:09,549 - INFO -   训练损失: 23.52 | 验证损失: 2.49
2025-11-21 00:22:09,549 - INFO -   (前30个epoch仅计算loss，跳过mAP评估)
2025-11-21 00:22:09,549 - INFO -   检测损失: 23.42
2025-11-21 00:22:09,549 - INFO -   MoE负载均衡损失: 1.0002
2025-11-21 00:22:09,549 - INFO -   专家使用率: [49.87%, 50.13%]
2025-11-21 00:22:09,549 - INFO -   🎉 新的最佳验证损失: 2.49
2025-11-21 00:22:10,440 - INFO - 💾 保存最新检查点: logs/moe2_rtdetr_r34_20251121_001901/latest_checkpoint.pth
2025-11-21 00:22:15,332 - INFO - Epoch 2 | Batch 0 | Loss: 21.78 (Det: 21.68, MoE: 1.0002)
2025-11-21 00:22:57,300 - INFO - Epoch 2 | Batch 50 | Loss: 19.84 (Det: 19.74, MoE: 1.0000)
2025-11-21 00:23:33,517 - INFO - Epoch 2:
2025-11-21 00:23:33,517 - INFO -   训练损失: 20.51 | 验证损失: 2.41
2025-11-21 00:23:33,517 - INFO -   (前30个epoch仅计算loss，跳过mAP评估)
2025-11-21 00:23:33,517 - INFO -   检测损失: 20.41
2025-11-21 00:23:33,517 - INFO -   MoE负载均衡损失: 1.0003
2025-11-21 00:23:33,517 - INFO -   专家使用率: [49.99%, 50.01%]
2025-11-21 00:23:33,517 - INFO -   🎉 新的最佳验证损失: 2.41
2025-11-21 00:23:34,440 - INFO - 💾 保存最新检查点: logs/moe2_rtdetr_r34_20251121_001901/latest_checkpoint.pth
2025-11-21 00:23:40,019 - INFO - Epoch 3 | Batch 0 | Loss: 19.81 (Det: 19.71, MoE: 1.0004)
2025-11-21 00:24:22,178 - INFO - Epoch 3 | Batch 50 | Loss: 17.05 (Det: 16.95, MoE: 1.0000)
2025-11-21 00:24:57,011 - INFO - Epoch 3:
2025-11-21 00:24:57,011 - INFO -   训练损失: 17.96 | 验证损失: 2.13
2025-11-21 00:24:57,011 - INFO -   (前30个epoch仅计算loss，跳过mAP评估)
2025-11-21 00:24:57,011 - INFO -   检测损失: 17.86
2025-11-21 00:24:57,011 - INFO -   MoE负载均衡损失: 1.0002
2025-11-21 00:24:57,012 - INFO -   专家使用率: [50.01%, 49.99%]
2025-11-21 00:24:57,012 - INFO -   🎉 新的最佳验证损失: 2.13
2025-11-21 00:24:58,014 - INFO - 💾 保存最新检查点: logs/moe2_rtdetr_r34_20251121_001901/latest_checkpoint.pth
2025-11-21 00:25:02,827 - INFO - Epoch 4 | Batch 0 | Loss: 16.66 (Det: 16.56, MoE: 1.0001)
2025-11-21 00:25:45,975 - INFO - Epoch 4 | Batch 50 | Loss: 15.51 (Det: 15.41, MoE: 1.0000)
2025-11-21 00:26:20,761 - INFO - Epoch 4:
2025-11-21 00:26:20,761 - INFO -   训练损失: 16.26 | 验证损失: 1.89
2025-11-21 00:26:20,761 - INFO -   (前30个epoch仅计算loss，跳过mAP评估)
2025-11-21 00:26:20,761 - INFO -   检测损失: 16.16
2025-11-21 00:26:20,761 - INFO -   MoE负载均衡损失: 1.0003
2025-11-21 00:26:20,761 - INFO -   专家使用率: [50.26%, 49.74%]
2025-11-21 00:26:20,761 - INFO -   🎉 新的最佳验证损失: 1.89
2025-11-21 00:26:21,539 - INFO - 💾 保存最新检查点: logs/moe2_rtdetr_r34_20251121_001901/latest_checkpoint.pth
2025-11-21 00:26:27,767 - INFO - Epoch 5 | Batch 0 | Loss: 15.19 (Det: 15.09, MoE: 1.0003)
2025-11-21 00:27:08,889 - INFO - Epoch 5 | Batch 50 | Loss: 15.15 (Det: 15.05, MoE: 1.0001)
2025-11-21 00:27:43,306 - INFO - Epoch 5:
2025-11-21 00:27:43,306 - INFO -   训练损失: 15.01 | 验证损失: 1.82
2025-11-21 00:27:43,306 - INFO -   (前30个epoch仅计算loss，跳过mAP评估)
2025-11-21 00:27:43,306 - INFO -   检测损失: 14.91
2025-11-21 00:27:43,306 - INFO -   MoE负载均衡损失: 1.0001
2025-11-21 00:27:43,306 - INFO -   专家使用率: [49.93%, 50.07%]
2025-11-21 00:27:43,306 - INFO -   🎉 新的最佳验证损失: 1.82
2025-11-21 00:27:44,287 - INFO - 💾 保存最新检查点: logs/moe2_rtdetr_r34_20251121_001901/latest_checkpoint.pth
2025-11-21 00:27:52,019 - INFO - Epoch 6 | Batch 0 | Loss: 14.69 (Det: 14.59, MoE: 1.0001)
2025-11-21 00:28:33,039 - INFO - Epoch 6 | Batch 50 | Loss: 14.65 (Det: 14.55, MoE: 1.0002)
2025-11-21 00:29:06,955 - INFO - Epoch 6:
2025-11-21 00:29:06,955 - INFO -   训练损失: 14.46 | 验证损失: 1.74
2025-11-21 00:29:06,955 - INFO -   (前30个epoch仅计算loss，跳过mAP评估)
2025-11-21 00:29:06,955 - INFO -   检测损失: 14.36
2025-11-21 00:29:06,955 - INFO -   MoE负载均衡损失: 1.0001
2025-11-21 00:29:06,955 - INFO -   专家使用率: [50.04%, 49.96%]
2025-11-21 00:29:06,955 - INFO -   🎉 新的最佳验证损失: 1.74
2025-11-21 00:29:07,886 - INFO - 💾 保存最新检查点: logs/moe2_rtdetr_r34_20251121_001901/latest_checkpoint.pth
2025-11-21 00:29:14,113 - INFO - Epoch 7 | Batch 0 | Loss: 14.05 (Det: 13.95, MoE: 1.0001)
2025-11-21 00:29:55,416 - INFO - Epoch 7 | Batch 50 | Loss: 13.48 (Det: 13.38, MoE: 1.0001)
2025-11-21 00:30:29,560 - INFO - Epoch 7:
2025-11-21 00:30:29,560 - INFO -   训练损失: 13.92 | 验证损失: 1.70
2025-11-21 00:30:29,560 - INFO -   (前30个epoch仅计算loss，跳过mAP评估)
2025-11-21 00:30:29,560 - INFO -   检测损失: 13.82
2025-11-21 00:30:29,560 - INFO -   MoE负载均衡损失: 1.0001
2025-11-21 00:30:29,560 - INFO -   专家使用率: [50.04%, 49.96%]
2025-11-21 00:30:29,560 - INFO -   🎉 新的最佳验证损失: 1.70
2025-11-21 00:30:30,566 - INFO - 💾 保存最新检查点: logs/moe2_rtdetr_r34_20251121_001901/latest_checkpoint.pth
2025-11-21 00:30:37,190 - INFO - Epoch 8 | Batch 0 | Loss: 13.91 (Det: 13.81, MoE: 1.0000)
2025-11-21 00:31:18,549 - INFO - Epoch 8 | Batch 50 | Loss: 13.49 (Det: 13.39, MoE: 1.0000)
2025-11-21 00:31:52,958 - INFO - Epoch 8:
2025-11-21 00:31:52,958 - INFO -   训练损失: 13.57 | 验证损失: 1.63
2025-11-21 00:31:52,958 - INFO -   (前30个epoch仅计算loss，跳过mAP评估)
2025-11-21 00:31:52,958 - INFO -   检测损失: 13.47
2025-11-21 00:31:52,958 - INFO -   MoE负载均衡损失: 1.0001
2025-11-21 00:31:52,958 - INFO -   专家使用率: [49.97%, 50.03%]
2025-11-21 00:31:52,958 - INFO -   🎉 新的最佳验证损失: 1.63
2025-11-21 00:31:53,906 - INFO - 💾 保存最新检查点: logs/moe2_rtdetr_r34_20251121_001901/latest_checkpoint.pth
2025-11-21 00:32:01,592 - INFO - Epoch 9 | Batch 0 | Loss: 13.43 (Det: 13.33, MoE: 1.0001)
2025-11-21 00:32:43,508 - INFO - Epoch 9 | Batch 50 | Loss: 13.77 (Det: 13.67, MoE: 1.0002)
2025-11-21 00:33:19,255 - INFO - Epoch 9:
2025-11-21 00:33:19,255 - INFO -   训练损失: 13.59 | 验证损失: 1.62
2025-11-21 00:33:19,255 - INFO -   (前30个epoch仅计算loss，跳过mAP评估)
2025-11-21 00:33:19,255 - INFO -   检测损失: 13.49
2025-11-21 00:33:19,255 - INFO -   MoE负载均衡损失: 1.0001
2025-11-21 00:33:19,255 - INFO -   专家使用率: [49.97%, 50.03%]
2025-11-21 00:33:19,255 - INFO -   🎉 新的最佳验证损失: 1.62
2025-11-21 00:33:20,211 - INFO - 💾 保存最新检查点: logs/moe2_rtdetr_r34_20251121_001901/latest_checkpoint.pth
2025-11-21 00:33:25,441 - INFO - Epoch 10 | Batch 0 | Loss: 13.33 (Det: 13.23, MoE: 1.0001)
2025-11-21 00:34:07,405 - INFO - Epoch 10 | Batch 50 | Loss: 13.25 (Det: 13.15, MoE: 1.0003)
2025-11-21 00:34:42,117 - INFO - Epoch 10:
2025-11-21 00:34:42,117 - INFO -   训练损失: 13.23 | 验证损失: 1.61
2025-11-21 00:34:42,117 - INFO -   (前30个epoch仅计算loss，跳过mAP评估)
2025-11-21 00:34:42,117 - INFO -   检测损失: 13.13
2025-11-21 00:34:42,117 - INFO -   MoE负载均衡损失: 1.0001
2025-11-21 00:34:42,117 - INFO -   专家使用率: [49.97%, 50.03%]
2025-11-21 00:34:42,117 - INFO -   🎉 新的最佳验证损失: 1.61
2025-11-21 00:34:43,085 - INFO - 💾 保存最新检查点: logs/moe2_rtdetr_r34_20251121_001901/latest_checkpoint.pth
2025-11-21 00:34:49,168 - INFO - Epoch 11 | Batch 0 | Loss: 13.37 (Det: 13.27, MoE: 1.0000)
2025-11-21 00:35:30,685 - INFO - Epoch 11 | Batch 50 | Loss: 12.83 (Det: 12.73, MoE: 1.0001)
2025-11-21 00:36:06,152 - INFO - Epoch 11:
2025-11-21 00:36:06,152 - INFO -   训练损失: 13.01 | 验证损失: 1.65
2025-11-21 00:36:06,152 - INFO -   (前30个epoch仅计算loss，跳过mAP评估)
2025-11-21 00:36:06,152 - INFO -   检测损失: 12.91
2025-11-21 00:36:06,152 - INFO -   MoE负载均衡损失: 1.0001
2025-11-21 00:36:06,152 - INFO -   专家使用率: [50.12%, 49.88%]
2025-11-21 00:36:07,054 - INFO - 💾 保存最新检查点: logs/moe2_rtdetr_r34_20251121_001901/latest_checkpoint.pth
2025-11-21 00:36:14,131 - INFO - Epoch 12 | Batch 0 | Loss: 13.32 (Det: 13.22, MoE: 1.0001)
2025-11-21 00:36:55,916 - INFO - Epoch 12 | Batch 50 | Loss: 12.88 (Det: 12.78, MoE: 1.0002)
2025-11-21 00:37:31,242 - INFO - Epoch 12:
2025-11-21 00:37:31,242 - INFO -   训练损失: 13.11 | 验证损失: 1.55
2025-11-21 00:37:31,242 - INFO -   (前30个epoch仅计算loss，跳过mAP评估)
2025-11-21 00:37:31,242 - INFO -   检测损失: 13.01
2025-11-21 00:37:31,242 - INFO -   MoE负载均衡损失: 1.0001
2025-11-21 00:37:31,242 - INFO -   专家使用率: [49.91%, 50.09%]
2025-11-21 00:37:31,242 - INFO -   🎉 新的最佳验证损失: 1.55
2025-11-21 00:37:32,140 - INFO - 💾 保存最新检查点: logs/moe2_rtdetr_r34_20251121_001901/latest_checkpoint.pth
2025-11-21 00:37:37,321 - INFO - Epoch 13 | Batch 0 | Loss: 12.87 (Det: 12.77, MoE: 1.0000)
2025-11-21 00:38:18,718 - INFO - Epoch 13 | Batch 50 | Loss: 12.38 (Det: 12.28, MoE: 1.0003)
2025-11-21 00:38:53,931 - INFO - Epoch 13:
2025-11-21 00:38:53,931 - INFO -   训练损失: 12.67 | 验证损失: 1.47
2025-11-21 00:38:53,931 - INFO -   (前30个epoch仅计算loss，跳过mAP评估)
2025-11-21 00:38:53,931 - INFO -   检测损失: 12.57
2025-11-21 00:38:53,931 - INFO -   MoE负载均衡损失: 1.0002
2025-11-21 00:38:53,931 - INFO -   专家使用率: [49.94%, 50.06%]
2025-11-21 00:38:53,932 - INFO -   🎉 新的最佳验证损失: 1.47
2025-11-21 00:38:54,842 - INFO - 💾 保存最新检查点: logs/moe2_rtdetr_r34_20251121_001901/latest_checkpoint.pth
2025-11-21 00:39:01,122 - INFO - Epoch 14 | Batch 0 | Loss: 12.91 (Det: 12.81, MoE: 1.0003)
2025-11-21 00:39:42,285 - INFO - Epoch 14 | Batch 50 | Loss: 12.18 (Det: 12.08, MoE: 1.0000)
2025-11-21 00:40:17,963 - INFO - Epoch 14:
2025-11-21 00:40:17,964 - INFO -   训练损失: 12.32 | 验证损失: 1.47
2025-11-21 00:40:17,964 - INFO -   (前30个epoch仅计算loss，跳过mAP评估)
2025-11-21 00:40:17,964 - INFO -   检测损失: 12.22
2025-11-21 00:40:17,964 - INFO -   MoE负载均衡损失: 1.0001
2025-11-21 00:40:17,964 - INFO -   专家使用率: [50.08%, 49.92%]
2025-11-21 00:40:17,964 - INFO -   🎉 新的最佳验证损失: 1.47
2025-11-21 00:40:18,864 - INFO - 💾 保存最新检查点: logs/moe2_rtdetr_r34_20251121_001901/latest_checkpoint.pth
2025-11-21 00:40:25,940 - INFO - Epoch 15 | Batch 0 | Loss: 12.44 (Det: 12.34, MoE: 1.0001)
2025-11-21 00:41:07,134 - INFO - Epoch 15 | Batch 50 | Loss: 12.28 (Det: 12.18, MoE: 1.0000)
2025-11-21 00:41:42,415 - INFO - Epoch 15:
2025-11-21 00:41:42,415 - INFO -   训练损失: 12.09 | 验证损失: 1.40
2025-11-21 00:41:42,415 - INFO -   (前30个epoch仅计算loss，跳过mAP评估)
2025-11-21 00:41:42,415 - INFO -   检测损失: 11.99
2025-11-21 00:41:42,415 - INFO -   MoE负载均衡损失: 1.0001
2025-11-21 00:41:42,416 - INFO -   专家使用率: [49.96%, 50.04%]
2025-11-21 00:41:42,416 - INFO -   🎉 新的最佳验证损失: 1.40
2025-11-21 00:41:43,330 - INFO - 💾 保存最新检查点: logs/moe2_rtdetr_r34_20251121_001901/latest_checkpoint.pth
2025-11-21 00:41:51,375 - INFO - Epoch 16 | Batch 0 | Loss: 11.78 (Det: 11.68, MoE: 1.0000)
2025-11-21 00:42:32,875 - INFO - Epoch 16 | Batch 50 | Loss: 11.79 (Det: 11.69, MoE: 1.0001)
2025-11-21 00:43:07,540 - INFO - Epoch 16:
2025-11-21 00:43:07,540 - INFO -   训练损失: 11.96 | 验证损失: 1.38
2025-11-21 00:43:07,540 - INFO -   (前30个epoch仅计算loss，跳过mAP评估)
2025-11-21 00:43:07,540 - INFO -   检测损失: 11.86
2025-11-21 00:43:07,541 - INFO -   MoE负载均衡损失: 1.0002
2025-11-21 00:43:07,541 - INFO -   专家使用率: [49.98%, 50.02%]
2025-11-21 00:43:07,541 - INFO -   🎉 新的最佳验证损失: 1.38
2025-11-21 00:43:08,457 - INFO - 💾 保存最新检查点: logs/moe2_rtdetr_r34_20251121_001901/latest_checkpoint.pth
2025-11-21 00:43:14,546 - INFO - Epoch 17 | Batch 0 | Loss: 11.83 (Det: 11.73, MoE: 1.0001)
2025-11-21 00:43:56,694 - INFO - Epoch 17 | Batch 50 | Loss: 11.89 (Det: 11.79, MoE: 1.0000)
2025-11-21 00:44:31,497 - INFO - Epoch 17:
2025-11-21 00:44:31,497 - INFO -   训练损失: 11.82 | 验证损失: 1.37
2025-11-21 00:44:31,497 - INFO -   (前30个epoch仅计算loss，跳过mAP评估)
2025-11-21 00:44:31,497 - INFO -   检测损失: 11.72
2025-11-21 00:44:31,497 - INFO -   MoE负载均衡损失: 1.0001
2025-11-21 00:44:31,498 - INFO -   专家使用率: [50.04%, 49.96%]
2025-11-21 00:44:31,498 - INFO -   🎉 新的最佳验证损失: 1.37
2025-11-21 00:44:32,415 - INFO - 💾 保存最新检查点: logs/moe2_rtdetr_r34_20251121_001901/latest_checkpoint.pth
2025-11-21 00:44:39,900 - INFO - Epoch 18 | Batch 0 | Loss: 11.86 (Det: 11.76, MoE: 1.0001)
2025-11-21 00:45:21,174 - INFO - Epoch 18 | Batch 50 | Loss: 12.11 (Det: 12.01, MoE: 1.0001)
2025-11-21 00:45:55,343 - INFO - Epoch 18:
2025-11-21 00:45:55,343 - INFO -   训练损失: 11.87 | 验证损失: 1.39
2025-11-21 00:45:55,343 - INFO -   (前30个epoch仅计算loss，跳过mAP评估)
2025-11-21 00:45:55,344 - INFO -   检测损失: 11.77
2025-11-21 00:45:55,344 - INFO -   MoE负载均衡损失: 1.0001
2025-11-21 00:45:55,344 - INFO -   专家使用率: [50.01%, 49.99%]
2025-11-21 00:45:56,334 - INFO - 💾 保存最新检查点: logs/moe2_rtdetr_r34_20251121_001901/latest_checkpoint.pth
2025-11-21 00:46:02,634 - INFO - Epoch 19 | Batch 0 | Loss: 11.85 (Det: 11.75, MoE: 1.0001)
2025-11-21 00:46:44,305 - INFO - Epoch 19 | Batch 50 | Loss: 11.54 (Det: 11.44, MoE: 1.0000)
2025-11-21 00:47:19,253 - INFO - Epoch 19:
2025-11-21 00:47:19,254 - INFO -   训练损失: 11.84 | 验证损失: 1.40
2025-11-21 00:47:19,254 - INFO -   (前30个epoch仅计算loss，跳过mAP评估)
2025-11-21 00:47:19,254 - INFO -   检测损失: 11.74
2025-11-21 00:47:19,254 - INFO -   MoE负载均衡损失: 1.0000
2025-11-21 00:47:19,254 - INFO -   专家使用率: [50.02%, 49.98%]
2025-11-21 00:47:20,297 - INFO - 💾 保存最新检查点: logs/moe2_rtdetr_r34_20251121_001901/latest_checkpoint.pth
2025-11-21 00:47:25,297 - INFO - Epoch 20 | Batch 0 | Loss: 11.62 (Det: 11.52, MoE: 1.0000)
2025-11-21 00:48:08,706 - INFO - Epoch 20 | Batch 50 | Loss: 11.49 (Det: 11.39, MoE: 1.0001)
2025-11-21 00:48:43,439 - INFO - Epoch 20:
2025-11-21 00:48:43,439 - INFO -   训练损失: 11.63 | 验证损失: 1.36
2025-11-21 00:48:43,439 - INFO -   (前30个epoch仅计算loss，跳过mAP评估)
2025-11-21 00:48:43,439 - INFO -   检测损失: 11.53
2025-11-21 00:48:43,439 - INFO -   MoE负载均衡损失: 1.0001
2025-11-21 00:48:43,439 - INFO -   专家使用率: [50.01%, 49.99%]
2025-11-21 00:48:43,439 - INFO -   🎉 新的最佳验证损失: 1.36
2025-11-21 00:48:44,381 - INFO - 💾 保存最新检查点: logs/moe2_rtdetr_r34_20251121_001901/latest_checkpoint.pth
2025-11-21 00:48:50,357 - INFO - Epoch 21 | Batch 0 | Loss: 11.74 (Det: 11.64, MoE: 1.0000)
2025-11-21 00:49:31,957 - INFO - Epoch 21 | Batch 50 | Loss: 11.62 (Det: 11.52, MoE: 1.0000)
2025-11-21 00:50:06,683 - INFO - Epoch 21:
2025-11-21 00:50:06,683 - INFO -   训练损失: 11.57 | 验证损失: 1.35
2025-11-21 00:50:06,683 - INFO -   (前30个epoch仅计算loss，跳过mAP评估)
2025-11-21 00:50:06,683 - INFO -   🎉 新的最佳验证损失: 1.35
2025-11-21 00:50:07,709 - INFO - 💾 保存最新检查点: logs/moe2_rtdetr_r34_20251121_001901/latest_checkpoint.pth
2025-11-21 00:50:14,015 - INFO - Epoch 22 | Batch 0 | Loss: 11.83 (Det: 11.73, MoE: 1.0001)
2025-11-21 00:50:55,758 - INFO - Epoch 22 | Batch 50 | Loss: 11.38 (Det: 11.28, MoE: 1.0001)
2025-11-21 00:51:31,047 - INFO - Epoch 22:
2025-11-21 00:51:31,047 - INFO -   训练损失: 11.48 | 验证损失: 1.36
2025-11-21 00:51:31,047 - INFO -   (前30个epoch仅计算loss，跳过mAP评估)
2025-11-21 00:51:31,916 - INFO - 💾 保存最新检查点: logs/moe2_rtdetr_r34_20251121_001901/latest_checkpoint.pth
2025-11-21 00:51:36,841 - INFO - Epoch 23 | Batch 0 | Loss: 11.74 (Det: 11.64, MoE: 1.0001)
2025-11-21 00:52:18,538 - INFO - Epoch 23 | Batch 50 | Loss: 11.47 (Det: 11.37, MoE: 1.0000)
2025-11-21 00:52:53,932 - INFO - Epoch 23:
2025-11-21 00:52:53,932 - INFO -   训练损失: 11.42 | 验证损失: 1.33
2025-11-21 00:52:53,932 - INFO -   (前30个epoch仅计算loss，跳过mAP评估)
2025-11-21 00:52:53,932 - INFO -   🎉 新的最佳验证损失: 1.33
2025-11-21 00:52:55,009 - INFO - 💾 保存最新检查点: logs/moe2_rtdetr_r34_20251121_001901/latest_checkpoint.pth
2025-11-21 00:53:02,852 - INFO - Epoch 24 | Batch 0 | Loss: 11.44 (Det: 11.34, MoE: 1.0000)
2025-11-21 00:53:44,232 - INFO - Epoch 24 | Batch 50 | Loss: 11.70 (Det: 11.60, MoE: 1.0001)
2025-11-21 00:54:18,619 - INFO - Epoch 24:
2025-11-21 00:54:18,619 - INFO -   训练损失: 11.36 | 验证损失: 1.30
2025-11-21 00:54:18,619 - INFO -   (前30个epoch仅计算loss，跳过mAP评估)
2025-11-21 00:54:18,620 - INFO -   🎉 新的最佳验证损失: 1.30
2025-11-21 00:54:19,581 - INFO - 💾 保存最新检查点: logs/moe2_rtdetr_r34_20251121_001901/latest_checkpoint.pth
2025-11-21 00:54:26,686 - INFO - Epoch 25 | Batch 0 | Loss: 11.19 (Det: 11.09, MoE: 1.0002)
2025-11-21 00:55:08,341 - INFO - Epoch 25 | Batch 50 | Loss: 11.00 (Det: 10.90, MoE: 1.0000)
2025-11-21 00:55:43,713 - INFO - Epoch 25:
2025-11-21 00:55:43,714 - INFO -   训练损失: 11.32 | 验证损失: 1.32
2025-11-21 00:55:43,714 - INFO -   (前30个epoch仅计算loss，跳过mAP评估)
2025-11-21 00:55:43,714 - INFO -   检测损失: 11.22
2025-11-21 00:55:43,714 - INFO -   MoE负载均衡损失: 1.0001
2025-11-21 00:55:43,714 - INFO -   专家使用率: [49.99%, 50.01%]
2025-11-21 00:55:44,659 - INFO - 💾 保存最新检查点: logs/moe2_rtdetr_r34_20251121_001901/latest_checkpoint.pth
2025-11-21 00:55:52,043 - INFO - Epoch 26 | Batch 0 | Loss: 11.31 (Det: 11.21, MoE: 1.0001)
2025-11-21 00:56:33,506 - INFO - Epoch 26 | Batch 50 | Loss: 11.28 (Det: 11.18, MoE: 1.0001)
2025-11-21 00:57:08,360 - INFO - Epoch 26:
2025-11-21 00:57:08,360 - INFO -   训练损失: 11.39 | 验证损失: 1.35
2025-11-21 00:57:08,360 - INFO -   (前30个epoch仅计算loss，跳过mAP评估)
2025-11-21 00:57:09,314 - INFO - 💾 保存最新检查点: logs/moe2_rtdetr_r34_20251121_001901/latest_checkpoint.pth
2025-11-21 00:57:15,365 - INFO - Epoch 27 | Batch 0 | Loss: 11.35 (Det: 11.25, MoE: 1.0000)
2025-11-21 00:57:57,086 - INFO - Epoch 27 | Batch 50 | Loss: 11.64 (Det: 11.54, MoE: 1.0000)
2025-11-21 00:58:31,752 - INFO - Epoch 27:
2025-11-21 00:58:31,752 - INFO -   训练损失: 11.82 | 验证损失: 1.47
2025-11-21 00:58:31,752 - INFO -   (前30个epoch仅计算loss，跳过mAP评估)
2025-11-21 00:58:32,634 - INFO - 💾 保存最新检查点: logs/moe2_rtdetr_r34_20251121_001901/latest_checkpoint.pth
2025-11-21 00:58:40,505 - INFO - Epoch 28 | Batch 0 | Loss: 12.55 (Det: 12.45, MoE: 1.0006)
2025-11-21 00:59:21,979 - INFO - Epoch 28 | Batch 50 | Loss: 11.18 (Det: 11.08, MoE: 1.0001)
2025-11-21 00:59:56,070 - INFO - Epoch 28:
2025-11-21 00:59:56,071 - INFO -   训练损失: 11.41 | 验证损失: 1.35
2025-11-21 00:59:56,071 - INFO -   (前30个epoch仅计算loss，跳过mAP评估)
2025-11-21 00:59:57,009 - INFO - 💾 保存最新检查点: logs/moe2_rtdetr_r34_20251121_001901/latest_checkpoint.pth
2025-11-21 01:00:03,799 - INFO - Epoch 29 | Batch 0 | Loss: 10.84 (Det: 10.74, MoE: 1.0003)
2025-11-21 01:00:45,671 - INFO - Epoch 29 | Batch 50 | Loss: 10.35 (Det: 10.25, MoE: 1.0003)
2025-11-21 01:01:20,798 - INFO - Epoch 29:
2025-11-21 01:01:20,799 - INFO -   训练损失: 10.36 | 验证损失: 1.16
2025-11-21 01:01:20,799 - INFO -   (前30个epoch仅计算loss，跳过mAP评估)
2025-11-21 01:01:20,799 - INFO -   🎉 新的最佳验证损失: 1.16
2025-11-21 01:01:21,751 - INFO - 💾 保存最新检查点: logs/moe2_rtdetr_r34_20251121_001901/latest_checkpoint.pth
2025-11-21 01:01:29,599 - INFO - Epoch 30 | Batch 0 | Loss: 9.97 (Det: 9.87, MoE: 1.0001)
2025-11-21 01:02:11,584 - INFO - Epoch 30 | Batch 50 | Loss: 9.39 (Det: 9.29, MoE: 1.0008)
2025-11-21 01:03:28,160 - INFO - Epoch 30:
2025-11-21 01:03:28,161 - INFO -   训练损失: 9.48 | 验证损失: 1.06
2025-11-21 01:03:28,161 - INFO -   预测/目标: 201600/93434
2025-11-21 01:03:28,161 - INFO -   检测损失: 9.38
2025-11-21 01:03:28,161 - INFO -   MoE负载均衡损失: 1.0004
2025-11-21 01:03:28,161 - INFO -   专家使用率: [49.94%, 50.06%]
2025-11-21 01:03:28,161 - INFO -   🎉 新的最佳验证损失: 1.06
2025-11-21 01:03:28,161 - INFO -   🎉 新的最佳mAP: 0.4145
2025-11-21 01:03:29,024 - INFO - 💾 保存最佳模型: logs/moe2_rtdetr_r34_20251121_001901/best_model.pth
2025-11-21 01:04:26,637 - INFO -   每个类别的 mAP@0.5:0.95:
2025-11-21 01:04:26,637 - INFO -     Car         : 0.6868
2025-11-21 01:04:26,637 - INFO -     Truck       : 0.4024
2025-11-21 01:04:26,637 - INFO -     Van         : 0.3057
2025-11-21 01:04:26,637 - INFO -     Bus         : 0.3289
2025-11-21 01:04:26,637 - INFO -     Pedestrian  : 0.2097
2025-11-21 01:04:26,637 - INFO -     Cyclist     : 0.4459
2025-11-21 01:04:26,637 - INFO -     Motorcyclist: 0.3244
2025-11-21 01:04:26,637 - INFO -     Trafficcone : 0.6118
2025-11-21 01:04:26,838 - INFO -   mAP_0.5_0.95 提升到 0.4145 (最佳epoch: 30)
2025-11-21 01:04:27,749 - INFO - 💾 保存最新检查点: logs/moe2_rtdetr_r34_20251121_001901/latest_checkpoint.pth
2025-11-21 01:04:34,102 - INFO - Epoch 31 | Batch 0 | Loss: 9.19 (Det: 9.09, MoE: 1.0003)
2025-11-21 01:05:15,772 - INFO - Epoch 31 | Batch 50 | Loss: 8.95 (Det: 8.85, MoE: 1.0004)
2025-11-21 01:06:32,902 - INFO - Epoch 31:
2025-11-21 01:06:32,903 - INFO -   训练损失: 9.08 | 验证损失: 1.04
2025-11-21 01:06:32,903 - INFO -   预测/目标: 201600/93434
2025-11-21 01:06:32,903 - INFO -   🎉 新的最佳验证损失: 1.04
2025-11-21 01:06:32,903 - INFO -   🎉 新的最佳mAP: 0.4377
2025-11-21 01:06:33,811 - INFO - 💾 保存最佳模型: logs/moe2_rtdetr_r34_20251121_001901/best_model.pth
2025-11-21 01:07:30,027 - INFO -   每个类别的 mAP@0.5:0.95:
2025-11-21 01:07:30,027 - INFO -     Car         : 0.7080
2025-11-21 01:07:30,027 - INFO -     Truck       : 0.4091
2025-11-21 01:07:30,027 - INFO -     Van         : 0.3409
2025-11-21 01:07:30,027 - INFO -     Bus         : 0.4252
2025-11-21 01:07:30,027 - INFO -     Pedestrian  : 0.2062
2025-11-21 01:07:30,027 - INFO -     Cyclist     : 0.4430
2025-11-21 01:07:30,027 - INFO -     Motorcyclist: 0.3563
2025-11-21 01:07:30,027 - INFO -     Trafficcone : 0.6130
2025-11-21 01:07:30,230 - INFO -   mAP_0.5_0.95 提升到 0.4377 (最佳epoch: 31)
2025-11-21 01:07:31,171 - INFO - 💾 保存最新检查点: logs/moe2_rtdetr_r34_20251121_001901/latest_checkpoint.pth
2025-11-21 01:07:38,655 - INFO - Epoch 32 | Batch 0 | Loss: 9.05 (Det: 8.95, MoE: 1.0001)
2025-11-21 01:08:20,606 - INFO - Epoch 32 | Batch 50 | Loss: 8.83 (Det: 8.73, MoE: 1.0001)
2025-11-21 01:09:37,336 - INFO - Epoch 32:
2025-11-21 01:09:37,337 - INFO -   训练损失: 8.88 | 验证损失: 1.02
2025-11-21 01:09:37,338 - INFO -   预测/目标: 201600/93434
2025-11-21 01:09:37,338 - INFO -   🎉 新的最佳验证损失: 1.02
2025-11-21 01:09:37,338 - INFO -   🎉 新的最佳mAP: 0.4573
2025-11-21 01:09:38,296 - INFO - 💾 保存最佳模型: logs/moe2_rtdetr_r34_20251121_001901/best_model.pth
2025-11-21 01:10:33,769 - INFO -   每个类别的 mAP@0.5:0.95:
2025-11-21 01:10:33,769 - INFO -     Car         : 0.7219
2025-11-21 01:10:33,769 - INFO -     Truck       : 0.4183
2025-11-21 01:10:33,769 - INFO -     Van         : 0.3637
2025-11-21 01:10:33,769 - INFO -     Bus         : 0.4801
2025-11-21 01:10:33,769 - INFO -     Pedestrian  : 0.2209
2025-11-21 01:10:33,769 - INFO -     Cyclist     : 0.4526
2025-11-21 01:10:33,769 - INFO -     Motorcyclist: 0.3842
2025-11-21 01:10:33,769 - INFO -     Trafficcone : 0.6166
2025-11-21 01:10:33,965 - INFO -   mAP_0.5_0.95 提升到 0.4573 (最佳epoch: 32)
2025-11-21 01:10:34,923 - INFO - 💾 保存最新检查点: logs/moe2_rtdetr_r34_20251121_001901/latest_checkpoint.pth
2025-11-21 01:10:41,054 - INFO - Epoch 33 | Batch 0 | Loss: 8.55 (Det: 8.45, MoE: 1.0002)
2025-11-21 01:11:22,727 - INFO - Epoch 33 | Batch 50 | Loss: 8.86 (Det: 8.76, MoE: 1.0001)
2025-11-21 01:12:38,731 - INFO - Epoch 33:
2025-11-21 01:12:38,733 - INFO -   训练损失: 8.70 | 验证损失: 0.99
2025-11-21 01:12:38,733 - INFO -   预测/目标: 201600/93434
2025-11-21 01:12:38,733 - INFO -   🎉 新的最佳验证损失: 0.99
2025-11-21 01:12:38,733 - INFO -   🎉 新的最佳mAP: 0.4763
2025-11-21 01:12:39,663 - INFO - 💾 保存最佳模型: logs/moe2_rtdetr_r34_20251121_001901/best_model.pth
2025-11-21 01:13:34,885 - INFO -   每个类别的 mAP@0.5:0.95:
2025-11-21 01:13:34,885 - INFO -     Car         : 0.7342
2025-11-21 01:13:34,885 - INFO -     Truck       : 0.4265
2025-11-21 01:13:34,885 - INFO -     Van         : 0.3847
2025-11-21 01:13:34,885 - INFO -     Bus         : 0.5459
2025-11-21 01:13:34,885 - INFO -     Pedestrian  : 0.2342
2025-11-21 01:13:34,885 - INFO -     Cyclist     : 0.4619
2025-11-21 01:13:34,885 - INFO -     Motorcyclist: 0.4053
2025-11-21 01:13:34,885 - INFO -     Trafficcone : 0.6179
2025-11-21 01:13:35,086 - INFO -   mAP_0.5_0.95 提升到 0.4763 (最佳epoch: 33)
2025-11-21 01:13:36,044 - INFO - 💾 保存最新检查点: logs/moe2_rtdetr_r34_20251121_001901/latest_checkpoint.pth
2025-11-21 01:13:41,516 - INFO - Epoch 34 | Batch 0 | Loss: 8.53 (Det: 8.43, MoE: 1.0002)
2025-11-21 01:14:23,120 - INFO - Epoch 34 | Batch 50 | Loss: 8.51 (Det: 8.41, MoE: 1.0001)
2025-11-21 01:15:38,111 - INFO - Epoch 34:
2025-11-21 01:15:38,113 - INFO -   训练损失: 8.58 | 验证损失: 0.98
2025-11-21 01:15:38,113 - INFO -   预测/目标: 201600/93434
2025-11-21 01:15:38,113 - INFO -   🎉 新的最佳验证损失: 0.98
2025-11-21 01:15:38,113 - INFO -   🎉 新的最佳mAP: 0.4846
2025-11-21 01:15:39,037 - INFO - 💾 保存最佳模型: logs/moe2_rtdetr_r34_20251121_001901/best_model.pth
2025-11-21 01:16:35,018 - INFO -   每个类别的 mAP@0.5:0.95:
2025-11-21 01:16:35,018 - INFO -     Car         : 0.7411
2025-11-21 01:16:35,018 - INFO -     Truck       : 0.4286
2025-11-21 01:16:35,018 - INFO -     Van         : 0.3637
2025-11-21 01:16:35,018 - INFO -     Bus         : 0.5898
2025-11-21 01:16:35,018 - INFO -     Pedestrian  : 0.2483
2025-11-21 01:16:35,018 - INFO -     Cyclist     : 0.4684
2025-11-21 01:16:35,018 - INFO -     Motorcyclist: 0.4160
2025-11-21 01:16:35,018 - INFO -     Trafficcone : 0.6205
2025-11-21 01:16:35,222 - INFO -   mAP_0.5_0.95 提升到 0.4846 (最佳epoch: 34)
2025-11-21 01:16:36,204 - INFO - 💾 保存最新检查点: logs/moe2_rtdetr_r34_20251121_001901/latest_checkpoint.pth
2025-11-21 01:16:44,171 - INFO - Epoch 35 | Batch 0 | Loss: 8.61 (Det: 8.51, MoE: 1.0000)
2025-11-21 01:17:25,567 - INFO - Epoch 35 | Batch 50 | Loss: 8.78 (Det: 8.68, MoE: 1.0001)
2025-11-21 01:18:40,835 - INFO - Epoch 35:
2025-11-21 01:18:40,836 - INFO -   训练损失: 8.48 | 验证损失: 0.97
2025-11-21 01:18:40,836 - INFO -   预测/目标: 201600/93434
2025-11-21 01:18:40,836 - INFO -   检测损失: 8.38
2025-11-21 01:18:40,836 - INFO -   MoE负载均衡损失: 1.0001
2025-11-21 01:18:40,836 - INFO -   专家使用率: [49.99%, 50.01%]
2025-11-21 01:18:40,837 - INFO -   🎉 新的最佳验证损失: 0.97
2025-11-21 01:18:40,837 - INFO -   🎉 新的最佳mAP: 0.4941
2025-11-21 01:18:41,800 - INFO - 💾 保存最佳模型: logs/moe2_rtdetr_r34_20251121_001901/best_model.pth
2025-11-21 01:19:35,628 - INFO -   每个类别的 mAP@0.5:0.95:
2025-11-21 01:19:35,629 - INFO -     Car         : 0.7455
2025-11-21 01:19:35,629 - INFO -     Truck       : 0.4276
2025-11-21 01:19:35,629 - INFO -     Van         : 0.3648
2025-11-21 01:19:35,629 - INFO -     Bus         : 0.6288
2025-11-21 01:19:35,629 - INFO -     Pedestrian  : 0.2604
2025-11-21 01:19:35,629 - INFO -     Cyclist     : 0.4807
2025-11-21 01:19:35,629 - INFO -     Motorcyclist: 0.4240
2025-11-21 01:19:35,629 - INFO -     Trafficcone : 0.6212
2025-11-21 01:19:35,824 - INFO -   mAP_0.5_0.95 提升到 0.4941 (最佳epoch: 35)
2025-11-21 01:19:36,753 - INFO - 💾 保存最新检查点: logs/moe2_rtdetr_r34_20251121_001901/latest_checkpoint.pth
2025-11-21 01:19:43,153 - INFO - Epoch 36 | Batch 0 | Loss: 8.37 (Det: 8.27, MoE: 1.0002)
2025-11-21 01:20:25,008 - INFO - Epoch 36 | Batch 50 | Loss: 8.33 (Det: 8.23, MoE: 1.0001)
2025-11-21 01:21:40,034 - INFO - Epoch 36:
2025-11-21 01:21:40,035 - INFO -   训练损失: 8.37 | 验证损失: 0.96
2025-11-21 01:21:40,035 - INFO -   预测/目标: 201600/93434
2025-11-21 01:21:40,035 - INFO -   🎉 新的最佳验证损失: 0.96
2025-11-21 01:21:40,035 - INFO -   🎉 新的最佳mAP: 0.5043
2025-11-21 01:21:41,064 - INFO - 💾 保存最佳模型: logs/moe2_rtdetr_r34_20251121_001901/best_model.pth
2025-11-21 01:22:35,477 - INFO -   每个类别的 mAP@0.5:0.95:
2025-11-21 01:22:35,477 - INFO -     Car         : 0.7515
2025-11-21 01:22:35,478 - INFO -     Truck       : 0.4389
2025-11-21 01:22:35,478 - INFO -     Van         : 0.3781
2025-11-21 01:22:35,478 - INFO -     Bus         : 0.6504
2025-11-21 01:22:35,478 - INFO -     Pedestrian  : 0.2753
2025-11-21 01:22:35,478 - INFO -     Cyclist     : 0.4828
2025-11-21 01:22:35,478 - INFO -     Motorcyclist: 0.4359
2025-11-21 01:22:35,478 - INFO -     Trafficcone : 0.6219
2025-11-21 01:22:35,687 - INFO -   mAP_0.5_0.95 提升到 0.5043 (最佳epoch: 36)
2025-11-21 01:22:36,651 - INFO - 💾 保存最新检查点: logs/moe2_rtdetr_r34_20251121_001901/latest_checkpoint.pth
2025-11-21 01:22:44,154 - INFO - Epoch 37 | Batch 0 | Loss: 8.29 (Det: 8.19, MoE: 1.0001)
2025-11-21 01:23:26,130 - INFO - Epoch 37 | Batch 50 | Loss: 8.01 (Det: 7.91, MoE: 1.0000)
2025-11-21 01:24:40,580 - INFO - Epoch 37:
2025-11-21 01:24:40,581 - INFO -   训练损失: 8.27 | 验证损失: 0.95
2025-11-21 01:24:40,581 - INFO -   预测/目标: 201600/93434
2025-11-21 01:24:40,581 - INFO -   🎉 新的最佳验证损失: 0.95
2025-11-21 01:24:40,581 - INFO -   🎉 新的最佳mAP: 0.5123
2025-11-21 01:24:41,548 - INFO - 💾 保存最佳模型: logs/moe2_rtdetr_r34_20251121_001901/best_model.pth
2025-11-21 01:25:35,959 - INFO -   每个类别的 mAP@0.5:0.95:
2025-11-21 01:25:35,959 - INFO -     Car         : 0.7528
2025-11-21 01:25:35,959 - INFO -     Truck       : 0.4423
2025-11-21 01:25:35,959 - INFO -     Van         : 0.3836
2025-11-21 01:25:35,959 - INFO -     Bus         : 0.6806
2025-11-21 01:25:35,959 - INFO -     Pedestrian  : 0.2831
2025-11-21 01:25:35,959 - INFO -     Cyclist     : 0.4905
2025-11-21 01:25:35,959 - INFO -     Motorcyclist: 0.4425
2025-11-21 01:25:35,959 - INFO -     Trafficcone : 0.6231
2025-11-21 01:25:36,158 - INFO -   mAP_0.5_0.95 提升到 0.5123 (最佳epoch: 37)
2025-11-21 01:25:37,195 - INFO - 💾 保存最新检查点: logs/moe2_rtdetr_r34_20251121_001901/latest_checkpoint.pth
2025-11-21 01:25:44,695 - INFO - Epoch 38 | Batch 0 | Loss: 8.25 (Det: 8.15, MoE: 1.0002)
2025-11-21 01:26:25,477 - INFO - Epoch 38 | Batch 50 | Loss: 8.18 (Det: 8.08, MoE: 1.0001)
2025-11-21 01:27:41,561 - INFO - Epoch 38:
2025-11-21 01:27:41,561 - INFO -   训练损失: 8.19 | 验证损失: 0.94
2025-11-21 01:27:41,562 - INFO -   预测/目标: 201600/93434
2025-11-21 01:27:41,562 - INFO -   🎉 新的最佳验证损失: 0.94
2025-11-21 01:27:41,562 - INFO -   🎉 新的最佳mAP: 0.5140
2025-11-21 01:27:42,509 - INFO - 💾 保存最佳模型: logs/moe2_rtdetr_r34_20251121_001901/best_model.pth
2025-11-21 01:28:35,012 - INFO -   每个类别的 mAP@0.5:0.95:
2025-11-21 01:28:35,012 - INFO -     Car         : 0.7551
2025-11-21 01:28:35,012 - INFO -     Truck       : 0.4371
2025-11-21 01:28:35,012 - INFO -     Van         : 0.3649
2025-11-21 01:28:35,013 - INFO -     Bus         : 0.6901
2025-11-21 01:28:35,013 - INFO -     Pedestrian  : 0.2940
2025-11-21 01:28:35,013 - INFO -     Cyclist     : 0.4975
2025-11-21 01:28:35,013 - INFO -     Motorcyclist: 0.4501
2025-11-21 01:28:35,013 - INFO -     Trafficcone : 0.6229
2025-11-21 01:28:35,217 - INFO -   mAP_0.5_0.95 提升到 0.5140 (最佳epoch: 38)
2025-11-21 01:28:36,225 - INFO - 💾 保存最新检查点: logs/moe2_rtdetr_r34_20251121_001901/latest_checkpoint.pth
2025-11-21 01:28:42,962 - INFO - Epoch 39 | Batch 0 | Loss: 8.07 (Det: 7.97, MoE: 1.0001)
2025-11-21 01:29:24,960 - INFO - Epoch 39 | Batch 50 | Loss: 8.07 (Det: 7.97, MoE: 1.0001)
2025-11-21 01:30:40,588 - INFO - Epoch 39:
2025-11-21 01:30:40,589 - INFO -   训练损失: 8.11 | 验证损失: 0.93
2025-11-21 01:30:40,589 - INFO -   预测/目标: 201600/93434
2025-11-21 01:30:40,589 - INFO -   🎉 新的最佳验证损失: 0.93
2025-11-21 01:30:40,589 - INFO -   🎉 新的最佳mAP: 0.5238
2025-11-21 01:30:41,523 - INFO - 💾 保存最佳模型: logs/moe2_rtdetr_r34_20251121_001901/best_model.pth
2025-11-21 01:31:35,851 - INFO -   每个类别的 mAP@0.5:0.95:
2025-11-21 01:31:35,852 - INFO -     Car         : 0.7604
2025-11-21 01:31:35,852 - INFO -     Truck       : 0.4438
2025-11-21 01:31:35,852 - INFO -     Van         : 0.3958
2025-11-21 01:31:35,852 - INFO -     Bus         : 0.7024
2025-11-21 01:31:35,852 - INFO -     Pedestrian  : 0.3035
2025-11-21 01:31:35,852 - INFO -     Cyclist     : 0.5011
2025-11-21 01:31:35,852 - INFO -     Motorcyclist: 0.4580
2025-11-21 01:31:35,852 - INFO -     Trafficcone : 0.6255
2025-11-21 01:31:36,062 - INFO -   mAP_0.5_0.95 提升到 0.5238 (最佳epoch: 39)
2025-11-21 01:31:36,997 - INFO - 💾 保存最新检查点: logs/moe2_rtdetr_r34_20251121_001901/latest_checkpoint.pth
2025-11-21 01:31:41,625 - INFO - Epoch 40 | Batch 0 | Loss: 8.10 (Det: 8.00, MoE: 1.0001)
2025-11-21 01:32:24,382 - INFO - Epoch 40 | Batch 50 | Loss: 7.86 (Det: 7.76, MoE: 1.0000)
2025-11-21 01:33:39,511 - INFO - Epoch 40:
2025-11-21 01:33:39,512 - INFO -   训练损失: 8.03 | 验证损失: 0.93
2025-11-21 01:33:39,512 - INFO -   预测/目标: 201600/93434
2025-11-21 01:33:39,512 - INFO -   检测损失: 7.93
2025-11-21 01:33:39,512 - INFO -   MoE负载均衡损失: 1.0002
2025-11-21 01:33:39,512 - INFO -   专家使用率: [49.91%, 50.09%]
2025-11-21 01:33:39,512 - INFO -   🎉 新的最佳验证损失: 0.93
2025-11-21 01:33:39,512 - INFO -   🎉 新的最佳mAP: 0.5271
2025-11-21 01:33:41,221 - INFO - 💾 保存最佳模型: logs/moe2_rtdetr_r34_20251121_001901/best_model.pth
2025-11-21 01:34:34,813 - INFO -   每个类别的 mAP@0.5:0.95:
2025-11-21 01:34:34,813 - INFO -     Car         : 0.7645
2025-11-21 01:34:34,813 - INFO -     Truck       : 0.4437
2025-11-21 01:34:34,813 - INFO -     Van         : 0.3965
2025-11-21 01:34:34,813 - INFO -     Bus         : 0.7108
2025-11-21 01:34:34,813 - INFO -     Pedestrian  : 0.3158
2025-11-21 01:34:34,813 - INFO -     Cyclist     : 0.5029
2025-11-21 01:34:34,813 - INFO -     Motorcyclist: 0.4572
2025-11-21 01:34:34,813 - INFO -     Trafficcone : 0.6251
2025-11-21 01:34:35,021 - INFO -   mAP_0.5_0.95 提升到 0.5271 (最佳epoch: 40)
2025-11-21 01:34:36,649 - INFO - 💾 保存最新检查点: logs/moe2_rtdetr_r34_20251121_001901/latest_checkpoint.pth
2025-11-21 01:34:42,408 - INFO - Epoch 41 | Batch 0 | Loss: 7.94 (Det: 7.84, MoE: 1.0005)
2025-11-21 01:35:23,206 - INFO - Epoch 41 | Batch 50 | Loss: 8.01 (Det: 7.91, MoE: 1.0002)
2025-11-21 01:36:39,625 - INFO - Epoch 41:
2025-11-21 01:36:39,626 - INFO -   训练损失: 7.96 | 验证损失: 0.93
2025-11-21 01:36:39,627 - INFO -   预测/目标: 201600/93434
2025-11-21 01:36:39,627 - INFO -   🎉 新的最佳验证损失: 0.93
2025-11-21 01:36:39,627 - INFO -   🎉 新的最佳mAP: 0.5351
2025-11-21 01:36:40,648 - INFO - 💾 保存最佳模型: logs/moe2_rtdetr_r34_20251121_001901/best_model.pth
2025-11-21 01:37:35,613 - INFO -   每个类别的 mAP@0.5:0.95:
2025-11-21 01:37:35,614 - INFO -     Car         : 0.7668
2025-11-21 01:37:35,614 - INFO -     Truck       : 0.4611
2025-11-21 01:37:35,614 - INFO -     Van         : 0.4135
2025-11-21 01:37:35,614 - INFO -     Bus         : 0.7203
2025-11-21 01:37:35,614 - INFO -     Pedestrian  : 0.3194
2025-11-21 01:37:35,614 - INFO -     Cyclist     : 0.5069
2025-11-21 01:37:35,614 - INFO -     Motorcyclist: 0.4676
2025-11-21 01:37:35,614 - INFO -     Trafficcone : 0.6255
2025-11-21 01:37:35,816 - INFO -   mAP_0.5_0.95 提升到 0.5351 (最佳epoch: 41)
2025-11-21 01:37:36,676 - INFO - 💾 保存最新检查点: logs/moe2_rtdetr_r34_20251121_001901/latest_checkpoint.pth
2025-11-21 01:37:44,623 - INFO - Epoch 42 | Batch 0 | Loss: 7.78 (Det: 7.68, MoE: 1.0001)
2025-11-21 01:38:25,540 - INFO - Epoch 42 | Batch 50 | Loss: 7.91 (Det: 7.81, MoE: 1.0001)
2025-11-21 01:39:41,478 - INFO - Epoch 42:
2025-11-21 01:39:41,479 - INFO -   训练损失: 7.90 | 验证损失: 0.92
2025-11-21 01:39:41,479 - INFO -   预测/目标: 201600/93434
2025-11-21 01:39:41,480 - INFO -   🎉 新的最佳验证损失: 0.92
2025-11-21 01:39:41,480 - INFO -   🎉 新的最佳mAP: 0.5362
2025-11-21 01:39:42,365 - INFO - 💾 保存最佳模型: logs/moe2_rtdetr_r34_20251121_001901/best_model.pth
2025-11-21 01:40:37,187 - INFO -   每个类别的 mAP@0.5:0.95:
2025-11-21 01:40:37,188 - INFO -     Car         : 0.7657
2025-11-21 01:40:37,188 - INFO -     Truck       : 0.4514
2025-11-21 01:40:37,188 - INFO -     Van         : 0.4103
2025-11-21 01:40:37,188 - INFO -     Bus         : 0.7248
2025-11-21 01:40:37,188 - INFO -     Pedestrian  : 0.3277
2025-11-21 01:40:37,188 - INFO -     Cyclist     : 0.5121
2025-11-21 01:40:37,188 - INFO -     Motorcyclist: 0.4703
2025-11-21 01:40:37,188 - INFO -     Trafficcone : 0.6271
2025-11-21 01:40:37,397 - INFO -   mAP_0.5_0.95 提升到 0.5362 (最佳epoch: 42)
2025-11-21 01:40:38,272 - INFO - 💾 保存最新检查点: logs/moe2_rtdetr_r34_20251121_001901/latest_checkpoint.pth
2025-11-21 01:40:44,920 - INFO - Epoch 43 | Batch 0 | Loss: 7.75 (Det: 7.65, MoE: 1.0000)
2025-11-21 01:41:27,267 - INFO - Epoch 43 | Batch 50 | Loss: 7.89 (Det: 7.79, MoE: 1.0000)
2025-11-21 01:42:42,710 - INFO - Epoch 43:
2025-11-21 01:42:42,711 - INFO -   训练损失: 7.83 | 验证损失: 0.91
2025-11-21 01:42:42,711 - INFO -   预测/目标: 201600/93434
2025-11-21 01:42:42,711 - INFO -   🎉 新的最佳验证损失: 0.91
2025-11-21 01:42:42,711 - INFO -   🎉 新的最佳mAP: 0.5408
2025-11-21 01:42:43,587 - INFO - 💾 保存最佳模型: logs/moe2_rtdetr_r34_20251121_001901/best_model.pth
2025-11-21 01:43:37,503 - INFO -   每个类别的 mAP@0.5:0.95:
2025-11-21 01:43:37,503 - INFO -     Car         : 0.7673
2025-11-21 01:43:37,503 - INFO -     Truck       : 0.4549
2025-11-21 01:43:37,503 - INFO -     Van         : 0.4220
2025-11-21 01:43:37,504 - INFO -     Bus         : 0.7293
2025-11-21 01:43:37,504 - INFO -     Pedestrian  : 0.3385
2025-11-21 01:43:37,504 - INFO -     Cyclist     : 0.5130
2025-11-21 01:43:37,504 - INFO -     Motorcyclist: 0.4739
2025-11-21 01:43:37,504 - INFO -     Trafficcone : 0.6279
2025-11-21 01:43:37,698 - INFO -   mAP_0.5_0.95 提升到 0.5408 (最佳epoch: 43)
2025-11-21 01:43:38,543 - INFO - 💾 保存最新检查点: logs/moe2_rtdetr_r34_20251121_001901/latest_checkpoint.pth
2025-11-21 01:43:43,718 - INFO - Epoch 44 | Batch 0 | Loss: 7.63 (Det: 7.53, MoE: 1.0000)
2025-11-21 01:44:25,554 - INFO - Epoch 44 | Batch 50 | Loss: 7.69 (Det: 7.59, MoE: 1.0003)
2025-11-21 01:45:41,244 - INFO - Epoch 44:
2025-11-21 01:45:41,245 - INFO -   训练损失: 7.79 | 验证损失: 0.91
2025-11-21 01:45:41,245 - INFO -   预测/目标: 201600/93434
2025-11-21 01:45:41,245 - INFO -   🎉 新的最佳验证损失: 0.91
2025-11-21 01:45:41,245 - INFO -   🎉 新的最佳mAP: 0.5443
2025-11-21 01:45:42,117 - INFO - 💾 保存最佳模型: logs/moe2_rtdetr_r34_20251121_001901/best_model.pth
2025-11-21 01:46:35,412 - INFO -   每个类别的 mAP@0.5:0.95:
2025-11-21 01:46:35,412 - INFO -     Car         : 0.7695
2025-11-21 01:46:35,412 - INFO -     Truck       : 0.4577
2025-11-21 01:46:35,412 - INFO -     Van         : 0.4232
2025-11-21 01:46:35,412 - INFO -     Bus         : 0.7325
2025-11-21 01:46:35,412 - INFO -     Pedestrian  : 0.3448
2025-11-21 01:46:35,412 - INFO -     Cyclist     : 0.5169
2025-11-21 01:46:35,412 - INFO -     Motorcyclist: 0.4798
2025-11-21 01:46:35,412 - INFO -     Trafficcone : 0.6298
2025-11-21 01:46:35,620 - INFO -   mAP_0.5_0.95 提升到 0.5443 (最佳epoch: 44)
2025-11-21 01:46:36,479 - INFO - 💾 保存最新检查点: logs/moe2_rtdetr_r34_20251121_001901/latest_checkpoint.pth
2025-11-21 01:46:42,911 - INFO - Epoch 45 | Batch 0 | Loss: 7.60 (Det: 7.50, MoE: 1.0001)
2025-11-21 01:47:24,429 - INFO - Epoch 45 | Batch 50 | Loss: 7.77 (Det: 7.67, MoE: 1.0002)
2025-11-21 01:48:37,990 - INFO - Epoch 45:
2025-11-21 01:48:37,992 - INFO -   训练损失: 7.73 | 验证损失: 0.91
2025-11-21 01:48:37,992 - INFO -   预测/目标: 201600/93434
2025-11-21 01:48:37,992 - INFO -   检测损失: 7.63
2025-11-21 01:48:37,992 - INFO -   MoE负载均衡损失: 1.0001
2025-11-21 01:48:37,992 - INFO -   专家使用率: [49.96%, 50.04%]
2025-11-21 01:48:37,992 - INFO -   🎉 新的最佳验证损失: 0.91
2025-11-21 01:48:37,992 - INFO -   🎉 新的最佳mAP: 0.5489
2025-11-21 01:48:38,847 - INFO - 💾 保存最佳模型: logs/moe2_rtdetr_r34_20251121_001901/best_model.pth
2025-11-21 01:49:33,381 - INFO -   每个类别的 mAP@0.5:0.95:
2025-11-21 01:49:33,381 - INFO -     Car         : 0.7718
2025-11-21 01:49:33,381 - INFO -     Truck       : 0.4578
2025-11-21 01:49:33,381 - INFO -     Van         : 0.4393
2025-11-21 01:49:33,381 - INFO -     Bus         : 0.7397
2025-11-21 01:49:33,382 - INFO -     Pedestrian  : 0.3538
2025-11-21 01:49:33,382 - INFO -     Cyclist     : 0.5206
2025-11-21 01:49:33,382 - INFO -     Motorcyclist: 0.4787
2025-11-21 01:49:33,382 - INFO -     Trafficcone : 0.6296
2025-11-21 01:49:33,592 - INFO -   mAP_0.5_0.95 提升到 0.5489 (最佳epoch: 45)
2025-11-21 01:49:34,480 - INFO - 💾 保存最新检查点: logs/moe2_rtdetr_r34_20251121_001901/latest_checkpoint.pth
2025-11-21 01:49:41,307 - INFO - Epoch 46 | Batch 0 | Loss: 7.74 (Det: 7.64, MoE: 1.0000)
2025-11-21 01:50:22,422 - INFO - Epoch 46 | Batch 50 | Loss: 7.59 (Det: 7.49, MoE: 1.0000)
2025-11-21 01:51:38,465 - INFO - Epoch 46:
2025-11-21 01:51:38,465 - INFO -   训练损失: 7.67 | 验证损失: 0.91
2025-11-21 01:51:38,466 - INFO -   预测/目标: 201600/93434
2025-11-21 01:51:38,466 - INFO -   🎉 新的最佳验证损失: 0.91
2025-11-21 01:51:38,466 - INFO -   🎉 新的最佳mAP: 0.5527
2025-11-21 01:51:39,329 - INFO - 💾 保存最佳模型: logs/moe2_rtdetr_r34_20251121_001901/best_model.pth
2025-11-21 01:52:32,878 - INFO -   每个类别的 mAP@0.5:0.95:
2025-11-21 01:52:32,878 - INFO -     Car         : 0.7723
2025-11-21 01:52:32,878 - INFO -     Truck       : 0.4623
2025-11-21 01:52:32,878 - INFO -     Van         : 0.4617
2025-11-21 01:52:32,878 - INFO -     Bus         : 0.7332
2025-11-21 01:52:32,878 - INFO -     Pedestrian  : 0.3579
2025-11-21 01:52:32,878 - INFO -     Cyclist     : 0.5230
2025-11-21 01:52:32,878 - INFO -     Motorcyclist: 0.4814
2025-11-21 01:52:32,878 - INFO -     Trafficcone : 0.6302
2025-11-21 01:52:33,074 - INFO -   mAP_0.5_0.95 提升到 0.5527 (最佳epoch: 46)
2025-11-21 01:52:33,966 - INFO - 💾 保存最新检查点: logs/moe2_rtdetr_r34_20251121_001901/latest_checkpoint.pth
2025-11-21 01:52:40,820 - INFO - Epoch 47 | Batch 0 | Loss: 7.60 (Det: 7.50, MoE: 1.0000)
2025-11-21 01:53:22,050 - INFO - Epoch 47 | Batch 50 | Loss: 7.72 (Det: 7.62, MoE: 1.0001)
2025-11-21 01:54:37,352 - INFO - Epoch 47:
2025-11-21 01:54:37,354 - INFO -   训练损失: 7.61 | 验证损失: 0.90
2025-11-21 01:54:37,354 - INFO -   预测/目标: 201600/93434
2025-11-21 01:54:37,354 - INFO -   🎉 新的最佳验证损失: 0.90
2025-11-21 01:54:37,354 - INFO -   🎉 新的最佳mAP: 0.5549
2025-11-21 01:54:38,275 - INFO - 💾 保存最佳模型: logs/moe2_rtdetr_r34_20251121_001901/best_model.pth
2025-11-21 01:55:31,891 - INFO -   每个类别的 mAP@0.5:0.95:
2025-11-21 01:55:31,892 - INFO -     Car         : 0.7718
2025-11-21 01:55:31,892 - INFO -     Truck       : 0.4789
2025-11-21 01:55:31,892 - INFO -     Van         : 0.4606
2025-11-21 01:55:31,892 - INFO -     Bus         : 0.7262
2025-11-21 01:55:31,892 - INFO -     Pedestrian  : 0.3650
2025-11-21 01:55:31,892 - INFO -     Cyclist     : 0.5259
2025-11-21 01:55:31,892 - INFO -     Motorcyclist: 0.4797
2025-11-21 01:55:31,892 - INFO -     Trafficcone : 0.6312
2025-11-21 01:55:32,107 - INFO -   mAP_0.5_0.95 提升到 0.5549 (最佳epoch: 47)
2025-11-21 01:55:33,008 - INFO - 💾 保存最新检查点: logs/moe2_rtdetr_r34_20251121_001901/latest_checkpoint.pth
2025-11-21 01:55:38,603 - INFO - Epoch 48 | Batch 0 | Loss: 7.49 (Det: 7.39, MoE: 1.0000)
2025-11-21 01:56:20,101 - INFO - Epoch 48 | Batch 50 | Loss: 7.46 (Det: 7.36, MoE: 1.0000)
2025-11-21 01:57:35,441 - INFO - Epoch 48:
2025-11-21 01:57:35,442 - INFO -   训练损失: 7.56 | 验证损失: 0.90
2025-11-21 01:57:35,443 - INFO -   预测/目标: 201600/93434
2025-11-21 01:57:35,443 - INFO -   🎉 新的最佳mAP: 0.5573
2025-11-21 01:57:36,390 - INFO - 💾 保存最佳模型: logs/moe2_rtdetr_r34_20251121_001901/best_model.pth
2025-11-21 01:58:30,548 - INFO -   每个类别的 mAP@0.5:0.95:
2025-11-21 01:58:30,548 - INFO -     Car         : 0.7726
2025-11-21 01:58:30,548 - INFO -     Truck       : 0.4714
2025-11-21 01:58:30,548 - INFO -     Van         : 0.4729
2025-11-21 01:58:30,548 - INFO -     Bus         : 0.7295
2025-11-21 01:58:30,548 - INFO -     Pedestrian  : 0.3674
2025-11-21 01:58:30,548 - INFO -     Cyclist     : 0.5299
2025-11-21 01:58:30,548 - INFO -     Motorcyclist: 0.4828
2025-11-21 01:58:30,548 - INFO -     Trafficcone : 0.6316
2025-11-21 01:58:30,740 - INFO -   mAP_0.5_0.95 提升到 0.5573 (最佳epoch: 48)
2025-11-21 01:58:31,795 - INFO - 💾 保存最新检查点: logs/moe2_rtdetr_r34_20251121_001901/latest_checkpoint.pth
2025-11-21 01:58:39,396 - INFO - Epoch 49 | Batch 0 | Loss: 7.77 (Det: 7.67, MoE: 1.0000)
2025-11-21 01:59:20,555 - INFO - Epoch 49 | Batch 50 | Loss: 7.65 (Det: 7.55, MoE: 1.0001)
2025-11-21 02:00:35,443 - INFO - Epoch 49:
2025-11-21 02:00:35,445 - INFO -   训练损失: 7.52 | 验证损失: 0.90
2025-11-21 02:00:35,445 - INFO -   预测/目标: 201600/93434
2025-11-21 02:00:35,445 - INFO -   🎉 新的最佳mAP: 0.5587
2025-11-21 02:00:36,434 - INFO - 💾 保存最佳模型: logs/moe2_rtdetr_r34_20251121_001901/best_model.pth
2025-11-21 02:01:30,064 - INFO -   每个类别的 mAP@0.5:0.95:
2025-11-21 02:01:30,064 - INFO -     Car         : 0.7712
2025-11-21 02:01:30,064 - INFO -     Truck       : 0.4817
2025-11-21 02:01:30,064 - INFO -     Van         : 0.4819
2025-11-21 02:01:30,064 - INFO -     Bus         : 0.7203
2025-11-21 02:01:30,064 - INFO -     Pedestrian  : 0.3717
2025-11-21 02:01:30,064 - INFO -     Cyclist     : 0.5311
2025-11-21 02:01:30,064 - INFO -     Motorcyclist: 0.4808
2025-11-21 02:01:30,065 - INFO -     Trafficcone : 0.6308
2025-11-21 02:01:30,265 - INFO -   mAP_0.5_0.95 提升到 0.5587 (最佳epoch: 49)
2025-11-21 02:01:31,221 - INFO - 💾 保存最新检查点: logs/moe2_rtdetr_r34_20251121_001901/latest_checkpoint.pth
2025-11-21 02:01:36,255 - INFO - Epoch 50 | Batch 0 | Loss: 7.50 (Det: 7.40, MoE: 1.0000)
2025-11-21 02:02:17,430 - INFO - Epoch 50 | Batch 50 | Loss: 7.49 (Det: 7.39, MoE: 1.0000)
2025-11-21 02:03:31,102 - INFO - Epoch 50:
2025-11-21 02:03:31,104 - INFO -   训练损失: 7.51 | 验证损失: 0.90
2025-11-21 02:03:31,104 - INFO -   预测/目标: 201600/93434
2025-11-21 02:03:31,104 - INFO -   检测损失: 7.41
2025-11-21 02:03:31,104 - INFO -   MoE负载均衡损失: 1.0001
2025-11-21 02:03:31,104 - INFO -   专家使用率: [50.02%, 49.98%]
2025-11-21 02:03:31,104 - INFO -   🎉 新的最佳验证损失: 0.90
2025-11-21 02:03:31,104 - INFO -   🎉 新的最佳mAP: 0.5651
2025-11-21 02:03:31,981 - INFO - 💾 保存最佳模型: logs/moe2_rtdetr_r34_20251121_001901/best_model.pth
2025-11-21 02:04:25,225 - INFO -   每个类别的 mAP@0.5:0.95:
2025-11-21 02:04:25,225 - INFO -     Car         : 0.7726
2025-11-21 02:04:25,225 - INFO -     Truck       : 0.4887
2025-11-21 02:04:25,225 - INFO -     Van         : 0.5040
2025-11-21 02:04:25,225 - INFO -     Bus         : 0.7240
2025-11-21 02:04:25,225 - INFO -     Pedestrian  : 0.3806
2025-11-21 02:04:25,225 - INFO -     Cyclist     : 0.5330
2025-11-21 02:04:25,225 - INFO -     Motorcyclist: 0.4868
2025-11-21 02:04:25,225 - INFO -     Trafficcone : 0.6313
2025-11-21 02:04:25,427 - INFO -   mAP_0.5_0.95 提升到 0.5651 (最佳epoch: 50)
2025-11-21 02:04:26,382 - INFO - 💾 保存最新检查点: logs/moe2_rtdetr_r34_20251121_001901/latest_checkpoint.pth
2025-11-21 02:04:33,740 - INFO - Epoch 51 | Batch 0 | Loss: 7.56 (Det: 7.46, MoE: 1.0000)
2025-11-21 02:05:14,734 - INFO - Epoch 51 | Batch 50 | Loss: 7.30 (Det: 7.20, MoE: 1.0000)
2025-11-21 02:06:29,484 - INFO - Epoch 51:
2025-11-21 02:06:29,485 - INFO -   训练损失: 7.44 | 验证损失: 0.90
2025-11-21 02:06:29,485 - INFO -   预测/目标: 201600/93434
2025-11-21 02:06:29,485 - INFO -   🎉 新的最佳mAP: 0.5678
2025-11-21 02:06:30,434 - INFO - 💾 保存最佳模型: logs/moe2_rtdetr_r34_20251121_001901/best_model.pth
2025-11-21 02:07:24,264 - INFO -   每个类别的 mAP@0.5:0.95:
2025-11-21 02:07:24,265 - INFO -     Car         : 0.7727
2025-11-21 02:07:24,265 - INFO -     Truck       : 0.4885
2025-11-21 02:07:24,265 - INFO -     Van         : 0.5154
2025-11-21 02:07:24,265 - INFO -     Bus         : 0.7272
2025-11-21 02:07:24,265 - INFO -     Pedestrian  : 0.3838
2025-11-21 02:07:24,265 - INFO -     Cyclist     : 0.5375
2025-11-21 02:07:24,265 - INFO -     Motorcyclist: 0.4849
2025-11-21 02:07:24,265 - INFO -     Trafficcone : 0.6327
2025-11-21 02:07:24,464 - INFO -   mAP_0.5_0.95 提升到 0.5678 (最佳epoch: 51)
2025-11-21 02:07:25,325 - INFO - 💾 保存最新检查点: logs/moe2_rtdetr_r34_20251121_001901/latest_checkpoint.pth
2025-11-21 02:07:30,485 - INFO - Epoch 52 | Batch 0 | Loss: 7.36 (Det: 7.26, MoE: 1.0000)
2025-11-21 02:08:13,217 - INFO - Epoch 52 | Batch 50 | Loss: 7.40 (Det: 7.30, MoE: 1.0002)
2025-11-21 02:09:28,836 - INFO - Epoch 52:
2025-11-21 02:09:28,837 - INFO -   训练损失: 7.40 | 验证损失: 0.89
2025-11-21 02:09:28,837 - INFO -   预测/目标: 201600/93434
2025-11-21 02:09:28,837 - INFO -   🎉 新的最佳验证损失: 0.89
2025-11-21 02:09:28,838 - INFO -   🎉 新的最佳mAP: 0.5693
2025-11-21 02:09:29,843 - INFO - 💾 保存最佳模型: logs/moe2_rtdetr_r34_20251121_001901/best_model.pth
2025-11-21 02:10:23,974 - INFO -   每个类别的 mAP@0.5:0.95:
2025-11-21 02:10:23,975 - INFO -     Car         : 0.7713
2025-11-21 02:10:23,975 - INFO -     Truck       : 0.4926
2025-11-21 02:10:23,975 - INFO -     Van         : 0.5146
2025-11-21 02:10:23,975 - INFO -     Bus         : 0.7330
2025-11-21 02:10:23,975 - INFO -     Pedestrian  : 0.3862
2025-11-21 02:10:23,975 - INFO -     Cyclist     : 0.5389
2025-11-21 02:10:23,975 - INFO -     Motorcyclist: 0.4858
2025-11-21 02:10:23,975 - INFO -     Trafficcone : 0.6320
2025-11-21 02:10:24,168 - INFO -   mAP_0.5_0.95 提升到 0.5693 (最佳epoch: 52)
2025-11-21 02:10:25,305 - INFO - 💾 保存最新检查点: logs/moe2_rtdetr_r34_20251121_001901/latest_checkpoint.pth
2025-11-21 02:10:32,079 - INFO - Epoch 53 | Batch 0 | Loss: 7.50 (Det: 7.40, MoE: 1.0001)
2025-11-21 02:11:13,499 - INFO - Epoch 53 | Batch 50 | Loss: 7.24 (Det: 7.14, MoE: 1.0001)
2025-11-21 02:12:28,208 - INFO - Epoch 53:
2025-11-21 02:12:28,210 - INFO -   训练损失: 7.36 | 验证损失: 0.89
2025-11-21 02:12:28,210 - INFO -   预测/目标: 201600/93434
2025-11-21 02:12:28,210 - INFO -   🎉 新的最佳验证损失: 0.89
2025-11-21 02:12:28,210 - INFO -   🎉 新的最佳mAP: 0.5715
2025-11-21 02:12:29,731 - INFO - 💾 保存最佳模型: logs/moe2_rtdetr_r34_20251121_001901/best_model.pth
2025-11-21 02:13:23,163 - INFO -   每个类别的 mAP@0.5:0.95:
2025-11-21 02:13:23,164 - INFO -     Car         : 0.7744
2025-11-21 02:13:23,164 - INFO -     Truck       : 0.4891
2025-11-21 02:13:23,164 - INFO -     Van         : 0.5153
2025-11-21 02:13:23,164 - INFO -     Bus         : 0.7384
2025-11-21 02:13:23,164 - INFO -     Pedestrian  : 0.3898
2025-11-21 02:13:23,164 - INFO -     Cyclist     : 0.5433
2025-11-21 02:13:23,164 - INFO -     Motorcyclist: 0.4898
2025-11-21 02:13:23,164 - INFO -     Trafficcone : 0.6319
2025-11-21 02:13:23,385 - INFO -   mAP_0.5_0.95 提升到 0.5715 (最佳epoch: 53)
2025-11-21 02:13:24,290 - INFO - 💾 保存最新检查点: logs/moe2_rtdetr_r34_20251121_001901/latest_checkpoint.pth
2025-11-21 02:13:30,433 - INFO - Epoch 54 | Batch 0 | Loss: 7.13 (Det: 7.03, MoE: 1.0000)
2025-11-21 02:14:11,537 - INFO - Epoch 54 | Batch 50 | Loss: 7.39 (Det: 7.29, MoE: 1.0000)
2025-11-21 02:15:25,089 - INFO - Epoch 54:
2025-11-21 02:15:25,091 - INFO -   训练损失: 7.32 | 验证损失: 0.89
2025-11-21 02:15:25,091 - INFO -   预测/目标: 201600/93434
2025-11-21 02:15:25,091 - INFO -   🎉 新的最佳验证损失: 0.89
2025-11-21 02:15:25,091 - INFO -   🎉 新的最佳mAP: 0.5728
2025-11-21 02:15:26,235 - INFO - 💾 保存最佳模型: logs/moe2_rtdetr_r34_20251121_001901/best_model.pth
2025-11-21 02:16:19,799 - INFO -   每个类别的 mAP@0.5:0.95:
2025-11-21 02:16:19,800 - INFO -     Car         : 0.7734
2025-11-21 02:16:19,800 - INFO -     Truck       : 0.4898
2025-11-21 02:16:19,800 - INFO -     Van         : 0.5236
2025-11-21 02:16:19,800 - INFO -     Bus         : 0.7364
2025-11-21 02:16:19,800 - INFO -     Pedestrian  : 0.3941
2025-11-21 02:16:19,800 - INFO -     Cyclist     : 0.5440
2025-11-21 02:16:19,800 - INFO -     Motorcyclist: 0.4894
2025-11-21 02:16:19,800 - INFO -     Trafficcone : 0.6320
2025-11-21 02:16:19,996 - INFO -   mAP_0.5_0.95 提升到 0.5728 (最佳epoch: 54)
2025-11-21 02:16:20,955 - INFO - 💾 保存最新检查点: logs/moe2_rtdetr_r34_20251121_001901/latest_checkpoint.pth
2025-11-21 02:16:25,569 - INFO - Epoch 55 | Batch 0 | Loss: 7.40 (Det: 7.30, MoE: 1.0000)
2025-11-21 02:17:08,292 - INFO - Epoch 55 | Batch 50 | Loss: 7.21 (Det: 7.11, MoE: 1.0002)
2025-11-21 02:18:22,630 - INFO - Epoch 55:
2025-11-21 02:18:22,632 - INFO -   训练损失: 7.26 | 验证损失: 0.89
2025-11-21 02:18:22,632 - INFO -   预测/目标: 201600/93434
2025-11-21 02:18:22,632 - INFO -   检测损失: 7.16
2025-11-21 02:18:22,632 - INFO -   MoE负载均衡损失: 1.0001
2025-11-21 02:18:22,632 - INFO -   专家使用率: [50.01%, 49.99%]
2025-11-21 02:18:22,632 - INFO -   🎉 新的最佳验证损失: 0.89
2025-11-21 02:18:22,632 - INFO -   🎉 新的最佳mAP: 0.5745
2025-11-21 02:18:23,932 - INFO - 💾 保存最佳模型: logs/moe2_rtdetr_r34_20251121_001901/best_model.pth
2025-11-21 02:19:17,403 - INFO -   每个类别的 mAP@0.5:0.95:
2025-11-21 02:19:17,403 - INFO -     Car         : 0.7729
2025-11-21 02:19:17,403 - INFO -     Truck       : 0.4863
2025-11-21 02:19:17,404 - INFO -     Van         : 0.5311
2025-11-21 02:19:17,404 - INFO -     Bus         : 0.7403
2025-11-21 02:19:17,404 - INFO -     Pedestrian  : 0.3978
2025-11-21 02:19:17,404 - INFO -     Cyclist     : 0.5447
2025-11-21 02:19:17,404 - INFO -     Motorcyclist: 0.4909
2025-11-21 02:19:17,404 - INFO -     Trafficcone : 0.6319
2025-11-21 02:19:17,604 - INFO -   mAP_0.5_0.95 提升到 0.5745 (最佳epoch: 55)
2025-11-21 02:19:18,506 - INFO - 💾 保存最新检查点: logs/moe2_rtdetr_r34_20251121_001901/latest_checkpoint.pth
2025-11-21 02:19:26,445 - INFO - Epoch 56 | Batch 0 | Loss: 7.23 (Det: 7.13, MoE: 1.0001)
2025-11-21 02:20:07,723 - INFO - Epoch 56 | Batch 50 | Loss: 7.18 (Det: 7.08, MoE: 1.0001)
2025-11-21 02:21:23,664 - INFO - Epoch 56:
2025-11-21 02:21:23,666 - INFO -   训练损失: 7.22 | 验证损失: 0.89
2025-11-21 02:21:23,666 - INFO -   预测/目标: 201600/93434
2025-11-21 02:21:23,666 - INFO -   🎉 新的最佳mAP: 0.5753
2025-11-21 02:21:24,923 - INFO - 💾 保存最佳模型: logs/moe2_rtdetr_r34_20251121_001901/best_model.pth
2025-11-21 02:22:18,986 - INFO -   每个类别的 mAP@0.5:0.95:
2025-11-21 02:22:18,986 - INFO -     Car         : 0.7734
2025-11-21 02:22:18,986 - INFO -     Truck       : 0.4906
2025-11-21 02:22:18,986 - INFO -     Van         : 0.5294
2025-11-21 02:22:18,986 - INFO -     Bus         : 0.7444
2025-11-21 02:22:18,986 - INFO -     Pedestrian  : 0.4005
2025-11-21 02:22:18,986 - INFO -     Cyclist     : 0.5455
2025-11-21 02:22:18,986 - INFO -     Motorcyclist: 0.4883
2025-11-21 02:22:18,986 - INFO -     Trafficcone : 0.6306
2025-11-21 02:22:19,191 - INFO -   mAP_0.5_0.95 提升到 0.5753 (最佳epoch: 56)
2025-11-21 02:22:20,083 - INFO - 💾 保存最新检查点: logs/moe2_rtdetr_r34_20251121_001901/latest_checkpoint.pth
2025-11-21 02:22:25,501 - INFO - Epoch 57 | Batch 0 | Loss: 7.14 (Det: 7.04, MoE: 1.0001)
2025-11-21 02:23:06,511 - INFO - Epoch 57 | Batch 50 | Loss: 7.17 (Det: 7.07, MoE: 1.0001)
2025-11-21 02:24:21,627 - INFO - Epoch 57:
2025-11-21 02:24:21,629 - INFO -   训练损失: 7.20 | 验证损失: 0.89
2025-11-21 02:24:21,629 - INFO -   预测/目标: 201600/93434
2025-11-21 02:24:21,629 - INFO -   🎉 新的最佳验证损失: 0.89
2025-11-21 02:24:21,629 - INFO -   🎉 新的最佳mAP: 0.5785
2025-11-21 02:24:22,887 - INFO - 💾 保存最佳模型: logs/moe2_rtdetr_r34_20251121_001901/best_model.pth
2025-11-21 02:25:17,161 - INFO -   每个类别的 mAP@0.5:0.95:
2025-11-21 02:25:17,162 - INFO -     Car         : 0.7741
2025-11-21 02:25:17,162 - INFO -     Truck       : 0.4987
2025-11-21 02:25:17,162 - INFO -     Van         : 0.5344
2025-11-21 02:25:17,162 - INFO -     Bus         : 0.7459
2025-11-21 02:25:17,162 - INFO -     Pedestrian  : 0.4026
2025-11-21 02:25:17,162 - INFO -     Cyclist     : 0.5499
2025-11-21 02:25:17,162 - INFO -     Motorcyclist: 0.4919
2025-11-21 02:25:17,162 - INFO -     Trafficcone : 0.6309
2025-11-21 02:25:17,365 - INFO -   mAP_0.5_0.95 提升到 0.5785 (最佳epoch: 57)
2025-11-21 02:25:18,294 - INFO - 💾 保存最新检查点: logs/moe2_rtdetr_r34_20251121_001901/latest_checkpoint.pth
2025-11-21 02:25:22,857 - INFO - Epoch 58 | Batch 0 | Loss: 7.28 (Det: 7.18, MoE: 1.0001)
2025-11-21 02:26:04,948 - INFO - Epoch 58 | Batch 50 | Loss: 7.07 (Det: 6.97, MoE: 1.0001)
2025-11-21 02:27:20,108 - INFO - Epoch 58:
2025-11-21 02:27:20,109 - INFO -   训练损失: 7.14 | 验证损失: 0.89
2025-11-21 02:27:20,110 - INFO -   预测/目标: 201600/93434
2025-11-21 02:27:20,110 - INFO -   🎉 新的最佳验证损失: 0.89
2025-11-21 02:27:20,110 - INFO -   🎉 新的最佳mAP: 0.5798
2025-11-21 02:27:21,358 - INFO - 💾 保存最佳模型: logs/moe2_rtdetr_r34_20251121_001901/best_model.pth
2025-11-21 02:28:14,865 - INFO -   每个类别的 mAP@0.5:0.95:
2025-11-21 02:28:14,865 - INFO -     Car         : 0.7736
2025-11-21 02:28:14,865 - INFO -     Truck       : 0.4991
2025-11-21 02:28:14,865 - INFO -     Van         : 0.5421
2025-11-21 02:28:14,865 - INFO -     Bus         : 0.7462
2025-11-21 02:28:14,865 - INFO -     Pedestrian  : 0.4042
2025-11-21 02:28:14,865 - INFO -     Cyclist     : 0.5533
2025-11-21 02:28:14,865 - INFO -     Motorcyclist: 0.4893
2025-11-21 02:28:14,865 - INFO -     Trafficcone : 0.6305
2025-11-21 02:28:15,065 - INFO -   mAP_0.5_0.95 提升到 0.5798 (最佳epoch: 58)
2025-11-21 02:28:15,943 - INFO - 💾 保存最新检查点: logs/moe2_rtdetr_r34_20251121_001901/latest_checkpoint.pth
2025-11-21 02:28:22,462 - INFO - Epoch 59 | Batch 0 | Loss: 6.98 (Det: 6.88, MoE: 1.0000)
2025-11-21 02:29:03,242 - INFO - Epoch 59 | Batch 50 | Loss: 7.16 (Det: 7.06, MoE: 1.0000)
2025-11-21 02:30:16,897 - INFO - Epoch 59:
2025-11-21 02:30:16,898 - INFO -   训练损失: 7.10 | 验证损失: 0.89
2025-11-21 02:30:16,898 - INFO -   预测/目标: 201600/93434
2025-11-21 02:30:16,898 - INFO -   🎉 新的最佳mAP: 0.5800
2025-11-21 02:30:18,078 - INFO - 💾 保存最佳模型: logs/moe2_rtdetr_r34_20251121_001901/best_model.pth
2025-11-21 02:31:11,933 - INFO -   每个类别的 mAP@0.5:0.95:
2025-11-21 02:31:11,933 - INFO -     Car         : 0.7732
2025-11-21 02:31:11,933 - INFO -     Truck       : 0.4971
2025-11-21 02:31:11,933 - INFO -     Van         : 0.5416
2025-11-21 02:31:11,933 - INFO -     Bus         : 0.7512
2025-11-21 02:31:11,933 - INFO -     Pedestrian  : 0.4061
2025-11-21 02:31:11,933 - INFO -     Cyclist     : 0.5532
2025-11-21 02:31:11,933 - INFO -     Motorcyclist: 0.4877
2025-11-21 02:31:11,933 - INFO -     Trafficcone : 0.6296
2025-11-21 02:31:12,137 - INFO -   mAP_0.5_0.95 提升到 0.5800 (最佳epoch: 59)
2025-11-21 02:31:13,017 - INFO - 💾 保存最新检查点: logs/moe2_rtdetr_r34_20251121_001901/latest_checkpoint.pth
2025-11-21 02:31:17,648 - INFO - Epoch 60 | Batch 0 | Loss: 6.84 (Det: 6.74, MoE: 1.0001)
2025-11-21 02:32:00,190 - INFO - Epoch 60 | Batch 50 | Loss: 7.15 (Det: 7.05, MoE: 1.0001)
2025-11-21 02:33:14,372 - INFO - Epoch 60:
2025-11-21 02:33:14,373 - INFO -   训练损失: 7.04 | 验证损失: 0.89
2025-11-21 02:33:14,373 - INFO -   预测/目标: 201600/93434
2025-11-21 02:33:14,373 - INFO -   检测损失: 6.94
2025-11-21 02:33:14,373 - INFO -   MoE负载均衡损失: 1.0000
2025-11-21 02:33:14,373 - INFO -   专家使用率: [49.99%, 50.01%]
2025-11-21 02:33:14,373 - INFO -   ⏳ mAP_0.5_0.95 无改善 (1/35), 最佳值: 0.5800 (epoch 59)
2025-11-21 02:33:15,565 - INFO - 💾 保存最新检查点: logs/moe2_rtdetr_r34_20251121_001901/latest_checkpoint.pth
2025-11-21 02:33:21,265 - INFO - Epoch 61 | Batch 0 | Loss: 6.83 (Det: 6.73, MoE: 1.0000)
2025-11-21 02:34:03,205 - INFO - Epoch 61 | Batch 50 | Loss: 6.95 (Det: 6.85, MoE: 1.0001)
2025-11-21 02:35:18,421 - INFO - Epoch 61:
2025-11-21 02:35:18,422 - INFO -   训练损失: 7.04 | 验证损失: 0.89
2025-11-21 02:35:18,422 - INFO -   预测/目标: 201600/93434
2025-11-21 02:35:18,422 - INFO -   🎉 新的最佳mAP: 0.5811
2025-11-21 02:35:19,406 - INFO - 💾 保存最佳模型: logs/moe2_rtdetr_r34_20251121_001901/best_model.pth
2025-11-21 02:36:14,032 - INFO -   每个类别的 mAP@0.5:0.95:
2025-11-21 02:36:14,033 - INFO -     Car         : 0.7727
2025-11-21 02:36:14,033 - INFO -     Truck       : 0.4955
2025-11-21 02:36:14,033 - INFO -     Van         : 0.5459
2025-11-21 02:36:14,033 - INFO -     Bus         : 0.7516
2025-11-21 02:36:14,033 - INFO -     Pedestrian  : 0.4136
2025-11-21 02:36:14,033 - INFO -     Cyclist     : 0.5541
2025-11-21 02:36:14,033 - INFO -     Motorcyclist: 0.4871
2025-11-21 02:36:14,033 - INFO -     Trafficcone : 0.6285
2025-11-21 02:36:14,238 - INFO -   mAP_0.5_0.95 提升到 0.5811 (最佳epoch: 61)
2025-11-21 02:36:15,083 - INFO - 💾 保存最新检查点: logs/moe2_rtdetr_r34_20251121_001901/latest_checkpoint.pth
2025-11-21 02:36:20,214 - INFO - Epoch 62 | Batch 0 | Loss: 7.22 (Det: 7.12, MoE: 1.0001)
2025-11-21 02:37:00,975 - INFO - Epoch 62 | Batch 50 | Loss: 6.91 (Det: 6.81, MoE: 1.0000)
2025-11-21 02:38:15,442 - INFO - Epoch 62:
2025-11-21 02:38:15,443 - INFO -   训练损失: 7.00 | 验证损失: 0.89
2025-11-21 02:38:15,443 - INFO -   预测/目标: 201600/93434
2025-11-21 02:38:15,443 - INFO -   🎉 新的最佳mAP: 0.5820
2025-11-21 02:38:16,316 - INFO - 💾 保存最佳模型: logs/moe2_rtdetr_r34_20251121_001901/best_model.pth
2025-11-21 02:39:11,001 - INFO -   每个类别的 mAP@0.5:0.95:
2025-11-21 02:39:11,001 - INFO -     Car         : 0.7727
2025-11-21 02:39:11,001 - INFO -     Truck       : 0.5000
2025-11-21 02:39:11,001 - INFO -     Van         : 0.5442
2025-11-21 02:39:11,001 - INFO -     Bus         : 0.7540
2025-11-21 02:39:11,001 - INFO -     Pedestrian  : 0.4142
2025-11-21 02:39:11,001 - INFO -     Cyclist     : 0.5534
2025-11-21 02:39:11,001 - INFO -     Motorcyclist: 0.4894
2025-11-21 02:39:11,002 - INFO -     Trafficcone : 0.6278
2025-11-21 02:39:11,199 - INFO -   mAP_0.5_0.95 提升到 0.5820 (最佳epoch: 62)
2025-11-21 02:39:12,129 - INFO - 💾 保存最新检查点: logs/moe2_rtdetr_r34_20251121_001901/latest_checkpoint.pth
2025-11-21 02:39:18,291 - INFO - Epoch 63 | Batch 0 | Loss: 7.09 (Det: 6.99, MoE: 1.0000)
2025-11-21 02:39:58,693 - INFO - Epoch 63 | Batch 50 | Loss: 7.03 (Det: 6.93, MoE: 1.0000)
2025-11-21 02:41:13,120 - INFO - Epoch 63:
2025-11-21 02:41:13,121 - INFO -   训练损失: 6.93 | 验证损失: 0.90
2025-11-21 02:41:13,121 - INFO -   预测/目标: 201600/93434
2025-11-21 02:41:13,121 - INFO -   ⏳ mAP_0.5_0.95 无改善 (1/35), 最佳值: 0.5820 (epoch 62)
2025-11-21 02:41:14,015 - INFO - 💾 保存最新检查点: logs/moe2_rtdetr_r34_20251121_001901/latest_checkpoint.pth
2025-11-21 02:41:19,607 - INFO - Epoch 64 | Batch 0 | Loss: 6.87 (Det: 6.77, MoE: 1.0001)
2025-11-21 02:42:00,620 - INFO - Epoch 64 | Batch 50 | Loss: 6.93 (Det: 6.83, MoE: 1.0000)
2025-11-21 02:43:16,237 - INFO - Epoch 64:
2025-11-21 02:43:16,238 - INFO -   训练损失: 6.90 | 验证损失: 0.89
2025-11-21 02:43:16,239 - INFO -   预测/目标: 201600/93434
2025-11-21 02:43:16,239 - INFO -   🎉 新的最佳mAP: 0.5824
2025-11-21 02:43:17,123 - INFO - 💾 保存最佳模型: logs/moe2_rtdetr_r34_20251121_001901/best_model.pth
2025-11-21 02:44:11,421 - INFO -   每个类别的 mAP@0.5:0.95:
2025-11-21 02:44:11,421 - INFO -     Car         : 0.7720
2025-11-21 02:44:11,421 - INFO -     Truck       : 0.5030
2025-11-21 02:44:11,421 - INFO -     Van         : 0.5461
2025-11-21 02:44:11,421 - INFO -     Bus         : 0.7546
2025-11-21 02:44:11,421 - INFO -     Pedestrian  : 0.4169
2025-11-21 02:44:11,421 - INFO -     Cyclist     : 0.5545
2025-11-21 02:44:11,421 - INFO -     Motorcyclist: 0.4866
2025-11-21 02:44:11,421 - INFO -     Trafficcone : 0.6253
2025-11-21 02:44:11,616 - INFO -   mAP_0.5_0.95 提升到 0.5824 (最佳epoch: 64)
2025-11-21 02:44:12,350 - INFO - 💾 保存最新检查点: logs/moe2_rtdetr_r34_20251121_001901/latest_checkpoint.pth
2025-11-21 02:44:17,847 - INFO - Epoch 65 | Batch 0 | Loss: 6.83 (Det: 6.73, MoE: 1.0000)
2025-11-21 02:44:59,816 - INFO - Epoch 65 | Batch 50 | Loss: 6.80 (Det: 6.70, MoE: 1.0000)
2025-11-21 02:46:15,429 - INFO - Epoch 65:
2025-11-21 02:46:15,431 - INFO -   训练损失: 6.86 | 验证损失: 0.90
2025-11-21 02:46:15,431 - INFO -   预测/目标: 201600/93434
2025-11-21 02:46:15,431 - INFO -   检测损失: 6.76
2025-11-21 02:46:15,431 - INFO -   MoE负载均衡损失: 1.0001
2025-11-21 02:46:15,431 - INFO -   专家使用率: [49.99%, 50.01%]
2025-11-21 02:46:15,431 - INFO -   ⏳ mAP_0.5_0.95 无改善 (1/35), 最佳值: 0.5824 (epoch 64)
2025-11-21 02:46:16,327 - INFO - 💾 保存最新检查点: logs/moe2_rtdetr_r34_20251121_001901/latest_checkpoint.pth
2025-11-21 02:46:23,031 - INFO - Epoch 66 | Batch 0 | Loss: 6.74 (Det: 6.64, MoE: 1.0002)
2025-11-21 02:47:04,968 - INFO - Epoch 66 | Batch 50 | Loss: 6.69 (Det: 6.59, MoE: 1.0001)
2025-11-21 02:48:20,983 - INFO - Epoch 66:
2025-11-21 02:48:20,984 - INFO -   训练损失: 6.81 | 验证损失: 0.90
2025-11-21 02:48:20,984 - INFO -   预测/目标: 201600/93434
2025-11-21 02:48:20,985 - INFO -   ⏳ mAP_0.5_0.95 无改善 (2/35), 最佳值: 0.5824 (epoch 64)
2025-11-21 02:48:21,840 - INFO - 💾 保存最新检查点: logs/moe2_rtdetr_r34_20251121_001901/latest_checkpoint.pth
2025-11-21 02:48:29,627 - INFO - Epoch 67 | Batch 0 | Loss: 6.89 (Det: 6.79, MoE: 1.0000)
2025-11-21 02:49:10,684 - INFO - Epoch 67 | Batch 50 | Loss: 6.81 (Det: 6.71, MoE: 1.0000)
2025-11-21 02:50:25,965 - INFO - Epoch 67:
2025-11-21 02:50:25,967 - INFO -   训练损失: 6.79 | 验证损失: 0.90
2025-11-21 02:50:25,967 - INFO -   预测/目标: 201600/93434
2025-11-21 02:50:25,967 - INFO -   ⏳ mAP_0.5_0.95 无改善 (3/35), 最佳值: 0.5824 (epoch 64)
2025-11-21 02:50:26,805 - INFO - 💾 保存最新检查点: logs/moe2_rtdetr_r34_20251121_001901/latest_checkpoint.pth
2025-11-21 02:50:33,044 - INFO - Epoch 68 | Batch 0 | Loss: 6.88 (Det: 6.78, MoE: 1.0001)
2025-11-21 02:51:14,191 - INFO - Epoch 68 | Batch 50 | Loss: 6.77 (Det: 6.67, MoE: 1.0002)
2025-11-21 02:52:29,937 - INFO - Epoch 68:
2025-11-21 02:52:29,939 - INFO -   训练损失: 6.71 | 验证损失: 0.91
2025-11-21 02:52:29,939 - INFO -   预测/目标: 201600/93434
2025-11-21 02:52:29,939 - INFO -   ⏳ mAP_0.5_0.95 无改善 (4/35), 最佳值: 0.5824 (epoch 64)
2025-11-21 02:52:30,816 - INFO - 💾 保存最新检查点: logs/moe2_rtdetr_r34_20251121_001901/latest_checkpoint.pth
2025-11-21 02:52:35,864 - INFO - Epoch 69 | Batch 0 | Loss: 6.80 (Det: 6.70, MoE: 1.0000)
2025-11-21 02:53:16,932 - INFO - Epoch 69 | Batch 50 | Loss: 6.68 (Det: 6.58, MoE: 1.0000)
2025-11-21 02:54:32,998 - INFO - Epoch 69:
2025-11-21 02:54:33,000 - INFO -   训练损失: 6.69 | 验证损失: 0.91
2025-11-21 02:54:33,000 - INFO -   预测/目标: 201600/93434
2025-11-21 02:54:33,000 - INFO -   ⏳ mAP_0.5_0.95 无改善 (5/35), 最佳值: 0.5824 (epoch 64)
2025-11-21 02:54:33,868 - INFO - 💾 保存最新检查点: logs/moe2_rtdetr_r34_20251121_001901/latest_checkpoint.pth
2025-11-21 02:54:39,224 - INFO - Epoch 70 | Batch 0 | Loss: 6.69 (Det: 6.59, MoE: 1.0001)
2025-11-21 02:55:20,926 - INFO - Epoch 70 | Batch 50 | Loss: 6.73 (Det: 6.63, MoE: 1.0000)
2025-11-21 02:56:36,107 - INFO - Epoch 70:
2025-11-21 02:56:36,108 - INFO -   训练损失: 6.70 | 验证损失: 0.90
2025-11-21 02:56:36,108 - INFO -   预测/目标: 201600/93434
2025-11-21 02:56:36,108 - INFO -   检测损失: 6.60
2025-11-21 02:56:36,109 - INFO -   MoE负载均衡损失: 1.0000
2025-11-21 02:56:36,109 - INFO -   专家使用率: [50.00%, 50.00%]
2025-11-21 02:56:36,109 - INFO -   ⏳ mAP_0.5_0.95 无改善 (6/35), 最佳值: 0.5824 (epoch 64)
2025-11-21 02:56:36,983 - INFO - 💾 保存最新检查点: logs/moe2_rtdetr_r34_20251121_001901/latest_checkpoint.pth
2025-11-21 02:56:44,785 - INFO - Epoch 71 | Batch 0 | Loss: 6.47 (Det: 6.37, MoE: 1.0000)
2025-11-21 02:57:25,170 - INFO - Epoch 71 | Batch 50 | Loss: 6.59 (Det: 6.49, MoE: 1.0000)
2025-11-21 02:58:40,745 - INFO - Epoch 71:
2025-11-21 02:58:40,746 - INFO -   训练损失: 6.60 | 验证损失: 0.91
2025-11-21 02:58:40,747 - INFO -   预测/目标: 201600/93434
2025-11-21 02:58:40,747 - INFO -   ⏳ mAP_0.5_0.95 无改善 (7/35), 最佳值: 0.5824 (epoch 64)
2025-11-21 02:58:41,716 - INFO - 💾 保存最新检查点: logs/moe2_rtdetr_r34_20251121_001901/latest_checkpoint.pth
2025-11-21 02:58:49,643 - INFO - Epoch 72 | Batch 0 | Loss: 6.29 (Det: 6.19, MoE: 1.0000)
2025-11-21 02:59:30,626 - INFO - Epoch 72 | Batch 50 | Loss: 6.63 (Det: 6.53, MoE: 1.0000)
2025-11-21 03:00:46,245 - INFO - Epoch 72:
2025-11-21 03:00:46,247 - INFO -   训练损失: 6.59 | 验证损失: 0.91
2025-11-21 03:00:46,247 - INFO -   预测/目标: 201600/93434
2025-11-21 03:00:46,247 - INFO -   ⏳ mAP_0.5_0.95 无改善 (8/35), 最佳值: 0.5824 (epoch 64)
2025-11-21 03:00:47,126 - INFO - 💾 保存最新检查点: logs/moe2_rtdetr_r34_20251121_001901/latest_checkpoint.pth
2025-11-21 03:00:54,455 - INFO - Epoch 73 | Batch 0 | Loss: 6.63 (Det: 6.53, MoE: 1.0001)
2025-11-21 03:01:35,777 - INFO - Epoch 73 | Batch 50 | Loss: 6.50 (Det: 6.40, MoE: 1.0001)
2025-11-21 03:02:51,000 - INFO - Epoch 73:
2025-11-21 03:02:51,001 - INFO -   训练损失: 6.55 | 验证损失: 0.91
2025-11-21 03:02:51,001 - INFO -   预测/目标: 201600/93434
2025-11-21 03:02:51,001 - INFO -   ⏳ mAP_0.5_0.95 无改善 (9/35), 最佳值: 0.5824 (epoch 64)
2025-11-21 03:02:51,988 - INFO - 💾 保存最新检查点: logs/moe2_rtdetr_r34_20251121_001901/latest_checkpoint.pth
2025-11-21 03:02:58,226 - INFO - Epoch 74 | Batch 0 | Loss: 6.46 (Det: 6.36, MoE: 1.0000)
2025-11-21 03:03:39,578 - INFO - Epoch 74 | Batch 50 | Loss: 6.43 (Det: 6.33, MoE: 1.0000)
2025-11-21 03:04:55,715 - INFO - Epoch 74:
2025-11-21 03:04:55,716 - INFO -   训练损失: 6.51 | 验证损失: 0.91
2025-11-21 03:04:55,716 - INFO -   预测/目标: 201600/93434
2025-11-21 03:04:55,716 - INFO -   ⏳ mAP_0.5_0.95 无改善 (10/35), 最佳值: 0.5824 (epoch 64)
2025-11-21 03:04:56,651 - INFO - 💾 保存最新检查点: logs/moe2_rtdetr_r34_20251121_001901/latest_checkpoint.pth
2025-11-21 03:05:01,665 - INFO - Epoch 75 | Batch 0 | Loss: 6.44 (Det: 6.34, MoE: 1.0001)
2025-11-21 03:05:43,293 - INFO - Epoch 75 | Batch 50 | Loss: 6.54 (Det: 6.44, MoE: 1.0000)
2025-11-21 03:06:58,873 - INFO - Epoch 75:
2025-11-21 03:06:58,874 - INFO -   训练损失: 6.53 | 验证损失: 0.91
2025-11-21 03:06:58,874 - INFO -   预测/目标: 201600/93434
2025-11-21 03:06:58,874 - INFO -   检测损失: 6.43
2025-11-21 03:06:58,874 - INFO -   MoE负载均衡损失: 1.0001
2025-11-21 03:06:58,874 - INFO -   专家使用率: [50.01%, 49.99%]
2025-11-21 03:06:58,874 - INFO -   ⏳ mAP_0.5_0.95 无改善 (11/35), 最佳值: 0.5824 (epoch 64)
2025-11-21 03:06:59,853 - INFO - 💾 保存最新检查点: logs/moe2_rtdetr_r34_20251121_001901/latest_checkpoint.pth
2025-11-21 03:07:04,591 - INFO - Epoch 76 | Batch 0 | Loss: 6.74 (Det: 6.64, MoE: 1.0001)
2025-11-21 03:07:47,247 - INFO - Epoch 76 | Batch 50 | Loss: 6.40 (Det: 6.30, MoE: 1.0001)
2025-11-21 03:09:03,059 - INFO - Epoch 76:
2025-11-21 03:09:03,060 - INFO -   训练损失: 6.44 | 验证损失: 0.92
2025-11-21 03:09:03,060 - INFO -   预测/目标: 201600/93434
2025-11-21 03:09:03,060 - INFO -   ⏳ mAP_0.5_0.95 无改善 (12/35), 最佳值: 0.5824 (epoch 64)
2025-11-21 03:09:03,957 - INFO - 💾 保存最新检查点: logs/moe2_rtdetr_r34_20251121_001901/latest_checkpoint.pth
2025-11-21 03:09:08,722 - INFO - Epoch 77 | Batch 0 | Loss: 6.43 (Det: 6.33, MoE: 1.0000)
2025-11-21 03:09:51,103 - INFO - Epoch 77 | Batch 50 | Loss: 6.41 (Det: 6.31, MoE: 1.0001)
2025-11-21 03:11:08,159 - INFO - Epoch 77:
2025-11-21 03:11:08,161 - INFO -   训练损失: 6.43 | 验证损失: 0.92
2025-11-21 03:11:08,161 - INFO -   预测/目标: 201600/93434
2025-11-21 03:11:08,161 - INFO -   ⏳ mAP_0.5_0.95 无改善 (13/35), 最佳值: 0.5824 (epoch 64)
2025-11-21 03:11:09,084 - INFO - 💾 保存最新检查点: logs/moe2_rtdetr_r34_20251121_001901/latest_checkpoint.pth
2025-11-21 03:11:13,590 - INFO - Epoch 78 | Batch 0 | Loss: 6.28 (Det: 6.18, MoE: 1.0001)
2025-11-21 03:11:56,493 - INFO - Epoch 78 | Batch 50 | Loss: 6.27 (Det: 6.17, MoE: 1.0000)
2025-11-21 03:13:12,421 - INFO - Epoch 78:
2025-11-21 03:13:12,423 - INFO -   训练损失: 6.35 | 验证损失: 0.92
2025-11-21 03:13:12,423 - INFO -   预测/目标: 201600/93434
2025-11-21 03:13:12,423 - INFO -   ⏳ mAP_0.5_0.95 无改善 (14/35), 最佳值: 0.5824 (epoch 64)
2025-11-21 03:13:13,260 - INFO - 💾 保存最新检查点: logs/moe2_rtdetr_r34_20251121_001901/latest_checkpoint.pth
2025-11-21 03:13:18,348 - INFO - Epoch 79 | Batch 0 | Loss: 6.42 (Det: 6.32, MoE: 1.0001)
2025-11-21 03:13:59,561 - INFO - Epoch 79 | Batch 50 | Loss: 6.66 (Det: 6.56, MoE: 1.0002)
2025-11-21 03:15:15,298 - INFO - Epoch 79:
2025-11-21 03:15:15,299 - INFO -   训练损失: 6.38 | 验证损失: 0.92
2025-11-21 03:15:15,299 - INFO -   预测/目标: 201600/93434
2025-11-21 03:15:15,299 - INFO -   ⏳ mAP_0.5_0.95 无改善 (15/35), 最佳值: 0.5824 (epoch 64)
2025-11-21 03:15:16,226 - INFO - 💾 保存最新检查点: logs/moe2_rtdetr_r34_20251121_001901/latest_checkpoint.pth
2025-11-21 03:15:22,407 - INFO - Epoch 80 | Batch 0 | Loss: 6.29 (Det: 6.19, MoE: 1.0000)
2025-11-21 03:16:03,806 - INFO - Epoch 80 | Batch 50 | Loss: 6.29 (Det: 6.19, MoE: 1.0000)
2025-11-21 03:17:19,475 - INFO - Epoch 80:
2025-11-21 03:17:19,476 - INFO -   训练损失: 6.33 | 验证损失: 0.92
2025-11-21 03:17:19,477 - INFO -   预测/目标: 201600/93434
2025-11-21 03:17:19,477 - INFO -   检测损失: 6.23
2025-11-21 03:17:19,477 - INFO -   MoE负载均衡损失: 1.0001
2025-11-21 03:17:19,477 - INFO -   专家使用率: [50.03%, 49.97%]
2025-11-21 03:17:19,477 - INFO -   ⏳ mAP_0.5_0.95 无改善 (16/35), 最佳值: 0.5824 (epoch 64)
2025-11-21 03:17:20,380 - INFO - 💾 保存最新检查点: logs/moe2_rtdetr_r34_20251121_001901/latest_checkpoint.pth
2025-11-21 03:17:27,556 - INFO - Epoch 81 | Batch 0 | Loss: 6.19 (Det: 6.09, MoE: 1.0000)
2025-11-21 03:18:08,584 - INFO - Epoch 81 | Batch 50 | Loss: 6.30 (Det: 6.20, MoE: 1.0000)
2025-11-21 03:19:24,620 - INFO - Epoch 81:
2025-11-21 03:19:24,622 - INFO -   训练损失: 6.30 | 验证损失: 0.92
2025-11-21 03:19:24,622 - INFO -   预测/目标: 201600/93434
2025-11-21 03:19:24,622 - INFO -   ⏳ mAP_0.5_0.95 无改善 (17/35), 最佳值: 0.5824 (epoch 64)
2025-11-21 03:19:25,567 - INFO - 💾 保存最新检查点: logs/moe2_rtdetr_r34_20251121_001901/latest_checkpoint.pth
2025-11-21 03:19:32,892 - INFO - Epoch 82 | Batch 0 | Loss: 6.24 (Det: 6.14, MoE: 1.0001)
2025-11-21 03:20:13,600 - INFO - Epoch 82 | Batch 50 | Loss: 6.29 (Det: 6.19, MoE: 1.0000)
2025-11-21 03:21:30,019 - INFO - Epoch 82:
2025-11-21 03:21:30,021 - INFO -   训练损失: 6.28 | 验证损失: 0.93
2025-11-21 03:21:30,021 - INFO -   预测/目标: 201600/93434
2025-11-21 03:21:30,021 - INFO -   ⏳ mAP_0.5_0.95 无改善 (18/35), 最佳值: 0.5824 (epoch 64)
2025-11-21 03:21:30,916 - INFO - 💾 保存最新检查点: logs/moe2_rtdetr_r34_20251121_001901/latest_checkpoint.pth
2025-11-21 03:21:37,476 - INFO - Epoch 83 | Batch 0 | Loss: 6.05 (Det: 5.95, MoE: 1.0000)
2025-11-21 03:22:18,718 - INFO - Epoch 83 | Batch 50 | Loss: 6.03 (Det: 5.93, MoE: 1.0000)
2025-11-21 03:23:34,822 - INFO - Epoch 83:
2025-11-21 03:23:34,823 - INFO -   训练损失: 6.19 | 验证损失: 0.93
2025-11-21 03:23:34,823 - INFO -   预测/目标: 201600/93434
2025-11-21 03:23:34,823 - INFO -   ⏳ mAP_0.5_0.95 无改善 (19/35), 最佳值: 0.5824 (epoch 64)
2025-11-21 03:23:35,761 - INFO - 💾 保存最新检查点: logs/moe2_rtdetr_r34_20251121_001901/latest_checkpoint.pth
2025-11-21 03:23:40,338 - INFO - Epoch 84 | Batch 0 | Loss: 6.12 (Det: 6.02, MoE: 1.0001)
2025-11-21 03:24:22,833 - INFO - Epoch 84 | Batch 50 | Loss: 6.34 (Det: 6.24, MoE: 1.0004)
2025-11-21 03:25:37,450 - INFO - Epoch 84:
2025-11-21 03:25:37,452 - INFO -   训练损失: 6.20 | 验证损失: 0.93
2025-11-21 03:25:37,452 - INFO -   预测/目标: 201600/93434
2025-11-21 03:25:37,452 - INFO -   ⏳ mAP_0.5_0.95 无改善 (20/35), 最佳值: 0.5824 (epoch 64)
2025-11-21 03:25:38,390 - INFO - 💾 保存最新检查点: logs/moe2_rtdetr_r34_20251121_001901/latest_checkpoint.pth
2025-11-21 03:25:42,990 - INFO - Epoch 85 | Batch 0 | Loss: 6.00 (Det: 5.90, MoE: 1.0001)
2025-11-21 03:26:24,957 - INFO - Epoch 85 | Batch 50 | Loss: 6.20 (Det: 6.10, MoE: 1.0001)
2025-11-21 03:27:39,516 - INFO - Epoch 85:
2025-11-21 03:27:39,518 - INFO -   训练损失: 6.16 | 验证损失: 0.93
2025-11-21 03:27:39,518 - INFO -   预测/目标: 201600/93434
2025-11-21 03:27:39,518 - INFO -   检测损失: 6.06
2025-11-21 03:27:39,518 - INFO -   MoE负载均衡损失: 1.0001
2025-11-21 03:27:39,518 - INFO -   专家使用率: [49.99%, 50.01%]
2025-11-21 03:27:39,518 - INFO -   ⏳ mAP_0.5_0.95 无改善 (21/35), 最佳值: 0.5824 (epoch 64)
2025-11-21 03:27:40,433 - INFO - 💾 保存最新检查点: logs/moe2_rtdetr_r34_20251121_001901/latest_checkpoint.pth
2025-11-21 03:27:45,034 - INFO - Epoch 86 | Batch 0 | Loss: 6.07 (Det: 5.97, MoE: 1.0000)
2025-11-21 03:28:26,984 - INFO - Epoch 86 | Batch 50 | Loss: 6.05 (Det: 5.95, MoE: 1.0000)
2025-11-21 03:29:41,469 - INFO - Epoch 86:
2025-11-21 03:29:41,471 - INFO -   训练损失: 6.12 | 验证损失: 0.93
2025-11-21 03:29:41,471 - INFO -   预测/目标: 201600/93434
2025-11-21 03:29:41,471 - INFO -   ⏳ mAP_0.5_0.95 无改善 (22/35), 最佳值: 0.5824 (epoch 64)
2025-11-21 03:29:42,231 - INFO - 💾 保存最新检查点: logs/moe2_rtdetr_r34_20251121_001901/latest_checkpoint.pth
2025-11-21 03:29:49,127 - INFO - Epoch 87 | Batch 0 | Loss: 6.12 (Det: 6.02, MoE: 1.0002)
2025-11-21 03:30:30,429 - INFO - Epoch 87 | Batch 50 | Loss: 6.03 (Det: 5.93, MoE: 1.0000)
2025-11-21 03:31:45,253 - INFO - Epoch 87:
2025-11-21 03:31:45,254 - INFO -   训练损失: 6.12 | 验证损失: 0.94
2025-11-21 03:31:45,254 - INFO -   预测/目标: 201600/93434
2025-11-21 03:31:45,254 - INFO -   ⏳ mAP_0.5_0.95 无改善 (23/35), 最佳值: 0.5824 (epoch 64)
2025-11-21 03:31:46,216 - INFO - 💾 保存最新检查点: logs/moe2_rtdetr_r34_20251121_001901/latest_checkpoint.pth
2025-11-21 03:31:52,376 - INFO - Epoch 88 | Batch 0 | Loss: 6.16 (Det: 6.06, MoE: 1.0000)
2025-11-21 03:32:33,340 - INFO - Epoch 88 | Batch 50 | Loss: 6.15 (Det: 6.05, MoE: 1.0000)
2025-11-21 03:33:47,431 - INFO - Epoch 88:
2025-11-21 03:33:47,432 - INFO -   训练损失: 6.07 | 验证损失: 0.94
2025-11-21 03:33:47,432 - INFO -   预测/目标: 201600/93434
2025-11-21 03:33:47,432 - INFO -   ⏳ mAP_0.5_0.95 无改善 (24/35), 最佳值: 0.5824 (epoch 64)
2025-11-21 03:33:48,316 - INFO - 💾 保存最新检查点: logs/moe2_rtdetr_r34_20251121_001901/latest_checkpoint.pth
2025-11-21 03:33:55,278 - INFO - Epoch 89 | Batch 0 | Loss: 5.91 (Det: 5.81, MoE: 1.0000)
2025-11-21 03:34:36,356 - INFO - Epoch 89 | Batch 50 | Loss: 6.00 (Det: 5.90, MoE: 1.0001)
2025-11-21 03:35:52,051 - INFO - Epoch 89:
2025-11-21 03:35:52,053 - INFO -   训练损失: 6.01 | 验证损失: 0.94
2025-11-21 03:35:52,053 - INFO -   预测/目标: 201600/93434
2025-11-21 03:35:52,053 - INFO -   ⏳ mAP_0.5_0.95 无改善 (25/35), 最佳值: 0.5824 (epoch 64)
2025-11-21 03:35:52,912 - INFO - 💾 保存最新检查点: logs/moe2_rtdetr_r34_20251121_001901/latest_checkpoint.pth
2025-11-21 03:35:59,250 - INFO - Epoch 90 | Batch 0 | Loss: 6.15 (Det: 6.05, MoE: 1.0000)
2025-11-21 03:36:40,603 - INFO - Epoch 90 | Batch 50 | Loss: 5.96 (Det: 5.86, MoE: 1.0001)
2025-11-21 03:37:55,475 - INFO - Epoch 90:
2025-11-21 03:37:55,477 - INFO -   训练损失: 5.99 | 验证损失: 0.94
2025-11-21 03:37:55,477 - INFO -   预测/目标: 201600/93434
2025-11-21 03:37:55,477 - INFO -   检测损失: 5.89
2025-11-21 03:37:55,477 - INFO -   MoE负载均衡损失: 1.0000
2025-11-21 03:37:55,477 - INFO -   专家使用率: [49.95%, 50.05%]
2025-11-21 03:37:55,477 - INFO -   ⏳ mAP_0.5_0.95 无改善 (26/35), 最佳值: 0.5824 (epoch 64)
2025-11-21 03:37:56,468 - INFO - 💾 保存最新检查点: logs/moe2_rtdetr_r34_20251121_001901/latest_checkpoint.pth
2025-11-21 03:38:00,375 - INFO - Epoch 91 | Batch 0 | Loss: 5.77 (Det: 5.67, MoE: 1.0000)
2025-11-21 03:38:42,413 - INFO - Epoch 91 | Batch 50 | Loss: 5.97 (Det: 5.87, MoE: 1.0001)
2025-11-21 03:39:57,783 - INFO - Epoch 91:
2025-11-21 03:39:57,785 - INFO -   训练损失: 5.98 | 验证损失: 0.94
2025-11-21 03:39:57,785 - INFO -   预测/目标: 201600/93434
2025-11-21 03:39:57,785 - INFO -   ⏳ mAP_0.5_0.95 无改善 (27/35), 最佳值: 0.5824 (epoch 64)
2025-11-21 03:39:58,697 - INFO - 💾 保存最新检查点: logs/moe2_rtdetr_r34_20251121_001901/latest_checkpoint.pth
2025-11-21 03:40:03,766 - INFO - Epoch 92 | Batch 0 | Loss: 6.00 (Det: 5.90, MoE: 1.0000)
2025-11-21 03:40:45,687 - INFO - Epoch 92 | Batch 50 | Loss: 5.86 (Det: 5.76, MoE: 1.0000)
2025-11-21 03:42:01,362 - INFO - Epoch 92:
2025-11-21 03:42:01,364 - INFO -   训练损失: 5.95 | 验证损失: 0.95
2025-11-21 03:42:01,364 - INFO -   预测/目标: 201600/93434
2025-11-21 03:42:01,364 - INFO -   ⏳ mAP_0.5_0.95 无改善 (28/35), 最佳值: 0.5824 (epoch 64)
2025-11-21 03:42:02,269 - INFO - 💾 保存最新检查点: logs/moe2_rtdetr_r34_20251121_001901/latest_checkpoint.pth
2025-11-21 03:42:09,354 - INFO - Epoch 93 | Batch 0 | Loss: 5.95 (Det: 5.85, MoE: 1.0001)
2025-11-21 03:42:50,923 - INFO - Epoch 93 | Batch 50 | Loss: 5.90 (Det: 5.80, MoE: 1.0000)
2025-11-21 03:44:05,354 - INFO - Epoch 93:
2025-11-21 03:44:05,356 - INFO -   训练损失: 5.92 | 验证损失: 0.95
2025-11-21 03:44:05,356 - INFO -   预测/目标: 201600/93434
2025-11-21 03:44:05,356 - INFO -   ⏳ mAP_0.5_0.95 无改善 (29/35), 最佳值: 0.5824 (epoch 64)
2025-11-21 03:44:06,285 - INFO - 💾 保存最新检查点: logs/moe2_rtdetr_r34_20251121_001901/latest_checkpoint.pth
2025-11-21 03:44:10,838 - INFO - Epoch 94 | Batch 0 | Loss: 5.85 (Det: 5.75, MoE: 1.0000)
2025-11-21 03:44:54,519 - INFO - Epoch 94 | Batch 50 | Loss: 5.98 (Det: 5.88, MoE: 1.0000)
2025-11-21 03:46:09,663 - INFO - Epoch 94:
2025-11-21 03:46:09,664 - INFO -   训练损失: 5.92 | 验证损失: 0.95
2025-11-21 03:46:09,664 - INFO -   预测/目标: 201600/93434
2025-11-21 03:46:09,664 - INFO -   ⏳ mAP_0.5_0.95 无改善 (30/35), 最佳值: 0.5824 (epoch 64)
2025-11-21 03:46:10,596 - INFO - 💾 保存最新检查点: logs/moe2_rtdetr_r34_20251121_001901/latest_checkpoint.pth
2025-11-21 03:46:15,956 - INFO - Epoch 95 | Batch 0 | Loss: 5.74 (Det: 5.64, MoE: 1.0001)
2025-11-21 03:46:58,116 - INFO - Epoch 95 | Batch 50 | Loss: 5.81 (Det: 5.71, MoE: 1.0000)
2025-11-21 03:48:12,557 - INFO - Epoch 95:
2025-11-21 03:48:12,558 - INFO -   训练损失: 5.87 | 验证损失: 0.95
2025-11-21 03:48:12,558 - INFO -   预测/目标: 201600/93434
2025-11-21 03:48:12,558 - INFO -   检测损失: 5.77
2025-11-21 03:48:12,558 - INFO -   MoE负载均衡损失: 1.0000
2025-11-21 03:48:12,558 - INFO -   专家使用率: [50.02%, 49.98%]
2025-11-21 03:48:12,558 - INFO -   ⏳ mAP_0.5_0.95 无改善 (31/35), 最佳值: 0.5824 (epoch 64)
2025-11-21 03:48:13,468 - INFO - 💾 保存最新检查点: logs/moe2_rtdetr_r34_20251121_001901/latest_checkpoint.pth
2025-11-21 03:48:21,265 - INFO - Epoch 96 | Batch 0 | Loss: 5.90 (Det: 5.80, MoE: 1.0000)
2025-11-21 03:49:02,472 - INFO - Epoch 96 | Batch 50 | Loss: 5.82 (Det: 5.72, MoE: 1.0000)
2025-11-21 03:50:17,652 - INFO - Epoch 96:
2025-11-21 03:50:17,654 - INFO -   训练损失: 5.87 | 验证损失: 0.95
2025-11-21 03:50:17,654 - INFO -   预测/目标: 201600/93434
2025-11-21 03:50:17,654 - INFO -   ⏳ mAP_0.5_0.95 无改善 (32/35), 最佳值: 0.5824 (epoch 64)
2025-11-21 03:50:18,556 - INFO - 💾 保存最新检查点: logs/moe2_rtdetr_r34_20251121_001901/latest_checkpoint.pth
2025-11-21 03:50:23,072 - INFO - Epoch 97 | Batch 0 | Loss: 5.76 (Det: 5.66, MoE: 1.0000)
2025-11-21 03:51:05,086 - INFO - Epoch 97 | Batch 50 | Loss: 5.78 (Det: 5.68, MoE: 1.0000)
2025-11-21 03:52:21,320 - INFO - Epoch 97:
2025-11-21 03:52:21,322 - INFO -   训练损失: 5.79 | 验证损失: 0.96
2025-11-21 03:52:21,322 - INFO -   预测/目标: 201600/93434
2025-11-21 03:52:21,322 - INFO -   ⏳ mAP_0.5_0.95 无改善 (33/35), 最佳值: 0.5824 (epoch 64)
2025-11-21 03:52:22,243 - INFO - 💾 保存最新检查点: logs/moe2_rtdetr_r34_20251121_001901/latest_checkpoint.pth
2025-11-21 03:52:28,710 - INFO - Epoch 98 | Batch 0 | Loss: 5.84 (Det: 5.74, MoE: 1.0000)
2025-11-21 03:53:10,421 - INFO - Epoch 98 | Batch 50 | Loss: 5.76 (Det: 5.66, MoE: 1.0000)
2025-11-21 03:54:25,315 - INFO - Epoch 98:
2025-11-21 03:54:25,317 - INFO -   训练损失: 5.77 | 验证损失: 0.96
2025-11-21 03:54:25,317 - INFO -   预测/目标: 201600/93434
2025-11-21 03:54:25,317 - INFO -   ⏳ mAP_0.5_0.95 无改善 (34/35), 最佳值: 0.5824 (epoch 64)
2025-11-21 03:54:26,252 - INFO - 💾 保存最新检查点: logs/moe2_rtdetr_r34_20251121_001901/latest_checkpoint.pth
2025-11-21 03:54:30,938 - INFO - Epoch 99 | Batch 0 | Loss: 5.77 (Det: 5.67, MoE: 1.0001)
2025-11-21 03:55:12,711 - INFO - Epoch 99 | Batch 50 | Loss: 5.85 (Det: 5.75, MoE: 1.0000)
2025-11-21 03:56:29,848 - INFO - Epoch 99:
2025-11-21 03:56:29,850 - INFO -   训练损失: 5.75 | 验证损失: 0.96
2025-11-21 03:56:29,850 - INFO -   预测/目标: 201600/93434
2025-11-21 03:56:29,850 - INFO -   ⏳ mAP_0.5_0.95 无改善 (35/35), 最佳值: 0.5824 (epoch 64)
2025-11-21 03:56:29,850 - INFO - 
============================================================
⛔ Early Stopping触发！
   已连续 35 个epoch无改善
   最佳 mAP_0.5_0.95: 0.5824 (epoch 64)
============================================================

2025-11-21 03:56:29,850 - INFO - Early Stopping在epoch 99触发，停止训练
2025-11-21 03:56:29,850 - INFO - ✓ 训练完成！
2025-11-21 03:56:30,696 - INFO - ✓ 训练曲线已保存到: logs/moe2_rtdetr_r34_20251121_001901/training_curves.png
2025-11-21 03:56:30,697 - INFO - ✓ 训练历史已导出到: logs/moe2_rtdetr_r34_20251121_001901/training_history.csv
2025-11-21 03:56:30,697 - INFO - ============================================================
2025-11-21 03:56:30,697 - INFO - 使用best_model生成推理结果（5张图像）...
2025-11-21 03:56:35,650 - INFO -   生成best_model推理结果（前5张）...
2025-11-21 03:56:36,202 - INFO -   ✓ 推理结果已保存到: logs/moe2_rtdetr_r34_20251121_001901/inference_samples
