2025-11-21 03:59:29,115 - INFO - 从本地文件加载预训练权重: pretrained/rtdetrv2_r18vd_120e_coco_rerun_48.1.pth
2025-11-21 03:59:29,176 - INFO - ✓ 检测到EMA checkpoint格式
2025-11-21 03:59:29,187 - INFO - ✓ 成功加载预训练权重: 481/529 个参数
2025-11-21 03:59:29,187 - INFO -   - 跳过类别相关参数: 9 个（COCO 80类 → DAIR-V2X 8类）
2025-11-21 03:59:29,187 - INFO -   - Backbone: 138 个参数
2025-11-21 03:59:29,187 - INFO -   - Encoder: 270 个参数
2025-11-21 03:59:29,187 - INFO -   - Decoder: 121 个参数
2025-11-21 03:59:29,187 - INFO -   - 预训练模型缺少参数: 48 个（当前模型新增）
2025-11-21 03:59:29,187 - INFO -     示例: ['decoder.decoder.layers.0.adaptive_expert_layer.router.gate.weight', 'decoder.decoder.layers.0.adaptive_expert_layer.experts.0.linear1.weight', 'decoder.decoder.layers.0.adaptive_expert_layer.experts.0.linear1.bias'] ...
2025-11-21 03:59:29,187 - INFO -   - 模型新增参数: 14 个（将随机初始化）
2025-11-21 03:59:29,402 - INFO - ✓ 已启用GPU优化: cudnn.benchmark=True, TF32=True
2025-11-21 03:59:29,402 - INFO - ✓ 创建MOE RT-DETR模型
2025-11-21 03:59:29,402 - INFO -   专家数量: 3
2025-11-21 03:59:29,402 - INFO -   Backbone: presnet18
2025-11-21 03:59:29,402 - INFO -   Encoder: in_channels=[128, 256, 512], expansion=0.5
2025-11-21 03:59:31,192 - INFO - ✓ 创建数据加载器
2025-11-21 03:59:31,192 - INFO -   训练集: 5042 | 验证集: 2016
2025-11-21 03:59:31,197 - INFO - ✓ 预训练参数组: 149 个参数, lr=1e-05
2025-11-21 03:59:31,200 - INFO - ✓ Norm层参数组: 116 个参数, lr=0.0001, wd=0
2025-11-21 03:59:31,202 - INFO - ✓ 新参数组: 39 个参数, lr=0.0001
2025-11-21 03:59:31,204 - INFO - ✓ 使用CosineAnnealingLR调度器 (eta_min=1e-06)
2025-11-21 03:59:31,204 - INFO - ✓ 学习率预热 3 epochs
2025-11-21 03:59:31,296 - INFO - ⏱️  Early Stopping: 启用 (patience=35, metric=mAP_0.5_0.95, mode=max)
2025-11-21 03:59:31,297 - INFO - 推理输出目录: logs/moe3_rtdetr_r18_20251121_035928/inference_samples
2025-11-21 03:59:31,297 - INFO - 开始训练 200 epochs
2025-11-21 03:59:31,297 - INFO - ✓ 梯度裁剪: max_norm=10.0
2025-11-21 03:59:47,631 - INFO - Epoch 0 | Batch 0 | Loss: 29.49 (Det: 29.39, MoE: 2.0280)
2025-11-21 04:00:21,911 - INFO - Epoch 0 | Batch 50 | Loss: 20.45 (Det: 20.35, MoE: 2.0525)
2025-11-21 04:00:58,241 - INFO - Epoch 0:
2025-11-21 04:00:58,242 - INFO -   训练损失: 22.29 | 验证损失: 2.71
2025-11-21 04:00:58,242 - INFO -   (前30个epoch仅计算loss，跳过mAP评估)
2025-11-21 04:00:58,242 - INFO -   检测损失: 22.18
2025-11-21 04:00:58,242 - INFO -   MoE负载均衡损失: 2.0586
2025-11-21 04:00:58,242 - INFO -   专家使用率: [41.11%, 29.34%, 29.55%]
2025-11-21 04:00:58,242 - INFO -   🎉 新的最佳验证损失: 2.71
2025-11-21 04:00:58,871 - INFO - 💾 保存最新检查点: logs/moe3_rtdetr_r18_20251121_035928/latest_checkpoint.pth
2025-11-21 04:01:05,652 - INFO - Epoch 1 | Batch 0 | Loss: 18.41 (Det: 18.31, MoE: 2.0845)
2025-11-21 04:01:39,205 - INFO - Epoch 1 | Batch 50 | Loss: 14.78 (Det: 14.68, MoE: 2.1016)
2025-11-21 04:02:08,684 - INFO - Epoch 1:
2025-11-21 04:02:08,684 - INFO -   训练损失: 15.84 | 验证损失: 2.19
2025-11-21 04:02:08,684 - INFO -   (前30个epoch仅计算loss，跳过mAP评估)
2025-11-21 04:02:08,684 - INFO -   检测损失: 15.73
2025-11-21 04:02:08,684 - INFO -   MoE负载均衡损失: 2.0939
2025-11-21 04:02:08,684 - INFO -   专家使用率: [38.52%, 32.71%, 28.78%]
2025-11-21 04:02:08,684 - INFO -   🎉 新的最佳验证损失: 2.19
2025-11-21 04:02:09,322 - INFO - 💾 保存最新检查点: logs/moe3_rtdetr_r18_20251121_035928/latest_checkpoint.pth
2025-11-21 04:02:15,810 - INFO - Epoch 2 | Batch 0 | Loss: 13.88 (Det: 13.77, MoE: 2.1064)
2025-11-21 04:02:49,229 - INFO - Epoch 2 | Batch 50 | Loss: 11.64 (Det: 11.53, MoE: 2.0578)
2025-11-21 04:03:19,782 - INFO - Epoch 2:
2025-11-21 04:03:19,782 - INFO -   训练损失: 12.33 | 验证损失: 1.85
2025-11-21 04:03:19,783 - INFO -   (前30个epoch仅计算loss，跳过mAP评估)
2025-11-21 04:03:19,783 - INFO -   检测损失: 12.22
2025-11-21 04:03:19,783 - INFO -   MoE负载均衡损失: 2.0596
2025-11-21 04:03:19,783 - INFO -   专家使用率: [33.74%, 32.57%, 33.69%]
2025-11-21 04:03:19,783 - INFO -   🎉 新的最佳验证损失: 1.85
2025-11-21 04:03:20,455 - INFO - 💾 保存最新检查点: logs/moe3_rtdetr_r18_20251121_035928/latest_checkpoint.pth
2025-11-21 04:03:27,729 - INFO - Epoch 3 | Batch 0 | Loss: 11.04 (Det: 10.94, MoE: 2.0384)
2025-11-21 04:04:01,317 - INFO - Epoch 3 | Batch 50 | Loss: 10.13 (Det: 10.03, MoE: 2.0336)
2025-11-21 04:04:31,796 - INFO - Epoch 3:
2025-11-21 04:04:31,797 - INFO -   训练损失: 10.39 | 验证损失: 1.56
2025-11-21 04:04:31,797 - INFO -   (前30个epoch仅计算loss，跳过mAP评估)
2025-11-21 04:04:31,797 - INFO -   检测损失: 10.29
2025-11-21 04:04:31,797 - INFO -   MoE负载均衡损失: 2.0292
2025-11-21 04:04:31,797 - INFO -   专家使用率: [32.38%, 33.68%, 33.94%]
2025-11-21 04:04:31,797 - INFO -   🎉 新的最佳验证损失: 1.56
2025-11-21 04:04:32,441 - INFO - 💾 保存最新检查点: logs/moe3_rtdetr_r18_20251121_035928/latest_checkpoint.pth
2025-11-21 04:04:37,098 - INFO - Epoch 4 | Batch 0 | Loss: 9.87 (Det: 9.77, MoE: 2.0272)
2025-11-21 04:05:11,209 - INFO - Epoch 4 | Batch 50 | Loss: 9.31 (Det: 9.21, MoE: 2.0148)
2025-11-21 04:05:40,909 - INFO - Epoch 4:
2025-11-21 04:05:40,909 - INFO -   训练损失: 9.39 | 验证损失: 1.43
2025-11-21 04:05:40,909 - INFO -   (前30个epoch仅计算loss，跳过mAP评估)
2025-11-21 04:05:40,909 - INFO -   检测损失: 9.29
2025-11-21 04:05:40,909 - INFO -   MoE负载均衡损失: 2.0196
2025-11-21 04:05:40,909 - INFO -   专家使用率: [31.65%, 34.70%, 33.64%]
2025-11-21 04:05:40,909 - INFO -   🎉 新的最佳验证损失: 1.43
2025-11-21 04:05:41,554 - INFO - 💾 保存最新检查点: logs/moe3_rtdetr_r18_20251121_035928/latest_checkpoint.pth
2025-11-21 04:05:49,009 - INFO - Epoch 5 | Batch 0 | Loss: 8.70 (Det: 8.59, MoE: 2.0228)
2025-11-21 04:06:22,592 - INFO - Epoch 5 | Batch 50 | Loss: 8.44 (Det: 8.34, MoE: 2.0261)
2025-11-21 04:06:51,700 - INFO - Epoch 5:
2025-11-21 04:06:51,700 - INFO -   训练损失: 8.78 | 验证损失: 1.30
2025-11-21 04:06:51,700 - INFO -   (前30个epoch仅计算loss，跳过mAP评估)
2025-11-21 04:06:51,700 - INFO -   检测损失: 8.68
2025-11-21 04:06:51,700 - INFO -   MoE负载均衡损失: 2.0166
2025-11-21 04:06:51,700 - INFO -   专家使用率: [31.18%, 35.31%, 33.51%]
2025-11-21 04:06:51,700 - INFO -   🎉 新的最佳验证损失: 1.30
2025-11-21 04:06:52,339 - INFO - 💾 保存最新检查点: logs/moe3_rtdetr_r18_20251121_035928/latest_checkpoint.pth
2025-11-21 04:06:56,836 - INFO - Epoch 6 | Batch 0 | Loss: 8.61 (Det: 8.51, MoE: 2.0096)
2025-11-21 04:07:31,699 - INFO - Epoch 6 | Batch 50 | Loss: 8.39 (Det: 8.29, MoE: 2.0035)
2025-11-21 04:08:01,426 - INFO - Epoch 6:
2025-11-21 04:08:01,426 - INFO -   训练损失: 8.35 | 验证损失: 1.20
2025-11-21 04:08:01,426 - INFO -   (前30个epoch仅计算loss，跳过mAP评估)
2025-11-21 04:08:01,426 - INFO -   检测损失: 8.25
2025-11-21 04:08:01,427 - INFO -   MoE负载均衡损失: 2.0117
2025-11-21 04:08:01,427 - INFO -   专家使用率: [31.00%, 35.52%, 33.48%]
2025-11-21 04:08:01,427 - INFO -   🎉 新的最佳验证损失: 1.20
2025-11-21 04:08:02,038 - INFO - 💾 保存最新检查点: logs/moe3_rtdetr_r18_20251121_035928/latest_checkpoint.pth
2025-11-21 04:08:09,605 - INFO - Epoch 7 | Batch 0 | Loss: 8.13 (Det: 8.03, MoE: 2.0084)
2025-11-21 04:08:42,919 - INFO - Epoch 7 | Batch 50 | Loss: 8.04 (Det: 7.94, MoE: 2.0064)
2025-11-21 04:09:13,315 - INFO - Epoch 7:
2025-11-21 04:09:13,316 - INFO -   训练损失: 8.05 | 验证损失: 1.15
2025-11-21 04:09:13,316 - INFO -   (前30个epoch仅计算loss，跳过mAP评估)
2025-11-21 04:09:13,316 - INFO -   检测损失: 7.95
2025-11-21 04:09:13,316 - INFO -   MoE负载均衡损失: 2.0088
2025-11-21 04:09:13,316 - INFO -   专家使用率: [30.69%, 35.70%, 33.60%]
2025-11-21 04:09:13,316 - INFO -   🎉 新的最佳验证损失: 1.15
2025-11-21 04:09:13,977 - INFO - 💾 保存最新检查点: logs/moe3_rtdetr_r18_20251121_035928/latest_checkpoint.pth
2025-11-21 04:09:20,024 - INFO - Epoch 8 | Batch 0 | Loss: 8.03 (Det: 7.92, MoE: 2.0046)
2025-11-21 04:09:54,427 - INFO - Epoch 8 | Batch 50 | Loss: 7.77 (Det: 7.67, MoE: 2.0100)
2025-11-21 04:10:24,244 - INFO - Epoch 8:
2025-11-21 04:10:24,244 - INFO -   训练损失: 7.84 | 验证损失: 1.13
2025-11-21 04:10:24,244 - INFO -   (前30个epoch仅计算loss，跳过mAP评估)
2025-11-21 04:10:24,244 - INFO -   检测损失: 7.74
2025-11-21 04:10:24,244 - INFO -   MoE负载均衡损失: 2.0077
2025-11-21 04:10:24,244 - INFO -   专家使用率: [30.51%, 36.10%, 33.39%]
2025-11-21 04:10:24,244 - INFO -   🎉 新的最佳验证损失: 1.13
2025-11-21 04:10:24,879 - INFO - 💾 保存最新检查点: logs/moe3_rtdetr_r18_20251121_035928/latest_checkpoint.pth
2025-11-21 04:10:30,647 - INFO - Epoch 9 | Batch 0 | Loss: 7.88 (Det: 7.78, MoE: 2.0087)
2025-11-21 04:11:04,236 - INFO - Epoch 9 | Batch 50 | Loss: 7.77 (Det: 7.67, MoE: 2.0051)
2025-11-21 04:11:33,914 - INFO - Epoch 9:
2025-11-21 04:11:33,915 - INFO -   训练损失: 7.68 | 验证损失: 1.10
2025-11-21 04:11:33,915 - INFO -   (前30个epoch仅计算loss，跳过mAP评估)
2025-11-21 04:11:33,915 - INFO -   检测损失: 7.58
2025-11-21 04:11:33,915 - INFO -   MoE负载均衡损失: 2.0058
2025-11-21 04:11:33,915 - INFO -   专家使用率: [30.36%, 36.35%, 33.29%]
2025-11-21 04:11:33,915 - INFO -   🎉 新的最佳验证损失: 1.10
2025-11-21 04:11:34,518 - INFO - 💾 保存最新检查点: logs/moe3_rtdetr_r18_20251121_035928/latest_checkpoint.pth
2025-11-21 04:11:38,470 - INFO - Epoch 10 | Batch 0 | Loss: 7.80 (Det: 7.70, MoE: 2.0073)
2025-11-21 04:12:13,033 - INFO - Epoch 10 | Batch 50 | Loss: 7.37 (Det: 7.27, MoE: 1.9957)
2025-11-21 04:12:42,605 - INFO - Epoch 10:
2025-11-21 04:12:42,605 - INFO -   训练损失: 7.54 | 验证损失: 1.09
2025-11-21 04:12:42,605 - INFO -   (前30个epoch仅计算loss，跳过mAP评估)
2025-11-21 04:12:42,605 - INFO -   检测损失: 7.44
2025-11-21 04:12:42,606 - INFO -   MoE负载均衡损失: 2.0028
2025-11-21 04:12:42,606 - INFO -   专家使用率: [30.71%, 36.30%, 32.99%]
2025-11-21 04:12:42,606 - INFO -   🎉 新的最佳验证损失: 1.09
2025-11-21 04:12:43,345 - INFO - 💾 保存最新检查点: logs/moe3_rtdetr_r18_20251121_035928/latest_checkpoint.pth
2025-11-21 04:12:50,723 - INFO - Epoch 11 | Batch 0 | Loss: 7.64 (Det: 7.54, MoE: 2.0030)
2025-11-21 04:13:24,086 - INFO - Epoch 11 | Batch 50 | Loss: 7.49 (Det: 7.39, MoE: 2.0017)
2025-11-21 04:13:53,387 - INFO - Epoch 11:
2025-11-21 04:13:53,387 - INFO -   训练损失: 7.43 | 验证损失: 1.07
2025-11-21 04:13:53,387 - INFO -   (前30个epoch仅计算loss，跳过mAP评估)
2025-11-21 04:13:53,387 - INFO -   检测损失: 7.33
2025-11-21 04:13:53,387 - INFO -   MoE负载均衡损失: 2.0019
2025-11-21 04:13:53,388 - INFO -   专家使用率: [30.91%, 36.36%, 32.73%]
2025-11-21 04:13:53,388 - INFO -   🎉 新的最佳验证损失: 1.07
2025-11-21 04:13:54,066 - INFO - 💾 保存最新检查点: logs/moe3_rtdetr_r18_20251121_035928/latest_checkpoint.pth
2025-11-21 04:13:59,323 - INFO - Epoch 12 | Batch 0 | Loss: 7.30 (Det: 7.20, MoE: 2.0111)
2025-11-21 04:14:33,171 - INFO - Epoch 12 | Batch 50 | Loss: 7.17 (Det: 7.07, MoE: 2.0038)
2025-11-21 04:15:03,646 - INFO - Epoch 12:
2025-11-21 04:15:03,646 - INFO -   训练损失: 7.32 | 验证损失: 1.05
2025-11-21 04:15:03,646 - INFO -   (前30个epoch仅计算loss，跳过mAP评估)
2025-11-21 04:15:03,646 - INFO -   检测损失: 7.22
2025-11-21 04:15:03,646 - INFO -   MoE负载均衡损失: 2.0009
2025-11-21 04:15:03,646 - INFO -   专家使用率: [31.09%, 35.91%, 33.00%]
2025-11-21 04:15:03,646 - INFO -   🎉 新的最佳验证损失: 1.05
2025-11-21 04:15:04,244 - INFO - 💾 保存最新检查点: logs/moe3_rtdetr_r18_20251121_035928/latest_checkpoint.pth
2025-11-21 04:15:08,700 - INFO - Epoch 13 | Batch 0 | Loss: 7.22 (Det: 7.12, MoE: 1.9977)
2025-11-21 04:15:44,177 - INFO - Epoch 13 | Batch 50 | Loss: 7.06 (Det: 6.95, MoE: 2.0081)
2025-11-21 04:16:14,291 - INFO - Epoch 13:
2025-11-21 04:16:14,292 - INFO -   训练损失: 7.23 | 验证损失: 1.04
2025-11-21 04:16:14,292 - INFO -   (前30个epoch仅计算loss，跳过mAP评估)
2025-11-21 04:16:14,292 - INFO -   检测损失: 7.13
2025-11-21 04:16:14,292 - INFO -   MoE负载均衡损失: 2.0013
2025-11-21 04:16:14,292 - INFO -   专家使用率: [31.54%, 35.54%, 32.92%]
2025-11-21 04:16:14,292 - INFO -   🎉 新的最佳验证损失: 1.04
2025-11-21 04:16:14,902 - INFO - 💾 保存最新检查点: logs/moe3_rtdetr_r18_20251121_035928/latest_checkpoint.pth
2025-11-21 04:16:19,850 - INFO - Epoch 14 | Batch 0 | Loss: 7.21 (Det: 7.11, MoE: 1.9965)
2025-11-21 04:16:54,293 - INFO - Epoch 14 | Batch 50 | Loss: 7.11 (Det: 7.01, MoE: 1.9987)
2025-11-21 04:17:24,713 - INFO - Epoch 14:
2025-11-21 04:17:24,713 - INFO -   训练损失: 7.14 | 验证损失: 1.03
2025-11-21 04:17:24,713 - INFO -   (前30个epoch仅计算loss，跳过mAP评估)
2025-11-21 04:17:24,713 - INFO -   检测损失: 7.04
2025-11-21 04:17:24,713 - INFO -   MoE负载均衡损失: 2.0007
2025-11-21 04:17:24,713 - INFO -   专家使用率: [31.81%, 34.96%, 33.24%]
2025-11-21 04:17:24,713 - INFO -   🎉 新的最佳验证损失: 1.03
2025-11-21 04:17:25,327 - INFO - 💾 保存最新检查点: logs/moe3_rtdetr_r18_20251121_035928/latest_checkpoint.pth
2025-11-21 04:17:32,521 - INFO - Epoch 15 | Batch 0 | Loss: 6.98 (Det: 6.88, MoE: 1.9961)
2025-11-21 04:18:06,118 - INFO - Epoch 15 | Batch 50 | Loss: 6.90 (Det: 6.81, MoE: 1.9975)
2025-11-21 04:18:36,227 - INFO - Epoch 15:
2025-11-21 04:18:36,227 - INFO -   训练损失: 7.06 | 验证损失: 1.02
2025-11-21 04:18:36,227 - INFO -   (前30个epoch仅计算loss，跳过mAP评估)
2025-11-21 04:18:36,227 - INFO -   检测损失: 6.96
2025-11-21 04:18:36,227 - INFO -   MoE负载均衡损失: 2.0005
2025-11-21 04:18:36,227 - INFO -   专家使用率: [32.04%, 34.75%, 33.21%]
2025-11-21 04:18:36,227 - INFO -   🎉 新的最佳验证损失: 1.02
2025-11-21 04:18:36,871 - INFO - 💾 保存最新检查点: logs/moe3_rtdetr_r18_20251121_035928/latest_checkpoint.pth
2025-11-21 04:18:43,610 - INFO - Epoch 16 | Batch 0 | Loss: 6.83 (Det: 6.73, MoE: 1.9990)
2025-11-21 04:19:17,055 - INFO - Epoch 16 | Batch 50 | Loss: 6.99 (Det: 6.89, MoE: 2.0030)
2025-11-21 04:19:47,090 - INFO - Epoch 16:
2025-11-21 04:19:47,090 - INFO -   训练损失: 6.99 | 验证损失: 1.01
2025-11-21 04:19:47,090 - INFO -   (前30个epoch仅计算loss，跳过mAP评估)
2025-11-21 04:19:47,090 - INFO -   检测损失: 6.89
2025-11-21 04:19:47,090 - INFO -   MoE负载均衡损失: 2.0000
2025-11-21 04:19:47,090 - INFO -   专家使用率: [32.22%, 34.43%, 33.35%]
2025-11-21 04:19:47,090 - INFO -   🎉 新的最佳验证损失: 1.01
2025-11-21 04:19:47,736 - INFO - 💾 保存最新检查点: logs/moe3_rtdetr_r18_20251121_035928/latest_checkpoint.pth
2025-11-21 04:19:55,212 - INFO - Epoch 17 | Batch 0 | Loss: 6.96 (Det: 6.86, MoE: 2.0091)
2025-11-21 04:20:28,771 - INFO - Epoch 17 | Batch 50 | Loss: 6.89 (Det: 6.79, MoE: 2.0020)
2025-11-21 04:20:58,683 - INFO - Epoch 17:
2025-11-21 04:20:58,684 - INFO -   训练损失: 6.92 | 验证损失: 1.00
2025-11-21 04:20:58,684 - INFO -   (前30个epoch仅计算loss，跳过mAP评估)
2025-11-21 04:20:58,684 - INFO -   检测损失: 6.82
2025-11-21 04:20:58,684 - INFO -   MoE负载均衡损失: 2.0000
2025-11-21 04:20:58,684 - INFO -   专家使用率: [32.12%, 34.47%, 33.40%]
2025-11-21 04:20:58,684 - INFO -   🎉 新的最佳验证损失: 1.00
2025-11-21 04:20:59,317 - INFO - 💾 保存最新检查点: logs/moe3_rtdetr_r18_20251121_035928/latest_checkpoint.pth
2025-11-21 04:21:07,039 - INFO - Epoch 18 | Batch 0 | Loss: 6.67 (Det: 6.57, MoE: 2.0020)
2025-11-21 04:21:40,238 - INFO - Epoch 18 | Batch 50 | Loss: 6.81 (Det: 6.71, MoE: 1.9957)
2025-11-21 04:22:09,448 - INFO - Epoch 18:
2025-11-21 04:22:09,448 - INFO -   训练损失: 6.88 | 验证损失: 1.01
2025-11-21 04:22:09,448 - INFO -   (前30个epoch仅计算loss，跳过mAP评估)
2025-11-21 04:22:09,448 - INFO -   检测损失: 6.78
2025-11-21 04:22:09,448 - INFO -   MoE负载均衡损失: 1.9989
2025-11-21 04:22:09,448 - INFO -   专家使用率: [32.20%, 34.16%, 33.64%]
2025-11-21 04:22:10,206 - INFO - 💾 保存最新检查点: logs/moe3_rtdetr_r18_20251121_035928/latest_checkpoint.pth
2025-11-21 04:22:17,849 - INFO - Epoch 19 | Batch 0 | Loss: 6.94 (Det: 6.84, MoE: 1.9969)
2025-11-21 04:22:51,445 - INFO - Epoch 19 | Batch 50 | Loss: 6.82 (Det: 6.72, MoE: 1.9988)
2025-11-21 04:23:21,294 - INFO - Epoch 19:
2025-11-21 04:23:21,295 - INFO -   训练损失: 6.83 | 验证损失: 0.99
2025-11-21 04:23:21,295 - INFO -   (前30个epoch仅计算loss，跳过mAP评估)
2025-11-21 04:23:21,295 - INFO -   检测损失: 6.73
2025-11-21 04:23:21,295 - INFO -   MoE负载均衡损失: 1.9992
2025-11-21 04:23:21,295 - INFO -   专家使用率: [32.03%, 34.49%, 33.48%]
2025-11-21 04:23:21,295 - INFO -   🎉 新的最佳验证损失: 0.99
2025-11-21 04:23:21,896 - INFO - 💾 保存最新检查点: logs/moe3_rtdetr_r18_20251121_035928/latest_checkpoint.pth
2025-11-21 04:23:29,289 - INFO - Epoch 20 | Batch 0 | Loss: 7.00 (Det: 6.91, MoE: 1.9933)
2025-11-21 04:24:03,079 - INFO - Epoch 20 | Batch 50 | Loss: 6.70 (Det: 6.60, MoE: 2.0049)
2025-11-21 04:24:33,104 - INFO - Epoch 20:
2025-11-21 04:24:33,104 - INFO -   训练损失: 6.77 | 验证损失: 0.98
2025-11-21 04:24:33,105 - INFO -   (前30个epoch仅计算loss，跳过mAP评估)
2025-11-21 04:24:33,105 - INFO -   检测损失: 6.67
2025-11-21 04:24:33,105 - INFO -   MoE负载均衡损失: 1.9998
2025-11-21 04:24:33,105 - INFO -   专家使用率: [32.10%, 34.41%, 33.48%]
2025-11-21 04:24:33,105 - INFO -   🎉 新的最佳验证损失: 0.98
2025-11-21 04:24:33,736 - INFO - 💾 保存最新检查点: logs/moe3_rtdetr_r18_20251121_035928/latest_checkpoint.pth
2025-11-21 04:24:37,876 - INFO - Epoch 21 | Batch 0 | Loss: 6.67 (Det: 6.57, MoE: 2.0009)
2025-11-21 04:25:14,396 - INFO - Epoch 21 | Batch 50 | Loss: 6.53 (Det: 6.43, MoE: 2.0023)
2025-11-21 04:25:44,084 - INFO - Epoch 21:
2025-11-21 04:25:44,084 - INFO -   训练损失: 6.72 | 验证损失: 0.98
2025-11-21 04:25:44,084 - INFO -   (前30个epoch仅计算loss，跳过mAP评估)
2025-11-21 04:25:44,753 - INFO - 💾 保存最新检查点: logs/moe3_rtdetr_r18_20251121_035928/latest_checkpoint.pth
2025-11-21 04:25:50,922 - INFO - Epoch 22 | Batch 0 | Loss: 6.80 (Det: 6.70, MoE: 1.9977)
2025-11-21 04:26:25,281 - INFO - Epoch 22 | Batch 50 | Loss: 6.64 (Det: 6.54, MoE: 2.0015)
2025-11-21 04:26:54,554 - INFO - Epoch 22:
2025-11-21 04:26:54,555 - INFO -   训练损失: 6.67 | 验证损失: 0.96
2025-11-21 04:26:54,555 - INFO -   (前30个epoch仅计算loss，跳过mAP评估)
2025-11-21 04:26:54,555 - INFO -   🎉 新的最佳验证损失: 0.96
2025-11-21 04:26:55,354 - INFO - 💾 保存最新检查点: logs/moe3_rtdetr_r18_20251121_035928/latest_checkpoint.pth
2025-11-21 04:26:59,657 - INFO - Epoch 23 | Batch 0 | Loss: 6.75 (Det: 6.65, MoE: 1.9979)
2025-11-21 04:27:35,766 - INFO - Epoch 23 | Batch 50 | Loss: 6.61 (Det: 6.51, MoE: 1.9957)
2025-11-21 04:28:06,090 - INFO - Epoch 23:
2025-11-21 04:28:06,091 - INFO -   训练损失: 6.62 | 验证损失: 0.97
2025-11-21 04:28:06,091 - INFO -   (前30个epoch仅计算loss，跳过mAP评估)
2025-11-21 04:28:06,683 - INFO - 💾 保存最新检查点: logs/moe3_rtdetr_r18_20251121_035928/latest_checkpoint.pth
2025-11-21 04:28:14,511 - INFO - Epoch 24 | Batch 0 | Loss: 6.57 (Det: 6.47, MoE: 1.9972)
2025-11-21 04:28:48,137 - INFO - Epoch 24 | Batch 50 | Loss: 6.56 (Det: 6.46, MoE: 2.0000)
2025-11-21 04:29:17,339 - INFO - Epoch 24:
2025-11-21 04:29:17,339 - INFO -   训练损失: 6.58 | 验证损失: 0.96
2025-11-21 04:29:17,339 - INFO -   (前30个epoch仅计算loss，跳过mAP评估)
2025-11-21 04:29:17,339 - INFO -   🎉 新的最佳验证损失: 0.96
2025-11-21 04:29:18,049 - INFO - 💾 保存最新检查点: logs/moe3_rtdetr_r18_20251121_035928/latest_checkpoint.pth
2025-11-21 04:29:23,562 - INFO - Epoch 25 | Batch 0 | Loss: 6.69 (Det: 6.59, MoE: 1.9986)
2025-11-21 04:29:57,762 - INFO - Epoch 25 | Batch 50 | Loss: 6.35 (Det: 6.25, MoE: 1.9980)
2025-11-21 04:30:27,186 - INFO - Epoch 25:
2025-11-21 04:30:27,187 - INFO -   训练损失: 6.53 | 验证损失: 0.96
2025-11-21 04:30:27,187 - INFO -   (前30个epoch仅计算loss，跳过mAP评估)
2025-11-21 04:30:27,187 - INFO -   检测损失: 6.43
2025-11-21 04:30:27,187 - INFO -   MoE负载均衡损失: 2.0007
2025-11-21 04:30:27,187 - INFO -   专家使用率: [32.41%, 34.27%, 33.32%]
2025-11-21 04:30:27,832 - INFO - 💾 保存最新检查点: logs/moe3_rtdetr_r18_20251121_035928/latest_checkpoint.pth
2025-11-21 04:30:32,840 - INFO - Epoch 26 | Batch 0 | Loss: 6.43 (Det: 6.33, MoE: 2.0041)
2025-11-21 04:31:08,630 - INFO - Epoch 26 | Batch 50 | Loss: 6.57 (Det: 6.47, MoE: 2.0009)
2025-11-21 04:31:38,804 - INFO - Epoch 26:
2025-11-21 04:31:38,804 - INFO -   训练损失: 6.49 | 验证损失: 0.95
2025-11-21 04:31:38,804 - INFO -   (前30个epoch仅计算loss，跳过mAP评估)
2025-11-21 04:31:38,804 - INFO -   🎉 新的最佳验证损失: 0.95
2025-11-21 04:31:39,499 - INFO - 💾 保存最新检查点: logs/moe3_rtdetr_r18_20251121_035928/latest_checkpoint.pth
2025-11-21 04:31:46,102 - INFO - Epoch 27 | Batch 0 | Loss: 6.55 (Det: 6.45, MoE: 1.9989)
2025-11-21 04:32:19,819 - INFO - Epoch 27 | Batch 50 | Loss: 6.33 (Det: 6.23, MoE: 2.0028)
2025-11-21 04:32:50,018 - INFO - Epoch 27:
2025-11-21 04:32:50,018 - INFO -   训练损失: 6.45 | 验证损失: 0.94
2025-11-21 04:32:50,018 - INFO -   (前30个epoch仅计算loss，跳过mAP评估)
2025-11-21 04:32:50,018 - INFO -   🎉 新的最佳验证损失: 0.94
2025-11-21 04:32:50,664 - INFO - 💾 保存最新检查点: logs/moe3_rtdetr_r18_20251121_035928/latest_checkpoint.pth
2025-11-21 04:32:58,640 - INFO - Epoch 28 | Batch 0 | Loss: 6.60 (Det: 6.50, MoE: 1.9960)
2025-11-21 04:33:32,185 - INFO - Epoch 28 | Batch 50 | Loss: 6.29 (Det: 6.19, MoE: 1.9982)
2025-11-21 04:34:02,687 - INFO - Epoch 28:
2025-11-21 04:34:02,687 - INFO -   训练损失: 6.41 | 验证损失: 0.94
2025-11-21 04:34:02,687 - INFO -   (前30个epoch仅计算loss，跳过mAP评估)
2025-11-21 04:34:03,318 - INFO - 💾 保存最新检查点: logs/moe3_rtdetr_r18_20251121_035928/latest_checkpoint.pth
2025-11-21 04:34:07,899 - INFO - Epoch 29 | Batch 0 | Loss: 6.39 (Det: 6.29, MoE: 2.0026)
2025-11-21 04:34:42,837 - INFO - Epoch 29 | Batch 50 | Loss: 6.33 (Det: 6.23, MoE: 1.9985)
2025-11-21 04:35:12,833 - INFO - Epoch 29:
2025-11-21 04:35:12,834 - INFO -   训练损失: 6.39 | 验证损失: 0.94
2025-11-21 04:35:12,834 - INFO -   (前30个epoch仅计算loss，跳过mAP评估)
2025-11-21 04:35:12,834 - INFO -   🎉 新的最佳验证损失: 0.94
2025-11-21 04:35:13,459 - INFO - 💾 保存最新检查点: logs/moe3_rtdetr_r18_20251121_035928/latest_checkpoint.pth
2025-11-21 04:35:18,761 - INFO - Epoch 30 | Batch 0 | Loss: 6.35 (Det: 6.25, MoE: 1.9990)
2025-11-21 04:35:53,015 - INFO - Epoch 30 | Batch 50 | Loss: 6.40 (Det: 6.30, MoE: 2.0006)
2025-11-21 04:37:00,473 - INFO - Epoch 30:
2025-11-21 04:37:00,474 - INFO -   训练损失: 6.34 | 验证损失: 0.93
2025-11-21 04:37:00,474 - INFO -   预测/目标: 201600/93434
2025-11-21 04:37:00,474 - INFO -   检测损失: 6.24
2025-11-21 04:37:00,474 - INFO -   MoE负载均衡损失: 1.9996
2025-11-21 04:37:00,474 - INFO -   专家使用率: [32.64%, 33.83%, 33.52%]
2025-11-21 04:37:00,474 - INFO -   🎉 新的最佳验证损失: 0.93
2025-11-21 04:37:00,474 - INFO -   🎉 新的最佳mAP: 0.5335
2025-11-21 04:37:01,079 - INFO - 💾 保存最佳模型: logs/moe3_rtdetr_r18_20251121_035928/best_model.pth
2025-11-21 04:37:53,269 - INFO -   每个类别的 mAP@0.5:0.95:
2025-11-21 04:37:53,269 - INFO -     Car         : 0.7535
2025-11-21 04:37:53,270 - INFO -     Truck       : 0.4462
2025-11-21 04:37:53,270 - INFO -     Van         : 0.4328
2025-11-21 04:37:53,270 - INFO -     Bus         : 0.7066
2025-11-21 04:37:53,270 - INFO -     Pedestrian  : 0.3684
2025-11-21 04:37:53,270 - INFO -     Cyclist     : 0.4957
2025-11-21 04:37:53,270 - INFO -     Motorcyclist: 0.4452
2025-11-21 04:37:53,270 - INFO -     Trafficcone : 0.6199
2025-11-21 04:37:53,465 - INFO -   mAP_0.5_0.95 提升到 0.5335 (最佳epoch: 30)
2025-11-21 04:37:54,081 - INFO - 💾 保存最新检查点: logs/moe3_rtdetr_r18_20251121_035928/latest_checkpoint.pth
2025-11-21 04:38:01,365 - INFO - Epoch 31 | Batch 0 | Loss: 6.17 (Det: 6.07, MoE: 2.0012)
2025-11-21 04:38:34,678 - INFO - Epoch 31 | Batch 50 | Loss: 6.32 (Det: 6.22, MoE: 1.9975)
2025-11-21 04:39:44,059 - INFO - Epoch 31:
2025-11-21 04:39:44,060 - INFO -   训练损失: 6.33 | 验证损失: 0.93
2025-11-21 04:39:44,060 - INFO -   预测/目标: 201600/93434
2025-11-21 04:39:44,060 - INFO -   🎉 新的最佳验证损失: 0.93
2025-11-21 04:39:44,060 - INFO -   🎉 新的最佳mAP: 0.5390
2025-11-21 04:39:44,703 - INFO - 💾 保存最佳模型: logs/moe3_rtdetr_r18_20251121_035928/best_model.pth
2025-11-21 04:40:36,393 - INFO -   每个类别的 mAP@0.5:0.95:
2025-11-21 04:40:36,393 - INFO -     Car         : 0.7559
2025-11-21 04:40:36,393 - INFO -     Truck       : 0.4466
2025-11-21 04:40:36,393 - INFO -     Van         : 0.4474
2025-11-21 04:40:36,393 - INFO -     Bus         : 0.7131
2025-11-21 04:40:36,393 - INFO -     Pedestrian  : 0.3734
2025-11-21 04:40:36,393 - INFO -     Cyclist     : 0.5041
2025-11-21 04:40:36,393 - INFO -     Motorcyclist: 0.4519
2025-11-21 04:40:36,393 - INFO -     Trafficcone : 0.6192
2025-11-21 04:40:36,592 - INFO -   mAP_0.5_0.95 提升到 0.5390 (最佳epoch: 31)
2025-11-21 04:40:37,250 - INFO - 💾 保存最新检查点: logs/moe3_rtdetr_r18_20251121_035928/latest_checkpoint.pth
2025-11-21 04:40:43,942 - INFO - Epoch 32 | Batch 0 | Loss: 6.26 (Det: 6.16, MoE: 1.9984)
2025-11-21 04:41:17,533 - INFO - Epoch 32 | Batch 50 | Loss: 6.14 (Det: 6.04, MoE: 2.0006)
2025-11-21 04:42:25,981 - INFO - Epoch 32:
2025-11-21 04:42:25,982 - INFO -   训练损失: 6.31 | 验证损失: 0.93
2025-11-21 04:42:25,982 - INFO -   预测/目标: 201600/93434
2025-11-21 04:42:25,982 - INFO -   🎉 新的最佳验证损失: 0.93
2025-11-21 04:42:25,982 - INFO -   🎉 新的最佳mAP: 0.5418
2025-11-21 04:42:26,618 - INFO - 💾 保存最佳模型: logs/moe3_rtdetr_r18_20251121_035928/best_model.pth
2025-11-21 04:43:18,570 - INFO -   每个类别的 mAP@0.5:0.95:
2025-11-21 04:43:18,570 - INFO -     Car         : 0.7577
2025-11-21 04:43:18,570 - INFO -     Truck       : 0.4515
2025-11-21 04:43:18,570 - INFO -     Van         : 0.4486
2025-11-21 04:43:18,570 - INFO -     Bus         : 0.7210
2025-11-21 04:43:18,570 - INFO -     Pedestrian  : 0.3760
2025-11-21 04:43:18,570 - INFO -     Cyclist     : 0.5091
2025-11-21 04:43:18,570 - INFO -     Motorcyclist: 0.4501
2025-11-21 04:43:18,570 - INFO -     Trafficcone : 0.6204
2025-11-21 04:43:18,768 - INFO -   mAP_0.5_0.95 提升到 0.5418 (最佳epoch: 32)
2025-11-21 04:43:19,460 - INFO - 💾 保存最新检查点: logs/moe3_rtdetr_r18_20251121_035928/latest_checkpoint.pth
2025-11-21 04:43:24,176 - INFO - Epoch 33 | Batch 0 | Loss: 6.24 (Det: 6.14, MoE: 2.0007)
2025-11-21 04:43:57,821 - INFO - Epoch 33 | Batch 50 | Loss: 6.21 (Det: 6.11, MoE: 2.0006)
2025-11-21 04:45:07,290 - INFO - Epoch 33:
2025-11-21 04:45:07,291 - INFO -   训练损失: 6.27 | 验证损失: 0.93
2025-11-21 04:45:07,291 - INFO -   预测/目标: 201600/93434
2025-11-21 04:45:07,291 - INFO -   🎉 新的最佳验证损失: 0.93
2025-11-21 04:45:07,291 - INFO -   🎉 新的最佳mAP: 0.5423
2025-11-21 04:45:08,200 - INFO - 💾 保存最佳模型: logs/moe3_rtdetr_r18_20251121_035928/best_model.pth
2025-11-21 04:45:59,773 - INFO -   每个类别的 mAP@0.5:0.95:
2025-11-21 04:45:59,773 - INFO -     Car         : 0.7581
2025-11-21 04:45:59,773 - INFO -     Truck       : 0.4474
2025-11-21 04:45:59,773 - INFO -     Van         : 0.4523
2025-11-21 04:45:59,773 - INFO -     Bus         : 0.7177
2025-11-21 04:45:59,773 - INFO -     Pedestrian  : 0.3775
2025-11-21 04:45:59,773 - INFO -     Cyclist     : 0.5111
2025-11-21 04:45:59,773 - INFO -     Motorcyclist: 0.4532
2025-11-21 04:45:59,773 - INFO -     Trafficcone : 0.6212
2025-11-21 04:45:59,977 - INFO -   mAP_0.5_0.95 提升到 0.5423 (最佳epoch: 33)
2025-11-21 04:46:00,634 - INFO - 💾 保存最新检查点: logs/moe3_rtdetr_r18_20251121_035928/latest_checkpoint.pth
2025-11-21 04:46:07,489 - INFO - Epoch 34 | Batch 0 | Loss: 6.13 (Det: 6.03, MoE: 1.9967)
2025-11-21 04:46:40,893 - INFO - Epoch 34 | Batch 50 | Loss: 6.27 (Det: 6.17, MoE: 1.9988)
2025-11-21 04:47:49,362 - INFO - Epoch 34:
2025-11-21 04:47:49,363 - INFO -   训练损失: 6.23 | 验证损失: 0.92
2025-11-21 04:47:49,363 - INFO -   预测/目标: 201600/93434
2025-11-21 04:47:49,363 - INFO -   🎉 新的最佳验证损失: 0.92
2025-11-21 04:47:49,363 - INFO -   🎉 新的最佳mAP: 0.5456
2025-11-21 04:47:50,006 - INFO - 💾 保存最佳模型: logs/moe3_rtdetr_r18_20251121_035928/best_model.pth
2025-11-21 04:48:41,957 - INFO -   每个类别的 mAP@0.5:0.95:
2025-11-21 04:48:41,958 - INFO -     Car         : 0.7595
2025-11-21 04:48:41,958 - INFO -     Truck       : 0.4460
2025-11-21 04:48:41,958 - INFO -     Van         : 0.4634
2025-11-21 04:48:41,958 - INFO -     Bus         : 0.7215
2025-11-21 04:48:41,958 - INFO -     Pedestrian  : 0.3823
2025-11-21 04:48:41,958 - INFO -     Cyclist     : 0.5149
2025-11-21 04:48:41,958 - INFO -     Motorcyclist: 0.4553
2025-11-21 04:48:41,958 - INFO -     Trafficcone : 0.6220
2025-11-21 04:48:42,172 - INFO -   mAP_0.5_0.95 提升到 0.5456 (最佳epoch: 34)
2025-11-21 04:48:42,812 - INFO - 💾 保存最新检查点: logs/moe3_rtdetr_r18_20251121_035928/latest_checkpoint.pth
2025-11-21 04:48:49,795 - INFO - Epoch 35 | Batch 0 | Loss: 6.15 (Det: 6.05, MoE: 1.9977)
2025-11-21 04:49:23,234 - INFO - Epoch 35 | Batch 50 | Loss: 6.17 (Det: 6.07, MoE: 2.0044)
2025-11-21 04:50:31,939 - INFO - Epoch 35:
2025-11-21 04:50:31,940 - INFO -   训练损失: 6.20 | 验证损失: 0.92
2025-11-21 04:50:31,940 - INFO -   预测/目标: 201600/93434
2025-11-21 04:50:31,940 - INFO -   检测损失: 6.10
2025-11-21 04:50:31,940 - INFO -   MoE负载均衡损失: 2.0007
2025-11-21 04:50:31,940 - INFO -   专家使用率: [32.80%, 34.02%, 33.19%]
2025-11-21 04:50:31,940 - INFO -   🎉 新的最佳验证损失: 0.92
2025-11-21 04:50:31,940 - INFO -   🎉 新的最佳mAP: 0.5480
2025-11-21 04:50:32,601 - INFO - 💾 保存最佳模型: logs/moe3_rtdetr_r18_20251121_035928/best_model.pth
2025-11-21 04:51:25,495 - INFO -   每个类别的 mAP@0.5:0.95:
2025-11-21 04:51:25,495 - INFO -     Car         : 0.7601
2025-11-21 04:51:25,495 - INFO -     Truck       : 0.4519
2025-11-21 04:51:25,495 - INFO -     Van         : 0.4678
2025-11-21 04:51:25,495 - INFO -     Bus         : 0.7240
2025-11-21 04:51:25,495 - INFO -     Pedestrian  : 0.3852
2025-11-21 04:51:25,495 - INFO -     Cyclist     : 0.5174
2025-11-21 04:51:25,495 - INFO -     Motorcyclist: 0.4549
2025-11-21 04:51:25,495 - INFO -     Trafficcone : 0.6223
2025-11-21 04:51:25,698 - INFO -   mAP_0.5_0.95 提升到 0.5480 (最佳epoch: 35)
2025-11-21 04:51:26,312 - INFO - 💾 保存最新检查点: logs/moe3_rtdetr_r18_20251121_035928/latest_checkpoint.pth
2025-11-21 04:51:33,619 - INFO - Epoch 36 | Batch 0 | Loss: 6.17 (Det: 6.07, MoE: 1.9982)
2025-11-21 04:52:06,925 - INFO - Epoch 36 | Batch 50 | Loss: 6.25 (Det: 6.15, MoE: 1.9975)
2025-11-21 04:53:16,830 - INFO - Epoch 36:
2025-11-21 04:53:16,831 - INFO -   训练损失: 6.18 | 验证损失: 0.91
2025-11-21 04:53:16,831 - INFO -   预测/目标: 201600/93434
2025-11-21 04:53:16,831 - INFO -   🎉 新的最佳验证损失: 0.91
2025-11-21 04:53:16,831 - INFO -   🎉 新的最佳mAP: 0.5497
2025-11-21 04:53:17,486 - INFO - 💾 保存最佳模型: logs/moe3_rtdetr_r18_20251121_035928/best_model.pth
2025-11-21 04:54:10,505 - INFO -   每个类别的 mAP@0.5:0.95:
2025-11-21 04:54:10,506 - INFO -     Car         : 0.7621
2025-11-21 04:54:10,506 - INFO -     Truck       : 0.4467
2025-11-21 04:54:10,506 - INFO -     Van         : 0.4718
2025-11-21 04:54:10,506 - INFO -     Bus         : 0.7254
2025-11-21 04:54:10,506 - INFO -     Pedestrian  : 0.3889
2025-11-21 04:54:10,506 - INFO -     Cyclist     : 0.5207
2025-11-21 04:54:10,506 - INFO -     Motorcyclist: 0.4583
2025-11-21 04:54:10,506 - INFO -     Trafficcone : 0.6235
2025-11-21 04:54:10,703 - INFO -   mAP_0.5_0.95 提升到 0.5497 (最佳epoch: 36)
2025-11-21 04:54:11,349 - INFO - 💾 保存最新检查点: logs/moe3_rtdetr_r18_20251121_035928/latest_checkpoint.pth
2025-11-21 04:54:17,520 - INFO - Epoch 37 | Batch 0 | Loss: 6.06 (Det: 5.96, MoE: 2.0022)
2025-11-21 04:54:50,762 - INFO - Epoch 37 | Batch 50 | Loss: 6.26 (Det: 6.16, MoE: 2.0009)
2025-11-21 04:55:59,473 - INFO - Epoch 37:
2025-11-21 04:55:59,475 - INFO -   训练损失: 6.15 | 验证损失: 0.91
2025-11-21 04:55:59,475 - INFO -   预测/目标: 201600/93434
2025-11-21 04:55:59,475 - INFO -   🎉 新的最佳验证损失: 0.91
2025-11-21 04:55:59,475 - INFO -   🎉 新的最佳mAP: 0.5516
2025-11-21 04:56:00,147 - INFO - 💾 保存最佳模型: logs/moe3_rtdetr_r18_20251121_035928/best_model.pth
2025-11-21 04:56:53,327 - INFO -   每个类别的 mAP@0.5:0.95:
2025-11-21 04:56:53,328 - INFO -     Car         : 0.7627
2025-11-21 04:56:53,328 - INFO -     Truck       : 0.4494
2025-11-21 04:56:53,328 - INFO -     Van         : 0.4744
2025-11-21 04:56:53,328 - INFO -     Bus         : 0.7300
2025-11-21 04:56:53,328 - INFO -     Pedestrian  : 0.3911
2025-11-21 04:56:53,328 - INFO -     Cyclist     : 0.5210
2025-11-21 04:56:53,328 - INFO -     Motorcyclist: 0.4613
2025-11-21 04:56:53,328 - INFO -     Trafficcone : 0.6231
2025-11-21 04:56:53,522 - INFO -   mAP_0.5_0.95 提升到 0.5516 (最佳epoch: 37)
2025-11-21 04:56:54,172 - INFO - 💾 保存最新检查点: logs/moe3_rtdetr_r18_20251121_035928/latest_checkpoint.pth
2025-11-21 04:57:00,536 - INFO - Epoch 38 | Batch 0 | Loss: 6.03 (Det: 5.93, MoE: 2.0015)
2025-11-21 04:57:33,777 - INFO - Epoch 38 | Batch 50 | Loss: 5.96 (Det: 5.86, MoE: 2.0069)
2025-11-21 04:58:43,737 - INFO - Epoch 38:
2025-11-21 04:58:43,739 - INFO -   训练损失: 6.14 | 验证损失: 0.91
2025-11-21 04:58:43,739 - INFO -   预测/目标: 201600/93434
2025-11-21 04:58:43,739 - INFO -   🎉 新的最佳验证损失: 0.91
2025-11-21 04:58:43,739 - INFO -   🎉 新的最佳mAP: 0.5537
2025-11-21 04:58:44,486 - INFO - 💾 保存最佳模型: logs/moe3_rtdetr_r18_20251121_035928/best_model.pth
2025-11-21 04:59:37,508 - INFO -   每个类别的 mAP@0.5:0.95:
2025-11-21 04:59:37,508 - INFO -     Car         : 0.7609
2025-11-21 04:59:37,508 - INFO -     Truck       : 0.4508
2025-11-21 04:59:37,508 - INFO -     Van         : 0.4807
2025-11-21 04:59:37,508 - INFO -     Bus         : 0.7325
2025-11-21 04:59:37,508 - INFO -     Pedestrian  : 0.3948
2025-11-21 04:59:37,508 - INFO -     Cyclist     : 0.5251
2025-11-21 04:59:37,508 - INFO -     Motorcyclist: 0.4612
2025-11-21 04:59:37,508 - INFO -     Trafficcone : 0.6233
2025-11-21 04:59:37,704 - INFO -   mAP_0.5_0.95 提升到 0.5537 (最佳epoch: 38)
2025-11-21 04:59:38,391 - INFO - 💾 保存最新检查点: logs/moe3_rtdetr_r18_20251121_035928/latest_checkpoint.pth
2025-11-21 04:59:43,560 - INFO - Epoch 39 | Batch 0 | Loss: 6.12 (Det: 6.02, MoE: 1.9993)
2025-11-21 05:00:16,688 - INFO - Epoch 39 | Batch 50 | Loss: 6.12 (Det: 6.02, MoE: 2.0002)
2025-11-21 05:01:26,348 - INFO - Epoch 39:
2025-11-21 05:01:26,349 - INFO -   训练损失: 6.10 | 验证损失: 0.91
2025-11-21 05:01:26,349 - INFO -   预测/目标: 201600/93434
2025-11-21 05:01:26,350 - INFO -   🎉 新的最佳mAP: 0.5554
2025-11-21 05:01:27,031 - INFO - 💾 保存最佳模型: logs/moe3_rtdetr_r18_20251121_035928/best_model.pth
2025-11-21 05:02:19,541 - INFO -   每个类别的 mAP@0.5:0.95:
2025-11-21 05:02:19,541 - INFO -     Car         : 0.7622
2025-11-21 05:02:19,541 - INFO -     Truck       : 0.4479
2025-11-21 05:02:19,541 - INFO -     Van         : 0.4840
2025-11-21 05:02:19,541 - INFO -     Bus         : 0.7386
2025-11-21 05:02:19,541 - INFO -     Pedestrian  : 0.3985
2025-11-21 05:02:19,541 - INFO -     Cyclist     : 0.5236
2025-11-21 05:02:19,541 - INFO -     Motorcyclist: 0.4649
2025-11-21 05:02:19,541 - INFO -     Trafficcone : 0.6234
2025-11-21 05:02:19,741 - INFO -   mAP_0.5_0.95 提升到 0.5554 (最佳epoch: 39)
2025-11-21 05:02:20,409 - INFO - 💾 保存最新检查点: logs/moe3_rtdetr_r18_20251121_035928/latest_checkpoint.pth
2025-11-21 05:02:26,344 - INFO - Epoch 40 | Batch 0 | Loss: 6.15 (Det: 6.05, MoE: 1.9976)
2025-11-21 05:02:59,427 - INFO - Epoch 40 | Batch 50 | Loss: 6.19 (Det: 6.09, MoE: 1.9992)
2025-11-21 05:04:08,769 - INFO - Epoch 40:
2025-11-21 05:04:08,770 - INFO -   训练损失: 6.07 | 验证损失: 0.91
2025-11-21 05:04:08,770 - INFO -   预测/目标: 201600/93434
2025-11-21 05:04:08,770 - INFO -   检测损失: 5.97
2025-11-21 05:04:08,770 - INFO -   MoE负载均衡损失: 2.0000
2025-11-21 05:04:08,770 - INFO -   专家使用率: [32.78%, 33.85%, 33.37%]
2025-11-21 05:04:08,770 - INFO -   🎉 新的最佳mAP: 0.5573
2025-11-21 05:04:09,427 - INFO - 💾 保存最佳模型: logs/moe3_rtdetr_r18_20251121_035928/best_model.pth
2025-11-21 05:05:01,648 - INFO -   每个类别的 mAP@0.5:0.95:
2025-11-21 05:05:01,648 - INFO -     Car         : 0.7637
2025-11-21 05:05:01,648 - INFO -     Truck       : 0.4471
2025-11-21 05:05:01,648 - INFO -     Van         : 0.4922
2025-11-21 05:05:01,648 - INFO -     Bus         : 0.7370
2025-11-21 05:05:01,648 - INFO -     Pedestrian  : 0.4007
2025-11-21 05:05:01,648 - INFO -     Cyclist     : 0.5297
2025-11-21 05:05:01,648 - INFO -     Motorcyclist: 0.4649
2025-11-21 05:05:01,648 - INFO -     Trafficcone : 0.6235
2025-11-21 05:05:01,857 - INFO -   mAP_0.5_0.95 提升到 0.5573 (最佳epoch: 40)
2025-11-21 05:05:02,547 - INFO - 💾 保存最新检查点: logs/moe3_rtdetr_r18_20251121_035928/latest_checkpoint.pth
2025-11-21 05:05:09,270 - INFO - Epoch 41 | Batch 0 | Loss: 6.04 (Det: 5.94, MoE: 1.9986)
2025-11-21 05:05:42,835 - INFO - Epoch 41 | Batch 50 | Loss: 6.13 (Det: 6.03, MoE: 1.9994)
2025-11-21 05:06:52,008 - INFO - Epoch 41:
2025-11-21 05:06:52,009 - INFO -   训练损失: 6.06 | 验证损失: 0.91
2025-11-21 05:06:52,009 - INFO -   预测/目标: 201600/93434
2025-11-21 05:06:52,009 - INFO -   🎉 新的最佳验证损失: 0.91
2025-11-21 05:06:52,009 - INFO -   🎉 新的最佳mAP: 0.5605
2025-11-21 05:06:52,949 - INFO - 💾 保存最佳模型: logs/moe3_rtdetr_r18_20251121_035928/best_model.pth
2025-11-21 05:07:46,390 - INFO -   每个类别的 mAP@0.5:0.95:
2025-11-21 05:07:46,390 - INFO -     Car         : 0.7644
2025-11-21 05:07:46,391 - INFO -     Truck       : 0.4551
2025-11-21 05:07:46,391 - INFO -     Van         : 0.4944
2025-11-21 05:07:46,391 - INFO -     Bus         : 0.7434
2025-11-21 05:07:46,391 - INFO -     Pedestrian  : 0.4020
2025-11-21 05:07:46,391 - INFO -     Cyclist     : 0.5324
2025-11-21 05:07:46,391 - INFO -     Motorcyclist: 0.4676
2025-11-21 05:07:46,391 - INFO -     Trafficcone : 0.6247
2025-11-21 05:07:46,592 - INFO -   mAP_0.5_0.95 提升到 0.5605 (最佳epoch: 41)
2025-11-21 05:07:47,291 - INFO - 💾 保存最新检查点: logs/moe3_rtdetr_r18_20251121_035928/latest_checkpoint.pth
2025-11-21 05:07:51,837 - INFO - Epoch 42 | Batch 0 | Loss: 5.95 (Det: 5.85, MoE: 1.9995)
2025-11-21 05:08:25,909 - INFO - Epoch 42 | Batch 50 | Loss: 6.10 (Det: 6.00, MoE: 1.9971)
2025-11-21 05:09:34,763 - INFO - Epoch 42:
2025-11-21 05:09:34,764 - INFO -   训练损失: 6.01 | 验证损失: 0.91
2025-11-21 05:09:34,764 - INFO -   预测/目标: 201600/93434
2025-11-21 05:09:34,764 - INFO -   🎉 新的最佳mAP: 0.5634
2025-11-21 05:09:35,393 - INFO - 💾 保存最佳模型: logs/moe3_rtdetr_r18_20251121_035928/best_model.pth
2025-11-21 05:10:28,494 - INFO -   每个类别的 mAP@0.5:0.95:
2025-11-21 05:10:28,495 - INFO -     Car         : 0.7647
2025-11-21 05:10:28,495 - INFO -     Truck       : 0.4584
2025-11-21 05:10:28,495 - INFO -     Van         : 0.4999
2025-11-21 05:10:28,495 - INFO -     Bus         : 0.7465
2025-11-21 05:10:28,495 - INFO -     Pedestrian  : 0.4076
2025-11-21 05:10:28,495 - INFO -     Cyclist     : 0.5346
2025-11-21 05:10:28,495 - INFO -     Motorcyclist: 0.4700
2025-11-21 05:10:28,495 - INFO -     Trafficcone : 0.6257
2025-11-21 05:10:28,700 - INFO -   mAP_0.5_0.95 提升到 0.5634 (最佳epoch: 42)
2025-11-21 05:10:29,292 - INFO - 💾 保存最新检查点: logs/moe3_rtdetr_r18_20251121_035928/latest_checkpoint.pth
2025-11-21 05:10:36,527 - INFO - Epoch 43 | Batch 0 | Loss: 6.00 (Det: 5.90, MoE: 1.9975)
2025-11-21 05:11:09,583 - INFO - Epoch 43 | Batch 50 | Loss: 6.02 (Det: 5.92, MoE: 2.0038)
2025-11-21 05:12:19,886 - INFO - Epoch 43:
2025-11-21 05:12:19,887 - INFO -   训练损失: 5.99 | 验证损失: 0.90
2025-11-21 05:12:19,887 - INFO -   预测/目标: 201600/93434
2025-11-21 05:12:19,888 - INFO -   🎉 新的最佳验证损失: 0.90
2025-11-21 05:12:19,888 - INFO -   🎉 新的最佳mAP: 0.5649
2025-11-21 05:12:20,527 - INFO - 💾 保存最佳模型: logs/moe3_rtdetr_r18_20251121_035928/best_model.pth
2025-11-21 05:13:14,327 - INFO -   每个类别的 mAP@0.5:0.95:
2025-11-21 05:13:14,327 - INFO -     Car         : 0.7666
2025-11-21 05:13:14,327 - INFO -     Truck       : 0.4631
2025-11-21 05:13:14,327 - INFO -     Van         : 0.5019
2025-11-21 05:13:14,327 - INFO -     Bus         : 0.7468
2025-11-21 05:13:14,327 - INFO -     Pedestrian  : 0.4074
2025-11-21 05:13:14,327 - INFO -     Cyclist     : 0.5354
2025-11-21 05:13:14,327 - INFO -     Motorcyclist: 0.4716
2025-11-21 05:13:14,327 - INFO -     Trafficcone : 0.6264
2025-11-21 05:13:14,470 - INFO -   mAP_0.5_0.95 提升到 0.5649 (最佳epoch: 43)
2025-11-21 05:13:15,132 - INFO - 💾 保存最新检查点: logs/moe3_rtdetr_r18_20251121_035928/latest_checkpoint.pth
2025-11-21 05:13:21,739 - INFO - Epoch 44 | Batch 0 | Loss: 5.88 (Det: 5.78, MoE: 2.0008)
2025-11-21 05:13:55,606 - INFO - Epoch 44 | Batch 50 | Loss: 5.96 (Det: 5.86, MoE: 1.9980)
2025-11-21 05:15:03,606 - INFO - Epoch 44:
2025-11-21 05:15:03,607 - INFO -   训练损失: 5.96 | 验证损失: 0.90
2025-11-21 05:15:03,607 - INFO -   预测/目标: 201600/93434
2025-11-21 05:15:03,607 - INFO -   🎉 新的最佳验证损失: 0.90
2025-11-21 05:15:03,607 - INFO -   🎉 新的最佳mAP: 0.5660
2025-11-21 05:15:04,267 - INFO - 💾 保存最佳模型: logs/moe3_rtdetr_r18_20251121_035928/best_model.pth
2025-11-21 05:15:57,730 - INFO -   每个类别的 mAP@0.5:0.95:
2025-11-21 05:15:57,730 - INFO -     Car         : 0.7670
2025-11-21 05:15:57,730 - INFO -     Truck       : 0.4563
2025-11-21 05:15:57,730 - INFO -     Van         : 0.5143
2025-11-21 05:15:57,730 - INFO -     Bus         : 0.7438
2025-11-21 05:15:57,730 - INFO -     Pedestrian  : 0.4101
2025-11-21 05:15:57,730 - INFO -     Cyclist     : 0.5387
2025-11-21 05:15:57,730 - INFO -     Motorcyclist: 0.4720
2025-11-21 05:15:57,730 - INFO -     Trafficcone : 0.6261
2025-11-21 05:15:57,889 - INFO -   mAP_0.5_0.95 提升到 0.5660 (最佳epoch: 44)
2025-11-21 05:15:58,642 - INFO - 💾 保存最新检查点: logs/moe3_rtdetr_r18_20251121_035928/latest_checkpoint.pth
2025-11-21 05:16:05,833 - INFO - Epoch 45 | Batch 0 | Loss: 5.95 (Det: 5.85, MoE: 1.9989)
2025-11-21 05:16:39,166 - INFO - Epoch 45 | Batch 50 | Loss: 5.97 (Det: 5.87, MoE: 1.9988)
2025-11-21 05:17:48,184 - INFO - Epoch 45:
2025-11-21 05:17:48,185 - INFO -   训练损失: 5.92 | 验证损失: 0.90
2025-11-21 05:17:48,185 - INFO -   预测/目标: 201600/93434
2025-11-21 05:17:48,185 - INFO -   检测损失: 5.82
2025-11-21 05:17:48,185 - INFO -   MoE负载均衡损失: 2.0007
2025-11-21 05:17:48,186 - INFO -   专家使用率: [32.81%, 33.85%, 33.34%]
2025-11-21 05:17:48,186 - INFO -   🎉 新的最佳mAP: 0.5674
2025-11-21 05:17:48,852 - INFO - 💾 保存最佳模型: logs/moe3_rtdetr_r18_20251121_035928/best_model.pth
2025-11-21 05:18:41,669 - INFO -   每个类别的 mAP@0.5:0.95:
2025-11-21 05:18:41,669 - INFO -     Car         : 0.7653
2025-11-21 05:18:41,669 - INFO -     Truck       : 0.4598
2025-11-21 05:18:41,669 - INFO -     Van         : 0.5139
2025-11-21 05:18:41,669 - INFO -     Bus         : 0.7475
2025-11-21 05:18:41,669 - INFO -     Pedestrian  : 0.4119
2025-11-21 05:18:41,669 - INFO -     Cyclist     : 0.5406
2025-11-21 05:18:41,669 - INFO -     Motorcyclist: 0.4734
2025-11-21 05:18:41,669 - INFO -     Trafficcone : 0.6272
2025-11-21 05:18:41,854 - INFO -   mAP_0.5_0.95 提升到 0.5674 (最佳epoch: 45)
2025-11-21 05:18:42,484 - INFO - 💾 保存最新检查点: logs/moe3_rtdetr_r18_20251121_035928/latest_checkpoint.pth
2025-11-21 05:18:49,521 - INFO - Epoch 46 | Batch 0 | Loss: 5.92 (Det: 5.82, MoE: 1.9993)
2025-11-21 05:19:23,096 - INFO - Epoch 46 | Batch 50 | Loss: 5.82 (Det: 5.72, MoE: 1.9970)
2025-11-21 05:20:32,300 - INFO - Epoch 46:
2025-11-21 05:20:32,301 - INFO -   训练损失: 5.92 | 验证损失: 0.90
2025-11-21 05:20:32,301 - INFO -   预测/目标: 201600/93434
2025-11-21 05:20:32,301 - INFO -   🎉 新的最佳mAP: 0.5693
2025-11-21 05:20:32,827 - INFO - 💾 保存最佳模型: logs/moe3_rtdetr_r18_20251121_035928/best_model.pth
2025-11-21 05:21:25,529 - INFO -   每个类别的 mAP@0.5:0.95:
2025-11-21 05:21:25,529 - INFO -     Car         : 0.7666
2025-11-21 05:21:25,529 - INFO -     Truck       : 0.4581
2025-11-21 05:21:25,529 - INFO -     Van         : 0.5223
2025-11-21 05:21:25,529 - INFO -     Bus         : 0.7485
2025-11-21 05:21:25,529 - INFO -     Pedestrian  : 0.4136
2025-11-21 05:21:25,529 - INFO -     Cyclist     : 0.5427
2025-11-21 05:21:25,529 - INFO -     Motorcyclist: 0.4754
2025-11-21 05:21:25,529 - INFO -     Trafficcone : 0.6269
2025-11-21 05:21:25,676 - INFO -   mAP_0.5_0.95 提升到 0.5693 (最佳epoch: 46)
2025-11-21 05:21:26,250 - INFO - 💾 保存最新检查点: logs/moe3_rtdetr_r18_20251121_035928/latest_checkpoint.pth
2025-11-21 05:21:33,632 - INFO - Epoch 47 | Batch 0 | Loss: 5.86 (Det: 5.76, MoE: 1.9962)
2025-11-21 05:22:07,314 - INFO - Epoch 47 | Batch 50 | Loss: 5.90 (Det: 5.80, MoE: 2.0005)
2025-11-21 05:23:15,723 - INFO - Epoch 47:
2025-11-21 05:23:15,724 - INFO -   训练损失: 5.88 | 验证损失: 0.90
2025-11-21 05:23:15,724 - INFO -   预测/目标: 201600/93434
2025-11-21 05:23:15,724 - INFO -   🎉 新的最佳验证损失: 0.90
2025-11-21 05:23:15,724 - INFO -   🎉 新的最佳mAP: 0.5710
2025-11-21 05:23:16,265 - INFO - 💾 保存最佳模型: logs/moe3_rtdetr_r18_20251121_035928/best_model.pth
2025-11-21 05:24:08,961 - INFO -   每个类别的 mAP@0.5:0.95:
2025-11-21 05:24:08,961 - INFO -     Car         : 0.7677
2025-11-21 05:24:08,961 - INFO -     Truck       : 0.4611
2025-11-21 05:24:08,961 - INFO -     Van         : 0.5253
2025-11-21 05:24:08,961 - INFO -     Bus         : 0.7524
2025-11-21 05:24:08,961 - INFO -     Pedestrian  : 0.4154
2025-11-21 05:24:08,961 - INFO -     Cyclist     : 0.5472
2025-11-21 05:24:08,961 - INFO -     Motorcyclist: 0.4719
2025-11-21 05:24:08,961 - INFO -     Trafficcone : 0.6267
2025-11-21 05:24:09,129 - INFO -   mAP_0.5_0.95 提升到 0.5710 (最佳epoch: 47)
2025-11-21 05:24:09,692 - INFO - 💾 保存最新检查点: logs/moe3_rtdetr_r18_20251121_035928/latest_checkpoint.pth
2025-11-21 05:24:17,110 - INFO - Epoch 48 | Batch 0 | Loss: 5.92 (Det: 5.82, MoE: 1.9979)
2025-11-21 05:24:50,362 - INFO - Epoch 48 | Batch 50 | Loss: 5.88 (Det: 5.78, MoE: 2.0011)
2025-11-21 05:25:58,017 - INFO - Epoch 48:
2025-11-21 05:25:58,017 - INFO -   训练损失: 5.86 | 验证损失: 0.90
2025-11-21 05:25:58,018 - INFO -   预测/目标: 201600/93434
2025-11-21 05:25:58,018 - INFO -   🎉 新的最佳验证损失: 0.90
2025-11-21 05:25:58,018 - INFO -   ⏳ mAP_0.5_0.95 无改善 (1/35), 最佳值: 0.5710 (epoch 47)
2025-11-21 05:25:58,566 - INFO - 💾 保存最新检查点: logs/moe3_rtdetr_r18_20251121_035928/latest_checkpoint.pth
2025-11-21 05:26:06,157 - INFO - Epoch 49 | Batch 0 | Loss: 5.92 (Det: 5.82, MoE: 1.9982)
2025-11-21 05:26:39,755 - INFO - Epoch 49 | Batch 50 | Loss: 5.96 (Det: 5.86, MoE: 1.9995)
2025-11-21 05:27:47,966 - INFO - Epoch 49:
2025-11-21 05:27:47,967 - INFO -   训练损失: 5.86 | 验证损失: 0.90
2025-11-21 05:27:47,967 - INFO -   预测/目标: 201600/93434
2025-11-21 05:27:47,967 - INFO -   🎉 新的最佳mAP: 0.5715
2025-11-21 05:27:48,545 - INFO - 💾 保存最佳模型: logs/moe3_rtdetr_r18_20251121_035928/best_model.pth
2025-11-21 05:28:41,755 - INFO -   每个类别的 mAP@0.5:0.95:
2025-11-21 05:28:41,755 - INFO -     Car         : 0.7678
2025-11-21 05:28:41,755 - INFO -     Truck       : 0.4635
2025-11-21 05:28:41,755 - INFO -     Van         : 0.5206
2025-11-21 05:28:41,755 - INFO -     Bus         : 0.7509
2025-11-21 05:28:41,755 - INFO -     Pedestrian  : 0.4185
2025-11-21 05:28:41,755 - INFO -     Cyclist     : 0.5458
2025-11-21 05:28:41,755 - INFO -     Motorcyclist: 0.4770
2025-11-21 05:28:41,755 - INFO -     Trafficcone : 0.6280
2025-11-21 05:28:41,923 - INFO -   mAP_0.5_0.95 提升到 0.5715 (最佳epoch: 49)
2025-11-21 05:28:42,461 - INFO - 💾 保存最新检查点: logs/moe3_rtdetr_r18_20251121_035928/latest_checkpoint.pth
2025-11-21 05:28:47,601 - INFO - Epoch 50 | Batch 0 | Loss: 5.79 (Det: 5.69, MoE: 1.9997)
2025-11-21 05:29:21,445 - INFO - Epoch 50 | Batch 50 | Loss: 5.90 (Det: 5.80, MoE: 2.0022)
2025-11-21 05:30:30,011 - INFO - Epoch 50:
2025-11-21 05:30:30,012 - INFO -   训练损失: 5.84 | 验证损失: 0.90
2025-11-21 05:30:30,012 - INFO -   预测/目标: 201600/93434
2025-11-21 05:30:30,012 - INFO -   检测损失: 5.74
2025-11-21 05:30:30,012 - INFO -   MoE负载均衡损失: 2.0000
2025-11-21 05:30:30,012 - INFO -   专家使用率: [32.92%, 33.74%, 33.34%]
2025-11-21 05:30:30,012 - INFO -   ⏳ mAP_0.5_0.95 无改善 (1/35), 最佳值: 0.5715 (epoch 49)
2025-11-21 05:30:30,582 - INFO - 💾 保存最新检查点: logs/moe3_rtdetr_r18_20251121_035928/latest_checkpoint.pth
2025-11-21 05:30:38,353 - INFO - Epoch 51 | Batch 0 | Loss: 5.98 (Det: 5.88, MoE: 1.9958)
2025-11-21 05:31:11,657 - INFO - Epoch 51 | Batch 50 | Loss: 5.80 (Det: 5.70, MoE: 2.0002)
2025-11-21 05:32:20,382 - INFO - Epoch 51:
2025-11-21 05:32:20,383 - INFO -   训练损失: 5.80 | 验证损失: 0.89
2025-11-21 05:32:20,383 - INFO -   预测/目标: 201600/93434
2025-11-21 05:32:20,383 - INFO -   🎉 新的最佳验证损失: 0.89
2025-11-21 05:32:20,383 - INFO -   🎉 新的最佳mAP: 0.5739
2025-11-21 05:32:21,223 - INFO - 💾 保存最佳模型: logs/moe3_rtdetr_r18_20251121_035928/best_model.pth
2025-11-21 05:33:13,763 - INFO -   每个类别的 mAP@0.5:0.95:
2025-11-21 05:33:13,763 - INFO -     Car         : 0.7682
2025-11-21 05:33:13,763 - INFO -     Truck       : 0.4638
2025-11-21 05:33:13,763 - INFO -     Van         : 0.5353
2025-11-21 05:33:13,763 - INFO -     Bus         : 0.7525
2025-11-21 05:33:13,763 - INFO -     Pedestrian  : 0.4192
2025-11-21 05:33:13,763 - INFO -     Cyclist     : 0.5496
2025-11-21 05:33:13,763 - INFO -     Motorcyclist: 0.4761
2025-11-21 05:33:13,763 - INFO -     Trafficcone : 0.6267
2025-11-21 05:33:13,899 - INFO -   mAP_0.5_0.95 提升到 0.5739 (最佳epoch: 51)
2025-11-21 05:33:14,494 - INFO - 💾 保存最新检查点: logs/moe3_rtdetr_r18_20251121_035928/latest_checkpoint.pth
2025-11-21 05:33:21,119 - INFO - Epoch 52 | Batch 0 | Loss: 5.92 (Det: 5.82, MoE: 1.9989)
2025-11-21 05:33:54,680 - INFO - Epoch 52 | Batch 50 | Loss: 5.90 (Det: 5.80, MoE: 1.9998)
2025-11-21 05:35:03,262 - INFO - Epoch 52:
2025-11-21 05:35:03,263 - INFO -   训练损失: 5.78 | 验证损失: 0.89
2025-11-21 05:35:03,264 - INFO -   预测/目标: 201600/93434
2025-11-21 05:35:03,264 - INFO -   ⏳ mAP_0.5_0.95 无改善 (1/35), 最佳值: 0.5739 (epoch 51)
2025-11-21 05:35:03,819 - INFO - 💾 保存最新检查点: logs/moe3_rtdetr_r18_20251121_035928/latest_checkpoint.pth
2025-11-21 05:35:09,548 - INFO - Epoch 53 | Batch 0 | Loss: 5.78 (Det: 5.68, MoE: 1.9991)
2025-11-21 05:35:43,214 - INFO - Epoch 53 | Batch 50 | Loss: 5.74 (Det: 5.64, MoE: 2.0041)
2025-11-21 05:36:52,923 - INFO - Epoch 53:
2025-11-21 05:36:52,924 - INFO -   训练损失: 5.77 | 验证损失: 0.90
2025-11-21 05:36:52,925 - INFO -   预测/目标: 201600/93434
2025-11-21 05:36:52,925 - INFO -   🎉 新的最佳mAP: 0.5740
2025-11-21 05:36:53,503 - INFO - 💾 保存最佳模型: logs/moe3_rtdetr_r18_20251121_035928/best_model.pth
2025-11-21 05:37:46,951 - INFO -   每个类别的 mAP@0.5:0.95:
2025-11-21 05:37:46,951 - INFO -     Car         : 0.7678
2025-11-21 05:37:46,951 - INFO -     Truck       : 0.4657
2025-11-21 05:37:46,951 - INFO -     Van         : 0.5299
2025-11-21 05:37:46,951 - INFO -     Bus         : 0.7510
2025-11-21 05:37:46,952 - INFO -     Pedestrian  : 0.4209
2025-11-21 05:37:46,952 - INFO -     Cyclist     : 0.5497
2025-11-21 05:37:46,952 - INFO -     Motorcyclist: 0.4796
2025-11-21 05:37:46,952 - INFO -     Trafficcone : 0.6277
2025-11-21 05:37:47,150 - INFO -   mAP_0.5_0.95 提升到 0.5740 (最佳epoch: 53)
2025-11-21 05:37:47,793 - INFO - 💾 保存最新检查点: logs/moe3_rtdetr_r18_20251121_035928/latest_checkpoint.pth
2025-11-21 05:37:52,064 - INFO - Epoch 54 | Batch 0 | Loss: 5.72 (Det: 5.62, MoE: 2.0011)
2025-11-21 05:38:26,742 - INFO - Epoch 54 | Batch 50 | Loss: 5.73 (Det: 5.63, MoE: 1.9991)
2025-11-21 05:39:35,438 - INFO - Epoch 54:
2025-11-21 05:39:35,439 - INFO -   训练损失: 5.75 | 验证损失: 0.90
2025-11-21 05:39:35,439 - INFO -   预测/目标: 201600/93434
2025-11-21 05:39:35,439 - INFO -   🎉 新的最佳mAP: 0.5747
2025-11-21 05:39:36,029 - INFO - 💾 保存最佳模型: logs/moe3_rtdetr_r18_20251121_035928/best_model.pth
2025-11-21 05:40:29,296 - INFO -   每个类别的 mAP@0.5:0.95:
2025-11-21 05:40:29,297 - INFO -     Car         : 0.7676
2025-11-21 05:40:29,297 - INFO -     Truck       : 0.4656
2025-11-21 05:40:29,297 - INFO -     Van         : 0.5328
2025-11-21 05:40:29,297 - INFO -     Bus         : 0.7478
2025-11-21 05:40:29,297 - INFO -     Pedestrian  : 0.4236
2025-11-21 05:40:29,297 - INFO -     Cyclist     : 0.5520
2025-11-21 05:40:29,297 - INFO -     Motorcyclist: 0.4803
2025-11-21 05:40:29,297 - INFO -     Trafficcone : 0.6278
2025-11-21 05:40:29,475 - INFO -   mAP_0.5_0.95 提升到 0.5747 (最佳epoch: 54)
2025-11-21 05:40:30,082 - INFO - 💾 保存最新检查点: logs/moe3_rtdetr_r18_20251121_035928/latest_checkpoint.pth
2025-11-21 05:40:36,873 - INFO - Epoch 55 | Batch 0 | Loss: 5.81 (Det: 5.71, MoE: 2.0010)
2025-11-21 05:41:10,392 - INFO - Epoch 55 | Batch 50 | Loss: 5.74 (Det: 5.64, MoE: 1.9969)
2025-11-21 05:42:19,708 - INFO - Epoch 55:
2025-11-21 05:42:19,709 - INFO -   训练损失: 5.72 | 验证损失: 0.89
2025-11-21 05:42:19,709 - INFO -   预测/目标: 201600/93434
2025-11-21 05:42:19,709 - INFO -   检测损失: 5.62
2025-11-21 05:42:19,709 - INFO -   MoE负载均衡损失: 2.0001
2025-11-21 05:42:19,709 - INFO -   专家使用率: [33.06%, 33.62%, 33.32%]
2025-11-21 05:42:19,709 - INFO -   🎉 新的最佳mAP: 0.5769
2025-11-21 05:42:20,303 - INFO - 💾 保存最佳模型: logs/moe3_rtdetr_r18_20251121_035928/best_model.pth
2025-11-21 05:43:13,775 - INFO -   每个类别的 mAP@0.5:0.95:
2025-11-21 05:43:13,776 - INFO -     Car         : 0.7679
2025-11-21 05:43:13,776 - INFO -     Truck       : 0.4698
2025-11-21 05:43:13,776 - INFO -     Van         : 0.5356
2025-11-21 05:43:13,776 - INFO -     Bus         : 0.7555
2025-11-21 05:43:13,776 - INFO -     Pedestrian  : 0.4234
2025-11-21 05:43:13,776 - INFO -     Cyclist     : 0.5558
2025-11-21 05:43:13,776 - INFO -     Motorcyclist: 0.4809
2025-11-21 05:43:13,776 - INFO -     Trafficcone : 0.6266
2025-11-21 05:43:13,914 - INFO -   mAP_0.5_0.95 提升到 0.5769 (最佳epoch: 55)
2025-11-21 05:43:14,504 - INFO - 💾 保存最新检查点: logs/moe3_rtdetr_r18_20251121_035928/latest_checkpoint.pth
2025-11-21 05:43:22,102 - INFO - Epoch 56 | Batch 0 | Loss: 5.65 (Det: 5.55, MoE: 2.0006)
2025-11-21 05:43:55,688 - INFO - Epoch 56 | Batch 50 | Loss: 5.70 (Det: 5.60, MoE: 1.9984)
2025-11-21 05:45:04,438 - INFO - Epoch 56:
2025-11-21 05:45:04,439 - INFO -   训练损失: 5.74 | 验证损失: 0.89
2025-11-21 05:45:04,439 - INFO -   预测/目标: 201600/93434
2025-11-21 05:45:04,439 - INFO -   🎉 新的最佳验证损失: 0.89
2025-11-21 05:45:04,439 - INFO -   ⏳ mAP_0.5_0.95 无改善 (1/35), 最佳值: 0.5769 (epoch 55)
2025-11-21 05:45:05,027 - INFO - 💾 保存最新检查点: logs/moe3_rtdetr_r18_20251121_035928/latest_checkpoint.pth
2025-11-21 05:45:10,812 - INFO - Epoch 57 | Batch 0 | Loss: 5.69 (Det: 5.59, MoE: 2.0021)
2025-11-21 05:45:44,962 - INFO - Epoch 57 | Batch 50 | Loss: 5.67 (Det: 5.57, MoE: 1.9980)
2025-11-21 05:46:54,759 - INFO - Epoch 57:
2025-11-21 05:46:54,760 - INFO -   训练损失: 5.70 | 验证损失: 0.89
2025-11-21 05:46:54,760 - INFO -   预测/目标: 201600/93434
2025-11-21 05:46:54,760 - INFO -   🎉 新的最佳mAP: 0.5782
2025-11-21 05:46:55,708 - INFO - 💾 保存最佳模型: logs/moe3_rtdetr_r18_20251121_035928/best_model.pth
2025-11-21 05:47:48,000 - INFO -   每个类别的 mAP@0.5:0.95:
2025-11-21 05:47:48,000 - INFO -     Car         : 0.7680
2025-11-21 05:47:48,000 - INFO -     Truck       : 0.4681
2025-11-21 05:47:48,000 - INFO -     Van         : 0.5418
2025-11-21 05:47:48,000 - INFO -     Bus         : 0.7496
2025-11-21 05:47:48,001 - INFO -     Pedestrian  : 0.4276
2025-11-21 05:47:48,001 - INFO -     Cyclist     : 0.5572
2025-11-21 05:47:48,001 - INFO -     Motorcyclist: 0.4834
2025-11-21 05:47:48,001 - INFO -     Trafficcone : 0.6298
2025-11-21 05:47:48,164 - INFO -   mAP_0.5_0.95 提升到 0.5782 (最佳epoch: 57)
2025-11-21 05:47:48,840 - INFO - 💾 保存最新检查点: logs/moe3_rtdetr_r18_20251121_035928/latest_checkpoint.pth
2025-11-21 05:47:53,113 - INFO - Epoch 58 | Batch 0 | Loss: 5.76 (Det: 5.66, MoE: 1.9984)
2025-11-21 05:48:29,045 - INFO - Epoch 58 | Batch 50 | Loss: 5.50 (Det: 5.40, MoE: 1.9960)
2025-11-21 05:49:39,040 - INFO - Epoch 58:
2025-11-21 05:49:39,041 - INFO -   训练损失: 5.65 | 验证损失: 0.89
2025-11-21 05:49:39,041 - INFO -   预测/目标: 201600/93434
2025-11-21 05:49:39,041 - INFO -   ⏳ mAP_0.5_0.95 无改善 (1/35), 最佳值: 0.5782 (epoch 57)
2025-11-21 05:49:39,696 - INFO - 💾 保存最新检查点: logs/moe3_rtdetr_r18_20251121_035928/latest_checkpoint.pth
2025-11-21 05:49:46,794 - INFO - Epoch 59 | Batch 0 | Loss: 5.70 (Det: 5.60, MoE: 1.9981)
2025-11-21 05:50:20,207 - INFO - Epoch 59 | Batch 50 | Loss: 5.84 (Det: 5.74, MoE: 1.9996)
2025-11-21 05:51:29,032 - INFO - Epoch 59:
2025-11-21 05:51:29,033 - INFO -   训练损失: 5.63 | 验证损失: 0.90
2025-11-21 05:51:29,033 - INFO -   预测/目标: 201600/93434
2025-11-21 05:51:29,033 - INFO -   🎉 新的最佳mAP: 0.5796
2025-11-21 05:51:29,690 - INFO - 💾 保存最佳模型: logs/moe3_rtdetr_r18_20251121_035928/best_model.pth
2025-11-21 05:52:22,766 - INFO -   每个类别的 mAP@0.5:0.95:
2025-11-21 05:52:22,767 - INFO -     Car         : 0.7677
2025-11-21 05:52:22,767 - INFO -     Truck       : 0.4754
2025-11-21 05:52:22,767 - INFO -     Van         : 0.5408
2025-11-21 05:52:22,767 - INFO -     Bus         : 0.7545
2025-11-21 05:52:22,767 - INFO -     Pedestrian  : 0.4280
2025-11-21 05:52:22,767 - INFO -     Cyclist     : 0.5629
2025-11-21 05:52:22,767 - INFO -     Motorcyclist: 0.4807
2025-11-21 05:52:22,767 - INFO -     Trafficcone : 0.6271
2025-11-21 05:52:22,908 - INFO -   mAP_0.5_0.95 提升到 0.5796 (最佳epoch: 59)
2025-11-21 05:52:23,507 - INFO - 💾 保存最新检查点: logs/moe3_rtdetr_r18_20251121_035928/latest_checkpoint.pth
2025-11-21 05:52:29,391 - INFO - Epoch 60 | Batch 0 | Loss: 5.74 (Det: 5.64, MoE: 2.0049)
2025-11-21 05:53:04,034 - INFO - Epoch 60 | Batch 50 | Loss: 5.69 (Det: 5.59, MoE: 2.0030)
2025-11-21 05:54:13,891 - INFO - Epoch 60:
2025-11-21 05:54:13,892 - INFO -   训练损失: 5.61 | 验证损失: 0.90
2025-11-21 05:54:13,892 - INFO -   预测/目标: 201600/93434
2025-11-21 05:54:13,892 - INFO -   检测损失: 5.51
2025-11-21 05:54:13,892 - INFO -   MoE负载均衡损失: 2.0006
2025-11-21 05:54:13,892 - INFO -   专家使用率: [33.05%, 33.64%, 33.32%]
2025-11-21 05:54:13,892 - INFO -   ⏳ mAP_0.5_0.95 无改善 (1/35), 最佳值: 0.5796 (epoch 59)
2025-11-21 05:54:14,556 - INFO - 💾 保存最新检查点: logs/moe3_rtdetr_r18_20251121_035928/latest_checkpoint.pth
2025-11-21 05:54:20,005 - INFO - Epoch 61 | Batch 0 | Loss: 5.49 (Det: 5.39, MoE: 1.9974)
2025-11-21 05:54:54,016 - INFO - Epoch 61 | Batch 50 | Loss: 5.57 (Det: 5.47, MoE: 2.0011)
2025-11-21 05:56:04,460 - INFO - Epoch 61:
2025-11-21 05:56:04,464 - INFO -   训练损失: 5.61 | 验证损失: 0.89
2025-11-21 05:56:04,464 - INFO -   预测/目标: 201600/93434
2025-11-21 05:56:04,464 - INFO -   🎉 新的最佳mAP: 0.5797
2025-11-21 05:56:05,128 - INFO - 💾 保存最佳模型: logs/moe3_rtdetr_r18_20251121_035928/best_model.pth
2025-11-21 05:56:58,675 - INFO -   每个类别的 mAP@0.5:0.95:
2025-11-21 05:56:58,675 - INFO -     Car         : 0.7692
2025-11-21 05:56:58,675 - INFO -     Truck       : 0.4756
2025-11-21 05:56:58,675 - INFO -     Van         : 0.5378
2025-11-21 05:56:58,675 - INFO -     Bus         : 0.7505
2025-11-21 05:56:58,675 - INFO -     Pedestrian  : 0.4307
2025-11-21 05:56:58,675 - INFO -     Cyclist     : 0.5632
2025-11-21 05:56:58,675 - INFO -     Motorcyclist: 0.4832
2025-11-21 05:56:58,675 - INFO -     Trafficcone : 0.6275
2025-11-21 05:56:58,815 - INFO -   ⏳ mAP_0.5_0.95 无改善 (2/35), 最佳值: 0.5796 (epoch 59)
2025-11-21 05:56:59,481 - INFO - 💾 保存最新检查点: logs/moe3_rtdetr_r18_20251121_035928/latest_checkpoint.pth
2025-11-21 05:57:04,333 - INFO - Epoch 62 | Batch 0 | Loss: 5.47 (Det: 5.37, MoE: 2.0007)
2025-11-21 05:57:39,570 - INFO - Epoch 62 | Batch 50 | Loss: 5.68 (Det: 5.58, MoE: 1.9997)
2025-11-21 05:58:49,199 - INFO - Epoch 62:
2025-11-21 05:58:49,201 - INFO -   训练损失: 5.58 | 验证损失: 0.90
2025-11-21 05:58:49,201 - INFO -   预测/目标: 201600/93434
2025-11-21 05:58:49,201 - INFO -   ⏳ mAP_0.5_0.95 无改善 (3/35), 最佳值: 0.5796 (epoch 59)
2025-11-21 05:58:49,788 - INFO - 💾 保存最新检查点: logs/moe3_rtdetr_r18_20251121_035928/latest_checkpoint.pth
2025-11-21 05:58:55,777 - INFO - Epoch 63 | Batch 0 | Loss: 5.64 (Det: 5.54, MoE: 1.9969)
2025-11-21 05:59:29,882 - INFO - Epoch 63 | Batch 50 | Loss: 5.54 (Det: 5.44, MoE: 1.9991)
2025-11-21 06:00:40,415 - INFO - Epoch 63:
2025-11-21 06:00:40,417 - INFO -   训练损失: 5.54 | 验证损失: 0.89
2025-11-21 06:00:40,417 - INFO -   预测/目标: 201600/93434
2025-11-21 06:00:40,417 - INFO -   ⏳ mAP_0.5_0.95 无改善 (4/35), 最佳值: 0.5796 (epoch 59)
2025-11-21 06:00:40,946 - INFO - 💾 保存最新检查点: logs/moe3_rtdetr_r18_20251121_035928/latest_checkpoint.pth
2025-11-21 06:00:48,554 - INFO - Epoch 64 | Batch 0 | Loss: 5.42 (Det: 5.32, MoE: 1.9978)
2025-11-21 06:01:21,980 - INFO - Epoch 64 | Batch 50 | Loss: 5.58 (Det: 5.48, MoE: 1.9976)
2025-11-21 06:02:32,567 - INFO - Epoch 64:
2025-11-21 06:02:32,568 - INFO -   训练损失: 5.53 | 验证损失: 0.90
2025-11-21 06:02:32,568 - INFO -   预测/目标: 201600/93434
2025-11-21 06:02:32,568 - INFO -   ⏳ mAP_0.5_0.95 无改善 (5/35), 最佳值: 0.5796 (epoch 59)
2025-11-21 06:02:33,145 - INFO - 💾 保存最新检查点: logs/moe3_rtdetr_r18_20251121_035928/latest_checkpoint.pth
2025-11-21 06:02:40,044 - INFO - Epoch 65 | Batch 0 | Loss: 5.64 (Det: 5.54, MoE: 1.9994)
2025-11-21 06:03:13,670 - INFO - Epoch 65 | Batch 50 | Loss: 5.64 (Det: 5.54, MoE: 1.9981)
2025-11-21 06:04:23,097 - INFO - Epoch 65:
2025-11-21 06:04:23,099 - INFO -   训练损失: 5.54 | 验证损失: 0.89
2025-11-21 06:04:23,099 - INFO -   预测/目标: 201600/93434
2025-11-21 06:04:23,099 - INFO -   检测损失: 5.44
2025-11-21 06:04:23,099 - INFO -   MoE负载均衡损失: 1.9999
2025-11-21 06:04:23,099 - INFO -   专家使用率: [33.20%, 33.36%, 33.44%]
2025-11-21 06:04:23,099 - INFO -   ⏳ mAP_0.5_0.95 无改善 (6/35), 最佳值: 0.5796 (epoch 59)
2025-11-21 06:04:23,729 - INFO - 💾 保存最新检查点: logs/moe3_rtdetr_r18_20251121_035928/latest_checkpoint.pth
2025-11-21 06:04:28,846 - INFO - Epoch 66 | Batch 0 | Loss: 5.45 (Det: 5.35, MoE: 1.9966)
2025-11-21 06:05:03,380 - INFO - Epoch 66 | Batch 50 | Loss: 5.50 (Det: 5.40, MoE: 2.0004)
2025-11-21 06:06:13,796 - INFO - Epoch 66:
2025-11-21 06:06:13,797 - INFO -   训练损失: 5.50 | 验证损失: 0.90
2025-11-21 06:06:13,797 - INFO -   预测/目标: 201600/93434
2025-11-21 06:06:13,797 - INFO -   🎉 新的最佳mAP: 0.5801
2025-11-21 06:06:14,419 - INFO - 💾 保存最佳模型: logs/moe3_rtdetr_r18_20251121_035928/best_model.pth
2025-11-21 06:07:08,520 - INFO -   每个类别的 mAP@0.5:0.95:
2025-11-21 06:07:08,520 - INFO -     Car         : 0.7677
2025-11-21 06:07:08,520 - INFO -     Truck       : 0.4824
2025-11-21 06:07:08,520 - INFO -     Van         : 0.5360
2025-11-21 06:07:08,520 - INFO -     Bus         : 0.7522
2025-11-21 06:07:08,520 - INFO -     Pedestrian  : 0.4314
2025-11-21 06:07:08,520 - INFO -     Cyclist     : 0.5655
2025-11-21 06:07:08,520 - INFO -     Motorcyclist: 0.4796
2025-11-21 06:07:08,520 - INFO -     Trafficcone : 0.6257
2025-11-21 06:07:08,702 - INFO -   mAP_0.5_0.95 提升到 0.5801 (最佳epoch: 66)
2025-11-21 06:07:09,305 - INFO - 💾 保存最新检查点: logs/moe3_rtdetr_r18_20251121_035928/latest_checkpoint.pth
2025-11-21 06:07:16,456 - INFO - Epoch 67 | Batch 0 | Loss: 5.49 (Det: 5.39, MoE: 2.0004)
2025-11-21 06:07:49,523 - INFO - Epoch 67 | Batch 50 | Loss: 5.54 (Det: 5.44, MoE: 2.0007)
2025-11-21 06:08:58,370 - INFO - Epoch 67:
2025-11-21 06:08:58,371 - INFO -   训练损失: 5.48 | 验证损失: 0.90
2025-11-21 06:08:58,371 - INFO -   预测/目标: 201600/93434
2025-11-21 06:08:58,371 - INFO -   ⏳ mAP_0.5_0.95 无改善 (1/35), 最佳值: 0.5801 (epoch 66)
2025-11-21 06:08:59,031 - INFO - 💾 保存最新检查点: logs/moe3_rtdetr_r18_20251121_035928/latest_checkpoint.pth
2025-11-21 06:09:06,390 - INFO - Epoch 68 | Batch 0 | Loss: 5.56 (Det: 5.46, MoE: 1.9986)
2025-11-21 06:09:39,574 - INFO - Epoch 68 | Batch 50 | Loss: 5.55 (Det: 5.45, MoE: 1.9997)
2025-11-21 06:10:50,262 - INFO - Epoch 68:
2025-11-21 06:10:50,263 - INFO -   训练损失: 5.45 | 验证损失: 0.90
2025-11-21 06:10:50,264 - INFO -   预测/目标: 201600/93434
2025-11-21 06:10:50,264 - INFO -   ⏳ mAP_0.5_0.95 无改善 (2/35), 最佳值: 0.5801 (epoch 66)
2025-11-21 06:10:50,875 - INFO - 💾 保存最新检查点: logs/moe3_rtdetr_r18_20251121_035928/latest_checkpoint.pth
2025-11-21 06:10:58,682 - INFO - Epoch 69 | Batch 0 | Loss: 5.50 (Det: 5.40, MoE: 1.9987)
2025-11-21 06:11:31,435 - INFO - Epoch 69 | Batch 50 | Loss: 5.38 (Det: 5.28, MoE: 2.0007)
2025-11-21 06:12:41,283 - INFO - Epoch 69:
2025-11-21 06:12:41,284 - INFO -   训练损失: 5.44 | 验证损失: 0.90
2025-11-21 06:12:41,284 - INFO -   预测/目标: 201600/93434
2025-11-21 06:12:41,284 - INFO -   ⏳ mAP_0.5_0.95 无改善 (3/35), 最佳值: 0.5801 (epoch 66)
2025-11-21 06:12:41,882 - INFO - 💾 保存最新检查点: logs/moe3_rtdetr_r18_20251121_035928/latest_checkpoint.pth
2025-11-21 06:12:47,143 - INFO - Epoch 70 | Batch 0 | Loss: 5.38 (Det: 5.28, MoE: 1.9975)
2025-11-21 06:13:21,821 - INFO - Epoch 70 | Batch 50 | Loss: 5.40 (Det: 5.31, MoE: 1.9960)
2025-11-21 06:14:31,516 - INFO - Epoch 70:
2025-11-21 06:14:31,517 - INFO -   训练损失: 5.44 | 验证损失: 0.90
2025-11-21 06:14:31,517 - INFO -   预测/目标: 201600/93434
2025-11-21 06:14:31,518 - INFO -   检测损失: 5.34
2025-11-21 06:14:31,518 - INFO -   MoE负载均衡损失: 1.9994
2025-11-21 06:14:31,518 - INFO -   专家使用率: [33.02%, 33.57%, 33.41%]
2025-11-21 06:14:31,518 - INFO -   ⏳ mAP_0.5_0.95 无改善 (4/35), 最佳值: 0.5801 (epoch 66)
2025-11-21 06:14:32,143 - INFO - 💾 保存最新检查点: logs/moe3_rtdetr_r18_20251121_035928/latest_checkpoint.pth
2025-11-21 06:14:38,877 - INFO - Epoch 71 | Batch 0 | Loss: 5.49 (Det: 5.39, MoE: 1.9974)
2025-11-21 06:15:12,085 - INFO - Epoch 71 | Batch 50 | Loss: 5.43 (Det: 5.33, MoE: 2.0012)
2025-11-21 06:16:21,873 - INFO - Epoch 71:
2025-11-21 06:16:21,874 - INFO -   训练损失: 5.40 | 验证损失: 0.90
2025-11-21 06:16:21,874 - INFO -   预测/目标: 201600/93434
2025-11-21 06:16:21,874 - INFO -   ⏳ mAP_0.5_0.95 无改善 (5/35), 最佳值: 0.5801 (epoch 66)
2025-11-21 06:16:22,482 - INFO - 💾 保存最新检查点: logs/moe3_rtdetr_r18_20251121_035928/latest_checkpoint.pth
2025-11-21 06:16:26,848 - INFO - Epoch 72 | Batch 0 | Loss: 5.56 (Det: 5.46, MoE: 1.9954)
2025-11-21 06:17:02,429 - INFO - Epoch 72 | Batch 50 | Loss: 5.33 (Det: 5.23, MoE: 1.9972)
2025-11-21 06:18:12,835 - INFO - Epoch 72:
2025-11-21 06:18:12,836 - INFO -   训练损失: 5.37 | 验证损失: 0.90
2025-11-21 06:18:12,837 - INFO -   预测/目标: 201600/93434
2025-11-21 06:18:12,837 - INFO -   ⏳ mAP_0.5_0.95 无改善 (6/35), 最佳值: 0.5801 (epoch 66)
2025-11-21 06:18:13,399 - INFO - 💾 保存最新检查点: logs/moe3_rtdetr_r18_20251121_035928/latest_checkpoint.pth
2025-11-21 06:18:19,632 - INFO - Epoch 73 | Batch 0 | Loss: 5.23 (Det: 5.13, MoE: 1.9954)
2025-11-21 06:18:53,948 - INFO - Epoch 73 | Batch 50 | Loss: 5.25 (Det: 5.15, MoE: 1.9973)
2025-11-21 06:20:03,720 - INFO - Epoch 73:
2025-11-21 06:20:03,721 - INFO -   训练损失: 5.35 | 验证损失: 0.90
2025-11-21 06:20:03,721 - INFO -   预测/目标: 201600/93434
2025-11-21 06:20:03,721 - INFO -   ⏳ mAP_0.5_0.95 无改善 (7/35), 最佳值: 0.5801 (epoch 66)
2025-11-21 06:20:04,301 - INFO - 💾 保存最新检查点: logs/moe3_rtdetr_r18_20251121_035928/latest_checkpoint.pth
2025-11-21 06:20:12,470 - INFO - Epoch 74 | Batch 0 | Loss: 5.41 (Det: 5.30, MoE: 2.0041)
2025-11-21 06:20:45,844 - INFO - Epoch 74 | Batch 50 | Loss: 5.28 (Det: 5.18, MoE: 1.9935)
2025-11-21 06:21:55,626 - INFO - Epoch 74:
2025-11-21 06:21:55,627 - INFO -   训练损失: 5.34 | 验证损失: 0.90
2025-11-21 06:21:55,627 - INFO -   预测/目标: 201600/93434
2025-11-21 06:21:55,627 - INFO -   ⏳ mAP_0.5_0.95 无改善 (8/35), 最佳值: 0.5801 (epoch 66)
2025-11-21 06:21:56,198 - INFO - 💾 保存最新检查点: logs/moe3_rtdetr_r18_20251121_035928/latest_checkpoint.pth
2025-11-21 06:22:02,307 - INFO - Epoch 75 | Batch 0 | Loss: 5.38 (Det: 5.28, MoE: 1.9993)
2025-11-21 06:22:36,215 - INFO - Epoch 75 | Batch 50 | Loss: 5.38 (Det: 5.28, MoE: 1.9969)
2025-11-21 06:23:44,473 - INFO - Epoch 75:
2025-11-21 06:23:44,474 - INFO -   训练损失: 5.32 | 验证损失: 0.90
2025-11-21 06:23:44,475 - INFO -   预测/目标: 201600/93434
2025-11-21 06:23:44,475 - INFO -   检测损失: 5.22
2025-11-21 06:23:44,475 - INFO -   MoE负载均衡损失: 1.9985
2025-11-21 06:23:44,475 - INFO -   专家使用率: [32.95%, 33.72%, 33.33%]
2025-11-21 06:23:44,475 - INFO -   ⏳ mAP_0.5_0.95 无改善 (9/35), 最佳值: 0.5801 (epoch 66)
2025-11-21 06:23:45,120 - INFO - 💾 保存最新检查点: logs/moe3_rtdetr_r18_20251121_035928/latest_checkpoint.pth
2025-11-21 06:23:52,802 - INFO - Epoch 76 | Batch 0 | Loss: 5.15 (Det: 5.05, MoE: 1.9993)
2025-11-21 06:24:24,895 - INFO - Epoch 76 | Batch 50 | Loss: 5.23 (Det: 5.13, MoE: 1.9993)
2025-11-21 06:25:34,851 - INFO - Epoch 76:
2025-11-21 06:25:34,852 - INFO -   训练损失: 5.28 | 验证损失: 0.91
2025-11-21 06:25:34,852 - INFO -   预测/目标: 201600/93434
2025-11-21 06:25:34,852 - INFO -   ⏳ mAP_0.5_0.95 无改善 (10/35), 最佳值: 0.5801 (epoch 66)
2025-11-21 06:25:35,466 - INFO - 💾 保存最新检查点: logs/moe3_rtdetr_r18_20251121_035928/latest_checkpoint.pth
2025-11-21 06:25:43,759 - INFO - Epoch 77 | Batch 0 | Loss: 5.21 (Det: 5.11, MoE: 1.9975)
2025-11-21 06:26:16,348 - INFO - Epoch 77 | Batch 50 | Loss: 5.36 (Det: 5.26, MoE: 1.9975)
2025-11-21 06:27:25,525 - INFO - Epoch 77:
2025-11-21 06:27:25,526 - INFO -   训练损失: 5.27 | 验证损失: 0.90
2025-11-21 06:27:25,526 - INFO -   预测/目标: 201600/93434
2025-11-21 06:27:25,526 - INFO -   ⏳ mAP_0.5_0.95 无改善 (11/35), 最佳值: 0.5801 (epoch 66)
2025-11-21 06:27:26,106 - INFO - 💾 保存最新检查点: logs/moe3_rtdetr_r18_20251121_035928/latest_checkpoint.pth
2025-11-21 06:27:32,006 - INFO - Epoch 78 | Batch 0 | Loss: 5.16 (Det: 5.06, MoE: 1.9978)
2025-11-21 06:28:04,978 - INFO - Epoch 78 | Batch 50 | Loss: 5.27 (Det: 5.17, MoE: 1.9967)
2025-11-21 06:29:15,058 - INFO - Epoch 78:
2025-11-21 06:29:15,059 - INFO -   训练损失: 5.27 | 验证损失: 0.91
2025-11-21 06:29:15,059 - INFO -   预测/目标: 201600/93434
2025-11-21 06:29:15,059 - INFO -   ⏳ mAP_0.5_0.95 无改善 (12/35), 最佳值: 0.5801 (epoch 66)
2025-11-21 06:29:15,660 - INFO - 💾 保存最新检查点: logs/moe3_rtdetr_r18_20251121_035928/latest_checkpoint.pth
2025-11-21 06:29:22,611 - INFO - Epoch 79 | Batch 0 | Loss: 5.31 (Det: 5.21, MoE: 2.0019)
2025-11-21 06:29:55,151 - INFO - Epoch 79 | Batch 50 | Loss: 5.41 (Det: 5.31, MoE: 1.9995)
2025-11-21 06:31:04,948 - INFO - Epoch 79:
2025-11-21 06:31:04,949 - INFO -   训练损失: 5.24 | 验证损失: 0.91
2025-11-21 06:31:04,949 - INFO -   预测/目标: 201600/93434
2025-11-21 06:31:04,949 - INFO -   ⏳ mAP_0.5_0.95 无改善 (13/35), 最佳值: 0.5801 (epoch 66)
2025-11-21 06:31:05,554 - INFO - 💾 保存最新检查点: logs/moe3_rtdetr_r18_20251121_035928/latest_checkpoint.pth
2025-11-21 06:31:09,797 - INFO - Epoch 80 | Batch 0 | Loss: 5.28 (Det: 5.18, MoE: 1.9971)
2025-11-21 06:31:44,008 - INFO - Epoch 80 | Batch 50 | Loss: 5.26 (Det: 5.16, MoE: 1.9993)
2025-11-21 06:32:53,706 - INFO - Epoch 80:
2025-11-21 06:32:53,707 - INFO -   训练损失: 5.22 | 验证损失: 0.91
2025-11-21 06:32:53,707 - INFO -   预测/目标: 201600/93434
2025-11-21 06:32:53,707 - INFO -   检测损失: 5.12
2025-11-21 06:32:53,707 - INFO -   MoE负载均衡损失: 1.9981
2025-11-21 06:32:53,707 - INFO -   专家使用率: [32.92%, 33.60%, 33.47%]
2025-11-21 06:32:53,707 - INFO -   ⏳ mAP_0.5_0.95 无改善 (14/35), 最佳值: 0.5801 (epoch 66)
2025-11-21 06:32:54,312 - INFO - 💾 保存最新检查点: logs/moe3_rtdetr_r18_20251121_035928/latest_checkpoint.pth
2025-11-21 06:33:00,669 - INFO - Epoch 81 | Batch 0 | Loss: 5.30 (Det: 5.20, MoE: 1.9970)
2025-11-21 06:33:33,309 - INFO - Epoch 81 | Batch 50 | Loss: 5.28 (Det: 5.18, MoE: 2.0012)
2025-11-21 06:34:44,304 - INFO - Epoch 81:
2025-11-21 06:34:44,305 - INFO -   训练损失: 5.22 | 验证损失: 0.91
2025-11-21 06:34:44,306 - INFO -   预测/目标: 201600/93434
2025-11-21 06:34:44,306 - INFO -   ⏳ mAP_0.5_0.95 无改善 (15/35), 最佳值: 0.5801 (epoch 66)
2025-11-21 06:34:44,903 - INFO - 💾 保存最新检查点: logs/moe3_rtdetr_r18_20251121_035928/latest_checkpoint.pth
2025-11-21 06:34:52,323 - INFO - Epoch 82 | Batch 0 | Loss: 5.22 (Det: 5.12, MoE: 1.9999)
2025-11-21 06:35:24,810 - INFO - Epoch 82 | Batch 50 | Loss: 5.24 (Det: 5.14, MoE: 2.0007)
2025-11-21 06:36:36,094 - INFO - Epoch 82:
2025-11-21 06:36:36,095 - INFO -   训练损失: 5.19 | 验证损失: 0.91
2025-11-21 06:36:36,095 - INFO -   预测/目标: 201600/93434
2025-11-21 06:36:36,096 - INFO -   ⏳ mAP_0.5_0.95 无改善 (16/35), 最佳值: 0.5801 (epoch 66)
2025-11-21 06:36:36,633 - INFO - 💾 保存最新检查点: logs/moe3_rtdetr_r18_20251121_035928/latest_checkpoint.pth
2025-11-21 06:36:41,752 - INFO - Epoch 83 | Batch 0 | Loss: 5.15 (Det: 5.05, MoE: 1.9970)
2025-11-21 06:37:15,804 - INFO - Epoch 83 | Batch 50 | Loss: 5.22 (Det: 5.12, MoE: 1.9999)
2025-11-21 06:38:28,031 - INFO - Epoch 83:
2025-11-21 06:38:28,032 - INFO -   训练损失: 5.19 | 验证损失: 0.91
2025-11-21 06:38:28,032 - INFO -   预测/目标: 201600/93434
2025-11-21 06:38:28,032 - INFO -   ⏳ mAP_0.5_0.95 无改善 (17/35), 最佳值: 0.5801 (epoch 66)
2025-11-21 06:38:28,609 - INFO - 💾 保存最新检查点: logs/moe3_rtdetr_r18_20251121_035928/latest_checkpoint.pth
2025-11-21 06:38:36,097 - INFO - Epoch 84 | Batch 0 | Loss: 5.28 (Det: 5.18, MoE: 2.0008)
2025-11-21 06:39:09,602 - INFO - Epoch 84 | Batch 50 | Loss: 5.14 (Det: 5.04, MoE: 1.9970)
2025-11-21 06:40:19,189 - INFO - Epoch 84:
2025-11-21 06:40:19,190 - INFO -   训练损失: 5.18 | 验证损失: 0.91
2025-11-21 06:40:19,190 - INFO -   预测/目标: 201600/93434
2025-11-21 06:40:19,190 - INFO -   ⏳ mAP_0.5_0.95 无改善 (18/35), 最佳值: 0.5801 (epoch 66)
2025-11-21 06:40:19,800 - INFO - 💾 保存最新检查点: logs/moe3_rtdetr_r18_20251121_035928/latest_checkpoint.pth
2025-11-21 06:40:24,768 - INFO - Epoch 85 | Batch 0 | Loss: 5.18 (Det: 5.08, MoE: 1.9947)
2025-11-21 06:40:58,513 - INFO - Epoch 85 | Batch 50 | Loss: 5.04 (Det: 4.94, MoE: 1.9953)
2025-11-21 06:42:09,959 - INFO - Epoch 85:
2025-11-21 06:42:09,959 - INFO -   训练损失: 5.15 | 验证损失: 0.91
2025-11-21 06:42:09,960 - INFO -   预测/目标: 201600/93434
2025-11-21 06:42:09,960 - INFO -   检测损失: 5.05
2025-11-21 06:42:09,960 - INFO -   MoE负载均衡损失: 1.9976
2025-11-21 06:42:09,960 - INFO -   专家使用率: [32.92%, 33.54%, 33.54%]
2025-11-21 06:42:09,960 - INFO -   ⏳ mAP_0.5_0.95 无改善 (19/35), 最佳值: 0.5801 (epoch 66)
2025-11-21 06:42:10,554 - INFO - 💾 保存最新检查点: logs/moe3_rtdetr_r18_20251121_035928/latest_checkpoint.pth
2025-11-21 06:42:17,562 - INFO - Epoch 86 | Batch 0 | Loss: 5.16 (Det: 5.06, MoE: 2.0026)
2025-11-21 06:42:50,679 - INFO - Epoch 86 | Batch 50 | Loss: 5.06 (Det: 4.96, MoE: 1.9959)
2025-11-21 06:44:00,814 - INFO - Epoch 86:
2025-11-21 06:44:00,816 - INFO -   训练损失: 5.12 | 验证损失: 0.92
2025-11-21 06:44:00,816 - INFO -   预测/目标: 201600/93434
2025-11-21 06:44:00,816 - INFO -   ⏳ mAP_0.5_0.95 无改善 (20/35), 最佳值: 0.5801 (epoch 66)
2025-11-21 06:44:01,397 - INFO - 💾 保存最新检查点: logs/moe3_rtdetr_r18_20251121_035928/latest_checkpoint.pth
2025-11-21 06:44:08,698 - INFO - Epoch 87 | Batch 0 | Loss: 5.03 (Det: 4.93, MoE: 1.9976)
2025-11-21 06:44:41,731 - INFO - Epoch 87 | Batch 50 | Loss: 5.03 (Det: 4.93, MoE: 2.0009)
2025-11-21 06:45:53,216 - INFO - Epoch 87:
2025-11-21 06:45:53,218 - INFO -   训练损失: 5.12 | 验证损失: 0.92
2025-11-21 06:45:53,218 - INFO -   预测/目标: 201600/93434
2025-11-21 06:45:53,218 - INFO -   ⏳ mAP_0.5_0.95 无改善 (21/35), 最佳值: 0.5801 (epoch 66)
2025-11-21 06:45:53,828 - INFO - 💾 保存最新检查点: logs/moe3_rtdetr_r18_20251121_035928/latest_checkpoint.pth
2025-11-21 06:45:59,928 - INFO - Epoch 88 | Batch 0 | Loss: 5.06 (Det: 4.96, MoE: 1.9975)
2025-11-21 06:46:33,079 - INFO - Epoch 88 | Batch 50 | Loss: 5.06 (Det: 4.96, MoE: 1.9948)
2025-11-21 06:47:43,469 - INFO - Epoch 88:
2025-11-21 06:47:43,470 - INFO -   训练损失: 5.09 | 验证损失: 0.92
2025-11-21 06:47:43,471 - INFO -   预测/目标: 201600/93434
2025-11-21 06:47:43,471 - INFO -   ⏳ mAP_0.5_0.95 无改善 (22/35), 最佳值: 0.5801 (epoch 66)
2025-11-21 06:47:44,034 - INFO - 💾 保存最新检查点: logs/moe3_rtdetr_r18_20251121_035928/latest_checkpoint.pth
2025-11-21 06:47:50,910 - INFO - Epoch 89 | Batch 0 | Loss: 5.05 (Det: 4.95, MoE: 1.9972)
2025-11-21 06:48:24,133 - INFO - Epoch 89 | Batch 50 | Loss: 5.09 (Det: 4.99, MoE: 2.0010)
2025-11-21 06:49:34,474 - INFO - Epoch 89:
2025-11-21 06:49:34,475 - INFO -   训练损失: 5.07 | 验证损失: 0.92
2025-11-21 06:49:34,476 - INFO -   预测/目标: 201600/93434
2025-11-21 06:49:34,476 - INFO -   ⏳ mAP_0.5_0.95 无改善 (23/35), 最佳值: 0.5801 (epoch 66)
2025-11-21 06:49:35,087 - INFO - 💾 保存最新检查点: logs/moe3_rtdetr_r18_20251121_035928/latest_checkpoint.pth
2025-11-21 06:49:39,234 - INFO - Epoch 90 | Batch 0 | Loss: 5.06 (Det: 4.96, MoE: 1.9956)
2025-11-21 06:50:14,613 - INFO - Epoch 90 | Batch 50 | Loss: 5.14 (Det: 5.04, MoE: 1.9989)
2025-11-21 06:51:24,378 - INFO - Epoch 90:
2025-11-21 06:51:24,379 - INFO -   训练损失: 5.07 | 验证损失: 0.92
2025-11-21 06:51:24,379 - INFO -   预测/目标: 201600/93434
2025-11-21 06:51:24,379 - INFO -   检测损失: 4.97
2025-11-21 06:51:24,379 - INFO -   MoE负载均衡损失: 1.9983
2025-11-21 06:51:24,379 - INFO -   专家使用率: [33.05%, 33.53%, 33.42%]
2025-11-21 06:51:24,379 - INFO -   ⏳ mAP_0.5_0.95 无改善 (24/35), 最佳值: 0.5801 (epoch 66)
2025-11-21 06:51:24,958 - INFO - 💾 保存最新检查点: logs/moe3_rtdetr_r18_20251121_035928/latest_checkpoint.pth
2025-11-21 06:51:30,608 - INFO - Epoch 91 | Batch 0 | Loss: 5.04 (Det: 4.94, MoE: 1.9989)
2025-11-21 06:52:04,238 - INFO - Epoch 91 | Batch 50 | Loss: 5.11 (Det: 5.01, MoE: 2.0007)
2025-11-21 06:53:15,173 - INFO - Epoch 91:
2025-11-21 06:53:15,174 - INFO -   训练损失: 5.05 | 验证损失: 0.92
2025-11-21 06:53:15,174 - INFO -   预测/目标: 201600/93434
2025-11-21 06:53:15,174 - INFO -   ⏳ mAP_0.5_0.95 无改善 (25/35), 最佳值: 0.5801 (epoch 66)
2025-11-21 06:53:15,782 - INFO - 💾 保存最新检查点: logs/moe3_rtdetr_r18_20251121_035928/latest_checkpoint.pth
2025-11-21 06:53:22,774 - INFO - Epoch 92 | Batch 0 | Loss: 4.83 (Det: 4.73, MoE: 2.0013)
2025-11-21 06:53:55,632 - INFO - Epoch 92 | Batch 50 | Loss: 4.99 (Det: 4.89, MoE: 1.9985)
2025-11-21 06:55:05,922 - INFO - Epoch 92:
2025-11-21 06:55:05,924 - INFO -   训练损失: 5.03 | 验证损失: 0.93
2025-11-21 06:55:05,924 - INFO -   预测/目标: 201600/93434
2025-11-21 06:55:05,924 - INFO -   ⏳ mAP_0.5_0.95 无改善 (26/35), 最佳值: 0.5801 (epoch 66)
2025-11-21 06:55:06,566 - INFO - 💾 保存最新检查点: logs/moe3_rtdetr_r18_20251121_035928/latest_checkpoint.pth
2025-11-21 06:55:11,889 - INFO - Epoch 93 | Batch 0 | Loss: 5.13 (Det: 5.03, MoE: 2.0006)
2025-11-21 06:55:46,408 - INFO - Epoch 93 | Batch 50 | Loss: 5.12 (Det: 5.02, MoE: 1.9976)
2025-11-21 06:56:55,950 - INFO - Epoch 93:
2025-11-21 06:56:55,951 - INFO -   训练损失: 5.04 | 验证损失: 0.93
2025-11-21 06:56:55,951 - INFO -   预测/目标: 201600/93434
2025-11-21 06:56:55,952 - INFO -   ⏳ mAP_0.5_0.95 无改善 (27/35), 最佳值: 0.5801 (epoch 66)
2025-11-21 06:56:56,572 - INFO - 💾 保存最新检查点: logs/moe3_rtdetr_r18_20251121_035928/latest_checkpoint.pth
2025-11-21 06:57:04,401 - INFO - Epoch 94 | Batch 0 | Loss: 5.06 (Det: 4.96, MoE: 1.9969)
2025-11-21 06:57:37,258 - INFO - Epoch 94 | Batch 50 | Loss: 5.10 (Det: 5.00, MoE: 1.9983)
2025-11-21 06:58:47,771 - INFO - Epoch 94:
2025-11-21 06:58:47,772 - INFO -   训练损失: 5.04 | 验证损失: 0.93
2025-11-21 06:58:47,772 - INFO -   预测/目标: 201600/93434
2025-11-21 06:58:47,772 - INFO -   ⏳ mAP_0.5_0.95 无改善 (28/35), 最佳值: 0.5801 (epoch 66)
2025-11-21 06:58:48,377 - INFO - 💾 保存最新检查点: logs/moe3_rtdetr_r18_20251121_035928/latest_checkpoint.pth
2025-11-21 06:58:53,253 - INFO - Epoch 95 | Batch 0 | Loss: 4.94 (Det: 4.84, MoE: 2.0003)
2025-11-21 06:59:27,733 - INFO - Epoch 95 | Batch 50 | Loss: 5.27 (Det: 5.17, MoE: 1.9981)
2025-11-21 07:00:38,721 - INFO - Epoch 95:
2025-11-21 07:00:38,722 - INFO -   训练损失: 5.03 | 验证损失: 0.93
2025-11-21 07:00:38,722 - INFO -   预测/目标: 201600/93434
2025-11-21 07:00:38,722 - INFO -   检测损失: 4.93
2025-11-21 07:00:38,722 - INFO -   MoE负载均衡损失: 1.9986
2025-11-21 07:00:38,722 - INFO -   专家使用率: [33.16%, 33.55%, 33.29%]
2025-11-21 07:00:38,723 - INFO -   ⏳ mAP_0.5_0.95 无改善 (29/35), 最佳值: 0.5801 (epoch 66)
2025-11-21 07:00:39,323 - INFO - 💾 保存最新检查点: logs/moe3_rtdetr_r18_20251121_035928/latest_checkpoint.pth
2025-11-21 07:00:45,984 - INFO - Epoch 96 | Batch 0 | Loss: 5.13 (Det: 5.03, MoE: 1.9953)
2025-11-21 07:01:18,944 - INFO - Epoch 96 | Batch 50 | Loss: 4.99 (Det: 4.89, MoE: 2.0005)
2025-11-21 07:02:28,260 - INFO - Epoch 96:
2025-11-21 07:02:28,261 - INFO -   训练损失: 5.00 | 验证损失: 0.93
2025-11-21 07:02:28,261 - INFO -   预测/目标: 201600/93434
2025-11-21 07:02:28,261 - INFO -   ⏳ mAP_0.5_0.95 无改善 (30/35), 最佳值: 0.5801 (epoch 66)
2025-11-21 07:02:28,908 - INFO - 💾 保存最新检查点: logs/moe3_rtdetr_r18_20251121_035928/latest_checkpoint.pth
2025-11-21 07:02:33,661 - INFO - Epoch 97 | Batch 0 | Loss: 4.85 (Det: 4.75, MoE: 1.9978)
2025-11-21 07:03:07,607 - INFO - Epoch 97 | Batch 50 | Loss: 4.94 (Det: 4.84, MoE: 2.0012)
2025-11-21 07:04:18,118 - INFO - Epoch 97:
2025-11-21 07:04:18,120 - INFO -   训练损失: 4.97 | 验证损失: 0.93
2025-11-21 07:04:18,120 - INFO -   预测/目标: 201600/93434
2025-11-21 07:04:18,120 - INFO -   ⏳ mAP_0.5_0.95 无改善 (31/35), 最佳值: 0.5801 (epoch 66)
2025-11-21 07:04:18,738 - INFO - 💾 保存最新检查点: logs/moe3_rtdetr_r18_20251121_035928/latest_checkpoint.pth
2025-11-21 07:04:25,942 - INFO - Epoch 98 | Batch 0 | Loss: 4.93 (Det: 4.83, MoE: 1.9941)
2025-11-21 07:04:59,320 - INFO - Epoch 98 | Batch 50 | Loss: 4.96 (Det: 4.86, MoE: 1.9957)
2025-11-21 07:06:09,329 - INFO - Epoch 98:
2025-11-21 07:06:09,330 - INFO -   训练损失: 4.95 | 验证损失: 0.93
2025-11-21 07:06:09,330 - INFO -   预测/目标: 201600/93434
2025-11-21 07:06:09,330 - INFO -   ⏳ mAP_0.5_0.95 无改善 (32/35), 最佳值: 0.5801 (epoch 66)
2025-11-21 07:06:09,950 - INFO - 💾 保存最新检查点: logs/moe3_rtdetr_r18_20251121_035928/latest_checkpoint.pth
2025-11-21 07:06:16,213 - INFO - Epoch 99 | Batch 0 | Loss: 4.91 (Det: 4.81, MoE: 1.9985)
2025-11-21 07:06:49,250 - INFO - Epoch 99 | Batch 50 | Loss: 5.15 (Det: 5.05, MoE: 2.0016)
2025-11-21 07:07:58,215 - INFO - Epoch 99:
2025-11-21 07:07:58,216 - INFO -   训练损失: 4.94 | 验证损失: 0.93
2025-11-21 07:07:58,216 - INFO -   预测/目标: 201600/93434
2025-11-21 07:07:58,216 - INFO -   ⏳ mAP_0.5_0.95 无改善 (33/35), 最佳值: 0.5801 (epoch 66)
2025-11-21 07:07:58,880 - INFO - 💾 保存最新检查点: logs/moe3_rtdetr_r18_20251121_035928/latest_checkpoint.pth
2025-11-21 07:08:05,215 - INFO - Epoch 100 | Batch 0 | Loss: 4.79 (Det: 4.69, MoE: 1.9954)
2025-11-21 07:08:38,262 - INFO - Epoch 100 | Batch 50 | Loss: 4.92 (Det: 4.82, MoE: 1.9993)
2025-11-21 07:09:48,498 - INFO - Epoch 100:
2025-11-21 07:09:48,500 - INFO -   训练损失: 4.93 | 验证损失: 0.94
2025-11-21 07:09:48,500 - INFO -   预测/目标: 201600/93434
2025-11-21 07:09:48,500 - INFO -   检测损失: 4.83
2025-11-21 07:09:48,500 - INFO -   MoE负载均衡损失: 1.9984
2025-11-21 07:09:48,500 - INFO -   专家使用率: [33.04%, 33.60%, 33.36%]
2025-11-21 07:09:48,500 - INFO -   ⏳ mAP_0.5_0.95 无改善 (34/35), 最佳值: 0.5801 (epoch 66)
2025-11-21 07:09:49,100 - INFO - 💾 保存最新检查点: logs/moe3_rtdetr_r18_20251121_035928/latest_checkpoint.pth
2025-11-21 07:09:54,236 - INFO - Epoch 101 | Batch 0 | Loss: 4.79 (Det: 4.69, MoE: 1.9978)
2025-11-21 07:10:28,896 - INFO - Epoch 101 | Batch 50 | Loss: 4.84 (Det: 4.74, MoE: 1.9934)
2025-11-21 07:11:40,137 - INFO - Epoch 101:
2025-11-21 07:11:40,138 - INFO -   训练损失: 4.90 | 验证损失: 0.94
2025-11-21 07:11:40,138 - INFO -   预测/目标: 201600/93434
2025-11-21 07:11:40,138 - INFO -   ⏳ mAP_0.5_0.95 无改善 (35/35), 最佳值: 0.5801 (epoch 66)
2025-11-21 07:11:40,138 - INFO - 
============================================================
⛔ Early Stopping触发！
   已连续 35 个epoch无改善
   最佳 mAP_0.5_0.95: 0.5801 (epoch 66)
============================================================

2025-11-21 07:11:40,138 - INFO - Early Stopping在epoch 101触发，停止训练
2025-11-21 07:11:40,138 - INFO - ✓ 训练完成！
2025-11-21 07:11:40,967 - INFO - ✓ 训练曲线已保存到: logs/moe3_rtdetr_r18_20251121_035928/training_curves.png
2025-11-21 07:11:40,968 - INFO - ✓ 训练历史已导出到: logs/moe3_rtdetr_r18_20251121_035928/training_history.csv
2025-11-21 07:11:40,968 - INFO - ============================================================
2025-11-21 07:11:40,968 - INFO - 使用best_model生成推理结果（5张图像）...
2025-11-21 07:11:47,091 - INFO -   生成best_model推理结果（前5张）...
2025-11-21 07:11:47,635 - INFO -   ✓ 推理结果已保存到: logs/moe3_rtdetr_r18_20251121_035928/inference_samples
