2025-12-02 11:28:36,456 - INFO - ✓ 配置已保存到: logs/yolo_v10l_20251202_112836/config.yaml
2025-12-02 11:28:36,456 - INFO - ✓ 初始化YOLOv10训练器
2025-12-02 11:28:36,456 - INFO -   类别数量: 8
2025-12-02 11:28:36,456 - INFO -   类别: Car, Truck, Van, Bus, Pedestrian, Cyclist, Motorcyclist, Trafficcone
2025-12-02 11:28:36,458 - INFO - ✓ 配置已保存到: logs/yolo_v10l_20251202_112836/config.yaml
2025-12-02 11:28:36,458 - INFO - ================================================================================
2025-12-02 11:28:36,458 - INFO - 🚀 开始YOLOv10训练
2025-12-02 11:28:36,458 - INFO - ================================================================================
2025-12-02 11:28:36,458 - WARNING - ⚠️  预训练权重文件不存在: /root/autodl-tmp/DSET/experiments/yolov10/pretrained/yolov10l.pt
2025-12-02 11:28:36,458 - INFO -    将使用模型名称自动加载: yolov10l.pt
2025-12-02 11:28:36,650 - INFO -   模型将在训练时自动适配 8 类（从data.yaml读取）
2025-12-02 11:28:36,652 - INFO - 📝 训练配置:
2025-12-02 11:28:36,652 - INFO -   数据集路径: /root/autodl-fs/datasets/DAIR-V2X_YOLO/dairv2x.yaml
2025-12-02 11:28:36,652 - INFO -   训练轮数: 200
2025-12-02 11:28:36,652 - INFO -   批次大小: 8
2025-12-02 11:28:36,652 - INFO -   优化器: auto
2025-12-02 11:28:36,652 - INFO -   初始学习率: 0.01
2025-12-02 11:28:36,652 - INFO -   Weight decay: 0.0005
2025-12-02 11:28:36,652 - INFO -   输出目录: logs/yolo_v10l_20251202_112836
2025-12-02 11:28:36,652 - INFO -   预训练权重: pretrained/yolov10l.pt
2025-12-02 11:28:36,652 - INFO - ================================================================================
2025-12-02 11:28:36,652 - INFO - 训练配置摘要:
2025-12-02 11:28:36,652 - INFO -   - 训练轮数: 200
2025-12-02 11:28:36,652 - INFO -   - 批次大小: 8
2025-12-02 11:28:36,652 - INFO -   - 优化器: auto
2025-12-02 11:28:36,652 - INFO -   - 初始学习率: 0.01
2025-12-02 11:28:36,652 - INFO -   - Weight decay: 0.0005
2025-12-02 11:28:36,652 - INFO -   - Warmup轮数: 3.0
2025-12-02 11:28:36,652 - INFO -   - 设备: cuda
2025-12-02 11:28:36,652 - INFO - ================================================================================
2025-12-02 11:28:36,652 - INFO - 开始训练 200 epochs
2025-12-02 20:25:36,505 - INFO - ================================================================================
2025-12-02 20:25:36,506 - INFO - ✅ 训练完成！
2025-12-02 20:25:36,506 - INFO - ================================================================================
2025-12-02 20:25:36,516 - INFO - ================================================================================
2025-12-02 20:25:36,516 - INFO - 训练过程摘要（按RT-DETR格式）:
2025-12-02 20:25:36,516 - INFO - ================================================================================
2025-12-02 20:25:36,517 - INFO - Epoch 1:
2025-12-02 20:25:36,517 - INFO -   训练损失: 6.00 | 验证损失: 4.92
2025-12-02 20:25:36,517 - INFO -   mAP@0.5: 0.8645
2025-12-02 20:25:36,517 - INFO -   mAP@0.5:0.95: 0.6537
2025-12-02 20:25:36,517 - INFO - Epoch 2:
2025-12-02 20:25:36,517 - INFO -   训练损失: 5.08 | 验证损失: 4.93
2025-12-02 20:25:36,517 - INFO -   mAP@0.5: 0.8879
2025-12-02 20:25:36,517 - INFO -   mAP@0.5:0.95: 0.6681
2025-12-02 20:25:36,517 - INFO - Epoch 3:
2025-12-02 20:25:36,517 - INFO -   训练损失: 5.16 | 验证损失: 4.98
2025-12-02 20:25:36,517 - INFO -   mAP@0.5: 0.8759
2025-12-02 20:25:36,517 - INFO -   mAP@0.5:0.95: 0.6556
2025-12-02 20:25:36,517 - INFO - Epoch 4:
2025-12-02 20:25:36,517 - INFO -   训练损失: 5.11 | 验证损失: 4.96
2025-12-02 20:25:36,517 - INFO -   mAP@0.5: 0.8792
2025-12-02 20:25:36,517 - INFO -   mAP@0.5:0.95: 0.6645
2025-12-02 20:25:36,517 - INFO - Epoch 5:
2025-12-02 20:25:36,517 - INFO -   训练损失: 4.97 | 验证损失: 4.82
2025-12-02 20:25:36,517 - INFO -   mAP@0.5: 0.8890
2025-12-02 20:25:36,517 - INFO -   mAP@0.5:0.95: 0.6737
2025-12-02 20:25:36,517 - INFO - Epoch 6:
2025-12-02 20:25:36,517 - INFO -   训练损失: 4.88 | 验证损失: 4.76
2025-12-02 20:25:36,517 - INFO -   mAP@0.5: 0.8933
2025-12-02 20:25:36,517 - INFO -   mAP@0.5:0.95: 0.6829
2025-12-02 20:25:36,517 - INFO - Epoch 7:
2025-12-02 20:25:36,517 - INFO -   训练损失: 4.81 | 验证损失: 4.76
2025-12-02 20:25:36,518 - INFO -   mAP@0.5: 0.8922
2025-12-02 20:25:36,518 - INFO -   mAP@0.5:0.95: 0.6795
2025-12-02 20:25:36,518 - INFO - Epoch 8:
2025-12-02 20:25:36,518 - INFO -   训练损失: 4.77 | 验证损失: 4.67
2025-12-02 20:25:36,518 - INFO -   mAP@0.5: 0.8973
2025-12-02 20:25:36,518 - INFO -   mAP@0.5:0.95: 0.6939
2025-12-02 20:25:36,518 - INFO - Epoch 9:
2025-12-02 20:25:36,518 - INFO -   训练损失: 4.72 | 验证损失: 4.74
2025-12-02 20:25:36,518 - INFO -   mAP@0.5: 0.8916
2025-12-02 20:25:36,518 - INFO -   mAP@0.5:0.95: 0.6763
2025-12-02 20:25:36,518 - INFO - Epoch 10:
2025-12-02 20:25:36,518 - INFO -   训练损失: 4.68 | 验证损失: 4.68
2025-12-02 20:25:36,518 - INFO -   mAP@0.5: 0.9021
2025-12-02 20:25:36,518 - INFO -   mAP@0.5:0.95: 0.6975
2025-12-02 20:25:36,518 - INFO - Epoch 11:
2025-12-02 20:25:36,518 - INFO -   训练损失: 4.65 | 验证损失: 4.71
2025-12-02 20:25:36,518 - INFO -   mAP@0.5: 0.8989
2025-12-02 20:25:36,518 - INFO -   mAP@0.5:0.95: 0.6916
2025-12-02 20:25:36,518 - INFO - Epoch 12:
2025-12-02 20:25:36,518 - INFO -   训练损失: 4.63 | 验证损失: 4.67
2025-12-02 20:25:36,518 - INFO -   mAP@0.5: 0.9044
2025-12-02 20:25:36,518 - INFO -   mAP@0.5:0.95: 0.6990
2025-12-02 20:25:36,518 - INFO - Epoch 13:
2025-12-02 20:25:36,518 - INFO -   训练损失: 4.60 | 验证损失: 4.72
2025-12-02 20:25:36,518 - INFO -   mAP@0.5: 0.8971
2025-12-02 20:25:36,518 - INFO -   mAP@0.5:0.95: 0.6883
2025-12-02 20:25:36,518 - INFO - Epoch 14:
2025-12-02 20:25:36,518 - INFO -   训练损失: 4.57 | 验证损失: 4.64
2025-12-02 20:25:36,518 - INFO -   mAP@0.5: 0.9011
2025-12-02 20:25:36,519 - INFO -   mAP@0.5:0.95: 0.6971
2025-12-02 20:25:36,519 - INFO - Epoch 15:
2025-12-02 20:25:36,519 - INFO -   训练损失: 4.56 | 验证损失: 4.65
2025-12-02 20:25:36,519 - INFO -   mAP@0.5: 0.8987
2025-12-02 20:25:36,519 - INFO -   mAP@0.5:0.95: 0.6948
2025-12-02 20:25:36,519 - INFO - Epoch 16:
2025-12-02 20:25:36,519 - INFO -   训练损失: 4.54 | 验证损失: 4.71
2025-12-02 20:25:36,519 - INFO -   mAP@0.5: 0.8897
2025-12-02 20:25:36,519 - INFO -   mAP@0.5:0.95: 0.6863
2025-12-02 20:25:36,519 - INFO - Epoch 17:
2025-12-02 20:25:36,519 - INFO -   训练损失: 4.54 | 验证损失: 4.69
2025-12-02 20:25:36,519 - INFO -   mAP@0.5: 0.9031
2025-12-02 20:25:36,519 - INFO -   mAP@0.5:0.95: 0.6962
2025-12-02 20:25:36,519 - INFO - Epoch 18:
2025-12-02 20:25:36,519 - INFO -   训练损失: 4.51 | 验证损失: 4.63
2025-12-02 20:25:36,519 - INFO -   mAP@0.5: 0.9042
2025-12-02 20:25:36,519 - INFO -   mAP@0.5:0.95: 0.7041
2025-12-02 20:25:36,519 - INFO - Epoch 19:
2025-12-02 20:25:36,519 - INFO -   训练损失: 4.50 | 验证损失: 4.60
2025-12-02 20:25:36,519 - INFO -   mAP@0.5: 0.9082
2025-12-02 20:25:36,519 - INFO -   mAP@0.5:0.95: 0.7071
2025-12-02 20:25:36,519 - INFO - Epoch 20:
2025-12-02 20:25:36,519 - INFO -   训练损失: 4.49 | 验证损失: 4.59
2025-12-02 20:25:36,519 - INFO -   mAP@0.5: 0.9077
2025-12-02 20:25:36,519 - INFO -   mAP@0.5:0.95: 0.7093
2025-12-02 20:25:36,519 - INFO - Epoch 21:
2025-12-02 20:25:36,519 - INFO -   训练损失: 4.48 | 验证损失: 4.62
2025-12-02 20:25:36,519 - INFO -   mAP@0.5: 0.9070
2025-12-02 20:25:36,519 - INFO -   mAP@0.5:0.95: 0.7044
2025-12-02 20:25:36,520 - INFO - Epoch 22:
2025-12-02 20:25:36,520 - INFO -   训练损失: 4.47 | 验证损失: 4.59
2025-12-02 20:25:36,520 - INFO -   mAP@0.5: 0.9089
2025-12-02 20:25:36,520 - INFO -   mAP@0.5:0.95: 0.7085
2025-12-02 20:25:36,520 - INFO - Epoch 23:
2025-12-02 20:25:36,520 - INFO -   训练损失: 4.45 | 验证损失: 4.57
2025-12-02 20:25:36,520 - INFO -   mAP@0.5: 0.9085
2025-12-02 20:25:36,520 - INFO -   mAP@0.5:0.95: 0.7042
2025-12-02 20:25:36,520 - INFO - Epoch 24:
2025-12-02 20:25:36,520 - INFO -   训练损失: 4.44 | 验证损失: 4.57
2025-12-02 20:25:36,520 - INFO -   mAP@0.5: 0.9064
2025-12-02 20:25:36,520 - INFO -   mAP@0.5:0.95: 0.7087
2025-12-02 20:25:36,520 - INFO - Epoch 25:
2025-12-02 20:25:36,520 - INFO -   训练损失: 4.43 | 验证损失: 4.57
2025-12-02 20:25:36,520 - INFO -   mAP@0.5: 0.9156
2025-12-02 20:25:36,520 - INFO -   mAP@0.5:0.95: 0.7159
2025-12-02 20:25:36,520 - INFO - Epoch 26:
2025-12-02 20:25:36,520 - INFO -   训练损失: 4.42 | 验证损失: 4.57
2025-12-02 20:25:36,520 - INFO -   mAP@0.5: 0.9099
2025-12-02 20:25:36,520 - INFO -   mAP@0.5:0.95: 0.7120
2025-12-02 20:25:36,520 - INFO - Epoch 27:
2025-12-02 20:25:36,520 - INFO -   训练损失: 4.41 | 验证损失: 4.56
2025-12-02 20:25:36,520 - INFO -   mAP@0.5: 0.9155
2025-12-02 20:25:36,520 - INFO -   mAP@0.5:0.95: 0.7136
2025-12-02 20:25:36,520 - INFO - Epoch 28:
2025-12-02 20:25:36,520 - INFO -   训练损失: 4.42 | 验证损失: 4.53
2025-12-02 20:25:36,520 - INFO -   mAP@0.5: 0.9104
2025-12-02 20:25:36,520 - INFO -   mAP@0.5:0.95: 0.7103
2025-12-02 20:25:36,520 - INFO - Epoch 29:
2025-12-02 20:25:36,520 - INFO -   训练损失: 4.40 | 验证损失: 4.56
2025-12-02 20:25:36,521 - INFO -   mAP@0.5: 0.9136
2025-12-02 20:25:36,521 - INFO -   mAP@0.5:0.95: 0.7157
2025-12-02 20:25:36,521 - INFO - Epoch 30:
2025-12-02 20:25:36,521 - INFO -   训练损失: 4.39 | 验证损失: 4.54
2025-12-02 20:25:36,521 - INFO -   mAP@0.5: 0.9145
2025-12-02 20:25:36,521 - INFO -   mAP@0.5:0.95: 0.7158
2025-12-02 20:25:36,521 - INFO - Epoch 31:
2025-12-02 20:25:36,521 - INFO -   训练损失: 4.39 | 验证损失: 4.57
2025-12-02 20:25:36,521 - INFO -   mAP@0.5: 0.9083
2025-12-02 20:25:36,521 - INFO -   mAP@0.5:0.95: 0.7088
2025-12-02 20:25:36,521 - INFO - Epoch 32:
2025-12-02 20:25:36,521 - INFO -   训练损失: 4.38 | 验证损失: 4.53
2025-12-02 20:25:36,521 - INFO -   mAP@0.5: 0.9075
2025-12-02 20:25:36,521 - INFO -   mAP@0.5:0.95: 0.7139
2025-12-02 20:25:36,521 - INFO - Epoch 33:
2025-12-02 20:25:36,521 - INFO -   训练损失: 4.37 | 验证损失: 4.58
2025-12-02 20:25:36,521 - INFO -   mAP@0.5: 0.9098
2025-12-02 20:25:36,521 - INFO -   mAP@0.5:0.95: 0.7102
2025-12-02 20:25:36,521 - INFO - Epoch 34:
2025-12-02 20:25:36,521 - INFO -   训练损失: 4.36 | 验证损失: 4.57
2025-12-02 20:25:36,521 - INFO -   mAP@0.5: 0.9083
2025-12-02 20:25:36,521 - INFO -   mAP@0.5:0.95: 0.7097
2025-12-02 20:25:36,521 - INFO - Epoch 35:
2025-12-02 20:25:36,521 - INFO -   训练损失: 4.35 | 验证损失: 4.55
2025-12-02 20:25:36,521 - INFO -   mAP@0.5: 0.9130
2025-12-02 20:25:36,521 - INFO -   mAP@0.5:0.95: 0.7170
2025-12-02 20:25:36,521 - INFO - Epoch 36:
2025-12-02 20:25:36,521 - INFO -   训练损失: 4.36 | 验证损失: 4.59
2025-12-02 20:25:36,521 - INFO -   mAP@0.5: 0.9106
2025-12-02 20:25:36,521 - INFO -   mAP@0.5:0.95: 0.7115
2025-12-02 20:25:36,522 - INFO - Epoch 37:
2025-12-02 20:25:36,522 - INFO -   训练损失: 4.34 | 验证损失: 4.56
2025-12-02 20:25:36,522 - INFO -   mAP@0.5: 0.9125
2025-12-02 20:25:36,522 - INFO -   mAP@0.5:0.95: 0.7140
2025-12-02 20:25:36,522 - INFO - Epoch 38:
2025-12-02 20:25:36,522 - INFO -   训练损失: 4.34 | 验证损失: 4.55
2025-12-02 20:25:36,522 - INFO -   mAP@0.5: 0.9106
2025-12-02 20:25:36,522 - INFO -   mAP@0.5:0.95: 0.7153
2025-12-02 20:25:36,522 - INFO - Epoch 39:
2025-12-02 20:25:36,522 - INFO -   训练损失: 4.34 | 验证损失: 4.60
2025-12-02 20:25:36,522 - INFO -   mAP@0.5: 0.9075
2025-12-02 20:25:36,522 - INFO -   mAP@0.5:0.95: 0.7116
2025-12-02 20:25:36,522 - INFO - Epoch 40:
2025-12-02 20:25:36,522 - INFO -   训练损失: 4.32 | 验证损失: 4.53
2025-12-02 20:25:36,522 - INFO -   mAP@0.5: 0.9130
2025-12-02 20:25:36,522 - INFO -   mAP@0.5:0.95: 0.7185
2025-12-02 20:25:36,522 - INFO - Epoch 41:
2025-12-02 20:25:36,522 - INFO -   训练损失: 4.32 | 验证损失: 4.51
2025-12-02 20:25:36,522 - INFO -   mAP@0.5: 0.9151
2025-12-02 20:25:36,522 - INFO -   mAP@0.5:0.95: 0.7184
2025-12-02 20:25:36,522 - INFO - Epoch 42:
2025-12-02 20:25:36,522 - INFO -   训练损失: 4.32 | 验证损失: 4.51
2025-12-02 20:25:36,522 - INFO -   mAP@0.5: 0.9043
2025-12-02 20:25:36,522 - INFO -   mAP@0.5:0.95: 0.7092
2025-12-02 20:25:36,522 - INFO - Epoch 43:
2025-12-02 20:25:36,522 - INFO -   训练损失: 4.31 | 验证损失: 4.54
2025-12-02 20:25:36,522 - INFO -   mAP@0.5: 0.9115
2025-12-02 20:25:36,522 - INFO -   mAP@0.5:0.95: 0.7152
2025-12-02 20:25:36,522 - INFO - Epoch 44:
2025-12-02 20:25:36,523 - INFO -   训练损失: 4.30 | 验证损失: 4.53
2025-12-02 20:25:36,523 - INFO -   mAP@0.5: 0.9104
2025-12-02 20:25:36,523 - INFO -   mAP@0.5:0.95: 0.7145
2025-12-02 20:25:36,523 - INFO - Epoch 45:
2025-12-02 20:25:36,523 - INFO -   训练损失: 4.31 | 验证损失: 4.54
2025-12-02 20:25:36,523 - INFO -   mAP@0.5: 0.9128
2025-12-02 20:25:36,523 - INFO -   mAP@0.5:0.95: 0.7190
2025-12-02 20:25:36,523 - INFO - Epoch 46:
2025-12-02 20:25:36,523 - INFO -   训练损失: 4.29 | 验证损失: 4.51
2025-12-02 20:25:36,523 - INFO -   mAP@0.5: 0.9141
2025-12-02 20:25:36,523 - INFO -   mAP@0.5:0.95: 0.7178
2025-12-02 20:25:36,523 - INFO - Epoch 47:
2025-12-02 20:25:36,523 - INFO -   训练损失: 4.29 | 验证损失: 4.53
2025-12-02 20:25:36,523 - INFO -   mAP@0.5: 0.9140
2025-12-02 20:25:36,523 - INFO -   mAP@0.5:0.95: 0.7213
2025-12-02 20:25:36,523 - INFO - Epoch 48:
2025-12-02 20:25:36,523 - INFO -   训练损失: 4.29 | 验证损失: 4.53
2025-12-02 20:25:36,523 - INFO -   mAP@0.5: 0.9131
2025-12-02 20:25:36,523 - INFO -   mAP@0.5:0.95: 0.7203
2025-12-02 20:25:36,523 - INFO - Epoch 49:
2025-12-02 20:25:36,523 - INFO -   训练损失: 4.28 | 验证损失: 4.52
2025-12-02 20:25:36,523 - INFO -   mAP@0.5: 0.9130
2025-12-02 20:25:36,523 - INFO -   mAP@0.5:0.95: 0.7195
2025-12-02 20:25:36,523 - INFO - Epoch 50:
2025-12-02 20:25:36,523 - INFO -   训练损失: 4.27 | 验证损失: 4.51
2025-12-02 20:25:36,523 - INFO -   mAP@0.5: 0.9143
2025-12-02 20:25:36,523 - INFO -   mAP@0.5:0.95: 0.7231
2025-12-02 20:25:36,523 - INFO - Epoch 51:
2025-12-02 20:25:36,523 - INFO -   训练损失: 4.27 | 验证损失: 4.48
2025-12-02 20:25:36,524 - INFO -   mAP@0.5: 0.9197
2025-12-02 20:25:36,524 - INFO -   mAP@0.5:0.95: 0.7281
2025-12-02 20:25:36,524 - INFO - Epoch 52:
2025-12-02 20:25:36,524 - INFO -   训练损失: 4.27 | 验证损失: 4.51
2025-12-02 20:25:36,524 - INFO -   mAP@0.5: 0.9140
2025-12-02 20:25:36,524 - INFO -   mAP@0.5:0.95: 0.7231
2025-12-02 20:25:36,524 - INFO - Epoch 53:
2025-12-02 20:25:36,524 - INFO -   训练损失: 4.26 | 验证损失: 4.52
2025-12-02 20:25:36,524 - INFO -   mAP@0.5: 0.9155
2025-12-02 20:25:36,524 - INFO -   mAP@0.5:0.95: 0.7218
2025-12-02 20:25:36,524 - INFO - Epoch 54:
2025-12-02 20:25:36,524 - INFO -   训练损失: 4.26 | 验证损失: 4.53
2025-12-02 20:25:36,524 - INFO -   mAP@0.5: 0.9152
2025-12-02 20:25:36,524 - INFO -   mAP@0.5:0.95: 0.7218
2025-12-02 20:25:36,524 - INFO - Epoch 55:
2025-12-02 20:25:36,524 - INFO -   训练损失: 4.26 | 验证损失: 4.49
2025-12-02 20:25:36,524 - INFO -   mAP@0.5: 0.9189
2025-12-02 20:25:36,524 - INFO -   mAP@0.5:0.95: 0.7279
2025-12-02 20:25:36,524 - INFO - Epoch 56:
2025-12-02 20:25:36,524 - INFO -   训练损失: 4.25 | 验证损失: 4.50
2025-12-02 20:25:36,524 - INFO -   mAP@0.5: 0.9175
2025-12-02 20:25:36,524 - INFO -   mAP@0.5:0.95: 0.7250
2025-12-02 20:25:36,524 - INFO - Epoch 57:
2025-12-02 20:25:36,524 - INFO -   训练损失: 4.24 | 验证损失: 4.50
2025-12-02 20:25:36,524 - INFO -   mAP@0.5: 0.9168
2025-12-02 20:25:36,524 - INFO -   mAP@0.5:0.95: 0.7265
2025-12-02 20:25:36,524 - INFO - Epoch 58:
2025-12-02 20:25:36,524 - INFO -   训练损失: 4.24 | 验证损失: 4.50
2025-12-02 20:25:36,524 - INFO -   mAP@0.5: 0.9160
2025-12-02 20:25:36,524 - INFO -   mAP@0.5:0.95: 0.7261
2025-12-02 20:25:36,525 - INFO - Epoch 59:
2025-12-02 20:25:36,525 - INFO -   训练损失: 4.24 | 验证损失: 4.50
2025-12-02 20:25:36,525 - INFO -   mAP@0.5: 0.9159
2025-12-02 20:25:36,525 - INFO -   mAP@0.5:0.95: 0.7233
2025-12-02 20:25:36,525 - INFO - Epoch 60:
2025-12-02 20:25:36,525 - INFO -   训练损失: 4.23 | 验证损失: 4.49
2025-12-02 20:25:36,525 - INFO -   mAP@0.5: 0.9202
2025-12-02 20:25:36,525 - INFO -   mAP@0.5:0.95: 0.7303
2025-12-02 20:25:36,525 - INFO - Epoch 61:
2025-12-02 20:25:36,525 - INFO -   训练损失: 4.23 | 验证损失: 4.50
2025-12-02 20:25:36,525 - INFO -   mAP@0.5: 0.9146
2025-12-02 20:25:36,525 - INFO -   mAP@0.5:0.95: 0.7245
2025-12-02 20:25:36,525 - INFO - Epoch 62:
2025-12-02 20:25:36,525 - INFO -   训练损失: 4.22 | 验证损失: 4.48
2025-12-02 20:25:36,525 - INFO -   mAP@0.5: 0.9154
2025-12-02 20:25:36,525 - INFO -   mAP@0.5:0.95: 0.7256
2025-12-02 20:25:36,525 - INFO - Epoch 63:
2025-12-02 20:25:36,525 - INFO -   训练损失: 4.22 | 验证损失: 4.49
2025-12-02 20:25:36,525 - INFO -   mAP@0.5: 0.9158
2025-12-02 20:25:36,525 - INFO -   mAP@0.5:0.95: 0.7261
2025-12-02 20:25:36,525 - INFO - Epoch 64:
2025-12-02 20:25:36,525 - INFO -   训练损失: 4.21 | 验证损失: 4.48
2025-12-02 20:25:36,525 - INFO -   mAP@0.5: 0.9188
2025-12-02 20:25:36,525 - INFO -   mAP@0.5:0.95: 0.7298
2025-12-02 20:25:36,525 - INFO - Epoch 65:
2025-12-02 20:25:36,525 - INFO -   训练损失: 4.20 | 验证损失: 4.51
2025-12-02 20:25:36,525 - INFO -   mAP@0.5: 0.9162
2025-12-02 20:25:36,525 - INFO -   mAP@0.5:0.95: 0.7234
2025-12-02 20:25:36,525 - INFO - Epoch 66:
2025-12-02 20:25:36,526 - INFO -   训练损失: 4.20 | 验证损失: 4.48
2025-12-02 20:25:36,526 - INFO -   mAP@0.5: 0.9199
2025-12-02 20:25:36,526 - INFO -   mAP@0.5:0.95: 0.7292
2025-12-02 20:25:36,526 - INFO - Epoch 67:
2025-12-02 20:25:36,526 - INFO -   训练损失: 4.20 | 验证损失: 4.49
2025-12-02 20:25:36,526 - INFO -   mAP@0.5: 0.9175
2025-12-02 20:25:36,526 - INFO -   mAP@0.5:0.95: 0.7273
2025-12-02 20:25:36,526 - INFO - Epoch 68:
2025-12-02 20:25:36,526 - INFO -   训练损失: 4.19 | 验证损失: 4.48
2025-12-02 20:25:36,526 - INFO -   mAP@0.5: 0.9184
2025-12-02 20:25:36,526 - INFO -   mAP@0.5:0.95: 0.7300
2025-12-02 20:25:36,526 - INFO - Epoch 69:
2025-12-02 20:25:36,526 - INFO -   训练损失: 4.19 | 验证损失: 4.48
2025-12-02 20:25:36,526 - INFO -   mAP@0.5: 0.9165
2025-12-02 20:25:36,526 - INFO -   mAP@0.5:0.95: 0.7283
2025-12-02 20:25:36,526 - INFO - Epoch 70:
2025-12-02 20:25:36,526 - INFO -   训练损失: 4.18 | 验证损失: 4.46
2025-12-02 20:25:36,526 - INFO -   mAP@0.5: 0.9190
2025-12-02 20:25:36,526 - INFO -   mAP@0.5:0.95: 0.7314
2025-12-02 20:25:36,526 - INFO - Epoch 71:
2025-12-02 20:25:36,526 - INFO -   训练损失: 4.17 | 验证损失: 4.50
2025-12-02 20:25:36,526 - INFO -   mAP@0.5: 0.9184
2025-12-02 20:25:36,526 - INFO -   mAP@0.5:0.95: 0.7314
2025-12-02 20:25:36,526 - INFO - Epoch 72:
2025-12-02 20:25:36,526 - INFO -   训练损失: 4.18 | 验证损失: 4.48
2025-12-02 20:25:36,526 - INFO -   mAP@0.5: 0.9151
2025-12-02 20:25:36,526 - INFO -   mAP@0.5:0.95: 0.7289
2025-12-02 20:25:36,526 - INFO - Epoch 73:
2025-12-02 20:25:36,526 - INFO -   训练损失: 4.17 | 验证损失: 4.46
2025-12-02 20:25:36,527 - INFO -   mAP@0.5: 0.9160
2025-12-02 20:25:36,527 - INFO -   mAP@0.5:0.95: 0.7279
2025-12-02 20:25:36,527 - INFO - Epoch 74:
2025-12-02 20:25:36,527 - INFO -   训练损失: 4.16 | 验证损失: 4.50
2025-12-02 20:25:36,527 - INFO -   mAP@0.5: 0.9160
2025-12-02 20:25:36,527 - INFO -   mAP@0.5:0.95: 0.7257
2025-12-02 20:25:36,527 - INFO - Epoch 75:
2025-12-02 20:25:36,527 - INFO -   训练损失: 4.16 | 验证损失: 4.50
2025-12-02 20:25:36,527 - INFO -   mAP@0.5: 0.9151
2025-12-02 20:25:36,527 - INFO -   mAP@0.5:0.95: 0.7264
2025-12-02 20:25:36,527 - INFO - Epoch 76:
2025-12-02 20:25:36,527 - INFO -   训练损失: 4.15 | 验证损失: 4.48
2025-12-02 20:25:36,527 - INFO -   mAP@0.5: 0.9163
2025-12-02 20:25:36,527 - INFO -   mAP@0.5:0.95: 0.7282
2025-12-02 20:25:36,527 - INFO - Epoch 77:
2025-12-02 20:25:36,527 - INFO -   训练损失: 4.15 | 验证损失: 4.49
2025-12-02 20:25:36,527 - INFO -   mAP@0.5: 0.9157
2025-12-02 20:25:36,527 - INFO -   mAP@0.5:0.95: 0.7278
2025-12-02 20:25:36,527 - INFO - Epoch 78:
2025-12-02 20:25:36,527 - INFO -   训练损失: 4.15 | 验证损失: 4.48
2025-12-02 20:25:36,527 - INFO -   mAP@0.5: 0.9156
2025-12-02 20:25:36,527 - INFO -   mAP@0.5:0.95: 0.7288
2025-12-02 20:25:36,527 - INFO - Epoch 79:
2025-12-02 20:25:36,527 - INFO -   训练损失: 4.14 | 验证损失: 4.48
2025-12-02 20:25:36,527 - INFO -   mAP@0.5: 0.9177
2025-12-02 20:25:36,527 - INFO -   mAP@0.5:0.95: 0.7300
2025-12-02 20:25:36,527 - INFO - Epoch 80:
2025-12-02 20:25:36,527 - INFO -   训练损失: 4.13 | 验证损失: 4.49
2025-12-02 20:25:36,527 - INFO -   mAP@0.5: 0.9158
2025-12-02 20:25:36,527 - INFO -   mAP@0.5:0.95: 0.7282
2025-12-02 20:25:36,528 - INFO - Epoch 81:
2025-12-02 20:25:36,528 - INFO -   训练损失: 4.13 | 验证损失: 4.47
2025-12-02 20:25:36,528 - INFO -   mAP@0.5: 0.9190
2025-12-02 20:25:36,528 - INFO -   mAP@0.5:0.95: 0.7321
2025-12-02 20:25:36,528 - INFO - Epoch 82:
2025-12-02 20:25:36,528 - INFO -   训练损失: 4.13 | 验证损失: 4.48
2025-12-02 20:25:36,528 - INFO -   mAP@0.5: 0.9188
2025-12-02 20:25:36,528 - INFO -   mAP@0.5:0.95: 0.7330
2025-12-02 20:25:36,528 - INFO - Epoch 83:
2025-12-02 20:25:36,528 - INFO -   训练损失: 4.12 | 验证损失: 4.49
2025-12-02 20:25:36,528 - INFO -   mAP@0.5: 0.9186
2025-12-02 20:25:36,528 - INFO -   mAP@0.5:0.95: 0.7316
2025-12-02 20:25:36,528 - INFO - Epoch 84:
2025-12-02 20:25:36,528 - INFO -   训练损失: 4.12 | 验证损失: 4.48
2025-12-02 20:25:36,528 - INFO -   mAP@0.5: 0.9186
2025-12-02 20:25:36,528 - INFO -   mAP@0.5:0.95: 0.7325
2025-12-02 20:25:36,528 - INFO - Epoch 85:
2025-12-02 20:25:36,528 - INFO -   训练损失: 4.11 | 验证损失: 4.49
2025-12-02 20:25:36,528 - INFO -   mAP@0.5: 0.9177
2025-12-02 20:25:36,528 - INFO -   mAP@0.5:0.95: 0.7318
2025-12-02 20:25:36,528 - INFO - Epoch 86:
2025-12-02 20:25:36,528 - INFO -   训练损失: 4.10 | 验证损失: 4.48
2025-12-02 20:25:36,528 - INFO -   mAP@0.5: 0.9173
2025-12-02 20:25:36,528 - INFO -   mAP@0.5:0.95: 0.7317
2025-12-02 20:25:36,528 - INFO - Epoch 87:
2025-12-02 20:25:36,528 - INFO -   训练损失: 4.10 | 验证损失: 4.50
2025-12-02 20:25:36,528 - INFO -   mAP@0.5: 0.9182
2025-12-02 20:25:36,528 - INFO -   mAP@0.5:0.95: 0.7303
2025-12-02 20:25:36,528 - INFO - Epoch 88:
2025-12-02 20:25:36,529 - INFO -   训练损失: 4.09 | 验证损失: 4.49
2025-12-02 20:25:36,529 - INFO -   mAP@0.5: 0.9168
2025-12-02 20:25:36,529 - INFO -   mAP@0.5:0.95: 0.7293
2025-12-02 20:25:36,529 - INFO - Epoch 89:
2025-12-02 20:25:36,529 - INFO -   训练损失: 4.09 | 验证损失: 4.48
2025-12-02 20:25:36,529 - INFO -   mAP@0.5: 0.9183
2025-12-02 20:25:36,529 - INFO -   mAP@0.5:0.95: 0.7324
2025-12-02 20:25:36,529 - INFO - Epoch 90:
2025-12-02 20:25:36,529 - INFO -   训练损失: 4.09 | 验证损失: 4.49
2025-12-02 20:25:36,529 - INFO -   mAP@0.5: 0.9175
2025-12-02 20:25:36,529 - INFO -   mAP@0.5:0.95: 0.7323
2025-12-02 20:25:36,529 - INFO - Epoch 91:
2025-12-02 20:25:36,529 - INFO -   训练损失: 4.08 | 验证损失: 4.49
2025-12-02 20:25:36,529 - INFO -   mAP@0.5: 0.9165
2025-12-02 20:25:36,529 - INFO -   mAP@0.5:0.95: 0.7313
2025-12-02 20:25:36,529 - INFO - Epoch 92:
2025-12-02 20:25:36,529 - INFO -   训练损失: 4.08 | 验证损失: 4.50
2025-12-02 20:25:36,529 - INFO -   mAP@0.5: 0.9155
2025-12-02 20:25:36,529 - INFO -   mAP@0.5:0.95: 0.7266
2025-12-02 20:25:36,529 - INFO - Epoch 93:
2025-12-02 20:25:36,529 - INFO -   训练损失: 4.07 | 验证损失: 4.48
2025-12-02 20:25:36,529 - INFO -   mAP@0.5: 0.9175
2025-12-02 20:25:36,529 - INFO -   mAP@0.5:0.95: 0.7324
2025-12-02 20:25:36,529 - INFO - Epoch 94:
2025-12-02 20:25:36,529 - INFO -   训练损失: 4.06 | 验证损失: 4.47
2025-12-02 20:25:36,529 - INFO -   mAP@0.5: 0.9188
2025-12-02 20:25:36,529 - INFO -   mAP@0.5:0.95: 0.7346
2025-12-02 20:25:36,529 - INFO - Epoch 95:
2025-12-02 20:25:36,529 - INFO -   训练损失: 4.06 | 验证损失: 4.48
2025-12-02 20:25:36,529 - INFO -   mAP@0.5: 0.9161
2025-12-02 20:25:36,530 - INFO -   mAP@0.5:0.95: 0.7320
2025-12-02 20:25:36,530 - INFO - Epoch 96:
2025-12-02 20:25:36,530 - INFO -   训练损失: 4.05 | 验证损失: 4.49
2025-12-02 20:25:36,530 - INFO -   mAP@0.5: 0.9151
2025-12-02 20:25:36,530 - INFO -   mAP@0.5:0.95: 0.7307
2025-12-02 20:25:36,530 - INFO - Epoch 97:
2025-12-02 20:25:36,530 - INFO -   训练损失: 4.05 | 验证损失: 4.51
2025-12-02 20:25:36,530 - INFO -   mAP@0.5: 0.9144
2025-12-02 20:25:36,530 - INFO -   mAP@0.5:0.95: 0.7286
2025-12-02 20:25:36,530 - INFO - Epoch 98:
2025-12-02 20:25:36,530 - INFO -   训练损失: 4.05 | 验证损失: 4.49
2025-12-02 20:25:36,530 - INFO -   mAP@0.5: 0.9161
2025-12-02 20:25:36,530 - INFO -   mAP@0.5:0.95: 0.7328
2025-12-02 20:25:36,530 - INFO - Epoch 99:
2025-12-02 20:25:36,530 - INFO -   训练损失: 4.04 | 验证损失: 4.49
2025-12-02 20:25:36,530 - INFO -   mAP@0.5: 0.9149
2025-12-02 20:25:36,530 - INFO -   mAP@0.5:0.95: 0.7324
2025-12-02 20:25:36,530 - INFO - Epoch 100:
2025-12-02 20:25:36,530 - INFO -   训练损失: 4.03 | 验证损失: 4.51
2025-12-02 20:25:36,530 - INFO -   mAP@0.5: 0.9155
2025-12-02 20:25:36,530 - INFO -   mAP@0.5:0.95: 0.7321
2025-12-02 20:25:36,530 - INFO - Epoch 101:
2025-12-02 20:25:36,530 - INFO -   训练损失: 4.02 | 验证损失: 4.50
2025-12-02 20:25:36,530 - INFO -   mAP@0.5: 0.9143
2025-12-02 20:25:36,530 - INFO -   mAP@0.5:0.95: 0.7315
2025-12-02 20:25:36,530 - INFO - Epoch 102:
2025-12-02 20:25:36,530 - INFO -   训练损失: 4.02 | 验证损失: 4.52
2025-12-02 20:25:36,530 - INFO -   mAP@0.5: 0.9136
2025-12-02 20:25:36,530 - INFO -   mAP@0.5:0.95: 0.7296
2025-12-02 20:25:36,531 - INFO - Epoch 103:
2025-12-02 20:25:36,531 - INFO -   训练损失: 4.02 | 验证损失: 4.50
2025-12-02 20:25:36,531 - INFO -   mAP@0.5: 0.9146
2025-12-02 20:25:36,531 - INFO -   mAP@0.5:0.95: 0.7313
2025-12-02 20:25:36,531 - INFO - Epoch 104:
2025-12-02 20:25:36,531 - INFO -   训练损失: 4.01 | 验证损失: 4.51
2025-12-02 20:25:36,531 - INFO -   mAP@0.5: 0.9153
2025-12-02 20:25:36,531 - INFO -   mAP@0.5:0.95: 0.7314
2025-12-02 20:25:36,531 - INFO - Epoch 105:
2025-12-02 20:25:36,531 - INFO -   训练损失: 3.99 | 验证损失: 4.53
2025-12-02 20:25:36,531 - INFO -   mAP@0.5: 0.9143
2025-12-02 20:25:36,531 - INFO -   mAP@0.5:0.95: 0.7294
2025-12-02 20:25:36,531 - INFO - Epoch 106:
2025-12-02 20:25:36,531 - INFO -   训练损失: 4.00 | 验证损失: 4.53
2025-12-02 20:25:36,531 - INFO -   mAP@0.5: 0.9152
2025-12-02 20:25:36,531 - INFO -   mAP@0.5:0.95: 0.7304
2025-12-02 20:25:36,531 - INFO - Epoch 107:
2025-12-02 20:25:36,531 - INFO -   训练损失: 3.99 | 验证损失: 4.52
2025-12-02 20:25:36,531 - INFO -   mAP@0.5: 0.9155
2025-12-02 20:25:36,531 - INFO -   mAP@0.5:0.95: 0.7289
2025-12-02 20:25:36,531 - INFO - Epoch 108:
2025-12-02 20:25:36,531 - INFO -   训练损失: 3.98 | 验证损失: 4.52
2025-12-02 20:25:36,531 - INFO -   mAP@0.5: 0.9146
2025-12-02 20:25:36,531 - INFO -   mAP@0.5:0.95: 0.7295
2025-12-02 20:25:36,531 - INFO - Epoch 109:
2025-12-02 20:25:36,531 - INFO -   训练损失: 3.98 | 验证损失: 4.53
2025-12-02 20:25:36,531 - INFO -   mAP@0.5: 0.9142
2025-12-02 20:25:36,531 - INFO -   mAP@0.5:0.95: 0.7288
2025-12-02 20:25:36,531 - INFO - Epoch 110:
2025-12-02 20:25:36,531 - INFO -   训练损失: 3.97 | 验证损失: 4.52
2025-12-02 20:25:36,532 - INFO -   mAP@0.5: 0.9138
2025-12-02 20:25:36,532 - INFO -   mAP@0.5:0.95: 0.7301
2025-12-02 20:25:36,532 - INFO - Epoch 111:
2025-12-02 20:25:36,532 - INFO -   训练损失: 3.97 | 验证损失: 4.52
2025-12-02 20:25:36,532 - INFO -   mAP@0.5: 0.9127
2025-12-02 20:25:36,532 - INFO -   mAP@0.5:0.95: 0.7298
2025-12-02 20:25:36,532 - INFO - Epoch 112:
2025-12-02 20:25:36,532 - INFO -   训练损失: 3.96 | 验证损失: 4.52
2025-12-02 20:25:36,532 - INFO -   mAP@0.5: 0.9132
2025-12-02 20:25:36,532 - INFO -   mAP@0.5:0.95: 0.7292
2025-12-02 20:25:36,532 - INFO - Epoch 113:
2025-12-02 20:25:36,532 - INFO -   训练损失: 3.95 | 验证损失: 4.52
2025-12-02 20:25:36,532 - INFO -   mAP@0.5: 0.9131
2025-12-02 20:25:36,532 - INFO -   mAP@0.5:0.95: 0.7288
2025-12-02 20:25:36,532 - INFO - Epoch 114:
2025-12-02 20:25:36,532 - INFO -   训练损失: 3.95 | 验证损失: 4.53
2025-12-02 20:25:36,532 - INFO -   mAP@0.5: 0.9126
2025-12-02 20:25:36,532 - INFO -   mAP@0.5:0.95: 0.7290
2025-12-02 20:25:36,532 - INFO - Epoch 115:
2025-12-02 20:25:36,532 - INFO -   训练损失: 3.95 | 验证损失: 4.52
2025-12-02 20:25:36,532 - INFO -   mAP@0.5: 0.9134
2025-12-02 20:25:36,532 - INFO -   mAP@0.5:0.95: 0.7304
2025-12-02 20:25:36,532 - INFO - Epoch 116:
2025-12-02 20:25:36,532 - INFO -   训练损失: 3.93 | 验证损失: 4.53
2025-12-02 20:25:36,532 - INFO -   mAP@0.5: 0.9125
2025-12-02 20:25:36,532 - INFO -   mAP@0.5:0.95: 0.7297
2025-12-02 20:25:36,532 - INFO - Epoch 117:
2025-12-02 20:25:36,532 - INFO -   训练损失: 3.93 | 验证损失: 4.52
2025-12-02 20:25:36,532 - INFO -   mAP@0.5: 0.9116
2025-12-02 20:25:36,532 - INFO -   mAP@0.5:0.95: 0.7298
2025-12-02 20:25:36,533 - INFO - Epoch 118:
2025-12-02 20:25:36,533 - INFO -   训练损失: 3.92 | 验证损失: 4.52
2025-12-02 20:25:36,533 - INFO -   mAP@0.5: 0.9132
2025-12-02 20:25:36,533 - INFO -   mAP@0.5:0.95: 0.7307
2025-12-02 20:25:36,533 - INFO - Epoch 119:
2025-12-02 20:25:36,533 - INFO -   训练损失: 3.91 | 验证损失: 4.52
2025-12-02 20:25:36,533 - INFO -   mAP@0.5: 0.9143
2025-12-02 20:25:36,533 - INFO -   mAP@0.5:0.95: 0.7314
2025-12-02 20:25:36,533 - INFO - Epoch 120:
2025-12-02 20:25:36,533 - INFO -   训练损失: 3.91 | 验证损失: 4.53
2025-12-02 20:25:36,533 - INFO -   mAP@0.5: 0.9142
2025-12-02 20:25:36,533 - INFO -   mAP@0.5:0.95: 0.7315
2025-12-02 20:25:36,533 - INFO - Epoch 121:
2025-12-02 20:25:36,533 - INFO -   训练损失: 3.91 | 验证损失: 4.52
2025-12-02 20:25:36,533 - INFO -   mAP@0.5: 0.9144
2025-12-02 20:25:36,533 - INFO -   mAP@0.5:0.95: 0.7320
2025-12-02 20:25:36,533 - INFO - Epoch 122:
2025-12-02 20:25:36,533 - INFO -   训练损失: 3.90 | 验证损失: 4.52
2025-12-02 20:25:36,533 - INFO -   mAP@0.5: 0.9135
2025-12-02 20:25:36,533 - INFO -   mAP@0.5:0.95: 0.7316
2025-12-02 20:25:36,533 - INFO - Epoch 123:
2025-12-02 20:25:36,533 - INFO -   训练损失: 3.89 | 验证损失: 4.52
2025-12-02 20:25:36,533 - INFO -   mAP@0.5: 0.9136
2025-12-02 20:25:36,533 - INFO -   mAP@0.5:0.95: 0.7315
2025-12-02 20:25:36,533 - INFO - Epoch 124:
2025-12-02 20:25:36,533 - INFO -   训练损失: 3.89 | 验证损失: 4.53
2025-12-02 20:25:36,533 - INFO -   mAP@0.5: 0.9129
2025-12-02 20:25:36,534 - INFO -   mAP@0.5:0.95: 0.7305
2025-12-02 20:25:36,534 - INFO - Epoch 125:
2025-12-02 20:25:36,534 - INFO -   训练损失: 3.88 | 验证损失: 4.53
2025-12-02 20:25:36,534 - INFO -   mAP@0.5: 0.9130
2025-12-02 20:25:36,534 - INFO -   mAP@0.5:0.95: 0.7305
2025-12-02 20:25:36,534 - INFO - Epoch 126:
2025-12-02 20:25:36,534 - INFO -   训练损失: 3.88 | 验证损失: 4.53
2025-12-02 20:25:36,534 - INFO -   mAP@0.5: 0.9129
2025-12-02 20:25:36,534 - INFO -   mAP@0.5:0.95: 0.7309
2025-12-02 20:25:36,535 - INFO - Epoch 127:
2025-12-02 20:25:36,535 - INFO -   训练损失: 3.87 | 验证损失: 4.54
2025-12-02 20:25:36,535 - INFO -   mAP@0.5: 0.9122
2025-12-02 20:25:36,535 - INFO -   mAP@0.5:0.95: 0.7294
2025-12-02 20:25:36,535 - INFO - Epoch 128:
2025-12-02 20:25:36,535 - INFO -   训练损失: 3.86 | 验证损失: 4.55
2025-12-02 20:25:36,535 - INFO -   mAP@0.5: 0.9123
2025-12-02 20:25:36,535 - INFO -   mAP@0.5:0.95: 0.7292
2025-12-02 20:25:36,536 - INFO - Epoch 129:
2025-12-02 20:25:36,536 - INFO -   训练损失: 3.85 | 验证损失: 4.55
2025-12-02 20:25:36,536 - INFO -   mAP@0.5: 0.9127
2025-12-02 20:25:36,536 - INFO -   mAP@0.5:0.95: 0.7291
2025-12-02 20:25:36,536 - INFO - Epoch 130:
2025-12-02 20:25:36,536 - INFO -   训练损失: 3.85 | 验证损失: 4.56
2025-12-02 20:25:36,536 - INFO -   mAP@0.5: 0.9124
2025-12-02 20:25:36,536 - INFO -   mAP@0.5:0.95: 0.7282
2025-12-02 20:25:36,536 - INFO - Epoch 131:
2025-12-02 20:25:36,536 - INFO -   训练损失: 3.84 | 验证损失: 4.57
2025-12-02 20:25:36,536 - INFO -   mAP@0.5: 0.9113
2025-12-02 20:25:36,536 - INFO -   mAP@0.5:0.95: 0.7265
2025-12-02 20:25:36,537 - INFO - Epoch 132:
2025-12-02 20:25:36,537 - INFO -   训练损失: 3.83 | 验证损失: 4.57
2025-12-02 20:25:36,537 - INFO -   mAP@0.5: 0.9114
2025-12-02 20:25:36,537 - INFO -   mAP@0.5:0.95: 0.7270
2025-12-02 20:25:36,537 - INFO - Epoch 133:
2025-12-02 20:25:36,537 - INFO -   训练损失: 3.83 | 验证损失: 4.57
2025-12-02 20:25:36,537 - INFO -   mAP@0.5: 0.9108
2025-12-02 20:25:36,537 - INFO -   mAP@0.5:0.95: 0.7264
2025-12-02 20:25:36,537 - INFO - Epoch 134:
2025-12-02 20:25:36,537 - INFO -   训练损失: 3.82 | 验证损失: 4.56
2025-12-02 20:25:36,537 - INFO -   mAP@0.5: 0.9108
2025-12-02 20:25:36,537 - INFO -   mAP@0.5:0.95: 0.7266
2025-12-02 20:25:36,537 - INFO - Epoch 135:
2025-12-02 20:25:36,537 - INFO -   训练损失: 3.81 | 验证损失: 4.56
2025-12-02 20:25:36,537 - INFO -   mAP@0.5: 0.9105
2025-12-02 20:25:36,537 - INFO -   mAP@0.5:0.95: 0.7261
2025-12-02 20:25:36,537 - INFO - Epoch 136:
2025-12-02 20:25:36,537 - INFO -   训练损失: 3.82 | 验证损失: 4.56
2025-12-02 20:25:36,537 - INFO -   mAP@0.5: 0.9106
2025-12-02 20:25:36,537 - INFO -   mAP@0.5:0.95: 0.7271
2025-12-02 20:25:36,538 - INFO - Epoch 137:
2025-12-02 20:25:36,538 - INFO -   训练损失: 3.81 | 验证损失: 4.56
2025-12-02 20:25:36,538 - INFO -   mAP@0.5: 0.9108
2025-12-02 20:25:36,538 - INFO -   mAP@0.5:0.95: 0.7272
2025-12-02 20:25:36,538 - INFO - Epoch 138:
2025-12-02 20:25:36,538 - INFO -   训练损失: 3.80 | 验证损失: 4.56
2025-12-02 20:25:36,538 - INFO -   mAP@0.5: 0.9110
2025-12-02 20:25:36,538 - INFO -   mAP@0.5:0.95: 0.7276
2025-12-02 20:25:36,538 - INFO - Epoch 139:
2025-12-02 20:25:36,538 - INFO -   训练损失: 3.79 | 验证损失: 4.56
2025-12-02 20:25:36,538 - INFO -   mAP@0.5: 0.9105
2025-12-02 20:25:36,538 - INFO -   mAP@0.5:0.95: 0.7269
2025-12-02 20:25:36,538 - INFO - Epoch 140:
2025-12-02 20:25:36,538 - INFO -   训练损失: 3.78 | 验证损失: 4.56
2025-12-02 20:25:36,538 - INFO -   mAP@0.5: 0.9101
2025-12-02 20:25:36,538 - INFO -   mAP@0.5:0.95: 0.7265
2025-12-02 20:25:36,538 - INFO - Epoch 141:
2025-12-02 20:25:36,538 - INFO -   训练损失: 3.78 | 验证损失: 4.57
2025-12-02 20:25:36,538 - INFO -   mAP@0.5: 0.9098
2025-12-02 20:25:36,538 - INFO -   mAP@0.5:0.95: 0.7266
2025-12-02 20:25:36,539 - INFO - Epoch 142:
2025-12-02 20:25:36,539 - INFO -   训练损失: 3.78 | 验证损失: 4.57
2025-12-02 20:25:36,539 - INFO -   mAP@0.5: 0.9100
2025-12-02 20:25:36,539 - INFO -   mAP@0.5:0.95: 0.7274
2025-12-02 20:25:36,539 - INFO - Epoch 143:
2025-12-02 20:25:36,539 - INFO -   训练损失: 3.78 | 验证损失: 4.57
2025-12-02 20:25:36,539 - INFO -   mAP@0.5: 0.9096
2025-12-02 20:25:36,539 - INFO -   mAP@0.5:0.95: 0.7269
2025-12-02 20:25:36,539 - INFO - Epoch 144:
2025-12-02 20:25:36,539 - INFO -   训练损失: 3.76 | 验证损失: 4.56
2025-12-02 20:25:36,539 - INFO -   mAP@0.5: 0.9094
2025-12-02 20:25:36,539 - INFO -   mAP@0.5:0.95: 0.7266
2025-12-02 20:25:36,539 - INFO - Epoch 145:
2025-12-02 20:25:36,539 - INFO -   训练损失: 3.76 | 验证损失: 4.56
2025-12-02 20:25:36,539 - INFO -   mAP@0.5: 0.9104
2025-12-02 20:25:36,539 - INFO -   mAP@0.5:0.95: 0.7267
2025-12-02 20:25:36,539 - INFO - Epoch 146:
2025-12-02 20:25:36,539 - INFO -   训练损失: 3.74 | 验证损失: 4.57
2025-12-02 20:25:36,539 - INFO -   mAP@0.5: 0.9092
2025-12-02 20:25:36,539 - INFO -   mAP@0.5:0.95: 0.7261
2025-12-02 20:25:36,539 - INFO - Epoch 147:
2025-12-02 20:25:36,539 - INFO -   训练损失: 3.74 | 验证损失: 4.57
2025-12-02 20:25:36,540 - INFO -   mAP@0.5: 0.9091
2025-12-02 20:25:36,540 - INFO -   mAP@0.5:0.95: 0.7259
2025-12-02 20:25:36,540 - INFO - Epoch 148:
2025-12-02 20:25:36,540 - INFO -   训练损失: 3.74 | 验证损失: 4.58
2025-12-02 20:25:36,540 - INFO -   mAP@0.5: 0.9086
2025-12-02 20:25:36,540 - INFO -   mAP@0.5:0.95: 0.7256
2025-12-02 20:25:36,540 - INFO - Epoch 149:
2025-12-02 20:25:36,540 - INFO -   训练损失: 3.73 | 验证损失: 4.58
2025-12-02 20:25:36,540 - INFO -   mAP@0.5: 0.9087
2025-12-02 20:25:36,540 - INFO -   mAP@0.5:0.95: 0.7260
2025-12-02 20:25:36,540 - INFO - Epoch 150:
2025-12-02 20:25:36,540 - INFO -   训练损失: 3.73 | 验证损失: 4.58
2025-12-02 20:25:36,540 - INFO -   mAP@0.5: 0.9088
2025-12-02 20:25:36,540 - INFO -   mAP@0.5:0.95: 0.7261
2025-12-02 20:25:36,540 - INFO - Epoch 151:
2025-12-02 20:25:36,540 - INFO -   训练损失: 3.72 | 验证损失: 4.59
2025-12-02 20:25:36,540 - INFO -   mAP@0.5: 0.9081
2025-12-02 20:25:36,540 - INFO -   mAP@0.5:0.95: 0.7256
2025-12-02 20:25:36,540 - INFO - Epoch 152:
2025-12-02 20:25:36,540 - INFO -   训练损失: 3.71 | 验证损失: 4.59
2025-12-02 20:25:36,540 - INFO -   mAP@0.5: 0.9076
2025-12-02 20:25:36,540 - INFO -   mAP@0.5:0.95: 0.7248
2025-12-02 20:25:36,540 - INFO - Epoch 153:
2025-12-02 20:25:36,540 - INFO -   训练损失: 3.71 | 验证损失: 4.60
2025-12-02 20:25:36,540 - INFO -   mAP@0.5: 0.9077
2025-12-02 20:25:36,540 - INFO -   mAP@0.5:0.95: 0.7249
2025-12-02 20:25:36,540 - INFO - Epoch 154:
2025-12-02 20:25:36,540 - INFO -   训练损失: 3.70 | 验证损失: 4.60
2025-12-02 20:25:36,540 - INFO -   mAP@0.5: 0.9073
2025-12-02 20:25:36,541 - INFO -   mAP@0.5:0.95: 0.7248
2025-12-02 20:25:36,541 - INFO - Epoch 155:
2025-12-02 20:25:36,541 - INFO -   训练损失: 3.69 | 验证损失: 4.61
2025-12-02 20:25:36,541 - INFO -   mAP@0.5: 0.9071
2025-12-02 20:25:36,541 - INFO -   mAP@0.5:0.95: 0.7243
2025-12-02 20:25:36,541 - INFO - Epoch 156:
2025-12-02 20:25:36,541 - INFO -   训练损失: 3.69 | 验证损失: 4.61
2025-12-02 20:25:36,541 - INFO -   mAP@0.5: 0.9070
2025-12-02 20:25:36,541 - INFO -   mAP@0.5:0.95: 0.7238
2025-12-02 20:25:36,541 - INFO - Epoch 157:
2025-12-02 20:25:36,541 - INFO -   训练损失: 3.68 | 验证损失: 4.61
2025-12-02 20:25:36,541 - INFO -   mAP@0.5: 0.9068
2025-12-02 20:25:36,541 - INFO -   mAP@0.5:0.95: 0.7236
2025-12-02 20:25:36,541 - INFO - Epoch 158:
2025-12-02 20:25:36,541 - INFO -   训练损失: 3.68 | 验证损失: 4.62
2025-12-02 20:25:36,541 - INFO -   mAP@0.5: 0.9061
2025-12-02 20:25:36,541 - INFO -   mAP@0.5:0.95: 0.7228
2025-12-02 20:25:36,541 - INFO - Epoch 159:
2025-12-02 20:25:36,541 - INFO -   训练损失: 3.67 | 验证损失: 4.62
2025-12-02 20:25:36,541 - INFO -   mAP@0.5: 0.9061
2025-12-02 20:25:36,541 - INFO -   mAP@0.5:0.95: 0.7229
2025-12-02 20:25:36,541 - INFO - Epoch 160:
2025-12-02 20:25:36,541 - INFO -   训练损失: 3.67 | 验证损失: 4.62
2025-12-02 20:25:36,541 - INFO -   mAP@0.5: 0.9058
2025-12-02 20:25:36,541 - INFO -   mAP@0.5:0.95: 0.7228
2025-12-02 20:25:36,541 - INFO - Epoch 161:
2025-12-02 20:25:36,541 - INFO -   训练损失: 3.66 | 验证损失: 4.63
2025-12-02 20:25:36,541 - INFO -   mAP@0.5: 0.9053
2025-12-02 20:25:36,541 - INFO -   mAP@0.5:0.95: 0.7219
2025-12-02 20:25:36,542 - INFO - Epoch 162:
2025-12-02 20:25:36,542 - INFO -   训练损失: 3.66 | 验证损失: 4.63
2025-12-02 20:25:36,542 - INFO -   mAP@0.5: 0.9050
2025-12-02 20:25:36,542 - INFO -   mAP@0.5:0.95: 0.7219
2025-12-02 20:25:36,542 - INFO - Epoch 163:
2025-12-02 20:25:36,542 - INFO -   训练损失: 3.65 | 验证损失: 4.64
2025-12-02 20:25:36,542 - INFO -   mAP@0.5: 0.9047
2025-12-02 20:25:36,542 - INFO -   mAP@0.5:0.95: 0.7215
2025-12-02 20:25:36,542 - INFO - Epoch 164:
2025-12-02 20:25:36,542 - INFO -   训练损失: 3.64 | 验证损失: 4.64
2025-12-02 20:25:36,542 - INFO -   mAP@0.5: 0.9041
2025-12-02 20:25:36,542 - INFO -   mAP@0.5:0.95: 0.7209
2025-12-02 20:25:36,542 - INFO - Epoch 165:
2025-12-02 20:25:36,542 - INFO -   训练损失: 3.64 | 验证损失: 4.64
2025-12-02 20:25:36,542 - INFO -   mAP@0.5: 0.9041
2025-12-02 20:25:36,542 - INFO -   mAP@0.5:0.95: 0.7209
2025-12-02 20:25:36,542 - INFO - Epoch 166:
2025-12-02 20:25:36,542 - INFO -   训练损失: 3.63 | 验证损失: 4.65
2025-12-02 20:25:36,542 - INFO -   mAP@0.5: 0.9036
2025-12-02 20:25:36,542 - INFO -   mAP@0.5:0.95: 0.7206
2025-12-02 20:25:36,542 - INFO - Epoch 167:
2025-12-02 20:25:36,542 - INFO -   训练损失: 3.63 | 验证损失: 4.65
2025-12-02 20:25:36,542 - INFO -   mAP@0.5: 0.9035
2025-12-02 20:25:36,542 - INFO -   mAP@0.5:0.95: 0.7204
2025-12-02 20:25:36,542 - INFO - Epoch 168:
2025-12-02 20:25:36,542 - INFO -   训练损失: 3.63 | 验证损失: 4.66
2025-12-02 20:25:36,542 - INFO -   mAP@0.5: 0.9033
2025-12-02 20:25:36,542 - INFO -   mAP@0.5:0.95: 0.7201
2025-12-02 20:25:36,542 - INFO - Epoch 169:
2025-12-02 20:25:36,542 - INFO -   训练损失: 3.62 | 验证损失: 4.66
2025-12-02 20:25:36,542 - INFO -   mAP@0.5: 0.9026
2025-12-02 20:25:36,543 - INFO -   mAP@0.5:0.95: 0.7193
2025-12-02 20:25:36,543 - INFO - Epoch 170:
2025-12-02 20:25:36,543 - INFO -   训练损失: 3.62 | 验证损失: 4.67
2025-12-02 20:25:36,543 - INFO -   mAP@0.5: 0.9025
2025-12-02 20:25:36,543 - INFO -   mAP@0.5:0.95: 0.7193
2025-12-02 20:25:36,543 - INFO - Epoch 171:
2025-12-02 20:25:36,543 - INFO -   训练损失: 3.61 | 验证损失: 4.67
2025-12-02 20:25:36,543 - INFO -   mAP@0.5: 0.9024
2025-12-02 20:25:36,543 - INFO -   mAP@0.5:0.95: 0.7191
2025-12-02 20:25:36,543 - INFO - Epoch 172:
2025-12-02 20:25:36,543 - INFO -   训练损失: 3.61 | 验证损失: 4.67
2025-12-02 20:25:36,543 - INFO -   mAP@0.5: 0.9022
2025-12-02 20:25:36,543 - INFO -   mAP@0.5:0.95: 0.7190
2025-12-02 20:25:36,543 - INFO - Epoch 173:
2025-12-02 20:25:36,543 - INFO -   训练损失: 3.61 | 验证损失: 4.68
2025-12-02 20:25:36,543 - INFO -   mAP@0.5: 0.9016
2025-12-02 20:25:36,543 - INFO -   mAP@0.5:0.95: 0.7184
2025-12-02 20:25:36,543 - INFO - Epoch 174:
2025-12-02 20:25:36,543 - INFO -   训练损失: 3.60 | 验证损失: 4.68
2025-12-02 20:25:36,543 - INFO -   mAP@0.5: 0.9013
2025-12-02 20:25:36,543 - INFO -   mAP@0.5:0.95: 0.7184
2025-12-02 20:25:36,543 - INFO - Epoch 175:
2025-12-02 20:25:36,543 - INFO -   训练损失: 3.60 | 验证损失: 4.68
2025-12-02 20:25:36,543 - INFO -   mAP@0.5: 0.9011
2025-12-02 20:25:36,543 - INFO -   mAP@0.5:0.95: 0.7178
2025-12-02 20:25:36,543 - INFO - Epoch 176:
2025-12-02 20:25:36,543 - INFO -   训练损失: 3.59 | 验证损失: 4.69
2025-12-02 20:25:36,543 - INFO -   mAP@0.5: 0.9009
2025-12-02 20:25:36,543 - INFO -   mAP@0.5:0.95: 0.7175
2025-12-02 20:25:36,544 - INFO - Epoch 177:
2025-12-02 20:25:36,544 - INFO -   训练损失: 3.59 | 验证损失: 4.69
2025-12-02 20:25:36,544 - INFO -   mAP@0.5: 0.9008
2025-12-02 20:25:36,544 - INFO -   mAP@0.5:0.95: 0.7172
2025-12-02 20:25:36,544 - INFO - Epoch 178:
2025-12-02 20:25:36,544 - INFO -   训练损失: 3.59 | 验证损失: 4.69
2025-12-02 20:25:36,544 - INFO -   mAP@0.5: 0.9003
2025-12-02 20:25:36,544 - INFO -   mAP@0.5:0.95: 0.7168
2025-12-02 20:25:36,544 - INFO - Epoch 179:
2025-12-02 20:25:36,544 - INFO -   训练损失: 3.58 | 验证损失: 4.70
2025-12-02 20:25:36,544 - INFO -   mAP@0.5: 0.9001
2025-12-02 20:25:36,544 - INFO -   mAP@0.5:0.95: 0.7165
2025-12-02 20:25:36,544 - INFO - Epoch 180:
2025-12-02 20:25:36,544 - INFO -   训练损失: 3.58 | 验证损失: 4.70
2025-12-02 20:25:36,544 - INFO -   mAP@0.5: 0.8997
2025-12-02 20:25:36,544 - INFO -   mAP@0.5:0.95: 0.7163
2025-12-02 20:25:36,544 - INFO - Epoch 181:
2025-12-02 20:25:36,544 - INFO -   训练损失: 3.57 | 验证损失: 4.70
2025-12-02 20:25:36,544 - INFO -   mAP@0.5: 0.8998
2025-12-02 20:25:36,544 - INFO -   mAP@0.5:0.95: 0.7163
2025-12-02 20:25:36,544 - INFO - Epoch 182:
2025-12-02 20:25:36,544 - INFO -   训练损失: 3.57 | 验证损失: 4.71
2025-12-02 20:25:36,544 - INFO -   mAP@0.5: 0.8993
2025-12-02 20:25:36,544 - INFO -   mAP@0.5:0.95: 0.7158
2025-12-02 20:25:36,544 - INFO - Epoch 183:
2025-12-02 20:25:36,544 - INFO -   训练损失: 3.57 | 验证损失: 4.71
2025-12-02 20:25:36,544 - INFO -   mAP@0.5: 0.8992
2025-12-02 20:25:36,544 - INFO -   mAP@0.5:0.95: 0.7157
2025-12-02 20:25:36,544 - INFO - Epoch 184:
2025-12-02 20:25:36,544 - INFO -   训练损失: 3.56 | 验证损失: 4.71
2025-12-02 20:25:36,545 - INFO -   mAP@0.5: 0.8990
2025-12-02 20:25:36,545 - INFO -   mAP@0.5:0.95: 0.7155
2025-12-02 20:25:36,545 - INFO - Epoch 185:
2025-12-02 20:25:36,545 - INFO -   训练损失: 3.57 | 验证损失: 4.71
2025-12-02 20:25:36,545 - INFO -   mAP@0.5: 0.8988
2025-12-02 20:25:36,545 - INFO -   mAP@0.5:0.95: 0.7152
2025-12-02 20:25:36,545 - INFO - Epoch 186:
2025-12-02 20:25:36,545 - INFO -   训练损失: 3.57 | 验证损失: 4.72
2025-12-02 20:25:36,545 - INFO -   mAP@0.5: 0.8986
2025-12-02 20:25:36,545 - INFO -   mAP@0.5:0.95: 0.7148
2025-12-02 20:25:36,545 - INFO - Epoch 187:
2025-12-02 20:25:36,545 - INFO -   训练损失: 3.56 | 验证损失: 4.72
2025-12-02 20:25:36,545 - INFO -   mAP@0.5: 0.8984
2025-12-02 20:25:36,545 - INFO -   mAP@0.5:0.95: 0.7145
2025-12-02 20:25:36,545 - INFO - Epoch 188:
2025-12-02 20:25:36,545 - INFO -   训练损失: 3.56 | 验证损失: 4.72
2025-12-02 20:25:36,545 - INFO -   mAP@0.5: 0.8983
2025-12-02 20:25:36,545 - INFO -   mAP@0.5:0.95: 0.7144
2025-12-02 20:25:36,545 - INFO - Epoch 189:
2025-12-02 20:25:36,545 - INFO -   训练损失: 3.55 | 验证损失: 4.72
2025-12-02 20:25:36,545 - INFO -   mAP@0.5: 0.8981
2025-12-02 20:25:36,545 - INFO -   mAP@0.5:0.95: 0.7142
2025-12-02 20:25:36,545 - INFO - Epoch 190:
2025-12-02 20:25:36,545 - INFO -   训练损失: 3.55 | 验证损失: 4.72
2025-12-02 20:25:36,545 - INFO -   mAP@0.5: 0.8980
2025-12-02 20:25:36,545 - INFO -   mAP@0.5:0.95: 0.7140
2025-12-02 20:25:36,545 - INFO - Epoch 191:
2025-12-02 20:25:36,545 - INFO -   训练损失: 3.55 | 验证损失: 4.73
2025-12-02 20:25:36,545 - INFO -   mAP@0.5: 0.8978
2025-12-02 20:25:36,545 - INFO -   mAP@0.5:0.95: 0.7139
2025-12-02 20:25:36,546 - INFO - Epoch 192:
2025-12-02 20:25:36,546 - INFO -   训练损失: 3.55 | 验证损失: 4.73
2025-12-02 20:25:36,546 - INFO -   mAP@0.5: 0.8978
2025-12-02 20:25:36,546 - INFO -   mAP@0.5:0.95: 0.7137
2025-12-02 20:25:36,546 - INFO - Epoch 193:
2025-12-02 20:25:36,546 - INFO -   训练损失: 3.55 | 验证损失: 4.73
2025-12-02 20:25:36,546 - INFO -   mAP@0.5: 0.8977
2025-12-02 20:25:36,546 - INFO -   mAP@0.5:0.95: 0.7134
2025-12-02 20:25:36,546 - INFO - Epoch 194:
2025-12-02 20:25:36,546 - INFO -   训练损失: 3.55 | 验证损失: 4.73
2025-12-02 20:25:36,546 - INFO -   mAP@0.5: 0.8976
2025-12-02 20:25:36,546 - INFO -   mAP@0.5:0.95: 0.7132
2025-12-02 20:25:36,546 - INFO - Epoch 195:
2025-12-02 20:25:36,546 - INFO -   训练损失: 3.54 | 验证损失: 4.73
2025-12-02 20:25:36,546 - INFO -   mAP@0.5: 0.8975
2025-12-02 20:25:36,546 - INFO -   mAP@0.5:0.95: 0.7131
2025-12-02 20:25:36,546 - INFO - Epoch 196:
2025-12-02 20:25:36,546 - INFO -   训练损失: 3.54 | 验证损失: 4.73
2025-12-02 20:25:36,546 - INFO -   mAP@0.5: 0.8972
2025-12-02 20:25:36,546 - INFO -   mAP@0.5:0.95: 0.7128
2025-12-02 20:25:36,546 - INFO - Epoch 197:
2025-12-02 20:25:36,546 - INFO -   训练损失: 3.54 | 验证损失: 4.74
2025-12-02 20:25:36,546 - INFO -   mAP@0.5: 0.8969
2025-12-02 20:25:36,546 - INFO -   mAP@0.5:0.95: 0.7125
2025-12-02 20:25:36,546 - INFO - Epoch 198:
2025-12-02 20:25:36,546 - INFO -   训练损失: 3.54 | 验证损失: 4.74
2025-12-02 20:25:36,546 - INFO -   mAP@0.5: 0.8972
2025-12-02 20:25:36,546 - INFO -   mAP@0.5:0.95: 0.7124
2025-12-02 20:25:36,546 - INFO - Epoch 199:
2025-12-02 20:25:36,547 - INFO -   训练损失: 3.54 | 验证损失: 4.74
2025-12-02 20:25:36,547 - INFO -   mAP@0.5: 0.8969
2025-12-02 20:25:36,547 - INFO -   mAP@0.5:0.95: 0.7122
2025-12-02 20:25:36,547 - INFO - Epoch 200:
2025-12-02 20:25:36,547 - INFO -   训练损失: 3.54 | 验证损失: 4.74
2025-12-02 20:25:36,547 - INFO -   mAP@0.5: 0.8970
2025-12-02 20:25:36,547 - INFO -   mAP@0.5:0.95: 0.7122
2025-12-02 20:25:36,547 - INFO - ================================================================================
2025-12-02 20:25:37,116 - INFO - ✓ 训练曲线已保存到: logs/yolo_v10l_20251202_112836/training_curves.png
2025-12-02 20:25:37,145 - INFO - ✓ 已创建统一命名的最佳模型: logs/yolo_v10l_20251202_112836/best_model.pth
2025-12-02 20:25:37,173 - INFO - ✓ 已创建统一命名的最新检查点: logs/yolo_v10l_20251202_112836/latest_checkpoint.pth
2025-12-02 20:25:37,174 - INFO - ✓ 已创建统一命名的训练历史: logs/yolo_v10l_20251202_112836/training_history.csv
2025-12-02 20:25:37,174 - INFO - ✓ 最佳模型: logs/yolo_v10l_20251202_112836/best_model.pth
2025-12-02 20:25:37,174 - INFO - ✓ 最佳mAP@0.5:0.95: 0.7345
2025-12-02 20:25:37,174 - INFO - ✓ 最佳mAP@0.5: 0.9188
2025-12-02 20:25:37,174 - INFO - ✓ 所有输出已保存到: logs/yolo_v10l_20251202_112836
2025-12-02 20:25:37,174 - INFO - ================================================================================
