2025-11-25 11:42:05,715 - INFO - 从本地文件加载预训练权重: pretrained/rtdetrv2_r34vd_120e_coco_ema.pth
2025-11-25 11:42:05,806 - INFO - ✓ 检测到EMA checkpoint格式
2025-11-25 11:42:05,821 - INFO - ✓ 成功加载预训练权重: 654/654 个参数
2025-11-25 11:42:05,821 - INFO -   - 跳过类别相关参数: 11 个（COCO 80类 → DAIR-V2X 8类）
2025-11-25 11:42:05,821 - INFO -   - Backbone: 234 个参数
2025-11-25 11:42:05,821 - INFO -   - Encoder: 270 个参数
2025-11-25 11:42:05,821 - INFO -   - Decoder: 150 个参数
2025-11-25 11:42:05,821 - INFO -   - 模型新增参数: 22 个（将随机初始化）
2025-11-25 11:42:06,027 - INFO - ✓ 已启用GPU优化: cudnn.benchmark=True, TF32=True
2025-11-25 11:42:06,027 - INFO - ✓ 创建DSET RT-DETR模型
2025-11-25 11:42:06,027 - INFO -   Decoder专家数量: 8
2025-11-25 11:42:06,028 - INFO -   Backbone: presnet34
2025-11-25 11:42:06,028 - INFO -   Encoder: in_channels=[128, 256, 512], expansion=0.5, num_layers=1
2025-11-25 11:42:06,028 - INFO -   Encoder MoE设计: 层间共享
2025-11-25 11:42:06,028 - INFO -   双稀疏配置（DSET核心特性，必然启用）:
2025-11-25 11:42:06,028 - INFO -     - Patch-MoE: 启用 (experts=8, top_k=4, patch_size=4)
2025-11-25 11:42:06,028 - INFO -     - Patch-level Pruning: 启用（与 Patch-MoE 兼容）
2025-11-25 11:42:06,028 - INFO -       → keep_ratio=0.7, warmup=10
2025-11-25 11:42:06,028 - INFO -   损失权重配置:
2025-11-25 11:42:06,028 - INFO -     - Token Pruning Loss: True (weight=0.01)
2025-11-25 11:42:06,028 - INFO -     - Decoder MoE: 0.05
2025-11-25 11:42:06,028 - INFO -     - Encoder MoE: 0.03
2025-11-25 11:42:08,051 - INFO - ✓ 创建数据加载器
2025-11-25 11:42:08,052 - INFO -   训练集: 5042 | 验证集: 2016
2025-11-25 11:42:08,059 - INFO - ✓ 预训练参数组: 181 个参数, lr=1e-05
2025-11-25 11:42:08,064 - INFO - ✓ Norm层参数组: 122 个参数, lr=0.0001, wd=0
2025-11-25 11:42:08,068 - INFO - ✓ 新参数组: 169 个参数, lr=0.0001
2025-11-25 11:42:08,070 - INFO - ✓ 使用CosineAnnealingLR调度器 (eta_min=1e-06)
2025-11-25 11:42:08,070 - INFO - ✓ 学习率预热 3 epochs
2025-11-25 11:42:08,186 - INFO - ⏱️  Early Stopping: 启用 (patience=35, metric=mAP_0.5_0.95, mode=max)
2025-11-25 11:42:08,187 - INFO - 推理输出目录: logs/dset8_r34_20251125_114205/inference_samples
2025-11-25 11:42:08,187 - INFO - 开始训练 200 epochs
2025-11-25 11:42:08,187 - INFO - ✓ 梯度裁剪: max_norm=10.0
2025-11-25 11:42:33,870 - INFO - Epoch 0 | Batch 0 | Loss: 39.22 (Det: 39.02, MoE: 4.4437)
2025-11-25 11:45:16,792 - INFO - Epoch 0 | Batch 50 | Loss: 24.23 (Det: 24.02, MoE: 4.2773)
2025-11-25 11:47:26,727 - INFO - Epoch 0:
2025-11-25 11:47:26,728 - INFO -   训练损失: 27.27 | 验证损失: 2.62
2025-11-25 11:47:26,728 - INFO -   (前30个epoch仅计算loss，跳过mAP评估)
2025-11-25 11:47:26,728 - INFO -   检测损失: 27.07
2025-11-25 11:47:26,728 - INFO -   Decoder MoE损失: 4.1079
2025-11-25 11:47:26,728 - INFO -   Encoder Patch-MoE Balance损失: 0.1710
2025-11-25 11:47:26,728 - INFO -   Encoder Patch-MoE Entropy损失: -2.0782
2025-11-25 11:47:26,728 - INFO -   Encoder MoE总损失: -1.9072
2025-11-25 11:47:26,728 - INFO -   Token Pruning损失: 0.007320
2025-11-25 11:47:26,728 - INFO -   MoE总损失: 4.2789
2025-11-25 11:47:26,728 - INFO -   Decoder专家使用率: [12.54%, 12.84%, 15.45%, 10.53%, 10.27%, 9.32%, 11.50%, 17.56%]
2025-11-25 11:47:26,728 - INFO -   🎉 新的最佳验证损失: 2.62
2025-11-25 11:47:39,990 - INFO - 💾 保存最新检查点: logs/dset8_r34_20251125_114205/latest_checkpoint.pth
2025-11-25 11:47:49,870 - INFO - Epoch 1 | Batch 0 | Loss: 22.87 (Det: 22.67, MoE: 4.2193)
2025-11-25 11:50:33,101 - INFO - Epoch 1 | Batch 50 | Loss: 20.33 (Det: 20.13, MoE: 4.2450)
2025-11-25 11:52:34,917 - INFO - Epoch 1:
2025-11-25 11:52:34,917 - INFO -   训练损失: 21.10 | 验证损失: 2.37
2025-11-25 11:52:34,917 - INFO -   (前30个epoch仅计算loss，跳过mAP评估)
2025-11-25 11:52:34,917 - INFO -   检测损失: 20.90
2025-11-25 11:52:34,917 - INFO -   Decoder MoE损失: 4.0784
2025-11-25 11:52:34,917 - INFO -   Encoder Patch-MoE Balance损失: 0.1600
2025-11-25 11:52:34,918 - INFO -   Encoder Patch-MoE Entropy损失: -2.0792
2025-11-25 11:52:34,918 - INFO -   Encoder MoE总损失: -1.9192
2025-11-25 11:52:34,918 - INFO -   Token Pruning损失: 0.002993
2025-11-25 11:52:34,918 - INFO -   MoE总损失: 4.2384
2025-11-25 11:52:34,918 - INFO -   Decoder专家使用率: [12.81%, 15.34%, 12.32%, 10.57%, 9.40%, 10.52%, 13.45%, 15.59%]
2025-11-25 11:52:34,918 - INFO -   🎉 新的最佳验证损失: 2.37
2025-11-25 11:52:48,708 - INFO - 💾 保存最新检查点: logs/dset8_r34_20251125_114205/latest_checkpoint.pth
2025-11-25 11:53:00,151 - INFO - Epoch 2 | Batch 0 | Loss: 19.20 (Det: 19.00, MoE: 4.2588)
2025-11-25 11:55:41,523 - INFO - Epoch 2 | Batch 50 | Loss: 17.21 (Det: 17.01, MoE: 4.2831)
2025-11-25 11:57:41,375 - INFO - Epoch 2:
2025-11-25 11:57:41,375 - INFO -   训练损失: 17.53 | 验证损失: 2.01
2025-11-25 11:57:41,376 - INFO -   (前30个epoch仅计算loss，跳过mAP评估)
2025-11-25 11:57:41,376 - INFO -   检测损失: 17.33
2025-11-25 11:57:41,376 - INFO -   Decoder MoE损失: 4.1122
2025-11-25 11:57:41,376 - INFO -   Encoder Patch-MoE Balance损失: 0.1611
2025-11-25 11:57:41,376 - INFO -   Encoder Patch-MoE Entropy损失: -2.0792
2025-11-25 11:57:41,376 - INFO -   Encoder MoE总损失: -1.9181
2025-11-25 11:57:41,376 - INFO -   Token Pruning损失: 0.002299
2025-11-25 11:57:41,376 - INFO -   MoE总损失: 4.2733
2025-11-25 11:57:41,376 - INFO -   Decoder专家使用率: [14.29%, 15.46%, 9.92%, 10.90%, 10.00%, 11.22%, 15.14%, 13.09%]
2025-11-25 11:57:41,376 - INFO -   🎉 新的最佳验证损失: 2.01
2025-11-25 11:57:54,001 - INFO - 💾 保存最新检查点: logs/dset8_r34_20251125_114205/latest_checkpoint.pth
2025-11-25 11:58:05,341 - INFO - Epoch 3 | Batch 0 | Loss: 16.15 (Det: 15.95, MoE: 4.2560)
2025-11-25 12:00:48,216 - INFO - Epoch 3 | Batch 50 | Loss: 15.09 (Det: 14.89, MoE: 4.2609)
2025-11-25 12:02:48,054 - INFO - Epoch 3:
2025-11-25 12:02:48,055 - INFO -   训练损失: 15.47 | 验证损失: 1.80
2025-11-25 12:02:48,055 - INFO -   (前30个epoch仅计算loss，跳过mAP评估)
2025-11-25 12:02:48,055 - INFO -   检测损失: 15.27
2025-11-25 12:02:48,055 - INFO -   Decoder MoE损失: 4.1043
2025-11-25 12:02:48,055 - INFO -   Encoder Patch-MoE Balance损失: 0.1570
2025-11-25 12:02:48,055 - INFO -   Encoder Patch-MoE Entropy损失: -2.0793
2025-11-25 12:02:48,055 - INFO -   Encoder MoE总损失: -1.9223
2025-11-25 12:02:48,055 - INFO -   Token Pruning损失: 0.001756
2025-11-25 12:02:48,055 - INFO -   MoE总损失: 4.2613
2025-11-25 12:02:48,055 - INFO -   Decoder专家使用率: [14.74%, 14.10%, 9.59%, 11.42%, 11.37%, 12.44%, 14.61%, 11.71%]
2025-11-25 12:02:48,055 - INFO -   🎉 新的最佳验证损失: 1.80
2025-11-25 12:02:50,274 - INFO - 💾 保存最新检查点: logs/dset8_r34_20251125_114205/latest_checkpoint.pth
2025-11-25 12:03:01,822 - INFO - Epoch 4 | Batch 0 | Loss: 14.67 (Det: 14.47, MoE: 4.2588)
2025-11-25 12:05:43,880 - INFO - Epoch 4 | Batch 50 | Loss: 14.08 (Det: 13.88, MoE: 4.2610)
2025-11-25 12:07:45,530 - INFO - Epoch 4:
2025-11-25 12:07:45,530 - INFO -   训练损失: 14.37 | 验证损失: 1.69
2025-11-25 12:07:45,530 - INFO -   (前30个epoch仅计算loss，跳过mAP评估)
2025-11-25 12:07:45,530 - INFO -   检测损失: 14.17
2025-11-25 12:07:45,530 - INFO -   Decoder MoE损失: 4.1021
2025-11-25 12:07:45,530 - INFO -   Encoder Patch-MoE Balance损失: 0.1558
2025-11-25 12:07:45,530 - INFO -   Encoder Patch-MoE Entropy损失: -2.0793
2025-11-25 12:07:45,530 - INFO -   Encoder MoE总损失: -1.9235
2025-11-25 12:07:45,530 - INFO -   Token Pruning损失: 0.001493
2025-11-25 12:07:45,530 - INFO -   MoE总损失: 4.2579
2025-11-25 12:07:45,530 - INFO -   Decoder专家使用率: [15.59%, 13.66%, 9.59%, 12.18%, 11.49%, 12.43%, 14.00%, 11.07%]
2025-11-25 12:07:45,530 - INFO -   🎉 新的最佳验证损失: 1.69
2025-11-25 12:07:47,650 - INFO - 💾 保存最新检查点: logs/dset8_r34_20251125_114205/latest_checkpoint.pth
2025-11-25 12:07:59,873 - INFO - Epoch 5 | Batch 0 | Loss: 13.90 (Det: 13.70, MoE: 4.2603)
2025-11-25 12:10:40,273 - INFO - Epoch 5 | Batch 50 | Loss: 14.07 (Det: 13.87, MoE: 4.2678)
2025-11-25 12:12:40,770 - INFO - Epoch 5:
2025-11-25 12:12:40,770 - INFO -   训练损失: 13.81 | 验证损失: 1.68
2025-11-25 12:12:40,770 - INFO -   (前30个epoch仅计算loss，跳过mAP评估)
2025-11-25 12:12:40,770 - INFO -   检测损失: 13.61
2025-11-25 12:12:40,770 - INFO -   Decoder MoE损失: 4.1102
2025-11-25 12:12:40,770 - INFO -   Encoder Patch-MoE Balance损失: 0.1555
2025-11-25 12:12:40,770 - INFO -   Encoder Patch-MoE Entropy损失: -2.0793
2025-11-25 12:12:40,770 - INFO -   Encoder MoE总损失: -1.9239
2025-11-25 12:12:40,770 - INFO -   Token Pruning损失: 0.001364
2025-11-25 12:12:40,770 - INFO -   MoE总损失: 4.2656
2025-11-25 12:12:40,770 - INFO -   Decoder专家使用率: [15.43%, 13.39%, 10.18%, 12.70%, 11.30%, 12.83%, 13.58%, 10.60%]
2025-11-25 12:12:40,770 - INFO -   🎉 新的最佳验证损失: 1.68
2025-11-25 12:12:42,856 - INFO - 💾 保存最新检查点: logs/dset8_r34_20251125_114205/latest_checkpoint.pth
2025-11-25 12:12:53,459 - INFO - Epoch 6 | Batch 0 | Loss: 13.78 (Det: 13.58, MoE: 4.2715)
2025-11-25 12:15:35,042 - INFO - Epoch 6 | Batch 50 | Loss: 13.39 (Det: 13.19, MoE: 4.2862)
2025-11-25 12:17:35,829 - INFO - Epoch 6:
2025-11-25 12:17:35,830 - INFO -   训练损失: 13.40 | 验证损失: 1.51
2025-11-25 12:17:35,830 - INFO -   (前30个epoch仅计算loss，跳过mAP评估)
2025-11-25 12:17:35,830 - INFO -   检测损失: 13.20
2025-11-25 12:17:35,830 - INFO -   Decoder MoE损失: 4.1159
2025-11-25 12:17:35,830 - INFO -   Encoder Patch-MoE Balance损失: 0.1623
2025-11-25 12:17:35,830 - INFO -   Encoder Patch-MoE Entropy损失: -2.0793
2025-11-25 12:17:35,830 - INFO -   Encoder MoE总损失: -1.9171
2025-11-25 12:17:35,830 - INFO -   Token Pruning损失: 0.001255
2025-11-25 12:17:35,830 - INFO -   MoE总损失: 4.2782
2025-11-25 12:17:35,830 - INFO -   Decoder专家使用率: [15.02%, 13.43%, 10.77%, 12.80%, 11.33%, 12.82%, 13.43%, 10.40%]
2025-11-25 12:17:35,830 - INFO -   🎉 新的最佳验证损失: 1.51
2025-11-25 12:17:37,849 - INFO - 💾 保存最新检查点: logs/dset8_r34_20251125_114205/latest_checkpoint.pth
2025-11-25 12:17:47,540 - INFO - Epoch 7 | Batch 0 | Loss: 13.15 (Det: 12.95, MoE: 4.2642)
2025-11-25 12:20:29,050 - INFO - Epoch 7 | Batch 50 | Loss: 13.16 (Det: 12.96, MoE: 4.2537)
2025-11-25 12:22:30,672 - INFO - Epoch 7:
2025-11-25 12:22:30,672 - INFO -   训练损失: 12.96 | 验证损失: 1.47
2025-11-25 12:22:30,672 - INFO -   (前30个epoch仅计算loss，跳过mAP评估)
2025-11-25 12:22:30,672 - INFO -   检测损失: 12.76
2025-11-25 12:22:30,672 - INFO -   Decoder MoE损失: 4.1201
2025-11-25 12:22:30,672 - INFO -   Encoder Patch-MoE Balance损失: 0.1515
2025-11-25 12:22:30,672 - INFO -   Encoder Patch-MoE Entropy损失: -2.0794
2025-11-25 12:22:30,672 - INFO -   Encoder MoE总损失: -1.9278
2025-11-25 12:22:30,672 - INFO -   Token Pruning损失: 0.001066
2025-11-25 12:22:30,672 - INFO -   MoE总损失: 4.2717
2025-11-25 12:22:30,672 - INFO -   Decoder专家使用率: [14.98%, 13.44%, 10.84%, 12.67%, 11.20%, 13.21%, 13.39%, 10.28%]
2025-11-25 12:22:30,673 - INFO -   🎉 新的最佳验证损失: 1.47
2025-11-25 12:22:32,714 - INFO - 💾 保存最新检查点: logs/dset8_r34_20251125_114205/latest_checkpoint.pth
2025-11-25 12:22:45,265 - INFO - Epoch 8 | Batch 0 | Loss: 12.76 (Det: 12.56, MoE: 4.2945)
2025-11-25 12:25:26,618 - INFO - Epoch 8 | Batch 50 | Loss: 12.30 (Det: 12.10, MoE: 4.2927)
2025-11-25 12:27:27,079 - INFO - Epoch 8:
2025-11-25 12:27:27,079 - INFO -   训练损失: 12.79 | 验证损失: 1.49
2025-11-25 12:27:27,079 - INFO -   (前30个epoch仅计算loss，跳过mAP评估)
2025-11-25 12:27:27,079 - INFO -   检测损失: 12.59
2025-11-25 12:27:27,079 - INFO -   Decoder MoE损失: 4.1219
2025-11-25 12:27:27,079 - INFO -   Encoder Patch-MoE Balance损失: 0.1521
2025-11-25 12:27:27,079 - INFO -   Encoder Patch-MoE Entropy损失: -2.0794
2025-11-25 12:27:27,079 - INFO -   Encoder MoE总损失: -1.9273
2025-11-25 12:27:27,079 - INFO -   Token Pruning损失: 0.001033
2025-11-25 12:27:27,079 - INFO -   MoE总损失: 4.2739
2025-11-25 12:27:27,079 - INFO -   Decoder专家使用率: [14.90%, 13.42%, 10.97%, 12.63%, 11.25%, 13.24%, 13.27%, 10.32%]
2025-11-25 12:27:29,117 - INFO - 💾 保存最新检查点: logs/dset8_r34_20251125_114205/latest_checkpoint.pth
2025-11-25 12:27:39,019 - INFO - Epoch 9 | Batch 0 | Loss: 12.94 (Det: 12.74, MoE: 4.3050)
2025-11-25 12:30:19,942 - INFO - Epoch 9 | Batch 50 | Loss: 12.50 (Det: 12.30, MoE: 4.2534)
2025-11-25 12:32:19,274 - INFO - Epoch 9:
2025-11-25 12:32:19,274 - INFO -   训练损失: 12.50 | 验证损失: 1.41
2025-11-25 12:32:19,274 - INFO -   (前30个epoch仅计算loss，跳过mAP评估)
2025-11-25 12:32:19,274 - INFO -   检测损失: 12.30
2025-11-25 12:32:19,274 - INFO -   Decoder MoE损失: 4.1236
2025-11-25 12:32:19,274 - INFO -   Encoder Patch-MoE Balance损失: 0.1565
2025-11-25 12:32:19,274 - INFO -   Encoder Patch-MoE Entropy损失: -2.0794
2025-11-25 12:32:19,274 - INFO -   Encoder MoE总损失: -1.9229
2025-11-25 12:32:19,274 - INFO -   Token Pruning损失: 0.001004
2025-11-25 12:32:19,274 - INFO -   MoE总损失: 4.2801
2025-11-25 12:32:19,274 - INFO -   Decoder专家使用率: [14.77%, 13.41%, 11.19%, 12.65%, 11.31%, 13.29%, 13.26%, 10.12%]
2025-11-25 12:32:19,274 - INFO -   🎉 新的最佳验证损失: 1.41
2025-11-25 12:32:21,330 - INFO - 💾 保存最新检查点: logs/dset8_r34_20251125_114205/latest_checkpoint.pth
2025-11-25 12:32:23,765 - INFO - [DEBUG] Epoch 10: pruner.current_epoch=10, pruner.pruning_enabled=True, pruner.warmup_epochs=10
2025-11-25 12:32:31,420 - INFO - Epoch 10 | Batch 0 | Loss: 15.60 (Det: 15.40, MoE: 4.2769)
2025-11-25 12:35:15,108 - INFO - Epoch 10 | Batch 50 | Loss: 13.44 (Det: 13.24, MoE: 4.2731)
2025-11-25 12:37:16,326 - INFO - Epoch 10:
2025-11-25 12:37:16,326 - INFO -   训练损失: 13.70 | 验证损失: 1.39
2025-11-25 12:37:16,326 - INFO -   (前30个epoch仅计算loss，跳过mAP评估)
2025-11-25 12:37:16,326 - INFO -   检测损失: 13.50
2025-11-25 12:37:16,326 - INFO -   Decoder MoE损失: 4.1109
2025-11-25 12:37:16,326 - INFO -   Encoder Patch-MoE Balance损失: 0.1654
2025-11-25 12:37:16,326 - INFO -   Encoder Patch-MoE Entropy损失: -2.0793
2025-11-25 12:37:16,326 - INFO -   Encoder MoE总损失: -1.9139
2025-11-25 12:37:16,326 - INFO -   Token Pruning损失: 0.001146
2025-11-25 12:37:16,326 - INFO -   MoE总损失: 4.2763
2025-11-25 12:37:16,326 - INFO -   Decoder专家使用率: [14.91%, 13.31%, 11.17%, 12.49%, 11.33%, 13.20%, 13.27%, 10.32%]
2025-11-25 12:37:16,327 - INFO -   🎉 新的最佳验证损失: 1.39
2025-11-25 12:37:18,355 - INFO - 💾 保存最新检查点: logs/dset8_r34_20251125_114205/latest_checkpoint.pth
2025-11-25 12:37:30,351 - INFO - Epoch 11 | Batch 0 | Loss: 13.39 (Det: 13.19, MoE: 4.2820)
2025-11-25 12:40:12,394 - INFO - Epoch 11 | Batch 50 | Loss: 12.81 (Det: 12.61, MoE: 4.2509)
2025-11-25 12:42:14,304 - INFO - Epoch 11:
2025-11-25 12:42:14,304 - INFO -   训练损失: 13.02 | 验证损失: 1.46
2025-11-25 12:42:14,304 - INFO -   (前30个epoch仅计算loss，跳过mAP评估)
2025-11-25 12:42:14,305 - INFO -   检测损失: 12.82
2025-11-25 12:42:14,305 - INFO -   Decoder MoE损失: 4.1089
2025-11-25 12:42:14,305 - INFO -   Encoder Patch-MoE Balance损失: 0.1573
2025-11-25 12:42:14,305 - INFO -   Encoder Patch-MoE Entropy损失: -2.0794
2025-11-25 12:42:14,305 - INFO -   Encoder MoE总损失: -1.9220
2025-11-25 12:42:14,305 - INFO -   Token Pruning损失: 0.000957
2025-11-25 12:42:14,305 - INFO -   MoE总损失: 4.2662
2025-11-25 12:42:14,305 - INFO -   Decoder专家使用率: [14.52%, 13.19%, 11.30%, 12.84%, 11.42%, 13.12%, 13.18%, 10.44%]
2025-11-25 12:42:16,366 - INFO - 💾 保存最新检查点: logs/dset8_r34_20251125_114205/latest_checkpoint.pth
2025-11-25 12:42:28,246 - INFO - Epoch 12 | Batch 0 | Loss: 13.45 (Det: 13.25, MoE: 4.2412)
2025-11-25 12:45:10,298 - INFO - Epoch 12 | Batch 50 | Loss: 12.93 (Det: 12.73, MoE: 4.2843)
2025-11-25 12:47:13,426 - INFO - Epoch 12:
2025-11-25 12:47:13,427 - INFO -   训练损失: 13.04 | 验证损失: 1.40
2025-11-25 12:47:13,427 - INFO -   (前30个epoch仅计算loss，跳过mAP评估)
2025-11-25 12:47:13,427 - INFO -   检测损失: 12.84
2025-11-25 12:47:13,427 - INFO -   Decoder MoE损失: 4.0969
2025-11-25 12:47:13,427 - INFO -   Encoder Patch-MoE Balance损失: 0.1557
2025-11-25 12:47:13,427 - INFO -   Encoder Patch-MoE Entropy损失: -2.0794
2025-11-25 12:47:13,427 - INFO -   Encoder MoE总损失: -1.9237
2025-11-25 12:47:13,427 - INFO -   Token Pruning损失: 0.000846
2025-11-25 12:47:13,427 - INFO -   MoE总损失: 4.2527
2025-11-25 12:47:13,427 - INFO -   Decoder专家使用率: [14.67%, 12.95%, 11.28%, 12.87%, 11.47%, 12.98%, 13.07%, 10.70%]
2025-11-25 12:47:15,437 - INFO - 💾 保存最新检查点: logs/dset8_r34_20251125_114205/latest_checkpoint.pth
2025-11-25 12:47:25,191 - INFO - Epoch 13 | Batch 0 | Loss: 12.54 (Det: 12.34, MoE: 4.2215)
2025-11-25 12:50:07,012 - INFO - Epoch 13 | Batch 50 | Loss: 13.00 (Det: 12.80, MoE: 4.2633)
2025-11-25 12:52:08,389 - INFO - Epoch 13:
2025-11-25 12:52:08,390 - INFO -   训练损失: 12.66 | 验证损失: 1.44
2025-11-25 12:52:08,390 - INFO -   (前30个epoch仅计算loss，跳过mAP评估)
2025-11-25 12:52:08,390 - INFO -   检测损失: 12.47
2025-11-25 12:52:08,390 - INFO -   Decoder MoE损失: 4.0899
2025-11-25 12:52:08,390 - INFO -   Encoder Patch-MoE Balance损失: 0.1525
2025-11-25 12:52:08,390 - INFO -   Encoder Patch-MoE Entropy损失: -2.0794
2025-11-25 12:52:08,390 - INFO -   Encoder MoE总损失: -1.9269
2025-11-25 12:52:08,390 - INFO -   Token Pruning损失: 0.000738
2025-11-25 12:52:08,390 - INFO -   MoE总损失: 4.2424
2025-11-25 12:52:08,390 - INFO -   Decoder专家使用率: [14.39%, 12.61%, 11.36%, 12.84%, 11.77%, 13.06%, 12.99%, 10.97%]
2025-11-25 12:52:10,410 - INFO - 💾 保存最新检查点: logs/dset8_r34_20251125_114205/latest_checkpoint.pth
2025-11-25 12:52:21,407 - INFO - Epoch 14 | Batch 0 | Loss: 12.73 (Det: 12.53, MoE: 4.2132)
2025-11-25 12:55:03,858 - INFO - Epoch 14 | Batch 50 | Loss: 12.72 (Det: 12.52, MoE: 4.2594)
2025-11-25 12:57:04,971 - INFO - Epoch 14:
2025-11-25 12:57:04,972 - INFO -   训练损失: 12.71 | 验证损失: 1.37
2025-11-25 12:57:04,972 - INFO -   (前30个epoch仅计算loss，跳过mAP评估)
2025-11-25 12:57:04,972 - INFO -   检测损失: 12.51
2025-11-25 12:57:04,972 - INFO -   Decoder MoE损失: 4.0861
2025-11-25 12:57:04,972 - INFO -   Encoder Patch-MoE Balance损失: 0.1556
2025-11-25 12:57:04,972 - INFO -   Encoder Patch-MoE Entropy损失: -2.0794
2025-11-25 12:57:04,972 - INFO -   Encoder MoE总损失: -1.9238
2025-11-25 12:57:04,972 - INFO -   Token Pruning损失: 0.000720
2025-11-25 12:57:04,972 - INFO -   MoE总损失: 4.2417
2025-11-25 12:57:04,972 - INFO -   Decoder专家使用率: [14.49%, 12.45%, 11.32%, 12.83%, 11.65%, 13.00%, 13.01%, 11.25%]
2025-11-25 12:57:04,972 - INFO -   🎉 新的最佳验证损失: 1.37
2025-11-25 12:57:06,993 - INFO - 💾 保存最新检查点: logs/dset8_r34_20251125_114205/latest_checkpoint.pth
2025-11-25 12:57:09,411 - INFO - [DEBUG] Epoch 15: pruner.current_epoch=15, pruner.pruning_enabled=True, pruner.warmup_epochs=10
2025-11-25 12:57:18,209 - INFO - Epoch 15 | Batch 0 | Loss: 15.01 (Det: 14.81, MoE: 4.2389)
2025-11-25 12:59:45,252 - INFO - Epoch 15 | Batch 50 | Loss: 12.76 (Det: 12.56, MoE: 4.2418)
2025-11-25 13:01:38,069 - INFO - Epoch 15:
2025-11-25 13:01:38,069 - INFO -   训练损失: 13.34 | 验证损失: 1.67
2025-11-25 13:01:38,069 - INFO -   (前30个epoch仅计算loss，跳过mAP评估)
2025-11-25 13:01:38,069 - INFO -   检测损失: 13.14
2025-11-25 13:01:38,069 - INFO -   Decoder MoE损失: 4.0782
2025-11-25 13:01:38,070 - INFO -   Encoder Patch-MoE Balance损失: 0.1580
2025-11-25 13:01:38,070 - INFO -   Encoder Patch-MoE Entropy损失: -2.0794
2025-11-25 13:01:38,070 - INFO -   Encoder MoE总损失: -1.9213
2025-11-25 13:01:38,070 - INFO -   Token Pruning损失: 0.000721
2025-11-25 13:01:38,070 - INFO -   MoE总损失: 4.2362
2025-11-25 13:01:38,070 - INFO -   Decoder专家使用率: [14.49%, 12.44%, 11.46%, 12.59%, 11.71%, 12.93%, 12.79%, 11.61%]
2025-11-25 13:01:40,454 - INFO - 💾 保存最新检查点: logs/dset8_r34_20251125_114205/latest_checkpoint.pth
2025-11-25 13:01:51,728 - INFO - Epoch 16 | Batch 0 | Loss: 13.41 (Det: 13.21, MoE: 4.2283)
2025-11-25 13:04:20,791 - INFO - Epoch 16 | Batch 50 | Loss: 12.89 (Det: 12.70, MoE: 4.2372)
2025-11-25 13:06:11,509 - INFO - Epoch 16:
2025-11-25 13:06:11,509 - INFO -   训练损失: 12.75 | 验证损失: 1.61
2025-11-25 13:06:11,509 - INFO -   (前30个epoch仅计算loss，跳过mAP评估)
2025-11-25 13:06:11,509 - INFO -   检测损失: 12.55
2025-11-25 13:06:11,509 - INFO -   Decoder MoE损失: 4.0749
2025-11-25 13:06:11,509 - INFO -   Encoder Patch-MoE Balance损失: 0.1564
2025-11-25 13:06:11,509 - INFO -   Encoder Patch-MoE Entropy损失: -2.0794
2025-11-25 13:06:11,509 - INFO -   Encoder MoE总损失: -1.9230
2025-11-25 13:06:11,510 - INFO -   Token Pruning损失: 0.000605
2025-11-25 13:06:11,510 - INFO -   MoE总损失: 4.2313
2025-11-25 13:06:11,510 - INFO -   Decoder专家使用率: [14.32%, 12.49%, 11.55%, 12.53%, 11.87%, 12.80%, 12.94%, 11.50%]
2025-11-25 13:06:13,707 - INFO - 💾 保存最新检查点: logs/dset8_r34_20251125_114205/latest_checkpoint.pth
2025-11-25 13:06:25,235 - INFO - Epoch 17 | Batch 0 | Loss: 12.45 (Det: 12.25, MoE: 4.2076)
2025-11-25 13:08:51,558 - INFO - Epoch 17 | Batch 50 | Loss: 12.36 (Det: 12.16, MoE: 4.2404)
2025-11-25 13:10:43,402 - INFO - Epoch 17:
2025-11-25 13:10:43,403 - INFO -   训练损失: 12.40 | 验证损失: 1.42
2025-11-25 13:10:43,403 - INFO -   (前30个epoch仅计算loss，跳过mAP评估)
2025-11-25 13:10:43,403 - INFO -   检测损失: 12.20
2025-11-25 13:10:43,403 - INFO -   Decoder MoE损失: 4.0672
2025-11-25 13:10:43,403 - INFO -   Encoder Patch-MoE Balance损失: 0.1650
2025-11-25 13:10:43,403 - INFO -   Encoder Patch-MoE Entropy损失: -2.0794
2025-11-25 13:10:43,403 - INFO -   Encoder MoE总损失: -1.9145
2025-11-25 13:10:43,403 - INFO -   Token Pruning损失: 0.000616
2025-11-25 13:10:43,403 - INFO -   MoE总损失: 4.2321
2025-11-25 13:10:43,403 - INFO -   Decoder专家使用率: [14.11%, 12.94%, 11.58%, 12.35%, 12.14%, 11.92%, 13.48%, 11.48%]
2025-11-25 13:10:46,094 - INFO - 💾 保存最新检查点: logs/dset8_r34_20251125_114205/latest_checkpoint.pth
2025-11-25 13:10:55,757 - INFO - Epoch 18 | Batch 0 | Loss: 11.64 (Det: 11.45, MoE: 4.2148)
2025-11-25 13:13:23,419 - INFO - Epoch 18 | Batch 50 | Loss: 11.60 (Det: 11.41, MoE: 4.2016)
2025-11-25 13:15:24,765 - INFO - Epoch 18:
2025-11-25 13:15:24,766 - INFO -   训练损失: 11.32 | 验证损失: 1.30
2025-11-25 13:15:24,766 - INFO -   (前30个epoch仅计算loss，跳过mAP评估)
2025-11-25 13:15:24,766 - INFO -   检测损失: 11.12
2025-11-25 13:15:24,766 - INFO -   Decoder MoE损失: 4.0681
2025-11-25 13:15:24,766 - INFO -   Encoder Patch-MoE Balance损失: 0.1556
2025-11-25 13:15:24,766 - INFO -   Encoder Patch-MoE Entropy损失: -2.0794
2025-11-25 13:15:24,766 - INFO -   Encoder MoE总损失: -1.9238
2025-11-25 13:15:24,766 - INFO -   Token Pruning损失: 0.000557
2025-11-25 13:15:24,766 - INFO -   MoE总损失: 4.2238
2025-11-25 13:15:24,766 - INFO -   Decoder专家使用率: [13.69%, 12.97%, 11.65%, 12.23%, 12.48%, 12.01%, 13.22%, 11.73%]
2025-11-25 13:15:24,766 - INFO -   🎉 新的最佳验证损失: 1.30
2025-11-25 13:15:26,958 - INFO - 💾 保存最新检查点: logs/dset8_r34_20251125_114205/latest_checkpoint.pth
2025-11-25 13:15:38,699 - INFO - Epoch 19 | Batch 0 | Loss: 11.03 (Det: 10.83, MoE: 4.2473)
2025-11-25 13:18:07,194 - INFO - Epoch 19 | Batch 50 | Loss: 10.47 (Det: 10.28, MoE: 4.1627)
2025-11-25 13:19:59,301 - INFO - Epoch 19:
2025-11-25 13:19:59,301 - INFO -   训练损失: 10.67 | 验证损失: 1.20
2025-11-25 13:19:59,301 - INFO -   (前30个epoch仅计算loss，跳过mAP评估)
2025-11-25 13:19:59,301 - INFO -   检测损失: 10.47
2025-11-25 13:19:59,301 - INFO -   Decoder MoE损失: 4.0723
2025-11-25 13:19:59,301 - INFO -   Encoder Patch-MoE Balance损失: 0.1484
2025-11-25 13:19:59,301 - INFO -   Encoder Patch-MoE Entropy损失: -2.0794
2025-11-25 13:19:59,301 - INFO -   Encoder MoE总损失: -1.9310
2025-11-25 13:19:59,301 - INFO -   Token Pruning损失: 0.000445
2025-11-25 13:19:59,301 - INFO -   MoE总损失: 4.2207
2025-11-25 13:19:59,301 - INFO -   Decoder专家使用率: [13.52%, 13.17%, 11.68%, 12.10%, 12.88%, 12.11%, 13.16%, 11.38%]
2025-11-25 13:19:59,301 - INFO -   🎉 新的最佳验证损失: 1.20
2025-11-25 13:20:01,617 - INFO - 💾 保存最新检查点: logs/dset8_r34_20251125_114205/latest_checkpoint.pth
2025-11-25 13:20:04,312 - INFO - [DEBUG] Epoch 20: pruner.current_epoch=20, pruner.pruning_enabled=True, pruner.warmup_epochs=10
2025-11-25 13:20:12,075 - INFO - Epoch 20 | Batch 0 | Loss: 10.16 (Det: 9.97, MoE: 4.1694)
2025-11-25 13:22:39,825 - INFO - Epoch 20 | Batch 50 | Loss: 9.90 (Det: 9.70, MoE: 4.2197)
2025-11-25 13:24:31,777 - INFO - Epoch 20:
2025-11-25 13:24:31,777 - INFO -   训练损失: 9.98 | 验证损失: 1.09
2025-11-25 13:24:31,777 - INFO -   (前30个epoch仅计算loss，跳过mAP评估)
2025-11-25 13:24:31,777 - INFO -   检测损失: 9.78
2025-11-25 13:24:31,777 - INFO -   Decoder MoE损失: 4.0512
2025-11-25 13:24:31,777 - INFO -   Encoder Patch-MoE Balance损失: 0.1516
2025-11-25 13:24:31,777 - INFO -   Encoder Patch-MoE Entropy损失: -2.0794
2025-11-25 13:24:31,777 - INFO -   Encoder MoE总损失: -1.9278
2025-11-25 13:24:31,777 - INFO -   Token Pruning损失: 0.000389
2025-11-25 13:24:31,777 - INFO -   MoE总损失: 4.2028
2025-11-25 13:24:31,778 - INFO -   Decoder专家使用率: [13.69%, 12.77%, 11.84%, 12.07%, 12.71%, 12.28%, 13.02%, 11.62%]
2025-11-25 13:24:31,778 - INFO -   🎉 新的最佳验证损失: 1.09
2025-11-25 13:24:34,000 - INFO - 💾 保存最新检查点: logs/dset8_r34_20251125_114205/latest_checkpoint.pth
2025-11-25 13:24:42,898 - INFO - Epoch 21 | Batch 0 | Loss: 9.60 (Det: 9.41, MoE: 4.2000)
2025-11-25 13:27:10,792 - INFO - Epoch 21 | Batch 50 | Loss: 9.48 (Det: 9.28, MoE: 4.2112)
2025-11-25 13:29:01,786 - INFO - Epoch 21:
2025-11-25 13:29:01,786 - INFO -   训练损失: 9.60 | 验证损失: 1.06
2025-11-25 13:29:01,786 - INFO -   (前30个epoch仅计算loss，跳过mAP评估)
2025-11-25 13:29:01,786 - INFO -   🎉 新的最佳验证损失: 1.06
2025-11-25 13:29:04,438 - INFO - 💾 保存最新检查点: logs/dset8_r34_20251125_114205/latest_checkpoint.pth
2025-11-25 13:29:14,874 - INFO - Epoch 22 | Batch 0 | Loss: 9.58 (Det: 9.38, MoE: 4.1951)
2025-11-25 13:31:41,715 - INFO - Epoch 22 | Batch 50 | Loss: 9.25 (Det: 9.05, MoE: 4.1921)
2025-11-25 13:33:33,462 - INFO - Epoch 22:
2025-11-25 13:33:33,463 - INFO -   训练损失: 9.39 | 验证损失: 1.03
2025-11-25 13:33:33,463 - INFO -   (前30个epoch仅计算loss，跳过mAP评估)
2025-11-25 13:33:33,464 - INFO -   🎉 新的最佳验证损失: 1.03
2025-11-25 13:33:35,860 - INFO - 💾 保存最新检查点: logs/dset8_r34_20251125_114205/latest_checkpoint.pth
2025-11-25 13:33:48,489 - INFO - Epoch 23 | Batch 0 | Loss: 9.40 (Det: 9.21, MoE: 4.1791)
2025-11-25 13:36:14,304 - INFO - Epoch 23 | Batch 50 | Loss: 9.14 (Det: 8.95, MoE: 4.1869)
2025-11-25 13:38:07,723 - INFO - Epoch 23:
2025-11-25 13:38:07,724 - INFO -   训练损失: 9.22 | 验证损失: 1.01
2025-11-25 13:38:07,724 - INFO -   (前30个epoch仅计算loss，跳过mAP评估)
2025-11-25 13:38:07,724 - INFO -   🎉 新的最佳验证损失: 1.01
2025-11-25 13:38:10,103 - INFO - 💾 保存最新检查点: logs/dset8_r34_20251125_114205/latest_checkpoint.pth
2025-11-25 13:38:21,298 - INFO - Epoch 24 | Batch 0 | Loss: 8.83 (Det: 8.63, MoE: 4.1796)
2025-11-25 13:40:50,686 - INFO - Epoch 24 | Batch 50 | Loss: 9.30 (Det: 9.11, MoE: 4.1873)
2025-11-25 13:42:44,345 - INFO - Epoch 24:
2025-11-25 13:42:44,345 - INFO -   训练损失: 9.08 | 验证损失: 1.00
2025-11-25 13:42:44,345 - INFO -   (前30个epoch仅计算loss，跳过mAP评估)
2025-11-25 13:42:44,345 - INFO -   🎉 新的最佳验证损失: 1.00
2025-11-25 13:42:46,914 - INFO - 💾 保存最新检查点: logs/dset8_r34_20251125_114205/latest_checkpoint.pth
2025-11-25 13:42:49,539 - INFO - [DEBUG] Epoch 25: pruner.current_epoch=25, pruner.pruning_enabled=True, pruner.warmup_epochs=10
2025-11-25 13:42:59,141 - INFO - Epoch 25 | Batch 0 | Loss: 8.75 (Det: 8.56, MoE: 4.1362)
2025-11-25 13:45:24,722 - INFO - Epoch 25 | Batch 50 | Loss: 8.84 (Det: 8.64, MoE: 4.1744)
2025-11-25 13:47:20,271 - INFO - Epoch 25:
2025-11-25 13:47:20,271 - INFO -   训练损失: 8.94 | 验证损失: 0.98
2025-11-25 13:47:20,271 - INFO -   (前30个epoch仅计算loss，跳过mAP评估)
2025-11-25 13:47:20,272 - INFO -   检测损失: 8.75
2025-11-25 13:47:20,272 - INFO -   Decoder MoE损失: 4.0248
2025-11-25 13:47:20,272 - INFO -   Encoder Patch-MoE Balance损失: 0.1601
2025-11-25 13:47:20,272 - INFO -   Encoder Patch-MoE Entropy损失: -2.0794
2025-11-25 13:47:20,272 - INFO -   Encoder MoE总损失: -1.9193
2025-11-25 13:47:20,272 - INFO -   Token Pruning损失: 0.000265
2025-11-25 13:47:20,272 - INFO -   MoE总损失: 4.1849
2025-11-25 13:47:20,272 - INFO -   Decoder专家使用率: [13.30%, 12.58%, 11.84%, 12.24%, 12.71%, 12.41%, 12.93%, 11.98%]
2025-11-25 13:47:20,272 - INFO -   🎉 新的最佳验证损失: 0.98
2025-11-25 13:47:22,856 - INFO - 💾 保存最新检查点: logs/dset8_r34_20251125_114205/latest_checkpoint.pth
2025-11-25 13:47:34,750 - INFO - Epoch 26 | Batch 0 | Loss: 9.05 (Det: 8.85, MoE: 4.1452)
2025-11-25 13:50:03,293 - INFO - Epoch 26 | Batch 50 | Loss: 8.73 (Det: 8.53, MoE: 4.1975)
2025-11-25 13:51:56,196 - INFO - Epoch 26:
2025-11-25 13:51:56,196 - INFO -   训练损失: 8.81 | 验证损失: 0.97
2025-11-25 13:51:56,196 - INFO -   (前30个epoch仅计算loss，跳过mAP评估)
2025-11-25 13:51:56,196 - INFO -   🎉 新的最佳验证损失: 0.97
2025-11-25 13:51:58,261 - INFO - 💾 保存最新检查点: logs/dset8_r34_20251125_114205/latest_checkpoint.pth
2025-11-25 13:52:08,659 - INFO - Epoch 27 | Batch 0 | Loss: 8.56 (Det: 8.37, MoE: 4.1812)
2025-11-25 13:54:39,998 - INFO - Epoch 27 | Batch 50 | Loss: 8.76 (Det: 8.56, MoE: 4.1837)
2025-11-25 13:56:33,951 - INFO - Epoch 27:
2025-11-25 13:56:33,952 - INFO -   训练损失: 8.71 | 验证损失: 0.95
2025-11-25 13:56:33,952 - INFO -   (前30个epoch仅计算loss，跳过mAP评估)
2025-11-25 13:56:33,952 - INFO -   🎉 新的最佳验证损失: 0.95
2025-11-25 13:56:36,506 - INFO - 💾 保存最新检查点: logs/dset8_r34_20251125_114205/latest_checkpoint.pth
2025-11-25 13:56:47,304 - INFO - Epoch 28 | Batch 0 | Loss: 8.62 (Det: 8.42, MoE: 4.1491)
2025-11-25 13:59:16,695 - INFO - Epoch 28 | Batch 50 | Loss: 8.73 (Det: 8.53, MoE: 4.1682)
2025-11-25 14:01:09,543 - INFO - Epoch 28:
2025-11-25 14:01:09,543 - INFO -   训练损失: 8.58 | 验证损失: 0.95
2025-11-25 14:01:09,543 - INFO -   (前30个epoch仅计算loss，跳过mAP评估)
2025-11-25 14:01:09,544 - INFO -   🎉 新的最佳验证损失: 0.95
2025-11-25 14:01:12,206 - INFO - 💾 保存最新检查点: logs/dset8_r34_20251125_114205/latest_checkpoint.pth
2025-11-25 14:01:22,871 - INFO - Epoch 29 | Batch 0 | Loss: 8.54 (Det: 8.34, MoE: 4.1530)
2025-11-25 14:03:49,829 - INFO - Epoch 29 | Batch 50 | Loss: 8.36 (Det: 8.16, MoE: 4.1853)
2025-11-25 14:05:50,231 - INFO - Epoch 29:
2025-11-25 14:05:50,231 - INFO -   训练损失: 8.49 | 验证损失: 0.93
2025-11-25 14:05:50,231 - INFO -   (前30个epoch仅计算loss，跳过mAP评估)
2025-11-25 14:05:50,231 - INFO -   🎉 新的最佳验证损失: 0.93
2025-11-25 14:05:52,703 - INFO - 💾 保存最新检查点: logs/dset8_r34_20251125_114205/latest_checkpoint.pth
2025-11-25 14:05:55,400 - INFO - [DEBUG] Epoch 30: pruner.current_epoch=30, pruner.pruning_enabled=True, pruner.warmup_epochs=10
2025-11-25 14:06:04,803 - INFO - Epoch 30 | Batch 0 | Loss: 8.41 (Det: 8.21, MoE: 4.1567)
2025-11-25 14:08:32,417 - INFO - Epoch 30 | Batch 50 | Loss: 8.31 (Det: 8.11, MoE: 4.1569)
2025-11-25 14:11:08,069 - INFO - Epoch 30:
2025-11-25 14:11:08,070 - INFO -   训练损失: 8.41 | 验证损失: 0.93
2025-11-25 14:11:08,070 - INFO -   预测/目标: 201600/93434
2025-11-25 14:11:08,071 - INFO -   检测损失: 8.22
2025-11-25 14:11:08,072 - INFO -   Decoder MoE损失: 4.0063
2025-11-25 14:11:08,073 - INFO -   Encoder Patch-MoE Balance损失: 0.1554
2025-11-25 14:11:08,074 - INFO -   Encoder Patch-MoE Entropy损失: -2.0794
2025-11-25 14:11:08,074 - INFO -   Encoder MoE总损失: -1.9240
2025-11-25 14:11:08,074 - INFO -   Token Pruning损失: 0.000197
2025-11-25 14:11:08,074 - INFO -   MoE总损失: 4.1617
2025-11-25 14:11:08,074 - INFO -   Decoder专家使用率: [12.96%, 12.51%, 12.19%, 12.30%, 12.54%, 12.42%, 12.69%, 12.40%]
2025-11-25 14:11:08,074 - INFO -   🎉 新的最佳mAP: 0.5261
2025-11-25 14:11:10,423 - INFO - 💾 保存最佳模型: logs/dset8_r34_20251125_114205/best_model.pth
2025-11-25 14:12:03,338 - INFO -   每个类别的 mAP@0.5:0.95:
2025-11-25 14:12:03,338 - INFO -     Car         : 0.7482
2025-11-25 14:12:03,338 - INFO -     Truck       : 0.4439
2025-11-25 14:12:03,338 - INFO -     Van         : 0.4433
2025-11-25 14:12:03,338 - INFO -     Bus         : 0.6916
2025-11-25 14:12:03,338 - INFO -     Pedestrian  : 0.3837
2025-11-25 14:12:03,338 - INFO -     Cyclist     : 0.5334
2025-11-25 14:12:03,338 - INFO -     Motorcyclist: 0.3479
2025-11-25 14:12:03,338 - INFO -     Trafficcone : 0.6169
2025-11-25 14:12:03,589 - INFO -   mAP_0.5_0.95 提升到 0.5261 (最佳epoch: 30)
2025-11-25 14:12:06,075 - INFO - 💾 保存最新检查点: logs/dset8_r34_20251125_114205/latest_checkpoint.pth
2025-11-25 14:12:16,920 - INFO - Epoch 31 | Batch 0 | Loss: 8.23 (Det: 8.04, MoE: 4.1859)
2025-11-25 14:14:46,673 - INFO - Epoch 31 | Batch 50 | Loss: 8.44 (Det: 8.25, MoE: 4.1352)
2025-11-25 14:17:20,956 - INFO - Epoch 31:
2025-11-25 14:17:20,956 - INFO -   训练损失: 8.36 | 验证损失: 0.92
2025-11-25 14:17:20,956 - INFO -   预测/目标: 201600/93434
2025-11-25 14:17:20,957 - INFO -   🎉 新的最佳验证损失: 0.92
2025-11-25 14:17:20,959 - INFO -   🎉 新的最佳mAP: 0.5341
2025-11-25 14:17:23,483 - INFO - 💾 保存最佳模型: logs/dset8_r34_20251125_114205/best_model.pth
2025-11-25 14:18:17,428 - INFO -   每个类别的 mAP@0.5:0.95:
2025-11-25 14:18:17,428 - INFO -     Car         : 0.7497
2025-11-25 14:18:17,428 - INFO -     Truck       : 0.4510
2025-11-25 14:18:17,428 - INFO -     Van         : 0.4618
2025-11-25 14:18:17,428 - INFO -     Bus         : 0.7110
2025-11-25 14:18:17,428 - INFO -     Pedestrian  : 0.3864
2025-11-25 14:18:17,428 - INFO -     Cyclist     : 0.5396
2025-11-25 14:18:17,428 - INFO -     Motorcyclist: 0.3551
2025-11-25 14:18:17,428 - INFO -     Trafficcone : 0.6178
2025-11-25 14:18:17,761 - INFO -   mAP_0.5_0.95 提升到 0.5341 (最佳epoch: 31)
2025-11-25 14:18:20,418 - INFO - 💾 保存最新检查点: logs/dset8_r34_20251125_114205/latest_checkpoint.pth
2025-11-25 14:18:33,464 - INFO - Epoch 32 | Batch 0 | Loss: 8.50 (Det: 8.31, MoE: 4.1679)
2025-11-25 14:21:00,644 - INFO - Epoch 32 | Batch 50 | Loss: 8.40 (Det: 8.20, MoE: 4.2131)
2025-11-25 14:23:41,465 - INFO - Epoch 32:
2025-11-25 14:23:41,466 - INFO -   训练损失: 8.34 | 验证损失: 0.92
2025-11-25 14:23:41,466 - INFO -   预测/目标: 201600/93434
2025-11-25 14:23:41,467 - INFO -   🎉 新的最佳验证损失: 0.92
2025-11-25 14:23:41,468 - INFO -   🎉 新的最佳mAP: 0.5399
2025-11-25 14:23:43,404 - INFO - 💾 保存最佳模型: logs/dset8_r34_20251125_114205/best_model.pth
2025-11-25 14:24:42,448 - INFO -   每个类别的 mAP@0.5:0.95:
2025-11-25 14:24:42,448 - INFO -     Car         : 0.7517
2025-11-25 14:24:42,448 - INFO -     Truck       : 0.4515
2025-11-25 14:24:42,448 - INFO -     Van         : 0.4763
2025-11-25 14:24:42,448 - INFO -     Bus         : 0.7200
2025-11-25 14:24:42,448 - INFO -     Pedestrian  : 0.3950
2025-11-25 14:24:42,448 - INFO -     Cyclist     : 0.5322
2025-11-25 14:24:42,448 - INFO -     Motorcyclist: 0.3729
2025-11-25 14:24:42,448 - INFO -     Trafficcone : 0.6193
2025-11-25 14:24:42,737 - INFO -   mAP_0.5_0.95 提升到 0.5399 (最佳epoch: 32)
2025-11-25 14:24:46,629 - INFO - 💾 保存最新检查点: logs/dset8_r34_20251125_114205/latest_checkpoint.pth
2025-11-25 14:25:01,508 - INFO - Epoch 33 | Batch 0 | Loss: 8.19 (Det: 8.00, MoE: 4.1773)
2025-11-25 14:28:12,639 - INFO - Epoch 33 | Batch 50 | Loss: 8.18 (Det: 7.98, MoE: 4.1819)
2025-11-25 14:31:11,133 - INFO - Epoch 33:
2025-11-25 14:31:11,133 - INFO -   训练损失: 8.21 | 验证损失: 0.91
2025-11-25 14:31:11,133 - INFO -   预测/目标: 201600/93434
2025-11-25 14:31:11,133 - INFO -   🎉 新的最佳验证损失: 0.91
2025-11-25 14:31:11,134 - INFO -   🎉 新的最佳mAP: 0.5444
2025-11-25 14:31:13,143 - INFO - 💾 保存最佳模型: logs/dset8_r34_20251125_114205/best_model.pth
2025-11-25 14:32:05,680 - INFO -   每个类别的 mAP@0.5:0.95:
2025-11-25 14:32:05,681 - INFO -     Car         : 0.7560
2025-11-25 14:32:05,681 - INFO -     Truck       : 0.4516
2025-11-25 14:32:05,681 - INFO -     Van         : 0.4755
2025-11-25 14:32:05,681 - INFO -     Bus         : 0.7325
2025-11-25 14:32:05,681 - INFO -     Pedestrian  : 0.3929
2025-11-25 14:32:05,681 - INFO -     Cyclist     : 0.5449
2025-11-25 14:32:05,681 - INFO -     Motorcyclist: 0.3832
2025-11-25 14:32:05,681 - INFO -     Trafficcone : 0.6185
2025-11-25 14:32:05,852 - INFO -   mAP_0.5_0.95 提升到 0.5444 (最佳epoch: 33)
2025-11-25 14:32:07,917 - INFO - 💾 保存最新检查点: logs/dset8_r34_20251125_114205/latest_checkpoint.pth
2025-11-25 14:32:21,233 - INFO - Epoch 34 | Batch 0 | Loss: 7.99 (Det: 7.80, MoE: 4.1483)
2025-11-25 14:34:58,346 - INFO - Epoch 34 | Batch 50 | Loss: 8.19 (Det: 7.99, MoE: 4.1462)
2025-11-25 14:37:41,610 - INFO - Epoch 34:
2025-11-25 14:37:41,610 - INFO -   训练损失: 8.14 | 验证损失: 0.90
2025-11-25 14:37:41,611 - INFO -   预测/目标: 201600/93434
2025-11-25 14:37:41,611 - INFO -   🎉 新的最佳验证损失: 0.90
2025-11-25 14:37:41,612 - INFO -   🎉 新的最佳mAP: 0.5514
2025-11-25 14:37:43,897 - INFO - 💾 保存最佳模型: logs/dset8_r34_20251125_114205/best_model.pth
2025-11-25 14:38:38,658 - INFO -   每个类别的 mAP@0.5:0.95:
2025-11-25 14:38:38,658 - INFO -     Car         : 0.7588
2025-11-25 14:38:38,658 - INFO -     Truck       : 0.4515
2025-11-25 14:38:38,658 - INFO -     Van         : 0.5008
2025-11-25 14:38:38,658 - INFO -     Bus         : 0.7386
2025-11-25 14:38:38,658 - INFO -     Pedestrian  : 0.3985
2025-11-25 14:38:38,658 - INFO -     Cyclist     : 0.5485
2025-11-25 14:38:38,658 - INFO -     Motorcyclist: 0.3931
2025-11-25 14:38:38,658 - INFO -     Trafficcone : 0.6219
2025-11-25 14:38:38,840 - INFO -   mAP_0.5_0.95 提升到 0.5514 (最佳epoch: 34)
2025-11-25 14:38:41,272 - INFO - 💾 保存最新检查点: logs/dset8_r34_20251125_114205/latest_checkpoint.pth
2025-11-25 14:38:43,991 - INFO - [DEBUG] Epoch 35: pruner.current_epoch=35, pruner.pruning_enabled=True, pruner.warmup_epochs=10
2025-11-25 14:38:52,112 - INFO - Epoch 35 | Batch 0 | Loss: 8.03 (Det: 7.83, MoE: 4.1532)
2025-11-25 14:41:27,465 - INFO - Epoch 35 | Batch 50 | Loss: 8.38 (Det: 8.18, MoE: 4.1770)
2025-11-25 14:44:07,894 - INFO - Epoch 35:
2025-11-25 14:44:07,895 - INFO -   训练损失: 8.14 | 验证损失: 0.90
2025-11-25 14:44:07,895 - INFO -   预测/目标: 201600/93434
2025-11-25 14:44:07,895 - INFO -   检测损失: 7.95
2025-11-25 14:44:07,897 - INFO -   Decoder MoE损失: 4.0065
2025-11-25 14:44:07,897 - INFO -   Encoder Patch-MoE Balance损失: 0.1606
2025-11-25 14:44:07,898 - INFO -   Encoder Patch-MoE Entropy损失: -2.0794
2025-11-25 14:44:07,898 - INFO -   Encoder MoE总损失: -1.9188
2025-11-25 14:44:07,898 - INFO -   Token Pruning损失: 0.000153
2025-11-25 14:44:07,899 - INFO -   MoE总损失: 4.1671
2025-11-25 14:44:07,899 - INFO -   Decoder专家使用率: [12.72%, 12.51%, 12.19%, 12.45%, 12.68%, 12.50%, 12.54%, 12.40%]
2025-11-25 14:44:07,899 - INFO -   🎉 新的最佳验证损失: 0.90
2025-11-25 14:44:07,899 - INFO -   🎉 新的最佳mAP: 0.5556
2025-11-25 14:44:10,111 - INFO - 💾 保存最佳模型: logs/dset8_r34_20251125_114205/best_model.pth
2025-11-25 14:45:03,281 - INFO -   每个类别的 mAP@0.5:0.95:
2025-11-25 14:45:03,281 - INFO -     Car         : 0.7587
2025-11-25 14:45:03,281 - INFO -     Truck       : 0.4617
2025-11-25 14:45:03,281 - INFO -     Van         : 0.5108
2025-11-25 14:45:03,281 - INFO -     Bus         : 0.7389
2025-11-25 14:45:03,282 - INFO -     Pedestrian  : 0.4027
2025-11-25 14:45:03,282 - INFO -     Cyclist     : 0.5442
2025-11-25 14:45:03,282 - INFO -     Motorcyclist: 0.4087
2025-11-25 14:45:03,282 - INFO -     Trafficcone : 0.6187
2025-11-25 14:45:03,468 - INFO -   mAP_0.5_0.95 提升到 0.5556 (最佳epoch: 35)
2025-11-25 14:45:05,691 - INFO - 💾 保存最新检查点: logs/dset8_r34_20251125_114205/latest_checkpoint.pth
2025-11-25 14:45:14,894 - INFO - Epoch 36 | Batch 0 | Loss: 7.96 (Det: 7.76, MoE: 4.2244)
2025-11-25 14:47:51,437 - INFO - Epoch 36 | Batch 50 | Loss: 8.12 (Det: 7.92, MoE: 4.1620)
2025-11-25 14:50:34,092 - INFO - Epoch 36:
2025-11-25 14:50:34,093 - INFO -   训练损失: 8.15 | 验证损失: 0.90
2025-11-25 14:50:34,093 - INFO -   预测/目标: 201600/93434
2025-11-25 14:50:34,093 - INFO -   🎉 新的最佳验证损失: 0.90
2025-11-25 14:50:34,093 - INFO -   🎉 新的最佳mAP: 0.5561
2025-11-25 14:50:36,420 - INFO - 💾 保存最佳模型: logs/dset8_r34_20251125_114205/best_model.pth
2025-11-25 14:51:29,346 - INFO -   每个类别的 mAP@0.5:0.95:
2025-11-25 14:51:29,346 - INFO -     Car         : 0.7558
2025-11-25 14:51:29,347 - INFO -     Truck       : 0.4540
2025-11-25 14:51:29,347 - INFO -     Van         : 0.5019
2025-11-25 14:51:29,347 - INFO -     Bus         : 0.7500
2025-11-25 14:51:29,347 - INFO -     Pedestrian  : 0.4043
2025-11-25 14:51:29,347 - INFO -     Cyclist     : 0.5525
2025-11-25 14:51:29,347 - INFO -     Motorcyclist: 0.4086
2025-11-25 14:51:29,347 - INFO -     Trafficcone : 0.6213
2025-11-25 14:51:29,593 - INFO -   mAP_0.5_0.95 提升到 0.5561 (最佳epoch: 36)
2025-11-25 14:51:31,744 - INFO - 💾 保存最新检查点: logs/dset8_r34_20251125_114205/latest_checkpoint.pth
2025-11-25 14:51:43,244 - INFO - Epoch 37 | Batch 0 | Loss: 8.07 (Det: 7.88, MoE: 4.1371)
2025-11-25 14:54:19,576 - INFO - Epoch 37 | Batch 50 | Loss: 8.07 (Det: 7.88, MoE: 4.1833)
2025-11-25 14:57:01,255 - INFO - Epoch 37:
2025-11-25 14:57:01,256 - INFO -   训练损失: 8.03 | 验证损失: 0.90
2025-11-25 14:57:01,256 - INFO -   预测/目标: 201600/93434
2025-11-25 14:57:01,256 - INFO -   🎉 新的最佳验证损失: 0.90
2025-11-25 14:57:01,256 - INFO -   🎉 新的最佳mAP: 0.5642
2025-11-25 14:57:03,661 - INFO - 💾 保存最佳模型: logs/dset8_r34_20251125_114205/best_model.pth
2025-11-25 14:57:58,124 - INFO -   每个类别的 mAP@0.5:0.95:
2025-11-25 14:57:58,124 - INFO -     Car         : 0.7605
2025-11-25 14:57:58,124 - INFO -     Truck       : 0.4548
2025-11-25 14:57:58,124 - INFO -     Van         : 0.5243
2025-11-25 14:57:58,124 - INFO -     Bus         : 0.7638
2025-11-25 14:57:58,124 - INFO -     Pedestrian  : 0.4110
2025-11-25 14:57:58,124 - INFO -     Cyclist     : 0.5544
2025-11-25 14:57:58,124 - INFO -     Motorcyclist: 0.4216
2025-11-25 14:57:58,124 - INFO -     Trafficcone : 0.6234
2025-11-25 14:57:58,320 - INFO -   mAP_0.5_0.95 提升到 0.5642 (最佳epoch: 37)
2025-11-25 14:58:00,802 - INFO - 💾 保存最新检查点: logs/dset8_r34_20251125_114205/latest_checkpoint.pth
2025-11-25 14:58:13,027 - INFO - Epoch 38 | Batch 0 | Loss: 8.19 (Det: 8.00, MoE: 4.1370)
2025-11-25 15:00:50,076 - INFO - Epoch 38 | Batch 50 | Loss: 7.88 (Det: 7.68, MoE: 4.1818)
2025-11-25 15:03:33,222 - INFO - Epoch 38:
2025-11-25 15:03:33,222 - INFO -   训练损失: 7.94 | 验证损失: 0.89
2025-11-25 15:03:33,224 - INFO -   预测/目标: 201600/93434
2025-11-25 15:03:33,224 - INFO -   🎉 新的最佳验证损失: 0.89
2025-11-25 15:03:33,225 - INFO -   🎉 新的最佳mAP: 0.5664
2025-11-25 15:03:35,394 - INFO - 💾 保存最佳模型: logs/dset8_r34_20251125_114205/best_model.pth
2025-11-25 15:04:30,760 - INFO -   每个类别的 mAP@0.5:0.95:
2025-11-25 15:04:30,760 - INFO -     Car         : 0.7623
2025-11-25 15:04:30,760 - INFO -     Truck       : 0.4595
2025-11-25 15:04:30,760 - INFO -     Van         : 0.5306
2025-11-25 15:04:30,760 - INFO -     Bus         : 0.7484
2025-11-25 15:04:30,761 - INFO -     Pedestrian  : 0.4167
2025-11-25 15:04:30,761 - INFO -     Cyclist     : 0.5593
2025-11-25 15:04:30,761 - INFO -     Motorcyclist: 0.4283
2025-11-25 15:04:30,761 - INFO -     Trafficcone : 0.6257
2025-11-25 15:04:31,003 - INFO -   mAP_0.5_0.95 提升到 0.5664 (最佳epoch: 38)
2025-11-25 15:04:33,389 - INFO - 💾 保存最新检查点: logs/dset8_r34_20251125_114205/latest_checkpoint.pth
2025-11-25 15:04:45,730 - INFO - Epoch 39 | Batch 0 | Loss: 7.92 (Det: 7.72, MoE: 4.1530)
2025-11-25 15:07:23,901 - INFO - Epoch 39 | Batch 50 | Loss: 7.98 (Det: 7.79, MoE: 4.1784)
2025-11-25 15:10:06,947 - INFO - Epoch 39:
2025-11-25 15:10:06,948 - INFO -   训练损失: 7.88 | 验证损失: 0.89
2025-11-25 15:10:06,949 - INFO -   预测/目标: 201600/93434
2025-11-25 15:10:06,950 - INFO -   🎉 新的最佳验证损失: 0.89
2025-11-25 15:10:06,951 - INFO -   🎉 新的最佳mAP: 0.5722
2025-11-25 15:10:09,339 - INFO - 💾 保存最佳模型: logs/dset8_r34_20251125_114205/best_model.pth
2025-11-25 15:11:03,449 - INFO -   每个类别的 mAP@0.5:0.95:
2025-11-25 15:11:03,449 - INFO -     Car         : 0.7630
2025-11-25 15:11:03,449 - INFO -     Truck       : 0.4612
2025-11-25 15:11:03,449 - INFO -     Van         : 0.5442
2025-11-25 15:11:03,449 - INFO -     Bus         : 0.7589
2025-11-25 15:11:03,449 - INFO -     Pedestrian  : 0.4246
2025-11-25 15:11:03,449 - INFO -     Cyclist     : 0.5604
2025-11-25 15:11:03,449 - INFO -     Motorcyclist: 0.4398
2025-11-25 15:11:03,449 - INFO -     Trafficcone : 0.6256
2025-11-25 15:11:03,666 - INFO -   mAP_0.5_0.95 提升到 0.5722 (最佳epoch: 39)
2025-11-25 15:11:06,094 - INFO - 💾 保存最新检查点: logs/dset8_r34_20251125_114205/latest_checkpoint.pth
2025-11-25 15:11:08,873 - INFO - [DEBUG] Epoch 40: pruner.current_epoch=40, pruner.pruning_enabled=True, pruner.warmup_epochs=10
2025-11-25 15:11:16,799 - INFO - Epoch 40 | Batch 0 | Loss: 7.73 (Det: 7.54, MoE: 4.1210)
2025-11-25 15:13:56,049 - INFO - Epoch 40 | Batch 50 | Loss: 7.72 (Det: 7.53, MoE: 4.1761)
2025-11-25 15:16:39,610 - INFO - Epoch 40:
2025-11-25 15:16:39,612 - INFO -   训练损失: 7.85 | 验证损失: 0.89
2025-11-25 15:16:39,613 - INFO -   预测/目标: 201600/93434
2025-11-25 15:16:39,614 - INFO -   检测损失: 7.65
2025-11-25 15:16:39,614 - INFO -   Decoder MoE损失: 4.0009
2025-11-25 15:16:39,614 - INFO -   Encoder Patch-MoE Balance损失: 0.1562
2025-11-25 15:16:39,615 - INFO -   Encoder Patch-MoE Entropy损失: -2.0794
2025-11-25 15:16:39,615 - INFO -   Encoder MoE总损失: -1.9232
2025-11-25 15:16:39,615 - INFO -   Token Pruning损失: 0.000122
2025-11-25 15:16:39,615 - INFO -   MoE总损失: 4.1571
2025-11-25 15:16:39,615 - INFO -   Decoder专家使用率: [12.54%, 12.55%, 12.33%, 12.57%, 12.66%, 12.35%, 12.60%, 12.40%]
2025-11-25 15:16:39,615 - INFO -   🎉 新的最佳验证损失: 0.89
2025-11-25 15:16:39,615 - INFO -   🎉 新的最佳mAP: 0.5736
2025-11-25 15:16:41,873 - INFO - 💾 保存最佳模型: logs/dset8_r34_20251125_114205/best_model.pth
2025-11-25 15:17:37,334 - INFO -   每个类别的 mAP@0.5:0.95:
2025-11-25 15:17:37,334 - INFO -     Car         : 0.7627
2025-11-25 15:17:37,334 - INFO -     Truck       : 0.4549
2025-11-25 15:17:37,334 - INFO -     Van         : 0.5521
2025-11-25 15:17:37,334 - INFO -     Bus         : 0.7645
2025-11-25 15:17:37,334 - INFO -     Pedestrian  : 0.4272
2025-11-25 15:17:37,334 - INFO -     Cyclist     : 0.5601
2025-11-25 15:17:37,335 - INFO -     Motorcyclist: 0.4418
2025-11-25 15:17:37,335 - INFO -     Trafficcone : 0.6256
2025-11-25 15:17:37,531 - INFO -   mAP_0.5_0.95 提升到 0.5736 (最佳epoch: 40)
2025-11-25 15:17:39,913 - INFO - 💾 保存最新检查点: logs/dset8_r34_20251125_114205/latest_checkpoint.pth
2025-11-25 15:17:49,937 - INFO - Epoch 41 | Batch 0 | Loss: 7.73 (Det: 7.53, MoE: 4.1575)
2025-11-25 15:20:28,130 - INFO - Epoch 41 | Batch 50 | Loss: 7.87 (Det: 7.68, MoE: 4.1891)
2025-11-25 15:23:09,513 - INFO - Epoch 41:
2025-11-25 15:23:09,514 - INFO -   训练损失: 7.83 | 验证损失: 0.88
2025-11-25 15:23:09,515 - INFO -   预测/目标: 201600/93434
2025-11-25 15:23:09,515 - INFO -   🎉 新的最佳验证损失: 0.88
2025-11-25 15:23:09,516 - INFO -   🎉 新的最佳mAP: 0.5749
2025-11-25 15:23:11,887 - INFO - 💾 保存最佳模型: logs/dset8_r34_20251125_114205/best_model.pth
2025-11-25 15:24:06,990 - INFO -   每个类别的 mAP@0.5:0.95:
2025-11-25 15:24:06,990 - INFO -     Car         : 0.7647
2025-11-25 15:24:06,990 - INFO -     Truck       : 0.4641
2025-11-25 15:24:06,990 - INFO -     Van         : 0.5465
2025-11-25 15:24:06,990 - INFO -     Bus         : 0.7634
2025-11-25 15:24:06,990 - INFO -     Pedestrian  : 0.4237
2025-11-25 15:24:06,990 - INFO -     Cyclist     : 0.5626
2025-11-25 15:24:06,990 - INFO -     Motorcyclist: 0.4482
2025-11-25 15:24:06,990 - INFO -     Trafficcone : 0.6262
2025-11-25 15:24:07,194 - INFO -   mAP_0.5_0.95 提升到 0.5749 (最佳epoch: 41)
2025-11-25 15:24:09,639 - INFO - 💾 保存最新检查点: logs/dset8_r34_20251125_114205/latest_checkpoint.pth
2025-11-25 15:24:20,006 - INFO - Epoch 42 | Batch 0 | Loss: 7.75 (Det: 7.55, MoE: 4.1582)
2025-11-25 15:26:57,209 - INFO - Epoch 42 | Batch 50 | Loss: 7.90 (Det: 7.71, MoE: 4.1970)
2025-11-25 15:29:40,077 - INFO - Epoch 42:
2025-11-25 15:29:40,079 - INFO -   训练损失: 7.77 | 验证损失: 0.88
2025-11-25 15:29:40,080 - INFO -   预测/目标: 201600/93434
2025-11-25 15:29:40,080 - INFO -   🎉 新的最佳验证损失: 0.88
2025-11-25 15:29:40,080 - INFO -   🎉 新的最佳mAP: 0.5774
2025-11-25 15:29:42,016 - INFO - 💾 保存最佳模型: logs/dset8_r34_20251125_114205/best_model.pth
2025-11-25 15:30:36,064 - INFO -   每个类别的 mAP@0.5:0.95:
2025-11-25 15:30:36,064 - INFO -     Car         : 0.7688
2025-11-25 15:30:36,064 - INFO -     Truck       : 0.4649
2025-11-25 15:30:36,064 - INFO -     Van         : 0.5447
2025-11-25 15:30:36,064 - INFO -     Bus         : 0.7648
2025-11-25 15:30:36,064 - INFO -     Pedestrian  : 0.4258
2025-11-25 15:30:36,064 - INFO -     Cyclist     : 0.5683
2025-11-25 15:30:36,064 - INFO -     Motorcyclist: 0.4555
2025-11-25 15:30:36,064 - INFO -     Trafficcone : 0.6263
2025-11-25 15:30:36,261 - INFO -   mAP_0.5_0.95 提升到 0.5774 (最佳epoch: 42)
2025-11-25 15:30:38,223 - INFO - 💾 保存最新检查点: logs/dset8_r34_20251125_114205/latest_checkpoint.pth
2025-11-25 15:30:47,886 - INFO - Epoch 43 | Batch 0 | Loss: 7.68 (Det: 7.49, MoE: 4.1370)
2025-11-25 15:33:25,587 - INFO - Epoch 43 | Batch 50 | Loss: 7.68 (Det: 7.49, MoE: 4.1464)
2025-11-25 15:36:07,765 - INFO - Epoch 43:
2025-11-25 15:36:07,766 - INFO -   训练损失: 7.72 | 验证损失: 0.88
2025-11-25 15:36:07,768 - INFO -   预测/目标: 201600/93434
2025-11-25 15:36:07,769 - INFO -   🎉 新的最佳mAP: 0.5780
2025-11-25 15:36:10,004 - INFO - 💾 保存最佳模型: logs/dset8_r34_20251125_114205/best_model.pth
2025-11-25 15:37:05,856 - INFO -   每个类别的 mAP@0.5:0.95:
2025-11-25 15:37:05,856 - INFO -     Car         : 0.7683
2025-11-25 15:37:05,856 - INFO -     Truck       : 0.4645
2025-11-25 15:37:05,856 - INFO -     Van         : 0.5425
2025-11-25 15:37:05,856 - INFO -     Bus         : 0.7639
2025-11-25 15:37:05,856 - INFO -     Pedestrian  : 0.4276
2025-11-25 15:37:05,856 - INFO -     Cyclist     : 0.5691
2025-11-25 15:37:05,856 - INFO -     Motorcyclist: 0.4608
2025-11-25 15:37:05,856 - INFO -     Trafficcone : 0.6274
2025-11-25 15:37:06,068 - INFO -   mAP_0.5_0.95 提升到 0.5780 (最佳epoch: 43)
2025-11-25 15:37:08,297 - INFO - 💾 保存最新检查点: logs/dset8_r34_20251125_114205/latest_checkpoint.pth
2025-11-25 15:37:17,963 - INFO - Epoch 44 | Batch 0 | Loss: 7.62 (Det: 7.43, MoE: 4.1622)
2025-11-25 15:39:54,598 - INFO - Epoch 44 | Batch 50 | Loss: 7.66 (Det: 7.47, MoE: 4.1406)
2025-11-25 15:42:35,156 - INFO - Epoch 44:
2025-11-25 15:42:35,157 - INFO -   训练损失: 7.69 | 验证损失: 0.89
2025-11-25 15:42:35,157 - INFO -   预测/目标: 201600/93434
2025-11-25 15:42:35,158 - INFO -   ⏳ mAP_0.5_0.95 无改善 (1/35), 最佳值: 0.5780 (epoch 43)
2025-11-25 15:42:37,354 - INFO - 💾 保存最新检查点: logs/dset8_r34_20251125_114205/latest_checkpoint.pth
2025-11-25 15:42:39,893 - INFO - [DEBUG] Epoch 45: pruner.current_epoch=45, pruner.pruning_enabled=True, pruner.warmup_epochs=10
2025-11-25 15:42:46,935 - INFO - Epoch 45 | Batch 0 | Loss: 7.61 (Det: 7.42, MoE: 4.1699)
2025-11-25 15:45:24,592 - INFO - Epoch 45 | Batch 50 | Loss: 7.66 (Det: 7.46, MoE: 4.1766)
2025-11-25 15:48:08,391 - INFO - Epoch 45:
2025-11-25 15:48:08,392 - INFO -   训练损失: 7.70 | 验证损失: 0.88
2025-11-25 15:48:08,392 - INFO -   预测/目标: 201600/93434
2025-11-25 15:48:08,392 - INFO -   检测损失: 7.50
2025-11-25 15:48:08,392 - INFO -   Decoder MoE损失: 4.0025
2025-11-25 15:48:08,393 - INFO -   Encoder Patch-MoE Balance损失: 0.1660
2025-11-25 15:48:08,394 - INFO -   Encoder Patch-MoE Entropy损失: -2.0794
2025-11-25 15:48:08,394 - INFO -   Encoder MoE总损失: -1.9135
2025-11-25 15:48:08,394 - INFO -   Token Pruning损失: 0.000111
2025-11-25 15:48:08,395 - INFO -   MoE总损失: 4.1685
2025-11-25 15:48:08,395 - INFO -   Decoder专家使用率: [12.56%, 12.53%, 12.32%, 12.75%, 12.52%, 12.34%, 12.56%, 12.44%]
2025-11-25 15:48:08,395 - INFO -   🎉 新的最佳验证损失: 0.88
2025-11-25 15:48:08,395 - INFO -   🎉 新的最佳mAP: 0.5810
2025-11-25 15:48:10,596 - INFO - 💾 保存最佳模型: logs/dset8_r34_20251125_114205/best_model.pth
2025-11-25 15:49:07,748 - INFO -   每个类别的 mAP@0.5:0.95:
2025-11-25 15:49:07,748 - INFO -     Car         : 0.7681
2025-11-25 15:49:07,748 - INFO -     Truck       : 0.4707
2025-11-25 15:49:07,748 - INFO -     Van         : 0.5652
2025-11-25 15:49:07,748 - INFO -     Bus         : 0.7645
2025-11-25 15:49:07,748 - INFO -     Pedestrian  : 0.4270
2025-11-25 15:49:07,748 - INFO -     Cyclist     : 0.5678
2025-11-25 15:49:07,748 - INFO -     Motorcyclist: 0.4595
2025-11-25 15:49:07,748 - INFO -     Trafficcone : 0.6253
2025-11-25 15:49:07,942 - INFO -   mAP_0.5_0.95 提升到 0.5810 (最佳epoch: 45)
2025-11-25 15:49:10,301 - INFO - 💾 保存最新检查点: logs/dset8_r34_20251125_114205/latest_checkpoint.pth
2025-11-25 15:49:21,902 - INFO - Epoch 46 | Batch 0 | Loss: 7.66 (Det: 7.47, MoE: 4.2117)
2025-11-25 15:52:00,191 - INFO - Epoch 46 | Batch 50 | Loss: 7.88 (Det: 7.68, MoE: 4.1384)
2025-11-25 15:54:42,985 - INFO - Epoch 46:
2025-11-25 15:54:42,985 - INFO -   训练损失: 7.69 | 验证损失: 0.88
2025-11-25 15:54:42,985 - INFO -   预测/目标: 201600/93434
2025-11-25 15:54:42,987 - INFO -   🎉 新的最佳验证损失: 0.88
2025-11-25 15:54:42,988 - INFO -   ⏳ mAP_0.5_0.95 无改善 (1/35), 最佳值: 0.5810 (epoch 45)
2025-11-25 15:54:45,211 - INFO - 💾 保存最新检查点: logs/dset8_r34_20251125_114205/latest_checkpoint.pth
2025-11-25 15:54:54,521 - INFO - Epoch 47 | Batch 0 | Loss: 7.52 (Det: 7.32, MoE: 4.2036)
2025-11-25 15:57:33,136 - INFO - Epoch 47 | Batch 50 | Loss: 7.68 (Det: 7.48, MoE: 4.1495)
2025-11-25 16:00:14,004 - INFO - Epoch 47:
2025-11-25 16:00:14,005 - INFO -   训练损失: 7.57 | 验证损失: 0.88
2025-11-25 16:00:14,006 - INFO -   预测/目标: 201600/93434
2025-11-25 16:00:14,007 - INFO -   🎉 新的最佳mAP: 0.5854
2025-11-25 16:00:16,623 - INFO - 💾 保存最佳模型: logs/dset8_r34_20251125_114205/best_model.pth
2025-11-25 16:01:12,661 - INFO -   每个类别的 mAP@0.5:0.95:
2025-11-25 16:01:12,661 - INFO -     Car         : 0.7688
2025-11-25 16:01:12,661 - INFO -     Truck       : 0.4827
2025-11-25 16:01:12,661 - INFO -     Van         : 0.5581
2025-11-25 16:01:12,661 - INFO -     Bus         : 0.7677
2025-11-25 16:01:12,661 - INFO -     Pedestrian  : 0.4329
2025-11-25 16:01:12,662 - INFO -     Cyclist     : 0.5744
2025-11-25 16:01:12,662 - INFO -     Motorcyclist: 0.4709
2025-11-25 16:01:12,662 - INFO -     Trafficcone : 0.6279
2025-11-25 16:01:12,837 - INFO -   mAP_0.5_0.95 提升到 0.5854 (最佳epoch: 47)
2025-11-25 16:01:14,956 - INFO - 💾 保存最新检查点: logs/dset8_r34_20251125_114205/latest_checkpoint.pth
2025-11-25 16:01:24,566 - INFO - Epoch 48 | Batch 0 | Loss: 7.52 (Det: 7.33, MoE: 4.1290)
2025-11-25 16:04:01,082 - INFO - Epoch 48 | Batch 50 | Loss: 7.42 (Det: 7.23, MoE: 4.1489)
2025-11-25 16:06:42,396 - INFO - Epoch 48:
2025-11-25 16:06:42,396 - INFO -   训练损失: 7.60 | 验证损失: 0.87
2025-11-25 16:06:42,398 - INFO -   预测/目标: 201600/93434
2025-11-25 16:06:42,398 - INFO -   🎉 新的最佳验证损失: 0.87
2025-11-25 16:06:42,398 - INFO -   🎉 新的最佳mAP: 0.5866
2025-11-25 16:06:44,708 - INFO - 💾 保存最佳模型: logs/dset8_r34_20251125_114205/best_model.pth
2025-11-25 16:07:41,393 - INFO -   每个类别的 mAP@0.5:0.95:
2025-11-25 16:07:41,393 - INFO -     Car         : 0.7706
2025-11-25 16:07:41,394 - INFO -     Truck       : 0.4758
2025-11-25 16:07:41,394 - INFO -     Van         : 0.5647
2025-11-25 16:07:41,394 - INFO -     Bus         : 0.7667
2025-11-25 16:07:41,394 - INFO -     Pedestrian  : 0.4351
2025-11-25 16:07:41,394 - INFO -     Cyclist     : 0.5775
2025-11-25 16:07:41,394 - INFO -     Motorcyclist: 0.4738
2025-11-25 16:07:41,394 - INFO -     Trafficcone : 0.6286
2025-11-25 16:07:41,659 - INFO -   mAP_0.5_0.95 提升到 0.5866 (最佳epoch: 48)
2025-11-25 16:07:43,849 - INFO - 💾 保存最新检查点: logs/dset8_r34_20251125_114205/latest_checkpoint.pth
2025-11-25 16:07:55,284 - INFO - Epoch 49 | Batch 0 | Loss: 7.36 (Det: 7.17, MoE: 4.1602)
2025-11-25 16:10:31,914 - INFO - Epoch 49 | Batch 50 | Loss: 7.58 (Det: 7.39, MoE: 4.1325)
2025-11-25 16:13:16,016 - INFO - Epoch 49:
2025-11-25 16:13:16,017 - INFO -   训练损失: 7.52 | 验证损失: 0.88
2025-11-25 16:13:16,018 - INFO -   预测/目标: 201600/93434
2025-11-25 16:13:16,019 - INFO -   🎉 新的最佳mAP: 0.5876
2025-11-25 16:13:18,208 - INFO - 💾 保存最佳模型: logs/dset8_r34_20251125_114205/best_model.pth
2025-11-25 16:14:13,268 - INFO -   每个类别的 mAP@0.5:0.95:
2025-11-25 16:14:13,268 - INFO -     Car         : 0.7703
2025-11-25 16:14:13,268 - INFO -     Truck       : 0.4854
2025-11-25 16:14:13,268 - INFO -     Van         : 0.5607
2025-11-25 16:14:13,268 - INFO -     Bus         : 0.7647
2025-11-25 16:14:13,268 - INFO -     Pedestrian  : 0.4357
2025-11-25 16:14:13,268 - INFO -     Cyclist     : 0.5781
2025-11-25 16:14:13,268 - INFO -     Motorcyclist: 0.4764
2025-11-25 16:14:13,268 - INFO -     Trafficcone : 0.6298
2025-11-25 16:14:13,442 - INFO -   mAP_0.5_0.95 提升到 0.5876 (最佳epoch: 49)
2025-11-25 16:14:15,746 - INFO - 💾 保存最新检查点: logs/dset8_r34_20251125_114205/latest_checkpoint.pth
2025-11-25 16:14:18,240 - INFO - [DEBUG] Epoch 50: pruner.current_epoch=50, pruner.pruning_enabled=True, pruner.warmup_epochs=10
2025-11-25 16:14:27,256 - INFO - Epoch 50 | Batch 0 | Loss: 7.47 (Det: 7.28, MoE: 4.1231)
2025-11-25 16:17:06,123 - INFO - Epoch 50 | Batch 50 | Loss: 7.47 (Det: 7.27, MoE: 4.1606)
2025-11-25 16:19:47,883 - INFO - Epoch 50:
2025-11-25 16:19:47,884 - INFO -   训练损失: 7.46 | 验证损失: 0.87
2025-11-25 16:19:47,886 - INFO -   预测/目标: 201600/93434
2025-11-25 16:19:47,886 - INFO -   检测损失: 7.26
2025-11-25 16:19:47,887 - INFO -   Decoder MoE损失: 3.9930
2025-11-25 16:19:47,887 - INFO -   Encoder Patch-MoE Balance损失: 0.1542
2025-11-25 16:19:47,887 - INFO -   Encoder Patch-MoE Entropy损失: -2.0794
2025-11-25 16:19:47,887 - INFO -   Encoder MoE总损失: -1.9252
2025-11-25 16:19:47,887 - INFO -   Token Pruning损失: 0.000086
2025-11-25 16:19:47,887 - INFO -   MoE总损失: 4.1472
2025-11-25 16:19:47,888 - INFO -   Decoder专家使用率: [12.51%, 12.39%, 12.45%, 12.63%, 12.61%, 12.39%, 12.56%, 12.46%]
2025-11-25 16:19:47,888 - INFO -   🎉 新的最佳mAP: 0.5882
2025-11-25 16:19:50,274 - INFO - 💾 保存最佳模型: logs/dset8_r34_20251125_114205/best_model.pth
2025-11-25 16:20:47,537 - INFO -   每个类别的 mAP@0.5:0.95:
2025-11-25 16:20:47,537 - INFO -     Car         : 0.7710
2025-11-25 16:20:47,537 - INFO -     Truck       : 0.4870
2025-11-25 16:20:47,537 - INFO -     Van         : 0.5546
2025-11-25 16:20:47,537 - INFO -     Bus         : 0.7695
2025-11-25 16:20:47,537 - INFO -     Pedestrian  : 0.4370
2025-11-25 16:20:47,537 - INFO -     Cyclist     : 0.5764
2025-11-25 16:20:47,537 - INFO -     Motorcyclist: 0.4810
2025-11-25 16:20:47,537 - INFO -     Trafficcone : 0.6294
2025-11-25 16:20:47,772 - INFO -   mAP_0.5_0.95 提升到 0.5882 (最佳epoch: 50)
2025-11-25 16:20:49,995 - INFO - 💾 保存最新检查点: logs/dset8_r34_20251125_114205/latest_checkpoint.pth
2025-11-25 16:21:01,681 - INFO - Epoch 51 | Batch 0 | Loss: 7.36 (Det: 7.17, MoE: 4.1542)
2025-11-25 16:23:39,267 - INFO - Epoch 51 | Batch 50 | Loss: 7.44 (Det: 7.25, MoE: 4.1408)
2025-11-25 16:26:20,832 - INFO - Epoch 51:
2025-11-25 16:26:20,834 - INFO -   训练损失: 7.44 | 验证损失: 0.87
2025-11-25 16:26:20,835 - INFO -   预测/目标: 201600/93434
2025-11-25 16:26:20,835 - INFO -   🎉 新的最佳mAP: 0.5899
2025-11-25 16:26:22,853 - INFO - 💾 保存最佳模型: logs/dset8_r34_20251125_114205/best_model.pth
2025-11-25 16:27:19,231 - INFO -   每个类别的 mAP@0.5:0.95:
2025-11-25 16:27:19,231 - INFO -     Car         : 0.7717
2025-11-25 16:27:19,231 - INFO -     Truck       : 0.4892
2025-11-25 16:27:19,231 - INFO -     Van         : 0.5602
2025-11-25 16:27:19,231 - INFO -     Bus         : 0.7697
2025-11-25 16:27:19,231 - INFO -     Pedestrian  : 0.4399
2025-11-25 16:27:19,231 - INFO -     Cyclist     : 0.5777
2025-11-25 16:27:19,231 - INFO -     Motorcyclist: 0.4829
2025-11-25 16:27:19,231 - INFO -     Trafficcone : 0.6278
2025-11-25 16:27:19,466 - INFO -   mAP_0.5_0.95 提升到 0.5899 (最佳epoch: 51)
2025-11-25 16:27:21,999 - INFO - 💾 保存最新检查点: logs/dset8_r34_20251125_114205/latest_checkpoint.pth
2025-11-25 16:27:33,776 - INFO - Epoch 52 | Batch 0 | Loss: 7.35 (Det: 7.16, MoE: 4.1331)
2025-11-25 16:30:11,355 - INFO - Epoch 52 | Batch 50 | Loss: 7.32 (Det: 7.12, MoE: 4.1560)
2025-11-25 16:32:53,066 - INFO - Epoch 52:
2025-11-25 16:32:53,067 - INFO -   训练损失: 7.39 | 验证损失: 0.87
2025-11-25 16:32:53,068 - INFO -   预测/目标: 201600/93434
2025-11-25 16:32:53,069 - INFO -   🎉 新的最佳验证损失: 0.87
2025-11-25 16:32:53,069 - INFO -   🎉 新的最佳mAP: 0.5909
2025-11-25 16:32:55,148 - INFO - 💾 保存最佳模型: logs/dset8_r34_20251125_114205/best_model.pth
2025-11-25 16:33:51,094 - INFO -   每个类别的 mAP@0.5:0.95:
2025-11-25 16:33:51,095 - INFO -     Car         : 0.7716
2025-11-25 16:33:51,095 - INFO -     Truck       : 0.4936
2025-11-25 16:33:51,095 - INFO -     Van         : 0.5627
2025-11-25 16:33:51,095 - INFO -     Bus         : 0.7722
2025-11-25 16:33:51,095 - INFO -     Pedestrian  : 0.4400
2025-11-25 16:33:51,095 - INFO -     Cyclist     : 0.5764
2025-11-25 16:33:51,095 - INFO -     Motorcyclist: 0.4823
2025-11-25 16:33:51,095 - INFO -     Trafficcone : 0.6283
2025-11-25 16:33:51,332 - INFO -   mAP_0.5_0.95 提升到 0.5909 (最佳epoch: 52)
2025-11-25 16:33:53,760 - INFO - 💾 保存最新检查点: logs/dset8_r34_20251125_114205/latest_checkpoint.pth
2025-11-25 16:34:06,610 - INFO - Epoch 53 | Batch 0 | Loss: 7.33 (Det: 7.13, MoE: 4.1446)
2025-11-25 16:36:44,846 - INFO - Epoch 53 | Batch 50 | Loss: 7.68 (Det: 7.49, MoE: 4.1549)
2025-11-25 16:39:27,930 - INFO - Epoch 53:
2025-11-25 16:39:27,931 - INFO -   训练损失: 7.46 | 验证损失: 0.87
2025-11-25 16:39:27,932 - INFO -   预测/目标: 201600/93434
2025-11-25 16:39:27,933 - INFO -   🎉 新的最佳验证损失: 0.87
2025-11-25 16:39:27,933 - INFO -   🎉 新的最佳mAP: 0.5915
2025-11-25 16:39:30,056 - INFO - 💾 保存最佳模型: logs/dset8_r34_20251125_114205/best_model.pth
2025-11-25 16:40:26,384 - INFO -   每个类别的 mAP@0.5:0.95:
2025-11-25 16:40:26,384 - INFO -     Car         : 0.7721
2025-11-25 16:40:26,384 - INFO -     Truck       : 0.4966
2025-11-25 16:40:26,384 - INFO -     Van         : 0.5591
2025-11-25 16:40:26,384 - INFO -     Bus         : 0.7685
2025-11-25 16:40:26,384 - INFO -     Pedestrian  : 0.4417
2025-11-25 16:40:26,384 - INFO -     Cyclist     : 0.5810
2025-11-25 16:40:26,384 - INFO -     Motorcyclist: 0.4847
2025-11-25 16:40:26,384 - INFO -     Trafficcone : 0.6281
2025-11-25 16:40:26,580 - INFO -   mAP_0.5_0.95 提升到 0.5915 (最佳epoch: 53)
2025-11-25 16:40:28,901 - INFO - 💾 保存最新检查点: logs/dset8_r34_20251125_114205/latest_checkpoint.pth
2025-11-25 16:40:40,540 - INFO - Epoch 54 | Batch 0 | Loss: 7.35 (Det: 7.16, MoE: 4.1499)
2025-11-25 16:43:17,604 - INFO - Epoch 54 | Batch 50 | Loss: 7.26 (Det: 7.07, MoE: 4.1509)
2025-11-25 16:46:01,542 - INFO - Epoch 54:
2025-11-25 16:46:01,542 - INFO -   训练损失: 7.38 | 验证损失: 0.87
2025-11-25 16:46:01,543 - INFO -   预测/目标: 201600/93434
2025-11-25 16:46:01,544 - INFO -   ⏳ mAP_0.5_0.95 无改善 (1/35), 最佳值: 0.5915 (epoch 53)
2025-11-25 16:46:03,763 - INFO - 💾 保存最新检查点: logs/dset8_r34_20251125_114205/latest_checkpoint.pth
2025-11-25 16:46:06,266 - INFO - [DEBUG] Epoch 55: pruner.current_epoch=55, pruner.pruning_enabled=True, pruner.warmup_epochs=10
2025-11-25 16:46:16,243 - INFO - Epoch 55 | Batch 0 | Loss: 7.69 (Det: 7.50, MoE: 4.1536)
2025-11-25 16:48:54,901 - INFO - Epoch 55 | Batch 50 | Loss: 7.42 (Det: 7.23, MoE: 4.1674)
2025-11-25 16:51:38,806 - INFO - Epoch 55:
2025-11-25 16:51:38,808 - INFO -   训练损失: 7.40 | 验证损失: 0.87
2025-11-25 16:51:38,816 - INFO -   预测/目标: 201600/93434
2025-11-25 16:51:38,816 - INFO -   检测损失: 7.21
2025-11-25 16:51:38,819 - INFO -   Decoder MoE损失: 4.0024
2025-11-25 16:51:38,820 - INFO -   Encoder Patch-MoE Balance损失: 0.1565
2025-11-25 16:51:38,820 - INFO -   Encoder Patch-MoE Entropy损失: -2.0794
2025-11-25 16:51:38,820 - INFO -   Encoder MoE总损失: -1.9229
2025-11-25 16:51:38,820 - INFO -   Token Pruning损失: 0.000084
2025-11-25 16:51:38,820 - INFO -   MoE总损失: 4.1589
2025-11-25 16:51:38,821 - INFO -   Decoder专家使用率: [12.48%, 12.50%, 12.37%, 12.76%, 12.38%, 12.49%, 12.57%, 12.45%]
2025-11-25 16:51:38,821 - INFO -   🎉 新的最佳验证损失: 0.87
2025-11-25 16:51:38,821 - INFO -   🎉 新的最佳mAP: 0.5925
2025-11-25 16:51:40,960 - INFO - 💾 保存最佳模型: logs/dset8_r34_20251125_114205/best_model.pth
2025-11-25 16:52:37,825 - INFO -   每个类别的 mAP@0.5:0.95:
2025-11-25 16:52:37,826 - INFO -     Car         : 0.7750
2025-11-25 16:52:37,826 - INFO -     Truck       : 0.4897
2025-11-25 16:52:37,826 - INFO -     Van         : 0.5573
2025-11-25 16:52:37,826 - INFO -     Bus         : 0.7713
2025-11-25 16:52:37,826 - INFO -     Pedestrian  : 0.4439
2025-11-25 16:52:37,826 - INFO -     Cyclist     : 0.5848
2025-11-25 16:52:37,826 - INFO -     Motorcyclist: 0.4896
2025-11-25 16:52:37,826 - INFO -     Trafficcone : 0.6287
2025-11-25 16:52:38,091 - INFO -   mAP_0.5_0.95 提升到 0.5925 (最佳epoch: 55)
2025-11-25 16:52:40,542 - INFO - 💾 保存最新检查点: logs/dset8_r34_20251125_114205/latest_checkpoint.pth
2025-11-25 16:52:51,298 - INFO - Epoch 56 | Batch 0 | Loss: 7.28 (Det: 7.09, MoE: 4.1705)
2025-11-25 16:55:28,956 - INFO - Epoch 56 | Batch 50 | Loss: 7.25 (Det: 7.06, MoE: 4.1969)
2025-11-25 16:58:11,954 - INFO - Epoch 56:
2025-11-25 16:58:11,955 - INFO -   训练损失: 7.32 | 验证损失: 0.87
2025-11-25 16:58:11,956 - INFO -   预测/目标: 201600/93434
2025-11-25 16:58:11,956 - INFO -   🎉 新的最佳mAP: 0.5933
2025-11-25 16:58:14,440 - INFO - 💾 保存最佳模型: logs/dset8_r34_20251125_114205/best_model.pth
2025-11-25 16:59:10,969 - INFO -   每个类别的 mAP@0.5:0.95:
2025-11-25 16:59:10,969 - INFO -     Car         : 0.7755
2025-11-25 16:59:10,969 - INFO -     Truck       : 0.4999
2025-11-25 16:59:10,969 - INFO -     Van         : 0.5598
2025-11-25 16:59:10,969 - INFO -     Bus         : 0.7717
2025-11-25 16:59:10,969 - INFO -     Pedestrian  : 0.4426
2025-11-25 16:59:10,969 - INFO -     Cyclist     : 0.5802
2025-11-25 16:59:10,969 - INFO -     Motorcyclist: 0.4879
2025-11-25 16:59:10,969 - INFO -     Trafficcone : 0.6287
2025-11-25 16:59:11,213 - INFO -   mAP_0.5_0.95 提升到 0.5933 (最佳epoch: 56)
2025-11-25 16:59:13,371 - INFO - 💾 保存最新检查点: logs/dset8_r34_20251125_114205/latest_checkpoint.pth
2025-11-25 16:59:25,517 - INFO - Epoch 57 | Batch 0 | Loss: 7.42 (Det: 7.23, MoE: 4.1423)
2025-11-25 17:02:03,747 - INFO - Epoch 57 | Batch 50 | Loss: 7.05 (Det: 6.86, MoE: 4.1317)
2025-11-25 17:04:47,995 - INFO - Epoch 57:
2025-11-25 17:04:47,996 - INFO -   训练损失: 7.26 | 验证损失: 0.87
2025-11-25 17:04:47,998 - INFO -   预测/目标: 201600/93434
2025-11-25 17:04:47,998 - INFO -   ⏳ mAP_0.5_0.95 无改善 (1/35), 最佳值: 0.5933 (epoch 56)
2025-11-25 17:04:49,994 - INFO - 💾 保存最新检查点: logs/dset8_r34_20251125_114205/latest_checkpoint.pth
2025-11-25 17:05:00,938 - INFO - Epoch 58 | Batch 0 | Loss: 7.06 (Det: 6.86, MoE: 4.1718)
2025-11-25 17:07:38,421 - INFO - Epoch 58 | Batch 50 | Loss: 7.41 (Det: 7.21, MoE: 4.1450)
2025-11-25 17:10:21,796 - INFO - Epoch 58:
2025-11-25 17:10:21,797 - INFO -   训练损失: 7.29 | 验证损失: 0.87
2025-11-25 17:10:21,798 - INFO -   预测/目标: 201600/93434
2025-11-25 17:10:21,799 - INFO -   🎉 新的最佳mAP: 0.5942
2025-11-25 17:10:24,087 - INFO - 💾 保存最佳模型: logs/dset8_r34_20251125_114205/best_model.pth
2025-11-25 17:11:20,813 - INFO -   每个类别的 mAP@0.5:0.95:
2025-11-25 17:11:20,814 - INFO -     Car         : 0.7752
2025-11-25 17:11:20,814 - INFO -     Truck       : 0.5011
2025-11-25 17:11:20,814 - INFO -     Van         : 0.5573
2025-11-25 17:11:20,814 - INFO -     Bus         : 0.7757
2025-11-25 17:11:20,814 - INFO -     Pedestrian  : 0.4466
2025-11-25 17:11:20,814 - INFO -     Cyclist     : 0.5812
2025-11-25 17:11:20,814 - INFO -     Motorcyclist: 0.4889
2025-11-25 17:11:20,814 - INFO -     Trafficcone : 0.6279
2025-11-25 17:11:21,011 - INFO -   mAP_0.5_0.95 提升到 0.5942 (最佳epoch: 58)
2025-11-25 17:11:23,313 - INFO - 💾 保存最新检查点: logs/dset8_r34_20251125_114205/latest_checkpoint.pth
2025-11-25 17:11:34,197 - INFO - Epoch 59 | Batch 0 | Loss: 7.42 (Det: 7.22, MoE: 4.1446)
2025-11-25 17:14:12,363 - INFO - Epoch 59 | Batch 50 | Loss: 7.14 (Det: 6.95, MoE: 4.1388)
2025-11-25 17:16:56,230 - INFO - Epoch 59:
2025-11-25 17:16:56,231 - INFO -   训练损失: 7.22 | 验证损失: 0.87
2025-11-25 17:16:56,233 - INFO -   预测/目标: 201600/93434
2025-11-25 17:16:56,233 - INFO -   🎉 新的最佳验证损失: 0.87
2025-11-25 17:16:56,234 - INFO -   ⏳ mAP_0.5_0.95 无改善 (1/35), 最佳值: 0.5942 (epoch 58)
2025-11-25 17:16:58,667 - INFO - 💾 保存最新检查点: logs/dset8_r34_20251125_114205/latest_checkpoint.pth
2025-11-25 17:17:01,280 - INFO - [DEBUG] Epoch 60: pruner.current_epoch=60, pruner.pruning_enabled=True, pruner.warmup_epochs=10
2025-11-25 17:17:09,414 - INFO - Epoch 60 | Batch 0 | Loss: 7.15 (Det: 6.96, MoE: 4.1578)
2025-11-25 17:19:46,792 - INFO - Epoch 60 | Batch 50 | Loss: 7.28 (Det: 7.09, MoE: 4.1507)
2025-11-25 17:22:29,805 - INFO - Epoch 60:
2025-11-25 17:22:29,806 - INFO -   训练损失: 7.21 | 验证损失: 0.87
2025-11-25 17:22:29,807 - INFO -   预测/目标: 201600/93434
2025-11-25 17:22:29,808 - INFO -   检测损失: 7.01
2025-11-25 17:22:29,809 - INFO -   Decoder MoE损失: 3.9995
2025-11-25 17:22:29,809 - INFO -   Encoder Patch-MoE Balance损失: 0.1565
2025-11-25 17:22:29,810 - INFO -   Encoder Patch-MoE Entropy损失: -2.0794
2025-11-25 17:22:29,810 - INFO -   Encoder MoE总损失: -1.9229
2025-11-25 17:22:29,810 - INFO -   Token Pruning损失: 0.000074
2025-11-25 17:22:29,810 - INFO -   MoE总损失: 4.1560
2025-11-25 17:22:29,810 - INFO -   Decoder专家使用率: [12.44%, 12.49%, 12.43%, 12.70%, 12.50%, 12.50%, 12.56%, 12.37%]
2025-11-25 17:22:29,810 - INFO -   ⏳ mAP_0.5_0.95 无改善 (2/35), 最佳值: 0.5942 (epoch 58)
2025-11-25 17:22:31,957 - INFO - 💾 保存最新检查点: logs/dset8_r34_20251125_114205/latest_checkpoint.pth
2025-11-25 17:22:42,928 - INFO - Epoch 61 | Batch 0 | Loss: 7.09 (Det: 6.90, MoE: 4.1728)
2025-11-25 17:25:18,019 - INFO - Epoch 61 | Batch 50 | Loss: 7.07 (Det: 6.88, MoE: 4.1455)
2025-11-25 17:27:55,371 - INFO - Epoch 61:
2025-11-25 17:27:55,372 - INFO -   训练损失: 7.14 | 验证损失: 0.87
2025-11-25 17:27:55,373 - INFO -   预测/目标: 201600/93434
2025-11-25 17:27:55,373 - INFO -   ⏳ mAP_0.5_0.95 无改善 (3/35), 最佳值: 0.5942 (epoch 58)
2025-11-25 17:27:57,434 - INFO - 💾 保存最新检查点: logs/dset8_r34_20251125_114205/latest_checkpoint.pth
2025-11-25 17:28:08,014 - INFO - Epoch 62 | Batch 0 | Loss: 7.16 (Det: 6.96, MoE: 4.1594)
2025-11-25 17:30:40,638 - INFO - Epoch 62 | Batch 50 | Loss: 7.36 (Det: 7.16, MoE: 4.1688)
2025-11-25 17:33:19,925 - INFO - Epoch 62:
2025-11-25 17:33:19,925 - INFO -   训练损失: 7.25 | 验证损失: 0.87
2025-11-25 17:33:19,926 - INFO -   预测/目标: 201600/93434
2025-11-25 17:33:19,927 - INFO -   ⏳ mAP_0.5_0.95 无改善 (4/35), 最佳值: 0.5942 (epoch 58)
2025-11-25 17:33:21,944 - INFO - 💾 保存最新检查点: logs/dset8_r34_20251125_114205/latest_checkpoint.pth
2025-11-25 17:33:31,178 - INFO - Epoch 63 | Batch 0 | Loss: 7.17 (Det: 6.97, MoE: 4.1251)
2025-11-25 17:36:05,095 - INFO - Epoch 63 | Batch 50 | Loss: 7.28 (Det: 7.08, MoE: 4.1468)
2025-11-25 17:38:42,291 - INFO - Epoch 63:
2025-11-25 17:38:42,292 - INFO -   训练损失: 7.36 | 验证损失: 0.87
2025-11-25 17:38:42,293 - INFO -   预测/目标: 201600/93434
2025-11-25 17:38:42,293 - INFO -   🎉 新的最佳验证损失: 0.87
2025-11-25 17:38:42,294 - INFO -   🎉 新的最佳mAP: 0.5960
2025-11-25 17:38:44,442 - INFO - 💾 保存最佳模型: logs/dset8_r34_20251125_114205/best_model.pth
2025-11-25 17:39:38,685 - INFO -   每个类别的 mAP@0.5:0.95:
2025-11-25 17:39:38,685 - INFO -     Car         : 0.7757
2025-11-25 17:39:38,685 - INFO -     Truck       : 0.5045
2025-11-25 17:39:38,685 - INFO -     Van         : 0.5629
2025-11-25 17:39:38,685 - INFO -     Bus         : 0.7713
2025-11-25 17:39:38,685 - INFO -     Pedestrian  : 0.4496
2025-11-25 17:39:38,685 - INFO -     Cyclist     : 0.5855
2025-11-25 17:39:38,685 - INFO -     Motorcyclist: 0.4898
2025-11-25 17:39:38,685 - INFO -     Trafficcone : 0.6290
2025-11-25 17:39:38,881 - INFO -   mAP_0.5_0.95 提升到 0.5960 (最佳epoch: 63)
2025-11-25 17:39:41,099 - INFO - 💾 保存最新检查点: logs/dset8_r34_20251125_114205/latest_checkpoint.pth
2025-11-25 17:39:50,999 - INFO - Epoch 64 | Batch 0 | Loss: 7.11 (Det: 6.92, MoE: 4.1446)
2025-11-25 17:42:27,674 - INFO - Epoch 64 | Batch 50 | Loss: 7.06 (Det: 6.86, MoE: 4.1549)
2025-11-25 17:45:10,651 - INFO - Epoch 64:
2025-11-25 17:45:10,651 - INFO -   训练损失: 7.12 | 验证损失: 0.87
2025-11-25 17:45:10,652 - INFO -   预测/目标: 201600/93434
2025-11-25 17:45:10,653 - INFO -   ⏳ mAP_0.5_0.95 无改善 (1/35), 最佳值: 0.5960 (epoch 63)
2025-11-25 17:45:12,618 - INFO - 💾 保存最新检查点: logs/dset8_r34_20251125_114205/latest_checkpoint.pth
2025-11-25 17:45:15,163 - INFO - [DEBUG] Epoch 65: pruner.current_epoch=65, pruner.pruning_enabled=True, pruner.warmup_epochs=10
2025-11-25 17:45:23,380 - INFO - Epoch 65 | Batch 0 | Loss: 7.28 (Det: 7.08, MoE: 4.1893)
2025-11-25 17:48:01,692 - INFO - Epoch 65 | Batch 50 | Loss: 7.14 (Det: 6.95, MoE: 4.1606)
2025-11-25 17:50:45,534 - INFO - Epoch 65:
2025-11-25 17:50:45,534 - INFO -   训练损失: 7.08 | 验证损失: 0.87
2025-11-25 17:50:45,536 - INFO -   预测/目标: 201600/93434
2025-11-25 17:50:45,536 - INFO -   检测损失: 6.88
2025-11-25 17:50:45,536 - INFO -   Decoder MoE损失: 3.9942
2025-11-25 17:50:45,536 - INFO -   Encoder Patch-MoE Balance损失: 0.1572
2025-11-25 17:50:45,536 - INFO -   Encoder Patch-MoE Entropy损失: -2.0794
2025-11-25 17:50:45,537 - INFO -   Encoder MoE总损失: -1.9223
2025-11-25 17:50:45,537 - INFO -   Token Pruning损失: 0.000065
2025-11-25 17:50:45,537 - INFO -   MoE总损失: 4.1514
2025-11-25 17:50:45,537 - INFO -   Decoder专家使用率: [12.48%, 12.39%, 12.36%, 12.67%, 12.59%, 12.38%, 12.59%, 12.54%]
2025-11-25 17:50:45,537 - INFO -   ⏳ mAP_0.5_0.95 无改善 (2/35), 最佳值: 0.5960 (epoch 63)
2025-11-25 17:50:47,472 - INFO - 💾 保存最新检查点: logs/dset8_r34_20251125_114205/latest_checkpoint.pth
2025-11-25 17:50:57,810 - INFO - Epoch 66 | Batch 0 | Loss: 7.08 (Det: 6.88, MoE: 4.1460)
2025-11-25 17:53:34,493 - INFO - Epoch 66 | Batch 50 | Loss: 7.07 (Det: 6.88, MoE: 4.1554)
2025-11-25 17:56:19,494 - INFO - Epoch 66:
2025-11-25 17:56:19,494 - INFO -   训练损失: 7.09 | 验证损失: 0.87
2025-11-25 17:56:19,495 - INFO -   预测/目标: 201600/93434
2025-11-25 17:56:19,496 - INFO -   ⏳ mAP_0.5_0.95 无改善 (3/35), 最佳值: 0.5960 (epoch 63)
2025-11-25 17:56:21,408 - INFO - 💾 保存最新检查点: logs/dset8_r34_20251125_114205/latest_checkpoint.pth
2025-11-25 17:56:31,686 - INFO - Epoch 67 | Batch 0 | Loss: 6.97 (Det: 6.77, MoE: 4.1582)
2025-11-25 17:59:08,270 - INFO - Epoch 67 | Batch 50 | Loss: 6.93 (Det: 6.74, MoE: 4.1406)
2025-11-25 18:01:52,223 - INFO - Epoch 67:
2025-11-25 18:01:52,224 - INFO -   训练损失: 7.05 | 验证损失: 0.87
2025-11-25 18:01:52,226 - INFO -   预测/目标: 201600/93434
2025-11-25 18:01:52,226 - INFO -   ⏳ mAP_0.5_0.95 无改善 (4/35), 最佳值: 0.5960 (epoch 63)
2025-11-25 18:01:54,280 - INFO - 💾 保存最新检查点: logs/dset8_r34_20251125_114205/latest_checkpoint.pth
2025-11-25 18:02:04,465 - INFO - Epoch 68 | Batch 0 | Loss: 7.11 (Det: 6.91, MoE: 4.1286)
2025-11-25 18:04:42,755 - INFO - Epoch 68 | Batch 50 | Loss: 6.79 (Det: 6.59, MoE: 4.1560)
2025-11-25 18:07:26,978 - INFO - Epoch 68:
2025-11-25 18:07:26,978 - INFO -   训练损失: 6.99 | 验证损失: 0.87
2025-11-25 18:07:26,978 - INFO -   预测/目标: 201600/93434
2025-11-25 18:07:26,980 - INFO -   ⏳ mAP_0.5_0.95 无改善 (5/35), 最佳值: 0.5960 (epoch 63)
2025-11-25 18:07:29,001 - INFO - 💾 保存最新检查点: logs/dset8_r34_20251125_114205/latest_checkpoint.pth
2025-11-25 18:07:38,442 - INFO - Epoch 69 | Batch 0 | Loss: 6.88 (Det: 6.69, MoE: 4.1260)
2025-11-25 18:10:15,466 - INFO - Epoch 69 | Batch 50 | Loss: 6.81 (Det: 6.62, MoE: 4.1289)
2025-11-25 18:12:58,056 - INFO - Epoch 69:
2025-11-25 18:12:58,057 - INFO -   训练损失: 6.95 | 验证损失: 0.87
2025-11-25 18:12:58,058 - INFO -   预测/目标: 201600/93434
2025-11-25 18:12:58,060 - INFO -   ⏳ mAP_0.5_0.95 无改善 (6/35), 最佳值: 0.5960 (epoch 63)
2025-11-25 18:13:00,049 - INFO - 💾 保存最新检查点: logs/dset8_r34_20251125_114205/latest_checkpoint.pth
2025-11-25 18:13:02,620 - INFO - [DEBUG] Epoch 70: pruner.current_epoch=70, pruner.pruning_enabled=True, pruner.warmup_epochs=10
2025-11-25 18:13:10,505 - INFO - Epoch 70 | Batch 0 | Loss: 6.78 (Det: 6.58, MoE: 4.1408)
2025-11-25 18:15:47,491 - INFO - Epoch 70 | Batch 50 | Loss: 7.06 (Det: 6.87, MoE: 4.1449)
2025-11-25 18:18:29,872 - INFO - Epoch 70:
2025-11-25 18:18:29,873 - INFO -   训练损失: 6.97 | 验证损失: 0.87
2025-11-25 18:18:29,874 - INFO -   预测/目标: 201600/93434
2025-11-25 18:18:29,875 - INFO -   检测损失: 6.77
2025-11-25 18:18:29,875 - INFO -   Decoder MoE损失: 3.9955
2025-11-25 18:18:29,875 - INFO -   Encoder Patch-MoE Balance损失: 0.1522
2025-11-25 18:18:29,876 - INFO -   Encoder Patch-MoE Entropy损失: -2.0794
2025-11-25 18:18:29,876 - INFO -   Encoder MoE总损失: -1.9272
2025-11-25 18:18:29,876 - INFO -   Token Pruning损失: 0.000057
2025-11-25 18:18:29,876 - INFO -   MoE总损失: 4.1477
2025-11-25 18:18:29,876 - INFO -   Decoder专家使用率: [12.43%, 12.49%, 12.40%, 12.76%, 12.61%, 12.29%, 12.47%, 12.54%]
2025-11-25 18:18:29,876 - INFO -   ⏳ mAP_0.5_0.95 无改善 (7/35), 最佳值: 0.5960 (epoch 63)
2025-11-25 18:18:31,799 - INFO - 💾 保存最新检查点: logs/dset8_r34_20251125_114205/latest_checkpoint.pth
2025-11-25 18:18:42,291 - INFO - Epoch 71 | Batch 0 | Loss: 6.97 (Det: 6.78, MoE: 4.1417)
2025-11-25 18:21:19,269 - INFO - Epoch 71 | Batch 50 | Loss: 6.93 (Det: 6.74, MoE: 4.1518)
2025-11-25 18:24:01,231 - INFO - Epoch 71:
2025-11-25 18:24:01,232 - INFO -   训练损失: 6.96 | 验证损失: 0.88
2025-11-25 18:24:01,233 - INFO -   预测/目标: 201600/93434
2025-11-25 18:24:01,234 - INFO -   ⏳ mAP_0.5_0.95 无改善 (8/35), 最佳值: 0.5960 (epoch 63)
2025-11-25 18:24:02,985 - INFO - 💾 保存最新检查点: logs/dset8_r34_20251125_114205/latest_checkpoint.pth
2025-11-25 18:24:12,622 - INFO - Epoch 72 | Batch 0 | Loss: 6.86 (Det: 6.67, MoE: 4.1674)
2025-11-25 18:26:48,525 - INFO - Epoch 72 | Batch 50 | Loss: 6.81 (Det: 6.62, MoE: 4.1629)
2025-11-25 18:29:29,537 - INFO - Epoch 72:
2025-11-25 18:29:29,538 - INFO -   训练损失: 6.85 | 验证损失: 0.88
2025-11-25 18:29:29,539 - INFO -   预测/目标: 201600/93434
2025-11-25 18:29:29,539 - INFO -   ⏳ mAP_0.5_0.95 无改善 (9/35), 最佳值: 0.5960 (epoch 63)
2025-11-25 18:29:31,479 - INFO - 💾 保存最新检查点: logs/dset8_r34_20251125_114205/latest_checkpoint.pth
2025-11-25 18:29:42,960 - INFO - Epoch 73 | Batch 0 | Loss: 6.77 (Det: 6.58, MoE: 4.1437)
2025-11-25 18:32:19,068 - INFO - Epoch 73 | Batch 50 | Loss: 6.87 (Det: 6.68, MoE: 4.1775)
2025-11-25 18:35:02,623 - INFO - Epoch 73:
2025-11-25 18:35:02,624 - INFO -   训练损失: 6.84 | 验证损失: 0.88
2025-11-25 18:35:02,625 - INFO -   预测/目标: 201600/93434
2025-11-25 18:35:02,626 - INFO -   ⏳ mAP_0.5_0.95 无改善 (10/35), 最佳值: 0.5960 (epoch 63)
2025-11-25 18:35:04,592 - INFO - 💾 保存最新检查点: logs/dset8_r34_20251125_114205/latest_checkpoint.pth
2025-11-25 18:35:15,575 - INFO - Epoch 74 | Batch 0 | Loss: 6.78 (Det: 6.58, MoE: 4.1277)
2025-11-25 18:37:51,868 - INFO - Epoch 74 | Batch 50 | Loss: 6.91 (Det: 6.71, MoE: 4.1485)
2025-11-25 18:40:31,938 - INFO - Epoch 74:
2025-11-25 18:40:31,940 - INFO -   训练损失: 6.83 | 验证损失: 0.88
2025-11-25 18:40:31,941 - INFO -   预测/目标: 201600/93434
2025-11-25 18:40:31,941 - INFO -   ⏳ mAP_0.5_0.95 无改善 (11/35), 最佳值: 0.5960 (epoch 63)
2025-11-25 18:40:34,051 - INFO - 💾 保存最新检查点: logs/dset8_r34_20251125_114205/latest_checkpoint.pth
2025-11-25 18:40:36,929 - INFO - [DEBUG] Epoch 75: pruner.current_epoch=75, pruner.pruning_enabled=True, pruner.warmup_epochs=10
2025-11-25 18:40:45,989 - INFO - Epoch 75 | Batch 0 | Loss: 6.82 (Det: 6.62, MoE: 4.1451)
2025-11-25 18:43:19,106 - INFO - Epoch 75 | Batch 50 | Loss: 6.86 (Det: 6.66, MoE: 4.1552)
2025-11-25 18:45:56,784 - INFO - Epoch 75:
2025-11-25 18:45:56,787 - INFO -   训练损失: 6.78 | 验证损失: 0.88
2025-11-25 18:45:56,787 - INFO -   预测/目标: 201600/93434
2025-11-25 18:45:56,787 - INFO -   检测损失: 6.59
2025-11-25 18:45:56,788 - INFO -   Decoder MoE损失: 3.9936
2025-11-25 18:45:56,788 - INFO -   Encoder Patch-MoE Balance损失: 0.1563
2025-11-25 18:45:56,788 - INFO -   Encoder Patch-MoE Entropy损失: -2.0794
2025-11-25 18:45:56,788 - INFO -   Encoder MoE总损失: -1.9231
2025-11-25 18:45:56,788 - INFO -   Token Pruning损失: 0.000048
2025-11-25 18:45:56,788 - INFO -   MoE总损失: 4.1499
2025-11-25 18:45:56,788 - INFO -   Decoder专家使用率: [12.48%, 12.44%, 12.40%, 12.63%, 12.55%, 12.43%, 12.62%, 12.46%]
2025-11-25 18:45:56,788 - INFO -   ⏳ mAP_0.5_0.95 无改善 (12/35), 最佳值: 0.5960 (epoch 63)
2025-11-25 18:45:58,896 - INFO - 💾 保存最新检查点: logs/dset8_r34_20251125_114205/latest_checkpoint.pth
2025-11-25 18:46:11,147 - INFO - Epoch 76 | Batch 0 | Loss: 6.80 (Det: 6.60, MoE: 4.1592)
2025-11-25 18:48:44,097 - INFO - Epoch 76 | Batch 50 | Loss: 6.90 (Det: 6.71, MoE: 4.1521)
2025-11-25 18:51:21,378 - INFO - Epoch 76:
2025-11-25 18:51:21,378 - INFO -   训练损失: 6.74 | 验证损失: 0.88
2025-11-25 18:51:21,379 - INFO -   预测/目标: 201600/93434
2025-11-25 18:51:21,381 - INFO -   ⏳ mAP_0.5_0.95 无改善 (13/35), 最佳值: 0.5960 (epoch 63)
2025-11-25 18:51:23,370 - INFO - 💾 保存最新检查点: logs/dset8_r34_20251125_114205/latest_checkpoint.pth
2025-11-25 18:51:35,828 - INFO - Epoch 77 | Batch 0 | Loss: 6.71 (Det: 6.51, MoE: 4.1553)
2025-11-25 18:54:07,738 - INFO - Epoch 77 | Batch 50 | Loss: 6.92 (Det: 6.73, MoE: 4.1298)
2025-11-25 18:56:47,018 - INFO - Epoch 77:
2025-11-25 18:56:47,019 - INFO -   训练损失: 6.74 | 验证损失: 0.88
2025-11-25 18:56:47,020 - INFO -   预测/目标: 201600/93434
2025-11-25 18:56:47,020 - INFO -   ⏳ mAP_0.5_0.95 无改善 (14/35), 最佳值: 0.5960 (epoch 63)
2025-11-25 18:56:49,474 - INFO - 💾 保存最新检查点: logs/dset8_r34_20251125_114205/latest_checkpoint.pth
2025-11-25 18:57:01,198 - INFO - Epoch 78 | Batch 0 | Loss: 6.77 (Det: 6.58, MoE: 4.1394)
2025-11-25 18:59:34,496 - INFO - Epoch 78 | Batch 50 | Loss: 6.82 (Det: 6.63, MoE: 4.1246)
2025-11-25 19:02:13,754 - INFO - Epoch 78:
2025-11-25 19:02:13,755 - INFO -   训练损失: 6.68 | 验证损失: 0.89
2025-11-25 19:02:13,756 - INFO -   预测/目标: 201600/93434
2025-11-25 19:02:13,756 - INFO -   ⏳ mAP_0.5_0.95 无改善 (15/35), 最佳值: 0.5960 (epoch 63)
2025-11-25 19:02:15,973 - INFO - 💾 保存最新检查点: logs/dset8_r34_20251125_114205/latest_checkpoint.pth
2025-11-25 19:02:28,201 - INFO - Epoch 79 | Batch 0 | Loss: 6.56 (Det: 6.37, MoE: 4.1420)
2025-11-25 19:05:02,468 - INFO - Epoch 79 | Batch 50 | Loss: 6.87 (Det: 6.68, MoE: 4.1436)
2025-11-25 19:07:42,963 - INFO - Epoch 79:
2025-11-25 19:07:42,964 - INFO -   训练损失: 6.65 | 验证损失: 0.89
2025-11-25 19:07:42,965 - INFO -   预测/目标: 201600/93434
2025-11-25 19:07:42,966 - INFO -   ⏳ mAP_0.5_0.95 无改善 (16/35), 最佳值: 0.5960 (epoch 63)
2025-11-25 19:07:46,102 - INFO - 💾 保存最新检查点: logs/dset8_r34_20251125_114205/latest_checkpoint.pth
2025-11-25 19:07:49,042 - INFO - [DEBUG] Epoch 80: pruner.current_epoch=80, pruner.pruning_enabled=True, pruner.warmup_epochs=10
2025-11-25 19:07:58,479 - INFO - Epoch 80 | Batch 0 | Loss: 6.70 (Det: 6.51, MoE: 4.1340)
2025-11-25 19:10:31,901 - INFO - Epoch 80 | Batch 50 | Loss: 6.73 (Det: 6.53, MoE: 4.1333)
2025-11-25 19:13:10,580 - INFO - Epoch 80:
2025-11-25 19:13:10,580 - INFO -   训练损失: 6.66 | 验证损失: 0.89
2025-11-25 19:13:10,581 - INFO -   预测/目标: 201600/93434
2025-11-25 19:13:10,582 - INFO -   检测损失: 6.46
2025-11-25 19:13:10,582 - INFO -   Decoder MoE损失: 3.9893
2025-11-25 19:13:10,583 - INFO -   Encoder Patch-MoE Balance损失: 0.1625
2025-11-25 19:13:10,583 - INFO -   Encoder Patch-MoE Entropy损失: -2.0794
2025-11-25 19:13:10,583 - INFO -   Encoder MoE总损失: -1.9169
2025-11-25 19:13:10,584 - INFO -   Token Pruning损失: 0.000043
2025-11-25 19:13:10,584 - INFO -   MoE总损失: 4.1519
2025-11-25 19:13:10,584 - INFO -   Decoder专家使用率: [12.38%, 12.41%, 12.41%, 12.70%, 12.63%, 12.38%, 12.52%, 12.56%]
2025-11-25 19:13:10,584 - INFO -   ⏳ mAP_0.5_0.95 无改善 (17/35), 最佳值: 0.5960 (epoch 63)
2025-11-25 19:13:12,963 - INFO - 💾 保存最新检查点: logs/dset8_r34_20251125_114205/latest_checkpoint.pth
2025-11-25 19:13:25,068 - INFO - Epoch 81 | Batch 0 | Loss: 6.60 (Det: 6.40, MoE: 4.1574)
2025-11-25 19:15:58,263 - INFO - Epoch 81 | Batch 50 | Loss: 6.74 (Det: 6.55, MoE: 4.1451)
2025-11-25 19:18:38,626 - INFO - Epoch 81:
2025-11-25 19:18:38,628 - INFO -   训练损失: 6.65 | 验证损失: 0.89
2025-11-25 19:18:38,629 - INFO -   预测/目标: 201600/93434
2025-11-25 19:18:38,629 - INFO -   ⏳ mAP_0.5_0.95 无改善 (18/35), 最佳值: 0.5960 (epoch 63)
2025-11-25 19:18:42,227 - INFO - 💾 保存最新检查点: logs/dset8_r34_20251125_114205/latest_checkpoint.pth
2025-11-25 19:18:52,202 - INFO - Epoch 82 | Batch 0 | Loss: 6.62 (Det: 6.43, MoE: 4.1202)
2025-11-25 19:21:24,925 - INFO - Epoch 82 | Batch 50 | Loss: 6.63 (Det: 6.44, MoE: 4.1462)
2025-11-25 19:24:04,862 - INFO - Epoch 82:
2025-11-25 19:24:04,862 - INFO -   训练损失: 6.60 | 验证损失: 0.89
2025-11-25 19:24:04,864 - INFO -   预测/目标: 201600/93434
2025-11-25 19:24:04,865 - INFO -   ⏳ mAP_0.5_0.95 无改善 (19/35), 最佳值: 0.5960 (epoch 63)
2025-11-25 19:24:07,029 - INFO - 💾 保存最新检查点: logs/dset8_r34_20251125_114205/latest_checkpoint.pth
2025-11-25 19:24:18,451 - INFO - Epoch 83 | Batch 0 | Loss: 6.58 (Det: 6.39, MoE: 4.1861)
2025-11-25 19:26:51,909 - INFO - Epoch 83 | Batch 50 | Loss: 6.47 (Det: 6.28, MoE: 4.1435)
2025-11-25 19:29:31,736 - INFO - Epoch 83:
2025-11-25 19:29:31,737 - INFO -   训练损失: 6.56 | 验证损失: 0.89
2025-11-25 19:29:31,738 - INFO -   预测/目标: 201600/93434
2025-11-25 19:29:31,738 - INFO -   ⏳ mAP_0.5_0.95 无改善 (20/35), 最佳值: 0.5960 (epoch 63)
2025-11-25 19:29:33,876 - INFO - 💾 保存最新检查点: logs/dset8_r34_20251125_114205/latest_checkpoint.pth
2025-11-25 19:29:45,615 - INFO - Epoch 84 | Batch 0 | Loss: 6.63 (Det: 6.44, MoE: 4.1462)
2025-11-25 19:32:19,552 - INFO - Epoch 84 | Batch 50 | Loss: 6.61 (Det: 6.42, MoE: 4.1358)
2025-11-25 19:34:55,178 - INFO - Epoch 84:
2025-11-25 19:34:55,178 - INFO -   训练损失: 6.55 | 验证损失: 0.89
2025-11-25 19:34:55,180 - INFO -   预测/目标: 201600/93434
2025-11-25 19:34:55,180 - INFO -   ⏳ mAP_0.5_0.95 无改善 (21/35), 最佳值: 0.5960 (epoch 63)
2025-11-25 19:34:57,531 - INFO - 💾 保存最新检查点: logs/dset8_r34_20251125_114205/latest_checkpoint.pth
2025-11-25 19:34:59,928 - INFO - [DEBUG] Epoch 85: pruner.current_epoch=85, pruner.pruning_enabled=True, pruner.warmup_epochs=10
2025-11-25 19:35:07,508 - INFO - Epoch 85 | Batch 0 | Loss: 6.50 (Det: 6.30, MoE: 4.1743)
2025-11-25 19:37:26,958 - INFO - Epoch 85 | Batch 50 | Loss: 6.66 (Det: 6.46, MoE: 4.1350)
2025-11-25 19:39:55,176 - INFO - Epoch 85:
2025-11-25 19:39:55,178 - INFO -   训练损失: 6.52 | 验证损失: 0.90
2025-11-25 19:39:55,179 - INFO -   预测/目标: 201600/93434
2025-11-25 19:39:55,179 - INFO -   检测损失: 6.32
2025-11-25 19:39:55,179 - INFO -   Decoder MoE损失: 3.9926
2025-11-25 19:39:55,179 - INFO -   Encoder Patch-MoE Balance损失: 0.1508
2025-11-25 19:39:55,180 - INFO -   Encoder Patch-MoE Entropy损失: -2.0794
2025-11-25 19:39:55,180 - INFO -   Encoder MoE总损失: -1.9286
2025-11-25 19:39:55,180 - INFO -   Token Pruning损失: 0.000041
2025-11-25 19:39:55,180 - INFO -   MoE总损失: 4.1434
2025-11-25 19:39:55,180 - INFO -   Decoder专家使用率: [12.33%, 12.31%, 12.44%, 12.67%, 12.65%, 12.37%, 12.58%, 12.66%]
2025-11-25 19:39:55,180 - INFO -   ⏳ mAP_0.5_0.95 无改善 (22/35), 最佳值: 0.5960 (epoch 63)
2025-11-25 19:39:57,501 - INFO - 💾 保存最新检查点: logs/dset8_r34_20251125_114205/latest_checkpoint.pth
2025-11-25 19:40:09,125 - INFO - Epoch 86 | Batch 0 | Loss: 6.42 (Det: 6.23, MoE: 4.1380)
2025-11-25 19:42:28,357 - INFO - Epoch 86 | Batch 50 | Loss: 6.65 (Det: 6.46, MoE: 4.1443)
2025-11-25 19:44:56,125 - INFO - Epoch 86:
2025-11-25 19:44:56,125 - INFO -   训练损失: 6.48 | 验证损失: 0.90
2025-11-25 19:44:56,126 - INFO -   预测/目标: 201600/93434
2025-11-25 19:44:56,126 - INFO -   ⏳ mAP_0.5_0.95 无改善 (23/35), 最佳值: 0.5960 (epoch 63)
2025-11-25 19:44:57,958 - INFO - 💾 保存最新检查点: logs/dset8_r34_20251125_114205/latest_checkpoint.pth
2025-11-25 19:45:10,243 - INFO - Epoch 87 | Batch 0 | Loss: 6.26 (Det: 6.06, MoE: 4.1507)
2025-11-25 19:47:29,554 - INFO - Epoch 87 | Batch 50 | Loss: 6.63 (Det: 6.43, MoE: 4.1717)
2025-11-25 19:49:56,059 - INFO - Epoch 87:
2025-11-25 19:49:56,060 - INFO -   训练损失: 6.45 | 验证损失: 0.90
2025-11-25 19:49:56,062 - INFO -   预测/目标: 201600/93434
2025-11-25 19:49:56,062 - INFO -   ⏳ mAP_0.5_0.95 无改善 (24/35), 最佳值: 0.5960 (epoch 63)
2025-11-25 19:49:58,109 - INFO - 💾 保存最新检查点: logs/dset8_r34_20251125_114205/latest_checkpoint.pth
2025-11-25 19:50:10,093 - INFO - Epoch 88 | Batch 0 | Loss: 6.44 (Det: 6.24, MoE: 4.1563)
2025-11-25 19:52:28,645 - INFO - Epoch 88 | Batch 50 | Loss: 6.45 (Det: 6.25, MoE: 4.1577)
2025-11-25 19:54:57,266 - INFO - Epoch 88:
2025-11-25 19:54:57,267 - INFO -   训练损失: 6.45 | 验证损失: 0.90
2025-11-25 19:54:57,268 - INFO -   预测/目标: 201600/93434
2025-11-25 19:54:57,269 - INFO -   ⏳ mAP_0.5_0.95 无改善 (25/35), 最佳值: 0.5960 (epoch 63)
2025-11-25 19:54:59,328 - INFO - 💾 保存最新检查点: logs/dset8_r34_20251125_114205/latest_checkpoint.pth
2025-11-25 19:55:08,751 - INFO - Epoch 89 | Batch 0 | Loss: 6.24 (Det: 6.04, MoE: 4.1482)
2025-11-25 19:57:27,194 - INFO - Epoch 89 | Batch 50 | Loss: 6.49 (Det: 6.30, MoE: 4.1502)
2025-11-25 19:59:53,723 - INFO - Epoch 89:
2025-11-25 19:59:53,725 - INFO -   训练损失: 6.42 | 验证损失: 0.90
2025-11-25 19:59:53,725 - INFO -   预测/目标: 201600/93434
2025-11-25 19:59:53,726 - INFO -   ⏳ mAP_0.5_0.95 无改善 (26/35), 最佳值: 0.5960 (epoch 63)
2025-11-25 19:59:55,816 - INFO - 💾 保存最新检查点: logs/dset8_r34_20251125_114205/latest_checkpoint.pth
2025-11-25 19:59:58,227 - INFO - [DEBUG] Epoch 90: pruner.current_epoch=90, pruner.pruning_enabled=True, pruner.warmup_epochs=10
2025-11-25 20:00:04,486 - INFO - Epoch 90 | Batch 0 | Loss: 6.23 (Det: 6.04, MoE: 4.1475)
2025-11-25 20:02:22,740 - INFO - Epoch 90 | Batch 50 | Loss: 6.42 (Det: 6.23, MoE: 4.1598)
2025-11-25 20:04:48,862 - INFO - Epoch 90:
2025-11-25 20:04:48,863 - INFO -   训练损失: 6.38 | 验证损失: 0.91
2025-11-25 20:04:48,864 - INFO -   预测/目标: 201600/93434
2025-11-25 20:04:48,865 - INFO -   检测损失: 6.18
2025-11-25 20:04:48,865 - INFO -   Decoder MoE损失: 3.9922
2025-11-25 20:04:48,865 - INFO -   Encoder Patch-MoE Balance损失: 0.1552
2025-11-25 20:04:48,866 - INFO -   Encoder Patch-MoE Entropy损失: -2.0794
2025-11-25 20:04:48,866 - INFO -   Encoder MoE总损失: -1.9242
2025-11-25 20:04:48,866 - INFO -   Token Pruning损失: 0.000040
2025-11-25 20:04:48,866 - INFO -   MoE总损失: 4.1474
2025-11-25 20:04:48,866 - INFO -   Decoder专家使用率: [12.25%, 12.38%, 12.47%, 12.75%, 12.64%, 12.38%, 12.57%, 12.56%]
2025-11-25 20:04:48,866 - INFO -   ⏳ mAP_0.5_0.95 无改善 (27/35), 最佳值: 0.5960 (epoch 63)
2025-11-25 20:04:51,001 - INFO - 💾 保存最新检查点: logs/dset8_r34_20251125_114205/latest_checkpoint.pth
2025-11-25 20:05:01,818 - INFO - Epoch 91 | Batch 0 | Loss: 6.24 (Det: 6.05, MoE: 4.1403)
2025-11-25 20:07:22,132 - INFO - Epoch 91 | Batch 50 | Loss: 6.46 (Det: 6.27, MoE: 4.1450)
2025-11-25 20:09:52,241 - INFO - Epoch 91:
2025-11-25 20:09:52,242 - INFO -   训练损失: 6.36 | 验证损失: 0.91
2025-11-25 20:09:52,244 - INFO -   预测/目标: 201600/93434
2025-11-25 20:09:52,245 - INFO -   ⏳ mAP_0.5_0.95 无改善 (28/35), 最佳值: 0.5960 (epoch 63)
2025-11-25 20:09:54,680 - INFO - 💾 保存最新检查点: logs/dset8_r34_20251125_114205/latest_checkpoint.pth
2025-11-25 20:10:04,018 - INFO - Epoch 92 | Batch 0 | Loss: 6.23 (Det: 6.04, MoE: 4.1449)
2025-11-25 20:12:31,447 - INFO - Epoch 92 | Batch 50 | Loss: 6.39 (Det: 6.20, MoE: 4.1454)
2025-11-25 20:15:16,114 - INFO - Epoch 92:
2025-11-25 20:15:16,116 - INFO -   训练损失: 6.37 | 验证损失: 0.91
2025-11-25 20:15:16,117 - INFO -   预测/目标: 201600/93434
2025-11-25 20:15:16,118 - INFO -   ⏳ mAP_0.5_0.95 无改善 (29/35), 最佳值: 0.5960 (epoch 63)
2025-11-25 20:15:18,181 - INFO - 💾 保存最新检查点: logs/dset8_r34_20251125_114205/latest_checkpoint.pth
2025-11-25 20:15:31,181 - INFO - Epoch 93 | Batch 0 | Loss: 6.34 (Det: 6.14, MoE: 4.1730)
2025-11-25 20:18:06,135 - INFO - Epoch 93 | Batch 50 | Loss: 6.37 (Det: 6.18, MoE: 4.1405)
2025-11-25 20:20:46,181 - INFO - Epoch 93:
2025-11-25 20:20:46,182 - INFO -   训练损失: 6.42 | 验证损失: 0.91
2025-11-25 20:20:46,183 - INFO -   预测/目标: 201600/93434
2025-11-25 20:20:46,183 - INFO -   ⏳ mAP_0.5_0.95 无改善 (30/35), 最佳值: 0.5960 (epoch 63)
2025-11-25 20:20:48,121 - INFO - 💾 保存最新检查点: logs/dset8_r34_20251125_114205/latest_checkpoint.pth
2025-11-25 20:20:59,102 - INFO - Epoch 94 | Batch 0 | Loss: 6.24 (Det: 6.04, MoE: 4.1365)
2025-11-25 20:23:32,761 - INFO - Epoch 94 | Batch 50 | Loss: 6.34 (Det: 6.15, MoE: 4.1580)
2025-11-25 20:26:13,324 - INFO - Epoch 94:
2025-11-25 20:26:13,324 - INFO -   训练损失: 6.30 | 验证损失: 0.91
2025-11-25 20:26:13,324 - INFO -   预测/目标: 201600/93434
2025-11-25 20:26:13,326 - INFO -   ⏳ mAP_0.5_0.95 无改善 (31/35), 最佳值: 0.5960 (epoch 63)
2025-11-25 20:26:15,337 - INFO - 💾 保存最新检查点: logs/dset8_r34_20251125_114205/latest_checkpoint.pth
2025-11-25 20:26:17,737 - INFO - [DEBUG] Epoch 95: pruner.current_epoch=95, pruner.pruning_enabled=True, pruner.warmup_epochs=10
2025-11-25 20:26:25,353 - INFO - Epoch 95 | Batch 0 | Loss: 6.61 (Det: 6.41, MoE: 4.1489)
2025-11-25 20:28:59,284 - INFO - Epoch 95 | Batch 50 | Loss: 6.45 (Det: 6.25, MoE: 4.1456)
2025-11-25 20:31:39,142 - INFO - Epoch 95:
2025-11-25 20:31:39,143 - INFO -   训练损失: 6.28 | 验证损失: 0.91
2025-11-25 20:31:39,143 - INFO -   预测/目标: 201600/93434
2025-11-25 20:31:39,144 - INFO -   检测损失: 6.09
2025-11-25 20:31:39,145 - INFO -   Decoder MoE损失: 3.9950
2025-11-25 20:31:39,145 - INFO -   Encoder Patch-MoE Balance损失: 0.1497
2025-11-25 20:31:39,145 - INFO -   Encoder Patch-MoE Entropy损失: -2.0794
2025-11-25 20:31:39,145 - INFO -   Encoder MoE总损失: -1.9297
2025-11-25 20:31:39,146 - INFO -   Token Pruning损失: 0.000037
2025-11-25 20:31:39,146 - INFO -   MoE总损失: 4.1447
2025-11-25 20:31:39,146 - INFO -   Decoder专家使用率: [12.21%, 12.33%, 12.56%, 12.73%, 12.68%, 12.35%, 12.53%, 12.61%]
2025-11-25 20:31:39,146 - INFO -   ⏳ mAP_0.5_0.95 无改善 (32/35), 最佳值: 0.5960 (epoch 63)
2025-11-25 20:31:41,457 - INFO - 💾 保存最新检查点: logs/dset8_r34_20251125_114205/latest_checkpoint.pth
2025-11-25 20:31:51,281 - INFO - Epoch 96 | Batch 0 | Loss: 6.07 (Det: 5.88, MoE: 4.1372)
2025-11-25 20:34:26,933 - INFO - Epoch 96 | Batch 50 | Loss: 6.25 (Det: 6.05, MoE: 4.1467)
2025-11-25 20:37:07,445 - INFO - Epoch 96:
2025-11-25 20:37:07,446 - INFO -   训练损失: 6.26 | 验证损失: 0.92
2025-11-25 20:37:07,447 - INFO -   预测/目标: 201600/93434
2025-11-25 20:37:07,448 - INFO -   ⏳ mAP_0.5_0.95 无改善 (33/35), 最佳值: 0.5960 (epoch 63)
2025-11-25 20:37:09,598 - INFO - 💾 保存最新检查点: logs/dset8_r34_20251125_114205/latest_checkpoint.pth
2025-11-25 20:37:22,415 - INFO - Epoch 97 | Batch 0 | Loss: 6.05 (Det: 5.86, MoE: 4.1627)
2025-11-25 20:39:57,473 - INFO - Epoch 97 | Batch 50 | Loss: 6.24 (Det: 6.04, MoE: 4.1493)
2025-11-25 20:42:38,778 - INFO - Epoch 97:
2025-11-25 20:42:38,779 - INFO -   训练损失: 6.23 | 验证损失: 0.92
2025-11-25 20:42:38,781 - INFO -   预测/目标: 201600/93434
2025-11-25 20:42:38,781 - INFO -   ⏳ mAP_0.5_0.95 无改善 (34/35), 最佳值: 0.5960 (epoch 63)
2025-11-25 20:42:40,893 - INFO - 💾 保存最新检查点: logs/dset8_r34_20251125_114205/latest_checkpoint.pth
2025-11-25 20:42:52,057 - INFO - Epoch 98 | Batch 0 | Loss: 6.15 (Det: 5.96, MoE: 4.1391)
2025-11-25 20:45:26,319 - INFO - Epoch 98 | Batch 50 | Loss: 6.21 (Det: 6.02, MoE: 4.1768)
2025-11-25 20:48:04,272 - INFO - Epoch 98:
2025-11-25 20:48:04,273 - INFO -   训练损失: 6.23 | 验证损失: 0.92
2025-11-25 20:48:04,275 - INFO -   预测/目标: 201600/93434
2025-11-25 20:48:04,275 - INFO -   ⏳ mAP_0.5_0.95 无改善 (35/35), 最佳值: 0.5960 (epoch 63)
2025-11-25 20:48:04,275 - INFO - 
============================================================
⛔ Early Stopping触发！
   已连续 35 个epoch无改善
   最佳 mAP_0.5_0.95: 0.5960 (epoch 63)
============================================================

2025-11-25 20:48:04,276 - INFO - Early Stopping在epoch 98触发，停止训练
2025-11-25 20:48:04,276 - INFO - ✓ 训练完成！
2025-11-25 20:48:06,709 - INFO - ✓ 训练曲线已保存到: logs/dset8_r34_20251125_114205/training_curves.png
2025-11-25 20:48:06,709 - INFO - ✓ 训练历史已导出到: logs/dset8_r34_20251125_114205/training_history.csv
2025-11-25 20:48:06,709 - INFO - ============================================================
2025-11-25 20:48:06,709 - INFO - 使用best_model生成推理结果（5张图像）...
2025-11-25 20:48:10,254 - INFO -   生成best_model推理结果（前5张）...
2025-11-25 20:48:11,353 - INFO -   ✓ 推理结果已保存到: logs/dset8_r34_20251125_114205/inference_samples
