2025-12-16 15:30:48,084 - INFO - ✓ 配置已保存到: logs/yolo_v10m_20251216_153048/config.yaml
2025-12-16 15:30:48,084 - INFO - ✓ 初始化YOLOv10训练器
2025-12-16 15:30:48,084 - INFO -   类别数量: 8
2025-12-16 15:30:48,085 - INFO -   类别: Car, Truck, Van, Bus, Pedestrian, Cyclist, Motorcyclist, Trafficcone
2025-12-16 15:30:48,086 - INFO - ✓ 配置已保存到: logs/yolo_v10m_20251216_153048/config.yaml
2025-12-16 15:30:48,086 - INFO - ================================================================================
2025-12-16 15:30:48,086 - INFO - 🚀 开始YOLOv10训练
2025-12-16 15:30:48,086 - INFO - ================================================================================
2025-12-16 15:30:48,086 - WARNING - ⚠️  预训练权重文件不存在: /root/autodl-tmp/DSET/experiments/yolov10/pretrained/yolov10m.pt
2025-12-16 15:30:48,086 - INFO -    将使用模型名称自动加载: yolov10m.pt
2025-12-16 15:30:48,181 - INFO -   模型将在训练时自动适配 8 类（从data.yaml读取）
2025-12-16 15:30:48,181 - INFO - 📝 训练配置:
2025-12-16 15:30:48,181 - INFO -   数据集路径: /root/autodl-tmp/datasets/DAIR-V2X_YOLO/dairv2x.yaml
2025-12-16 15:30:48,181 - INFO -   训练轮数: 200
2025-12-16 15:30:48,181 - INFO -   批次大小: 12
2025-12-16 15:30:48,182 - INFO -   优化器: auto
2025-12-16 15:30:48,182 - INFO -   初始学习率: 0.01
2025-12-16 15:30:48,182 - INFO -   Weight decay: 0.0005
2025-12-16 15:30:48,182 - INFO -   输出目录: logs/yolo_v10m_20251216_153048
2025-12-16 15:30:48,182 - INFO -   预训练权重: pretrained/yolov10m.pt
2025-12-16 15:30:48,182 - INFO - ================================================================================
2025-12-16 15:30:48,182 - INFO - 训练配置摘要:
2025-12-16 15:30:48,182 - INFO -   - 训练轮数: 200
2025-12-16 15:30:48,182 - INFO -   - 批次大小: 12
2025-12-16 15:30:48,182 - INFO -   - 优化器: auto
2025-12-16 15:30:48,182 - INFO -   - 初始学习率: 0.01
2025-12-16 15:30:48,182 - INFO -   - Weight decay: 0.0005
2025-12-16 15:30:48,182 - INFO -   - Warmup轮数: 3.0
2025-12-16 15:30:48,182 - INFO -   - 设备: cuda
2025-12-16 15:30:48,182 - INFO - ================================================================================
2025-12-16 15:30:48,182 - INFO - 开始训练 200 epochs
2025-12-16 17:56:23,406 - INFO - ================================================================================
2025-12-16 17:56:23,406 - INFO - ✅ 训练完成！
2025-12-16 17:56:23,406 - INFO - ================================================================================
2025-12-16 17:56:23,412 - INFO - ================================================================================
2025-12-16 17:56:23,412 - INFO - 训练过程摘要（按RT-DETR格式）:
2025-12-16 17:56:23,412 - INFO - ================================================================================
2025-12-16 17:56:23,413 - INFO - Epoch 1:
2025-12-16 17:56:23,413 - INFO -   训练损失: 6.40 | 验证损失: 5.03
2025-12-16 17:56:23,413 - INFO -   mAP@0.5: 0.8467
2025-12-16 17:56:23,413 - INFO -   mAP@0.5:0.95: 0.6266
2025-12-16 17:56:23,413 - INFO - Epoch 2:
2025-12-16 17:56:23,413 - INFO -   训练损失: 5.23 | 验证损失: 5.10
2025-12-16 17:56:23,413 - INFO -   mAP@0.5: 0.8678
2025-12-16 17:56:23,413 - INFO -   mAP@0.5:0.95: 0.6432
2025-12-16 17:56:23,413 - INFO - Epoch 3:
2025-12-16 17:56:23,413 - INFO -   训练损失: 5.30 | 验证损失: 5.10
2025-12-16 17:56:23,413 - INFO -   mAP@0.5: 0.8499
2025-12-16 17:56:23,413 - INFO -   mAP@0.5:0.95: 0.6255
2025-12-16 17:56:23,413 - INFO - Epoch 4:
2025-12-16 17:56:23,413 - INFO -   训练损失: 5.26 | 验证损失: 4.96
2025-12-16 17:56:23,413 - INFO -   mAP@0.5: 0.8723
2025-12-16 17:56:23,413 - INFO -   mAP@0.5:0.95: 0.6507
2025-12-16 17:56:23,413 - INFO - Epoch 5:
2025-12-16 17:56:23,413 - INFO -   训练损失: 5.08 | 验证损失: 4.88
2025-12-16 17:56:23,413 - INFO -   mAP@0.5: 0.8833
2025-12-16 17:56:23,413 - INFO -   mAP@0.5:0.95: 0.6639
2025-12-16 17:56:23,413 - INFO - Epoch 6:
2025-12-16 17:56:23,413 - INFO -   训练损失: 4.99 | 验证损失: 4.84
2025-12-16 17:56:23,413 - INFO -   mAP@0.5: 0.8850
2025-12-16 17:56:23,413 - INFO -   mAP@0.5:0.95: 0.6620
2025-12-16 17:56:23,414 - INFO - Epoch 7:
2025-12-16 17:56:23,414 - INFO -   训练损失: 4.90 | 验证损失: 4.80
2025-12-16 17:56:23,414 - INFO -   mAP@0.5: 0.8844
2025-12-16 17:56:23,414 - INFO -   mAP@0.5:0.95: 0.6621
2025-12-16 17:56:23,414 - INFO - Epoch 8:
2025-12-16 17:56:23,414 - INFO -   训练损失: 4.84 | 验证损失: 4.75
2025-12-16 17:56:23,414 - INFO -   mAP@0.5: 0.8887
2025-12-16 17:56:23,414 - INFO -   mAP@0.5:0.95: 0.6741
2025-12-16 17:56:23,414 - INFO - Epoch 9:
2025-12-16 17:56:23,414 - INFO -   训练损失: 4.80 | 验证损失: 4.76
2025-12-16 17:56:23,414 - INFO -   mAP@0.5: 0.8955
2025-12-16 17:56:23,414 - INFO -   mAP@0.5:0.95: 0.6794
2025-12-16 17:56:23,414 - INFO - Epoch 10:
2025-12-16 17:56:23,414 - INFO -   训练损失: 4.77 | 验证损失: 4.75
2025-12-16 17:56:23,414 - INFO -   mAP@0.5: 0.8949
2025-12-16 17:56:23,414 - INFO -   mAP@0.5:0.95: 0.6835
2025-12-16 17:56:23,414 - INFO - Epoch 11:
2025-12-16 17:56:23,414 - INFO -   训练损失: 4.73 | 验证损失: 4.76
2025-12-16 17:56:23,414 - INFO -   mAP@0.5: 0.8935
2025-12-16 17:56:23,414 - INFO -   mAP@0.5:0.95: 0.6793
2025-12-16 17:56:23,414 - INFO - Epoch 12:
2025-12-16 17:56:23,414 - INFO -   训练损失: 4.71 | 验证损失: 4.75
2025-12-16 17:56:23,414 - INFO -   mAP@0.5: 0.8979
2025-12-16 17:56:23,414 - INFO -   mAP@0.5:0.95: 0.6812
2025-12-16 17:56:23,414 - INFO - Epoch 13:
2025-12-16 17:56:23,414 - INFO -   训练损失: 4.68 | 验证损失: 4.69
2025-12-16 17:56:23,414 - INFO -   mAP@0.5: 0.9002
2025-12-16 17:56:23,414 - INFO -   mAP@0.5:0.95: 0.6908
2025-12-16 17:56:23,415 - INFO - Epoch 14:
2025-12-16 17:56:23,415 - INFO -   训练损失: 4.66 | 验证损失: 4.73
2025-12-16 17:56:23,415 - INFO -   mAP@0.5: 0.8964
2025-12-16 17:56:23,415 - INFO -   mAP@0.5:0.95: 0.6825
2025-12-16 17:56:23,415 - INFO - Epoch 15:
2025-12-16 17:56:23,415 - INFO -   训练损失: 4.63 | 验证损失: 4.70
2025-12-16 17:56:23,415 - INFO -   mAP@0.5: 0.8943
2025-12-16 17:56:23,415 - INFO -   mAP@0.5:0.95: 0.6869
2025-12-16 17:56:23,415 - INFO - Epoch 16:
2025-12-16 17:56:23,415 - INFO -   训练损失: 4.62 | 验证损失: 4.68
2025-12-16 17:56:23,415 - INFO -   mAP@0.5: 0.8998
2025-12-16 17:56:23,415 - INFO -   mAP@0.5:0.95: 0.6876
2025-12-16 17:56:23,415 - INFO - Epoch 17:
2025-12-16 17:56:23,415 - INFO -   训练损失: 4.60 | 验证损失: 4.74
2025-12-16 17:56:23,415 - INFO -   mAP@0.5: 0.8940
2025-12-16 17:56:23,415 - INFO -   mAP@0.5:0.95: 0.6863
2025-12-16 17:56:23,415 - INFO - Epoch 18:
2025-12-16 17:56:23,415 - INFO -   训练损失: 4.59 | 验证损失: 4.66
2025-12-16 17:56:23,415 - INFO -   mAP@0.5: 0.9045
2025-12-16 17:56:23,415 - INFO -   mAP@0.5:0.95: 0.7003
2025-12-16 17:56:23,415 - INFO - Epoch 19:
2025-12-16 17:56:23,415 - INFO -   训练损失: 4.57 | 验证损失: 4.66
2025-12-16 17:56:23,415 - INFO -   mAP@0.5: 0.9031
2025-12-16 17:56:23,415 - INFO -   mAP@0.5:0.95: 0.6975
2025-12-16 17:56:23,415 - INFO - Epoch 20:
2025-12-16 17:56:23,415 - INFO -   训练损失: 4.55 | 验证损失: 4.62
2025-12-16 17:56:23,415 - INFO -   mAP@0.5: 0.9064
2025-12-16 17:56:23,415 - INFO -   mAP@0.5:0.95: 0.7014
2025-12-16 17:56:23,416 - INFO - Epoch 21:
2025-12-16 17:56:23,416 - INFO -   训练损失: 4.54 | 验证损失: 4.68
2025-12-16 17:56:23,416 - INFO -   mAP@0.5: 0.8998
2025-12-16 17:56:23,416 - INFO -   mAP@0.5:0.95: 0.6888
2025-12-16 17:56:23,416 - INFO - Epoch 22:
2025-12-16 17:56:23,416 - INFO -   训练损失: 4.53 | 验证损失: 4.73
2025-12-16 17:56:23,416 - INFO -   mAP@0.5: 0.8972
2025-12-16 17:56:23,416 - INFO -   mAP@0.5:0.95: 0.6877
2025-12-16 17:56:23,416 - INFO - Epoch 23:
2025-12-16 17:56:23,416 - INFO -   训练损失: 4.52 | 验证损失: 4.62
2025-12-16 17:56:23,416 - INFO -   mAP@0.5: 0.9060
2025-12-16 17:56:23,416 - INFO -   mAP@0.5:0.95: 0.7014
2025-12-16 17:56:23,416 - INFO - Epoch 24:
2025-12-16 17:56:23,416 - INFO -   训练损失: 4.51 | 验证损失: 4.62
2025-12-16 17:56:23,416 - INFO -   mAP@0.5: 0.9069
2025-12-16 17:56:23,416 - INFO -   mAP@0.5:0.95: 0.7030
2025-12-16 17:56:23,416 - INFO - Epoch 25:
2025-12-16 17:56:23,416 - INFO -   训练损失: 4.51 | 验证损失: 4.65
2025-12-16 17:56:23,416 - INFO -   mAP@0.5: 0.9046
2025-12-16 17:56:23,416 - INFO -   mAP@0.5:0.95: 0.6983
2025-12-16 17:56:23,416 - INFO - Epoch 26:
2025-12-16 17:56:23,416 - INFO -   训练损失: 4.49 | 验证损失: 4.63
2025-12-16 17:56:23,416 - INFO -   mAP@0.5: 0.9065
2025-12-16 17:56:23,416 - INFO -   mAP@0.5:0.95: 0.7020
2025-12-16 17:56:23,416 - INFO - Epoch 27:
2025-12-16 17:56:23,416 - INFO -   训练损失: 4.47 | 验证损失: 4.61
2025-12-16 17:56:23,416 - INFO -   mAP@0.5: 0.9084
2025-12-16 17:56:23,416 - INFO -   mAP@0.5:0.95: 0.7059
2025-12-16 17:56:23,417 - INFO - Epoch 28:
2025-12-16 17:56:23,417 - INFO -   训练损失: 4.47 | 验证损失: 4.63
2025-12-16 17:56:23,417 - INFO -   mAP@0.5: 0.9049
2025-12-16 17:56:23,417 - INFO -   mAP@0.5:0.95: 0.6999
2025-12-16 17:56:23,417 - INFO - Epoch 29:
2025-12-16 17:56:23,417 - INFO -   训练损失: 4.46 | 验证损失: 4.67
2025-12-16 17:56:23,417 - INFO -   mAP@0.5: 0.8983
2025-12-16 17:56:23,417 - INFO -   mAP@0.5:0.95: 0.6898
2025-12-16 17:56:23,417 - INFO - Epoch 30:
2025-12-16 17:56:23,417 - INFO -   训练损失: 4.45 | 验证损失: 4.61
2025-12-16 17:56:23,417 - INFO -   mAP@0.5: 0.9081
2025-12-16 17:56:23,417 - INFO -   mAP@0.5:0.95: 0.7012
2025-12-16 17:56:23,417 - INFO - Epoch 31:
2025-12-16 17:56:23,417 - INFO -   训练损失: 4.45 | 验证损失: 4.56
2025-12-16 17:56:23,417 - INFO -   mAP@0.5: 0.9120
2025-12-16 17:56:23,417 - INFO -   mAP@0.5:0.95: 0.7100
2025-12-16 17:56:23,417 - INFO - Epoch 32:
2025-12-16 17:56:23,417 - INFO -   训练损失: 4.44 | 验证损失: 4.59
2025-12-16 17:56:23,417 - INFO -   mAP@0.5: 0.9103
2025-12-16 17:56:23,417 - INFO -   mAP@0.5:0.95: 0.7071
2025-12-16 17:56:23,417 - INFO - Epoch 33:
2025-12-16 17:56:23,417 - INFO -   训练损失: 4.43 | 验证损失: 4.61
2025-12-16 17:56:23,417 - INFO -   mAP@0.5: 0.9099
2025-12-16 17:56:23,417 - INFO -   mAP@0.5:0.95: 0.7044
2025-12-16 17:56:23,417 - INFO - Epoch 34:
2025-12-16 17:56:23,417 - INFO -   训练损失: 4.42 | 验证损失: 4.57
2025-12-16 17:56:23,417 - INFO -   mAP@0.5: 0.9084
2025-12-16 17:56:23,417 - INFO -   mAP@0.5:0.95: 0.7070
2025-12-16 17:56:23,418 - INFO - Epoch 35:
2025-12-16 17:56:23,418 - INFO -   训练损失: 4.42 | 验证损失: 4.60
2025-12-16 17:56:23,418 - INFO -   mAP@0.5: 0.9104
2025-12-16 17:56:23,418 - INFO -   mAP@0.5:0.95: 0.7110
2025-12-16 17:56:23,418 - INFO - Epoch 36:
2025-12-16 17:56:23,418 - INFO -   训练损失: 4.41 | 验证损失: 4.63
2025-12-16 17:56:23,418 - INFO -   mAP@0.5: 0.9069
2025-12-16 17:56:23,418 - INFO -   mAP@0.5:0.95: 0.7063
2025-12-16 17:56:23,418 - INFO - Epoch 37:
2025-12-16 17:56:23,418 - INFO -   训练损失: 4.40 | 验证损失: 4.55
2025-12-16 17:56:23,418 - INFO -   mAP@0.5: 0.9117
2025-12-16 17:56:23,418 - INFO -   mAP@0.5:0.95: 0.7150
2025-12-16 17:56:23,418 - INFO - Epoch 38:
2025-12-16 17:56:23,418 - INFO -   训练损失: 4.40 | 验证损失: 4.56
2025-12-16 17:56:23,418 - INFO -   mAP@0.5: 0.9114
2025-12-16 17:56:23,418 - INFO -   mAP@0.5:0.95: 0.7086
2025-12-16 17:56:23,418 - INFO - Epoch 39:
2025-12-16 17:56:23,418 - INFO -   训练损失: 4.40 | 验证损失: 4.58
2025-12-16 17:56:23,418 - INFO -   mAP@0.5: 0.9104
2025-12-16 17:56:23,418 - INFO -   mAP@0.5:0.95: 0.7105
2025-12-16 17:56:23,418 - INFO - Epoch 40:
2025-12-16 17:56:23,418 - INFO -   训练损失: 4.38 | 验证损失: 4.57
2025-12-16 17:56:23,418 - INFO -   mAP@0.5: 0.9123
2025-12-16 17:56:23,418 - INFO -   mAP@0.5:0.95: 0.7131
2025-12-16 17:56:23,418 - INFO - Epoch 41:
2025-12-16 17:56:23,418 - INFO -   训练损失: 4.38 | 验证损失: 4.56
2025-12-16 17:56:23,418 - INFO -   mAP@0.5: 0.9138
2025-12-16 17:56:23,418 - INFO -   mAP@0.5:0.95: 0.7181
2025-12-16 17:56:23,418 - INFO - Epoch 42:
2025-12-16 17:56:23,419 - INFO -   训练损失: 4.38 | 验证损失: 4.53
2025-12-16 17:56:23,419 - INFO -   mAP@0.5: 0.9126
2025-12-16 17:56:23,419 - INFO -   mAP@0.5:0.95: 0.7155
2025-12-16 17:56:23,419 - INFO - Epoch 43:
2025-12-16 17:56:23,419 - INFO -   训练损失: 4.36 | 验证损失: 4.54
2025-12-16 17:56:23,419 - INFO -   mAP@0.5: 0.9160
2025-12-16 17:56:23,419 - INFO -   mAP@0.5:0.95: 0.7210
2025-12-16 17:56:23,419 - INFO - Epoch 44:
2025-12-16 17:56:23,419 - INFO -   训练损失: 4.36 | 验证损失: 4.55
2025-12-16 17:56:23,419 - INFO -   mAP@0.5: 0.9159
2025-12-16 17:56:23,419 - INFO -   mAP@0.5:0.95: 0.7173
2025-12-16 17:56:23,419 - INFO - Epoch 45:
2025-12-16 17:56:23,419 - INFO -   训练损失: 4.36 | 验证损失: 4.52
2025-12-16 17:56:23,419 - INFO -   mAP@0.5: 0.9141
2025-12-16 17:56:23,419 - INFO -   mAP@0.5:0.95: 0.7192
2025-12-16 17:56:23,419 - INFO - Epoch 46:
2025-12-16 17:56:23,419 - INFO -   训练损失: 4.35 | 验证损失: 4.53
2025-12-16 17:56:23,419 - INFO -   mAP@0.5: 0.9126
2025-12-16 17:56:23,419 - INFO -   mAP@0.5:0.95: 0.7147
2025-12-16 17:56:23,419 - INFO - Epoch 47:
2025-12-16 17:56:23,419 - INFO -   训练损失: 4.34 | 验证损失: 4.53
2025-12-16 17:56:23,419 - INFO -   mAP@0.5: 0.9165
2025-12-16 17:56:23,419 - INFO -   mAP@0.5:0.95: 0.7196
2025-12-16 17:56:23,419 - INFO - Epoch 48:
2025-12-16 17:56:23,419 - INFO -   训练损失: 4.34 | 验证损失: 4.52
2025-12-16 17:56:23,419 - INFO -   mAP@0.5: 0.9156
2025-12-16 17:56:23,419 - INFO -   mAP@0.5:0.95: 0.7188
2025-12-16 17:56:23,419 - INFO - Epoch 49:
2025-12-16 17:56:23,420 - INFO -   训练损失: 4.33 | 验证损失: 4.53
2025-12-16 17:56:23,420 - INFO -   mAP@0.5: 0.9149
2025-12-16 17:56:23,420 - INFO -   mAP@0.5:0.95: 0.7195
2025-12-16 17:56:23,420 - INFO - Epoch 50:
2025-12-16 17:56:23,420 - INFO -   训练损失: 4.33 | 验证损失: 4.50
2025-12-16 17:56:23,420 - INFO -   mAP@0.5: 0.9176
2025-12-16 17:56:23,420 - INFO -   mAP@0.5:0.95: 0.7212
2025-12-16 17:56:23,420 - INFO - Epoch 51:
2025-12-16 17:56:23,420 - INFO -   训练损失: 4.32 | 验证损失: 4.53
2025-12-16 17:56:23,420 - INFO -   mAP@0.5: 0.9173
2025-12-16 17:56:23,420 - INFO -   mAP@0.5:0.95: 0.7192
2025-12-16 17:56:23,420 - INFO - Epoch 52:
2025-12-16 17:56:23,420 - INFO -   训练损失: 4.32 | 验证损失: 4.52
2025-12-16 17:56:23,420 - INFO -   mAP@0.5: 0.9175
2025-12-16 17:56:23,420 - INFO -   mAP@0.5:0.95: 0.7216
2025-12-16 17:56:23,420 - INFO - Epoch 53:
2025-12-16 17:56:23,420 - INFO -   训练损失: 4.32 | 验证损失: 4.55
2025-12-16 17:56:23,420 - INFO -   mAP@0.5: 0.9167
2025-12-16 17:56:23,420 - INFO -   mAP@0.5:0.95: 0.7179
2025-12-16 17:56:23,420 - INFO - Epoch 54:
2025-12-16 17:56:23,420 - INFO -   训练损失: 4.31 | 验证损失: 4.55
2025-12-16 17:56:23,420 - INFO -   mAP@0.5: 0.9138
2025-12-16 17:56:23,420 - INFO -   mAP@0.5:0.95: 0.7164
2025-12-16 17:56:23,420 - INFO - Epoch 55:
2025-12-16 17:56:23,420 - INFO -   训练损失: 4.31 | 验证损失: 4.52
2025-12-16 17:56:23,420 - INFO -   mAP@0.5: 0.9153
2025-12-16 17:56:23,420 - INFO -   mAP@0.5:0.95: 0.7192
2025-12-16 17:56:23,420 - INFO - Epoch 56:
2025-12-16 17:56:23,420 - INFO -   训练损失: 4.30 | 验证损失: 4.53
2025-12-16 17:56:23,421 - INFO -   mAP@0.5: 0.9152
2025-12-16 17:56:23,421 - INFO -   mAP@0.5:0.95: 0.7202
2025-12-16 17:56:23,421 - INFO - Epoch 57:
2025-12-16 17:56:23,421 - INFO -   训练损失: 4.30 | 验证损失: 4.50
2025-12-16 17:56:23,421 - INFO -   mAP@0.5: 0.9180
2025-12-16 17:56:23,421 - INFO -   mAP@0.5:0.95: 0.7220
2025-12-16 17:56:23,421 - INFO - Epoch 58:
2025-12-16 17:56:23,421 - INFO -   训练损失: 4.29 | 验证损失: 4.49
2025-12-16 17:56:23,421 - INFO -   mAP@0.5: 0.9213
2025-12-16 17:56:23,421 - INFO -   mAP@0.5:0.95: 0.7271
2025-12-16 17:56:23,421 - INFO - Epoch 59:
2025-12-16 17:56:23,421 - INFO -   训练损失: 4.29 | 验证损失: 4.50
2025-12-16 17:56:23,421 - INFO -   mAP@0.5: 0.9167
2025-12-16 17:56:23,421 - INFO -   mAP@0.5:0.95: 0.7231
2025-12-16 17:56:23,421 - INFO - Epoch 60:
2025-12-16 17:56:23,421 - INFO -   训练损失: 4.29 | 验证损失: 4.49
2025-12-16 17:56:23,421 - INFO -   mAP@0.5: 0.9188
2025-12-16 17:56:23,421 - INFO -   mAP@0.5:0.95: 0.7256
2025-12-16 17:56:23,421 - INFO - Epoch 61:
2025-12-16 17:56:23,421 - INFO -   训练损失: 4.28 | 验证损失: 4.51
2025-12-16 17:56:23,421 - INFO -   mAP@0.5: 0.9171
2025-12-16 17:56:23,421 - INFO -   mAP@0.5:0.95: 0.7228
2025-12-16 17:56:23,421 - INFO - Epoch 62:
2025-12-16 17:56:23,421 - INFO -   训练损失: 4.27 | 验证损失: 4.49
2025-12-16 17:56:23,421 - INFO -   mAP@0.5: 0.9178
2025-12-16 17:56:23,421 - INFO -   mAP@0.5:0.95: 0.7247
2025-12-16 17:56:23,421 - INFO - Epoch 63:
2025-12-16 17:56:23,421 - INFO -   训练损失: 4.27 | 验证损失: 4.49
2025-12-16 17:56:23,422 - INFO -   mAP@0.5: 0.9168
2025-12-16 17:56:23,422 - INFO -   mAP@0.5:0.95: 0.7245
2025-12-16 17:56:23,422 - INFO - Epoch 64:
2025-12-16 17:56:23,422 - INFO -   训练损失: 4.26 | 验证损失: 4.49
2025-12-16 17:56:23,422 - INFO -   mAP@0.5: 0.9191
2025-12-16 17:56:23,422 - INFO -   mAP@0.5:0.95: 0.7270
2025-12-16 17:56:23,422 - INFO - Epoch 65:
2025-12-16 17:56:23,422 - INFO -   训练损失: 4.26 | 验证损失: 4.48
2025-12-16 17:56:23,422 - INFO -   mAP@0.5: 0.9151
2025-12-16 17:56:23,422 - INFO -   mAP@0.5:0.95: 0.7231
2025-12-16 17:56:23,422 - INFO - Epoch 66:
2025-12-16 17:56:23,422 - INFO -   训练损失: 4.25 | 验证损失: 4.50
2025-12-16 17:56:23,422 - INFO -   mAP@0.5: 0.9180
2025-12-16 17:56:23,422 - INFO -   mAP@0.5:0.95: 0.7252
2025-12-16 17:56:23,422 - INFO - Epoch 67:
2025-12-16 17:56:23,422 - INFO -   训练损失: 4.25 | 验证损失: 4.52
2025-12-16 17:56:23,422 - INFO -   mAP@0.5: 0.9170
2025-12-16 17:56:23,422 - INFO -   mAP@0.5:0.95: 0.7237
2025-12-16 17:56:23,422 - INFO - Epoch 68:
2025-12-16 17:56:23,422 - INFO -   训练损失: 4.25 | 验证损失: 4.51
2025-12-16 17:56:23,422 - INFO -   mAP@0.5: 0.9139
2025-12-16 17:56:23,422 - INFO -   mAP@0.5:0.95: 0.7221
2025-12-16 17:56:23,422 - INFO - Epoch 69:
2025-12-16 17:56:23,422 - INFO -   训练损失: 4.24 | 验证损失: 4.51
2025-12-16 17:56:23,422 - INFO -   mAP@0.5: 0.9163
2025-12-16 17:56:23,422 - INFO -   mAP@0.5:0.95: 0.7259
2025-12-16 17:56:23,422 - INFO - Epoch 70:
2025-12-16 17:56:23,422 - INFO -   训练损失: 4.24 | 验证损失: 4.51
2025-12-16 17:56:23,422 - INFO -   mAP@0.5: 0.9163
2025-12-16 17:56:23,423 - INFO -   mAP@0.5:0.95: 0.7221
2025-12-16 17:56:23,423 - INFO - Epoch 71:
2025-12-16 17:56:23,423 - INFO -   训练损失: 4.23 | 验证损失: 4.50
2025-12-16 17:56:23,423 - INFO -   mAP@0.5: 0.9155
2025-12-16 17:56:23,423 - INFO -   mAP@0.5:0.95: 0.7238
2025-12-16 17:56:23,423 - INFO - Epoch 72:
2025-12-16 17:56:23,423 - INFO -   训练损失: 4.23 | 验证损失: 4.50
2025-12-16 17:56:23,423 - INFO -   mAP@0.5: 0.9170
2025-12-16 17:56:23,423 - INFO -   mAP@0.5:0.95: 0.7247
2025-12-16 17:56:23,423 - INFO - Epoch 73:
2025-12-16 17:56:23,423 - INFO -   训练损失: 4.22 | 验证损失: 4.50
2025-12-16 17:56:23,423 - INFO -   mAP@0.5: 0.9162
2025-12-16 17:56:23,423 - INFO -   mAP@0.5:0.95: 0.7253
2025-12-16 17:56:23,423 - INFO - Epoch 74:
2025-12-16 17:56:23,423 - INFO -   训练损失: 4.21 | 验证损失: 4.52
2025-12-16 17:56:23,423 - INFO -   mAP@0.5: 0.9194
2025-12-16 17:56:23,423 - INFO -   mAP@0.5:0.95: 0.7245
2025-12-16 17:56:23,423 - INFO - Epoch 75:
2025-12-16 17:56:23,423 - INFO -   训练损失: 4.21 | 验证损失: 4.51
2025-12-16 17:56:23,423 - INFO -   mAP@0.5: 0.9174
2025-12-16 17:56:23,423 - INFO -   mAP@0.5:0.95: 0.7240
2025-12-16 17:56:23,423 - INFO - Epoch 76:
2025-12-16 17:56:23,423 - INFO -   训练损失: 4.20 | 验证损失: 4.50
2025-12-16 17:56:23,423 - INFO -   mAP@0.5: 0.9164
2025-12-16 17:56:23,423 - INFO -   mAP@0.5:0.95: 0.7233
2025-12-16 17:56:23,423 - INFO - Epoch 77:
2025-12-16 17:56:23,423 - INFO -   训练损失: 4.20 | 验证损失: 4.51
2025-12-16 17:56:23,423 - INFO -   mAP@0.5: 0.9173
2025-12-16 17:56:23,424 - INFO -   mAP@0.5:0.95: 0.7246
2025-12-16 17:56:23,424 - INFO - Epoch 78:
2025-12-16 17:56:23,424 - INFO -   训练损失: 4.19 | 验证损失: 4.52
2025-12-16 17:56:23,424 - INFO -   mAP@0.5: 0.9154
2025-12-16 17:56:23,424 - INFO -   mAP@0.5:0.95: 0.7238
2025-12-16 17:56:23,424 - INFO - ================================================================================
2025-12-16 17:56:23,943 - INFO - ✓ 训练曲线已保存到: logs/yolo_v10m_20251216_153048/training_curves.png
2025-12-16 17:56:23,959 - INFO - ✓ 已创建统一命名的最佳模型: logs/yolo_v10m_20251216_153048/best_model.pth
2025-12-16 17:56:23,975 - INFO - ✓ 已创建统一命名的最新检查点: logs/yolo_v10m_20251216_153048/latest_checkpoint.pth
2025-12-16 17:56:23,975 - INFO - ✓ 已创建统一命名的训练历史: logs/yolo_v10m_20251216_153048/training_history.csv
2025-12-16 17:56:23,975 - INFO - ✓ 最佳模型: logs/yolo_v10m_20251216_153048/best_model.pth
2025-12-16 17:56:23,976 - INFO - ✓ 最佳mAP@0.5:0.95: 0.7271
2025-12-16 17:56:23,976 - INFO - ✓ 最佳mAP@0.5: 0.9213
2025-12-16 17:56:23,976 - INFO - ✓ 所有输出已保存到: logs/yolo_v10m_20251216_153048
2025-12-16 17:56:23,976 - INFO - ================================================================================
