2025-12-01 15:01:06,380 - INFO - ✓ 配置已保存到: logs/yolo_v8l_20251201_150106/config.yaml
2025-12-01 15:01:06,381 - INFO - ✓ 初始化YOLOv8训练器
2025-12-01 15:01:06,381 - INFO -   类别数量: 8
2025-12-01 15:01:06,381 - INFO -   类别: Car, Truck, Van, Bus, Pedestrian, Cyclist, Motorcyclist, Trafficcone
2025-12-01 15:01:06,382 - INFO - ✓ 配置已保存到: logs/yolo_v8l_20251201_150106/config.yaml
2025-12-01 15:01:06,382 - INFO - ================================================================================
2025-12-01 15:01:06,382 - INFO - 🚀 开始YOLOv8训练
2025-12-01 15:01:06,382 - INFO - ================================================================================
2025-12-01 15:01:06,382 - INFO - ✓ 加载预训练权重: /root/autodl-tmp/DSET/experiments/yolov8/pretrained/yolov8l.pt
2025-12-01 15:01:06,513 - INFO -   模型将在训练时自动适配 8 类（从data.yaml读取）
2025-12-01 15:01:06,515 - INFO - 📝 训练配置:
2025-12-01 15:01:06,515 - INFO -   数据集路径: /root/autodl-fs/datasets/DAIR-V2X_YOLO/dairv2x.yaml
2025-12-01 15:01:06,515 - INFO -   训练轮数: 200
2025-12-01 15:01:06,515 - INFO -   批次大小: 8
2025-12-01 15:01:06,515 - INFO -   优化器: auto
2025-12-01 15:01:06,515 - INFO -   初始学习率: 0.01
2025-12-01 15:01:06,515 - INFO -   Weight decay: 0.0005
2025-12-01 15:01:06,515 - INFO -   输出目录: logs/yolo_v8l_20251201_150106
2025-12-01 15:01:06,515 - INFO -   预训练权重: pretrained/yolov8l.pt
2025-12-01 15:01:06,515 - INFO - ================================================================================
2025-12-01 15:01:06,515 - INFO - 训练配置摘要:
2025-12-01 15:01:06,515 - INFO -   - 训练轮数: 200
2025-12-01 15:01:06,515 - INFO -   - 批次大小: 8
2025-12-01 15:01:06,515 - INFO -   - 优化器: auto
2025-12-01 15:01:06,515 - INFO -   - 初始学习率: 0.01
2025-12-01 15:01:06,515 - INFO -   - Weight decay: 0.0005
2025-12-01 15:01:06,515 - INFO -   - Warmup轮数: 3.0
2025-12-01 15:01:06,516 - INFO -   - 设备: cuda
2025-12-01 15:01:06,516 - INFO - ================================================================================
2025-12-01 15:01:06,516 - INFO - 开始训练 200 epochs
2025-12-01 23:06:35,368 - INFO - ================================================================================
2025-12-01 23:06:35,368 - INFO - ✅ 训练完成！
2025-12-01 23:06:35,368 - INFO - ================================================================================
2025-12-01 23:06:35,375 - INFO - ================================================================================
2025-12-01 23:06:35,375 - INFO - 训练过程摘要（按RT-DETR格式）:
2025-12-01 23:06:35,375 - INFO - ================================================================================
2025-12-01 23:06:35,375 - INFO - Epoch 1:
2025-12-01 23:06:35,375 - INFO -   训练损失: 2.74 | 验证损失: 2.31
2025-12-01 23:06:35,375 - INFO -   mAP@0.5: 0.8855
2025-12-01 23:06:35,375 - INFO -   mAP@0.5:0.95: 0.6668
2025-12-01 23:06:35,375 - INFO - Epoch 2:
2025-12-01 23:06:35,375 - INFO -   训练损失: 2.40 | 验证损失: 2.36
2025-12-01 23:06:35,375 - INFO -   mAP@0.5: 0.8994
2025-12-01 23:06:35,375 - INFO -   mAP@0.5:0.95: 0.6783
2025-12-01 23:06:35,375 - INFO - Epoch 3:
2025-12-01 23:06:35,375 - INFO -   训练损失: 2.45 | 验证损失: 2.36
2025-12-01 23:06:35,375 - INFO -   mAP@0.5: 0.8924
2025-12-01 23:06:35,375 - INFO -   mAP@0.5:0.95: 0.6719
2025-12-01 23:06:35,376 - INFO - Epoch 4:
2025-12-01 23:06:35,376 - INFO -   训练损失: 2.43 | 验证损失: 2.37
2025-12-01 23:06:35,376 - INFO -   mAP@0.5: 0.9014
2025-12-01 23:06:35,376 - INFO -   mAP@0.5:0.95: 0.6789
2025-12-01 23:06:35,376 - INFO - Epoch 5:
2025-12-01 23:06:35,376 - INFO -   训练损失: 2.37 | 验证损失: 2.31
2025-12-01 23:06:35,376 - INFO -   mAP@0.5: 0.8945
2025-12-01 23:06:35,376 - INFO -   mAP@0.5:0.95: 0.6801
2025-12-01 23:06:35,376 - INFO - Epoch 6:
2025-12-01 23:06:35,376 - INFO -   训练损失: 2.32 | 验证损失: 2.30
2025-12-01 23:06:35,376 - INFO -   mAP@0.5: 0.9058
2025-12-01 23:06:35,376 - INFO -   mAP@0.5:0.95: 0.6884
2025-12-01 23:06:35,376 - INFO - Epoch 7:
2025-12-01 23:06:35,376 - INFO -   训练损失: 2.30 | 验证损失: 2.30
2025-12-01 23:06:35,376 - INFO -   mAP@0.5: 0.9040
2025-12-01 23:06:35,376 - INFO -   mAP@0.5:0.95: 0.6870
2025-12-01 23:06:35,376 - INFO - Epoch 8:
2025-12-01 23:06:35,376 - INFO -   训练损失: 2.27 | 验证损失: 2.27
2025-12-01 23:06:35,376 - INFO -   mAP@0.5: 0.9044
2025-12-01 23:06:35,376 - INFO -   mAP@0.5:0.95: 0.6939
2025-12-01 23:06:35,376 - INFO - Epoch 9:
2025-12-01 23:06:35,376 - INFO -   训练损失: 2.25 | 验证损失: 2.26
2025-12-01 23:06:35,376 - INFO -   mAP@0.5: 0.9063
2025-12-01 23:06:35,376 - INFO -   mAP@0.5:0.95: 0.6928
2025-12-01 23:06:35,376 - INFO - Epoch 10:
2025-12-01 23:06:35,376 - INFO -   训练损失: 2.24 | 验证损失: 2.25
2025-12-01 23:06:35,376 - INFO -   mAP@0.5: 0.9102
2025-12-01 23:06:35,376 - INFO -   mAP@0.5:0.95: 0.6973
2025-12-01 23:06:35,377 - INFO - Epoch 11:
2025-12-01 23:06:35,377 - INFO -   训练损失: 2.23 | 验证损失: 2.25
2025-12-01 23:06:35,377 - INFO -   mAP@0.5: 0.9120
2025-12-01 23:06:35,377 - INFO -   mAP@0.5:0.95: 0.6993
2025-12-01 23:06:35,377 - INFO - Epoch 12:
2025-12-01 23:06:35,377 - INFO -   训练损失: 2.22 | 验证损失: 2.27
2025-12-01 23:06:35,377 - INFO -   mAP@0.5: 0.9045
2025-12-01 23:06:35,377 - INFO -   mAP@0.5:0.95: 0.6945
2025-12-01 23:06:35,377 - INFO - Epoch 13:
2025-12-01 23:06:35,377 - INFO -   训练损失: 2.20 | 验证损失: 2.26
2025-12-01 23:06:35,377 - INFO -   mAP@0.5: 0.9102
2025-12-01 23:06:35,377 - INFO -   mAP@0.5:0.95: 0.6983
2025-12-01 23:06:35,377 - INFO - Epoch 14:
2025-12-01 23:06:35,377 - INFO -   训练损失: 2.19 | 验证损失: 2.24
2025-12-01 23:06:35,377 - INFO -   mAP@0.5: 0.9117
2025-12-01 23:06:35,377 - INFO -   mAP@0.5:0.95: 0.7030
2025-12-01 23:06:35,377 - INFO - Epoch 15:
2025-12-01 23:06:35,377 - INFO -   训练损失: 2.19 | 验证损失: 2.24
2025-12-01 23:06:35,377 - INFO -   mAP@0.5: 0.9102
2025-12-01 23:06:35,377 - INFO -   mAP@0.5:0.95: 0.6973
2025-12-01 23:06:35,377 - INFO - Epoch 16:
2025-12-01 23:06:35,377 - INFO -   训练损失: 2.18 | 验证损失: 2.24
2025-12-01 23:06:35,377 - INFO -   mAP@0.5: 0.9036
2025-12-01 23:06:35,377 - INFO -   mAP@0.5:0.95: 0.6966
2025-12-01 23:06:35,377 - INFO - Epoch 17:
2025-12-01 23:06:35,377 - INFO -   训练损失: 2.17 | 验证损失: 2.26
2025-12-01 23:06:35,377 - INFO -   mAP@0.5: 0.9074
2025-12-01 23:06:35,377 - INFO -   mAP@0.5:0.95: 0.6956
2025-12-01 23:06:35,377 - INFO - Epoch 18:
2025-12-01 23:06:35,377 - INFO -   训练损失: 2.16 | 验证损失: 2.23
2025-12-01 23:06:35,378 - INFO -   mAP@0.5: 0.9132
2025-12-01 23:06:35,378 - INFO -   mAP@0.5:0.95: 0.7043
2025-12-01 23:06:35,378 - INFO - Epoch 19:
2025-12-01 23:06:35,378 - INFO -   训练损失: 2.15 | 验证损失: 2.20
2025-12-01 23:06:35,378 - INFO -   mAP@0.5: 0.9169
2025-12-01 23:06:35,378 - INFO -   mAP@0.5:0.95: 0.7131
2025-12-01 23:06:35,378 - INFO - Epoch 20:
2025-12-01 23:06:35,378 - INFO -   训练损失: 2.15 | 验证损失: 2.22
2025-12-01 23:06:35,378 - INFO -   mAP@0.5: 0.9162
2025-12-01 23:06:35,378 - INFO -   mAP@0.5:0.95: 0.7101
2025-12-01 23:06:35,378 - INFO - Epoch 21:
2025-12-01 23:06:35,378 - INFO -   训练损失: 2.14 | 验证损失: 2.22
2025-12-01 23:06:35,378 - INFO -   mAP@0.5: 0.9134
2025-12-01 23:06:35,378 - INFO -   mAP@0.5:0.95: 0.7094
2025-12-01 23:06:35,378 - INFO - Epoch 22:
2025-12-01 23:06:35,378 - INFO -   训练损失: 2.14 | 验证损失: 2.24
2025-12-01 23:06:35,378 - INFO -   mAP@0.5: 0.9108
2025-12-01 23:06:35,378 - INFO -   mAP@0.5:0.95: 0.7022
2025-12-01 23:06:35,378 - INFO - Epoch 23:
2025-12-01 23:06:35,378 - INFO -   训练损失: 2.13 | 验证损失: 2.21
2025-12-01 23:06:35,378 - INFO -   mAP@0.5: 0.9182
2025-12-01 23:06:35,378 - INFO -   mAP@0.5:0.95: 0.7099
2025-12-01 23:06:35,378 - INFO - Epoch 24:
2025-12-01 23:06:35,378 - INFO -   训练损失: 2.13 | 验证损失: 2.20
2025-12-01 23:06:35,378 - INFO -   mAP@0.5: 0.9179
2025-12-01 23:06:35,378 - INFO -   mAP@0.5:0.95: 0.7114
2025-12-01 23:06:35,378 - INFO - Epoch 25:
2025-12-01 23:06:35,378 - INFO -   训练损失: 2.13 | 验证损失: 2.21
2025-12-01 23:06:35,378 - INFO -   mAP@0.5: 0.9156
2025-12-01 23:06:35,379 - INFO -   mAP@0.5:0.95: 0.7073
2025-12-01 23:06:35,379 - INFO - Epoch 26:
2025-12-01 23:06:35,379 - INFO -   训练损失: 2.12 | 验证损失: 2.25
2025-12-01 23:06:35,379 - INFO -   mAP@0.5: 0.9034
2025-12-01 23:06:35,379 - INFO -   mAP@0.5:0.95: 0.6937
2025-12-01 23:06:35,379 - INFO - Epoch 27:
2025-12-01 23:06:35,379 - INFO -   训练损失: 2.12 | 验证损失: 2.23
2025-12-01 23:06:35,379 - INFO -   mAP@0.5: 0.9120
2025-12-01 23:06:35,379 - INFO -   mAP@0.5:0.95: 0.7036
2025-12-01 23:06:35,379 - INFO - Epoch 28:
2025-12-01 23:06:35,379 - INFO -   训练损失: 2.12 | 验证损失: 2.20
2025-12-01 23:06:35,379 - INFO -   mAP@0.5: 0.9151
2025-12-01 23:06:35,379 - INFO -   mAP@0.5:0.95: 0.7110
2025-12-01 23:06:35,379 - INFO - Epoch 29:
2025-12-01 23:06:35,379 - INFO -   训练损失: 2.11 | 验证损失: 2.24
2025-12-01 23:06:35,379 - INFO -   mAP@0.5: 0.9060
2025-12-01 23:06:35,379 - INFO -   mAP@0.5:0.95: 0.6948
2025-12-01 23:06:35,379 - INFO - Epoch 30:
2025-12-01 23:06:35,379 - INFO -   训练损失: 2.11 | 验证损失: 2.21
2025-12-01 23:06:35,379 - INFO -   mAP@0.5: 0.9143
2025-12-01 23:06:35,379 - INFO -   mAP@0.5:0.95: 0.7073
2025-12-01 23:06:35,379 - INFO - Epoch 31:
2025-12-01 23:06:35,379 - INFO -   训练损失: 2.10 | 验证损失: 2.20
2025-12-01 23:06:35,379 - INFO -   mAP@0.5: 0.9171
2025-12-01 23:06:35,379 - INFO -   mAP@0.5:0.95: 0.7117
2025-12-01 23:06:35,379 - INFO - Epoch 32:
2025-12-01 23:06:35,379 - INFO -   训练损失: 2.10 | 验证损失: 2.20
2025-12-01 23:06:35,379 - INFO -   mAP@0.5: 0.9147
2025-12-01 23:06:35,379 - INFO -   mAP@0.5:0.95: 0.7145
2025-12-01 23:06:35,380 - INFO - Epoch 33:
2025-12-01 23:06:35,380 - INFO -   训练损失: 2.10 | 验证损失: 2.20
2025-12-01 23:06:35,380 - INFO -   mAP@0.5: 0.9177
2025-12-01 23:06:35,380 - INFO -   mAP@0.5:0.95: 0.7114
2025-12-01 23:06:35,380 - INFO - Epoch 34:
2025-12-01 23:06:35,380 - INFO -   训练损失: 2.09 | 验证损失: 2.22
2025-12-01 23:06:35,380 - INFO -   mAP@0.5: 0.9153
2025-12-01 23:06:35,380 - INFO -   mAP@0.5:0.95: 0.7081
2025-12-01 23:06:35,380 - INFO - Epoch 35:
2025-12-01 23:06:35,380 - INFO -   训练损失: 2.09 | 验证损失: 2.22
2025-12-01 23:06:35,380 - INFO -   mAP@0.5: 0.9105
2025-12-01 23:06:35,380 - INFO -   mAP@0.5:0.95: 0.7058
2025-12-01 23:06:35,380 - INFO - Epoch 36:
2025-12-01 23:06:35,380 - INFO -   训练损失: 2.09 | 验证损失: 2.20
2025-12-01 23:06:35,380 - INFO -   mAP@0.5: 0.9161
2025-12-01 23:06:35,380 - INFO -   mAP@0.5:0.95: 0.7153
2025-12-01 23:06:35,380 - INFO - Epoch 37:
2025-12-01 23:06:35,380 - INFO -   训练损失: 2.08 | 验证损失: 2.21
2025-12-01 23:06:35,380 - INFO -   mAP@0.5: 0.9070
2025-12-01 23:06:35,380 - INFO -   mAP@0.5:0.95: 0.7006
2025-12-01 23:06:35,380 - INFO - Epoch 38:
2025-12-01 23:06:35,380 - INFO -   训练损失: 2.08 | 验证损失: 2.20
2025-12-01 23:06:35,380 - INFO -   mAP@0.5: 0.9140
2025-12-01 23:06:35,380 - INFO -   mAP@0.5:0.95: 0.7113
2025-12-01 23:06:35,380 - INFO - Epoch 39:
2025-12-01 23:06:35,380 - INFO -   训练损失: 2.07 | 验证损失: 2.21
2025-12-01 23:06:35,380 - INFO -   mAP@0.5: 0.9113
2025-12-01 23:06:35,380 - INFO -   mAP@0.5:0.95: 0.7066
2025-12-01 23:06:35,380 - INFO - Epoch 40:
2025-12-01 23:06:35,381 - INFO -   训练损失: 2.07 | 验证损失: 2.21
2025-12-01 23:06:35,381 - INFO -   mAP@0.5: 0.9133
2025-12-01 23:06:35,381 - INFO -   mAP@0.5:0.95: 0.7074
2025-12-01 23:06:35,381 - INFO - Epoch 41:
2025-12-01 23:06:35,381 - INFO -   训练损失: 2.07 | 验证损失: 2.21
2025-12-01 23:06:35,381 - INFO -   mAP@0.5: 0.9126
2025-12-01 23:06:35,381 - INFO -   mAP@0.5:0.95: 0.7088
2025-12-01 23:06:35,381 - INFO - Epoch 42:
2025-12-01 23:06:35,381 - INFO -   训练损失: 2.07 | 验证损失: 2.22
2025-12-01 23:06:35,381 - INFO -   mAP@0.5: 0.9065
2025-12-01 23:06:35,381 - INFO -   mAP@0.5:0.95: 0.7017
2025-12-01 23:06:35,381 - INFO - Epoch 43:
2025-12-01 23:06:35,381 - INFO -   训练损失: 2.06 | 验证损失: 2.19
2025-12-01 23:06:35,381 - INFO -   mAP@0.5: 0.9178
2025-12-01 23:06:35,381 - INFO -   mAP@0.5:0.95: 0.7170
2025-12-01 23:06:35,381 - INFO - Epoch 44:
2025-12-01 23:06:35,381 - INFO -   训练损失: 2.06 | 验证损失: 2.20
2025-12-01 23:06:35,381 - INFO -   mAP@0.5: 0.9143
2025-12-01 23:06:35,381 - INFO -   mAP@0.5:0.95: 0.7119
2025-12-01 23:06:35,381 - INFO - Epoch 45:
2025-12-01 23:06:35,381 - INFO -   训练损失: 2.06 | 验证损失: 2.19
2025-12-01 23:06:35,381 - INFO -   mAP@0.5: 0.9197
2025-12-01 23:06:35,381 - INFO -   mAP@0.5:0.95: 0.7142
2025-12-01 23:06:35,381 - INFO - Epoch 46:
2025-12-01 23:06:35,381 - INFO -   训练损失: 2.06 | 验证损失: 2.20
2025-12-01 23:06:35,381 - INFO -   mAP@0.5: 0.9125
2025-12-01 23:06:35,381 - INFO -   mAP@0.5:0.95: 0.7096
2025-12-01 23:06:35,381 - INFO - Epoch 47:
2025-12-01 23:06:35,381 - INFO -   训练损失: 2.06 | 验证损失: 2.21
2025-12-01 23:06:35,382 - INFO -   mAP@0.5: 0.9101
2025-12-01 23:06:35,382 - INFO -   mAP@0.5:0.95: 0.7092
2025-12-01 23:06:35,382 - INFO - Epoch 48:
2025-12-01 23:06:35,382 - INFO -   训练损失: 2.05 | 验证损失: 2.21
2025-12-01 23:06:35,382 - INFO -   mAP@0.5: 0.9096
2025-12-01 23:06:35,382 - INFO -   mAP@0.5:0.95: 0.7105
2025-12-01 23:06:35,382 - INFO - Epoch 49:
2025-12-01 23:06:35,382 - INFO -   训练损失: 2.05 | 验证损失: 2.20
2025-12-01 23:06:35,382 - INFO -   mAP@0.5: 0.9021
2025-12-01 23:06:35,382 - INFO -   mAP@0.5:0.95: 0.7021
2025-12-01 23:06:35,382 - INFO - Epoch 50:
2025-12-01 23:06:35,382 - INFO -   训练损失: 2.05 | 验证损失: 2.19
2025-12-01 23:06:35,382 - INFO -   mAP@0.5: 0.9113
2025-12-01 23:06:35,382 - INFO -   mAP@0.5:0.95: 0.7087
2025-12-01 23:06:35,382 - INFO - Epoch 51:
2025-12-01 23:06:35,382 - INFO -   训练损失: 2.04 | 验证损失: 2.18
2025-12-01 23:06:35,382 - INFO -   mAP@0.5: 0.9183
2025-12-01 23:06:35,382 - INFO -   mAP@0.5:0.95: 0.7189
2025-12-01 23:06:35,382 - INFO - Epoch 52:
2025-12-01 23:06:35,382 - INFO -   训练损失: 2.04 | 验证损失: 2.17
2025-12-01 23:06:35,382 - INFO -   mAP@0.5: 0.9206
2025-12-01 23:06:35,382 - INFO -   mAP@0.5:0.95: 0.7227
2025-12-01 23:06:35,382 - INFO - Epoch 53:
2025-12-01 23:06:35,382 - INFO -   训练损失: 2.04 | 验证损失: 2.18
2025-12-01 23:06:35,382 - INFO -   mAP@0.5: 0.9195
2025-12-01 23:06:35,382 - INFO -   mAP@0.5:0.95: 0.7217
2025-12-01 23:06:35,382 - INFO - Epoch 54:
2025-12-01 23:06:35,382 - INFO -   训练损失: 2.04 | 验证损失: 2.18
2025-12-01 23:06:35,382 - INFO -   mAP@0.5: 0.9172
2025-12-01 23:06:35,382 - INFO -   mAP@0.5:0.95: 0.7175
2025-12-01 23:06:35,383 - INFO - Epoch 55:
2025-12-01 23:06:35,383 - INFO -   训练损失: 2.03 | 验证损失: 2.18
2025-12-01 23:06:35,383 - INFO -   mAP@0.5: 0.9188
2025-12-01 23:06:35,383 - INFO -   mAP@0.5:0.95: 0.7200
2025-12-01 23:06:35,383 - INFO - Epoch 56:
2025-12-01 23:06:35,383 - INFO -   训练损失: 2.03 | 验证损失: 2.18
2025-12-01 23:06:35,383 - INFO -   mAP@0.5: 0.9159
2025-12-01 23:06:35,383 - INFO -   mAP@0.5:0.95: 0.7144
2025-12-01 23:06:35,383 - INFO - Epoch 57:
2025-12-01 23:06:35,383 - INFO -   训练损失: 2.03 | 验证损失: 2.20
2025-12-01 23:06:35,383 - INFO -   mAP@0.5: 0.9117
2025-12-01 23:06:35,383 - INFO -   mAP@0.5:0.95: 0.7121
2025-12-01 23:06:35,383 - INFO - Epoch 58:
2025-12-01 23:06:35,383 - INFO -   训练损失: 2.03 | 验证损失: 2.17
2025-12-01 23:06:35,383 - INFO -   mAP@0.5: 0.9157
2025-12-01 23:06:35,383 - INFO -   mAP@0.5:0.95: 0.7171
2025-12-01 23:06:35,383 - INFO - Epoch 59:
2025-12-01 23:06:35,383 - INFO -   训练损失: 2.02 | 验证损失: 2.18
2025-12-01 23:06:35,383 - INFO -   mAP@0.5: 0.9159
2025-12-01 23:06:35,383 - INFO -   mAP@0.5:0.95: 0.7181
2025-12-01 23:06:35,383 - INFO - Epoch 60:
2025-12-01 23:06:35,383 - INFO -   训练损失: 2.02 | 验证损失: 2.19
2025-12-01 23:06:35,383 - INFO -   mAP@0.5: 0.9131
2025-12-01 23:06:35,383 - INFO -   mAP@0.5:0.95: 0.7125
2025-12-01 23:06:35,383 - INFO - Epoch 61:
2025-12-01 23:06:35,383 - INFO -   训练损失: 2.02 | 验证损失: 2.21
2025-12-01 23:06:35,383 - INFO -   mAP@0.5: 0.9086
2025-12-01 23:06:35,383 - INFO -   mAP@0.5:0.95: 0.7073
2025-12-01 23:06:35,383 - INFO - Epoch 62:
2025-12-01 23:06:35,384 - INFO -   训练损失: 2.02 | 验证损失: 2.17
2025-12-01 23:06:35,384 - INFO -   mAP@0.5: 0.9166
2025-12-01 23:06:35,384 - INFO -   mAP@0.5:0.95: 0.7209
2025-12-01 23:06:35,384 - INFO - Epoch 63:
2025-12-01 23:06:35,384 - INFO -   训练损失: 2.01 | 验证损失: 2.17
2025-12-01 23:06:35,384 - INFO -   mAP@0.5: 0.9178
2025-12-01 23:06:35,384 - INFO -   mAP@0.5:0.95: 0.7214
2025-12-01 23:06:35,384 - INFO - Epoch 64:
2025-12-01 23:06:35,384 - INFO -   训练损失: 2.01 | 验证损失: 2.18
2025-12-01 23:06:35,384 - INFO -   mAP@0.5: 0.9173
2025-12-01 23:06:35,384 - INFO -   mAP@0.5:0.95: 0.7219
2025-12-01 23:06:35,384 - INFO - Epoch 65:
2025-12-01 23:06:35,384 - INFO -   训练损失: 2.01 | 验证损失: 2.17
2025-12-01 23:06:35,384 - INFO -   mAP@0.5: 0.9194
2025-12-01 23:06:35,384 - INFO -   mAP@0.5:0.95: 0.7226
2025-12-01 23:06:35,384 - INFO - Epoch 66:
2025-12-01 23:06:35,384 - INFO -   训练损失: 2.01 | 验证损失: 2.17
2025-12-01 23:06:35,384 - INFO -   mAP@0.5: 0.9153
2025-12-01 23:06:35,384 - INFO -   mAP@0.5:0.95: 0.7177
2025-12-01 23:06:35,384 - INFO - Epoch 67:
2025-12-01 23:06:35,384 - INFO -   训练损失: 2.00 | 验证损失: 2.16
2025-12-01 23:06:35,384 - INFO -   mAP@0.5: 0.9189
2025-12-01 23:06:35,384 - INFO -   mAP@0.5:0.95: 0.7244
2025-12-01 23:06:35,384 - INFO - Epoch 68:
2025-12-01 23:06:35,384 - INFO -   训练损失: 2.00 | 验证损失: 2.17
2025-12-01 23:06:35,384 - INFO -   mAP@0.5: 0.9164
2025-12-01 23:06:35,384 - INFO -   mAP@0.5:0.95: 0.7209
2025-12-01 23:06:35,384 - INFO - Epoch 69:
2025-12-01 23:06:35,384 - INFO -   训练损失: 2.00 | 验证损失: 2.18
2025-12-01 23:06:35,384 - INFO -   mAP@0.5: 0.9160
2025-12-01 23:06:35,385 - INFO -   mAP@0.5:0.95: 0.7208
2025-12-01 23:06:35,385 - INFO - Epoch 70:
2025-12-01 23:06:35,385 - INFO -   训练损失: 2.00 | 验证损失: 2.16
2025-12-01 23:06:35,385 - INFO -   mAP@0.5: 0.9162
2025-12-01 23:06:35,385 - INFO -   mAP@0.5:0.95: 0.7227
2025-12-01 23:06:35,385 - INFO - Epoch 71:
2025-12-01 23:06:35,385 - INFO -   训练损失: 1.99 | 验证损失: 2.17
2025-12-01 23:06:35,385 - INFO -   mAP@0.5: 0.9179
2025-12-01 23:06:35,385 - INFO -   mAP@0.5:0.95: 0.7224
2025-12-01 23:06:35,385 - INFO - Epoch 72:
2025-12-01 23:06:35,385 - INFO -   训练损失: 1.99 | 验证损失: 2.18
2025-12-01 23:06:35,385 - INFO -   mAP@0.5: 0.9162
2025-12-01 23:06:35,385 - INFO -   mAP@0.5:0.95: 0.7227
2025-12-01 23:06:35,385 - INFO - Epoch 73:
2025-12-01 23:06:35,385 - INFO -   训练损失: 1.99 | 验证损失: 2.16
2025-12-01 23:06:35,385 - INFO -   mAP@0.5: 0.9147
2025-12-01 23:06:35,385 - INFO -   mAP@0.5:0.95: 0.7220
2025-12-01 23:06:35,385 - INFO - Epoch 74:
2025-12-01 23:06:35,385 - INFO -   训练损失: 1.98 | 验证损失: 2.18
2025-12-01 23:06:35,385 - INFO -   mAP@0.5: 0.9136
2025-12-01 23:06:35,385 - INFO -   mAP@0.5:0.95: 0.7198
2025-12-01 23:06:35,385 - INFO - Epoch 75:
2025-12-01 23:06:35,385 - INFO -   训练损失: 1.98 | 验证损失: 2.18
2025-12-01 23:06:35,385 - INFO -   mAP@0.5: 0.9126
2025-12-01 23:06:35,385 - INFO -   mAP@0.5:0.95: 0.7189
2025-12-01 23:06:35,385 - INFO - Epoch 76:
2025-12-01 23:06:35,385 - INFO -   训练损失: 1.98 | 验证损失: 2.17
2025-12-01 23:06:35,385 - INFO -   mAP@0.5: 0.9140
2025-12-01 23:06:35,385 - INFO -   mAP@0.5:0.95: 0.7195
2025-12-01 23:06:35,386 - INFO - Epoch 77:
2025-12-01 23:06:35,386 - INFO -   训练损失: 1.98 | 验证损失: 2.17
2025-12-01 23:06:35,386 - INFO -   mAP@0.5: 0.9153
2025-12-01 23:06:35,386 - INFO -   mAP@0.5:0.95: 0.7217
2025-12-01 23:06:35,386 - INFO - Epoch 78:
2025-12-01 23:06:35,386 - INFO -   训练损失: 1.98 | 验证损失: 2.17
2025-12-01 23:06:35,386 - INFO -   mAP@0.5: 0.9163
2025-12-01 23:06:35,386 - INFO -   mAP@0.5:0.95: 0.7213
2025-12-01 23:06:35,386 - INFO - Epoch 79:
2025-12-01 23:06:35,386 - INFO -   训练损失: 1.97 | 验证损失: 2.18
2025-12-01 23:06:35,386 - INFO -   mAP@0.5: 0.9133
2025-12-01 23:06:35,386 - INFO -   mAP@0.5:0.95: 0.7178
2025-12-01 23:06:35,386 - INFO - Epoch 80:
2025-12-01 23:06:35,386 - INFO -   训练损失: 1.97 | 验证损失: 2.18
2025-12-01 23:06:35,386 - INFO -   mAP@0.5: 0.9143
2025-12-01 23:06:35,386 - INFO -   mAP@0.5:0.95: 0.7198
2025-12-01 23:06:35,386 - INFO - Epoch 81:
2025-12-01 23:06:35,386 - INFO -   训练损失: 1.97 | 验证损失: 2.17
2025-12-01 23:06:35,386 - INFO -   mAP@0.5: 0.9167
2025-12-01 23:06:35,386 - INFO -   mAP@0.5:0.95: 0.7234
2025-12-01 23:06:35,386 - INFO - Epoch 82:
2025-12-01 23:06:35,386 - INFO -   训练损失: 1.97 | 验证损失: 2.17
2025-12-01 23:06:35,386 - INFO -   mAP@0.5: 0.9146
2025-12-01 23:06:35,386 - INFO -   mAP@0.5:0.95: 0.7218
2025-12-01 23:06:35,386 - INFO - Epoch 83:
2025-12-01 23:06:35,386 - INFO -   训练损失: 1.97 | 验证损失: 2.17
2025-12-01 23:06:35,386 - INFO -   mAP@0.5: 0.9155
2025-12-01 23:06:35,386 - INFO -   mAP@0.5:0.95: 0.7230
2025-12-01 23:06:35,386 - INFO - Epoch 84:
2025-12-01 23:06:35,386 - INFO -   训练损失: 1.96 | 验证损失: 2.17
2025-12-01 23:06:35,387 - INFO -   mAP@0.5: 0.9123
2025-12-01 23:06:35,387 - INFO -   mAP@0.5:0.95: 0.7195
2025-12-01 23:06:35,387 - INFO - Epoch 85:
2025-12-01 23:06:35,387 - INFO -   训练损失: 1.96 | 验证损失: 2.18
2025-12-01 23:06:35,387 - INFO -   mAP@0.5: 0.9115
2025-12-01 23:06:35,387 - INFO -   mAP@0.5:0.95: 0.7192
2025-12-01 23:06:35,387 - INFO - Epoch 86:
2025-12-01 23:06:35,387 - INFO -   训练损失: 1.96 | 验证损失: 2.18
2025-12-01 23:06:35,387 - INFO -   mAP@0.5: 0.9122
2025-12-01 23:06:35,387 - INFO -   mAP@0.5:0.95: 0.7206
2025-12-01 23:06:35,387 - INFO - Epoch 87:
2025-12-01 23:06:35,387 - INFO -   训练损失: 1.96 | 验证损失: 2.18
2025-12-01 23:06:35,387 - INFO -   mAP@0.5: 0.9124
2025-12-01 23:06:35,387 - INFO -   mAP@0.5:0.95: 0.7211
2025-12-01 23:06:35,387 - INFO - Epoch 88:
2025-12-01 23:06:35,387 - INFO -   训练损失: 1.95 | 验证损失: 2.18
2025-12-01 23:06:35,387 - INFO -   mAP@0.5: 0.9123
2025-12-01 23:06:35,387 - INFO -   mAP@0.5:0.95: 0.7202
2025-12-01 23:06:35,387 - INFO - Epoch 89:
2025-12-01 23:06:35,387 - INFO -   训练损失: 1.95 | 验证损失: 2.17
2025-12-01 23:06:35,387 - INFO -   mAP@0.5: 0.9130
2025-12-01 23:06:35,387 - INFO -   mAP@0.5:0.95: 0.7218
2025-12-01 23:06:35,387 - INFO - Epoch 90:
2025-12-01 23:06:35,387 - INFO -   训练损失: 1.95 | 验证损失: 2.17
2025-12-01 23:06:35,387 - INFO -   mAP@0.5: 0.9130
2025-12-01 23:06:35,387 - INFO -   mAP@0.5:0.95: 0.7230
2025-12-01 23:06:35,387 - INFO - Epoch 91:
2025-12-01 23:06:35,387 - INFO -   训练损失: 1.94 | 验证损失: 2.17
2025-12-01 23:06:35,387 - INFO -   mAP@0.5: 0.9125
2025-12-01 23:06:35,388 - INFO -   mAP@0.5:0.95: 0.7214
2025-12-01 23:06:35,388 - INFO - Epoch 92:
2025-12-01 23:06:35,388 - INFO -   训练损失: 1.94 | 验证损失: 2.18
2025-12-01 23:06:35,388 - INFO -   mAP@0.5: 0.9114
2025-12-01 23:06:35,388 - INFO -   mAP@0.5:0.95: 0.7185
2025-12-01 23:06:35,388 - INFO - Epoch 93:
2025-12-01 23:06:35,388 - INFO -   训练损失: 1.94 | 验证损失: 2.17
2025-12-01 23:06:35,388 - INFO -   mAP@0.5: 0.9119
2025-12-01 23:06:35,388 - INFO -   mAP@0.5:0.95: 0.7203
2025-12-01 23:06:35,388 - INFO - Epoch 94:
2025-12-01 23:06:35,388 - INFO -   训练损失: 1.94 | 验证损失: 2.19
2025-12-01 23:06:35,388 - INFO -   mAP@0.5: 0.9097
2025-12-01 23:06:35,388 - INFO -   mAP@0.5:0.95: 0.7173
2025-12-01 23:06:35,388 - INFO - Epoch 95:
2025-12-01 23:06:35,388 - INFO -   训练损失: 1.94 | 验证损失: 2.17
2025-12-01 23:06:35,388 - INFO -   mAP@0.5: 0.9139
2025-12-01 23:06:35,388 - INFO -   mAP@0.5:0.95: 0.7235
2025-12-01 23:06:35,388 - INFO - Epoch 96:
2025-12-01 23:06:35,388 - INFO -   训练损失: 1.93 | 验证损失: 2.17
2025-12-01 23:06:35,388 - INFO -   mAP@0.5: 0.9125
2025-12-01 23:06:35,388 - INFO -   mAP@0.5:0.95: 0.7214
2025-12-01 23:06:35,388 - INFO - Epoch 97:
2025-12-01 23:06:35,388 - INFO -   训练损失: 1.93 | 验证损失: 2.17
2025-12-01 23:06:35,388 - INFO -   mAP@0.5: 0.9123
2025-12-01 23:06:35,388 - INFO -   mAP@0.5:0.95: 0.7206
2025-12-01 23:06:35,388 - INFO - Epoch 98:
2025-12-01 23:06:35,388 - INFO -   训练损失: 1.93 | 验证损失: 2.18
2025-12-01 23:06:35,388 - INFO -   mAP@0.5: 0.9135
2025-12-01 23:06:35,388 - INFO -   mAP@0.5:0.95: 0.7225
2025-12-01 23:06:35,389 - INFO - Epoch 99:
2025-12-01 23:06:35,389 - INFO -   训练损失: 1.92 | 验证损失: 2.18
2025-12-01 23:06:35,389 - INFO -   mAP@0.5: 0.9119
2025-12-01 23:06:35,389 - INFO -   mAP@0.5:0.95: 0.7196
2025-12-01 23:06:35,389 - INFO - Epoch 100:
2025-12-01 23:06:35,389 - INFO -   训练损失: 1.92 | 验证损失: 2.18
2025-12-01 23:06:35,389 - INFO -   mAP@0.5: 0.9105
2025-12-01 23:06:35,389 - INFO -   mAP@0.5:0.95: 0.7203
2025-12-01 23:06:35,389 - INFO - Epoch 101:
2025-12-01 23:06:35,389 - INFO -   训练损失: 1.92 | 验证损失: 2.18
2025-12-01 23:06:35,389 - INFO -   mAP@0.5: 0.9104
2025-12-01 23:06:35,389 - INFO -   mAP@0.5:0.95: 0.7200
2025-12-01 23:06:35,389 - INFO - Epoch 102:
2025-12-01 23:06:35,389 - INFO -   训练损失: 1.91 | 验证损失: 2.19
2025-12-01 23:06:35,389 - INFO -   mAP@0.5: 0.9104
2025-12-01 23:06:35,389 - INFO -   mAP@0.5:0.95: 0.7197
2025-12-01 23:06:35,389 - INFO - Epoch 103:
2025-12-01 23:06:35,389 - INFO -   训练损失: 1.91 | 验证损失: 2.19
2025-12-01 23:06:35,389 - INFO -   mAP@0.5: 0.9092
2025-12-01 23:06:35,389 - INFO -   mAP@0.5:0.95: 0.7170
2025-12-01 23:06:35,389 - INFO - Epoch 104:
2025-12-01 23:06:35,389 - INFO -   训练损失: 1.91 | 验证损失: 2.19
2025-12-01 23:06:35,389 - INFO -   mAP@0.5: 0.9107
2025-12-01 23:06:35,389 - INFO -   mAP@0.5:0.95: 0.7190
2025-12-01 23:06:35,389 - INFO - Epoch 105:
2025-12-01 23:06:35,389 - INFO -   训练损失: 1.90 | 验证损失: 2.19
2025-12-01 23:06:35,389 - INFO -   mAP@0.5: 0.9108
2025-12-01 23:06:35,389 - INFO -   mAP@0.5:0.95: 0.7201
2025-12-01 23:06:35,389 - INFO - Epoch 106:
2025-12-01 23:06:35,389 - INFO -   训练损失: 1.90 | 验证损失: 2.19
2025-12-01 23:06:35,390 - INFO -   mAP@0.5: 0.9121
2025-12-01 23:06:35,390 - INFO -   mAP@0.5:0.95: 0.7191
2025-12-01 23:06:35,390 - INFO - Epoch 107:
2025-12-01 23:06:35,390 - INFO -   训练损失: 1.90 | 验证损失: 2.19
2025-12-01 23:06:35,390 - INFO -   mAP@0.5: 0.9107
2025-12-01 23:06:35,390 - INFO -   mAP@0.5:0.95: 0.7182
2025-12-01 23:06:35,390 - INFO - Epoch 108:
2025-12-01 23:06:35,390 - INFO -   训练损失: 1.90 | 验证损失: 2.19
2025-12-01 23:06:35,390 - INFO -   mAP@0.5: 0.9108
2025-12-01 23:06:35,390 - INFO -   mAP@0.5:0.95: 0.7197
2025-12-01 23:06:35,390 - INFO - Epoch 109:
2025-12-01 23:06:35,390 - INFO -   训练损失: 1.89 | 验证损失: 2.19
2025-12-01 23:06:35,390 - INFO -   mAP@0.5: 0.9111
2025-12-01 23:06:35,390 - INFO -   mAP@0.5:0.95: 0.7198
2025-12-01 23:06:35,390 - INFO - Epoch 110:
2025-12-01 23:06:35,390 - INFO -   训练损失: 1.89 | 验证损失: 2.19
2025-12-01 23:06:35,390 - INFO -   mAP@0.5: 0.9103
2025-12-01 23:06:35,390 - INFO -   mAP@0.5:0.95: 0.7200
2025-12-01 23:06:35,390 - INFO - Epoch 111:
2025-12-01 23:06:35,390 - INFO -   训练损失: 1.89 | 验证损失: 2.19
2025-12-01 23:06:35,390 - INFO -   mAP@0.5: 0.9111
2025-12-01 23:06:35,390 - INFO -   mAP@0.5:0.95: 0.7216
2025-12-01 23:06:35,390 - INFO - Epoch 112:
2025-12-01 23:06:35,390 - INFO -   训练损失: 1.88 | 验证损失: 2.19
2025-12-01 23:06:35,390 - INFO -   mAP@0.5: 0.9106
2025-12-01 23:06:35,390 - INFO -   mAP@0.5:0.95: 0.7200
2025-12-01 23:06:35,390 - INFO - Epoch 113:
2025-12-01 23:06:35,390 - INFO -   训练损失: 1.88 | 验证损失: 2.19
2025-12-01 23:06:35,390 - INFO -   mAP@0.5: 0.9106
2025-12-01 23:06:35,390 - INFO -   mAP@0.5:0.95: 0.7194
2025-12-01 23:06:35,391 - INFO - Epoch 114:
2025-12-01 23:06:35,391 - INFO -   训练损失: 1.88 | 验证损失: 2.19
2025-12-01 23:06:35,391 - INFO -   mAP@0.5: 0.9105
2025-12-01 23:06:35,391 - INFO -   mAP@0.5:0.95: 0.7203
2025-12-01 23:06:35,391 - INFO - Epoch 115:
2025-12-01 23:06:35,391 - INFO -   训练损失: 1.88 | 验证损失: 2.19
2025-12-01 23:06:35,391 - INFO -   mAP@0.5: 0.9094
2025-12-01 23:06:35,391 - INFO -   mAP@0.5:0.95: 0.7190
2025-12-01 23:06:35,391 - INFO - Epoch 116:
2025-12-01 23:06:35,391 - INFO -   训练损失: 1.87 | 验证损失: 2.19
2025-12-01 23:06:35,391 - INFO -   mAP@0.5: 0.9094
2025-12-01 23:06:35,391 - INFO -   mAP@0.5:0.95: 0.7195
2025-12-01 23:06:35,391 - INFO - Epoch 117:
2025-12-01 23:06:35,391 - INFO -   训练损失: 1.87 | 验证损失: 2.20
2025-12-01 23:06:35,391 - INFO -   mAP@0.5: 0.9085
2025-12-01 23:06:35,391 - INFO -   mAP@0.5:0.95: 0.7173
2025-12-01 23:06:35,391 - INFO - Epoch 118:
2025-12-01 23:06:35,391 - INFO -   训练损失: 1.86 | 验证损失: 2.20
2025-12-01 23:06:35,391 - INFO -   mAP@0.5: 0.9081
2025-12-01 23:06:35,391 - INFO -   mAP@0.5:0.95: 0.7170
2025-12-01 23:06:35,391 - INFO - Epoch 119:
2025-12-01 23:06:35,391 - INFO -   训练损失: 1.86 | 验证损失: 2.21
2025-12-01 23:06:35,391 - INFO -   mAP@0.5: 0.9067
2025-12-01 23:06:35,391 - INFO -   mAP@0.5:0.95: 0.7144
2025-12-01 23:06:35,391 - INFO - Epoch 120:
2025-12-01 23:06:35,391 - INFO -   训练损失: 1.86 | 验证损失: 2.21
2025-12-01 23:06:35,391 - INFO -   mAP@0.5: 0.9068
2025-12-01 23:06:35,391 - INFO -   mAP@0.5:0.95: 0.7145
2025-12-01 23:06:35,392 - INFO - Epoch 121:
2025-12-01 23:06:35,392 - INFO -   训练损失: 1.86 | 验证损失: 2.20
2025-12-01 23:06:35,392 - INFO -   mAP@0.5: 0.9077
2025-12-01 23:06:35,392 - INFO -   mAP@0.5:0.95: 0.7161
2025-12-01 23:06:35,392 - INFO - Epoch 122:
2025-12-01 23:06:35,392 - INFO -   训练损失: 1.85 | 验证损失: 2.20
2025-12-01 23:06:35,392 - INFO -   mAP@0.5: 0.9086
2025-12-01 23:06:35,392 - INFO -   mAP@0.5:0.95: 0.7178
2025-12-01 23:06:35,392 - INFO - Epoch 123:
2025-12-01 23:06:35,392 - INFO -   训练损失: 1.85 | 验证损失: 2.19
2025-12-01 23:06:35,392 - INFO -   mAP@0.5: 0.9087
2025-12-01 23:06:35,392 - INFO -   mAP@0.5:0.95: 0.7184
2025-12-01 23:06:35,392 - INFO - Epoch 124:
2025-12-01 23:06:35,392 - INFO -   训练损失: 1.85 | 验证损失: 2.19
2025-12-01 23:06:35,392 - INFO -   mAP@0.5: 0.9085
2025-12-01 23:06:35,392 - INFO -   mAP@0.5:0.95: 0.7184
2025-12-01 23:06:35,392 - INFO - Epoch 125:
2025-12-01 23:06:35,392 - INFO -   训练损失: 1.84 | 验证损失: 2.20
2025-12-01 23:06:35,392 - INFO -   mAP@0.5: 0.9083
2025-12-01 23:06:35,392 - INFO -   mAP@0.5:0.95: 0.7177
2025-12-01 23:06:35,392 - INFO - Epoch 126:
2025-12-01 23:06:35,392 - INFO -   训练损失: 1.84 | 验证损失: 2.20
2025-12-01 23:06:35,392 - INFO -   mAP@0.5: 0.9065
2025-12-01 23:06:35,392 - INFO -   mAP@0.5:0.95: 0.7156
2025-12-01 23:06:35,392 - INFO - Epoch 127:
2025-12-01 23:06:35,392 - INFO -   训练损失: 1.84 | 验证损失: 2.21
2025-12-01 23:06:35,392 - INFO -   mAP@0.5: 0.9059
2025-12-01 23:06:35,392 - INFO -   mAP@0.5:0.95: 0.7144
2025-12-01 23:06:35,392 - INFO - Epoch 128:
2025-12-01 23:06:35,392 - INFO -   训练损失: 1.84 | 验证损失: 2.21
2025-12-01 23:06:35,392 - INFO -   mAP@0.5: 0.9056
2025-12-01 23:06:35,393 - INFO -   mAP@0.5:0.95: 0.7143
2025-12-01 23:06:35,393 - INFO - Epoch 129:
2025-12-01 23:06:35,393 - INFO -   训练损失: 1.83 | 验证损失: 2.21
2025-12-01 23:06:35,393 - INFO -   mAP@0.5: 0.9053
2025-12-01 23:06:35,393 - INFO -   mAP@0.5:0.95: 0.7141
2025-12-01 23:06:35,393 - INFO - Epoch 130:
2025-12-01 23:06:35,393 - INFO -   训练损失: 1.83 | 验证损失: 2.21
2025-12-01 23:06:35,393 - INFO -   mAP@0.5: 0.9043
2025-12-01 23:06:35,393 - INFO -   mAP@0.5:0.95: 0.7131
2025-12-01 23:06:35,393 - INFO - Epoch 131:
2025-12-01 23:06:35,393 - INFO -   训练损失: 1.82 | 验证损失: 2.22
2025-12-01 23:06:35,393 - INFO -   mAP@0.5: 0.9040
2025-12-01 23:06:35,393 - INFO -   mAP@0.5:0.95: 0.7128
2025-12-01 23:06:35,393 - INFO - Epoch 132:
2025-12-01 23:06:35,393 - INFO -   训练损失: 1.82 | 验证损失: 2.21
2025-12-01 23:06:35,393 - INFO -   mAP@0.5: 0.9039
2025-12-01 23:06:35,393 - INFO -   mAP@0.5:0.95: 0.7130
2025-12-01 23:06:35,393 - INFO - Epoch 133:
2025-12-01 23:06:35,393 - INFO -   训练损失: 1.82 | 验证损失: 2.21
2025-12-01 23:06:35,393 - INFO -   mAP@0.5: 0.9039
2025-12-01 23:06:35,393 - INFO -   mAP@0.5:0.95: 0.7140
2025-12-01 23:06:35,393 - INFO - Epoch 134:
2025-12-01 23:06:35,393 - INFO -   训练损失: 1.82 | 验证损失: 2.21
2025-12-01 23:06:35,393 - INFO -   mAP@0.5: 0.9045
2025-12-01 23:06:35,393 - INFO -   mAP@0.5:0.95: 0.7149
2025-12-01 23:06:35,393 - INFO - Epoch 135:
2025-12-01 23:06:35,393 - INFO -   训练损失: 1.81 | 验证损失: 2.21
2025-12-01 23:06:35,393 - INFO -   mAP@0.5: 0.9044
2025-12-01 23:06:35,393 - INFO -   mAP@0.5:0.95: 0.7139
2025-12-01 23:06:35,394 - INFO - Epoch 136:
2025-12-01 23:06:35,394 - INFO -   训练损失: 1.81 | 验证损失: 2.21
2025-12-01 23:06:35,394 - INFO -   mAP@0.5: 0.9042
2025-12-01 23:06:35,394 - INFO -   mAP@0.5:0.95: 0.7143
2025-12-01 23:06:35,394 - INFO - Epoch 137:
2025-12-01 23:06:35,394 - INFO -   训练损失: 1.81 | 验证损失: 2.21
2025-12-01 23:06:35,394 - INFO -   mAP@0.5: 0.9048
2025-12-01 23:06:35,394 - INFO -   mAP@0.5:0.95: 0.7150
2025-12-01 23:06:35,394 - INFO - Epoch 138:
2025-12-01 23:06:35,394 - INFO -   训练损失: 1.80 | 验证损失: 2.21
2025-12-01 23:06:35,394 - INFO -   mAP@0.5: 0.9051
2025-12-01 23:06:35,394 - INFO -   mAP@0.5:0.95: 0.7153
2025-12-01 23:06:35,394 - INFO - Epoch 139:
2025-12-01 23:06:35,394 - INFO -   训练损失: 1.80 | 验证损失: 2.21
2025-12-01 23:06:35,394 - INFO -   mAP@0.5: 0.9053
2025-12-01 23:06:35,394 - INFO -   mAP@0.5:0.95: 0.7150
2025-12-01 23:06:35,394 - INFO - Epoch 140:
2025-12-01 23:06:35,394 - INFO -   训练损失: 1.80 | 验证损失: 2.22
2025-12-01 23:06:35,394 - INFO -   mAP@0.5: 0.9051
2025-12-01 23:06:35,394 - INFO -   mAP@0.5:0.95: 0.7144
2025-12-01 23:06:35,394 - INFO - Epoch 141:
2025-12-01 23:06:35,394 - INFO -   训练损失: 1.79 | 验证损失: 2.22
2025-12-01 23:06:35,394 - INFO -   mAP@0.5: 0.9043
2025-12-01 23:06:35,394 - INFO -   mAP@0.5:0.95: 0.7131
2025-12-01 23:06:35,394 - INFO - Epoch 142:
2025-12-01 23:06:35,394 - INFO -   训练损失: 1.79 | 验证损失: 2.22
2025-12-01 23:06:35,394 - INFO -   mAP@0.5: 0.9038
2025-12-01 23:06:35,394 - INFO -   mAP@0.5:0.95: 0.7123
2025-12-01 23:06:35,395 - INFO - Epoch 143:
2025-12-01 23:06:35,395 - INFO -   训练损失: 1.79 | 验证损失: 2.22
2025-12-01 23:06:35,395 - INFO -   mAP@0.5: 0.9030
2025-12-01 23:06:35,395 - INFO -   mAP@0.5:0.95: 0.7112
2025-12-01 23:06:35,395 - INFO - Epoch 144:
2025-12-01 23:06:35,395 - INFO -   训练损失: 1.78 | 验证损失: 2.23
2025-12-01 23:06:35,395 - INFO -   mAP@0.5: 0.9022
2025-12-01 23:06:35,395 - INFO -   mAP@0.5:0.95: 0.7104
2025-12-01 23:06:35,395 - INFO - Epoch 145:
2025-12-01 23:06:35,395 - INFO -   训练损失: 1.78 | 验证损失: 2.23
2025-12-01 23:06:35,395 - INFO -   mAP@0.5: 0.9016
2025-12-01 23:06:35,395 - INFO -   mAP@0.5:0.95: 0.7097
2025-12-01 23:06:35,395 - INFO - Epoch 146:
2025-12-01 23:06:35,395 - INFO -   训练损失: 1.78 | 验证损失: 2.23
2025-12-01 23:06:35,395 - INFO -   mAP@0.5: 0.9014
2025-12-01 23:06:35,395 - INFO -   mAP@0.5:0.95: 0.7097
2025-12-01 23:06:35,395 - INFO - Epoch 147:
2025-12-01 23:06:35,395 - INFO -   训练损失: 1.77 | 验证损失: 2.23
2025-12-01 23:06:35,395 - INFO -   mAP@0.5: 0.9010
2025-12-01 23:06:35,395 - INFO -   mAP@0.5:0.95: 0.7090
2025-12-01 23:06:35,395 - INFO - Epoch 148:
2025-12-01 23:06:35,395 - INFO -   训练损失: 1.77 | 验证损失: 2.23
2025-12-01 23:06:35,395 - INFO -   mAP@0.5: 0.9018
2025-12-01 23:06:35,395 - INFO -   mAP@0.5:0.95: 0.7098
2025-12-01 23:06:35,395 - INFO - Epoch 149:
2025-12-01 23:06:35,395 - INFO -   训练损失: 1.77 | 验证损失: 2.23
2025-12-01 23:06:35,395 - INFO -   mAP@0.5: 0.9015
2025-12-01 23:06:35,395 - INFO -   mAP@0.5:0.95: 0.7095
2025-12-01 23:06:35,395 - INFO - Epoch 150:
2025-12-01 23:06:35,395 - INFO -   训练损失: 1.77 | 验证损失: 2.24
2025-12-01 23:06:35,396 - INFO -   mAP@0.5: 0.9011
2025-12-01 23:06:35,396 - INFO -   mAP@0.5:0.95: 0.7090
2025-12-01 23:06:35,396 - INFO - Epoch 151:
2025-12-01 23:06:35,396 - INFO -   训练损失: 1.76 | 验证损失: 2.24
2025-12-01 23:06:35,396 - INFO -   mAP@0.5: 0.9005
2025-12-01 23:06:35,396 - INFO -   mAP@0.5:0.95: 0.7086
2025-12-01 23:06:35,396 - INFO - Epoch 152:
2025-12-01 23:06:35,396 - INFO -   训练损失: 1.76 | 验证损失: 2.24
2025-12-01 23:06:35,396 - INFO -   mAP@0.5: 0.9001
2025-12-01 23:06:35,396 - INFO -   mAP@0.5:0.95: 0.7081
2025-12-01 23:06:35,396 - INFO - Epoch 153:
2025-12-01 23:06:35,396 - INFO -   训练损失: 1.76 | 验证损失: 2.24
2025-12-01 23:06:35,396 - INFO -   mAP@0.5: 0.8997
2025-12-01 23:06:35,396 - INFO -   mAP@0.5:0.95: 0.7075
2025-12-01 23:06:35,396 - INFO - Epoch 154:
2025-12-01 23:06:35,396 - INFO -   训练损失: 1.75 | 验证损失: 2.24
2025-12-01 23:06:35,396 - INFO -   mAP@0.5: 0.8990
2025-12-01 23:06:35,396 - INFO -   mAP@0.5:0.95: 0.7069
2025-12-01 23:06:35,396 - INFO - Epoch 155:
2025-12-01 23:06:35,396 - INFO -   训练损失: 1.75 | 验证损失: 2.24
2025-12-01 23:06:35,396 - INFO -   mAP@0.5: 0.8985
2025-12-01 23:06:35,396 - INFO -   mAP@0.5:0.95: 0.7063
2025-12-01 23:06:35,396 - INFO - Epoch 156:
2025-12-01 23:06:35,396 - INFO -   训练损失: 1.75 | 验证损失: 2.24
2025-12-01 23:06:35,396 - INFO -   mAP@0.5: 0.8982
2025-12-01 23:06:35,396 - INFO -   mAP@0.5:0.95: 0.7057
2025-12-01 23:06:35,396 - INFO - Epoch 157:
2025-12-01 23:06:35,396 - INFO -   训练损失: 1.74 | 验证损失: 2.25
2025-12-01 23:06:35,396 - INFO -   mAP@0.5: 0.8978
2025-12-01 23:06:35,396 - INFO -   mAP@0.5:0.95: 0.7052
2025-12-01 23:06:35,397 - INFO - Epoch 158:
2025-12-01 23:06:35,397 - INFO -   训练损失: 1.74 | 验证损失: 2.25
2025-12-01 23:06:35,397 - INFO -   mAP@0.5: 0.8973
2025-12-01 23:06:35,397 - INFO -   mAP@0.5:0.95: 0.7048
2025-12-01 23:06:35,397 - INFO - Epoch 159:
2025-12-01 23:06:35,397 - INFO -   训练损失: 1.74 | 验证损失: 2.25
2025-12-01 23:06:35,397 - INFO -   mAP@0.5: 0.8969
2025-12-01 23:06:35,397 - INFO -   mAP@0.5:0.95: 0.7042
2025-12-01 23:06:35,397 - INFO - Epoch 160:
2025-12-01 23:06:35,397 - INFO -   训练损失: 1.74 | 验证损失: 2.25
2025-12-01 23:06:35,397 - INFO -   mAP@0.5: 0.8962
2025-12-01 23:06:35,397 - INFO -   mAP@0.5:0.95: 0.7038
2025-12-01 23:06:35,397 - INFO - Epoch 161:
2025-12-01 23:06:35,397 - INFO -   训练损失: 1.73 | 验证损失: 2.25
2025-12-01 23:06:35,397 - INFO -   mAP@0.5: 0.8961
2025-12-01 23:06:35,397 - INFO -   mAP@0.5:0.95: 0.7037
2025-12-01 23:06:35,397 - INFO - Epoch 162:
2025-12-01 23:06:35,397 - INFO -   训练损失: 1.73 | 验证损失: 2.25
2025-12-01 23:06:35,397 - INFO -   mAP@0.5: 0.8959
2025-12-01 23:06:35,397 - INFO -   mAP@0.5:0.95: 0.7035
2025-12-01 23:06:35,397 - INFO - Epoch 163:
2025-12-01 23:06:35,397 - INFO -   训练损失: 1.73 | 验证损失: 2.26
2025-12-01 23:06:35,397 - INFO -   mAP@0.5: 0.8959
2025-12-01 23:06:35,397 - INFO -   mAP@0.5:0.95: 0.7037
2025-12-01 23:06:35,397 - INFO - Epoch 164:
2025-12-01 23:06:35,397 - INFO -   训练损失: 1.73 | 验证损失: 2.26
2025-12-01 23:06:35,397 - INFO -   mAP@0.5: 0.8957
2025-12-01 23:06:35,397 - INFO -   mAP@0.5:0.95: 0.7033
2025-12-01 23:06:35,397 - INFO - Epoch 165:
2025-12-01 23:06:35,397 - INFO -   训练损失: 1.73 | 验证损失: 2.26
2025-12-01 23:06:35,398 - INFO -   mAP@0.5: 0.8954
2025-12-01 23:06:35,398 - INFO -   mAP@0.5:0.95: 0.7031
2025-12-01 23:06:35,398 - INFO - Epoch 166:
2025-12-01 23:06:35,398 - INFO -   训练损失: 1.72 | 验证损失: 2.26
2025-12-01 23:06:35,398 - INFO -   mAP@0.5: 0.8951
2025-12-01 23:06:35,398 - INFO -   mAP@0.5:0.95: 0.7028
2025-12-01 23:06:35,398 - INFO - Epoch 167:
2025-12-01 23:06:35,398 - INFO -   训练损失: 1.72 | 验证损失: 2.26
2025-12-01 23:06:35,398 - INFO -   mAP@0.5: 0.8947
2025-12-01 23:06:35,398 - INFO -   mAP@0.5:0.95: 0.7021
2025-12-01 23:06:35,398 - INFO - Epoch 168:
2025-12-01 23:06:35,398 - INFO -   训练损失: 1.72 | 验证损失: 2.26
2025-12-01 23:06:35,398 - INFO -   mAP@0.5: 0.8943
2025-12-01 23:06:35,398 - INFO -   mAP@0.5:0.95: 0.7017
2025-12-01 23:06:35,398 - INFO - Epoch 169:
2025-12-01 23:06:35,398 - INFO -   训练损失: 1.72 | 验证损失: 2.26
2025-12-01 23:06:35,398 - INFO -   mAP@0.5: 0.8940
2025-12-01 23:06:35,398 - INFO -   mAP@0.5:0.95: 0.7013
2025-12-01 23:06:35,398 - INFO - Epoch 170:
2025-12-01 23:06:35,398 - INFO -   训练损失: 1.71 | 验证损失: 2.27
2025-12-01 23:06:35,398 - INFO -   mAP@0.5: 0.8940
2025-12-01 23:06:35,398 - INFO -   mAP@0.5:0.95: 0.7012
2025-12-01 23:06:35,398 - INFO - Epoch 171:
2025-12-01 23:06:35,398 - INFO -   训练损失: 1.71 | 验证损失: 2.27
2025-12-01 23:06:35,398 - INFO -   mAP@0.5: 0.8940
2025-12-01 23:06:35,398 - INFO -   mAP@0.5:0.95: 0.7009
2025-12-01 23:06:35,398 - INFO - Epoch 172:
2025-12-01 23:06:35,398 - INFO -   训练损失: 1.71 | 验证损失: 2.27
2025-12-01 23:06:35,398 - INFO -   mAP@0.5: 0.8939
2025-12-01 23:06:35,398 - INFO -   mAP@0.5:0.95: 0.7009
2025-12-01 23:06:35,399 - INFO - Epoch 173:
2025-12-01 23:06:35,399 - INFO -   训练损失: 1.71 | 验证损失: 2.27
2025-12-01 23:06:35,399 - INFO -   mAP@0.5: 0.8937
2025-12-01 23:06:35,399 - INFO -   mAP@0.5:0.95: 0.7007
2025-12-01 23:06:35,399 - INFO - Epoch 174:
2025-12-01 23:06:35,399 - INFO -   训练损失: 1.71 | 验证损失: 2.27
2025-12-01 23:06:35,399 - INFO -   mAP@0.5: 0.8937
2025-12-01 23:06:35,399 - INFO -   mAP@0.5:0.95: 0.7009
2025-12-01 23:06:35,399 - INFO - Epoch 175:
2025-12-01 23:06:35,399 - INFO -   训练损失: 1.70 | 验证损失: 2.27
2025-12-01 23:06:35,399 - INFO -   mAP@0.5: 0.8934
2025-12-01 23:06:35,399 - INFO -   mAP@0.5:0.95: 0.7005
2025-12-01 23:06:35,399 - INFO - Epoch 176:
2025-12-01 23:06:35,399 - INFO -   训练损失: 1.70 | 验证损失: 2.27
2025-12-01 23:06:35,399 - INFO -   mAP@0.5: 0.8931
2025-12-01 23:06:35,399 - INFO -   mAP@0.5:0.95: 0.7004
2025-12-01 23:06:35,399 - INFO - Epoch 177:
2025-12-01 23:06:35,399 - INFO -   训练损失: 1.70 | 验证损失: 2.27
2025-12-01 23:06:35,399 - INFO -   mAP@0.5: 0.8932
2025-12-01 23:06:35,399 - INFO -   mAP@0.5:0.95: 0.7003
2025-12-01 23:06:35,399 - INFO - Epoch 178:
2025-12-01 23:06:35,399 - INFO -   训练损失: 1.70 | 验证损失: 2.27
2025-12-01 23:06:35,399 - INFO -   mAP@0.5: 0.8931
2025-12-01 23:06:35,399 - INFO -   mAP@0.5:0.95: 0.7003
2025-12-01 23:06:35,399 - INFO - Epoch 179:
2025-12-01 23:06:35,399 - INFO -   训练损失: 1.69 | 验证损失: 2.27
2025-12-01 23:06:35,399 - INFO -   mAP@0.5: 0.8931
2025-12-01 23:06:35,399 - INFO -   mAP@0.5:0.95: 0.7003
2025-12-01 23:06:35,399 - INFO - Epoch 180:
2025-12-01 23:06:35,399 - INFO -   训练损失: 1.69 | 验证损失: 2.27
2025-12-01 23:06:35,400 - INFO -   mAP@0.5: 0.8929
2025-12-01 23:06:35,400 - INFO -   mAP@0.5:0.95: 0.7002
2025-12-01 23:06:35,400 - INFO - Epoch 181:
2025-12-01 23:06:35,400 - INFO -   训练损失: 1.69 | 验证损失: 2.28
2025-12-01 23:06:35,400 - INFO -   mAP@0.5: 0.8926
2025-12-01 23:06:35,400 - INFO -   mAP@0.5:0.95: 0.6999
2025-12-01 23:06:35,400 - INFO - Epoch 182:
2025-12-01 23:06:35,400 - INFO -   训练损失: 1.69 | 验证损失: 2.28
2025-12-01 23:06:35,400 - INFO -   mAP@0.5: 0.8924
2025-12-01 23:06:35,400 - INFO -   mAP@0.5:0.95: 0.6998
2025-12-01 23:06:35,400 - INFO - Epoch 183:
2025-12-01 23:06:35,400 - INFO -   训练损失: 1.69 | 验证损失: 2.28
2025-12-01 23:06:35,400 - INFO -   mAP@0.5: 0.8922
2025-12-01 23:06:35,400 - INFO -   mAP@0.5:0.95: 0.6997
2025-12-01 23:06:35,400 - INFO - Epoch 184:
2025-12-01 23:06:35,400 - INFO -   训练损失: 1.69 | 验证损失: 2.28
2025-12-01 23:06:35,400 - INFO -   mAP@0.5: 0.8920
2025-12-01 23:06:35,400 - INFO -   mAP@0.5:0.95: 0.6995
2025-12-01 23:06:35,400 - INFO - Epoch 185:
2025-12-01 23:06:35,400 - INFO -   训练损失: 1.69 | 验证损失: 2.28
2025-12-01 23:06:35,400 - INFO -   mAP@0.5: 0.8918
2025-12-01 23:06:35,400 - INFO -   mAP@0.5:0.95: 0.6992
2025-12-01 23:06:35,400 - INFO - Epoch 186:
2025-12-01 23:06:35,400 - INFO -   训练损失: 1.69 | 验证损失: 2.28
2025-12-01 23:06:35,400 - INFO -   mAP@0.5: 0.8916
2025-12-01 23:06:35,400 - INFO -   mAP@0.5:0.95: 0.6991
2025-12-01 23:06:35,400 - INFO - Epoch 187:
2025-12-01 23:06:35,400 - INFO -   训练损失: 1.69 | 验证损失: 2.28
2025-12-01 23:06:35,400 - INFO -   mAP@0.5: 0.8916
2025-12-01 23:06:35,400 - INFO -   mAP@0.5:0.95: 0.6990
2025-12-01 23:06:35,401 - INFO - Epoch 188:
2025-12-01 23:06:35,401 - INFO -   训练损失: 1.69 | 验证损失: 2.28
2025-12-01 23:06:35,401 - INFO -   mAP@0.5: 0.8914
2025-12-01 23:06:35,401 - INFO -   mAP@0.5:0.95: 0.6988
2025-12-01 23:06:35,401 - INFO - Epoch 189:
2025-12-01 23:06:35,401 - INFO -   训练损失: 1.68 | 验证损失: 2.28
2025-12-01 23:06:35,401 - INFO -   mAP@0.5: 0.8913
2025-12-01 23:06:35,401 - INFO -   mAP@0.5:0.95: 0.6986
2025-12-01 23:06:35,401 - INFO - Epoch 190:
2025-12-01 23:06:35,401 - INFO -   训练损失: 1.68 | 验证损失: 2.28
2025-12-01 23:06:35,401 - INFO -   mAP@0.5: 0.8911
2025-12-01 23:06:35,401 - INFO -   mAP@0.5:0.95: 0.6984
2025-12-01 23:06:35,401 - INFO - Epoch 191:
2025-12-01 23:06:35,401 - INFO -   训练损失: 1.68 | 验证损失: 2.29
2025-12-01 23:06:35,401 - INFO -   mAP@0.5: 0.8909
2025-12-01 23:06:35,401 - INFO -   mAP@0.5:0.95: 0.6982
2025-12-01 23:06:35,401 - INFO - Epoch 192:
2025-12-01 23:06:35,401 - INFO -   训练损失: 1.68 | 验证损失: 2.29
2025-12-01 23:06:35,401 - INFO -   mAP@0.5: 0.8908
2025-12-01 23:06:35,401 - INFO -   mAP@0.5:0.95: 0.6980
2025-12-01 23:06:35,401 - INFO - Epoch 193:
2025-12-01 23:06:35,401 - INFO -   训练损失: 1.68 | 验证损失: 2.29
2025-12-01 23:06:35,401 - INFO -   mAP@0.5: 0.8907
2025-12-01 23:06:35,401 - INFO -   mAP@0.5:0.95: 0.6979
2025-12-01 23:06:35,401 - INFO - Epoch 194:
2025-12-01 23:06:35,401 - INFO -   训练损失: 1.68 | 验证损失: 2.29
2025-12-01 23:06:35,401 - INFO -   mAP@0.5: 0.8905
2025-12-01 23:06:35,401 - INFO -   mAP@0.5:0.95: 0.6977
2025-12-01 23:06:35,401 - INFO - Epoch 195:
2025-12-01 23:06:35,401 - INFO -   训练损失: 1.68 | 验证损失: 2.29
2025-12-01 23:06:35,402 - INFO -   mAP@0.5: 0.8904
2025-12-01 23:06:35,402 - INFO -   mAP@0.5:0.95: 0.6975
2025-12-01 23:06:35,402 - INFO - Epoch 196:
2025-12-01 23:06:35,402 - INFO -   训练损失: 1.68 | 验证损失: 2.29
2025-12-01 23:06:35,402 - INFO -   mAP@0.5: 0.8903
2025-12-01 23:06:35,402 - INFO -   mAP@0.5:0.95: 0.6974
2025-12-01 23:06:35,402 - INFO - Epoch 197:
2025-12-01 23:06:35,402 - INFO -   训练损失: 1.68 | 验证损失: 2.29
2025-12-01 23:06:35,402 - INFO -   mAP@0.5: 0.8901
2025-12-01 23:06:35,402 - INFO -   mAP@0.5:0.95: 0.6971
2025-12-01 23:06:35,402 - INFO - Epoch 198:
2025-12-01 23:06:35,402 - INFO -   训练损失: 1.68 | 验证损失: 2.29
2025-12-01 23:06:35,402 - INFO -   mAP@0.5: 0.8900
2025-12-01 23:06:35,402 - INFO -   mAP@0.5:0.95: 0.6970
2025-12-01 23:06:35,402 - INFO - Epoch 199:
2025-12-01 23:06:35,402 - INFO -   训练损失: 1.68 | 验证损失: 2.29
2025-12-01 23:06:35,402 - INFO -   mAP@0.5: 0.8899
2025-12-01 23:06:35,402 - INFO -   mAP@0.5:0.95: 0.6968
2025-12-01 23:06:35,402 - INFO - Epoch 200:
2025-12-01 23:06:35,402 - INFO -   训练损失: 1.68 | 验证损失: 2.29
2025-12-01 23:06:35,402 - INFO -   mAP@0.5: 0.8897
2025-12-01 23:06:35,402 - INFO -   mAP@0.5:0.95: 0.6967
2025-12-01 23:06:35,402 - INFO - ================================================================================
2025-12-01 23:06:35,956 - INFO - ✓ 训练曲线已保存到: logs/yolo_v8l_20251201_150106/training_curves.png
2025-12-01 23:06:35,999 - INFO - ✓ 已创建统一命名的最佳模型: logs/yolo_v8l_20251201_150106/best_model.pth
2025-12-01 23:06:36,041 - INFO - ✓ 已创建统一命名的最新检查点: logs/yolo_v8l_20251201_150106/latest_checkpoint.pth
2025-12-01 23:06:36,041 - INFO - ✓ 已创建统一命名的训练历史: logs/yolo_v8l_20251201_150106/training_history.csv
2025-12-01 23:06:36,041 - INFO - ✓ 最佳模型: logs/yolo_v8l_20251201_150106/best_model.pth
2025-12-01 23:06:36,041 - INFO - ✓ 最佳mAP@0.5:0.95: 0.7228
2025-12-01 23:06:36,041 - INFO - ✓ 最佳mAP@0.5: 0.9169
2025-12-01 23:06:36,041 - INFO - ✓ 所有输出已保存到: logs/yolo_v8l_20251201_150106
2025-12-01 23:06:36,041 - INFO - ================================================================================
