[0;34m[INFO][0m è¿è¡ŒæŒ‡å®šå®éªŒç±»å‹ï¼ˆæŒ‰å­—å…¸åºæ’åºï¼‰: RT-DETR+MOE-RTDETR+DSET
[0;34m[INFO][0m å¼€å§‹å®éªŒ: rt-detr/configs/rtdetr_presnet18.yaml
[0;32m[SUCCESS][0m âœ“ å®éªŒå®Œæˆ: rtdetr_presnet18 (è€—æ—¶: 04:07:46)
[0;34m[INFO][0m å¼€å§‹å®éªŒ: rt-detr/configs/rtdetr_presnet34.yaml
[0;32m[SUCCESS][0m âœ“ å®éªŒå®Œæˆ: rtdetr_presnet34 (è€—æ—¶: 03:18:49)
[0;34m[INFO][0m å¼€å§‹å®éªŒ: moe-rtdetr/configs/moe2_presnet18.yaml
[0;32m[SUCCESS][0m âœ“ å®éªŒå®Œæˆ: moe2_presnet18 (è€—æ—¶: 04:35:03)
[0;34m[INFO][0m å¼€å§‹å®éªŒ: moe-rtdetr/configs/moe2_presnet34.yaml
[0;32m[SUCCESS][0m âœ“ å®éªŒå®Œæˆ: moe2_presnet34 (è€—æ—¶: 03:40:27)
[0;34m[INFO][0m å¼€å§‹å®éªŒ: moe-rtdetr/configs/moe3_presnet18.yaml
[0;32m[SUCCESS][0m âœ“ å®éªŒå®Œæˆ: moe3_presnet18 (è€—æ—¶: 03:15:12)
[0;34m[INFO][0m å¼€å§‹å®éªŒ: moe-rtdetr/configs/moe3_presnet34.yaml
[0;32m[SUCCESS][0m âœ“ å®éªŒå®Œæˆ: moe3_presnet34 (è€—æ—¶: 03:50:01)
[0;34m[INFO][0m å¼€å§‹å®éªŒ: moe-rtdetr/configs/moe6_presnet18.yaml
[0;32m[SUCCESS][0m âœ“ å®éªŒå®Œæˆ: moe6_presnet18 (è€—æ—¶: 03:22:07)
[0;34m[INFO][0m å¼€å§‹å®éªŒ: moe-rtdetr/configs/moe6_presnet34.yaml
[0;32m[SUCCESS][0m âœ“ å®éªŒå®Œæˆ: moe6_presnet34 (è€—æ—¶: 03:09:08)
[0;34m[INFO][0m å¼€å§‹å®éªŒ: dset/configs/dset2_r18.yaml
[0;32m[SUCCESS][0m âœ“ å®éªŒå®Œæˆ: dset2_r18 (è€—æ—¶: 04:12:40)
[0;34m[INFO][0m å¼€å§‹å®éªŒ: dset/configs/dset2_r34.yaml
