2025-11-27 18:10:59,474 - INFO - ✓ 配置已保存到: logs/yolo_v8s_20251127_181059/config.yaml
2025-11-27 18:10:59,474 - INFO - ✓ 初始化YOLOv8训练器
2025-11-27 18:10:59,474 - INFO -   类别数量: 8
2025-11-27 18:10:59,474 - INFO -   类别: Car, Truck, Van, Bus, Pedestrian, Cyclist, Motorcyclist, Trafficcone
2025-11-27 18:10:59,476 - INFO - ✓ 配置已保存到: logs/yolo_v8s_20251127_181059/config.yaml
2025-11-27 18:10:59,476 - INFO - ================================================================================
2025-11-27 18:10:59,476 - INFO - 🚀 开始YOLOv8训练
2025-11-27 18:10:59,476 - INFO - ================================================================================
2025-11-27 18:10:59,476 - INFO - ✓ 加载预训练权重: /root/autodl-tmp/DSET/experiments/yolov8/pretrained/yolov8s.pt
2025-11-27 18:10:59,557 - INFO -   模型将在训练时自动适配 8 类（从data.yaml读取）
2025-11-27 18:10:59,559 - INFO - 📝 训练配置:
2025-11-27 18:10:59,559 - INFO -   数据集路径: /root/autodl-fs/datasets/DAIR-V2X_YOLO/dairv2x.yaml
2025-11-27 18:10:59,559 - INFO -   训练轮数: 200
2025-11-27 18:10:59,559 - INFO -   批次大小: 64
2025-11-27 18:10:59,559 - INFO -   优化器: AdamW
2025-11-27 18:10:59,559 - INFO -   初始学习率: 0.01
2025-11-27 18:10:59,559 - INFO -   Weight decay: 0.0001
2025-11-27 18:10:59,559 - INFO -   输出目录: logs/yolo_v8s_20251127_181059
2025-11-27 18:10:59,559 - INFO -   预训练权重: pretrained/yolov8s.pt
2025-11-27 18:10:59,559 - INFO - ================================================================================
2025-11-27 18:10:59,559 - INFO - 训练配置摘要:
2025-11-27 18:10:59,559 - INFO -   - 训练轮数: 200
2025-11-27 18:10:59,559 - INFO -   - 批次大小: 64
2025-11-27 18:10:59,559 - INFO -   - 优化器: AdamW
2025-11-27 18:10:59,559 - INFO -   - 初始学习率: 0.01
2025-11-27 18:10:59,559 - INFO -   - Weight decay: 0.0001
2025-11-27 18:10:59,559 - INFO -   - Warmup轮数: 3.0
2025-11-27 18:10:59,559 - INFO -   - 设备: cuda
2025-11-27 18:10:59,559 - INFO - ================================================================================
2025-11-27 18:10:59,559 - INFO - 开始训练 200 epochs
2025-11-27 18:40:01,979 - INFO - ================================================================================
2025-11-27 18:40:01,980 - INFO - ✅ 训练完成！
2025-11-27 18:40:01,980 - INFO - ================================================================================
2025-11-27 18:40:01,987 - INFO - ================================================================================
2025-11-27 18:40:01,987 - INFO - 训练过程摘要（按RT-DETR格式）:
2025-11-27 18:40:01,987 - INFO - ================================================================================
2025-11-27 18:40:01,987 - INFO - Epoch 1:
2025-11-27 18:40:01,987 - INFO -   训练损失: 3.97 | 验证损失: 4.86
2025-11-27 18:40:01,987 - INFO -   mAP@0.5: 0.4620
2025-11-27 18:40:01,987 - INFO -   mAP@0.5:0.95: 0.2496
2025-11-27 18:40:01,987 - INFO - Epoch 2:
2025-11-27 18:40:01,987 - INFO -   训练损失: 2.89 | 验证损失: 4.78
2025-11-27 18:40:01,987 - INFO -   mAP@0.5: 0.4482
2025-11-27 18:40:01,987 - INFO -   mAP@0.5:0.95: 0.2338
2025-11-27 18:40:01,987 - INFO - Epoch 3:
2025-11-27 18:40:01,987 - INFO -   训练损失: 2.83 | 验证损失: inf
2025-11-27 18:40:01,987 - INFO -   mAP@0.5: 0.4032
2025-11-27 18:40:01,987 - INFO -   mAP@0.5:0.95: 0.2187
2025-11-27 18:40:01,987 - INFO - Epoch 4:
2025-11-27 18:40:01,987 - INFO -   训练损失: 2.70 | 验证损失: 4.06
2025-11-27 18:40:01,987 - INFO -   mAP@0.5: 0.4147
2025-11-27 18:40:01,987 - INFO -   mAP@0.5:0.95: 0.2204
2025-11-27 18:40:01,988 - INFO - Epoch 5:
2025-11-27 18:40:01,988 - INFO -   训练损失: 2.60 | 验证损失: 2.77
2025-11-27 18:40:01,988 - INFO -   mAP@0.5: 0.7120
2025-11-27 18:40:01,988 - INFO -   mAP@0.5:0.95: 0.4462
2025-11-27 18:40:01,988 - INFO - Epoch 6:
2025-11-27 18:40:01,988 - INFO -   训练损失: 2.51 | 验证损失: 2.81
2025-11-27 18:40:01,988 - INFO -   mAP@0.5: 0.6969
2025-11-27 18:40:01,988 - INFO -   mAP@0.5:0.95: 0.4238
2025-11-27 18:40:01,988 - INFO - Epoch 7:
2025-11-27 18:40:01,988 - INFO -   训练损失: 2.47 | 验证损失: 2.67
2025-11-27 18:40:01,988 - INFO -   mAP@0.5: 0.6968
2025-11-27 18:40:01,988 - INFO -   mAP@0.5:0.95: 0.4372
2025-11-27 18:40:01,988 - INFO - Epoch 8:
2025-11-27 18:40:01,988 - INFO -   训练损失: 2.42 | 验证损失: 2.65
2025-11-27 18:40:01,988 - INFO -   mAP@0.5: 0.7184
2025-11-27 18:40:01,988 - INFO -   mAP@0.5:0.95: 0.4585
2025-11-27 18:40:01,988 - INFO - Epoch 9:
2025-11-27 18:40:01,988 - INFO -   训练损失: 2.42 | 验证损失: 2.59
2025-11-27 18:40:01,988 - INFO -   mAP@0.5: 0.7352
2025-11-27 18:40:01,988 - INFO -   mAP@0.5:0.95: 0.4793
2025-11-27 18:40:01,988 - INFO - Epoch 10:
2025-11-27 18:40:01,988 - INFO -   训练损失: 2.37 | 验证损失: 2.57
2025-11-27 18:40:01,988 - INFO -   mAP@0.5: 0.7566
2025-11-27 18:40:01,988 - INFO -   mAP@0.5:0.95: 0.4954
2025-11-27 18:40:01,988 - INFO - Epoch 11:
2025-11-27 18:40:01,988 - INFO -   训练损失: 2.36 | 验证损失: 2.46
2025-11-27 18:40:01,988 - INFO -   mAP@0.5: 0.7731
2025-11-27 18:40:01,988 - INFO -   mAP@0.5:0.95: 0.5203
2025-11-27 18:40:01,989 - INFO - Epoch 12:
2025-11-27 18:40:01,989 - INFO -   训练损失: 2.32 | 验证损失: 2.53
2025-11-27 18:40:01,989 - INFO -   mAP@0.5: 0.7568
2025-11-27 18:40:01,989 - INFO -   mAP@0.5:0.95: 0.4927
2025-11-27 18:40:01,989 - INFO - Epoch 13:
2025-11-27 18:40:01,989 - INFO -   训练损失: 2.31 | 验证损失: 2.58
2025-11-27 18:40:01,989 - INFO -   mAP@0.5: 0.7389
2025-11-27 18:40:01,989 - INFO -   mAP@0.5:0.95: 0.4774
2025-11-27 18:40:01,989 - INFO - Epoch 14:
2025-11-27 18:40:01,989 - INFO -   训练损失: 2.29 | 验证损失: 2.61
2025-11-27 18:40:01,989 - INFO -   mAP@0.5: 0.7418
2025-11-27 18:40:01,989 - INFO -   mAP@0.5:0.95: 0.4703
2025-11-27 18:40:01,989 - INFO - Epoch 15:
2025-11-27 18:40:01,989 - INFO -   训练损失: 2.28 | 验证损失: 2.53
2025-11-27 18:40:01,989 - INFO -   mAP@0.5: 0.7520
2025-11-27 18:40:01,989 - INFO -   mAP@0.5:0.95: 0.4935
2025-11-27 18:40:01,989 - INFO - Epoch 16:
2025-11-27 18:40:01,989 - INFO -   训练损失: 2.26 | 验证损失: 2.57
2025-11-27 18:40:01,989 - INFO -   mAP@0.5: 0.7359
2025-11-27 18:40:01,989 - INFO -   mAP@0.5:0.95: 0.4831
2025-11-27 18:40:01,989 - INFO - Epoch 17:
2025-11-27 18:40:01,989 - INFO -   训练损失: 2.24 | 验证损失: 2.45
2025-11-27 18:40:01,989 - INFO -   mAP@0.5: 0.7701
2025-11-27 18:40:01,989 - INFO -   mAP@0.5:0.95: 0.5157
2025-11-27 18:40:01,989 - INFO - Epoch 18:
2025-11-27 18:40:01,989 - INFO -   训练损失: 2.24 | 验证损失: 2.48
2025-11-27 18:40:01,989 - INFO -   mAP@0.5: 0.7707
2025-11-27 18:40:01,989 - INFO -   mAP@0.5:0.95: 0.5107
2025-11-27 18:40:01,989 - INFO - Epoch 19:
2025-11-27 18:40:01,990 - INFO -   训练损失: 2.24 | 验证损失: 2.86
2025-11-27 18:40:01,990 - INFO -   mAP@0.5: 0.6516
2025-11-27 18:40:01,990 - INFO -   mAP@0.5:0.95: 0.4003
2025-11-27 18:40:01,990 - INFO - Epoch 20:
2025-11-27 18:40:01,990 - INFO -   训练损失: 2.22 | 验证损失: 2.35
2025-11-27 18:40:01,990 - INFO -   mAP@0.5: 0.8018
2025-11-27 18:40:01,990 - INFO -   mAP@0.5:0.95: 0.5560
2025-11-27 18:40:01,990 - INFO - Epoch 21:
2025-11-27 18:40:01,990 - INFO -   训练损失: 2.21 | 验证损失: 2.42
2025-11-27 18:40:01,990 - INFO -   mAP@0.5: 0.7850
2025-11-27 18:40:01,990 - INFO -   mAP@0.5:0.95: 0.5345
2025-11-27 18:40:01,990 - INFO - Epoch 22:
2025-11-27 18:40:01,990 - INFO -   训练损失: 2.20 | 验证损失: 2.44
2025-11-27 18:40:01,990 - INFO -   mAP@0.5: 0.7669
2025-11-27 18:40:01,990 - INFO -   mAP@0.5:0.95: 0.5162
2025-11-27 18:40:01,990 - INFO - Epoch 23:
2025-11-27 18:40:01,990 - INFO -   训练损失: 2.19 | 验证损失: 2.54
2025-11-27 18:40:01,990 - INFO -   mAP@0.5: 0.7652
2025-11-27 18:40:01,990 - INFO -   mAP@0.5:0.95: 0.5046
2025-11-27 18:40:01,990 - INFO - Epoch 24:
2025-11-27 18:40:01,990 - INFO -   训练损失: 2.18 | 验证损失: 2.47
2025-11-27 18:40:01,990 - INFO -   mAP@0.5: 0.7474
2025-11-27 18:40:01,990 - INFO -   mAP@0.5:0.95: 0.4993
2025-11-27 18:40:01,990 - INFO - Epoch 25:
2025-11-27 18:40:01,990 - INFO -   训练损失: 2.18 | 验证损失: 2.43
2025-11-27 18:40:01,990 - INFO -   mAP@0.5: 0.7824
2025-11-27 18:40:01,990 - INFO -   mAP@0.5:0.95: 0.5336
2025-11-27 18:40:01,990 - INFO - Epoch 26:
2025-11-27 18:40:01,991 - INFO -   训练损失: 2.18 | 验证损失: 2.85
2025-11-27 18:40:01,991 - INFO -   mAP@0.5: 0.5825
2025-11-27 18:40:01,991 - INFO -   mAP@0.5:0.95: 0.3555
2025-11-27 18:40:01,991 - INFO - Epoch 27:
2025-11-27 18:40:01,991 - INFO -   训练损失: 2.18 | 验证损失: 2.48
2025-11-27 18:40:01,991 - INFO -   mAP@0.5: 0.7712
2025-11-27 18:40:01,991 - INFO -   mAP@0.5:0.95: 0.5132
2025-11-27 18:40:01,991 - INFO - Epoch 28:
2025-11-27 18:40:01,991 - INFO -   训练损失: 2.17 | 验证损失: 2.41
2025-11-27 18:40:01,991 - INFO -   mAP@0.5: 0.8105
2025-11-27 18:40:01,991 - INFO -   mAP@0.5:0.95: 0.5490
2025-11-27 18:40:01,991 - INFO - Epoch 29:
2025-11-27 18:40:01,991 - INFO -   训练损失: 2.15 | 验证损失: 2.44
2025-11-27 18:40:01,991 - INFO -   mAP@0.5: 0.7828
2025-11-27 18:40:01,991 - INFO -   mAP@0.5:0.95: 0.5318
2025-11-27 18:40:01,991 - INFO - Epoch 30:
2025-11-27 18:40:01,991 - INFO -   训练损失: 2.14 | 验证损失: 2.41
2025-11-27 18:40:01,991 - INFO -   mAP@0.5: 0.7846
2025-11-27 18:40:01,991 - INFO -   mAP@0.5:0.95: 0.5332
2025-11-27 18:40:01,991 - INFO - Epoch 31:
2025-11-27 18:40:01,991 - INFO -   训练损失: 2.13 | 验证损失: 2.36
2025-11-27 18:40:01,991 - INFO -   mAP@0.5: 0.7936
2025-11-27 18:40:01,991 - INFO -   mAP@0.5:0.95: 0.5468
2025-11-27 18:40:01,991 - INFO - Epoch 32:
2025-11-27 18:40:01,991 - INFO -   训练损失: 2.14 | 验证损失: 2.40
2025-11-27 18:40:01,991 - INFO -   mAP@0.5: 0.7917
2025-11-27 18:40:01,991 - INFO -   mAP@0.5:0.95: 0.5403
2025-11-27 18:40:01,991 - INFO - Epoch 33:
2025-11-27 18:40:01,991 - INFO -   训练损失: 2.13 | 验证损失: 2.45
2025-11-27 18:40:01,992 - INFO -   mAP@0.5: 0.7762
2025-11-27 18:40:01,992 - INFO -   mAP@0.5:0.95: 0.5174
2025-11-27 18:40:01,992 - INFO - Epoch 34:
2025-11-27 18:40:01,992 - INFO -   训练损失: 2.13 | 验证损失: 2.42
2025-11-27 18:40:01,992 - INFO -   mAP@0.5: 0.7878
2025-11-27 18:40:01,992 - INFO -   mAP@0.5:0.95: 0.5366
2025-11-27 18:40:01,992 - INFO - Epoch 35:
2025-11-27 18:40:01,992 - INFO -   训练损失: 2.13 | 验证损失: 2.33
2025-11-27 18:40:01,992 - INFO -   mAP@0.5: 0.8106
2025-11-27 18:40:01,992 - INFO -   mAP@0.5:0.95: 0.5632
2025-11-27 18:40:01,992 - INFO - Epoch 36:
2025-11-27 18:40:01,992 - INFO -   训练损失: 2.12 | 验证损失: 2.41
2025-11-27 18:40:01,992 - INFO -   mAP@0.5: 0.7764
2025-11-27 18:40:01,992 - INFO -   mAP@0.5:0.95: 0.5239
2025-11-27 18:40:01,992 - INFO - Epoch 37:
2025-11-27 18:40:01,992 - INFO -   训练损失: 2.12 | 验证损失: 2.34
2025-11-27 18:40:01,992 - INFO -   mAP@0.5: 0.7983
2025-11-27 18:40:01,992 - INFO -   mAP@0.5:0.95: 0.5526
2025-11-27 18:40:01,992 - INFO - Epoch 38:
2025-11-27 18:40:01,992 - INFO -   训练损失: 2.11 | 验证损失: 2.32
2025-11-27 18:40:01,992 - INFO -   mAP@0.5: 0.8067
2025-11-27 18:40:01,992 - INFO -   mAP@0.5:0.95: 0.5655
2025-11-27 18:40:01,992 - INFO - Epoch 39:
2025-11-27 18:40:01,992 - INFO -   训练损失: 2.11 | 验证损失: 2.34
2025-11-27 18:40:01,992 - INFO -   mAP@0.5: 0.8087
2025-11-27 18:40:01,992 - INFO -   mAP@0.5:0.95: 0.5614
2025-11-27 18:40:01,992 - INFO - Epoch 40:
2025-11-27 18:40:01,992 - INFO -   训练损失: 2.09 | 验证损失: 2.40
2025-11-27 18:40:01,992 - INFO -   mAP@0.5: 0.7954
2025-11-27 18:40:01,993 - INFO -   mAP@0.5:0.95: 0.5403
2025-11-27 18:40:01,993 - INFO - Epoch 41:
2025-11-27 18:40:01,993 - INFO -   训练损失: 2.10 | 验证损失: 2.46
2025-11-27 18:40:01,993 - INFO -   mAP@0.5: 0.8008
2025-11-27 18:40:01,993 - INFO -   mAP@0.5:0.95: 0.5365
2025-11-27 18:40:01,993 - INFO - Epoch 42:
2025-11-27 18:40:01,993 - INFO -   训练损失: 2.10 | 验证损失: 2.34
2025-11-27 18:40:01,993 - INFO -   mAP@0.5: 0.8108
2025-11-27 18:40:01,993 - INFO -   mAP@0.5:0.95: 0.5586
2025-11-27 18:40:01,993 - INFO - Epoch 43:
2025-11-27 18:40:01,993 - INFO -   训练损失: 2.09 | 验证损失: 2.29
2025-11-27 18:40:01,993 - INFO -   mAP@0.5: 0.8178
2025-11-27 18:40:01,993 - INFO -   mAP@0.5:0.95: 0.5742
2025-11-27 18:40:01,993 - INFO - Epoch 44:
2025-11-27 18:40:01,993 - INFO -   训练损失: 2.09 | 验证损失: 2.30
2025-11-27 18:40:01,993 - INFO -   mAP@0.5: 0.8165
2025-11-27 18:40:01,993 - INFO -   mAP@0.5:0.95: 0.5727
2025-11-27 18:40:01,993 - INFO - Epoch 45:
2025-11-27 18:40:01,993 - INFO -   训练损失: 2.09 | 验证损失: 2.38
2025-11-27 18:40:01,993 - INFO -   mAP@0.5: 0.8010
2025-11-27 18:40:01,993 - INFO -   mAP@0.5:0.95: 0.5434
2025-11-27 18:40:01,993 - INFO - Epoch 46:
2025-11-27 18:40:01,993 - INFO -   训练损失: 2.08 | 验证损失: 2.45
2025-11-27 18:40:01,993 - INFO -   mAP@0.5: 0.7898
2025-11-27 18:40:01,993 - INFO -   mAP@0.5:0.95: 0.5295
2025-11-27 18:40:01,993 - INFO - Epoch 47:
2025-11-27 18:40:01,993 - INFO -   训练损失: 2.08 | 验证损失: 2.35
2025-11-27 18:40:01,993 - INFO -   mAP@0.5: 0.8038
2025-11-27 18:40:01,994 - INFO -   mAP@0.5:0.95: 0.5571
2025-11-27 18:40:01,994 - INFO - Epoch 48:
2025-11-27 18:40:01,994 - INFO -   训练损失: 2.08 | 验证损失: 2.37
2025-11-27 18:40:01,994 - INFO -   mAP@0.5: 0.8080
2025-11-27 18:40:01,994 - INFO -   mAP@0.5:0.95: 0.5498
2025-11-27 18:40:01,994 - INFO - Epoch 49:
2025-11-27 18:40:01,994 - INFO -   训练损失: 2.07 | 验证损失: 2.35
2025-11-27 18:40:01,994 - INFO -   mAP@0.5: 0.8144
2025-11-27 18:40:01,994 - INFO -   mAP@0.5:0.95: 0.5627
2025-11-27 18:40:01,994 - INFO - Epoch 50:
2025-11-27 18:40:01,994 - INFO -   训练损失: 2.07 | 验证损失: 2.35
2025-11-27 18:40:01,994 - INFO -   mAP@0.5: 0.8129
2025-11-27 18:40:01,994 - INFO -   mAP@0.5:0.95: 0.5612
2025-11-27 18:40:01,994 - INFO - Epoch 51:
2025-11-27 18:40:01,994 - INFO -   训练损失: 2.06 | 验证损失: 2.37
2025-11-27 18:40:01,994 - INFO -   mAP@0.5: 0.8034
2025-11-27 18:40:01,994 - INFO -   mAP@0.5:0.95: 0.5524
2025-11-27 18:40:01,994 - INFO - Epoch 52:
2025-11-27 18:40:01,994 - INFO -   训练损失: 2.06 | 验证损失: 2.38
2025-11-27 18:40:01,994 - INFO -   mAP@0.5: 0.8074
2025-11-27 18:40:01,994 - INFO -   mAP@0.5:0.95: 0.5509
2025-11-27 18:40:01,994 - INFO - Epoch 53:
2025-11-27 18:40:01,994 - INFO -   训练损失: 2.05 | 验证损失: 2.32
2025-11-27 18:40:01,994 - INFO -   mAP@0.5: 0.8314
2025-11-27 18:40:01,994 - INFO -   mAP@0.5:0.95: 0.5746
2025-11-27 18:40:01,994 - INFO - Epoch 54:
2025-11-27 18:40:01,994 - INFO -   训练损失: 2.06 | 验证损失: 2.29
2025-11-27 18:40:01,994 - INFO -   mAP@0.5: 0.8211
2025-11-27 18:40:01,994 - INFO -   mAP@0.5:0.95: 0.5716
2025-11-27 18:40:01,995 - INFO - Epoch 55:
2025-11-27 18:40:01,995 - INFO -   训练损失: 2.04 | 验证损失: 2.36
2025-11-27 18:40:01,995 - INFO -   mAP@0.5: 0.8030
2025-11-27 18:40:01,995 - INFO -   mAP@0.5:0.95: 0.5605
2025-11-27 18:40:01,995 - INFO - Epoch 56:
2025-11-27 18:40:01,995 - INFO -   训练损失: 2.06 | 验证损失: 2.33
2025-11-27 18:40:01,995 - INFO -   mAP@0.5: 0.8129
2025-11-27 18:40:01,995 - INFO -   mAP@0.5:0.95: 0.5678
2025-11-27 18:40:01,995 - INFO - Epoch 57:
2025-11-27 18:40:01,995 - INFO -   训练损失: 2.05 | 验证损失: 2.34
2025-11-27 18:40:01,995 - INFO -   mAP@0.5: 0.8142
2025-11-27 18:40:01,995 - INFO -   mAP@0.5:0.95: 0.5637
2025-11-27 18:40:01,995 - INFO - Epoch 58:
2025-11-27 18:40:01,995 - INFO -   训练损失: 2.04 | 验证损失: 2.33
2025-11-27 18:40:01,995 - INFO -   mAP@0.5: 0.8174
2025-11-27 18:40:01,995 - INFO -   mAP@0.5:0.95: 0.5673
2025-11-27 18:40:01,995 - INFO - Epoch 59:
2025-11-27 18:40:01,995 - INFO -   训练损失: 2.04 | 验证损失: 2.35
2025-11-27 18:40:01,995 - INFO -   mAP@0.5: 0.8123
2025-11-27 18:40:01,995 - INFO -   mAP@0.5:0.95: 0.5616
2025-11-27 18:40:01,995 - INFO - Epoch 60:
2025-11-27 18:40:01,995 - INFO -   训练损失: 2.05 | 验证损失: 2.33
2025-11-27 18:40:01,995 - INFO -   mAP@0.5: 0.8174
2025-11-27 18:40:01,995 - INFO -   mAP@0.5:0.95: 0.5649
2025-11-27 18:40:01,995 - INFO - Epoch 61:
2025-11-27 18:40:01,995 - INFO -   训练损失: 2.03 | 验证损失: 2.29
2025-11-27 18:40:01,995 - INFO -   mAP@0.5: 0.8248
2025-11-27 18:40:01,995 - INFO -   mAP@0.5:0.95: 0.5762
2025-11-27 18:40:01,996 - INFO - Epoch 62:
2025-11-27 18:40:01,996 - INFO -   训练损失: 2.03 | 验证损失: 2.29
2025-11-27 18:40:01,996 - INFO -   mAP@0.5: 0.8278
2025-11-27 18:40:01,996 - INFO -   mAP@0.5:0.95: 0.5789
2025-11-27 18:40:01,996 - INFO - Epoch 63:
2025-11-27 18:40:01,996 - INFO -   训练损失: 2.03 | 验证损失: 2.30
2025-11-27 18:40:01,996 - INFO -   mAP@0.5: 0.8173
2025-11-27 18:40:01,996 - INFO -   mAP@0.5:0.95: 0.5726
2025-11-27 18:40:01,996 - INFO - Epoch 64:
2025-11-27 18:40:01,996 - INFO -   训练损失: 2.03 | 验证损失: 2.29
2025-11-27 18:40:01,996 - INFO -   mAP@0.5: 0.8256
2025-11-27 18:40:01,996 - INFO -   mAP@0.5:0.95: 0.5775
2025-11-27 18:40:01,996 - INFO - Epoch 65:
2025-11-27 18:40:01,996 - INFO -   训练损失: 2.02 | 验证损失: 2.28
2025-11-27 18:40:01,996 - INFO -   mAP@0.5: 0.8284
2025-11-27 18:40:01,996 - INFO -   mAP@0.5:0.95: 0.5803
2025-11-27 18:40:01,996 - INFO - Epoch 66:
2025-11-27 18:40:01,996 - INFO -   训练损失: 2.02 | 验证损失: 2.32
2025-11-27 18:40:01,996 - INFO -   mAP@0.5: 0.8169
2025-11-27 18:40:01,996 - INFO -   mAP@0.5:0.95: 0.5659
2025-11-27 18:40:01,996 - INFO - Epoch 67:
2025-11-27 18:40:01,996 - INFO -   训练损失: 2.02 | 验证损失: 2.28
2025-11-27 18:40:01,996 - INFO -   mAP@0.5: 0.8295
2025-11-27 18:40:01,996 - INFO -   mAP@0.5:0.95: 0.5843
2025-11-27 18:40:01,996 - INFO - Epoch 68:
2025-11-27 18:40:01,996 - INFO -   训练损失: 2.02 | 验证损失: 2.30
2025-11-27 18:40:01,996 - INFO -   mAP@0.5: 0.8241
2025-11-27 18:40:01,996 - INFO -   mAP@0.5:0.95: 0.5742
2025-11-27 18:40:01,997 - INFO - Epoch 69:
2025-11-27 18:40:01,997 - INFO -   训练损失: 2.01 | 验证损失: 2.29
2025-11-27 18:40:01,997 - INFO -   mAP@0.5: 0.8240
2025-11-27 18:40:01,997 - INFO -   mAP@0.5:0.95: 0.5782
2025-11-27 18:40:01,997 - INFO - Epoch 70:
2025-11-27 18:40:01,997 - INFO -   训练损失: 2.02 | 验证损失: 2.37
2025-11-27 18:40:01,997 - INFO -   mAP@0.5: 0.8092
2025-11-27 18:40:01,997 - INFO -   mAP@0.5:0.95: 0.5551
2025-11-27 18:40:01,997 - INFO - Epoch 71:
2025-11-27 18:40:01,997 - INFO -   训练损失: 2.00 | 验证损失: 2.32
2025-11-27 18:40:01,997 - INFO -   mAP@0.5: 0.8138
2025-11-27 18:40:01,997 - INFO -   mAP@0.5:0.95: 0.5669
2025-11-27 18:40:01,997 - INFO - Epoch 72:
2025-11-27 18:40:01,997 - INFO -   训练损失: 2.00 | 验证损失: 2.34
2025-11-27 18:40:01,997 - INFO -   mAP@0.5: 0.8154
2025-11-27 18:40:01,997 - INFO -   mAP@0.5:0.95: 0.5635
2025-11-27 18:40:01,997 - INFO - Epoch 73:
2025-11-27 18:40:01,997 - INFO -   训练损失: 2.00 | 验证损失: 2.36
2025-11-27 18:40:01,997 - INFO -   mAP@0.5: 0.8102
2025-11-27 18:40:01,997 - INFO -   mAP@0.5:0.95: 0.5567
2025-11-27 18:40:01,997 - INFO - Epoch 74:
2025-11-27 18:40:01,997 - INFO -   训练损失: 1.99 | 验证损失: 2.33
2025-11-27 18:40:01,997 - INFO -   mAP@0.5: 0.8067
2025-11-27 18:40:01,997 - INFO -   mAP@0.5:0.95: 0.5583
2025-11-27 18:40:01,997 - INFO - Epoch 75:
2025-11-27 18:40:01,997 - INFO -   训练损失: 2.00 | 验证损失: 2.32
2025-11-27 18:40:01,997 - INFO -   mAP@0.5: 0.8181
2025-11-27 18:40:01,997 - INFO -   mAP@0.5:0.95: 0.5673
2025-11-27 18:40:01,997 - INFO - Epoch 76:
2025-11-27 18:40:01,998 - INFO -   训练损失: 1.99 | 验证损失: 2.29
2025-11-27 18:40:01,998 - INFO -   mAP@0.5: 0.8259
2025-11-27 18:40:01,998 - INFO -   mAP@0.5:0.95: 0.5792
2025-11-27 18:40:01,998 - INFO - Epoch 77:
2025-11-27 18:40:01,998 - INFO -   训练损失: 2.00 | 验证损失: 2.35
2025-11-27 18:40:01,998 - INFO -   mAP@0.5: 0.8115
2025-11-27 18:40:01,998 - INFO -   mAP@0.5:0.95: 0.5612
2025-11-27 18:40:01,998 - INFO - Epoch 78:
2025-11-27 18:40:01,998 - INFO -   训练损失: 2.00 | 验证损失: 2.33
2025-11-27 18:40:01,998 - INFO -   mAP@0.5: 0.8215
2025-11-27 18:40:01,998 - INFO -   mAP@0.5:0.95: 0.5664
2025-11-27 18:40:01,998 - INFO - Epoch 79:
2025-11-27 18:40:01,998 - INFO -   训练损失: 1.99 | 验证损失: 2.35
2025-11-27 18:40:01,998 - INFO -   mAP@0.5: 0.8160
2025-11-27 18:40:01,998 - INFO -   mAP@0.5:0.95: 0.5608
2025-11-27 18:40:01,998 - INFO - Epoch 80:
2025-11-27 18:40:01,998 - INFO -   训练损失: 1.99 | 验证损失: 2.32
2025-11-27 18:40:01,998 - INFO -   mAP@0.5: 0.8205
2025-11-27 18:40:01,998 - INFO -   mAP@0.5:0.95: 0.5700
2025-11-27 18:40:01,998 - INFO - Epoch 81:
2025-11-27 18:40:01,998 - INFO -   训练损失: 1.99 | 验证损失: 2.34
2025-11-27 18:40:01,998 - INFO -   mAP@0.5: 0.8177
2025-11-27 18:40:01,998 - INFO -   mAP@0.5:0.95: 0.5665
2025-11-27 18:40:01,998 - INFO - Epoch 82:
2025-11-27 18:40:01,998 - INFO -   训练损失: 1.98 | 验证损失: 2.34
2025-11-27 18:40:01,998 - INFO -   mAP@0.5: 0.8164
2025-11-27 18:40:01,998 - INFO -   mAP@0.5:0.95: 0.5637
2025-11-27 18:40:01,998 - INFO - Epoch 83:
2025-11-27 18:40:01,998 - INFO -   训练损失: 1.97 | 验证损失: 2.36
2025-11-27 18:40:01,999 - INFO -   mAP@0.5: 0.8127
2025-11-27 18:40:01,999 - INFO -   mAP@0.5:0.95: 0.5590
2025-11-27 18:40:01,999 - INFO - Epoch 84:
2025-11-27 18:40:01,999 - INFO -   训练损失: 1.97 | 验证损失: 2.32
2025-11-27 18:40:01,999 - INFO -   mAP@0.5: 0.8202
2025-11-27 18:40:01,999 - INFO -   mAP@0.5:0.95: 0.5726
2025-11-27 18:40:01,999 - INFO - Epoch 85:
2025-11-27 18:40:01,999 - INFO -   训练损失: 1.98 | 验证损失: 2.36
2025-11-27 18:40:01,999 - INFO -   mAP@0.5: 0.8119
2025-11-27 18:40:01,999 - INFO -   mAP@0.5:0.95: 0.5559
2025-11-27 18:40:01,999 - INFO - Epoch 86:
2025-11-27 18:40:01,999 - INFO -   训练损失: 1.97 | 验证损失: 2.38
2025-11-27 18:40:01,999 - INFO -   mAP@0.5: 0.8069
2025-11-27 18:40:01,999 - INFO -   mAP@0.5:0.95: 0.5552
2025-11-27 18:40:01,999 - INFO - Epoch 87:
2025-11-27 18:40:01,999 - INFO -   训练损失: 1.97 | 验证损失: 2.35
2025-11-27 18:40:01,999 - INFO -   mAP@0.5: 0.8166
2025-11-27 18:40:01,999 - INFO -   mAP@0.5:0.95: 0.5648
2025-11-27 18:40:01,999 - INFO - Epoch 88:
2025-11-27 18:40:01,999 - INFO -   训练损失: 1.97 | 验证损失: 2.31
2025-11-27 18:40:01,999 - INFO -   mAP@0.5: 0.8204
2025-11-27 18:40:01,999 - INFO -   mAP@0.5:0.95: 0.5744
2025-11-27 18:40:01,999 - INFO - Epoch 89:
2025-11-27 18:40:01,999 - INFO -   训练损失: 1.97 | 验证损失: 2.33
2025-11-27 18:40:01,999 - INFO -   mAP@0.5: 0.8162
2025-11-27 18:40:01,999 - INFO -   mAP@0.5:0.95: 0.5698
2025-11-27 18:40:01,999 - INFO - Epoch 90:
2025-11-27 18:40:01,999 - INFO -   训练损失: 1.97 | 验证损失: 2.30
2025-11-27 18:40:02,000 - INFO -   mAP@0.5: 0.8270
2025-11-27 18:40:02,000 - INFO -   mAP@0.5:0.95: 0.5786
2025-11-27 18:40:02,000 - INFO - Epoch 91:
2025-11-27 18:40:02,000 - INFO -   训练损失: 1.96 | 验证损失: 2.31
2025-11-27 18:40:02,000 - INFO -   mAP@0.5: 0.8205
2025-11-27 18:40:02,000 - INFO -   mAP@0.5:0.95: 0.5735
2025-11-27 18:40:02,000 - INFO - Epoch 92:
2025-11-27 18:40:02,000 - INFO -   训练损失: 1.95 | 验证损失: 2.32
2025-11-27 18:40:02,000 - INFO -   mAP@0.5: 0.8221
2025-11-27 18:40:02,000 - INFO -   mAP@0.5:0.95: 0.5722
2025-11-27 18:40:02,000 - INFO - Epoch 93:
2025-11-27 18:40:02,000 - INFO -   训练损失: 1.96 | 验证损失: 2.32
2025-11-27 18:40:02,000 - INFO -   mAP@0.5: 0.8227
2025-11-27 18:40:02,000 - INFO -   mAP@0.5:0.95: 0.5740
2025-11-27 18:40:02,000 - INFO - Epoch 94:
2025-11-27 18:40:02,000 - INFO -   训练损失: 1.96 | 验证损失: 2.32
2025-11-27 18:40:02,000 - INFO -   mAP@0.5: 0.8200
2025-11-27 18:40:02,000 - INFO -   mAP@0.5:0.95: 0.5702
2025-11-27 18:40:02,000 - INFO - Epoch 95:
2025-11-27 18:40:02,000 - INFO -   训练损失: 1.95 | 验证损失: 2.31
2025-11-27 18:40:02,000 - INFO -   mAP@0.5: 0.8234
2025-11-27 18:40:02,000 - INFO -   mAP@0.5:0.95: 0.5737
2025-11-27 18:40:02,000 - INFO - Epoch 96:
2025-11-27 18:40:02,000 - INFO -   训练损失: 1.95 | 验证损失: 2.33
2025-11-27 18:40:02,000 - INFO -   mAP@0.5: 0.8197
2025-11-27 18:40:02,000 - INFO -   mAP@0.5:0.95: 0.5701
2025-11-27 18:40:02,000 - INFO - Epoch 97:
2025-11-27 18:40:02,000 - INFO -   训练损失: 1.94 | 验证损失: 2.37
2025-11-27 18:40:02,001 - INFO -   mAP@0.5: 0.8119
2025-11-27 18:40:02,001 - INFO -   mAP@0.5:0.95: 0.5564
2025-11-27 18:40:02,001 - INFO - Epoch 98:
2025-11-27 18:40:02,001 - INFO -   训练损失: 1.95 | 验证损失: 2.35
2025-11-27 18:40:02,001 - INFO -   mAP@0.5: 0.8138
2025-11-27 18:40:02,001 - INFO -   mAP@0.5:0.95: 0.5610
2025-11-27 18:40:02,001 - INFO - Epoch 99:
2025-11-27 18:40:02,001 - INFO -   训练损失: 1.94 | 验证损失: 2.32
2025-11-27 18:40:02,001 - INFO -   mAP@0.5: 0.8210
2025-11-27 18:40:02,001 - INFO -   mAP@0.5:0.95: 0.5673
2025-11-27 18:40:02,001 - INFO - Epoch 100:
2025-11-27 18:40:02,001 - INFO -   训练损失: 1.94 | 验证损失: 2.31
2025-11-27 18:40:02,001 - INFO -   mAP@0.5: 0.8247
2025-11-27 18:40:02,001 - INFO -   mAP@0.5:0.95: 0.5734
2025-11-27 18:40:02,001 - INFO - Epoch 101:
2025-11-27 18:40:02,001 - INFO -   训练损失: 1.93 | 验证损失: 2.31
2025-11-27 18:40:02,001 - INFO -   mAP@0.5: 0.8235
2025-11-27 18:40:02,001 - INFO -   mAP@0.5:0.95: 0.5729
2025-11-27 18:40:02,001 - INFO - Epoch 102:
2025-11-27 18:40:02,001 - INFO -   训练损失: 1.94 | 验证损失: 2.32
2025-11-27 18:40:02,001 - INFO -   mAP@0.5: 0.8148
2025-11-27 18:40:02,001 - INFO -   mAP@0.5:0.95: 0.5653
2025-11-27 18:40:02,001 - INFO - ================================================================================
2025-11-27 18:40:02,466 - INFO - ✓ 训练曲线已保存到: logs/yolo_v8s_20251127_181059/training_curves.png
2025-11-27 18:40:02,477 - INFO - ✓ 已创建统一命名的最佳模型: logs/yolo_v8s_20251127_181059/best_model.pth
2025-11-27 18:40:02,488 - INFO - ✓ 已创建统一命名的最新检查点: logs/yolo_v8s_20251127_181059/latest_checkpoint.pth
2025-11-27 18:40:02,488 - INFO - ✓ 已创建统一命名的训练历史: logs/yolo_v8s_20251127_181059/training_history.csv
2025-11-27 18:40:02,488 - INFO - ✓ 最佳模型: logs/yolo_v8s_20251127_181059/best_model.pth
2025-11-27 18:40:02,488 - INFO - ✓ 最佳mAP@0.5:0.95: 0.5843
2025-11-27 18:40:02,488 - INFO - ✓ 最佳mAP@0.5: 0.8295
2025-11-27 18:40:02,488 - INFO - ✓ 所有输出已保存到: logs/yolo_v8s_20251127_181059
2025-11-27 18:40:02,488 - INFO - ================================================================================
