2025-12-16 12:24:13,783 - INFO - ✓ 配置已保存到: logs/yolo_v8m_20251216_122413/config.yaml
2025-12-16 12:24:13,784 - INFO - ✓ 初始化YOLOv8训练器
2025-12-16 12:24:13,784 - INFO -   类别数量: 8
2025-12-16 12:24:13,784 - INFO -   类别: Car, Truck, Van, Bus, Pedestrian, Cyclist, Motorcyclist, Trafficcone
2025-12-16 12:24:13,785 - INFO - ✓ 配置已保存到: logs/yolo_v8m_20251216_122413/config.yaml
2025-12-16 12:24:13,785 - INFO - ================================================================================
2025-12-16 12:24:13,785 - INFO - 🚀 开始YOLOv8训练
2025-12-16 12:24:13,785 - INFO - ================================================================================
2025-12-16 12:24:13,786 - INFO - ✓ 加载预训练权重: /root/autodl-tmp/DSET/experiments/yolov8/pretrained/yolov8m.pt
2025-12-16 12:24:13,889 - INFO -   模型将在训练时自动适配 8 类（从data.yaml读取）
2025-12-16 12:24:13,889 - INFO - 📝 训练配置:
2025-12-16 12:24:13,889 - INFO -   数据集路径: /root/autodl-tmp/datasets/DAIR-V2X_YOLO/dairv2x.yaml
2025-12-16 12:24:13,889 - INFO -   训练轮数: 200
2025-12-16 12:24:13,889 - INFO -   批次大小: 16
2025-12-16 12:24:13,889 - INFO -   优化器: auto
2025-12-16 12:24:13,889 - INFO -   初始学习率: 0.01
2025-12-16 12:24:13,889 - INFO -   Weight decay: 0.0005
2025-12-16 12:24:13,889 - INFO -   输出目录: logs/yolo_v8m_20251216_122413
2025-12-16 12:24:13,889 - INFO -   预训练权重: pretrained/yolov8m.pt
2025-12-16 12:24:13,889 - INFO - ================================================================================
2025-12-16 12:24:13,889 - INFO - 训练配置摘要:
2025-12-16 12:24:13,889 - INFO -   - 训练轮数: 200
2025-12-16 12:24:13,889 - INFO -   - 批次大小: 16
2025-12-16 12:24:13,889 - INFO -   - 优化器: auto
2025-12-16 12:24:13,889 - INFO -   - 初始学习率: 0.01
2025-12-16 12:24:13,889 - INFO -   - Weight decay: 0.0005
2025-12-16 12:24:13,889 - INFO -   - Warmup轮数: 3.0
2025-12-16 12:24:13,889 - INFO -   - 设备: cuda
2025-12-16 12:24:13,889 - INFO - ================================================================================
2025-12-16 12:24:13,889 - INFO - 开始训练 200 epochs
2025-12-16 14:10:11,119 - INFO - ================================================================================
2025-12-16 14:10:11,119 - INFO - ✅ 训练完成！
2025-12-16 14:10:11,119 - INFO - ================================================================================
2025-12-16 14:10:11,125 - INFO - ================================================================================
2025-12-16 14:10:11,126 - INFO - 训练过程摘要（按RT-DETR格式）:
2025-12-16 14:10:11,126 - INFO - ================================================================================
2025-12-16 14:10:11,126 - INFO - Epoch 1:
2025-12-16 14:10:11,126 - INFO -   训练损失: 2.99 | 验证损失: 2.39
2025-12-16 14:10:11,126 - INFO -   mAP@0.5: 0.8607
2025-12-16 14:10:11,126 - INFO -   mAP@0.5:0.95: 0.6391
2025-12-16 14:10:11,126 - INFO - Epoch 2:
2025-12-16 14:10:11,126 - INFO -   训练损失: 2.43 | 验证损失: 2.42
2025-12-16 14:10:11,126 - INFO -   mAP@0.5: 0.8809
2025-12-16 14:10:11,126 - INFO -   mAP@0.5:0.95: 0.6501
2025-12-16 14:10:11,126 - INFO - Epoch 3:
2025-12-16 14:10:11,126 - INFO -   训练损失: 2.46 | 验证损失: 2.43
2025-12-16 14:10:11,126 - INFO -   mAP@0.5: 0.8810
2025-12-16 14:10:11,126 - INFO -   mAP@0.5:0.95: 0.6517
2025-12-16 14:10:11,126 - INFO - Epoch 4:
2025-12-16 14:10:11,126 - INFO -   训练损失: 2.44 | 验证损失: 2.38
2025-12-16 14:10:11,126 - INFO -   mAP@0.5: 0.8938
2025-12-16 14:10:11,126 - INFO -   mAP@0.5:0.95: 0.6690
2025-12-16 14:10:11,126 - INFO - Epoch 5:
2025-12-16 14:10:11,126 - INFO -   训练损失: 2.37 | 验证损失: 2.34
2025-12-16 14:10:11,126 - INFO -   mAP@0.5: 0.9017
2025-12-16 14:10:11,126 - INFO -   mAP@0.5:0.95: 0.6777
2025-12-16 14:10:11,126 - INFO - Epoch 6:
2025-12-16 14:10:11,127 - INFO -   训练损失: 2.33 | 验证损失: 2.32
2025-12-16 14:10:11,127 - INFO -   mAP@0.5: 0.9034
2025-12-16 14:10:11,127 - INFO -   mAP@0.5:0.95: 0.6800
2025-12-16 14:10:11,127 - INFO - Epoch 7:
2025-12-16 14:10:11,127 - INFO -   训练损失: 2.31 | 验证损失: 2.31
2025-12-16 14:10:11,127 - INFO -   mAP@0.5: 0.9033
2025-12-16 14:10:11,127 - INFO -   mAP@0.5:0.95: 0.6825
2025-12-16 14:10:11,127 - INFO - Epoch 8:
2025-12-16 14:10:11,127 - INFO -   训练损失: 2.29 | 验证损失: 2.29
2025-12-16 14:10:11,127 - INFO -   mAP@0.5: 0.8979
2025-12-16 14:10:11,127 - INFO -   mAP@0.5:0.95: 0.6799
2025-12-16 14:10:11,127 - INFO - Epoch 9:
2025-12-16 14:10:11,127 - INFO -   训练损失: 2.27 | 验证损失: 2.27
2025-12-16 14:10:11,127 - INFO -   mAP@0.5: 0.9093
2025-12-16 14:10:11,127 - INFO -   mAP@0.5:0.95: 0.6955
2025-12-16 14:10:11,127 - INFO - Epoch 10:
2025-12-16 14:10:11,127 - INFO -   训练损失: 2.25 | 验证损失: 2.28
2025-12-16 14:10:11,127 - INFO -   mAP@0.5: 0.9034
2025-12-16 14:10:11,127 - INFO -   mAP@0.5:0.95: 0.6870
2025-12-16 14:10:11,127 - INFO - Epoch 11:
2025-12-16 14:10:11,127 - INFO -   训练损失: 2.24 | 验证损失: 2.27
2025-12-16 14:10:11,127 - INFO -   mAP@0.5: 0.9065
2025-12-16 14:10:11,127 - INFO -   mAP@0.5:0.95: 0.6909
2025-12-16 14:10:11,127 - INFO - Epoch 12:
2025-12-16 14:10:11,127 - INFO -   训练损失: 2.23 | 验证损失: 2.25
2025-12-16 14:10:11,127 - INFO -   mAP@0.5: 0.9104
2025-12-16 14:10:11,127 - INFO -   mAP@0.5:0.95: 0.6982
2025-12-16 14:10:11,128 - INFO - Epoch 13:
2025-12-16 14:10:11,128 - INFO -   训练损失: 2.22 | 验证损失: 2.24
2025-12-16 14:10:11,128 - INFO -   mAP@0.5: 0.9098
2025-12-16 14:10:11,128 - INFO -   mAP@0.5:0.95: 0.6999
2025-12-16 14:10:11,128 - INFO - Epoch 14:
2025-12-16 14:10:11,128 - INFO -   训练损失: 2.21 | 验证损失: 2.26
2025-12-16 14:10:11,128 - INFO -   mAP@0.5: 0.9018
2025-12-16 14:10:11,128 - INFO -   mAP@0.5:0.95: 0.6887
2025-12-16 14:10:11,128 - INFO - Epoch 15:
2025-12-16 14:10:11,128 - INFO -   训练损失: 2.20 | 验证损失: 2.25
2025-12-16 14:10:11,128 - INFO -   mAP@0.5: 0.9063
2025-12-16 14:10:11,128 - INFO -   mAP@0.5:0.95: 0.6921
2025-12-16 14:10:11,128 - INFO - Epoch 16:
2025-12-16 14:10:11,128 - INFO -   训练损失: 2.19 | 验证损失: 2.24
2025-12-16 14:10:11,128 - INFO -   mAP@0.5: 0.9119
2025-12-16 14:10:11,128 - INFO -   mAP@0.5:0.95: 0.7006
2025-12-16 14:10:11,128 - INFO - Epoch 17:
2025-12-16 14:10:11,128 - INFO -   训练损失: 2.18 | 验证损失: 2.23
2025-12-16 14:10:11,128 - INFO -   mAP@0.5: 0.9099
2025-12-16 14:10:11,128 - INFO -   mAP@0.5:0.95: 0.7014
2025-12-16 14:10:11,128 - INFO - Epoch 18:
2025-12-16 14:10:11,128 - INFO -   训练损失: 2.18 | 验证损失: 2.25
2025-12-16 14:10:11,128 - INFO -   mAP@0.5: 0.8958
2025-12-16 14:10:11,128 - INFO -   mAP@0.5:0.95: 0.6891
2025-12-16 14:10:11,128 - INFO - Epoch 19:
2025-12-16 14:10:11,128 - INFO -   训练损失: 2.17 | 验证损失: 2.24
2025-12-16 14:10:11,128 - INFO -   mAP@0.5: 0.9052
2025-12-16 14:10:11,128 - INFO -   mAP@0.5:0.95: 0.6960
2025-12-16 14:10:11,128 - INFO - Epoch 20:
2025-12-16 14:10:11,129 - INFO -   训练损失: 2.17 | 验证损失: 2.24
2025-12-16 14:10:11,129 - INFO -   mAP@0.5: 0.9064
2025-12-16 14:10:11,129 - INFO -   mAP@0.5:0.95: 0.6955
2025-12-16 14:10:11,129 - INFO - Epoch 21:
2025-12-16 14:10:11,129 - INFO -   训练损失: 2.16 | 验证损失: 2.22
2025-12-16 14:10:11,129 - INFO -   mAP@0.5: 0.9095
2025-12-16 14:10:11,129 - INFO -   mAP@0.5:0.95: 0.7006
2025-12-16 14:10:11,129 - INFO - Epoch 22:
2025-12-16 14:10:11,129 - INFO -   训练损失: 2.15 | 验证损失: 2.25
2025-12-16 14:10:11,129 - INFO -   mAP@0.5: 0.9099
2025-12-16 14:10:11,129 - INFO -   mAP@0.5:0.95: 0.6941
2025-12-16 14:10:11,129 - INFO - Epoch 23:
2025-12-16 14:10:11,129 - INFO -   训练损失: 2.15 | 验证损失: 2.22
2025-12-16 14:10:11,129 - INFO -   mAP@0.5: 0.9101
2025-12-16 14:10:11,129 - INFO -   mAP@0.5:0.95: 0.7027
2025-12-16 14:10:11,129 - INFO - Epoch 24:
2025-12-16 14:10:11,129 - INFO -   训练损失: 2.15 | 验证损失: 2.22
2025-12-16 14:10:11,129 - INFO -   mAP@0.5: 0.9074
2025-12-16 14:10:11,129 - INFO -   mAP@0.5:0.95: 0.6992
2025-12-16 14:10:11,129 - INFO - Epoch 25:
2025-12-16 14:10:11,129 - INFO -   训练损失: 2.14 | 验证损失: 2.25
2025-12-16 14:10:11,129 - INFO -   mAP@0.5: 0.9043
2025-12-16 14:10:11,129 - INFO -   mAP@0.5:0.95: 0.6918
2025-12-16 14:10:11,129 - INFO - Epoch 26:
2025-12-16 14:10:11,129 - INFO -   训练损失: 2.13 | 验证损失: 2.22
2025-12-16 14:10:11,129 - INFO -   mAP@0.5: 0.9133
2025-12-16 14:10:11,129 - INFO -   mAP@0.5:0.95: 0.7061
2025-12-16 14:10:11,129 - INFO - Epoch 27:
2025-12-16 14:10:11,129 - INFO -   训练损失: 2.13 | 验证损失: 2.24
2025-12-16 14:10:11,129 - INFO -   mAP@0.5: 0.9113
2025-12-16 14:10:11,130 - INFO -   mAP@0.5:0.95: 0.7007
2025-12-16 14:10:11,130 - INFO - Epoch 28:
2025-12-16 14:10:11,130 - INFO -   训练损失: 2.13 | 验证损失: 2.21
2025-12-16 14:10:11,130 - INFO -   mAP@0.5: 0.9127
2025-12-16 14:10:11,130 - INFO -   mAP@0.5:0.95: 0.7042
2025-12-16 14:10:11,130 - INFO - Epoch 29:
2025-12-16 14:10:11,130 - INFO -   训练损失: 2.12 | 验证损失: 2.22
2025-12-16 14:10:11,130 - INFO -   mAP@0.5: 0.9107
2025-12-16 14:10:11,130 - INFO -   mAP@0.5:0.95: 0.7013
2025-12-16 14:10:11,130 - INFO - Epoch 30:
2025-12-16 14:10:11,130 - INFO -   训练损失: 2.12 | 验证损失: 2.20
2025-12-16 14:10:11,130 - INFO -   mAP@0.5: 0.9145
2025-12-16 14:10:11,130 - INFO -   mAP@0.5:0.95: 0.7077
2025-12-16 14:10:11,130 - INFO - Epoch 31:
2025-12-16 14:10:11,130 - INFO -   训练损失: 2.12 | 验证损失: 2.22
2025-12-16 14:10:11,130 - INFO -   mAP@0.5: 0.9068
2025-12-16 14:10:11,130 - INFO -   mAP@0.5:0.95: 0.7002
2025-12-16 14:10:11,130 - INFO - Epoch 32:
2025-12-16 14:10:11,130 - INFO -   训练损失: 2.11 | 验证损失: 2.21
2025-12-16 14:10:11,130 - INFO -   mAP@0.5: 0.9115
2025-12-16 14:10:11,130 - INFO -   mAP@0.5:0.95: 0.7038
2025-12-16 14:10:11,130 - INFO - Epoch 33:
2025-12-16 14:10:11,130 - INFO -   训练损失: 2.11 | 验证损失: 2.21
2025-12-16 14:10:11,130 - INFO -   mAP@0.5: 0.9141
2025-12-16 14:10:11,130 - INFO -   mAP@0.5:0.95: 0.7057
2025-12-16 14:10:11,130 - INFO - Epoch 34:
2025-12-16 14:10:11,130 - INFO -   训练损失: 2.10 | 验证损失: 2.20
2025-12-16 14:10:11,130 - INFO -   mAP@0.5: 0.9137
2025-12-16 14:10:11,130 - INFO -   mAP@0.5:0.95: 0.7081
2025-12-16 14:10:11,131 - INFO - Epoch 35:
2025-12-16 14:10:11,131 - INFO -   训练损失: 2.10 | 验证损失: 2.19
2025-12-16 14:10:11,131 - INFO -   mAP@0.5: 0.9184
2025-12-16 14:10:11,131 - INFO -   mAP@0.5:0.95: 0.7122
2025-12-16 14:10:11,131 - INFO - Epoch 36:
2025-12-16 14:10:11,131 - INFO -   训练损失: 2.10 | 验证损失: 2.22
2025-12-16 14:10:11,131 - INFO -   mAP@0.5: 0.9084
2025-12-16 14:10:11,131 - INFO -   mAP@0.5:0.95: 0.7021
2025-12-16 14:10:11,131 - INFO - Epoch 37:
2025-12-16 14:10:11,131 - INFO -   训练损失: 2.10 | 验证损失: 2.20
2025-12-16 14:10:11,131 - INFO -   mAP@0.5: 0.9110
2025-12-16 14:10:11,131 - INFO -   mAP@0.5:0.95: 0.7058
2025-12-16 14:10:11,131 - INFO - Epoch 38:
2025-12-16 14:10:11,131 - INFO -   训练损失: 2.09 | 验证损失: 2.20
2025-12-16 14:10:11,131 - INFO -   mAP@0.5: 0.9148
2025-12-16 14:10:11,131 - INFO -   mAP@0.5:0.95: 0.7116
2025-12-16 14:10:11,131 - INFO - Epoch 39:
2025-12-16 14:10:11,131 - INFO -   训练损失: 2.09 | 验证损失: 2.20
2025-12-16 14:10:11,131 - INFO -   mAP@0.5: 0.9156
2025-12-16 14:10:11,131 - INFO -   mAP@0.5:0.95: 0.7113
2025-12-16 14:10:11,131 - INFO - Epoch 40:
2025-12-16 14:10:11,131 - INFO -   训练损失: 2.09 | 验证损失: 2.22
2025-12-16 14:10:11,131 - INFO -   mAP@0.5: 0.9112
2025-12-16 14:10:11,131 - INFO -   mAP@0.5:0.95: 0.7031
2025-12-16 14:10:11,131 - INFO - Epoch 41:
2025-12-16 14:10:11,131 - INFO -   训练损失: 2.09 | 验证损失: 2.18
2025-12-16 14:10:11,131 - INFO -   mAP@0.5: 0.9131
2025-12-16 14:10:11,131 - INFO -   mAP@0.5:0.95: 0.7098
2025-12-16 14:10:11,132 - INFO - Epoch 42:
2025-12-16 14:10:11,132 - INFO -   训练损失: 2.08 | 验证损失: 2.20
2025-12-16 14:10:11,132 - INFO -   mAP@0.5: 0.9018
2025-12-16 14:10:11,132 - INFO -   mAP@0.5:0.95: 0.7005
2025-12-16 14:10:11,132 - INFO - Epoch 43:
2025-12-16 14:10:11,132 - INFO -   训练损失: 2.08 | 验证损失: 2.19
2025-12-16 14:10:11,132 - INFO -   mAP@0.5: 0.9119
2025-12-16 14:10:11,132 - INFO -   mAP@0.5:0.95: 0.7096
2025-12-16 14:10:11,132 - INFO - Epoch 44:
2025-12-16 14:10:11,132 - INFO -   训练损失: 2.08 | 验证损失: 2.20
2025-12-16 14:10:11,132 - INFO -   mAP@0.5: 0.9120
2025-12-16 14:10:11,132 - INFO -   mAP@0.5:0.95: 0.7074
2025-12-16 14:10:11,132 - INFO - Epoch 45:
2025-12-16 14:10:11,132 - INFO -   训练损失: 2.08 | 验证损失: 2.18
2025-12-16 14:10:11,132 - INFO -   mAP@0.5: 0.9165
2025-12-16 14:10:11,132 - INFO -   mAP@0.5:0.95: 0.7167
2025-12-16 14:10:11,132 - INFO - Epoch 46:
2025-12-16 14:10:11,132 - INFO -   训练损失: 2.07 | 验证损失: 2.19
2025-12-16 14:10:11,132 - INFO -   mAP@0.5: 0.9143
2025-12-16 14:10:11,132 - INFO -   mAP@0.5:0.95: 0.7103
2025-12-16 14:10:11,132 - INFO - Epoch 47:
2025-12-16 14:10:11,132 - INFO -   训练损失: 2.07 | 验证损失: 2.20
2025-12-16 14:10:11,132 - INFO -   mAP@0.5: 0.9146
2025-12-16 14:10:11,132 - INFO -   mAP@0.5:0.95: 0.7113
2025-12-16 14:10:11,132 - INFO - Epoch 48:
2025-12-16 14:10:11,132 - INFO -   训练损失: 2.07 | 验证损失: 2.21
2025-12-16 14:10:11,132 - INFO -   mAP@0.5: 0.9056
2025-12-16 14:10:11,132 - INFO -   mAP@0.5:0.95: 0.7022
2025-12-16 14:10:11,132 - INFO - Epoch 49:
2025-12-16 14:10:11,133 - INFO -   训练损失: 2.07 | 验证损失: 2.18
2025-12-16 14:10:11,133 - INFO -   mAP@0.5: 0.9129
2025-12-16 14:10:11,133 - INFO -   mAP@0.5:0.95: 0.7127
2025-12-16 14:10:11,133 - INFO - Epoch 50:
2025-12-16 14:10:11,133 - INFO -   训练损失: 2.06 | 验证损失: 2.20
2025-12-16 14:10:11,133 - INFO -   mAP@0.5: 0.9081
2025-12-16 14:10:11,133 - INFO -   mAP@0.5:0.95: 0.7059
2025-12-16 14:10:11,133 - INFO - Epoch 51:
2025-12-16 14:10:11,133 - INFO -   训练损失: 2.06 | 验证损失: 2.18
2025-12-16 14:10:11,133 - INFO -   mAP@0.5: 0.9164
2025-12-16 14:10:11,133 - INFO -   mAP@0.5:0.95: 0.7155
2025-12-16 14:10:11,133 - INFO - Epoch 52:
2025-12-16 14:10:11,133 - INFO -   训练损失: 2.05 | 验证损失: 2.21
2025-12-16 14:10:11,133 - INFO -   mAP@0.5: 0.9088
2025-12-16 14:10:11,133 - INFO -   mAP@0.5:0.95: 0.7029
2025-12-16 14:10:11,133 - INFO - Epoch 53:
2025-12-16 14:10:11,133 - INFO -   训练损失: 2.05 | 验证损失: 2.18
2025-12-16 14:10:11,133 - INFO -   mAP@0.5: 0.9170
2025-12-16 14:10:11,133 - INFO -   mAP@0.5:0.95: 0.7132
2025-12-16 14:10:11,133 - INFO - Epoch 54:
2025-12-16 14:10:11,133 - INFO -   训练损失: 2.06 | 验证损失: 2.18
2025-12-16 14:10:11,133 - INFO -   mAP@0.5: 0.9169
2025-12-16 14:10:11,133 - INFO -   mAP@0.5:0.95: 0.7145
2025-12-16 14:10:11,133 - INFO - Epoch 55:
2025-12-16 14:10:11,133 - INFO -   训练损失: 2.05 | 验证损失: 2.19
2025-12-16 14:10:11,133 - INFO -   mAP@0.5: 0.9135
2025-12-16 14:10:11,133 - INFO -   mAP@0.5:0.95: 0.7106
2025-12-16 14:10:11,133 - INFO - Epoch 56:
2025-12-16 14:10:11,133 - INFO -   训练损失: 2.05 | 验证损失: 2.18
2025-12-16 14:10:11,133 - INFO -   mAP@0.5: 0.9154
2025-12-16 14:10:11,134 - INFO -   mAP@0.5:0.95: 0.7125
2025-12-16 14:10:11,134 - INFO - Epoch 57:
2025-12-16 14:10:11,134 - INFO -   训练损失: 2.04 | 验证损失: 2.18
2025-12-16 14:10:11,134 - INFO -   mAP@0.5: 0.9152
2025-12-16 14:10:11,134 - INFO -   mAP@0.5:0.95: 0.7122
2025-12-16 14:10:11,134 - INFO - Epoch 58:
2025-12-16 14:10:11,134 - INFO -   训练损失: 2.04 | 验证损失: 2.18
2025-12-16 14:10:11,134 - INFO -   mAP@0.5: 0.9152
2025-12-16 14:10:11,134 - INFO -   mAP@0.5:0.95: 0.7144
2025-12-16 14:10:11,134 - INFO - Epoch 59:
2025-12-16 14:10:11,134 - INFO -   训练损失: 2.04 | 验证损失: 2.18
2025-12-16 14:10:11,134 - INFO -   mAP@0.5: 0.9132
2025-12-16 14:10:11,134 - INFO -   mAP@0.5:0.95: 0.7127
2025-12-16 14:10:11,134 - INFO - Epoch 60:
2025-12-16 14:10:11,134 - INFO -   训练损失: 2.04 | 验证损失: 2.17
2025-12-16 14:10:11,134 - INFO -   mAP@0.5: 0.9152
2025-12-16 14:10:11,134 - INFO -   mAP@0.5:0.95: 0.7159
2025-12-16 14:10:11,134 - INFO - Epoch 61:
2025-12-16 14:10:11,134 - INFO -   训练损失: 2.04 | 验证损失: 2.18
2025-12-16 14:10:11,134 - INFO -   mAP@0.5: 0.9169
2025-12-16 14:10:11,134 - INFO -   mAP@0.5:0.95: 0.7151
2025-12-16 14:10:11,134 - INFO - Epoch 62:
2025-12-16 14:10:11,134 - INFO -   训练损失: 2.03 | 验证损失: 2.19
2025-12-16 14:10:11,134 - INFO -   mAP@0.5: 0.9113
2025-12-16 14:10:11,134 - INFO -   mAP@0.5:0.95: 0.7107
2025-12-16 14:10:11,134 - INFO - Epoch 63:
2025-12-16 14:10:11,134 - INFO -   训练损失: 2.03 | 验证损失: 2.18
2025-12-16 14:10:11,134 - INFO -   mAP@0.5: 0.9158
2025-12-16 14:10:11,134 - INFO -   mAP@0.5:0.95: 0.7150
2025-12-16 14:10:11,135 - INFO - Epoch 64:
2025-12-16 14:10:11,135 - INFO -   训练损失: 2.02 | 验证损失: 2.19
2025-12-16 14:10:11,135 - INFO -   mAP@0.5: 0.9128
2025-12-16 14:10:11,135 - INFO -   mAP@0.5:0.95: 0.7121
2025-12-16 14:10:11,135 - INFO - Epoch 65:
2025-12-16 14:10:11,135 - INFO -   训练损失: 2.02 | 验证损失: 2.19
2025-12-16 14:10:11,135 - INFO -   mAP@0.5: 0.9101
2025-12-16 14:10:11,135 - INFO -   mAP@0.5:0.95: 0.7073
2025-12-16 14:10:11,135 - INFO - ================================================================================
2025-12-16 14:10:11,649 - INFO - ✓ 训练曲线已保存到: logs/yolo_v8m_20251216_122413/training_curves.png
2025-12-16 14:10:11,673 - INFO - ✓ 已创建统一命名的最佳模型: logs/yolo_v8m_20251216_122413/best_model.pth
2025-12-16 14:10:11,695 - INFO - ✓ 已创建统一命名的最新检查点: logs/yolo_v8m_20251216_122413/latest_checkpoint.pth
2025-12-16 14:10:11,695 - INFO - ✓ 已创建统一命名的训练历史: logs/yolo_v8m_20251216_122413/training_history.csv
2025-12-16 14:10:11,695 - INFO - ✓ 最佳模型: logs/yolo_v8m_20251216_122413/best_model.pth
2025-12-16 14:10:11,696 - INFO - ✓ 最佳mAP@0.5:0.95: 0.7169
2025-12-16 14:10:11,696 - INFO - ✓ 最佳mAP@0.5: 0.9168
2025-12-16 14:10:11,696 - INFO - ✓ 所有输出已保存到: logs/yolo_v8m_20251216_122413
2025-12-16 14:10:11,696 - INFO - ================================================================================
