2025-12-01 14:00:55,228 - INFO - ✓ 配置已保存到: logs/yolo_v10l_20251201_140055/config.yaml
2025-12-01 14:00:55,229 - INFO - ✓ 初始化YOLOv10训练器
2025-12-01 14:00:55,229 - INFO -   类别数量: 8
2025-12-01 14:00:55,229 - INFO -   类别: Car, Truck, Van, Bus, Pedestrian, Cyclist, Motorcyclist, Trafficcone
2025-12-01 14:00:55,230 - INFO - ✓ 配置已保存到: logs/yolo_v10l_20251201_140055/config.yaml
2025-12-01 14:00:55,230 - INFO - ================================================================================
2025-12-01 14:00:55,230 - INFO - 🚀 开始YOLOv10训练
2025-12-01 14:00:55,230 - INFO - ================================================================================
2025-12-01 14:00:55,230 - WARNING - ⚠️  预训练权重文件不存在: /root/autodl-tmp/DSET/experiments/yolov10/pretrained/yolov10l.pt
2025-12-01 14:00:55,230 - INFO -    将使用模型名称自动加载: yolov10l.pt
2025-12-01 14:04:36,180 - INFO -   模型将在训练时自动适配 8 类（从data.yaml读取）
2025-12-01 14:04:36,182 - INFO - 📝 训练配置:
2025-12-01 14:04:36,182 - INFO -   数据集路径: /root/autodl-fs/datasets/DAIR-V2X_YOLO/dairv2x.yaml
2025-12-01 14:04:36,182 - INFO -   训练轮数: 200
2025-12-01 14:04:36,182 - INFO -   批次大小: 16
2025-12-01 14:04:36,182 - INFO -   优化器: auto
2025-12-01 14:04:36,182 - INFO -   初始学习率: 0.01
2025-12-01 14:04:36,182 - INFO -   Weight decay: 0.0005
2025-12-01 14:04:36,182 - INFO -   输出目录: logs/yolo_v10l_20251201_140055
2025-12-01 14:04:36,182 - INFO -   预训练权重: pretrained/yolov10l.pt
2025-12-01 14:04:36,182 - INFO - ================================================================================
2025-12-01 14:04:36,182 - INFO - 训练配置摘要:
2025-12-01 14:04:36,182 - INFO -   - 训练轮数: 200
2025-12-01 14:04:36,182 - INFO -   - 批次大小: 16
2025-12-01 14:04:36,182 - INFO -   - 优化器: auto
2025-12-01 14:04:36,182 - INFO -   - 初始学习率: 0.01
2025-12-01 14:04:36,182 - INFO -   - Weight decay: 0.0005
2025-12-01 14:04:36,182 - INFO -   - Warmup轮数: 3.0
2025-12-01 14:04:36,182 - INFO -   - 设备: cuda
2025-12-01 14:04:36,182 - INFO - ================================================================================
2025-12-01 14:04:36,182 - INFO - 开始训练 200 epochs
