2025-12-23 22:31:31,531 - WARNING - 预训练权重文件不存在: pretrained/rtdetrv2_r18vd_120e_coco_rerun_48.1.pth
2025-12-23 22:31:31,531 - INFO - 将从随机初始化开始训练
2025-12-23 22:31:31,703 - INFO - ✓ 已启用GPU优化: cudnn.benchmark=True, TF32=True
2025-12-23 22:31:31,703 - INFO - ✓ 创建DSET RT-DETR模型
2025-12-23 22:31:31,703 - INFO -   Decoder专家数量: 6
2025-12-23 22:31:31,703 - INFO -   Backbone: presnet18
2025-12-23 22:31:31,703 - INFO -   Encoder: in_channels=[128, 256, 512], expansion=0.5, num_layers=1
2025-12-23 22:31:31,703 - INFO -   Encoder MoE设计: 层间共享
2025-12-23 22:31:31,703 - INFO -   双稀疏配置（DSET核心特性，必然启用）:
2025-12-23 22:31:31,703 - INFO -     - Patch-MoE: 启用 (experts=6, top_k=1, patch_size=1)
2025-12-23 22:31:31,703 - INFO -     - Patch-level Pruning: 启用（与 Patch-MoE 兼容）
2025-12-23 22:31:31,703 - INFO -       → keep_ratio={2: 0.3}, warmup=10
2025-12-23 22:31:31,703 - INFO -   损失权重配置:
2025-12-23 22:31:31,703 - INFO -     - Token Pruning Loss: False (weight=0.005)
2025-12-23 22:31:31,703 - INFO -     - CASS Supervision: True (weight=0.05, expansion=0.8, min_size=2.0)
2025-12-23 22:31:31,703 - INFO -     - Decoder MoE: 0.01
2025-12-23 22:31:31,703 - INFO -     - Encoder MoE: 0.001
2025-12-23 22:31:31,780 - INFO - ✓ 创建数据加载器
2025-12-23 22:31:31,780 - INFO -   训练集: 5042 | 验证集: 2016
2025-12-23 22:31:31,780 - INFO -   数据加载配置: num_workers=16, prefetch_factor=4, pin_memory=True
2025-12-23 22:31:31,782 - INFO - ✓ 预训练参数组: 150 个参数, lr=1e-05
2025-12-23 22:31:31,782 - INFO - ✓ Norm层参数组: 116 个参数, lr=0.0001, wd=0
2025-12-23 22:31:31,783 - INFO - ✓ 新参数组: 19 个参数, lr=0.0001
2025-12-23 22:31:31,784 - INFO - ✓ 使用CosineAnnealingLR调度器 (eta_min=1e-06)
2025-12-23 22:31:31,784 - INFO - ✓ 学习率预热 3 epochs
2025-12-23 22:31:31,821 - INFO - ⏱️  Early Stopping: 启用 (patience=20, metric=mAP_0.5_0.95, mode=max)
2025-12-23 22:31:31,821 - INFO - 推理输出目录: logs/dset6_r18_20251223_223131/inference_samples
2025-12-23 22:31:31,939 - WARNING - 预训练权重文件不存在: pretrained/rtdetrv2_r18vd_120e_coco_rerun_48.1.pth
2025-12-23 22:31:31,940 - INFO - 将从随机初始化开始训练
2025-12-23 22:31:31,970 - INFO - ✓ 已启用GPU优化: cudnn.benchmark=True, TF32=True
2025-12-23 22:31:31,970 - INFO - ✓ 创建DSET RT-DETR模型
2025-12-23 22:31:31,970 - INFO -   Decoder专家数量: 6
2025-12-23 22:31:31,970 - INFO -   Backbone: presnet18
2025-12-23 22:31:31,970 - INFO -   Encoder: in_channels=[128, 256, 512], expansion=0.5, num_layers=1
2025-12-23 22:31:31,971 - INFO -   Encoder MoE设计: 层间共享
2025-12-23 22:31:31,971 - INFO -   双稀疏配置（DSET核心特性，必然启用）:
2025-12-23 22:31:31,971 - INFO -     - Patch-MoE: 启用 (experts=6, top_k=1, patch_size=1)
2025-12-23 22:31:31,971 - INFO -     - Patch-level Pruning: 启用（与 Patch-MoE 兼容）
2025-12-23 22:31:31,971 - INFO -       → keep_ratio={2: 0.3}, warmup=10
2025-12-23 22:31:31,971 - INFO -   损失权重配置:
2025-12-23 22:31:31,971 - INFO -     - Token Pruning Loss: False (weight=0.005)
2025-12-23 22:31:31,971 - INFO -     - CASS Supervision: True (weight=0.05, expansion=0.8, min_size=2.0)
2025-12-23 22:31:31,971 - INFO -     - Decoder MoE: 0.01
2025-12-23 22:31:31,971 - INFO -     - Encoder MoE: 0.001
