2025-11-22 16:18:40,291 - INFO - 从本地文件加载预训练权重: pretrained/rtdetrv2_r34vd_120e_coco_ema.pth
2025-11-22 16:18:40,385 - INFO - ✓ 检测到EMA checkpoint格式
2025-11-22 16:18:40,398 - INFO - ✓ 成功加载预训练权重: 594/654 个参数
2025-11-22 16:18:40,398 - INFO -   - 跳过类别相关参数: 11 个（COCO 80类 → DAIR-V2X 8类）
2025-11-22 16:18:40,399 - INFO -   - Backbone: 234 个参数
2025-11-22 16:18:40,399 - INFO -   - Encoder: 270 个参数
2025-11-22 16:18:40,399 - INFO -   - Decoder: 150 个参数
2025-11-22 16:18:40,399 - INFO -   - 预训练模型缺少参数: 60 个（当前模型新增）
2025-11-22 16:18:40,399 - INFO -     示例: ['encoder.token_pruners.0.importance_predictor.fc1.weight', 'encoder.token_pruners.0.importance_predictor.fc1.bias', 'encoder.token_pruners.0.importance_predictor.fc2.weight'] ...
2025-11-22 16:18:40,399 - INFO -   - 模型新增参数: 22 个（将随机初始化）
2025-11-22 16:18:40,602 - INFO - ✓ 已启用GPU优化: cudnn.benchmark=True, TF32=True
2025-11-22 16:18:40,602 - INFO - ✓ 创建DSET RT-DETR模型
2025-11-22 16:18:40,602 - INFO -   Decoder专家数量: 2
2025-11-22 16:18:40,602 - INFO -   Backbone: presnet34
2025-11-22 16:18:40,602 - INFO -   Encoder: in_channels=[128, 256, 512], expansion=0.5, num_layers=1
2025-11-22 16:18:40,602 - INFO -   Encoder MoE设计: 层间共享
2025-11-22 16:18:40,602 - INFO -   双稀疏配置（DSET核心特性，必然启用）:
2025-11-22 16:18:40,602 - INFO -     - Patch-MoE: 启用 (experts=2, top_k=1, patch_size=4)
2025-11-22 16:18:40,602 - INFO -     - Patch-level Pruning: 启用（与 Patch-MoE 兼容）
2025-11-22 16:18:40,602 - INFO -       → keep_ratio=0.6, warmup=10
2025-11-22 16:18:40,602 - INFO -   损失权重配置:
2025-11-22 16:18:40,602 - INFO -     - Token Pruning Loss: True (weight=0.01)
2025-11-22 16:18:40,602 - INFO -     - Decoder MoE: 0.1
2025-11-22 16:18:40,602 - INFO -     - Encoder MoE: 0.1
2025-11-22 16:18:42,530 - INFO - ✓ 创建数据加载器
2025-11-22 16:18:42,530 - INFO -   训练集: 5042 | 验证集: 2016
2025-11-22 16:18:42,536 - INFO - ✓ 预训练参数组: 181 个参数, lr=1e-05
2025-11-22 16:18:42,540 - INFO - ✓ Norm层参数组: 122 个参数, lr=0.0001, wd=0
2025-11-22 16:18:42,543 - INFO - ✓ 新参数组: 49 个参数, lr=0.0001
2025-11-22 16:18:42,544 - INFO - ✓ 使用CosineAnnealingLR调度器 (eta_min=1e-06)
2025-11-22 16:18:42,544 - INFO - ✓ 学习率预热 5 epochs
2025-11-22 16:18:42,653 - INFO - ⏱️  Early Stopping: 启用 (patience=35, metric=mAP_0.5_0.95, mode=max)
2025-11-22 16:18:42,655 - INFO - 推理输出目录: logs/dset2_r34_20251122_161840/inference_samples
2025-11-22 16:18:42,655 - INFO - 开始训练 200 epochs
2025-11-22 16:18:42,655 - INFO - ✓ 梯度裁剪: max_norm=10.0
2025-11-22 16:19:05,811 - INFO - Epoch 0 | Batch 0 | Loss: 47.34 (Det: 47.22, MoE: 1.2236)
2025-11-22 16:20:20,313 - INFO - Epoch 0 | Batch 50 | Loss: 25.35 (Det: 25.25, MoE: 1.0011)
2025-11-22 16:21:27,409 - INFO - Epoch 0:
2025-11-22 16:21:27,410 - INFO -   训练损失: 30.60 | 验证损失: 2.64
2025-11-22 16:21:27,410 - INFO -   (前30个epoch仅计算loss，跳过mAP评估)
2025-11-22 16:21:27,410 - INFO -   检测损失: 30.50
2025-11-22 16:21:27,410 - INFO -   Decoder MoE损失: 1.0055
2025-11-22 16:21:27,410 - INFO -   Encoder Patch-MoE Balance损失: 0.0203
2025-11-22 16:21:27,410 - INFO -   Encoder Patch-MoE Entropy损失: -0.6929
2025-11-22 16:21:27,410 - INFO -   Encoder MoE总损失: -0.6726
2025-11-22 16:21:27,410 - INFO -   Token Pruning损失: 0.007455
2025-11-22 16:21:27,410 - INFO -   MoE总损失: 1.0259
2025-11-22 16:21:27,410 - INFO -   Decoder专家使用率: [47.05%, 52.95%]
2025-11-22 16:21:27,410 - INFO -   🎉 新的最佳验证损失: 2.64
2025-11-22 16:21:28,107 - INFO - 💾 保存最新检查点: logs/dset2_r34_20251122_161840/latest_checkpoint.pth
2025-11-22 16:21:38,726 - INFO - Epoch 1 | Batch 0 | Loss: 23.66 (Det: 23.56, MoE: 1.0023)
2025-11-22 16:22:52,586 - INFO - Epoch 1 | Batch 50 | Loss: 20.64 (Det: 20.54, MoE: 1.0036)
2025-11-22 16:23:48,432 - INFO - Epoch 1:
2025-11-22 16:23:48,433 - INFO -   训练损失: 21.20 | 验证损失: 2.22
2025-11-22 16:23:48,433 - INFO -   (前30个epoch仅计算loss，跳过mAP评估)
2025-11-22 16:23:48,433 - INFO -   检测损失: 21.10
2025-11-22 16:23:48,433 - INFO -   Decoder MoE损失: 1.0003
2025-11-22 16:23:48,433 - INFO -   Encoder Patch-MoE Balance损失: 0.0040
2025-11-22 16:23:48,433 - INFO -   Encoder Patch-MoE Entropy损失: -0.6931
2025-11-22 16:23:48,433 - INFO -   Encoder MoE总损失: -0.6890
2025-11-22 16:23:48,433 - INFO -   Token Pruning损失: 0.003109
2025-11-22 16:23:48,433 - INFO -   MoE总损失: 1.0043
2025-11-22 16:23:48,433 - INFO -   Decoder专家使用率: [49.45%, 50.55%]
2025-11-22 16:23:48,433 - INFO -   🎉 新的最佳验证损失: 2.22
2025-11-22 16:23:49,194 - INFO - 💾 保存最新检查点: logs/dset2_r34_20251122_161840/latest_checkpoint.pth
2025-11-22 16:23:56,102 - INFO - Epoch 2 | Batch 0 | Loss: 18.97 (Det: 18.87, MoE: 1.0280)
2025-11-22 16:25:09,604 - INFO - Epoch 2 | Batch 50 | Loss: 17.18 (Det: 17.08, MoE: 1.0029)
2025-11-22 16:26:05,650 - INFO - Epoch 2:
2025-11-22 16:26:05,650 - INFO -   训练损失: 17.58 | 验证损失: 2.04
2025-11-22 16:26:05,650 - INFO -   (前30个epoch仅计算loss，跳过mAP评估)
2025-11-22 16:26:05,650 - INFO -   检测损失: 17.48
2025-11-22 16:26:05,650 - INFO -   Decoder MoE损失: 1.0001
2025-11-22 16:26:05,650 - INFO -   Encoder Patch-MoE Balance损失: 0.0109
2025-11-22 16:26:05,650 - INFO -   Encoder Patch-MoE Entropy损失: -0.6931
2025-11-22 16:26:05,650 - INFO -   Encoder MoE总损失: -0.6822
2025-11-22 16:26:05,650 - INFO -   Token Pruning损失: 0.002424
2025-11-22 16:26:05,650 - INFO -   MoE总损失: 1.0111
2025-11-22 16:26:05,650 - INFO -   Decoder专家使用率: [49.90%, 50.10%]
2025-11-22 16:26:05,650 - INFO -   🎉 新的最佳验证损失: 2.04
2025-11-22 16:26:06,429 - INFO - 💾 保存最新检查点: logs/dset2_r34_20251122_161840/latest_checkpoint.pth
2025-11-22 16:26:15,587 - INFO - Epoch 3 | Batch 0 | Loss: 16.06 (Det: 15.96, MoE: 1.0219)
2025-11-22 16:27:28,867 - INFO - Epoch 3 | Batch 50 | Loss: 14.52 (Det: 14.42, MoE: 1.0014)
2025-11-22 16:28:23,767 - INFO - Epoch 3:
2025-11-22 16:28:23,767 - INFO -   训练损失: 14.86 | 验证损失: 1.85
2025-11-22 16:28:23,767 - INFO -   (前30个epoch仅计算loss，跳过mAP评估)
2025-11-22 16:28:23,767 - INFO -   检测损失: 14.76
2025-11-22 16:28:23,767 - INFO -   Decoder MoE损失: 1.0002
2025-11-22 16:28:23,767 - INFO -   Encoder Patch-MoE Balance损失: 0.0377
2025-11-22 16:28:23,767 - INFO -   Encoder Patch-MoE Entropy损失: -0.6931
2025-11-22 16:28:23,767 - INFO -   Encoder MoE总损失: -0.6554
2025-11-22 16:28:23,767 - INFO -   Token Pruning损失: 0.001641
2025-11-22 16:28:23,767 - INFO -   MoE总损失: 1.0378
2025-11-22 16:28:23,767 - INFO -   Decoder专家使用率: [49.84%, 50.16%]
2025-11-22 16:28:23,767 - INFO -   🎉 新的最佳验证损失: 1.85
2025-11-22 16:28:24,527 - INFO - 💾 保存最新检查点: logs/dset2_r34_20251122_161840/latest_checkpoint.pth
2025-11-22 16:28:33,721 - INFO - Epoch 4 | Batch 0 | Loss: 13.89 (Det: 13.80, MoE: 1.0189)
2025-11-22 16:29:46,065 - INFO - Epoch 4 | Batch 50 | Loss: 12.89 (Det: 12.79, MoE: 1.0225)
2025-11-22 16:30:41,250 - INFO - Epoch 4:
2025-11-22 16:30:41,250 - INFO -   训练损失: 13.23 | 验证损失: 1.63
2025-11-22 16:30:41,250 - INFO -   (前30个epoch仅计算loss，跳过mAP评估)
2025-11-22 16:30:41,250 - INFO -   检测损失: 13.13
2025-11-22 16:30:41,250 - INFO -   Decoder MoE损失: 1.0002
2025-11-22 16:30:41,250 - INFO -   Encoder Patch-MoE Balance损失: 0.0335
2025-11-22 16:30:41,250 - INFO -   Encoder Patch-MoE Entropy损失: -0.6931
2025-11-22 16:30:41,250 - INFO -   Encoder MoE总损失: -0.6596
2025-11-22 16:30:41,251 - INFO -   Token Pruning损失: 0.001355
2025-11-22 16:30:41,251 - INFO -   MoE总损失: 1.0336
2025-11-22 16:30:41,251 - INFO -   Decoder专家使用率: [49.88%, 50.12%]
2025-11-22 16:30:41,251 - INFO -   🎉 新的最佳验证损失: 1.63
2025-11-22 16:30:42,058 - INFO - 💾 保存最新检查点: logs/dset2_r34_20251122_161840/latest_checkpoint.pth
2025-11-22 16:30:51,698 - INFO - Epoch 5 | Batch 0 | Loss: 12.87 (Det: 12.77, MoE: 1.0675)
2025-11-22 16:32:04,314 - INFO - Epoch 5 | Batch 50 | Loss: 12.26 (Det: 12.16, MoE: 1.0417)
2025-11-22 16:32:58,856 - INFO - Epoch 5:
2025-11-22 16:32:58,856 - INFO -   训练损失: 12.44 | 验证损失: 1.65
2025-11-22 16:32:58,856 - INFO -   (前30个epoch仅计算loss，跳过mAP评估)
2025-11-22 16:32:58,856 - INFO -   检测损失: 12.34
2025-11-22 16:32:58,856 - INFO -   Decoder MoE损失: 1.0009
2025-11-22 16:32:58,856 - INFO -   Encoder Patch-MoE Balance损失: 0.0745
2025-11-22 16:32:58,856 - INFO -   Encoder Patch-MoE Entropy损失: -0.6931
2025-11-22 16:32:58,856 - INFO -   Encoder MoE总损失: -0.6186
2025-11-22 16:32:58,856 - INFO -   Token Pruning损失: 0.001300
2025-11-22 16:32:58,856 - INFO -   MoE总损失: 1.0754
2025-11-22 16:32:58,856 - INFO -   Decoder专家使用率: [50.22%, 49.78%]
2025-11-22 16:32:59,666 - INFO - 💾 保存最新检查点: logs/dset2_r34_20251122_161840/latest_checkpoint.pth
2025-11-22 16:33:09,623 - INFO - Epoch 6 | Batch 0 | Loss: 12.05 (Det: 11.96, MoE: 1.0072)
2025-11-22 16:34:22,406 - INFO - Epoch 6 | Batch 50 | Loss: 11.79 (Det: 11.69, MoE: 1.0064)
2025-11-22 16:35:16,922 - INFO - Epoch 6:
2025-11-22 16:35:16,922 - INFO -   训练损失: 12.08 | 验证损失: 1.51
2025-11-22 16:35:16,922 - INFO -   (前30个epoch仅计算loss，跳过mAP评估)
2025-11-22 16:35:16,922 - INFO -   检测损失: 11.98
2025-11-22 16:35:16,922 - INFO -   Decoder MoE损失: 1.0003
2025-11-22 16:35:16,922 - INFO -   Encoder Patch-MoE Balance损失: 0.0574
2025-11-22 16:35:16,922 - INFO -   Encoder Patch-MoE Entropy损失: -0.6931
2025-11-22 16:35:16,922 - INFO -   Encoder MoE总损失: -0.6357
2025-11-22 16:35:16,922 - INFO -   Token Pruning损失: 0.001101
2025-11-22 16:35:16,922 - INFO -   MoE总损失: 1.0577
2025-11-22 16:35:16,922 - INFO -   Decoder专家使用率: [50.15%, 49.85%]
2025-11-22 16:35:16,922 - INFO -   🎉 新的最佳验证损失: 1.51
2025-11-22 16:35:17,697 - INFO - 💾 保存最新检查点: logs/dset2_r34_20251122_161840/latest_checkpoint.pth
2025-11-22 16:35:25,081 - INFO - Epoch 7 | Batch 0 | Loss: 12.19 (Det: 12.09, MoE: 1.0248)
2025-11-22 16:36:38,445 - INFO - Epoch 7 | Batch 50 | Loss: 12.22 (Det: 12.11, MoE: 1.1271)
2025-11-22 16:37:32,745 - INFO - Epoch 7:
2025-11-22 16:37:32,745 - INFO -   训练损失: 11.88 | 验证损失: 1.45
2025-11-22 16:37:32,745 - INFO -   (前30个epoch仅计算loss，跳过mAP评估)
2025-11-22 16:37:32,745 - INFO -   检测损失: 11.77
2025-11-22 16:37:32,745 - INFO -   Decoder MoE损失: 1.0005
2025-11-22 16:37:32,745 - INFO -   Encoder Patch-MoE Balance损失: 0.0536
2025-11-22 16:37:32,745 - INFO -   Encoder Patch-MoE Entropy损失: -0.6931
2025-11-22 16:37:32,745 - INFO -   Encoder MoE总损失: -0.6395
2025-11-22 16:37:32,746 - INFO -   Token Pruning损失: 0.001005
2025-11-22 16:37:32,746 - INFO -   MoE总损失: 1.0540
2025-11-22 16:37:32,746 - INFO -   Decoder专家使用率: [49.73%, 50.27%]
2025-11-22 16:37:32,746 - INFO -   🎉 新的最佳验证损失: 1.45
2025-11-22 16:37:33,693 - INFO - 💾 保存最新检查点: logs/dset2_r34_20251122_161840/latest_checkpoint.pth
2025-11-22 16:37:43,349 - INFO - Epoch 8 | Batch 0 | Loss: 11.34 (Det: 11.23, MoE: 1.1165)
2025-11-22 16:38:56,175 - INFO - Epoch 8 | Batch 50 | Loss: 11.92 (Det: 11.80, MoE: 1.1878)
2025-11-22 16:39:52,844 - INFO - Epoch 8:
2025-11-22 16:39:52,845 - INFO -   训练损失: 11.66 | 验证损失: 1.44
2025-11-22 16:39:52,845 - INFO -   (前30个epoch仅计算loss，跳过mAP评估)
2025-11-22 16:39:52,845 - INFO -   检测损失: 11.56
2025-11-22 16:39:52,845 - INFO -   Decoder MoE损失: 1.0005
2025-11-22 16:39:52,845 - INFO -   Encoder Patch-MoE Balance损失: 0.0757
2025-11-22 16:39:52,845 - INFO -   Encoder Patch-MoE Entropy损失: -0.6931
2025-11-22 16:39:52,845 - INFO -   Encoder MoE总损失: -0.6174
2025-11-22 16:39:52,845 - INFO -   Token Pruning损失: 0.001081
2025-11-22 16:39:52,845 - INFO -   MoE总损失: 1.0762
2025-11-22 16:39:52,845 - INFO -   Decoder专家使用率: [50.16%, 49.84%]
2025-11-22 16:39:52,845 - INFO -   🎉 新的最佳验证损失: 1.44
2025-11-22 16:39:53,699 - INFO - 💾 保存最新检查点: logs/dset2_r34_20251122_161840/latest_checkpoint.pth
2025-11-22 16:40:02,799 - INFO - Epoch 9 | Batch 0 | Loss: 11.52 (Det: 11.43, MoE: 1.0059)
2025-11-22 16:41:15,446 - INFO - Epoch 9 | Batch 50 | Loss: 11.05 (Det: 10.96, MoE: 1.0056)
2025-11-22 16:42:11,830 - INFO - Epoch 9:
2025-11-22 16:42:11,831 - INFO -   训练损失: 11.18 | 验证损失: 1.28
2025-11-22 16:42:11,831 - INFO -   (前30个epoch仅计算loss，跳过mAP评估)
2025-11-22 16:42:11,831 - INFO -   检测损失: 11.08
2025-11-22 16:42:11,831 - INFO -   Decoder MoE损失: 1.0005
2025-11-22 16:42:11,831 - INFO -   Encoder Patch-MoE Balance损失: 0.0394
2025-11-22 16:42:11,831 - INFO -   Encoder Patch-MoE Entropy损失: -0.6931
2025-11-22 16:42:11,831 - INFO -   Encoder MoE总损失: -0.6537
2025-11-22 16:42:11,831 - INFO -   Token Pruning损失: 0.000914
2025-11-22 16:42:11,831 - INFO -   MoE总损失: 1.0399
2025-11-22 16:42:11,831 - INFO -   Decoder专家使用率: [49.75%, 50.25%]
2025-11-22 16:42:11,831 - INFO -   🎉 新的最佳验证损失: 1.28
2025-11-22 16:42:12,580 - INFO - 💾 保存最新检查点: logs/dset2_r34_20251122_161840/latest_checkpoint.pth
2025-11-22 16:42:14,925 - INFO - [DEBUG] Epoch 10: pruner.current_epoch=10, pruner.pruning_enabled=True, pruner.warmup_epochs=10
2025-11-22 16:42:23,067 - INFO - Epoch 10 | Batch 0 | Loss: 11.53 (Det: 11.43, MoE: 1.0188)
2025-11-22 16:43:38,672 - INFO - Epoch 10 | Batch 50 | Loss: 10.73 (Det: 10.64, MoE: 1.0003)
2025-11-22 16:44:35,769 - INFO - Epoch 10:
2025-11-22 16:44:35,770 - INFO -   训练损失: 10.86 | 验证损失: 1.22
2025-11-22 16:44:35,770 - INFO -   (前30个epoch仅计算loss，跳过mAP评估)
2025-11-22 16:44:35,770 - INFO -   检测损失: 10.76
2025-11-22 16:44:35,770 - INFO -   Decoder MoE损失: 1.0002
2025-11-22 16:44:35,770 - INFO -   Encoder Patch-MoE Balance损失: 0.0355
2025-11-22 16:44:35,770 - INFO -   Encoder Patch-MoE Entropy损失: -0.6931
2025-11-22 16:44:35,770 - INFO -   Encoder MoE总损失: -0.6576
2025-11-22 16:44:35,770 - INFO -   Token Pruning损失: 0.000981
2025-11-22 16:44:35,770 - INFO -   MoE总损失: 1.0358
2025-11-22 16:44:35,770 - INFO -   Decoder专家使用率: [50.17%, 49.83%]
2025-11-22 16:44:35,770 - INFO -   🎉 新的最佳验证损失: 1.22
2025-11-22 16:44:36,531 - INFO - 💾 保存最新检查点: logs/dset2_r34_20251122_161840/latest_checkpoint.pth
2025-11-22 16:44:46,334 - INFO - Epoch 11 | Batch 0 | Loss: 10.41 (Det: 10.32, MoE: 1.0008)
2025-11-22 16:46:01,051 - INFO - Epoch 11 | Batch 50 | Loss: 10.45 (Det: 10.36, MoE: 1.0002)
2025-11-22 16:46:56,964 - INFO - Epoch 11:
2025-11-22 16:46:56,965 - INFO -   训练损失: 10.25 | 验证损失: 1.18
2025-11-22 16:46:56,965 - INFO -   (前30个epoch仅计算loss，跳过mAP评估)
2025-11-22 16:46:56,965 - INFO -   检测损失: 10.15
2025-11-22 16:46:56,965 - INFO -   Decoder MoE损失: 1.0001
2025-11-22 16:46:56,965 - INFO -   Encoder Patch-MoE Balance损失: 0.0127
2025-11-22 16:46:56,965 - INFO -   Encoder Patch-MoE Entropy损失: -0.6931
2025-11-22 16:46:56,965 - INFO -   Encoder MoE总损失: -0.6805
2025-11-22 16:46:56,965 - INFO -   Token Pruning损失: 0.000780
2025-11-22 16:46:56,965 - INFO -   MoE总损失: 1.0128
2025-11-22 16:46:56,965 - INFO -   Decoder专家使用率: [49.94%, 50.06%]
2025-11-22 16:46:56,965 - INFO -   🎉 新的最佳验证损失: 1.18
2025-11-22 16:46:57,744 - INFO - 💾 保存最新检查点: logs/dset2_r34_20251122_161840/latest_checkpoint.pth
2025-11-22 16:47:05,845 - INFO - Epoch 12 | Batch 0 | Loss: 9.92 (Det: 9.83, MoE: 1.0078)
2025-11-22 16:48:20,367 - INFO - Epoch 12 | Batch 50 | Loss: 9.87 (Det: 9.78, MoE: 1.0049)
2025-11-22 16:49:17,822 - INFO - Epoch 12:
2025-11-22 16:49:17,823 - INFO -   训练损失: 9.94 | 验证损失: 1.15
2025-11-22 16:49:17,823 - INFO -   (前30个epoch仅计算loss，跳过mAP评估)
2025-11-22 16:49:17,823 - INFO -   检测损失: 9.84
2025-11-22 16:49:17,823 - INFO -   Decoder MoE损失: 1.0001
2025-11-22 16:49:17,823 - INFO -   Encoder Patch-MoE Balance损失: 0.0070
2025-11-22 16:49:17,823 - INFO -   Encoder Patch-MoE Entropy损失: -0.6931
2025-11-22 16:49:17,823 - INFO -   Encoder MoE总损失: -0.6861
2025-11-22 16:49:17,823 - INFO -   Token Pruning损失: 0.000726
2025-11-22 16:49:17,823 - INFO -   MoE总损失: 1.0071
2025-11-22 16:49:17,823 - INFO -   Decoder专家使用率: [50.09%, 49.91%]
2025-11-22 16:49:17,823 - INFO -   🎉 新的最佳验证损失: 1.15
2025-11-22 16:49:18,574 - INFO - 💾 保存最新检查点: logs/dset2_r34_20251122_161840/latest_checkpoint.pth
2025-11-22 16:49:28,400 - INFO - Epoch 13 | Batch 0 | Loss: 9.87 (Det: 9.77, MoE: 1.0007)
2025-11-22 16:50:43,092 - INFO - Epoch 13 | Batch 50 | Loss: 9.50 (Det: 9.40, MoE: 1.0037)
2025-11-22 16:51:39,329 - INFO - Epoch 13:
2025-11-22 16:51:39,329 - INFO -   训练损失: 9.69 | 验证损失: 1.12
2025-11-22 16:51:39,330 - INFO -   (前30个epoch仅计算loss，跳过mAP评估)
2025-11-22 16:51:39,330 - INFO -   检测损失: 9.59
2025-11-22 16:51:39,330 - INFO -   Decoder MoE损失: 1.0001
2025-11-22 16:51:39,330 - INFO -   Encoder Patch-MoE Balance损失: 0.0106
2025-11-22 16:51:39,330 - INFO -   Encoder Patch-MoE Entropy损失: -0.6931
2025-11-22 16:51:39,330 - INFO -   Encoder MoE总损失: -0.6825
2025-11-22 16:51:39,330 - INFO -   Token Pruning损失: 0.000665
2025-11-22 16:51:39,330 - INFO -   MoE总损失: 1.0107
2025-11-22 16:51:39,330 - INFO -   Decoder专家使用率: [49.90%, 50.10%]
2025-11-22 16:51:39,330 - INFO -   🎉 新的最佳验证损失: 1.12
2025-11-22 16:51:40,181 - INFO - 💾 保存最新检查点: logs/dset2_r34_20251122_161840/latest_checkpoint.pth
2025-11-22 16:51:49,965 - INFO - Epoch 14 | Batch 0 | Loss: 10.18 (Det: 10.08, MoE: 1.0196)
2025-11-22 16:52:57,588 - INFO - Epoch 14 | Batch 50 | Loss: 9.63 (Det: 9.53, MoE: 1.0459)
2025-11-22 16:53:51,874 - INFO - Epoch 14:
2025-11-22 16:53:51,875 - INFO -   训练损失: 9.65 | 验证损失: 1.09
2025-11-22 16:53:51,875 - INFO -   (前30个epoch仅计算loss，跳过mAP评估)
2025-11-22 16:53:51,875 - INFO -   检测损失: 9.55
2025-11-22 16:53:51,875 - INFO -   Decoder MoE损失: 1.0001
2025-11-22 16:53:51,875 - INFO -   Encoder Patch-MoE Balance损失: 0.0178
2025-11-22 16:53:51,875 - INFO -   Encoder Patch-MoE Entropy损失: -0.6931
2025-11-22 16:53:51,875 - INFO -   Encoder MoE总损失: -0.6753
2025-11-22 16:53:51,875 - INFO -   Token Pruning损失: 0.000733
2025-11-22 16:53:51,875 - INFO -   MoE总损失: 1.0180
2025-11-22 16:53:51,875 - INFO -   Decoder专家使用率: [50.12%, 49.88%]
2025-11-22 16:53:51,875 - INFO -   🎉 新的最佳验证损失: 1.09
2025-11-22 16:53:52,656 - INFO - 💾 保存最新检查点: logs/dset2_r34_20251122_161840/latest_checkpoint.pth
2025-11-22 16:53:55,102 - INFO - [DEBUG] Epoch 15: pruner.current_epoch=15, pruner.pruning_enabled=True, pruner.warmup_epochs=10
2025-11-22 16:54:01,822 - INFO - Epoch 15 | Batch 0 | Loss: 9.70 (Det: 9.60, MoE: 1.0000)
2025-11-22 16:55:09,559 - INFO - Epoch 15 | Batch 50 | Loss: 9.08 (Det: 8.99, MoE: 1.0144)
2025-11-22 16:56:03,006 - INFO - Epoch 15:
2025-11-22 16:56:03,007 - INFO -   训练损失: 9.31 | 验证损失: 1.06
2025-11-22 16:56:03,007 - INFO -   (前30个epoch仅计算loss，跳过mAP评估)
2025-11-22 16:56:03,007 - INFO -   检测损失: 9.22
2025-11-22 16:56:03,007 - INFO -   Decoder MoE损失: 1.0002
2025-11-22 16:56:03,007 - INFO -   Encoder Patch-MoE Balance损失: 0.0083
2025-11-22 16:56:03,007 - INFO -   Encoder Patch-MoE Entropy损失: -0.6931
2025-11-22 16:56:03,007 - INFO -   Encoder MoE总损失: -0.6848
2025-11-22 16:56:03,007 - INFO -   Token Pruning损失: 0.000549
2025-11-22 16:56:03,007 - INFO -   MoE总损失: 1.0085
2025-11-22 16:56:03,007 - INFO -   Decoder专家使用率: [49.97%, 50.03%]
2025-11-22 16:56:03,007 - INFO -   🎉 新的最佳验证损失: 1.06
2025-11-22 16:56:03,794 - INFO - 💾 保存最新检查点: logs/dset2_r34_20251122_161840/latest_checkpoint.pth
2025-11-22 16:56:13,737 - INFO - Epoch 16 | Batch 0 | Loss: 9.26 (Det: 9.17, MoE: 1.0006)
2025-11-22 16:57:22,175 - INFO - Epoch 16 | Batch 50 | Loss: 9.13 (Det: 9.04, MoE: 1.0027)
2025-11-22 16:58:15,439 - INFO - Epoch 16:
2025-11-22 16:58:15,439 - INFO -   训练损失: 9.18 | 验证损失: 1.06
2025-11-22 16:58:15,439 - INFO -   (前30个epoch仅计算loss，跳过mAP评估)
2025-11-22 16:58:15,439 - INFO -   检测损失: 9.08
2025-11-22 16:58:15,439 - INFO -   Decoder MoE损失: 1.0002
2025-11-22 16:58:15,439 - INFO -   Encoder Patch-MoE Balance损失: 0.0109
2025-11-22 16:58:15,440 - INFO -   Encoder Patch-MoE Entropy损失: -0.6931
2025-11-22 16:58:15,440 - INFO -   Encoder MoE总损失: -0.6822
2025-11-22 16:58:15,440 - INFO -   Token Pruning损失: 0.000510
2025-11-22 16:58:15,440 - INFO -   MoE总损失: 1.0111
2025-11-22 16:58:15,440 - INFO -   Decoder专家使用率: [49.91%, 50.09%]
2025-11-22 16:58:15,440 - INFO -   🎉 新的最佳验证损失: 1.06
2025-11-22 16:58:16,210 - INFO - 💾 保存最新检查点: logs/dset2_r34_20251122_161840/latest_checkpoint.pth
2025-11-22 16:58:24,646 - INFO - Epoch 17 | Batch 0 | Loss: 9.27 (Det: 9.17, MoE: 1.0181)
2025-11-22 16:59:32,052 - INFO - Epoch 17 | Batch 50 | Loss: 8.97 (Det: 8.88, MoE: 1.0054)
2025-11-22 17:00:24,696 - INFO - Epoch 17:
2025-11-22 17:00:24,696 - INFO -   训练损失: 9.03 | 验证损失: 1.04
2025-11-22 17:00:24,696 - INFO -   (前30个epoch仅计算loss，跳过mAP评估)
2025-11-22 17:00:24,696 - INFO -   检测损失: 8.93
2025-11-22 17:00:24,696 - INFO -   Decoder MoE损失: 1.0002
2025-11-22 17:00:24,696 - INFO -   Encoder Patch-MoE Balance损失: 0.0142
2025-11-22 17:00:24,697 - INFO -   Encoder Patch-MoE Entropy损失: -0.6931
2025-11-22 17:00:24,697 - INFO -   Encoder MoE总损失: -0.6789
2025-11-22 17:00:24,697 - INFO -   Token Pruning损失: 0.000451
2025-11-22 17:00:24,697 - INFO -   MoE总损失: 1.0144
2025-11-22 17:00:24,697 - INFO -   Decoder专家使用率: [50.16%, 49.84%]
2025-11-22 17:00:24,697 - INFO -   🎉 新的最佳验证损失: 1.04
2025-11-22 17:00:25,472 - INFO - 💾 保存最新检查点: logs/dset2_r34_20251122_161840/latest_checkpoint.pth
2025-11-22 17:00:32,654 - INFO - Epoch 18 | Batch 0 | Loss: 9.03 (Det: 8.93, MoE: 1.0140)
2025-11-22 17:01:42,296 - INFO - Epoch 18 | Batch 50 | Loss: 8.91 (Det: 8.81, MoE: 1.0117)
2025-11-22 17:02:37,202 - INFO - Epoch 18:
2025-11-22 17:02:37,203 - INFO -   训练损失: 8.93 | 验证损失: 1.03
2025-11-22 17:02:37,203 - INFO -   (前30个epoch仅计算loss，跳过mAP评估)
2025-11-22 17:02:37,203 - INFO -   检测损失: 8.83
2025-11-22 17:02:37,203 - INFO -   Decoder MoE损失: 1.0001
2025-11-22 17:02:37,203 - INFO -   Encoder Patch-MoE Balance损失: 0.0144
2025-11-22 17:02:37,203 - INFO -   Encoder Patch-MoE Entropy损失: -0.6931
2025-11-22 17:02:37,203 - INFO -   Encoder MoE总损失: -0.6788
2025-11-22 17:02:37,203 - INFO -   Token Pruning损失: 0.000410
2025-11-22 17:02:37,203 - INFO -   MoE总损失: 1.0145
2025-11-22 17:02:37,203 - INFO -   Decoder专家使用率: [49.95%, 50.05%]
2025-11-22 17:02:37,203 - INFO -   🎉 新的最佳验证损失: 1.03
2025-11-22 17:02:38,044 - INFO - 💾 保存最新检查点: logs/dset2_r34_20251122_161840/latest_checkpoint.pth
2025-11-22 17:02:47,905 - INFO - Epoch 19 | Batch 0 | Loss: 9.05 (Det: 8.95, MoE: 1.0133)
2025-11-22 17:03:55,684 - INFO - Epoch 19 | Batch 50 | Loss: 8.79 (Det: 8.69, MoE: 1.0005)
2025-11-22 17:04:49,141 - INFO - Epoch 19:
2025-11-22 17:04:49,141 - INFO -   训练损失: 8.88 | 验证损失: 1.01
2025-11-22 17:04:49,141 - INFO -   (前30个epoch仅计算loss，跳过mAP评估)
2025-11-22 17:04:49,141 - INFO -   检测损失: 8.79
2025-11-22 17:04:49,141 - INFO -   Decoder MoE损失: 1.0002
2025-11-22 17:04:49,141 - INFO -   Encoder Patch-MoE Balance损失: 0.0109
2025-11-22 17:04:49,141 - INFO -   Encoder Patch-MoE Entropy损失: -0.6931
2025-11-22 17:04:49,141 - INFO -   Encoder MoE总损失: -0.6822
2025-11-22 17:04:49,141 - INFO -   Token Pruning损失: 0.000387
2025-11-22 17:04:49,141 - INFO -   MoE总损失: 1.0111
2025-11-22 17:04:49,141 - INFO -   Decoder专家使用率: [50.10%, 49.90%]
2025-11-22 17:04:49,141 - INFO -   🎉 新的最佳验证损失: 1.01
2025-11-22 17:04:49,921 - INFO - 💾 保存最新检查点: logs/dset2_r34_20251122_161840/latest_checkpoint.pth
2025-11-22 17:04:52,397 - INFO - [DEBUG] Epoch 20: pruner.current_epoch=20, pruner.pruning_enabled=True, pruner.warmup_epochs=10
2025-11-22 17:04:57,700 - INFO - Epoch 20 | Batch 0 | Loss: 8.66 (Det: 8.57, MoE: 1.0002)
2025-11-22 17:06:05,158 - INFO - Epoch 20 | Batch 50 | Loss: 8.59 (Det: 8.49, MoE: 1.0151)
2025-11-22 17:06:57,769 - INFO - Epoch 20:
2025-11-22 17:06:57,769 - INFO -   训练损失: 8.69 | 验证损失: 1.00
2025-11-22 17:06:57,769 - INFO -   (前30个epoch仅计算loss，跳过mAP评估)
2025-11-22 17:06:57,769 - INFO -   检测损失: 8.59
2025-11-22 17:06:57,769 - INFO -   Decoder MoE损失: 1.0001
2025-11-22 17:06:57,769 - INFO -   Encoder Patch-MoE Balance损失: 0.0072
2025-11-22 17:06:57,770 - INFO -   Encoder Patch-MoE Entropy损失: -0.6931
2025-11-22 17:06:57,770 - INFO -   Encoder MoE总损失: -0.6859
2025-11-22 17:06:57,770 - INFO -   Token Pruning损失: 0.000349
2025-11-22 17:06:57,770 - INFO -   MoE总损失: 1.0073
2025-11-22 17:06:57,770 - INFO -   Decoder专家使用率: [50.00%, 50.00%]
2025-11-22 17:06:57,770 - INFO -   🎉 新的最佳验证损失: 1.00
2025-11-22 17:06:58,621 - INFO - 💾 保存最新检查点: logs/dset2_r34_20251122_161840/latest_checkpoint.pth
2025-11-22 17:07:06,502 - INFO - Epoch 21 | Batch 0 | Loss: 8.82 (Det: 8.72, MoE: 1.0016)
2025-11-22 17:08:14,034 - INFO - Epoch 21 | Batch 50 | Loss: 8.44 (Det: 8.34, MoE: 1.0106)
2025-11-22 17:09:07,098 - INFO - Epoch 21:
2025-11-22 17:09:07,099 - INFO -   训练损失: 8.51 | 验证损失: 0.98
2025-11-22 17:09:07,099 - INFO -   (前30个epoch仅计算loss，跳过mAP评估)
2025-11-22 17:09:07,099 - INFO -   🎉 新的最佳验证损失: 0.98
2025-11-22 17:09:07,877 - INFO - 💾 保存最新检查点: logs/dset2_r34_20251122_161840/latest_checkpoint.pth
2025-11-22 17:09:18,463 - INFO - Epoch 22 | Batch 0 | Loss: 8.49 (Det: 8.39, MoE: 1.0042)
2025-11-22 17:10:25,814 - INFO - Epoch 22 | Batch 50 | Loss: 8.42 (Det: 8.32, MoE: 1.0081)
2025-11-22 17:11:19,095 - INFO - Epoch 22:
2025-11-22 17:11:19,095 - INFO -   训练损失: 8.38 | 验证损失: 0.97
2025-11-22 17:11:19,095 - INFO -   (前30个epoch仅计算loss，跳过mAP评估)
2025-11-22 17:11:19,095 - INFO -   🎉 新的最佳验证损失: 0.97
2025-11-22 17:11:19,996 - INFO - 💾 保存最新检查点: logs/dset2_r34_20251122_161840/latest_checkpoint.pth
2025-11-22 17:11:29,677 - INFO - Epoch 23 | Batch 0 | Loss: 8.37 (Det: 8.27, MoE: 1.0361)
2025-11-22 17:12:36,821 - INFO - Epoch 23 | Batch 50 | Loss: 8.13 (Det: 8.04, MoE: 1.0040)
2025-11-22 17:13:29,987 - INFO - Epoch 23:
2025-11-22 17:13:29,988 - INFO -   训练损失: 8.29 | 验证损失: 0.96
2025-11-22 17:13:29,988 - INFO -   (前30个epoch仅计算loss，跳过mAP评估)
2025-11-22 17:13:29,988 - INFO -   🎉 新的最佳验证损失: 0.96
2025-11-22 17:13:30,761 - INFO - 💾 保存最新检查点: logs/dset2_r34_20251122_161840/latest_checkpoint.pth
2025-11-22 17:13:38,687 - INFO - Epoch 24 | Batch 0 | Loss: 8.30 (Det: 8.20, MoE: 1.0018)
2025-11-22 17:14:46,416 - INFO - Epoch 24 | Batch 50 | Loss: 8.40 (Det: 8.30, MoE: 1.0164)
2025-11-22 17:15:38,823 - INFO - Epoch 24:
2025-11-22 17:15:38,823 - INFO -   训练损失: 8.23 | 验证损失: 0.96
2025-11-22 17:15:38,824 - INFO -   (前30个epoch仅计算loss，跳过mAP评估)
2025-11-22 17:15:38,824 - INFO -   🎉 新的最佳验证损失: 0.96
2025-11-22 17:15:39,661 - INFO - 💾 保存最新检查点: logs/dset2_r34_20251122_161840/latest_checkpoint.pth
2025-11-22 17:15:42,055 - INFO - [DEBUG] Epoch 25: pruner.current_epoch=25, pruner.pruning_enabled=True, pruner.warmup_epochs=10
2025-11-22 17:15:47,680 - INFO - Epoch 25 | Batch 0 | Loss: 8.23 (Det: 8.13, MoE: 1.0168)
2025-11-22 17:16:56,417 - INFO - Epoch 25 | Batch 50 | Loss: 8.06 (Det: 7.96, MoE: 1.0231)
2025-11-22 17:17:49,430 - INFO - Epoch 25:
2025-11-22 17:17:49,431 - INFO -   训练损失: 8.16 | 验证损失: 0.95
2025-11-22 17:17:49,431 - INFO -   (前30个epoch仅计算loss，跳过mAP评估)
2025-11-22 17:17:49,431 - INFO -   检测损失: 8.06
2025-11-22 17:17:49,431 - INFO -   Decoder MoE损失: 1.0001
2025-11-22 17:17:49,431 - INFO -   Encoder Patch-MoE Balance损失: 0.0093
2025-11-22 17:17:49,431 - INFO -   Encoder Patch-MoE Entropy损失: -0.6931
2025-11-22 17:17:49,431 - INFO -   Encoder MoE总损失: -0.6839
2025-11-22 17:17:49,431 - INFO -   Token Pruning损失: 0.000242
2025-11-22 17:17:49,431 - INFO -   MoE总损失: 1.0094
2025-11-22 17:17:49,431 - INFO -   Decoder专家使用率: [49.96%, 50.04%]
2025-11-22 17:17:49,431 - INFO -   🎉 新的最佳验证损失: 0.95
2025-11-22 17:17:50,184 - INFO - 💾 保存最新检查点: logs/dset2_r34_20251122_161840/latest_checkpoint.pth
2025-11-22 17:18:00,584 - INFO - Epoch 26 | Batch 0 | Loss: 8.14 (Det: 8.05, MoE: 1.0017)
2025-11-22 17:19:07,800 - INFO - Epoch 26 | Batch 50 | Loss: 8.17 (Det: 8.08, MoE: 1.0008)
2025-11-22 17:20:01,437 - INFO - Epoch 26:
2025-11-22 17:20:01,438 - INFO -   训练损失: 8.09 | 验证损失: 0.94
2025-11-22 17:20:01,438 - INFO -   (前30个epoch仅计算loss，跳过mAP评估)
2025-11-22 17:20:01,438 - INFO -   🎉 新的最佳验证损失: 0.94
2025-11-22 17:20:02,230 - INFO - 💾 保存最新检查点: logs/dset2_r34_20251122_161840/latest_checkpoint.pth
2025-11-22 17:20:10,213 - INFO - Epoch 27 | Batch 0 | Loss: 8.01 (Det: 7.91, MoE: 1.0002)
2025-11-22 17:21:17,474 - INFO - Epoch 27 | Batch 50 | Loss: 8.18 (Det: 8.09, MoE: 1.0016)
2025-11-22 17:22:11,136 - INFO - Epoch 27:
2025-11-22 17:22:11,137 - INFO -   训练损失: 8.03 | 验证损失: 0.94
2025-11-22 17:22:11,137 - INFO -   (前30个epoch仅计算loss，跳过mAP评估)
2025-11-22 17:22:11,137 - INFO -   🎉 新的最佳验证损失: 0.94
2025-11-22 17:22:11,899 - INFO - 💾 保存最新检查点: logs/dset2_r34_20251122_161840/latest_checkpoint.pth
2025-11-22 17:22:21,664 - INFO - Epoch 28 | Batch 0 | Loss: 8.07 (Det: 7.98, MoE: 1.0021)
2025-11-22 17:23:29,668 - INFO - Epoch 28 | Batch 50 | Loss: 7.91 (Det: 7.81, MoE: 1.0001)
2025-11-22 17:24:22,762 - INFO - Epoch 28:
2025-11-22 17:24:22,763 - INFO -   训练损失: 7.94 | 验证损失: 0.94
2025-11-22 17:24:22,763 - INFO -   (前30个epoch仅计算loss，跳过mAP评估)
2025-11-22 17:24:22,763 - INFO -   🎉 新的最佳验证损失: 0.94
2025-11-22 17:24:23,552 - INFO - 💾 保存最新检查点: logs/dset2_r34_20251122_161840/latest_checkpoint.pth
2025-11-22 17:24:34,014 - INFO - Epoch 29 | Batch 0 | Loss: 7.87 (Det: 7.78, MoE: 1.0027)
2025-11-22 17:25:42,176 - INFO - Epoch 29 | Batch 50 | Loss: 8.04 (Det: 7.93, MoE: 1.1037)
2025-11-22 17:26:35,990 - INFO - Epoch 29:
2025-11-22 17:26:35,991 - INFO -   训练损失: 7.88 | 验证损失: 0.93
2025-11-22 17:26:35,991 - INFO -   (前30个epoch仅计算loss，跳过mAP评估)
2025-11-22 17:26:35,991 - INFO -   🎉 新的最佳验证损失: 0.93
2025-11-22 17:26:36,823 - INFO - 💾 保存最新检查点: logs/dset2_r34_20251122_161840/latest_checkpoint.pth
2025-11-22 17:26:39,321 - INFO - [DEBUG] Epoch 30: pruner.current_epoch=30, pruner.pruning_enabled=True, pruner.warmup_epochs=10
2025-11-22 17:26:46,514 - INFO - Epoch 30 | Batch 0 | Loss: 7.79 (Det: 7.69, MoE: 1.0191)
2025-11-22 17:27:55,227 - INFO - Epoch 30 | Batch 50 | Loss: 7.87 (Det: 7.77, MoE: 1.0002)
2025-11-22 17:29:28,291 - INFO - Epoch 30:
2025-11-22 17:29:28,293 - INFO -   训练损失: 7.83 | 验证损失: 0.93
2025-11-22 17:29:28,294 - INFO -   预测/目标: 201600/93434
2025-11-22 17:29:28,294 - INFO -   检测损失: 7.73
2025-11-22 17:29:28,294 - INFO -   Decoder MoE损失: 1.0002
2025-11-22 17:29:28,294 - INFO -   Encoder Patch-MoE Balance损失: 0.0123
2025-11-22 17:29:28,294 - INFO -   Encoder Patch-MoE Entropy损失: -0.6931
2025-11-22 17:29:28,294 - INFO -   Encoder MoE总损失: -0.6808
2025-11-22 17:29:28,294 - INFO -   Token Pruning损失: 0.000185
2025-11-22 17:29:28,294 - INFO -   MoE总损失: 1.0125
2025-11-22 17:29:28,294 - INFO -   Decoder专家使用率: [49.94%, 50.06%]
2025-11-22 17:29:28,294 - INFO -   🎉 新的最佳验证损失: 0.93
2025-11-22 17:29:28,294 - INFO -   🎉 新的最佳mAP: 0.5262
2025-11-22 17:29:29,069 - INFO - 💾 保存最佳模型: logs/dset2_r34_20251122_161840/best_model.pth
2025-11-22 17:30:22,416 - INFO -   每个类别的 mAP@0.5:0.95:
2025-11-22 17:30:22,416 - INFO -     Car         : 0.7529
2025-11-22 17:30:22,416 - INFO -     Truck       : 0.4225
2025-11-22 17:30:22,416 - INFO -     Van         : 0.3652
2025-11-22 17:30:22,416 - INFO -     Bus         : 0.7312
2025-11-22 17:30:22,416 - INFO -     Pedestrian  : 0.3952
2025-11-22 17:30:22,416 - INFO -     Cyclist     : 0.4919
2025-11-22 17:30:22,416 - INFO -     Motorcyclist: 0.4290
2025-11-22 17:30:22,416 - INFO -     Trafficcone : 0.6222
2025-11-22 17:30:22,597 - INFO -   mAP_0.5_0.95 提升到 0.5262 (最佳epoch: 30)
2025-11-22 17:30:23,411 - INFO - 💾 保存最新检查点: logs/dset2_r34_20251122_161840/latest_checkpoint.pth
2025-11-22 17:30:34,280 - INFO - Epoch 31 | Batch 0 | Loss: 7.77 (Det: 7.67, MoE: 1.0731)
2025-11-22 17:31:42,273 - INFO - Epoch 31 | Batch 50 | Loss: 7.98 (Det: 7.88, MoE: 1.0211)
2025-11-22 17:33:14,756 - INFO - Epoch 31:
2025-11-22 17:33:14,758 - INFO -   训练损失: 7.82 | 验证损失: 0.92
2025-11-22 17:33:14,758 - INFO -   预测/目标: 201600/93434
2025-11-22 17:33:14,758 - INFO -   🎉 新的最佳验证损失: 0.92
2025-11-22 17:33:14,758 - INFO -   🎉 新的最佳mAP: 0.5287
2025-11-22 17:33:15,536 - INFO - 💾 保存最佳模型: logs/dset2_r34_20251122_161840/best_model.pth
2025-11-22 17:34:06,931 - INFO -   每个类别的 mAP@0.5:0.95:
2025-11-22 17:34:06,931 - INFO -     Car         : 0.7577
2025-11-22 17:34:06,931 - INFO -     Truck       : 0.4330
2025-11-22 17:34:06,931 - INFO -     Van         : 0.3537
2025-11-22 17:34:06,931 - INFO -     Bus         : 0.7402
2025-11-22 17:34:06,931 - INFO -     Pedestrian  : 0.4005
2025-11-22 17:34:06,931 - INFO -     Cyclist     : 0.4937
2025-11-22 17:34:06,931 - INFO -     Motorcyclist: 0.4296
2025-11-22 17:34:06,931 - INFO -     Trafficcone : 0.6209
2025-11-22 17:34:07,089 - INFO -   mAP_0.5_0.95 提升到 0.5287 (最佳epoch: 31)
2025-11-22 17:34:07,859 - INFO - 💾 保存最新检查点: logs/dset2_r34_20251122_161840/latest_checkpoint.pth
2025-11-22 17:34:17,995 - INFO - Epoch 32 | Batch 0 | Loss: 7.63 (Det: 7.53, MoE: 1.0056)
2025-11-22 17:35:25,748 - INFO - Epoch 32 | Batch 50 | Loss: 8.05 (Det: 7.95, MoE: 1.0007)
2025-11-22 17:36:58,932 - INFO - Epoch 32:
2025-11-22 17:36:58,934 - INFO -   训练损失: 7.77 | 验证损失: 0.92
2025-11-22 17:36:58,934 - INFO -   预测/目标: 201600/93434
2025-11-22 17:36:58,935 - INFO -   🎉 新的最佳mAP: 0.5326
2025-11-22 17:36:59,786 - INFO - 💾 保存最佳模型: logs/dset2_r34_20251122_161840/best_model.pth
2025-11-22 17:37:51,565 - INFO -   每个类别的 mAP@0.5:0.95:
2025-11-22 17:37:51,566 - INFO -     Car         : 0.7542
2025-11-22 17:37:51,566 - INFO -     Truck       : 0.4325
2025-11-22 17:37:51,566 - INFO -     Van         : 0.3769
2025-11-22 17:37:51,566 - INFO -     Bus         : 0.7429
2025-11-22 17:37:51,566 - INFO -     Pedestrian  : 0.4017
2025-11-22 17:37:51,566 - INFO -     Cyclist     : 0.4968
2025-11-22 17:37:51,566 - INFO -     Motorcyclist: 0.4327
2025-11-22 17:37:51,566 - INFO -     Trafficcone : 0.6232
2025-11-22 17:37:51,772 - INFO -   mAP_0.5_0.95 提升到 0.5326 (最佳epoch: 32)
2025-11-22 17:37:52,544 - INFO - 💾 保存最新检查点: logs/dset2_r34_20251122_161840/latest_checkpoint.pth
2025-11-22 17:38:02,227 - INFO - Epoch 33 | Batch 0 | Loss: 7.67 (Det: 7.57, MoE: 1.0357)
2025-11-22 17:39:09,938 - INFO - Epoch 33 | Batch 50 | Loss: 7.78 (Det: 7.68, MoE: 1.0016)
2025-11-22 17:40:41,353 - INFO - Epoch 33:
2025-11-22 17:40:41,353 - INFO -   训练损失: 7.70 | 验证损失: 0.92
2025-11-22 17:40:41,354 - INFO -   预测/目标: 201600/93434
2025-11-22 17:40:41,355 - INFO -   🎉 新的最佳验证损失: 0.92
2025-11-22 17:40:41,355 - INFO -   🎉 新的最佳mAP: 0.5336
2025-11-22 17:40:42,164 - INFO - 💾 保存最佳模型: logs/dset2_r34_20251122_161840/best_model.pth
2025-11-22 17:41:33,965 - INFO -   每个类别的 mAP@0.5:0.95:
2025-11-22 17:41:33,966 - INFO -     Car         : 0.7601
2025-11-22 17:41:33,966 - INFO -     Truck       : 0.4254
2025-11-22 17:41:33,966 - INFO -     Van         : 0.3846
2025-11-22 17:41:33,966 - INFO -     Bus         : 0.7383
2025-11-22 17:41:33,966 - INFO -     Pedestrian  : 0.4038
2025-11-22 17:41:33,966 - INFO -     Cyclist     : 0.5017
2025-11-22 17:41:33,966 - INFO -     Motorcyclist: 0.4316
2025-11-22 17:41:33,966 - INFO -     Trafficcone : 0.6232
2025-11-22 17:41:34,165 - INFO -   mAP_0.5_0.95 提升到 0.5336 (最佳epoch: 33)
2025-11-22 17:41:34,973 - INFO - 💾 保存最新检查点: logs/dset2_r34_20251122_161840/latest_checkpoint.pth
2025-11-22 17:41:43,440 - INFO - Epoch 34 | Batch 0 | Loss: 7.65 (Det: 7.55, MoE: 1.0247)
2025-11-22 17:42:50,647 - INFO - Epoch 34 | Batch 50 | Loss: 7.50 (Det: 7.41, MoE: 1.0255)
2025-11-22 17:44:23,236 - INFO - Epoch 34:
2025-11-22 17:44:23,237 - INFO -   训练损失: 7.64 | 验证损失: 0.91
2025-11-22 17:44:23,238 - INFO -   预测/目标: 201600/93434
2025-11-22 17:44:23,239 - INFO -   🎉 新的最佳验证损失: 0.91
2025-11-22 17:44:23,239 - INFO -   🎉 新的最佳mAP: 0.5379
2025-11-22 17:44:24,008 - INFO - 💾 保存最佳模型: logs/dset2_r34_20251122_161840/best_model.pth
2025-11-22 17:45:16,049 - INFO -   每个类别的 mAP@0.5:0.95:
2025-11-22 17:45:16,049 - INFO -     Car         : 0.7575
2025-11-22 17:45:16,049 - INFO -     Truck       : 0.4280
2025-11-22 17:45:16,049 - INFO -     Van         : 0.4000
2025-11-22 17:45:16,049 - INFO -     Bus         : 0.7425
2025-11-22 17:45:16,049 - INFO -     Pedestrian  : 0.4088
2025-11-22 17:45:16,049 - INFO -     Cyclist     : 0.5052
2025-11-22 17:45:16,049 - INFO -     Motorcyclist: 0.4366
2025-11-22 17:45:16,049 - INFO -     Trafficcone : 0.6247
2025-11-22 17:45:16,197 - INFO -   mAP_0.5_0.95 提升到 0.5379 (最佳epoch: 34)
2025-11-22 17:45:16,977 - INFO - 💾 保存最新检查点: logs/dset2_r34_20251122_161840/latest_checkpoint.pth
2025-11-22 17:45:19,437 - INFO - [DEBUG] Epoch 35: pruner.current_epoch=35, pruner.pruning_enabled=True, pruner.warmup_epochs=10
2025-11-22 17:45:26,086 - INFO - Epoch 35 | Batch 0 | Loss: 7.69 (Det: 7.59, MoE: 1.0181)
2025-11-22 17:46:33,187 - INFO - Epoch 35 | Batch 50 | Loss: 7.45 (Det: 7.36, MoE: 1.0091)
2025-11-22 17:48:06,194 - INFO - Epoch 35:
2025-11-22 17:48:06,196 - INFO -   训练损失: 7.62 | 验证损失: 0.91
2025-11-22 17:48:06,197 - INFO -   预测/目标: 201600/93434
2025-11-22 17:48:06,197 - INFO -   检测损失: 7.52
2025-11-22 17:48:06,197 - INFO -   Decoder MoE损失: 1.0001
2025-11-22 17:48:06,197 - INFO -   Encoder Patch-MoE Balance损失: 0.0145
2025-11-22 17:48:06,197 - INFO -   Encoder Patch-MoE Entropy损失: -0.6931
2025-11-22 17:48:06,197 - INFO -   Encoder MoE总损失: -0.6786
2025-11-22 17:48:06,197 - INFO -   Token Pruning损失: 0.000148
2025-11-22 17:48:06,197 - INFO -   MoE总损失: 1.0147
2025-11-22 17:48:06,197 - INFO -   Decoder专家使用率: [50.11%, 49.89%]
2025-11-22 17:48:06,197 - INFO -   🎉 新的最佳验证损失: 0.91
2025-11-22 17:48:06,197 - INFO -   🎉 新的最佳mAP: 0.5400
2025-11-22 17:48:06,976 - INFO - 💾 保存最佳模型: logs/dset2_r34_20251122_161840/best_model.pth
2025-11-22 17:48:58,706 - INFO -   每个类别的 mAP@0.5:0.95:
2025-11-22 17:48:58,707 - INFO -     Car         : 0.7612
2025-11-22 17:48:58,707 - INFO -     Truck       : 0.4289
2025-11-22 17:48:58,707 - INFO -     Van         : 0.4085
2025-11-22 17:48:58,707 - INFO -     Bus         : 0.7423
2025-11-22 17:48:58,707 - INFO -     Pedestrian  : 0.4097
2025-11-22 17:48:58,707 - INFO -     Cyclist     : 0.5012
2025-11-22 17:48:58,707 - INFO -     Motorcyclist: 0.4454
2025-11-22 17:48:58,707 - INFO -     Trafficcone : 0.6227
2025-11-22 17:48:58,893 - INFO -   mAP_0.5_0.95 提升到 0.5400 (最佳epoch: 35)
2025-11-22 17:48:59,745 - INFO - 💾 保存最新检查点: logs/dset2_r34_20251122_161840/latest_checkpoint.pth
2025-11-22 17:49:07,612 - INFO - Epoch 36 | Batch 0 | Loss: 7.47 (Det: 7.37, MoE: 1.0032)
2025-11-22 17:50:15,859 - INFO - Epoch 36 | Batch 50 | Loss: 7.42 (Det: 7.32, MoE: 1.0135)
2025-11-22 17:51:48,642 - INFO - Epoch 36:
2025-11-22 17:51:48,642 - INFO -   训练损失: 7.55 | 验证损失: 0.91
2025-11-22 17:51:48,643 - INFO -   预测/目标: 201600/93434
2025-11-22 17:51:48,644 - INFO -   🎉 新的最佳验证损失: 0.91
2025-11-22 17:51:48,644 - INFO -   🎉 新的最佳mAP: 0.5401
2025-11-22 17:51:49,437 - INFO - 💾 保存最佳模型: logs/dset2_r34_20251122_161840/best_model.pth
2025-11-22 17:52:41,296 - INFO -   每个类别的 mAP@0.5:0.95:
2025-11-22 17:52:41,296 - INFO -     Car         : 0.7610
2025-11-22 17:52:41,296 - INFO -     Truck       : 0.4431
2025-11-22 17:52:41,296 - INFO -     Van         : 0.3815
2025-11-22 17:52:41,296 - INFO -     Bus         : 0.7466
2025-11-22 17:52:41,296 - INFO -     Pedestrian  : 0.4120
2025-11-22 17:52:41,296 - INFO -     Cyclist     : 0.5076
2025-11-22 17:52:41,296 - INFO -     Motorcyclist: 0.4483
2025-11-22 17:52:41,296 - INFO -     Trafficcone : 0.6209
2025-11-22 17:52:41,494 - INFO -   mAP_0.5_0.95 提升到 0.5401 (最佳epoch: 36)
2025-11-22 17:52:42,337 - INFO - 💾 保存最新检查点: logs/dset2_r34_20251122_161840/latest_checkpoint.pth
2025-11-22 17:52:52,280 - INFO - Epoch 37 | Batch 0 | Loss: 7.45 (Det: 7.35, MoE: 1.0092)
2025-11-22 17:53:59,401 - INFO - Epoch 37 | Batch 50 | Loss: 7.64 (Det: 7.54, MoE: 1.0027)
2025-11-22 17:55:32,942 - INFO - Epoch 37:
2025-11-22 17:55:32,942 - INFO -   训练损失: 7.55 | 验证损失: 0.91
2025-11-22 17:55:32,943 - INFO -   预测/目标: 201600/93434
2025-11-22 17:55:32,943 - INFO -   🎉 新的最佳mAP: 0.5440
2025-11-22 17:55:33,719 - INFO - 💾 保存最佳模型: logs/dset2_r34_20251122_161840/best_model.pth
2025-11-22 17:56:25,988 - INFO -   每个类别的 mAP@0.5:0.95:
2025-11-22 17:56:25,988 - INFO -     Car         : 0.7613
2025-11-22 17:56:25,988 - INFO -     Truck       : 0.4456
2025-11-22 17:56:25,989 - INFO -     Van         : 0.4003
2025-11-22 17:56:25,989 - INFO -     Bus         : 0.7400
2025-11-22 17:56:25,989 - INFO -     Pedestrian  : 0.4126
2025-11-22 17:56:25,989 - INFO -     Cyclist     : 0.5167
2025-11-22 17:56:25,989 - INFO -     Motorcyclist: 0.4503
2025-11-22 17:56:25,989 - INFO -     Trafficcone : 0.6254
2025-11-22 17:56:26,133 - INFO -   mAP_0.5_0.95 提升到 0.5440 (最佳epoch: 37)
2025-11-22 17:56:26,900 - INFO - 💾 保存最新检查点: logs/dset2_r34_20251122_161840/latest_checkpoint.pth
2025-11-22 17:56:36,841 - INFO - Epoch 38 | Batch 0 | Loss: 7.45 (Det: 7.35, MoE: 1.0002)
2025-11-22 17:57:44,808 - INFO - Epoch 38 | Batch 50 | Loss: 7.37 (Det: 7.27, MoE: 1.0476)
2025-11-22 17:59:19,552 - INFO - Epoch 38:
2025-11-22 17:59:19,553 - INFO -   训练损失: 7.50 | 验证损失: 0.91
2025-11-22 17:59:19,554 - INFO -   预测/目标: 201600/93434
2025-11-22 17:59:19,555 - INFO -   🎉 新的最佳验证损失: 0.91
2025-11-22 17:59:19,555 - INFO -   🎉 新的最佳mAP: 0.5447
2025-11-22 17:59:20,359 - INFO - 💾 保存最佳模型: logs/dset2_r34_20251122_161840/best_model.pth
2025-11-22 18:00:12,717 - INFO -   每个类别的 mAP@0.5:0.95:
2025-11-22 18:00:12,718 - INFO -     Car         : 0.7596
2025-11-22 18:00:12,718 - INFO -     Truck       : 0.4443
2025-11-22 18:00:12,718 - INFO -     Van         : 0.4025
2025-11-22 18:00:12,718 - INFO -     Bus         : 0.7404
2025-11-22 18:00:12,718 - INFO -     Pedestrian  : 0.4180
2025-11-22 18:00:12,718 - INFO -     Cyclist     : 0.5132
2025-11-22 18:00:12,718 - INFO -     Motorcyclist: 0.4540
2025-11-22 18:00:12,718 - INFO -     Trafficcone : 0.6256
2025-11-22 18:00:12,900 - INFO -   mAP_0.5_0.95 提升到 0.5447 (最佳epoch: 38)
2025-11-22 18:00:13,670 - INFO - 💾 保存最新检查点: logs/dset2_r34_20251122_161840/latest_checkpoint.pth
2025-11-22 18:00:23,263 - INFO - Epoch 39 | Batch 0 | Loss: 7.65 (Det: 7.55, MoE: 1.0384)
2025-11-22 18:01:30,620 - INFO - Epoch 39 | Batch 50 | Loss: 7.50 (Det: 7.40, MoE: 1.0024)
2025-11-22 18:03:03,414 - INFO - Epoch 39:
2025-11-22 18:03:03,415 - INFO -   训练损失: 7.51 | 验证损失: 0.91
2025-11-22 18:03:03,416 - INFO -   预测/目标: 201600/93434
2025-11-22 18:03:03,416 - INFO -   🎉 新的最佳验证损失: 0.91
2025-11-22 18:03:03,416 - INFO -   🎉 新的最佳mAP: 0.5479
2025-11-22 18:03:04,200 - INFO - 💾 保存最佳模型: logs/dset2_r34_20251122_161840/best_model.pth
2025-11-22 18:03:56,149 - INFO -   每个类别的 mAP@0.5:0.95:
2025-11-22 18:03:56,150 - INFO -     Car         : 0.7603
2025-11-22 18:03:56,150 - INFO -     Truck       : 0.4534
2025-11-22 18:03:56,150 - INFO -     Van         : 0.4201
2025-11-22 18:03:56,150 - INFO -     Bus         : 0.7350
2025-11-22 18:03:56,150 - INFO -     Pedestrian  : 0.4166
2025-11-22 18:03:56,150 - INFO -     Cyclist     : 0.5180
2025-11-22 18:03:56,150 - INFO -     Motorcyclist: 0.4559
2025-11-22 18:03:56,150 - INFO -     Trafficcone : 0.6234
2025-11-22 18:03:56,295 - INFO -   mAP_0.5_0.95 提升到 0.5479 (最佳epoch: 39)
2025-11-22 18:03:57,148 - INFO - 💾 保存最新检查点: logs/dset2_r34_20251122_161840/latest_checkpoint.pth
2025-11-22 18:03:59,615 - INFO - [DEBUG] Epoch 40: pruner.current_epoch=40, pruner.pruning_enabled=True, pruner.warmup_epochs=10
2025-11-22 18:04:05,281 - INFO - Epoch 40 | Batch 0 | Loss: 7.36 (Det: 7.26, MoE: 1.0014)
2025-11-22 18:05:14,241 - INFO - Epoch 40 | Batch 50 | Loss: 7.85 (Det: 7.75, MoE: 1.0381)
2025-11-22 18:06:48,177 - INFO - Epoch 40:
2025-11-22 18:06:48,178 - INFO -   训练损失: 7.64 | 验证损失: 0.92
2025-11-22 18:06:48,178 - INFO -   预测/目标: 201600/93434
2025-11-22 18:06:48,179 - INFO -   检测损失: 7.54
2025-11-22 18:06:48,180 - INFO -   Decoder MoE损失: 1.0002
2025-11-22 18:06:48,180 - INFO -   Encoder Patch-MoE Balance损失: 0.0200
2025-11-22 18:06:48,180 - INFO -   Encoder Patch-MoE Entropy损失: -0.6931
2025-11-22 18:06:48,180 - INFO -   Encoder MoE总损失: -0.6731
2025-11-22 18:06:48,180 - INFO -   Token Pruning损失: 0.000199
2025-11-22 18:06:48,180 - INFO -   MoE总损失: 1.0202
2025-11-22 18:06:48,180 - INFO -   Decoder专家使用率: [49.80%, 50.20%]
2025-11-22 18:06:48,180 - INFO -   ⏳ mAP_0.5_0.95 无改善 (1/35), 最佳值: 0.5479 (epoch 39)
2025-11-22 18:06:48,988 - INFO - 💾 保存最新检查点: logs/dset2_r34_20251122_161840/latest_checkpoint.pth
2025-11-22 18:06:57,581 - INFO - Epoch 41 | Batch 0 | Loss: 7.62 (Det: 7.52, MoE: 1.0286)
2025-11-22 18:08:05,973 - INFO - Epoch 41 | Batch 50 | Loss: 7.39 (Det: 7.29, MoE: 1.0027)
2025-11-22 18:09:38,308 - INFO - Epoch 41:
2025-11-22 18:09:38,309 - INFO -   训练损失: 7.55 | 验证损失: 0.91
2025-11-22 18:09:38,310 - INFO -   预测/目标: 201600/93434
2025-11-22 18:09:38,311 - INFO -   🎉 新的最佳mAP: 0.5512
2025-11-22 18:09:39,145 - INFO - 💾 保存最佳模型: logs/dset2_r34_20251122_161840/best_model.pth
2025-11-22 18:10:31,648 - INFO -   每个类别的 mAP@0.5:0.95:
2025-11-22 18:10:31,648 - INFO -     Car         : 0.7615
2025-11-22 18:10:31,648 - INFO -     Truck       : 0.4518
2025-11-22 18:10:31,648 - INFO -     Van         : 0.4394
2025-11-22 18:10:31,648 - INFO -     Bus         : 0.7461
2025-11-22 18:10:31,648 - INFO -     Pedestrian  : 0.4191
2025-11-22 18:10:31,648 - INFO -     Cyclist     : 0.5151
2025-11-22 18:10:31,648 - INFO -     Motorcyclist: 0.4547
2025-11-22 18:10:31,648 - INFO -     Trafficcone : 0.6217
2025-11-22 18:10:31,805 - INFO -   mAP_0.5_0.95 提升到 0.5512 (最佳epoch: 41)
2025-11-22 18:10:32,570 - INFO - 💾 保存最新检查点: logs/dset2_r34_20251122_161840/latest_checkpoint.pth
2025-11-22 18:10:40,334 - INFO - Epoch 42 | Batch 0 | Loss: 7.61 (Det: 7.51, MoE: 1.0210)
2025-11-22 18:11:47,545 - INFO - Epoch 42 | Batch 50 | Loss: 7.62 (Det: 7.52, MoE: 1.0482)
2025-11-22 18:13:22,573 - INFO - Epoch 42:
2025-11-22 18:13:22,575 - INFO -   训练损失: 7.49 | 验证损失: 0.91
2025-11-22 18:13:22,576 - INFO -   预测/目标: 201600/93434
2025-11-22 18:13:22,576 - INFO -   🎉 新的最佳mAP: 0.5534
2025-11-22 18:13:23,383 - INFO - 💾 保存最佳模型: logs/dset2_r34_20251122_161840/best_model.pth
2025-11-22 18:14:15,671 - INFO -   每个类别的 mAP@0.5:0.95:
2025-11-22 18:14:15,672 - INFO -     Car         : 0.7606
2025-11-22 18:14:15,672 - INFO -     Truck       : 0.4345
2025-11-22 18:14:15,672 - INFO -     Van         : 0.4583
2025-11-22 18:14:15,672 - INFO -     Bus         : 0.7388
2025-11-22 18:14:15,672 - INFO -     Pedestrian  : 0.4147
2025-11-22 18:14:15,672 - INFO -     Cyclist     : 0.5256
2025-11-22 18:14:15,672 - INFO -     Motorcyclist: 0.4690
2025-11-22 18:14:15,672 - INFO -     Trafficcone : 0.6257
2025-11-22 18:14:15,848 - INFO -   mAP_0.5_0.95 提升到 0.5534 (最佳epoch: 42)
2025-11-22 18:14:16,539 - INFO - 💾 保存最新检查点: logs/dset2_r34_20251122_161840/latest_checkpoint.pth
2025-11-22 18:14:25,464 - INFO - Epoch 43 | Batch 0 | Loss: 7.40 (Det: 7.30, MoE: 1.0118)
2025-11-22 18:15:33,301 - INFO - Epoch 43 | Batch 50 | Loss: 7.32 (Det: 7.22, MoE: 1.0358)
2025-11-22 18:17:05,948 - INFO - Epoch 43:
2025-11-22 18:17:05,948 - INFO -   训练损失: 7.41 | 验证损失: 0.90
2025-11-22 18:17:05,949 - INFO -   预测/目标: 201600/93434
2025-11-22 18:17:05,950 - INFO -   🎉 新的最佳验证损失: 0.90
2025-11-22 18:17:05,950 - INFO -   🎉 新的最佳mAP: 0.5579
2025-11-22 18:17:06,692 - INFO - 💾 保存最佳模型: logs/dset2_r34_20251122_161840/best_model.pth
2025-11-22 18:17:59,161 - INFO -   每个类别的 mAP@0.5:0.95:
2025-11-22 18:17:59,161 - INFO -     Car         : 0.7609
2025-11-22 18:17:59,161 - INFO -     Truck       : 0.4555
2025-11-22 18:17:59,161 - INFO -     Van         : 0.4637
2025-11-22 18:17:59,161 - INFO -     Bus         : 0.7442
2025-11-22 18:17:59,161 - INFO -     Pedestrian  : 0.4229
2025-11-22 18:17:59,161 - INFO -     Cyclist     : 0.5252
2025-11-22 18:17:59,161 - INFO -     Motorcyclist: 0.4643
2025-11-22 18:17:59,161 - INFO -     Trafficcone : 0.6267
2025-11-22 18:17:59,308 - INFO -   mAP_0.5_0.95 提升到 0.5579 (最佳epoch: 43)
2025-11-22 18:18:00,168 - INFO - 💾 保存最新检查点: logs/dset2_r34_20251122_161840/latest_checkpoint.pth
2025-11-22 18:18:08,751 - INFO - Epoch 44 | Batch 0 | Loss: 7.25 (Det: 7.16, MoE: 1.0083)
2025-11-22 18:19:16,181 - INFO - Epoch 44 | Batch 50 | Loss: 7.25 (Det: 7.15, MoE: 1.0304)
2025-11-22 18:20:48,831 - INFO - Epoch 44:
2025-11-22 18:20:48,833 - INFO -   训练损失: 7.34 | 验证损失: 0.90
2025-11-22 18:20:48,833 - INFO -   预测/目标: 201600/93434
2025-11-22 18:20:48,833 - INFO -   🎉 新的最佳验证损失: 0.90
2025-11-22 18:20:48,833 - INFO -   🎉 新的最佳mAP: 0.5627
2025-11-22 18:20:49,679 - INFO - 💾 保存最佳模型: logs/dset2_r34_20251122_161840/best_model.pth
2025-11-22 18:21:42,672 - INFO -   每个类别的 mAP@0.5:0.95:
2025-11-22 18:21:42,672 - INFO -     Car         : 0.7664
2025-11-22 18:21:42,672 - INFO -     Truck       : 0.4601
2025-11-22 18:21:42,672 - INFO -     Van         : 0.4861
2025-11-22 18:21:42,672 - INFO -     Bus         : 0.7445
2025-11-22 18:21:42,672 - INFO -     Pedestrian  : 0.4252
2025-11-22 18:21:42,672 - INFO -     Cyclist     : 0.5253
2025-11-22 18:21:42,672 - INFO -     Motorcyclist: 0.4683
2025-11-22 18:21:42,672 - INFO -     Trafficcone : 0.6260
2025-11-22 18:21:42,815 - INFO -   mAP_0.5_0.95 提升到 0.5627 (最佳epoch: 44)
2025-11-22 18:21:43,687 - INFO - 💾 保存最新检查点: logs/dset2_r34_20251122_161840/latest_checkpoint.pth
2025-11-22 18:21:46,058 - INFO - [DEBUG] Epoch 45: pruner.current_epoch=45, pruner.pruning_enabled=True, pruner.warmup_epochs=10
2025-11-22 18:21:53,620 - INFO - Epoch 45 | Batch 0 | Loss: 7.20 (Det: 7.11, MoE: 1.0021)
2025-11-22 18:23:01,490 - INFO - Epoch 45 | Batch 50 | Loss: 7.43 (Det: 7.33, MoE: 1.0086)
2025-11-22 18:24:35,591 - INFO - Epoch 45:
2025-11-22 18:24:35,591 - INFO -   训练损失: 7.29 | 验证损失: 0.90
2025-11-22 18:24:35,593 - INFO -   预测/目标: 201600/93434
2025-11-22 18:24:35,593 - INFO -   检测损失: 7.19
2025-11-22 18:24:35,593 - INFO -   Decoder MoE损失: 1.0001
2025-11-22 18:24:35,593 - INFO -   Encoder Patch-MoE Balance损失: 0.0166
2025-11-22 18:24:35,593 - INFO -   Encoder Patch-MoE Entropy损失: -0.6931
2025-11-22 18:24:35,593 - INFO -   Encoder MoE总损失: -0.6765
2025-11-22 18:24:35,593 - INFO -   Token Pruning损失: 0.000111
2025-11-22 18:24:35,593 - INFO -   MoE总损失: 1.0167
2025-11-22 18:24:35,593 - INFO -   Decoder专家使用率: [49.95%, 50.05%]
2025-11-22 18:24:35,593 - INFO -   🎉 新的最佳验证损失: 0.90
2025-11-22 18:24:35,593 - INFO -   🎉 新的最佳mAP: 0.5627
2025-11-22 18:24:36,454 - INFO - 💾 保存最佳模型: logs/dset2_r34_20251122_161840/best_model.pth
2025-11-22 18:25:29,221 - INFO -   每个类别的 mAP@0.5:0.95:
2025-11-22 18:25:29,222 - INFO -     Car         : 0.7685
2025-11-22 18:25:29,222 - INFO -     Truck       : 0.4606
2025-11-22 18:25:29,222 - INFO -     Van         : 0.4884
2025-11-22 18:25:29,222 - INFO -     Bus         : 0.7442
2025-11-22 18:25:29,222 - INFO -     Pedestrian  : 0.4217
2025-11-22 18:25:29,222 - INFO -     Cyclist     : 0.5284
2025-11-22 18:25:29,222 - INFO -     Motorcyclist: 0.4645
2025-11-22 18:25:29,222 - INFO -     Trafficcone : 0.6255
2025-11-22 18:25:29,362 - INFO -   ⏳ mAP_0.5_0.95 无改善 (1/35), 最佳值: 0.5627 (epoch 44)
2025-11-22 18:25:30,150 - INFO - 💾 保存最新检查点: logs/dset2_r34_20251122_161840/latest_checkpoint.pth
2025-11-22 18:25:39,045 - INFO - Epoch 46 | Batch 0 | Loss: 7.21 (Det: 7.11, MoE: 1.0005)
2025-11-22 18:26:47,000 - INFO - Epoch 46 | Batch 50 | Loss: 7.47 (Det: 7.37, MoE: 1.0079)
2025-11-22 18:28:20,638 - INFO - Epoch 46:
2025-11-22 18:28:20,639 - INFO -   训练损失: 7.29 | 验证损失: 0.90
2025-11-22 18:28:20,640 - INFO -   预测/目标: 201600/93434
2025-11-22 18:28:20,640 - INFO -   🎉 新的最佳mAP: 0.5655
2025-11-22 18:28:21,403 - INFO - 💾 保存最佳模型: logs/dset2_r34_20251122_161840/best_model.pth
2025-11-22 18:29:14,533 - INFO -   每个类别的 mAP@0.5:0.95:
2025-11-22 18:29:14,533 - INFO -     Car         : 0.7663
2025-11-22 18:29:14,533 - INFO -     Truck       : 0.4506
2025-11-22 18:29:14,533 - INFO -     Van         : 0.5005
2025-11-22 18:29:14,533 - INFO -     Bus         : 0.7491
2025-11-22 18:29:14,533 - INFO -     Pedestrian  : 0.4256
2025-11-22 18:29:14,533 - INFO -     Cyclist     : 0.5312
2025-11-22 18:29:14,533 - INFO -     Motorcyclist: 0.4750
2025-11-22 18:29:14,533 - INFO -     Trafficcone : 0.6261
2025-11-22 18:29:14,692 - INFO -   mAP_0.5_0.95 提升到 0.5655 (最佳epoch: 46)
2025-11-22 18:29:15,458 - INFO - 💾 保存最新检查点: logs/dset2_r34_20251122_161840/latest_checkpoint.pth
2025-11-22 18:29:23,991 - INFO - Epoch 47 | Batch 0 | Loss: 7.25 (Det: 7.15, MoE: 1.0161)
2025-11-22 18:30:31,938 - INFO - Epoch 47 | Batch 50 | Loss: 6.99 (Det: 6.89, MoE: 1.0013)
2025-11-22 18:32:07,481 - INFO - Epoch 47:
2025-11-22 18:32:07,481 - INFO -   训练损失: 7.23 | 验证损失: 0.90
2025-11-22 18:32:07,482 - INFO -   预测/目标: 201600/93434
2025-11-22 18:32:07,482 - INFO -   ⏳ mAP_0.5_0.95 无改善 (1/35), 最佳值: 0.5655 (epoch 46)
2025-11-22 18:32:08,252 - INFO - 💾 保存最新检查点: logs/dset2_r34_20251122_161840/latest_checkpoint.pth
2025-11-22 18:32:17,725 - INFO - Epoch 48 | Batch 0 | Loss: 7.17 (Det: 7.07, MoE: 1.0316)
2025-11-22 18:33:25,673 - INFO - Epoch 48 | Batch 50 | Loss: 7.12 (Det: 7.03, MoE: 1.0208)
2025-11-22 18:35:00,090 - INFO - Epoch 48:
2025-11-22 18:35:00,090 - INFO -   训练损失: 7.22 | 验证损失: 0.90
2025-11-22 18:35:00,091 - INFO -   预测/目标: 201600/93434
2025-11-22 18:35:00,092 - INFO -   ⏳ mAP_0.5_0.95 无改善 (2/35), 最佳值: 0.5655 (epoch 46)
2025-11-22 18:35:00,855 - INFO - 💾 保存最新检查点: logs/dset2_r34_20251122_161840/latest_checkpoint.pth
2025-11-22 18:35:08,616 - INFO - Epoch 49 | Batch 0 | Loss: 7.05 (Det: 6.95, MoE: 1.0077)
2025-11-22 18:36:17,700 - INFO - Epoch 49 | Batch 50 | Loss: 7.16 (Det: 7.06, MoE: 1.0003)
2025-11-22 18:37:53,836 - INFO - Epoch 49:
2025-11-22 18:37:53,837 - INFO -   训练损失: 7.16 | 验证损失: 0.90
2025-11-22 18:37:53,838 - INFO -   预测/目标: 201600/93434
2025-11-22 18:37:53,839 - INFO -   🎉 新的最佳验证损失: 0.90
2025-11-22 18:37:53,839 - INFO -   ⏳ mAP_0.5_0.95 无改善 (3/35), 最佳值: 0.5655 (epoch 46)
2025-11-22 18:37:54,703 - INFO - 💾 保存最新检查点: logs/dset2_r34_20251122_161840/latest_checkpoint.pth
2025-11-22 18:37:57,054 - INFO - [DEBUG] Epoch 50: pruner.current_epoch=50, pruner.pruning_enabled=True, pruner.warmup_epochs=10
2025-11-22 18:38:04,648 - INFO - Epoch 50 | Batch 0 | Loss: 7.10 (Det: 6.99, MoE: 1.0416)
2025-11-22 18:39:11,752 - INFO - Epoch 50 | Batch 50 | Loss: 7.06 (Det: 6.96, MoE: 1.0066)
2025-11-22 18:40:45,608 - INFO - Epoch 50:
2025-11-22 18:40:45,609 - INFO -   训练损失: 7.15 | 验证损失: 0.90
2025-11-22 18:40:45,610 - INFO -   预测/目标: 201600/93434
2025-11-22 18:40:45,610 - INFO -   检测损失: 7.05
2025-11-22 18:40:45,610 - INFO -   Decoder MoE损失: 1.0001
2025-11-22 18:40:45,610 - INFO -   Encoder Patch-MoE Balance损失: 0.0114
2025-11-22 18:40:45,610 - INFO -   Encoder Patch-MoE Entropy损失: -0.6931
2025-11-22 18:40:45,610 - INFO -   Encoder MoE总损失: -0.6817
2025-11-22 18:40:45,610 - INFO -   Token Pruning损失: 0.000093
2025-11-22 18:40:45,610 - INFO -   MoE总损失: 1.0115
2025-11-22 18:40:45,610 - INFO -   Decoder专家使用率: [49.97%, 50.03%]
2025-11-22 18:40:45,610 - INFO -   ⏳ mAP_0.5_0.95 无改善 (4/35), 最佳值: 0.5655 (epoch 46)
2025-11-22 18:40:46,450 - INFO - 💾 保存最新检查点: logs/dset2_r34_20251122_161840/latest_checkpoint.pth
2025-11-22 18:40:56,366 - INFO - Epoch 51 | Batch 0 | Loss: 7.08 (Det: 6.98, MoE: 1.0623)
2025-11-22 18:42:03,481 - INFO - Epoch 51 | Batch 50 | Loss: 7.12 (Det: 7.02, MoE: 1.0216)
2025-11-22 18:43:37,292 - INFO - Epoch 51:
2025-11-22 18:43:37,292 - INFO -   训练损失: 7.12 | 验证损失: 0.89
2025-11-22 18:43:37,294 - INFO -   预测/目标: 201600/93434
2025-11-22 18:43:37,294 - INFO -   🎉 新的最佳验证损失: 0.89
2025-11-22 18:43:37,294 - INFO -   🎉 新的最佳mAP: 0.5697
2025-11-22 18:43:38,134 - INFO - 💾 保存最佳模型: logs/dset2_r34_20251122_161840/best_model.pth
2025-11-22 18:44:31,698 - INFO -   每个类别的 mAP@0.5:0.95:
2025-11-22 18:44:31,698 - INFO -     Car         : 0.7665
2025-11-22 18:44:31,698 - INFO -     Truck       : 0.4653
2025-11-22 18:44:31,698 - INFO -     Van         : 0.5187
2025-11-22 18:44:31,698 - INFO -     Bus         : 0.7431
2025-11-22 18:44:31,699 - INFO -     Pedestrian  : 0.4279
2025-11-22 18:44:31,699 - INFO -     Cyclist     : 0.5353
2025-11-22 18:44:31,699 - INFO -     Motorcyclist: 0.4746
2025-11-22 18:44:31,699 - INFO -     Trafficcone : 0.6263
2025-11-22 18:44:31,882 - INFO -   mAP_0.5_0.95 提升到 0.5697 (最佳epoch: 51)
2025-11-22 18:44:32,681 - INFO - 💾 保存最新检查点: logs/dset2_r34_20251122_161840/latest_checkpoint.pth
2025-11-22 18:44:42,177 - INFO - Epoch 52 | Batch 0 | Loss: 7.07 (Det: 6.97, MoE: 1.0147)
2025-11-22 18:45:50,618 - INFO - Epoch 52 | Batch 50 | Loss: 6.99 (Det: 6.89, MoE: 1.0066)
2025-11-22 18:47:24,106 - INFO - Epoch 52:
2025-11-22 18:47:24,107 - INFO -   训练损失: 7.06 | 验证损失: 0.90
2025-11-22 18:47:24,108 - INFO -   预测/目标: 201600/93434
2025-11-22 18:47:24,109 - INFO -   ⏳ mAP_0.5_0.95 无改善 (1/35), 最佳值: 0.5697 (epoch 51)
2025-11-22 18:47:24,878 - INFO - 💾 保存最新检查点: logs/dset2_r34_20251122_161840/latest_checkpoint.pth
2025-11-22 18:47:34,523 - INFO - Epoch 53 | Batch 0 | Loss: 6.99 (Det: 6.89, MoE: 1.0342)
2025-11-22 18:48:42,145 - INFO - Epoch 53 | Batch 50 | Loss: 7.17 (Det: 7.07, MoE: 1.0002)
2025-11-22 18:50:15,560 - INFO - Epoch 53:
2025-11-22 18:50:15,561 - INFO -   训练损失: 7.06 | 验证损失: 0.90
2025-11-22 18:50:15,561 - INFO -   预测/目标: 201600/93434
2025-11-22 18:50:15,562 - INFO -   ⏳ mAP_0.5_0.95 无改善 (2/35), 最佳值: 0.5697 (epoch 51)
2025-11-22 18:50:16,311 - INFO - 💾 保存最新检查点: logs/dset2_r34_20251122_161840/latest_checkpoint.pth
2025-11-22 18:50:25,879 - INFO - Epoch 54 | Batch 0 | Loss: 7.05 (Det: 6.96, MoE: 1.0072)
2025-11-22 18:51:33,056 - INFO - Epoch 54 | Batch 50 | Loss: 6.97 (Det: 6.88, MoE: 1.0150)
2025-11-22 18:53:05,451 - INFO - Epoch 54:
2025-11-22 18:53:05,452 - INFO -   训练损失: 7.05 | 验证损失: 0.90
2025-11-22 18:53:05,453 - INFO -   预测/目标: 201600/93434
2025-11-22 18:53:05,453 - INFO -   🎉 新的最佳mAP: 0.5719
2025-11-22 18:53:06,224 - INFO - 💾 保存最佳模型: logs/dset2_r34_20251122_161840/best_model.pth
2025-11-22 18:53:59,711 - INFO -   每个类别的 mAP@0.5:0.95:
2025-11-22 18:53:59,712 - INFO -     Car         : 0.7699
2025-11-22 18:53:59,712 - INFO -     Truck       : 0.4714
2025-11-22 18:53:59,712 - INFO -     Van         : 0.5278
2025-11-22 18:53:59,712 - INFO -     Bus         : 0.7438
2025-11-22 18:53:59,712 - INFO -     Pedestrian  : 0.4290
2025-11-22 18:53:59,712 - INFO -     Cyclist     : 0.5369
2025-11-22 18:53:59,712 - INFO -     Motorcyclist: 0.4715
2025-11-22 18:53:59,712 - INFO -     Trafficcone : 0.6245
2025-11-22 18:53:59,880 - INFO -   mAP_0.5_0.95 提升到 0.5719 (最佳epoch: 54)
2025-11-22 18:54:00,684 - INFO - 💾 保存最新检查点: logs/dset2_r34_20251122_161840/latest_checkpoint.pth
2025-11-22 18:54:03,104 - INFO - [DEBUG] Epoch 55: pruner.current_epoch=55, pruner.pruning_enabled=True, pruner.warmup_epochs=10
2025-11-22 18:54:10,855 - INFO - Epoch 55 | Batch 0 | Loss: 7.41 (Det: 7.31, MoE: 1.0074)
2025-11-22 18:55:18,227 - INFO - Epoch 55 | Batch 50 | Loss: 7.02 (Det: 6.93, MoE: 1.0008)
2025-11-22 18:56:50,671 - INFO - Epoch 55:
2025-11-22 18:56:50,671 - INFO -   训练损失: 7.01 | 验证损失: 0.90
2025-11-22 18:56:50,672 - INFO -   预测/目标: 201600/93434
2025-11-22 18:56:50,673 - INFO -   检测损失: 6.91
2025-11-22 18:56:50,673 - INFO -   Decoder MoE损失: 1.0002
2025-11-22 18:56:50,673 - INFO -   Encoder Patch-MoE Balance损失: 0.0085
2025-11-22 18:56:50,673 - INFO -   Encoder Patch-MoE Entropy损失: -0.6931
2025-11-22 18:56:50,673 - INFO -   Encoder MoE总损失: -0.6846
2025-11-22 18:56:50,673 - INFO -   Token Pruning损失: 0.000090
2025-11-22 18:56:50,673 - INFO -   MoE总损失: 1.0087
2025-11-22 18:56:50,673 - INFO -   Decoder专家使用率: [50.09%, 49.91%]
2025-11-22 18:56:50,673 - INFO -   ⏳ mAP_0.5_0.95 无改善 (1/35), 最佳值: 0.5719 (epoch 54)
2025-11-22 18:56:51,495 - INFO - 💾 保存最新检查点: logs/dset2_r34_20251122_161840/latest_checkpoint.pth
2025-11-22 18:56:59,172 - INFO - Epoch 56 | Batch 0 | Loss: 7.03 (Det: 6.93, MoE: 1.0002)
2025-11-22 18:58:06,596 - INFO - Epoch 56 | Batch 50 | Loss: 6.89 (Det: 6.79, MoE: 1.0181)
2025-11-22 18:59:39,725 - INFO - Epoch 56:
2025-11-22 18:59:39,726 - INFO -   训练损失: 6.94 | 验证损失: 0.90
2025-11-22 18:59:39,727 - INFO -   预测/目标: 201600/93434
2025-11-22 18:59:39,728 - INFO -   🎉 新的最佳mAP: 0.5742
2025-11-22 18:59:40,485 - INFO - 💾 保存最佳模型: logs/dset2_r34_20251122_161840/best_model.pth
2025-11-22 19:00:33,663 - INFO -   每个类别的 mAP@0.5:0.95:
2025-11-22 19:00:33,663 - INFO -     Car         : 0.7678
2025-11-22 19:00:33,664 - INFO -     Truck       : 0.4758
2025-11-22 19:00:33,664 - INFO -     Van         : 0.5372
2025-11-22 19:00:33,664 - INFO -     Bus         : 0.7425
2025-11-22 19:00:33,664 - INFO -     Pedestrian  : 0.4313
2025-11-22 19:00:33,664 - INFO -     Cyclist     : 0.5440
2025-11-22 19:00:33,664 - INFO -     Motorcyclist: 0.4706
2025-11-22 19:00:33,664 - INFO -     Trafficcone : 0.6244
2025-11-22 19:00:33,801 - INFO -   mAP_0.5_0.95 提升到 0.5742 (最佳epoch: 56)
2025-11-22 19:00:34,585 - INFO - 💾 保存最新检查点: logs/dset2_r34_20251122_161840/latest_checkpoint.pth
2025-11-22 19:00:41,511 - INFO - Epoch 57 | Batch 0 | Loss: 7.14 (Det: 7.04, MoE: 1.0046)
2025-11-22 19:01:51,392 - INFO - Epoch 57 | Batch 50 | Loss: 7.00 (Det: 6.90, MoE: 1.0001)
2025-11-22 19:03:25,145 - INFO - Epoch 57:
2025-11-22 19:03:25,145 - INFO -   训练损失: 6.92 | 验证损失: 0.90
2025-11-22 19:03:25,146 - INFO -   预测/目标: 201600/93434
2025-11-22 19:03:25,147 - INFO -   🎉 新的最佳mAP: 0.5746
2025-11-22 19:03:25,926 - INFO - 💾 保存最佳模型: logs/dset2_r34_20251122_161840/best_model.pth
2025-11-22 19:04:19,755 - INFO -   每个类别的 mAP@0.5:0.95:
2025-11-22 19:04:19,755 - INFO -     Car         : 0.7669
2025-11-22 19:04:19,755 - INFO -     Truck       : 0.4788
2025-11-22 19:04:19,755 - INFO -     Van         : 0.5409
2025-11-22 19:04:19,755 - INFO -     Bus         : 0.7408
2025-11-22 19:04:19,755 - INFO -     Pedestrian  : 0.4318
2025-11-22 19:04:19,755 - INFO -     Cyclist     : 0.5413
2025-11-22 19:04:19,755 - INFO -     Motorcyclist: 0.4708
2025-11-22 19:04:19,755 - INFO -     Trafficcone : 0.6255
2025-11-22 19:04:19,895 - INFO -   mAP_0.5_0.95 提升到 0.5746 (最佳epoch: 57)
2025-11-22 19:04:20,658 - INFO - 💾 保存最新检查点: logs/dset2_r34_20251122_161840/latest_checkpoint.pth
2025-11-22 19:04:30,997 - INFO - Epoch 58 | Batch 0 | Loss: 6.91 (Det: 6.82, MoE: 1.0091)
2025-11-22 19:05:39,471 - INFO - Epoch 58 | Batch 50 | Loss: 6.92 (Det: 6.82, MoE: 1.0009)
2025-11-22 19:07:11,068 - INFO - Epoch 58:
2025-11-22 19:07:11,070 - INFO -   训练损失: 6.88 | 验证损失: 0.90
2025-11-22 19:07:11,070 - INFO -   预测/目标: 201600/93434
2025-11-22 19:07:11,070 - INFO -   ⏳ mAP_0.5_0.95 无改善 (1/35), 最佳值: 0.5746 (epoch 57)
2025-11-22 19:07:11,820 - INFO - 💾 保存最新检查点: logs/dset2_r34_20251122_161840/latest_checkpoint.pth
2025-11-22 19:07:20,607 - INFO - Epoch 59 | Batch 0 | Loss: 6.80 (Det: 6.71, MoE: 1.0179)
2025-11-22 19:08:28,857 - INFO - Epoch 59 | Batch 50 | Loss: 6.79 (Det: 6.69, MoE: 1.0267)
2025-11-22 19:10:01,903 - INFO - Epoch 59:
2025-11-22 19:10:01,904 - INFO -   训练损失: 6.85 | 验证损失: 0.90
2025-11-22 19:10:01,904 - INFO -   预测/目标: 201600/93434
2025-11-22 19:10:01,906 - INFO -   ⏳ mAP_0.5_0.95 无改善 (2/35), 最佳值: 0.5746 (epoch 57)
2025-11-22 19:10:02,707 - INFO - 💾 保存最新检查点: logs/dset2_r34_20251122_161840/latest_checkpoint.pth
2025-11-22 19:10:05,160 - INFO - [DEBUG] Epoch 60: pruner.current_epoch=60, pruner.pruning_enabled=True, pruner.warmup_epochs=10
2025-11-22 19:10:11,075 - INFO - Epoch 60 | Batch 0 | Loss: 6.69 (Det: 6.59, MoE: 1.0896)
2025-11-22 19:11:19,464 - INFO - Epoch 60 | Batch 50 | Loss: 6.84 (Det: 6.74, MoE: 1.0083)
2025-11-22 19:12:52,109 - INFO - Epoch 60:
2025-11-22 19:12:52,109 - INFO -   训练损失: 6.82 | 验证损失: 0.90
2025-11-22 19:12:52,110 - INFO -   预测/目标: 201600/93434
2025-11-22 19:12:52,111 - INFO -   检测损失: 6.72
2025-11-22 19:12:52,111 - INFO -   Decoder MoE损失: 1.0001
2025-11-22 19:12:52,111 - INFO -   Encoder Patch-MoE Balance损失: 0.0093
2025-11-22 19:12:52,111 - INFO -   Encoder Patch-MoE Entropy损失: -0.6931
2025-11-22 19:12:52,111 - INFO -   Encoder MoE总损失: -0.6839
2025-11-22 19:12:52,111 - INFO -   Token Pruning损失: 0.000072
2025-11-22 19:12:52,111 - INFO -   MoE总损失: 1.0094
2025-11-22 19:12:52,111 - INFO -   Decoder专家使用率: [49.95%, 50.05%]
2025-11-22 19:12:52,111 - INFO -   ⏳ mAP_0.5_0.95 无改善 (3/35), 最佳值: 0.5746 (epoch 57)
2025-11-22 19:12:52,955 - INFO - 💾 保存最新检查点: logs/dset2_r34_20251122_161840/latest_checkpoint.pth
2025-11-22 19:13:01,902 - INFO - Epoch 61 | Batch 0 | Loss: 6.83 (Det: 6.73, MoE: 1.0024)
2025-11-22 19:14:09,901 - INFO - Epoch 61 | Batch 50 | Loss: 6.78 (Det: 6.68, MoE: 1.0008)
2025-11-22 19:15:43,550 - INFO - Epoch 61:
2025-11-22 19:15:43,550 - INFO -   训练损失: 6.78 | 验证损失: 0.90
2025-11-22 19:15:43,552 - INFO -   预测/目标: 201600/93434
2025-11-22 19:15:43,552 - INFO -   ⏳ mAP_0.5_0.95 无改善 (4/35), 最佳值: 0.5746 (epoch 57)
2025-11-22 19:15:44,391 - INFO - 💾 保存最新检查点: logs/dset2_r34_20251122_161840/latest_checkpoint.pth
2025-11-22 19:15:53,938 - INFO - Epoch 62 | Batch 0 | Loss: 6.60 (Det: 6.50, MoE: 1.0309)
2025-11-22 19:17:02,163 - INFO - Epoch 62 | Batch 50 | Loss: 6.77 (Det: 6.67, MoE: 1.1077)
2025-11-22 19:18:35,904 - INFO - Epoch 62:
2025-11-22 19:18:35,904 - INFO -   训练损失: 6.77 | 验证损失: 0.90
2025-11-22 19:18:35,906 - INFO -   预测/目标: 201600/93434
2025-11-22 19:18:35,906 - INFO -   ⏳ mAP_0.5_0.95 无改善 (5/35), 最佳值: 0.5746 (epoch 57)
2025-11-22 19:18:36,529 - INFO - 💾 保存最新检查点: logs/dset2_r34_20251122_161840/latest_checkpoint.pth
2025-11-22 19:18:46,248 - INFO - Epoch 63 | Batch 0 | Loss: 6.80 (Det: 6.71, MoE: 1.0019)
2025-11-22 19:19:53,890 - INFO - Epoch 63 | Batch 50 | Loss: 6.83 (Det: 6.73, MoE: 1.0167)
2025-11-22 19:21:27,860 - INFO - Epoch 63:
2025-11-22 19:21:27,861 - INFO -   训练损失: 6.73 | 验证损失: 0.90
2025-11-22 19:21:27,862 - INFO -   预测/目标: 201600/93434
2025-11-22 19:21:27,862 - INFO -   ⏳ mAP_0.5_0.95 无改善 (6/35), 最佳值: 0.5746 (epoch 57)
2025-11-22 19:21:28,648 - INFO - 💾 保存最新检查点: logs/dset2_r34_20251122_161840/latest_checkpoint.pth
2025-11-22 19:21:38,532 - INFO - Epoch 64 | Batch 0 | Loss: 6.61 (Det: 6.51, MoE: 1.0566)
2025-11-22 19:22:46,356 - INFO - Epoch 64 | Batch 50 | Loss: 6.71 (Det: 6.61, MoE: 1.0015)
2025-11-22 19:24:19,535 - INFO - Epoch 64:
2025-11-22 19:24:19,536 - INFO -   训练损失: 6.71 | 验证损失: 0.91
2025-11-22 19:24:19,537 - INFO -   预测/目标: 201600/93434
2025-11-22 19:24:19,537 - INFO -   ⏳ mAP_0.5_0.95 无改善 (7/35), 最佳值: 0.5746 (epoch 57)
2025-11-22 19:24:20,292 - INFO - 💾 保存最新检查点: logs/dset2_r34_20251122_161840/latest_checkpoint.pth
2025-11-22 19:24:23,034 - INFO - [DEBUG] Epoch 65: pruner.current_epoch=65, pruner.pruning_enabled=True, pruner.warmup_epochs=10
2025-11-22 19:24:30,432 - INFO - Epoch 65 | Batch 0 | Loss: 6.50 (Det: 6.41, MoE: 1.0019)
2025-11-22 19:25:37,613 - INFO - Epoch 65 | Batch 50 | Loss: 6.70 (Det: 6.60, MoE: 1.0305)
2025-11-22 19:27:10,256 - INFO - Epoch 65:
2025-11-22 19:27:10,257 - INFO -   训练损失: 6.69 | 验证损失: 0.91
2025-11-22 19:27:10,258 - INFO -   预测/目标: 201600/93434
2025-11-22 19:27:10,258 - INFO -   检测损失: 6.60
2025-11-22 19:27:10,259 - INFO -   Decoder MoE损失: 1.0002
2025-11-22 19:27:10,259 - INFO -   Encoder Patch-MoE Balance损失: 0.0192
2025-11-22 19:27:10,259 - INFO -   Encoder Patch-MoE Entropy损失: -0.6931
2025-11-22 19:27:10,259 - INFO -   Encoder MoE总损失: -0.6739
2025-11-22 19:27:10,259 - INFO -   Token Pruning损失: 0.000071
2025-11-22 19:27:10,259 - INFO -   MoE总损失: 1.0194
2025-11-22 19:27:10,259 - INFO -   Decoder专家使用率: [49.99%, 50.01%]
2025-11-22 19:27:10,259 - INFO -   ⏳ mAP_0.5_0.95 无改善 (8/35), 最佳值: 0.5746 (epoch 57)
2025-11-22 19:27:11,040 - INFO - 💾 保存最新检查点: logs/dset2_r34_20251122_161840/latest_checkpoint.pth
2025-11-22 19:27:20,904 - INFO - Epoch 66 | Batch 0 | Loss: 6.69 (Det: 6.59, MoE: 1.0469)
2025-11-22 19:28:29,001 - INFO - Epoch 66 | Batch 50 | Loss: 6.79 (Det: 6.70, MoE: 1.0096)
2025-11-22 19:30:01,917 - INFO - Epoch 66:
2025-11-22 19:30:01,918 - INFO -   训练损失: 6.65 | 验证损失: 0.91
2025-11-22 19:30:01,919 - INFO -   预测/目标: 201600/93434
2025-11-22 19:30:01,919 - INFO -   ⏳ mAP_0.5_0.95 无改善 (9/35), 最佳值: 0.5746 (epoch 57)
2025-11-22 19:30:03,049 - INFO - 💾 保存最新检查点: logs/dset2_r34_20251122_161840/latest_checkpoint.pth
2025-11-22 19:30:13,322 - INFO - Epoch 67 | Batch 0 | Loss: 6.66 (Det: 6.56, MoE: 1.0027)
2025-11-22 19:31:20,981 - INFO - Epoch 67 | Batch 50 | Loss: 6.70 (Det: 6.60, MoE: 1.0041)
2025-11-22 19:32:53,422 - INFO - Epoch 67:
2025-11-22 19:32:53,423 - INFO -   训练损失: 6.64 | 验证损失: 0.91
2025-11-22 19:32:53,423 - INFO -   预测/目标: 201600/93434
2025-11-22 19:32:53,423 - INFO -   ⏳ mAP_0.5_0.95 无改善 (10/35), 最佳值: 0.5746 (epoch 57)
2025-11-22 19:32:54,231 - INFO - 💾 保存最新检查点: logs/dset2_r34_20251122_161840/latest_checkpoint.pth
2025-11-22 19:33:04,630 - INFO - Epoch 68 | Batch 0 | Loss: 6.62 (Det: 6.52, MoE: 1.0343)
2025-11-22 19:34:12,630 - INFO - Epoch 68 | Batch 50 | Loss: 6.50 (Det: 6.40, MoE: 1.0000)
2025-11-22 19:35:45,514 - INFO - Epoch 68:
2025-11-22 19:35:45,515 - INFO -   训练损失: 6.59 | 验证损失: 0.91
2025-11-22 19:35:45,515 - INFO -   预测/目标: 201600/93434
2025-11-22 19:35:45,516 - INFO -   ⏳ mAP_0.5_0.95 无改善 (11/35), 最佳值: 0.5746 (epoch 57)
2025-11-22 19:35:46,369 - INFO - 💾 保存最新检查点: logs/dset2_r34_20251122_161840/latest_checkpoint.pth
2025-11-22 19:35:56,738 - INFO - Epoch 69 | Batch 0 | Loss: 6.45 (Det: 6.36, MoE: 1.0005)
2025-11-22 19:37:04,588 - INFO - Epoch 69 | Batch 50 | Loss: 6.48 (Det: 6.38, MoE: 1.0143)
2025-11-22 19:38:38,466 - INFO - Epoch 69:
2025-11-22 19:38:38,467 - INFO -   训练损失: 6.57 | 验证损失: 0.91
2025-11-22 19:38:38,468 - INFO -   预测/目标: 201600/93434
2025-11-22 19:38:38,469 - INFO -   ⏳ mAP_0.5_0.95 无改善 (12/35), 最佳值: 0.5746 (epoch 57)
2025-11-22 19:38:39,310 - INFO - 💾 保存最新检查点: logs/dset2_r34_20251122_161840/latest_checkpoint.pth
2025-11-22 19:38:41,785 - INFO - [DEBUG] Epoch 70: pruner.current_epoch=70, pruner.pruning_enabled=True, pruner.warmup_epochs=10
2025-11-22 19:38:48,481 - INFO - Epoch 70 | Batch 0 | Loss: 6.51 (Det: 6.42, MoE: 1.0056)
2025-11-22 19:39:56,983 - INFO - Epoch 70 | Batch 50 | Loss: 6.65 (Det: 6.54, MoE: 1.0473)
2025-11-22 19:41:30,970 - INFO - Epoch 70:
2025-11-22 19:41:30,970 - INFO -   训练损失: 6.55 | 验证损失: 0.91
2025-11-22 19:41:30,971 - INFO -   预测/目标: 201600/93434
2025-11-22 19:41:30,972 - INFO -   检测损失: 6.45
2025-11-22 19:41:30,972 - INFO -   Decoder MoE损失: 1.0001
2025-11-22 19:41:30,972 - INFO -   Encoder Patch-MoE Balance损失: 0.0264
2025-11-22 19:41:30,972 - INFO -   Encoder Patch-MoE Entropy损失: -0.6931
2025-11-22 19:41:30,972 - INFO -   Encoder MoE总损失: -0.6668
2025-11-22 19:41:30,972 - INFO -   Token Pruning损失: 0.000060
2025-11-22 19:41:30,972 - INFO -   MoE总损失: 1.0264
2025-11-22 19:41:30,972 - INFO -   Decoder专家使用率: [49.96%, 50.04%]
2025-11-22 19:41:30,972 - INFO -   ⏳ mAP_0.5_0.95 无改善 (13/35), 最佳值: 0.5746 (epoch 57)
2025-11-22 19:41:31,734 - INFO - 💾 保存最新检查点: logs/dset2_r34_20251122_161840/latest_checkpoint.pth
2025-11-22 19:41:41,798 - INFO - Epoch 71 | Batch 0 | Loss: 6.32 (Det: 6.22, MoE: 1.0645)
2025-11-22 19:42:49,077 - INFO - Epoch 71 | Batch 50 | Loss: 6.63 (Det: 6.54, MoE: 1.0027)
2025-11-22 19:44:22,585 - INFO - Epoch 71:
2025-11-22 19:44:22,586 - INFO -   训练损失: 6.53 | 验证损失: 0.92
2025-11-22 19:44:22,586 - INFO -   预测/目标: 201600/93434
2025-11-22 19:44:22,588 - INFO -   ⏳ mAP_0.5_0.95 无改善 (14/35), 最佳值: 0.5746 (epoch 57)
2025-11-22 19:44:23,360 - INFO - 💾 保存最新检查点: logs/dset2_r34_20251122_161840/latest_checkpoint.pth
2025-11-22 19:44:30,940 - INFO - Epoch 72 | Batch 0 | Loss: 6.33 (Det: 6.23, MoE: 1.0005)
2025-11-22 19:45:38,820 - INFO - Epoch 72 | Batch 50 | Loss: 6.51 (Det: 6.41, MoE: 1.0006)
2025-11-22 19:47:11,641 - INFO - Epoch 72:
2025-11-22 19:47:11,642 - INFO -   训练损失: 6.49 | 验证损失: 0.91
2025-11-22 19:47:11,642 - INFO -   预测/目标: 201600/93434
2025-11-22 19:47:11,643 - INFO -   ⏳ mAP_0.5_0.95 无改善 (15/35), 最佳值: 0.5746 (epoch 57)
2025-11-22 19:47:12,419 - INFO - 💾 保存最新检查点: logs/dset2_r34_20251122_161840/latest_checkpoint.pth
2025-11-22 19:47:22,368 - INFO - Epoch 73 | Batch 0 | Loss: 6.36 (Det: 6.27, MoE: 1.0036)
2025-11-22 19:48:30,313 - INFO - Epoch 73 | Batch 50 | Loss: 6.46 (Det: 6.36, MoE: 1.0100)
2025-11-22 19:50:05,358 - INFO - Epoch 73:
2025-11-22 19:50:05,359 - INFO -   训练损失: 6.49 | 验证损失: 0.92
2025-11-22 19:50:05,360 - INFO -   预测/目标: 201600/93434
2025-11-22 19:50:05,361 - INFO -   ⏳ mAP_0.5_0.95 无改善 (16/35), 最佳值: 0.5746 (epoch 57)
2025-11-22 19:50:06,184 - INFO - 💾 保存最新检查点: logs/dset2_r34_20251122_161840/latest_checkpoint.pth
2025-11-22 19:50:15,139 - INFO - Epoch 74 | Batch 0 | Loss: 6.37 (Det: 6.27, MoE: 1.0311)
2025-11-22 19:51:23,121 - INFO - Epoch 74 | Batch 50 | Loss: 6.50 (Det: 6.40, MoE: 1.0233)
2025-11-22 19:52:55,607 - INFO - Epoch 74:
2025-11-22 19:52:55,608 - INFO -   训练损失: 6.45 | 验证损失: 0.92
2025-11-22 19:52:55,609 - INFO -   预测/目标: 201600/93434
2025-11-22 19:52:55,610 - INFO -   ⏳ mAP_0.5_0.95 无改善 (17/35), 最佳值: 0.5746 (epoch 57)
2025-11-22 19:52:56,389 - INFO - 💾 保存最新检查点: logs/dset2_r34_20251122_161840/latest_checkpoint.pth
2025-11-22 19:52:58,871 - INFO - [DEBUG] Epoch 75: pruner.current_epoch=75, pruner.pruning_enabled=True, pruner.warmup_epochs=10
2025-11-22 19:53:06,602 - INFO - Epoch 75 | Batch 0 | Loss: 6.67 (Det: 6.57, MoE: 1.0002)
2025-11-22 19:54:13,481 - INFO - Epoch 75 | Batch 50 | Loss: 6.17 (Det: 6.08, MoE: 1.0001)
2025-11-22 19:55:46,316 - INFO - Epoch 75:
2025-11-22 19:55:46,317 - INFO -   训练损失: 6.40 | 验证损失: 0.92
2025-11-22 19:55:46,318 - INFO -   预测/目标: 201600/93434
2025-11-22 19:55:46,318 - INFO -   检测损失: 6.31
2025-11-22 19:55:46,318 - INFO -   Decoder MoE损失: 1.0000
2025-11-22 19:55:46,318 - INFO -   Encoder Patch-MoE Balance损失: 0.0118
2025-11-22 19:55:46,318 - INFO -   Encoder Patch-MoE Entropy损失: -0.6931
2025-11-22 19:55:46,318 - INFO -   Encoder MoE总损失: -0.6813
2025-11-22 19:55:46,318 - INFO -   Token Pruning损失: 0.000053
2025-11-22 19:55:46,318 - INFO -   MoE总损失: 1.0118
2025-11-22 19:55:46,318 - INFO -   Decoder专家使用率: [50.00%, 50.00%]
2025-11-22 19:55:46,318 - INFO -   ⏳ mAP_0.5_0.95 无改善 (18/35), 最佳值: 0.5746 (epoch 57)
2025-11-22 19:55:47,073 - INFO - 💾 保存最新检查点: logs/dset2_r34_20251122_161840/latest_checkpoint.pth
2025-11-22 19:55:57,282 - INFO - Epoch 76 | Batch 0 | Loss: 6.33 (Det: 6.23, MoE: 1.0221)
2025-11-22 19:57:03,863 - INFO - Epoch 76 | Batch 50 | Loss: 6.41 (Det: 6.31, MoE: 1.0025)
2025-11-22 19:58:35,975 - INFO - Epoch 76:
2025-11-22 19:58:35,976 - INFO -   训练损失: 6.38 | 验证损失: 0.92
2025-11-22 19:58:35,977 - INFO -   预测/目标: 201600/93434
2025-11-22 19:58:35,977 - INFO -   ⏳ mAP_0.5_0.95 无改善 (19/35), 最佳值: 0.5746 (epoch 57)
2025-11-22 19:58:36,650 - INFO - 💾 保存最新检查点: logs/dset2_r34_20251122_161840/latest_checkpoint.pth
2025-11-22 19:58:46,652 - INFO - Epoch 77 | Batch 0 | Loss: 6.27 (Det: 6.17, MoE: 1.0046)
2025-11-22 19:59:54,399 - INFO - Epoch 77 | Batch 50 | Loss: 6.40 (Det: 6.30, MoE: 1.0007)
2025-11-22 20:01:27,314 - INFO - Epoch 77:
2025-11-22 20:01:27,315 - INFO -   训练损失: 6.33 | 验证损失: 0.93
2025-11-22 20:01:27,316 - INFO -   预测/目标: 201600/93434
2025-11-22 20:01:27,316 - INFO -   ⏳ mAP_0.5_0.95 无改善 (20/35), 最佳值: 0.5746 (epoch 57)
2025-11-22 20:01:28,072 - INFO - 💾 保存最新检查点: logs/dset2_r34_20251122_161840/latest_checkpoint.pth
2025-11-22 20:01:36,121 - INFO - Epoch 78 | Batch 0 | Loss: 6.23 (Det: 6.14, MoE: 1.0114)
2025-11-22 20:02:43,768 - INFO - Epoch 78 | Batch 50 | Loss: 6.44 (Det: 6.34, MoE: 1.0069)
2025-11-22 20:04:15,925 - INFO - Epoch 78:
2025-11-22 20:04:15,927 - INFO -   训练损失: 6.33 | 验证损失: 0.93
2025-11-22 20:04:15,927 - INFO -   预测/目标: 201600/93434
2025-11-22 20:04:15,927 - INFO -   ⏳ mAP_0.5_0.95 无改善 (21/35), 最佳值: 0.5746 (epoch 57)
2025-11-22 20:04:16,688 - INFO - 💾 保存最新检查点: logs/dset2_r34_20251122_161840/latest_checkpoint.pth
2025-11-22 20:04:25,986 - INFO - Epoch 79 | Batch 0 | Loss: 6.42 (Det: 6.32, MoE: 1.0189)
2025-11-22 20:05:33,551 - INFO - Epoch 79 | Batch 50 | Loss: 6.27 (Det: 6.17, MoE: 1.0008)
2025-11-22 20:07:07,579 - INFO - Epoch 79:
2025-11-22 20:07:07,580 - INFO -   训练损失: 6.31 | 验证损失: 0.93
2025-11-22 20:07:07,581 - INFO -   预测/目标: 201600/93434
2025-11-22 20:07:07,582 - INFO -   ⏳ mAP_0.5_0.95 无改善 (22/35), 最佳值: 0.5746 (epoch 57)
2025-11-22 20:07:08,339 - INFO - 💾 保存最新检查点: logs/dset2_r34_20251122_161840/latest_checkpoint.pth
2025-11-22 20:07:11,176 - INFO - [DEBUG] Epoch 80: pruner.current_epoch=80, pruner.pruning_enabled=True, pruner.warmup_epochs=10
2025-11-22 20:07:18,559 - INFO - Epoch 80 | Batch 0 | Loss: 6.25 (Det: 6.15, MoE: 1.0232)
2025-11-22 20:08:25,165 - INFO - Epoch 80 | Batch 50 | Loss: 6.51 (Det: 6.42, MoE: 1.0003)
2025-11-22 20:09:58,945 - INFO - Epoch 80:
2025-11-22 20:09:58,945 - INFO -   训练损失: 6.29 | 验证损失: 0.93
2025-11-22 20:09:58,947 - INFO -   预测/目标: 201600/93434
2025-11-22 20:09:58,947 - INFO -   检测损失: 6.19
2025-11-22 20:09:58,947 - INFO -   Decoder MoE损失: 1.0001
2025-11-22 20:09:58,947 - INFO -   Encoder Patch-MoE Balance损失: 0.0162
2025-11-22 20:09:58,947 - INFO -   Encoder Patch-MoE Entropy损失: -0.6931
2025-11-22 20:09:58,947 - INFO -   Encoder MoE总损失: -0.6769
2025-11-22 20:09:58,947 - INFO -   Token Pruning损失: 0.000049
2025-11-22 20:09:58,947 - INFO -   MoE总损失: 1.0163
2025-11-22 20:09:58,947 - INFO -   Decoder专家使用率: [49.99%, 50.01%]
2025-11-22 20:09:58,947 - INFO -   ⏳ mAP_0.5_0.95 无改善 (23/35), 最佳值: 0.5746 (epoch 57)
2025-11-22 20:09:59,715 - INFO - 💾 保存最新检查点: logs/dset2_r34_20251122_161840/latest_checkpoint.pth
2025-11-22 20:10:07,411 - INFO - Epoch 81 | Batch 0 | Loss: 6.29 (Det: 6.19, MoE: 1.0001)
2025-11-22 20:11:14,243 - INFO - Epoch 81 | Batch 50 | Loss: 6.18 (Det: 6.09, MoE: 1.0019)
2025-11-22 20:12:46,688 - INFO - Epoch 81:
2025-11-22 20:12:46,689 - INFO -   训练损失: 6.24 | 验证损失: 0.93
2025-11-22 20:12:46,690 - INFO -   预测/目标: 201600/93434
2025-11-22 20:12:46,690 - INFO -   ⏳ mAP_0.5_0.95 无改善 (24/35), 最佳值: 0.5746 (epoch 57)
2025-11-22 20:12:47,441 - INFO - 💾 保存最新检查点: logs/dset2_r34_20251122_161840/latest_checkpoint.pth
2025-11-22 20:12:55,109 - INFO - Epoch 82 | Batch 0 | Loss: 6.05 (Det: 5.95, MoE: 1.0063)
2025-11-22 20:14:02,727 - INFO - Epoch 82 | Batch 50 | Loss: 6.08 (Det: 5.98, MoE: 1.0650)
2025-11-22 20:15:36,611 - INFO - Epoch 82:
2025-11-22 20:15:36,613 - INFO -   训练损失: 6.21 | 验证损失: 0.94
2025-11-22 20:15:36,616 - INFO -   预测/目标: 201600/93434
2025-11-22 20:15:36,616 - INFO -   ⏳ mAP_0.5_0.95 无改善 (25/35), 最佳值: 0.5746 (epoch 57)
2025-11-22 20:15:37,376 - INFO - 💾 保存最新检查点: logs/dset2_r34_20251122_161840/latest_checkpoint.pth
2025-11-22 20:15:47,924 - INFO - Epoch 83 | Batch 0 | Loss: 6.19 (Det: 6.09, MoE: 1.0748)
2025-11-22 20:16:54,433 - INFO - Epoch 83 | Batch 50 | Loss: 6.15 (Det: 6.05, MoE: 1.0558)
2025-11-22 20:18:26,711 - INFO - Epoch 83:
2025-11-22 20:18:26,712 - INFO -   训练损失: 6.23 | 验证损失: 0.94
2025-11-22 20:18:26,713 - INFO -   预测/目标: 201600/93434
2025-11-22 20:18:26,713 - INFO -   ⏳ mAP_0.5_0.95 无改善 (26/35), 最佳值: 0.5746 (epoch 57)
2025-11-22 20:18:27,479 - INFO - 💾 保存最新检查点: logs/dset2_r34_20251122_161840/latest_checkpoint.pth
2025-11-22 20:18:34,868 - INFO - Epoch 84 | Batch 0 | Loss: 6.11 (Det: 6.00, MoE: 1.1108)
2025-11-22 20:19:42,388 - INFO - Epoch 84 | Batch 50 | Loss: 6.20 (Det: 6.10, MoE: 1.0017)
2025-11-22 20:21:15,921 - INFO - Epoch 84:
2025-11-22 20:21:15,922 - INFO -   训练损失: 6.18 | 验证损失: 0.94
2025-11-22 20:21:15,923 - INFO -   预测/目标: 201600/93434
2025-11-22 20:21:15,923 - INFO -   ⏳ mAP_0.5_0.95 无改善 (27/35), 最佳值: 0.5746 (epoch 57)
2025-11-22 20:21:16,641 - INFO - 💾 保存最新检查点: logs/dset2_r34_20251122_161840/latest_checkpoint.pth
2025-11-22 20:21:19,002 - INFO - [DEBUG] Epoch 85: pruner.current_epoch=85, pruner.pruning_enabled=True, pruner.warmup_epochs=10
2025-11-22 20:21:25,874 - INFO - Epoch 85 | Batch 0 | Loss: 6.16 (Det: 6.06, MoE: 1.0029)
2025-11-22 20:22:32,843 - INFO - Epoch 85 | Batch 50 | Loss: 6.07 (Det: 5.97, MoE: 1.0863)
2025-11-22 20:24:05,667 - INFO - Epoch 85:
2025-11-22 20:24:05,668 - INFO -   训练损失: 6.15 | 验证损失: 0.94
2025-11-22 20:24:05,669 - INFO -   预测/目标: 201600/93434
2025-11-22 20:24:05,670 - INFO -   检测损失: 6.05
2025-11-22 20:24:05,670 - INFO -   Decoder MoE损失: 1.0001
2025-11-22 20:24:05,670 - INFO -   Encoder Patch-MoE Balance损失: 0.0585
2025-11-22 20:24:05,670 - INFO -   Encoder Patch-MoE Entropy损失: -0.6931
2025-11-22 20:24:05,670 - INFO -   Encoder MoE总损失: -0.6346
2025-11-22 20:24:05,670 - INFO -   Token Pruning损失: 0.000051
2025-11-22 20:24:05,670 - INFO -   MoE总损失: 1.0586
2025-11-22 20:24:05,670 - INFO -   Decoder专家使用率: [49.95%, 50.05%]
2025-11-22 20:24:05,670 - INFO -   ⏳ mAP_0.5_0.95 无改善 (28/35), 最佳值: 0.5746 (epoch 57)
2025-11-22 20:24:06,728 - INFO - 💾 保存最新检查点: logs/dset2_r34_20251122_161840/latest_checkpoint.pth
2025-11-22 20:24:14,982 - INFO - Epoch 86 | Batch 0 | Loss: 6.13 (Det: 6.03, MoE: 1.0630)
2025-11-22 20:25:21,803 - INFO - Epoch 86 | Batch 50 | Loss: 6.16 (Det: 6.06, MoE: 1.0125)
2025-11-22 20:26:55,454 - INFO - Epoch 86:
2025-11-22 20:26:55,456 - INFO -   训练损失: 6.12 | 验证损失: 0.94
2025-11-22 20:26:55,457 - INFO -   预测/目标: 201600/93434
2025-11-22 20:26:55,457 - INFO -   ⏳ mAP_0.5_0.95 无改善 (29/35), 最佳值: 0.5746 (epoch 57)
2025-11-22 20:26:56,260 - INFO - 💾 保存最新检查点: logs/dset2_r34_20251122_161840/latest_checkpoint.pth
2025-11-22 20:27:05,437 - INFO - Epoch 87 | Batch 0 | Loss: 6.10 (Det: 6.00, MoE: 1.0685)
2025-11-22 20:28:11,665 - INFO - Epoch 87 | Batch 50 | Loss: 6.12 (Det: 6.02, MoE: 1.0013)
2025-11-22 20:29:44,773 - INFO - Epoch 87:
2025-11-22 20:29:44,773 - INFO -   训练损失: 6.11 | 验证损失: 0.94
2025-11-22 20:29:44,773 - INFO -   预测/目标: 201600/93434
2025-11-22 20:29:44,775 - INFO -   ⏳ mAP_0.5_0.95 无改善 (30/35), 最佳值: 0.5746 (epoch 57)
2025-11-22 20:29:45,588 - INFO - 💾 保存最新检查点: logs/dset2_r34_20251122_161840/latest_checkpoint.pth
2025-11-22 20:29:53,418 - INFO - Epoch 88 | Batch 0 | Loss: 6.21 (Det: 6.11, MoE: 1.0123)
2025-11-22 20:31:02,034 - INFO - Epoch 88 | Batch 50 | Loss: 5.92 (Det: 5.82, MoE: 1.0043)
2025-11-22 20:32:36,123 - INFO - Epoch 88:
2025-11-22 20:32:36,124 - INFO -   训练损失: 6.06 | 验证损失: 0.95
2025-11-22 20:32:36,125 - INFO -   预测/目标: 201600/93434
2025-11-22 20:32:36,125 - INFO -   ⏳ mAP_0.5_0.95 无改善 (31/35), 最佳值: 0.5746 (epoch 57)
2025-11-22 20:32:36,863 - INFO - 💾 保存最新检查点: logs/dset2_r34_20251122_161840/latest_checkpoint.pth
2025-11-22 20:32:44,920 - INFO - Epoch 89 | Batch 0 | Loss: 6.11 (Det: 6.00, MoE: 1.0626)
2025-11-22 20:33:52,180 - INFO - Epoch 89 | Batch 50 | Loss: 5.93 (Det: 5.83, MoE: 1.0407)
2025-11-22 20:35:24,975 - INFO - Epoch 89:
2025-11-22 20:35:24,976 - INFO -   训练损失: 6.07 | 验证损失: 0.95
2025-11-22 20:35:24,977 - INFO -   预测/目标: 201600/93434
2025-11-22 20:35:24,978 - INFO -   ⏳ mAP_0.5_0.95 无改善 (32/35), 最佳值: 0.5746 (epoch 57)
2025-11-22 20:35:25,733 - INFO - 💾 保存最新检查点: logs/dset2_r34_20251122_161840/latest_checkpoint.pth
2025-11-22 20:35:28,066 - INFO - [DEBUG] Epoch 90: pruner.current_epoch=90, pruner.pruning_enabled=True, pruner.warmup_epochs=10
2025-11-22 20:35:32,692 - INFO - Epoch 90 | Batch 0 | Loss: 6.16 (Det: 6.06, MoE: 1.0298)
2025-11-22 20:36:39,754 - INFO - Epoch 90 | Batch 50 | Loss: 5.92 (Det: 5.83, MoE: 1.0082)
2025-11-22 20:38:12,791 - INFO - Epoch 90:
2025-11-22 20:38:12,792 - INFO -   训练损失: 6.05 | 验证损失: 0.95
2025-11-22 20:38:12,793 - INFO -   预测/目标: 201600/93434
2025-11-22 20:38:12,793 - INFO -   检测损失: 5.95
2025-11-22 20:38:12,793 - INFO -   Decoder MoE损失: 1.0000
2025-11-22 20:38:12,793 - INFO -   Encoder Patch-MoE Balance损失: 0.0115
2025-11-22 20:38:12,793 - INFO -   Encoder Patch-MoE Entropy损失: -0.6931
2025-11-22 20:38:12,793 - INFO -   Encoder MoE总损失: -0.6816
2025-11-22 20:38:12,793 - INFO -   Token Pruning损失: 0.000047
2025-11-22 20:38:12,793 - INFO -   MoE总损失: 1.0116
2025-11-22 20:38:12,793 - INFO -   Decoder专家使用率: [49.89%, 50.11%]
2025-11-22 20:38:12,793 - INFO -   ⏳ mAP_0.5_0.95 无改善 (33/35), 最佳值: 0.5746 (epoch 57)
2025-11-22 20:38:13,575 - INFO - 💾 保存最新检查点: logs/dset2_r34_20251122_161840/latest_checkpoint.pth
2025-11-22 20:38:23,340 - INFO - Epoch 91 | Batch 0 | Loss: 6.09 (Det: 5.99, MoE: 1.0025)
2025-11-22 20:39:30,181 - INFO - Epoch 91 | Batch 50 | Loss: 6.13 (Det: 6.04, MoE: 1.0012)
2025-11-22 20:41:04,335 - INFO - Epoch 91:
2025-11-22 20:41:04,335 - INFO -   训练损失: 6.04 | 验证损失: 0.95
2025-11-22 20:41:04,336 - INFO -   预测/目标: 201600/93434
2025-11-22 20:41:04,337 - INFO -   ⏳ mAP_0.5_0.95 无改善 (34/35), 最佳值: 0.5746 (epoch 57)
2025-11-22 20:41:05,129 - INFO - 💾 保存最新检查点: logs/dset2_r34_20251122_161840/latest_checkpoint.pth
2025-11-22 20:41:14,412 - INFO - Epoch 92 | Batch 0 | Loss: 5.94 (Det: 5.84, MoE: 1.0216)
2025-11-22 20:42:21,507 - INFO - Epoch 92 | Batch 50 | Loss: 6.03 (Det: 5.93, MoE: 1.0130)
2025-11-22 20:43:54,660 - INFO - Epoch 92:
2025-11-22 20:43:54,661 - INFO -   训练损失: 5.99 | 验证损失: 0.95
2025-11-22 20:43:54,661 - INFO -   预测/目标: 201600/93434
2025-11-22 20:43:54,662 - INFO -   ⏳ mAP_0.5_0.95 无改善 (35/35), 最佳值: 0.5746 (epoch 57)
2025-11-22 20:43:54,663 - INFO - 
============================================================
⛔ Early Stopping触发！
   已连续 35 个epoch无改善
   最佳 mAP_0.5_0.95: 0.5746 (epoch 57)
============================================================

2025-11-22 20:43:54,663 - INFO - Early Stopping在epoch 92触发，停止训练
2025-11-22 20:43:54,663 - INFO - ✓ 训练完成！
2025-11-22 20:43:57,328 - INFO - ✓ 训练曲线已保存到: logs/dset2_r34_20251122_161840/training_curves.png
2025-11-22 20:43:57,328 - INFO - ✓ 训练历史已导出到: logs/dset2_r34_20251122_161840/training_history.csv
2025-11-22 20:43:57,328 - INFO - ============================================================
2025-11-22 20:43:57,328 - INFO - 使用best_model生成推理结果（5张图像）...
2025-11-22 20:44:01,409 - INFO -   生成best_model推理结果（前5张）...
2025-11-22 20:44:02,003 - INFO -   ✓ 推理结果已保存到: logs/dset2_r34_20251122_161840/inference_samples
