2025-12-01 11:05:41,483 - INFO - ✓ 配置已保存到: logs/yolo_v8s_20251201_110541/config.yaml
2025-12-01 11:05:41,483 - INFO - ✓ 初始化YOLOv8训练器
2025-12-01 11:05:41,483 - INFO -   类别数量: 8
2025-12-01 11:05:41,483 - INFO -   类别: Car, Truck, Van, Bus, Pedestrian, Cyclist, Motorcyclist, Trafficcone
2025-12-01 11:05:41,485 - INFO - ✓ 配置已保存到: logs/yolo_v8s_20251201_110541/config.yaml
2025-12-01 11:05:41,485 - INFO - ================================================================================
2025-12-01 11:05:41,485 - INFO - 🚀 开始YOLOv8训练
2025-12-01 11:05:41,485 - INFO - ================================================================================
2025-12-01 11:05:41,485 - INFO - ✓ 加载预训练权重: /root/autodl-tmp/DSET/experiments/yolov8/pretrained/yolov8s.pt
2025-12-01 11:05:41,558 - INFO -   模型将在训练时自动适配 8 类（从data.yaml读取）
2025-12-01 11:05:41,561 - INFO - 📝 训练配置:
2025-12-01 11:05:41,561 - INFO -   数据集路径: /root/autodl-fs/datasets/DAIR-V2X_YOLO/dairv2x.yaml
2025-12-01 11:05:41,561 - INFO -   训练轮数: 200
2025-12-01 11:05:41,561 - INFO -   批次大小: 32
2025-12-01 11:05:41,561 - INFO -   优化器: auto
2025-12-01 11:05:41,561 - INFO -   初始学习率: 0.01
2025-12-01 11:05:41,561 - INFO -   Weight decay: 0.0005
2025-12-01 11:05:41,561 - INFO -   输出目录: logs/yolo_v8s_20251201_110541
2025-12-01 11:05:41,561 - INFO -   预训练权重: pretrained/yolov8s.pt
2025-12-01 11:05:41,561 - INFO - ================================================================================
2025-12-01 11:05:41,561 - INFO - 训练配置摘要:
2025-12-01 11:05:41,561 - INFO -   - 训练轮数: 200
2025-12-01 11:05:41,561 - INFO -   - 批次大小: 32
2025-12-01 11:05:41,561 - INFO -   - 优化器: auto
2025-12-01 11:05:41,561 - INFO -   - 初始学习率: 0.01
2025-12-01 11:05:41,561 - INFO -   - Weight decay: 0.0005
2025-12-01 11:05:41,561 - INFO -   - Warmup轮数: 3.0
2025-12-01 11:05:41,561 - INFO -   - 设备: cuda
2025-12-01 11:05:41,561 - INFO - ================================================================================
2025-12-01 11:05:41,561 - INFO - 开始训练 200 epochs
2025-12-01 14:00:39,561 - INFO - ================================================================================
2025-12-01 14:00:39,562 - INFO - ✅ 训练完成！
2025-12-01 14:00:39,562 - INFO - ================================================================================
2025-12-01 14:00:39,571 - INFO - ================================================================================
2025-12-01 14:00:39,571 - INFO - 训练过程摘要（按RT-DETR格式）:
2025-12-01 14:00:39,571 - INFO - ================================================================================
2025-12-01 14:00:39,571 - INFO - Epoch 1:
2025-12-01 14:00:39,571 - INFO -   训练损失: 3.61 | 验证损失: 2.57
2025-12-01 14:00:39,571 - INFO -   mAP@0.5: 0.8013
2025-12-01 14:00:39,572 - INFO -   mAP@0.5:0.95: 0.5644
2025-12-01 14:00:39,572 - INFO - Epoch 2:
2025-12-01 14:00:39,572 - INFO -   训练损失: 2.56 | 验证损失: 2.59
2025-12-01 14:00:39,572 - INFO -   mAP@0.5: 0.8502
2025-12-01 14:00:39,572 - INFO -   mAP@0.5:0.95: 0.6006
2025-12-01 14:00:39,572 - INFO - Epoch 3:
2025-12-01 14:00:39,572 - INFO -   训练损失: 2.56 | 验证损失: 2.55
2025-12-01 14:00:39,572 - INFO -   mAP@0.5: 0.8568
2025-12-01 14:00:39,572 - INFO -   mAP@0.5:0.95: 0.6192
2025-12-01 14:00:39,572 - INFO - Epoch 4:
2025-12-01 14:00:39,572 - INFO -   训练损失: 2.52 | 验证损失: 2.50
2025-12-01 14:00:39,572 - INFO -   mAP@0.5: 0.8788
2025-12-01 14:00:39,572 - INFO -   mAP@0.5:0.95: 0.6341
2025-12-01 14:00:39,572 - INFO - Epoch 5:
2025-12-01 14:00:39,572 - INFO -   训练损失: 2.44 | 验证损失: 2.42
2025-12-01 14:00:39,572 - INFO -   mAP@0.5: 0.8735
2025-12-01 14:00:39,572 - INFO -   mAP@0.5:0.95: 0.6476
2025-12-01 14:00:39,572 - INFO - Epoch 6:
2025-12-01 14:00:39,572 - INFO -   训练损失: 2.39 | 验证损失: 2.41
2025-12-01 14:00:39,572 - INFO -   mAP@0.5: 0.8700
2025-12-01 14:00:39,572 - INFO -   mAP@0.5:0.95: 0.6459
2025-12-01 14:00:39,572 - INFO - Epoch 7:
2025-12-01 14:00:39,572 - INFO -   训练损失: 2.36 | 验证损失: 2.36
2025-12-01 14:00:39,572 - INFO -   mAP@0.5: 0.8876
2025-12-01 14:00:39,572 - INFO -   mAP@0.5:0.95: 0.6635
2025-12-01 14:00:39,572 - INFO - Epoch 8:
2025-12-01 14:00:39,572 - INFO -   训练损失: 2.33 | 验证损失: 2.36
2025-12-01 14:00:39,572 - INFO -   mAP@0.5: 0.8868
2025-12-01 14:00:39,572 - INFO -   mAP@0.5:0.95: 0.6631
2025-12-01 14:00:39,573 - INFO - Epoch 9:
2025-12-01 14:00:39,573 - INFO -   训练损失: 2.31 | 验证损失: 2.38
2025-12-01 14:00:39,573 - INFO -   mAP@0.5: 0.8644
2025-12-01 14:00:39,573 - INFO -   mAP@0.5:0.95: 0.6442
2025-12-01 14:00:39,573 - INFO - Epoch 10:
2025-12-01 14:00:39,573 - INFO -   训练损失: 2.30 | 验证损失: 2.42
2025-12-01 14:00:39,573 - INFO -   mAP@0.5: 0.8623
2025-12-01 14:00:39,573 - INFO -   mAP@0.5:0.95: 0.6327
2025-12-01 14:00:39,573 - INFO - Epoch 11:
2025-12-01 14:00:39,573 - INFO -   训练损失: 2.28 | 验证损失: 2.35
2025-12-01 14:00:39,573 - INFO -   mAP@0.5: 0.8844
2025-12-01 14:00:39,573 - INFO -   mAP@0.5:0.95: 0.6623
2025-12-01 14:00:39,573 - INFO - Epoch 12:
2025-12-01 14:00:39,573 - INFO -   训练损失: 2.27 | 验证损失: 2.34
2025-12-01 14:00:39,573 - INFO -   mAP@0.5: 0.8807
2025-12-01 14:00:39,573 - INFO -   mAP@0.5:0.95: 0.6628
2025-12-01 14:00:39,573 - INFO - Epoch 13:
2025-12-01 14:00:39,573 - INFO -   训练损失: 2.26 | 验证损失: 2.39
2025-12-01 14:00:39,573 - INFO -   mAP@0.5: 0.8666
2025-12-01 14:00:39,573 - INFO -   mAP@0.5:0.95: 0.6388
2025-12-01 14:00:39,573 - INFO - Epoch 14:
2025-12-01 14:00:39,573 - INFO -   训练损失: 2.25 | 验证损失: 2.34
2025-12-01 14:00:39,573 - INFO -   mAP@0.5: 0.8896
2025-12-01 14:00:39,573 - INFO -   mAP@0.5:0.95: 0.6651
2025-12-01 14:00:39,573 - INFO - Epoch 15:
2025-12-01 14:00:39,573 - INFO -   训练损失: 2.24 | 验证损失: 2.34
2025-12-01 14:00:39,573 - INFO -   mAP@0.5: 0.8771
2025-12-01 14:00:39,573 - INFO -   mAP@0.5:0.95: 0.6575
2025-12-01 14:00:39,573 - INFO - Epoch 16:
2025-12-01 14:00:39,574 - INFO -   训练损失: 2.23 | 验证损失: 2.32
2025-12-01 14:00:39,574 - INFO -   mAP@0.5: 0.8749
2025-12-01 14:00:39,574 - INFO -   mAP@0.5:0.95: 0.6574
2025-12-01 14:00:39,574 - INFO - Epoch 17:
2025-12-01 14:00:39,574 - INFO -   训练损失: 2.23 | 验证损失: 2.33
2025-12-01 14:00:39,574 - INFO -   mAP@0.5: 0.8769
2025-12-01 14:00:39,574 - INFO -   mAP@0.5:0.95: 0.6515
2025-12-01 14:00:39,574 - INFO - Epoch 18:
2025-12-01 14:00:39,574 - INFO -   训练损失: 2.22 | 验证损失: 2.32
2025-12-01 14:00:39,574 - INFO -   mAP@0.5: 0.8886
2025-12-01 14:00:39,574 - INFO -   mAP@0.5:0.95: 0.6687
2025-12-01 14:00:39,574 - INFO - Epoch 19:
2025-12-01 14:00:39,574 - INFO -   训练损失: 2.21 | 验证损失: 2.35
2025-12-01 14:00:39,574 - INFO -   mAP@0.5: 0.8783
2025-12-01 14:00:39,574 - INFO -   mAP@0.5:0.95: 0.6536
2025-12-01 14:00:39,574 - INFO - Epoch 20:
2025-12-01 14:00:39,574 - INFO -   训练损失: 2.21 | 验证损失: 2.32
2025-12-01 14:00:39,574 - INFO -   mAP@0.5: 0.8877
2025-12-01 14:00:39,574 - INFO -   mAP@0.5:0.95: 0.6675
2025-12-01 14:00:39,574 - INFO - Epoch 21:
2025-12-01 14:00:39,574 - INFO -   训练损失: 2.20 | 验证损失: 2.32
2025-12-01 14:00:39,574 - INFO -   mAP@0.5: 0.8893
2025-12-01 14:00:39,574 - INFO -   mAP@0.5:0.95: 0.6677
2025-12-01 14:00:39,574 - INFO - Epoch 22:
2025-12-01 14:00:39,574 - INFO -   训练损失: 2.20 | 验证损失: 2.35
2025-12-01 14:00:39,574 - INFO -   mAP@0.5: 0.8762
2025-12-01 14:00:39,574 - INFO -   mAP@0.5:0.95: 0.6533
2025-12-01 14:00:39,574 - INFO - Epoch 23:
2025-12-01 14:00:39,574 - INFO -   训练损失: 2.19 | 验证损失: 2.27
2025-12-01 14:00:39,575 - INFO -   mAP@0.5: 0.9003
2025-12-01 14:00:39,575 - INFO -   mAP@0.5:0.95: 0.6845
2025-12-01 14:00:39,575 - INFO - Epoch 24:
2025-12-01 14:00:39,575 - INFO -   训练损失: 2.19 | 验证损失: 2.34
2025-12-01 14:00:39,575 - INFO -   mAP@0.5: 0.8832
2025-12-01 14:00:39,575 - INFO -   mAP@0.5:0.95: 0.6608
2025-12-01 14:00:39,575 - INFO - Epoch 25:
2025-12-01 14:00:39,575 - INFO -   训练损失: 2.19 | 验证损失: 2.29
2025-12-01 14:00:39,575 - INFO -   mAP@0.5: 0.8944
2025-12-01 14:00:39,575 - INFO -   mAP@0.5:0.95: 0.6781
2025-12-01 14:00:39,575 - INFO - Epoch 26:
2025-12-01 14:00:39,575 - INFO -   训练损失: 2.18 | 验证损失: 2.33
2025-12-01 14:00:39,575 - INFO -   mAP@0.5: 0.8869
2025-12-01 14:00:39,575 - INFO -   mAP@0.5:0.95: 0.6598
2025-12-01 14:00:39,575 - INFO - Epoch 27:
2025-12-01 14:00:39,575 - INFO -   训练损失: 2.18 | 验证损失: 2.31
2025-12-01 14:00:39,575 - INFO -   mAP@0.5: 0.8916
2025-12-01 14:00:39,575 - INFO -   mAP@0.5:0.95: 0.6676
2025-12-01 14:00:39,575 - INFO - Epoch 28:
2025-12-01 14:00:39,575 - INFO -   训练损失: 2.17 | 验证损失: 2.31
2025-12-01 14:00:39,575 - INFO -   mAP@0.5: 0.8770
2025-12-01 14:00:39,575 - INFO -   mAP@0.5:0.95: 0.6577
2025-12-01 14:00:39,575 - INFO - Epoch 29:
2025-12-01 14:00:39,575 - INFO -   训练损失: 2.17 | 验证损失: 2.31
2025-12-01 14:00:39,575 - INFO -   mAP@0.5: 0.8699
2025-12-01 14:00:39,575 - INFO -   mAP@0.5:0.95: 0.6486
2025-12-01 14:00:39,575 - INFO - Epoch 30:
2025-12-01 14:00:39,575 - INFO -   训练损失: 2.17 | 验证损失: 2.32
2025-12-01 14:00:39,575 - INFO -   mAP@0.5: 0.8857
2025-12-01 14:00:39,576 - INFO -   mAP@0.5:0.95: 0.6610
2025-12-01 14:00:39,576 - INFO - Epoch 31:
2025-12-01 14:00:39,576 - INFO -   训练损失: 2.16 | 验证损失: 2.32
2025-12-01 14:00:39,576 - INFO -   mAP@0.5: 0.8804
2025-12-01 14:00:39,576 - INFO -   mAP@0.5:0.95: 0.6610
2025-12-01 14:00:39,576 - INFO - Epoch 32:
2025-12-01 14:00:39,576 - INFO -   训练损失: 2.16 | 验证损失: 2.29
2025-12-01 14:00:39,576 - INFO -   mAP@0.5: 0.8846
2025-12-01 14:00:39,576 - INFO -   mAP@0.5:0.95: 0.6693
2025-12-01 14:00:39,576 - INFO - Epoch 33:
2025-12-01 14:00:39,576 - INFO -   训练损失: 2.15 | 验证损失: 2.35
2025-12-01 14:00:39,576 - INFO -   mAP@0.5: 0.8814
2025-12-01 14:00:39,576 - INFO -   mAP@0.5:0.95: 0.6563
2025-12-01 14:00:39,576 - INFO - Epoch 34:
2025-12-01 14:00:39,576 - INFO -   训练损失: 2.15 | 验证损失: 2.32
2025-12-01 14:00:39,576 - INFO -   mAP@0.5: 0.8908
2025-12-01 14:00:39,576 - INFO -   mAP@0.5:0.95: 0.6671
2025-12-01 14:00:39,576 - INFO - Epoch 35:
2025-12-01 14:00:39,576 - INFO -   训练损失: 2.15 | 验证损失: 2.29
2025-12-01 14:00:39,576 - INFO -   mAP@0.5: 0.8953
2025-12-01 14:00:39,576 - INFO -   mAP@0.5:0.95: 0.6810
2025-12-01 14:00:39,576 - INFO - Epoch 36:
2025-12-01 14:00:39,576 - INFO -   训练损失: 2.15 | 验证损失: 2.32
2025-12-01 14:00:39,576 - INFO -   mAP@0.5: 0.8843
2025-12-01 14:00:39,576 - INFO -   mAP@0.5:0.95: 0.6623
2025-12-01 14:00:39,576 - INFO - Epoch 37:
2025-12-01 14:00:39,576 - INFO -   训练损失: 2.14 | 验证损失: 2.29
2025-12-01 14:00:39,576 - INFO -   mAP@0.5: 0.8883
2025-12-01 14:00:39,576 - INFO -   mAP@0.5:0.95: 0.6721
2025-12-01 14:00:39,576 - INFO - Epoch 38:
2025-12-01 14:00:39,577 - INFO -   训练损失: 2.14 | 验证损失: 2.29
2025-12-01 14:00:39,577 - INFO -   mAP@0.5: 0.8912
2025-12-01 14:00:39,577 - INFO -   mAP@0.5:0.95: 0.6753
2025-12-01 14:00:39,577 - INFO - Epoch 39:
2025-12-01 14:00:39,577 - INFO -   训练损失: 2.14 | 验证损失: 2.30
2025-12-01 14:00:39,577 - INFO -   mAP@0.5: 0.8828
2025-12-01 14:00:39,577 - INFO -   mAP@0.5:0.95: 0.6668
2025-12-01 14:00:39,577 - INFO - Epoch 40:
2025-12-01 14:00:39,577 - INFO -   训练损失: 2.13 | 验证损失: 2.35
2025-12-01 14:00:39,577 - INFO -   mAP@0.5: 0.8751
2025-12-01 14:00:39,577 - INFO -   mAP@0.5:0.95: 0.6508
2025-12-01 14:00:39,577 - INFO - Epoch 41:
2025-12-01 14:00:39,577 - INFO -   训练损失: 2.13 | 验证损失: 2.32
2025-12-01 14:00:39,577 - INFO -   mAP@0.5: 0.8859
2025-12-01 14:00:39,577 - INFO -   mAP@0.5:0.95: 0.6649
2025-12-01 14:00:39,577 - INFO - Epoch 42:
2025-12-01 14:00:39,577 - INFO -   训练损失: 2.13 | 验证损失: 2.27
2025-12-01 14:00:39,577 - INFO -   mAP@0.5: 0.8918
2025-12-01 14:00:39,577 - INFO -   mAP@0.5:0.95: 0.6756
2025-12-01 14:00:39,577 - INFO - Epoch 43:
2025-12-01 14:00:39,577 - INFO -   训练损失: 2.13 | 验证损失: 2.29
2025-12-01 14:00:39,577 - INFO -   mAP@0.5: 0.8831
2025-12-01 14:00:39,577 - INFO -   mAP@0.5:0.95: 0.6653
2025-12-01 14:00:39,577 - INFO - Epoch 44:
2025-12-01 14:00:39,577 - INFO -   训练损失: 2.12 | 验证损失: 2.27
2025-12-01 14:00:39,577 - INFO -   mAP@0.5: 0.8958
2025-12-01 14:00:39,577 - INFO -   mAP@0.5:0.95: 0.6854
2025-12-01 14:00:39,577 - INFO - Epoch 45:
2025-12-01 14:00:39,577 - INFO -   训练损失: 2.12 | 验证损失: 2.31
2025-12-01 14:00:39,578 - INFO -   mAP@0.5: 0.8744
2025-12-01 14:00:39,578 - INFO -   mAP@0.5:0.95: 0.6614
2025-12-01 14:00:39,578 - INFO - Epoch 46:
2025-12-01 14:00:39,578 - INFO -   训练损失: 2.12 | 验证损失: 2.30
2025-12-01 14:00:39,578 - INFO -   mAP@0.5: 0.8852
2025-12-01 14:00:39,578 - INFO -   mAP@0.5:0.95: 0.6734
2025-12-01 14:00:39,578 - INFO - Epoch 47:
2025-12-01 14:00:39,578 - INFO -   训练损失: 2.12 | 验证损失: 2.30
2025-12-01 14:00:39,578 - INFO -   mAP@0.5: 0.8926
2025-12-01 14:00:39,578 - INFO -   mAP@0.5:0.95: 0.6784
2025-12-01 14:00:39,578 - INFO - Epoch 48:
2025-12-01 14:00:39,578 - INFO -   训练损失: 2.12 | 验证损失: 2.31
2025-12-01 14:00:39,578 - INFO -   mAP@0.5: 0.8840
2025-12-01 14:00:39,578 - INFO -   mAP@0.5:0.95: 0.6650
2025-12-01 14:00:39,578 - INFO - Epoch 49:
2025-12-01 14:00:39,578 - INFO -   训练损失: 2.11 | 验证损失: 2.29
2025-12-01 14:00:39,578 - INFO -   mAP@0.5: 0.8840
2025-12-01 14:00:39,578 - INFO -   mAP@0.5:0.95: 0.6692
2025-12-01 14:00:39,578 - INFO - Epoch 50:
2025-12-01 14:00:39,578 - INFO -   训练损失: 2.11 | 验证损失: 2.29
2025-12-01 14:00:39,578 - INFO -   mAP@0.5: 0.8949
2025-12-01 14:00:39,578 - INFO -   mAP@0.5:0.95: 0.6761
2025-12-01 14:00:39,578 - INFO - Epoch 51:
2025-12-01 14:00:39,578 - INFO -   训练损失: 2.11 | 验证损失: 2.30
2025-12-01 14:00:39,578 - INFO -   mAP@0.5: 0.8770
2025-12-01 14:00:39,578 - INFO -   mAP@0.5:0.95: 0.6649
2025-12-01 14:00:39,578 - INFO - Epoch 52:
2025-12-01 14:00:39,578 - INFO -   训练损失: 2.11 | 验证损失: 2.27
2025-12-01 14:00:39,578 - INFO -   mAP@0.5: 0.8908
2025-12-01 14:00:39,578 - INFO -   mAP@0.5:0.95: 0.6808
2025-12-01 14:00:39,579 - INFO - Epoch 53:
2025-12-01 14:00:39,579 - INFO -   训练损失: 2.10 | 验证损失: 2.31
2025-12-01 14:00:39,579 - INFO -   mAP@0.5: 0.8880
2025-12-01 14:00:39,579 - INFO -   mAP@0.5:0.95: 0.6714
2025-12-01 14:00:39,579 - INFO - Epoch 54:
2025-12-01 14:00:39,579 - INFO -   训练损失: 2.10 | 验证损失: 2.31
2025-12-01 14:00:39,579 - INFO -   mAP@0.5: 0.8841
2025-12-01 14:00:39,579 - INFO -   mAP@0.5:0.95: 0.6677
2025-12-01 14:00:39,579 - INFO - Epoch 55:
2025-12-01 14:00:39,579 - INFO -   训练损失: 2.10 | 验证损失: 2.29
2025-12-01 14:00:39,579 - INFO -   mAP@0.5: 0.8890
2025-12-01 14:00:39,579 - INFO -   mAP@0.5:0.95: 0.6761
2025-12-01 14:00:39,579 - INFO - Epoch 56:
2025-12-01 14:00:39,579 - INFO -   训练损失: 2.10 | 验证损失: 2.26
2025-12-01 14:00:39,579 - INFO -   mAP@0.5: 0.8967
2025-12-01 14:00:39,579 - INFO -   mAP@0.5:0.95: 0.6837
2025-12-01 14:00:39,579 - INFO - Epoch 57:
2025-12-01 14:00:39,579 - INFO -   训练损失: 2.09 | 验证损失: 2.28
2025-12-01 14:00:39,579 - INFO -   mAP@0.5: 0.8886
2025-12-01 14:00:39,579 - INFO -   mAP@0.5:0.95: 0.6750
2025-12-01 14:00:39,579 - INFO - Epoch 58:
2025-12-01 14:00:39,579 - INFO -   训练损失: 2.09 | 验证损失: 2.29
2025-12-01 14:00:39,579 - INFO -   mAP@0.5: 0.8881
2025-12-01 14:00:39,579 - INFO -   mAP@0.5:0.95: 0.6694
2025-12-01 14:00:39,579 - INFO - Epoch 59:
2025-12-01 14:00:39,579 - INFO -   训练损失: 2.09 | 验证损失: 2.27
2025-12-01 14:00:39,579 - INFO -   mAP@0.5: 0.8945
2025-12-01 14:00:39,579 - INFO -   mAP@0.5:0.95: 0.6810
2025-12-01 14:00:39,579 - INFO - Epoch 60:
2025-12-01 14:00:39,580 - INFO -   训练损失: 2.09 | 验证损失: 2.31
2025-12-01 14:00:39,580 - INFO -   mAP@0.5: 0.8812
2025-12-01 14:00:39,580 - INFO -   mAP@0.5:0.95: 0.6648
2025-12-01 14:00:39,580 - INFO - Epoch 61:
2025-12-01 14:00:39,580 - INFO -   训练损失: 2.09 | 验证损失: 2.28
2025-12-01 14:00:39,580 - INFO -   mAP@0.5: 0.8883
2025-12-01 14:00:39,580 - INFO -   mAP@0.5:0.95: 0.6749
2025-12-01 14:00:39,580 - INFO - Epoch 62:
2025-12-01 14:00:39,580 - INFO -   训练损失: 2.08 | 验证损失: 2.27
2025-12-01 14:00:39,580 - INFO -   mAP@0.5: 0.8903
2025-12-01 14:00:39,580 - INFO -   mAP@0.5:0.95: 0.6804
2025-12-01 14:00:39,580 - INFO - Epoch 63:
2025-12-01 14:00:39,580 - INFO -   训练损失: 2.08 | 验证损失: 2.29
2025-12-01 14:00:39,580 - INFO -   mAP@0.5: 0.8831
2025-12-01 14:00:39,580 - INFO -   mAP@0.5:0.95: 0.6684
2025-12-01 14:00:39,580 - INFO - Epoch 64:
2025-12-01 14:00:39,580 - INFO -   训练损失: 2.08 | 验证损失: 2.30
2025-12-01 14:00:39,580 - INFO -   mAP@0.5: 0.8862
2025-12-01 14:00:39,580 - INFO -   mAP@0.5:0.95: 0.6695
2025-12-01 14:00:39,580 - INFO - Epoch 65:
2025-12-01 14:00:39,580 - INFO -   训练损失: 2.08 | 验证损失: 2.26
2025-12-01 14:00:39,580 - INFO -   mAP@0.5: 0.8878
2025-12-01 14:00:39,580 - INFO -   mAP@0.5:0.95: 0.6767
2025-12-01 14:00:39,580 - INFO - Epoch 66:
2025-12-01 14:00:39,580 - INFO -   训练损失: 2.08 | 验证损失: 2.29
2025-12-01 14:00:39,580 - INFO -   mAP@0.5: 0.8739
2025-12-01 14:00:39,580 - INFO -   mAP@0.5:0.95: 0.6631
2025-12-01 14:00:39,580 - INFO - Epoch 67:
2025-12-01 14:00:39,580 - INFO -   训练损失: 2.07 | 验证损失: 2.28
2025-12-01 14:00:39,581 - INFO -   mAP@0.5: 0.8847
2025-12-01 14:00:39,581 - INFO -   mAP@0.5:0.95: 0.6736
2025-12-01 14:00:39,581 - INFO - Epoch 68:
2025-12-01 14:00:39,581 - INFO -   训练损失: 2.07 | 验证损失: 2.26
2025-12-01 14:00:39,581 - INFO -   mAP@0.5: 0.8896
2025-12-01 14:00:39,581 - INFO -   mAP@0.5:0.95: 0.6785
2025-12-01 14:00:39,581 - INFO - Epoch 69:
2025-12-01 14:00:39,581 - INFO -   训练损失: 2.07 | 验证损失: 2.27
2025-12-01 14:00:39,581 - INFO -   mAP@0.5: 0.8908
2025-12-01 14:00:39,581 - INFO -   mAP@0.5:0.95: 0.6772
2025-12-01 14:00:39,581 - INFO - Epoch 70:
2025-12-01 14:00:39,581 - INFO -   训练损失: 2.07 | 验证损失: 2.26
2025-12-01 14:00:39,581 - INFO -   mAP@0.5: 0.8915
2025-12-01 14:00:39,581 - INFO -   mAP@0.5:0.95: 0.6778
2025-12-01 14:00:39,581 - INFO - Epoch 71:
2025-12-01 14:00:39,581 - INFO -   训练损失: 2.06 | 验证损失: 2.25
2025-12-01 14:00:39,581 - INFO -   mAP@0.5: 0.8907
2025-12-01 14:00:39,581 - INFO -   mAP@0.5:0.95: 0.6801
2025-12-01 14:00:39,581 - INFO - Epoch 72:
2025-12-01 14:00:39,581 - INFO -   训练损失: 2.06 | 验证损失: 2.29
2025-12-01 14:00:39,581 - INFO -   mAP@0.5: 0.8827
2025-12-01 14:00:39,581 - INFO -   mAP@0.5:0.95: 0.6693
2025-12-01 14:00:39,581 - INFO - Epoch 73:
2025-12-01 14:00:39,581 - INFO -   训练损失: 2.06 | 验证损失: 2.28
2025-12-01 14:00:39,581 - INFO -   mAP@0.5: 0.8836
2025-12-01 14:00:39,581 - INFO -   mAP@0.5:0.95: 0.6739
2025-12-01 14:00:39,581 - INFO - Epoch 74:
2025-12-01 14:00:39,581 - INFO -   训练损失: 2.06 | 验证损失: 2.27
2025-12-01 14:00:39,581 - INFO -   mAP@0.5: 0.8884
2025-12-01 14:00:39,581 - INFO -   mAP@0.5:0.95: 0.6761
2025-12-01 14:00:39,582 - INFO - Epoch 75:
2025-12-01 14:00:39,582 - INFO -   训练损失: 2.06 | 验证损失: 2.28
2025-12-01 14:00:39,582 - INFO -   mAP@0.5: 0.8828
2025-12-01 14:00:39,582 - INFO -   mAP@0.5:0.95: 0.6713
2025-12-01 14:00:39,582 - INFO - Epoch 76:
2025-12-01 14:00:39,582 - INFO -   训练损失: 2.05 | 验证损失: 2.27
2025-12-01 14:00:39,582 - INFO -   mAP@0.5: 0.8856
2025-12-01 14:00:39,582 - INFO -   mAP@0.5:0.95: 0.6766
2025-12-01 14:00:39,582 - INFO - Epoch 77:
2025-12-01 14:00:39,582 - INFO -   训练损失: 2.05 | 验证损失: 2.30
2025-12-01 14:00:39,582 - INFO -   mAP@0.5: 0.8807
2025-12-01 14:00:39,582 - INFO -   mAP@0.5:0.95: 0.6715
2025-12-01 14:00:39,582 - INFO - Epoch 78:
2025-12-01 14:00:39,582 - INFO -   训练损失: 2.05 | 验证损失: 2.29
2025-12-01 14:00:39,582 - INFO -   mAP@0.5: 0.8806
2025-12-01 14:00:39,582 - INFO -   mAP@0.5:0.95: 0.6724
2025-12-01 14:00:39,582 - INFO - Epoch 79:
2025-12-01 14:00:39,582 - INFO -   训练损失: 2.05 | 验证损失: 2.32
2025-12-01 14:00:39,582 - INFO -   mAP@0.5: 0.8800
2025-12-01 14:00:39,582 - INFO -   mAP@0.5:0.95: 0.6666
2025-12-01 14:00:39,582 - INFO - Epoch 80:
2025-12-01 14:00:39,582 - INFO -   训练损失: 2.05 | 验证损失: 2.29
2025-12-01 14:00:39,582 - INFO -   mAP@0.5: 0.8814
2025-12-01 14:00:39,582 - INFO -   mAP@0.5:0.95: 0.6700
2025-12-01 14:00:39,582 - INFO - Epoch 81:
2025-12-01 14:00:39,582 - INFO -   训练损失: 2.05 | 验证损失: 2.28
2025-12-01 14:00:39,582 - INFO -   mAP@0.5: 0.8875
2025-12-01 14:00:39,582 - INFO -   mAP@0.5:0.95: 0.6773
2025-12-01 14:00:39,582 - INFO - Epoch 82:
2025-12-01 14:00:39,583 - INFO -   训练损失: 2.04 | 验证损失: 2.28
2025-12-01 14:00:39,583 - INFO -   mAP@0.5: 0.8866
2025-12-01 14:00:39,583 - INFO -   mAP@0.5:0.95: 0.6757
2025-12-01 14:00:39,583 - INFO - Epoch 83:
2025-12-01 14:00:39,583 - INFO -   训练损失: 2.04 | 验证损失: 2.30
2025-12-01 14:00:39,583 - INFO -   mAP@0.5: 0.8805
2025-12-01 14:00:39,583 - INFO -   mAP@0.5:0.95: 0.6684
2025-12-01 14:00:39,583 - INFO - Epoch 84:
2025-12-01 14:00:39,583 - INFO -   训练损失: 2.04 | 验证损失: 2.29
2025-12-01 14:00:39,583 - INFO -   mAP@0.5: 0.8821
2025-12-01 14:00:39,583 - INFO -   mAP@0.5:0.95: 0.6694
2025-12-01 14:00:39,583 - INFO - Epoch 85:
2025-12-01 14:00:39,583 - INFO -   训练损失: 2.04 | 验证损失: 2.28
2025-12-01 14:00:39,583 - INFO -   mAP@0.5: 0.8882
2025-12-01 14:00:39,583 - INFO -   mAP@0.5:0.95: 0.6763
2025-12-01 14:00:39,583 - INFO - Epoch 86:
2025-12-01 14:00:39,583 - INFO -   训练损失: 2.03 | 验证损失: 2.29
2025-12-01 14:00:39,583 - INFO -   mAP@0.5: 0.8869
2025-12-01 14:00:39,583 - INFO -   mAP@0.5:0.95: 0.6755
2025-12-01 14:00:39,583 - INFO - Epoch 87:
2025-12-01 14:00:39,583 - INFO -   训练损失: 2.03 | 验证损失: 2.29
2025-12-01 14:00:39,583 - INFO -   mAP@0.5: 0.8817
2025-12-01 14:00:39,583 - INFO -   mAP@0.5:0.95: 0.6699
2025-12-01 14:00:39,583 - INFO - Epoch 88:
2025-12-01 14:00:39,583 - INFO -   训练损失: 2.03 | 验证损失: 2.31
2025-12-01 14:00:39,583 - INFO -   mAP@0.5: 0.8775
2025-12-01 14:00:39,583 - INFO -   mAP@0.5:0.95: 0.6662
2025-12-01 14:00:39,583 - INFO - Epoch 89:
2025-12-01 14:00:39,583 - INFO -   训练损失: 2.03 | 验证损失: 2.28
2025-12-01 14:00:39,584 - INFO -   mAP@0.5: 0.8867
2025-12-01 14:00:39,584 - INFO -   mAP@0.5:0.95: 0.6755
2025-12-01 14:00:39,584 - INFO - Epoch 90:
2025-12-01 14:00:39,584 - INFO -   训练损失: 2.03 | 验证损失: 2.27
2025-12-01 14:00:39,584 - INFO -   mAP@0.5: 0.8901
2025-12-01 14:00:39,584 - INFO -   mAP@0.5:0.95: 0.6804
2025-12-01 14:00:39,584 - INFO - Epoch 91:
2025-12-01 14:00:39,584 - INFO -   训练损失: 2.03 | 验证损失: 2.28
2025-12-01 14:00:39,584 - INFO -   mAP@0.5: 0.8866
2025-12-01 14:00:39,584 - INFO -   mAP@0.5:0.95: 0.6770
2025-12-01 14:00:39,584 - INFO - Epoch 92:
2025-12-01 14:00:39,584 - INFO -   训练损失: 2.02 | 验证损失: 2.28
2025-12-01 14:00:39,584 - INFO -   mAP@0.5: 0.8860
2025-12-01 14:00:39,584 - INFO -   mAP@0.5:0.95: 0.6762
2025-12-01 14:00:39,584 - INFO - Epoch 93:
2025-12-01 14:00:39,584 - INFO -   训练损失: 2.02 | 验证损失: 2.28
2025-12-01 14:00:39,584 - INFO -   mAP@0.5: 0.8867
2025-12-01 14:00:39,584 - INFO -   mAP@0.5:0.95: 0.6796
2025-12-01 14:00:39,584 - INFO - Epoch 94:
2025-12-01 14:00:39,584 - INFO -   训练损失: 2.02 | 验证损失: 2.28
2025-12-01 14:00:39,584 - INFO -   mAP@0.5: 0.8827
2025-12-01 14:00:39,584 - INFO -   mAP@0.5:0.95: 0.6751
2025-12-01 14:00:39,584 - INFO - Epoch 95:
2025-12-01 14:00:39,584 - INFO -   训练损失: 2.01 | 验证损失: 2.29
2025-12-01 14:00:39,584 - INFO -   mAP@0.5: 0.8839
2025-12-01 14:00:39,584 - INFO -   mAP@0.5:0.95: 0.6742
2025-12-01 14:00:39,584 - INFO - Epoch 96:
2025-12-01 14:00:39,584 - INFO -   训练损失: 2.01 | 验证损失: 2.28
2025-12-01 14:00:39,584 - INFO -   mAP@0.5: 0.8904
2025-12-01 14:00:39,584 - INFO -   mAP@0.5:0.95: 0.6793
2025-12-01 14:00:39,585 - INFO - Epoch 97:
2025-12-01 14:00:39,585 - INFO -   训练损失: 2.01 | 验证损失: 2.27
2025-12-01 14:00:39,585 - INFO -   mAP@0.5: 0.8889
2025-12-01 14:00:39,585 - INFO -   mAP@0.5:0.95: 0.6794
2025-12-01 14:00:39,585 - INFO - Epoch 98:
2025-12-01 14:00:39,585 - INFO -   训练损失: 2.01 | 验证损失: 2.28
2025-12-01 14:00:39,585 - INFO -   mAP@0.5: 0.8839
2025-12-01 14:00:39,585 - INFO -   mAP@0.5:0.95: 0.6766
2025-12-01 14:00:39,585 - INFO - Epoch 99:
2025-12-01 14:00:39,585 - INFO -   训练损失: 2.01 | 验证损失: 2.26
2025-12-01 14:00:39,585 - INFO -   mAP@0.5: 0.8919
2025-12-01 14:00:39,585 - INFO -   mAP@0.5:0.95: 0.6868
2025-12-01 14:00:39,585 - INFO - Epoch 100:
2025-12-01 14:00:39,585 - INFO -   训练损失: 2.00 | 验证损失: 2.28
2025-12-01 14:00:39,585 - INFO -   mAP@0.5: 0.8869
2025-12-01 14:00:39,585 - INFO -   mAP@0.5:0.95: 0.6803
2025-12-01 14:00:39,585 - INFO - Epoch 101:
2025-12-01 14:00:39,585 - INFO -   训练损失: 2.00 | 验证损失: 2.26
2025-12-01 14:00:39,585 - INFO -   mAP@0.5: 0.8906
2025-12-01 14:00:39,585 - INFO -   mAP@0.5:0.95: 0.6813
2025-12-01 14:00:39,585 - INFO - Epoch 102:
2025-12-01 14:00:39,585 - INFO -   训练损失: 2.00 | 验证损失: 2.27
2025-12-01 14:00:39,585 - INFO -   mAP@0.5: 0.8909
2025-12-01 14:00:39,585 - INFO -   mAP@0.5:0.95: 0.6832
2025-12-01 14:00:39,585 - INFO - Epoch 103:
2025-12-01 14:00:39,585 - INFO -   训练损失: 2.00 | 验证损失: 2.27
2025-12-01 14:00:39,585 - INFO -   mAP@0.5: 0.8903
2025-12-01 14:00:39,585 - INFO -   mAP@0.5:0.95: 0.6844
2025-12-01 14:00:39,585 - INFO - Epoch 104:
2025-12-01 14:00:39,585 - INFO -   训练损失: 2.00 | 验证损失: 2.28
2025-12-01 14:00:39,586 - INFO -   mAP@0.5: 0.8865
2025-12-01 14:00:39,586 - INFO -   mAP@0.5:0.95: 0.6784
2025-12-01 14:00:39,586 - INFO - Epoch 105:
2025-12-01 14:00:39,586 - INFO -   训练损失: 1.99 | 验证损失: 2.28
2025-12-01 14:00:39,586 - INFO -   mAP@0.5: 0.8840
2025-12-01 14:00:39,586 - INFO -   mAP@0.5:0.95: 0.6770
2025-12-01 14:00:39,586 - INFO - Epoch 106:
2025-12-01 14:00:39,586 - INFO -   训练损失: 1.99 | 验证损失: 2.27
2025-12-01 14:00:39,586 - INFO -   mAP@0.5: 0.8884
2025-12-01 14:00:39,586 - INFO -   mAP@0.5:0.95: 0.6815
2025-12-01 14:00:39,586 - INFO - Epoch 107:
2025-12-01 14:00:39,586 - INFO -   训练损失: 1.99 | 验证损失: 2.28
2025-12-01 14:00:39,586 - INFO -   mAP@0.5: 0.8881
2025-12-01 14:00:39,586 - INFO -   mAP@0.5:0.95: 0.6797
2025-12-01 14:00:39,586 - INFO - Epoch 108:
2025-12-01 14:00:39,586 - INFO -   训练损失: 1.99 | 验证损失: 2.28
2025-12-01 14:00:39,586 - INFO -   mAP@0.5: 0.8849
2025-12-01 14:00:39,586 - INFO -   mAP@0.5:0.95: 0.6769
2025-12-01 14:00:39,586 - INFO - Epoch 109:
2025-12-01 14:00:39,586 - INFO -   训练损失: 1.98 | 验证损失: 2.28
2025-12-01 14:00:39,586 - INFO -   mAP@0.5: 0.8862
2025-12-01 14:00:39,586 - INFO -   mAP@0.5:0.95: 0.6774
2025-12-01 14:00:39,586 - INFO - Epoch 110:
2025-12-01 14:00:39,586 - INFO -   训练损失: 1.98 | 验证损失: 2.28
2025-12-01 14:00:39,586 - INFO -   mAP@0.5: 0.8864
2025-12-01 14:00:39,586 - INFO -   mAP@0.5:0.95: 0.6787
2025-12-01 14:00:39,586 - INFO - Epoch 111:
2025-12-01 14:00:39,586 - INFO -   训练损失: 1.98 | 验证损失: 2.28
2025-12-01 14:00:39,586 - INFO -   mAP@0.5: 0.8856
2025-12-01 14:00:39,587 - INFO -   mAP@0.5:0.95: 0.6778
2025-12-01 14:00:39,587 - INFO - Epoch 112:
2025-12-01 14:00:39,587 - INFO -   训练损失: 1.98 | 验证损失: 2.29
2025-12-01 14:00:39,587 - INFO -   mAP@0.5: 0.8862
2025-12-01 14:00:39,587 - INFO -   mAP@0.5:0.95: 0.6785
2025-12-01 14:00:39,587 - INFO - Epoch 113:
2025-12-01 14:00:39,587 - INFO -   训练损失: 1.97 | 验证损失: 2.30
2025-12-01 14:00:39,587 - INFO -   mAP@0.5: 0.8832
2025-12-01 14:00:39,587 - INFO -   mAP@0.5:0.95: 0.6745
2025-12-01 14:00:39,587 - INFO - Epoch 114:
2025-12-01 14:00:39,587 - INFO -   训练损失: 1.97 | 验证损失: 2.29
2025-12-01 14:00:39,587 - INFO -   mAP@0.5: 0.8855
2025-12-01 14:00:39,587 - INFO -   mAP@0.5:0.95: 0.6776
2025-12-01 14:00:39,587 - INFO - Epoch 115:
2025-12-01 14:00:39,587 - INFO -   训练损失: 1.97 | 验证损失: 2.30
2025-12-01 14:00:39,587 - INFO -   mAP@0.5: 0.8818
2025-12-01 14:00:39,587 - INFO -   mAP@0.5:0.95: 0.6748
2025-12-01 14:00:39,587 - INFO - Epoch 116:
2025-12-01 14:00:39,587 - INFO -   训练损失: 1.97 | 验证损失: 2.30
2025-12-01 14:00:39,587 - INFO -   mAP@0.5: 0.8831
2025-12-01 14:00:39,587 - INFO -   mAP@0.5:0.95: 0.6753
2025-12-01 14:00:39,587 - INFO - Epoch 117:
2025-12-01 14:00:39,587 - INFO -   训练损失: 1.97 | 验证损失: 2.30
2025-12-01 14:00:39,587 - INFO -   mAP@0.5: 0.8823
2025-12-01 14:00:39,587 - INFO -   mAP@0.5:0.95: 0.6737
2025-12-01 14:00:39,587 - INFO - Epoch 118:
2025-12-01 14:00:39,587 - INFO -   训练损失: 1.96 | 验证损失: 2.31
2025-12-01 14:00:39,587 - INFO -   mAP@0.5: 0.8811
2025-12-01 14:00:39,587 - INFO -   mAP@0.5:0.95: 0.6724
2025-12-01 14:00:39,588 - INFO - Epoch 119:
2025-12-01 14:00:39,588 - INFO -   训练损失: 1.96 | 验证损失: 2.31
2025-12-01 14:00:39,588 - INFO -   mAP@0.5: 0.8791
2025-12-01 14:00:39,588 - INFO -   mAP@0.5:0.95: 0.6703
2025-12-01 14:00:39,588 - INFO - Epoch 120:
2025-12-01 14:00:39,588 - INFO -   训练损失: 1.96 | 验证损失: 2.31
2025-12-01 14:00:39,588 - INFO -   mAP@0.5: 0.8787
2025-12-01 14:00:39,588 - INFO -   mAP@0.5:0.95: 0.6700
2025-12-01 14:00:39,588 - INFO - Epoch 121:
2025-12-01 14:00:39,588 - INFO -   训练损失: 1.95 | 验证损失: 2.31
2025-12-01 14:00:39,588 - INFO -   mAP@0.5: 0.8779
2025-12-01 14:00:39,588 - INFO -   mAP@0.5:0.95: 0.6695
2025-12-01 14:00:39,588 - INFO - Epoch 122:
2025-12-01 14:00:39,588 - INFO -   训练损失: 1.95 | 验证损失: 2.31
2025-12-01 14:00:39,588 - INFO -   mAP@0.5: 0.8784
2025-12-01 14:00:39,588 - INFO -   mAP@0.5:0.95: 0.6708
2025-12-01 14:00:39,588 - INFO - Epoch 123:
2025-12-01 14:00:39,588 - INFO -   训练损失: 1.95 | 验证损失: 2.30
2025-12-01 14:00:39,588 - INFO -   mAP@0.5: 0.8816
2025-12-01 14:00:39,588 - INFO -   mAP@0.5:0.95: 0.6750
2025-12-01 14:00:39,588 - INFO - Epoch 124:
2025-12-01 14:00:39,588 - INFO -   训练损失: 1.95 | 验证损失: 2.30
2025-12-01 14:00:39,588 - INFO -   mAP@0.5: 0.8810
2025-12-01 14:00:39,588 - INFO -   mAP@0.5:0.95: 0.6735
2025-12-01 14:00:39,588 - INFO - Epoch 125:
2025-12-01 14:00:39,588 - INFO -   训练损失: 1.95 | 验证损失: 2.30
2025-12-01 14:00:39,588 - INFO -   mAP@0.5: 0.8798
2025-12-01 14:00:39,588 - INFO -   mAP@0.5:0.95: 0.6732
2025-12-01 14:00:39,588 - INFO - Epoch 126:
2025-12-01 14:00:39,588 - INFO -   训练损失: 1.95 | 验证损失: 2.30
2025-12-01 14:00:39,589 - INFO -   mAP@0.5: 0.8794
2025-12-01 14:00:39,589 - INFO -   mAP@0.5:0.95: 0.6729
2025-12-01 14:00:39,589 - INFO - Epoch 127:
2025-12-01 14:00:39,589 - INFO -   训练损失: 1.94 | 验证损失: 2.31
2025-12-01 14:00:39,589 - INFO -   mAP@0.5: 0.8793
2025-12-01 14:00:39,589 - INFO -   mAP@0.5:0.95: 0.6727
2025-12-01 14:00:39,589 - INFO - Epoch 128:
2025-12-01 14:00:39,589 - INFO -   训练损失: 1.94 | 验证损失: 2.31
2025-12-01 14:00:39,589 - INFO -   mAP@0.5: 0.8774
2025-12-01 14:00:39,589 - INFO -   mAP@0.5:0.95: 0.6700
2025-12-01 14:00:39,589 - INFO - Epoch 129:
2025-12-01 14:00:39,589 - INFO -   训练损失: 1.94 | 验证损失: 2.31
2025-12-01 14:00:39,589 - INFO -   mAP@0.5: 0.8775
2025-12-01 14:00:39,589 - INFO -   mAP@0.5:0.95: 0.6706
2025-12-01 14:00:39,589 - INFO - Epoch 130:
2025-12-01 14:00:39,589 - INFO -   训练损失: 1.94 | 验证损失: 2.31
2025-12-01 14:00:39,589 - INFO -   mAP@0.5: 0.8769
2025-12-01 14:00:39,589 - INFO -   mAP@0.5:0.95: 0.6695
2025-12-01 14:00:39,589 - INFO - Epoch 131:
2025-12-01 14:00:39,589 - INFO -   训练损失: 1.93 | 验证损失: 2.31
2025-12-01 14:00:39,589 - INFO -   mAP@0.5: 0.8753
2025-12-01 14:00:39,589 - INFO -   mAP@0.5:0.95: 0.6674
2025-12-01 14:00:39,589 - INFO - Epoch 132:
2025-12-01 14:00:39,589 - INFO -   训练损失: 1.93 | 验证损失: 2.32
2025-12-01 14:00:39,589 - INFO -   mAP@0.5: 0.8769
2025-12-01 14:00:39,589 - INFO -   mAP@0.5:0.95: 0.6689
2025-12-01 14:00:39,589 - INFO - Epoch 133:
2025-12-01 14:00:39,589 - INFO -   训练损失: 1.92 | 验证损失: 2.32
2025-12-01 14:00:39,589 - INFO -   mAP@0.5: 0.8772
2025-12-01 14:00:39,590 - INFO -   mAP@0.5:0.95: 0.6696
2025-12-01 14:00:39,590 - INFO - Epoch 134:
2025-12-01 14:00:39,590 - INFO -   训练损失: 1.92 | 验证损失: 2.31
2025-12-01 14:00:39,590 - INFO -   mAP@0.5: 0.8781
2025-12-01 14:00:39,590 - INFO -   mAP@0.5:0.95: 0.6702
2025-12-01 14:00:39,590 - INFO - Epoch 135:
2025-12-01 14:00:39,590 - INFO -   训练损失: 1.92 | 验证损失: 2.32
2025-12-01 14:00:39,590 - INFO -   mAP@0.5: 0.8786
2025-12-01 14:00:39,590 - INFO -   mAP@0.5:0.95: 0.6699
2025-12-01 14:00:39,590 - INFO - Epoch 136:
2025-12-01 14:00:39,590 - INFO -   训练损失: 1.92 | 验证损失: 2.32
2025-12-01 14:00:39,590 - INFO -   mAP@0.5: 0.8784
2025-12-01 14:00:39,590 - INFO -   mAP@0.5:0.95: 0.6701
2025-12-01 14:00:39,590 - INFO - Epoch 137:
2025-12-01 14:00:39,590 - INFO -   训练损失: 1.92 | 验证损失: 2.32
2025-12-01 14:00:39,590 - INFO -   mAP@0.5: 0.8783
2025-12-01 14:00:39,590 - INFO -   mAP@0.5:0.95: 0.6697
2025-12-01 14:00:39,590 - INFO - Epoch 138:
2025-12-01 14:00:39,590 - INFO -   训练损失: 1.91 | 验证损失: 2.32
2025-12-01 14:00:39,590 - INFO -   mAP@0.5: 0.8789
2025-12-01 14:00:39,590 - INFO -   mAP@0.5:0.95: 0.6709
2025-12-01 14:00:39,590 - INFO - Epoch 139:
2025-12-01 14:00:39,590 - INFO -   训练损失: 1.91 | 验证损失: 2.32
2025-12-01 14:00:39,590 - INFO -   mAP@0.5: 0.8792
2025-12-01 14:00:39,590 - INFO -   mAP@0.5:0.95: 0.6718
2025-12-01 14:00:39,590 - INFO - Epoch 140:
2025-12-01 14:00:39,590 - INFO -   训练损失: 1.91 | 验证损失: 2.32
2025-12-01 14:00:39,590 - INFO -   mAP@0.5: 0.8782
2025-12-01 14:00:39,590 - INFO -   mAP@0.5:0.95: 0.6710
2025-12-01 14:00:39,591 - INFO - Epoch 141:
2025-12-01 14:00:39,591 - INFO -   训练损失: 1.91 | 验证损失: 2.32
2025-12-01 14:00:39,591 - INFO -   mAP@0.5: 0.8789
2025-12-01 14:00:39,591 - INFO -   mAP@0.5:0.95: 0.6710
2025-12-01 14:00:39,591 - INFO - Epoch 142:
2025-12-01 14:00:39,591 - INFO -   训练损失: 1.90 | 验证损失: 2.32
2025-12-01 14:00:39,591 - INFO -   mAP@0.5: 0.8782
2025-12-01 14:00:39,591 - INFO -   mAP@0.5:0.95: 0.6701
2025-12-01 14:00:39,591 - INFO - Epoch 143:
2025-12-01 14:00:39,591 - INFO -   训练损失: 1.90 | 验证损失: 2.32
2025-12-01 14:00:39,591 - INFO -   mAP@0.5: 0.8774
2025-12-01 14:00:39,591 - INFO -   mAP@0.5:0.95: 0.6695
2025-12-01 14:00:39,591 - INFO - Epoch 144:
2025-12-01 14:00:39,591 - INFO -   训练损失: 1.90 | 验证损失: 2.32
2025-12-01 14:00:39,591 - INFO -   mAP@0.5: 0.8768
2025-12-01 14:00:39,591 - INFO -   mAP@0.5:0.95: 0.6687
2025-12-01 14:00:39,591 - INFO - Epoch 145:
2025-12-01 14:00:39,591 - INFO -   训练损失: 1.90 | 验证损失: 2.33
2025-12-01 14:00:39,591 - INFO -   mAP@0.5: 0.8755
2025-12-01 14:00:39,591 - INFO -   mAP@0.5:0.95: 0.6673
2025-12-01 14:00:39,591 - INFO - Epoch 146:
2025-12-01 14:00:39,591 - INFO -   训练损失: 1.89 | 验证损失: 2.33
2025-12-01 14:00:39,591 - INFO -   mAP@0.5: 0.8751
2025-12-01 14:00:39,591 - INFO -   mAP@0.5:0.95: 0.6666
2025-12-01 14:00:39,591 - INFO - Epoch 147:
2025-12-01 14:00:39,591 - INFO -   训练损失: 1.89 | 验证损失: 2.33
2025-12-01 14:00:39,591 - INFO -   mAP@0.5: 0.8749
2025-12-01 14:00:39,591 - INFO -   mAP@0.5:0.95: 0.6662
2025-12-01 14:00:39,591 - INFO - Epoch 148:
2025-12-01 14:00:39,591 - INFO -   训练损失: 1.89 | 验证损失: 2.33
2025-12-01 14:00:39,592 - INFO -   mAP@0.5: 0.8749
2025-12-01 14:00:39,592 - INFO -   mAP@0.5:0.95: 0.6660
2025-12-01 14:00:39,592 - INFO - Epoch 149:
2025-12-01 14:00:39,592 - INFO -   训练损失: 1.89 | 验证损失: 2.33
2025-12-01 14:00:39,592 - INFO -   mAP@0.5: 0.8744
2025-12-01 14:00:39,592 - INFO -   mAP@0.5:0.95: 0.6653
2025-12-01 14:00:39,592 - INFO - Epoch 150:
2025-12-01 14:00:39,592 - INFO -   训练损失: 1.89 | 验证损失: 2.33
2025-12-01 14:00:39,592 - INFO -   mAP@0.5: 0.8737
2025-12-01 14:00:39,592 - INFO -   mAP@0.5:0.95: 0.6642
2025-12-01 14:00:39,592 - INFO - Epoch 151:
2025-12-01 14:00:39,592 - INFO -   训练损失: 1.88 | 验证损失: 2.33
2025-12-01 14:00:39,592 - INFO -   mAP@0.5: 0.8736
2025-12-01 14:00:39,592 - INFO -   mAP@0.5:0.95: 0.6645
2025-12-01 14:00:39,592 - INFO - Epoch 152:
2025-12-01 14:00:39,592 - INFO -   训练损失: 1.88 | 验证损失: 2.34
2025-12-01 14:00:39,592 - INFO -   mAP@0.5: 0.8729
2025-12-01 14:00:39,592 - INFO -   mAP@0.5:0.95: 0.6641
2025-12-01 14:00:39,592 - INFO - Epoch 153:
2025-12-01 14:00:39,592 - INFO -   训练损失: 1.88 | 验证损失: 2.34
2025-12-01 14:00:39,592 - INFO -   mAP@0.5: 0.8730
2025-12-01 14:00:39,592 - INFO -   mAP@0.5:0.95: 0.6638
2025-12-01 14:00:39,592 - INFO - Epoch 154:
2025-12-01 14:00:39,592 - INFO -   训练损失: 1.88 | 验证损失: 2.34
2025-12-01 14:00:39,592 - INFO -   mAP@0.5: 0.8730
2025-12-01 14:00:39,592 - INFO -   mAP@0.5:0.95: 0.6641
2025-12-01 14:00:39,592 - INFO - Epoch 155:
2025-12-01 14:00:39,592 - INFO -   训练损失: 1.88 | 验证损失: 2.34
2025-12-01 14:00:39,592 - INFO -   mAP@0.5: 0.8723
2025-12-01 14:00:39,592 - INFO -   mAP@0.5:0.95: 0.6631
2025-12-01 14:00:39,593 - INFO - Epoch 156:
2025-12-01 14:00:39,593 - INFO -   训练损失: 1.87 | 验证损失: 2.34
2025-12-01 14:00:39,593 - INFO -   mAP@0.5: 0.8717
2025-12-01 14:00:39,593 - INFO -   mAP@0.5:0.95: 0.6624
2025-12-01 14:00:39,593 - INFO - Epoch 157:
2025-12-01 14:00:39,593 - INFO -   训练损失: 1.87 | 验证损失: 2.34
2025-12-01 14:00:39,593 - INFO -   mAP@0.5: 0.8722
2025-12-01 14:00:39,593 - INFO -   mAP@0.5:0.95: 0.6626
2025-12-01 14:00:39,593 - INFO - Epoch 158:
2025-12-01 14:00:39,593 - INFO -   训练损失: 1.87 | 验证损失: 2.34
2025-12-01 14:00:39,593 - INFO -   mAP@0.5: 0.8720
2025-12-01 14:00:39,593 - INFO -   mAP@0.5:0.95: 0.6625
2025-12-01 14:00:39,593 - INFO - Epoch 159:
2025-12-01 14:00:39,593 - INFO -   训练损失: 1.87 | 验证损失: 2.34
2025-12-01 14:00:39,593 - INFO -   mAP@0.5: 0.8715
2025-12-01 14:00:39,593 - INFO -   mAP@0.5:0.95: 0.6622
2025-12-01 14:00:39,593 - INFO - Epoch 160:
2025-12-01 14:00:39,593 - INFO -   训练损失: 1.87 | 验证损失: 2.34
2025-12-01 14:00:39,593 - INFO -   mAP@0.5: 0.8716
2025-12-01 14:00:39,593 - INFO -   mAP@0.5:0.95: 0.6621
2025-12-01 14:00:39,593 - INFO - Epoch 161:
2025-12-01 14:00:39,593 - INFO -   训练损失: 1.86 | 验证损失: 2.34
2025-12-01 14:00:39,593 - INFO -   mAP@0.5: 0.8714
2025-12-01 14:00:39,593 - INFO -   mAP@0.5:0.95: 0.6619
2025-12-01 14:00:39,593 - INFO - Epoch 162:
2025-12-01 14:00:39,593 - INFO -   训练损失: 1.86 | 验证损失: 2.34
2025-12-01 14:00:39,593 - INFO -   mAP@0.5: 0.8714
2025-12-01 14:00:39,593 - INFO -   mAP@0.5:0.95: 0.6619
2025-12-01 14:00:39,593 - INFO - Epoch 163:
2025-12-01 14:00:39,593 - INFO -   训练损失: 1.86 | 验证损失: 2.34
2025-12-01 14:00:39,594 - INFO -   mAP@0.5: 0.8713
2025-12-01 14:00:39,594 - INFO -   mAP@0.5:0.95: 0.6620
2025-12-01 14:00:39,594 - INFO - Epoch 164:
2025-12-01 14:00:39,594 - INFO -   训练损失: 1.86 | 验证损失: 2.34
2025-12-01 14:00:39,594 - INFO -   mAP@0.5: 0.8711
2025-12-01 14:00:39,594 - INFO -   mAP@0.5:0.95: 0.6620
2025-12-01 14:00:39,594 - INFO - Epoch 165:
2025-12-01 14:00:39,594 - INFO -   训练损失: 1.86 | 验证损失: 2.34
2025-12-01 14:00:39,594 - INFO -   mAP@0.5: 0.8710
2025-12-01 14:00:39,594 - INFO -   mAP@0.5:0.95: 0.6620
2025-12-01 14:00:39,594 - INFO - Epoch 166:
2025-12-01 14:00:39,594 - INFO -   训练损失: 1.85 | 验证损失: 2.34
2025-12-01 14:00:39,594 - INFO -   mAP@0.5: 0.8712
2025-12-01 14:00:39,594 - INFO -   mAP@0.5:0.95: 0.6620
2025-12-01 14:00:39,594 - INFO - Epoch 167:
2025-12-01 14:00:39,594 - INFO -   训练损失: 1.85 | 验证损失: 2.34
2025-12-01 14:00:39,594 - INFO -   mAP@0.5: 0.8712
2025-12-01 14:00:39,594 - INFO -   mAP@0.5:0.95: 0.6618
2025-12-01 14:00:39,594 - INFO - Epoch 168:
2025-12-01 14:00:39,594 - INFO -   训练损失: 1.85 | 验证损失: 2.34
2025-12-01 14:00:39,594 - INFO -   mAP@0.5: 0.8706
2025-12-01 14:00:39,594 - INFO -   mAP@0.5:0.95: 0.6616
2025-12-01 14:00:39,594 - INFO - Epoch 169:
2025-12-01 14:00:39,594 - INFO -   训练损失: 1.85 | 验证损失: 2.34
2025-12-01 14:00:39,594 - INFO -   mAP@0.5: 0.8702
2025-12-01 14:00:39,594 - INFO -   mAP@0.5:0.95: 0.6613
2025-12-01 14:00:39,594 - INFO - Epoch 170:
2025-12-01 14:00:39,594 - INFO -   训练损失: 1.85 | 验证损失: 2.34
2025-12-01 14:00:39,594 - INFO -   mAP@0.5: 0.8703
2025-12-01 14:00:39,594 - INFO -   mAP@0.5:0.95: 0.6614
2025-12-01 14:00:39,595 - INFO - Epoch 171:
2025-12-01 14:00:39,595 - INFO -   训练损失: 1.85 | 验证损失: 2.34
2025-12-01 14:00:39,595 - INFO -   mAP@0.5: 0.8702
2025-12-01 14:00:39,595 - INFO -   mAP@0.5:0.95: 0.6614
2025-12-01 14:00:39,595 - INFO - Epoch 172:
2025-12-01 14:00:39,595 - INFO -   训练损失: 1.85 | 验证损失: 2.34
2025-12-01 14:00:39,595 - INFO -   mAP@0.5: 0.8698
2025-12-01 14:00:39,595 - INFO -   mAP@0.5:0.95: 0.6610
2025-12-01 14:00:39,595 - INFO - Epoch 173:
2025-12-01 14:00:39,595 - INFO -   训练损失: 1.85 | 验证损失: 2.34
2025-12-01 14:00:39,595 - INFO -   mAP@0.5: 0.8699
2025-12-01 14:00:39,595 - INFO -   mAP@0.5:0.95: 0.6610
2025-12-01 14:00:39,595 - INFO - Epoch 174:
2025-12-01 14:00:39,595 - INFO -   训练损失: 1.84 | 验证损失: 2.34
2025-12-01 14:00:39,595 - INFO -   mAP@0.5: 0.8697
2025-12-01 14:00:39,595 - INFO -   mAP@0.5:0.95: 0.6610
2025-12-01 14:00:39,595 - INFO - Epoch 175:
2025-12-01 14:00:39,595 - INFO -   训练损失: 1.84 | 验证损失: 2.34
2025-12-01 14:00:39,595 - INFO -   mAP@0.5: 0.8697
2025-12-01 14:00:39,595 - INFO -   mAP@0.5:0.95: 0.6609
2025-12-01 14:00:39,595 - INFO - Epoch 176:
2025-12-01 14:00:39,595 - INFO -   训练损失: 1.84 | 验证损失: 2.34
2025-12-01 14:00:39,595 - INFO -   mAP@0.5: 0.8693
2025-12-01 14:00:39,595 - INFO -   mAP@0.5:0.95: 0.6604
2025-12-01 14:00:39,595 - INFO - Epoch 177:
2025-12-01 14:00:39,595 - INFO -   训练损失: 1.84 | 验证损失: 2.35
2025-12-01 14:00:39,595 - INFO -   mAP@0.5: 0.8689
2025-12-01 14:00:39,595 - INFO -   mAP@0.5:0.95: 0.6599
2025-12-01 14:00:39,595 - INFO - Epoch 178:
2025-12-01 14:00:39,595 - INFO -   训练损失: 1.84 | 验证损失: 2.35
2025-12-01 14:00:39,596 - INFO -   mAP@0.5: 0.8688
2025-12-01 14:00:39,596 - INFO -   mAP@0.5:0.95: 0.6597
2025-12-01 14:00:39,596 - INFO - Epoch 179:
2025-12-01 14:00:39,596 - INFO -   训练损失: 1.83 | 验证损失: 2.35
2025-12-01 14:00:39,596 - INFO -   mAP@0.5: 0.8687
2025-12-01 14:00:39,596 - INFO -   mAP@0.5:0.95: 0.6596
2025-12-01 14:00:39,596 - INFO - Epoch 180:
2025-12-01 14:00:39,596 - INFO -   训练损失: 1.84 | 验证损失: 2.35
2025-12-01 14:00:39,596 - INFO -   mAP@0.5: 0.8685
2025-12-01 14:00:39,596 - INFO -   mAP@0.5:0.95: 0.6596
2025-12-01 14:00:39,596 - INFO - Epoch 181:
2025-12-01 14:00:39,596 - INFO -   训练损失: 1.83 | 验证损失: 2.35
2025-12-01 14:00:39,596 - INFO -   mAP@0.5: 0.8685
2025-12-01 14:00:39,596 - INFO -   mAP@0.5:0.95: 0.6595
2025-12-01 14:00:39,596 - INFO - Epoch 182:
2025-12-01 14:00:39,596 - INFO -   训练损失: 1.83 | 验证损失: 2.35
2025-12-01 14:00:39,596 - INFO -   mAP@0.5: 0.8684
2025-12-01 14:00:39,596 - INFO -   mAP@0.5:0.95: 0.6593
2025-12-01 14:00:39,596 - INFO - Epoch 183:
2025-12-01 14:00:39,596 - INFO -   训练损失: 1.83 | 验证损失: 2.35
2025-12-01 14:00:39,596 - INFO -   mAP@0.5: 0.8683
2025-12-01 14:00:39,596 - INFO -   mAP@0.5:0.95: 0.6593
2025-12-01 14:00:39,596 - INFO - Epoch 184:
2025-12-01 14:00:39,596 - INFO -   训练损失: 1.83 | 验证损失: 2.35
2025-12-01 14:00:39,596 - INFO -   mAP@0.5: 0.8680
2025-12-01 14:00:39,596 - INFO -   mAP@0.5:0.95: 0.6589
2025-12-01 14:00:39,596 - INFO - Epoch 185:
2025-12-01 14:00:39,596 - INFO -   训练损失: 1.83 | 验证损失: 2.35
2025-12-01 14:00:39,596 - INFO -   mAP@0.5: 0.8678
2025-12-01 14:00:39,596 - INFO -   mAP@0.5:0.95: 0.6585
2025-12-01 14:00:39,597 - INFO - Epoch 186:
2025-12-01 14:00:39,597 - INFO -   训练损失: 1.83 | 验证损失: 2.35
2025-12-01 14:00:39,597 - INFO -   mAP@0.5: 0.8677
2025-12-01 14:00:39,597 - INFO -   mAP@0.5:0.95: 0.6584
2025-12-01 14:00:39,597 - INFO - Epoch 187:
2025-12-01 14:00:39,597 - INFO -   训练损失: 1.83 | 验证损失: 2.35
2025-12-01 14:00:39,597 - INFO -   mAP@0.5: 0.8678
2025-12-01 14:00:39,597 - INFO -   mAP@0.5:0.95: 0.6583
2025-12-01 14:00:39,597 - INFO - Epoch 188:
2025-12-01 14:00:39,597 - INFO -   训练损失: 1.83 | 验证损失: 2.35
2025-12-01 14:00:39,597 - INFO -   mAP@0.5: 0.8677
2025-12-01 14:00:39,597 - INFO -   mAP@0.5:0.95: 0.6581
2025-12-01 14:00:39,597 - INFO - Epoch 189:
2025-12-01 14:00:39,597 - INFO -   训练损失: 1.83 | 验证损失: 2.35
2025-12-01 14:00:39,597 - INFO -   mAP@0.5: 0.8674
2025-12-01 14:00:39,597 - INFO -   mAP@0.5:0.95: 0.6581
2025-12-01 14:00:39,597 - INFO - Epoch 190:
2025-12-01 14:00:39,597 - INFO -   训练损失: 1.83 | 验证损失: 2.35
2025-12-01 14:00:39,597 - INFO -   mAP@0.5: 0.8674
2025-12-01 14:00:39,597 - INFO -   mAP@0.5:0.95: 0.6579
2025-12-01 14:00:39,597 - INFO - Epoch 191:
2025-12-01 14:00:39,597 - INFO -   训练损失: 1.82 | 验证损失: 2.35
2025-12-01 14:00:39,597 - INFO -   mAP@0.5: 0.8672
2025-12-01 14:00:39,597 - INFO -   mAP@0.5:0.95: 0.6578
2025-12-01 14:00:39,597 - INFO - Epoch 192:
2025-12-01 14:00:39,597 - INFO -   训练损失: 1.82 | 验证损失: 2.35
2025-12-01 14:00:39,597 - INFO -   mAP@0.5: 0.8671
2025-12-01 14:00:39,597 - INFO -   mAP@0.5:0.95: 0.6576
2025-12-01 14:00:39,597 - INFO - Epoch 193:
2025-12-01 14:00:39,597 - INFO -   训练损失: 1.82 | 验证损失: 2.36
2025-12-01 14:00:39,598 - INFO -   mAP@0.5: 0.8670
2025-12-01 14:00:39,598 - INFO -   mAP@0.5:0.95: 0.6576
2025-12-01 14:00:39,598 - INFO - Epoch 194:
2025-12-01 14:00:39,598 - INFO -   训练损失: 1.82 | 验证损失: 2.36
2025-12-01 14:00:39,598 - INFO -   mAP@0.5: 0.8667
2025-12-01 14:00:39,598 - INFO -   mAP@0.5:0.95: 0.6573
2025-12-01 14:00:39,598 - INFO - Epoch 195:
2025-12-01 14:00:39,598 - INFO -   训练损失: 1.82 | 验证损失: 2.36
2025-12-01 14:00:39,598 - INFO -   mAP@0.5: 0.8666
2025-12-01 14:00:39,598 - INFO -   mAP@0.5:0.95: 0.6572
2025-12-01 14:00:39,598 - INFO - Epoch 196:
2025-12-01 14:00:39,598 - INFO -   训练损失: 1.82 | 验证损失: 2.36
2025-12-01 14:00:39,598 - INFO -   mAP@0.5: 0.8663
2025-12-01 14:00:39,598 - INFO -   mAP@0.5:0.95: 0.6572
2025-12-01 14:00:39,598 - INFO - Epoch 197:
2025-12-01 14:00:39,598 - INFO -   训练损失: 1.82 | 验证损失: 2.36
2025-12-01 14:00:39,598 - INFO -   mAP@0.5: 0.8662
2025-12-01 14:00:39,598 - INFO -   mAP@0.5:0.95: 0.6569
2025-12-01 14:00:39,598 - INFO - Epoch 198:
2025-12-01 14:00:39,598 - INFO -   训练损失: 1.82 | 验证损失: 2.36
2025-12-01 14:00:39,598 - INFO -   mAP@0.5: 0.8661
2025-12-01 14:00:39,598 - INFO -   mAP@0.5:0.95: 0.6568
2025-12-01 14:00:39,598 - INFO - Epoch 199:
2025-12-01 14:00:39,598 - INFO -   训练损失: 1.82 | 验证损失: 2.36
2025-12-01 14:00:39,598 - INFO -   mAP@0.5: 0.8659
2025-12-01 14:00:39,598 - INFO -   mAP@0.5:0.95: 0.6567
2025-12-01 14:00:39,598 - INFO - Epoch 200:
2025-12-01 14:00:39,598 - INFO -   训练损失: 1.82 | 验证损失: 2.36
2025-12-01 14:00:39,598 - INFO -   mAP@0.5: 0.8659
2025-12-01 14:00:39,598 - INFO -   mAP@0.5:0.95: 0.6566
2025-12-01 14:00:39,598 - INFO - ================================================================================
2025-12-01 14:00:40,167 - INFO - ✓ 训练曲线已保存到: logs/yolo_v8s_20251201_110541/training_curves.png
2025-12-01 14:00:40,181 - INFO - ✓ 已创建统一命名的最佳模型: logs/yolo_v8s_20251201_110541/best_model.pth
2025-12-01 14:00:40,193 - INFO - ✓ 已创建统一命名的最新检查点: logs/yolo_v8s_20251201_110541/latest_checkpoint.pth
2025-12-01 14:00:40,194 - INFO - ✓ 已创建统一命名的训练历史: logs/yolo_v8s_20251201_110541/training_history.csv
2025-12-01 14:00:40,194 - INFO - ✓ 最佳模型: logs/yolo_v8s_20251201_110541/best_model.pth
2025-12-01 14:00:40,194 - INFO - ✓ 最佳mAP@0.5:0.95: 0.6868
2025-12-01 14:00:40,194 - INFO - ✓ 最佳mAP@0.5: 0.8917
2025-12-01 14:00:40,194 - INFO - ✓ 所有输出已保存到: logs/yolo_v8s_20251201_110541
2025-12-01 14:00:40,194 - INFO - ================================================================================
