2025-12-06 00:16:45,085 - INFO - ✓ 配置已保存到: logs/yolo_v10s_20251206_001645/config.yaml
2025-12-06 00:16:45,085 - INFO - ✓ 初始化YOLOv10训练器
2025-12-06 00:16:45,085 - INFO -   类别数量: 8
2025-12-06 00:16:45,085 - INFO -   类别: Car, Truck, Van, Bus, Pedestrian, Cyclist, Motorcyclist, Trafficcone
2025-12-06 00:16:45,087 - INFO - ✓ 配置已保存到: logs/yolo_v10s_20251206_001645/config.yaml
2025-12-06 00:16:45,087 - INFO - ================================================================================
2025-12-06 00:16:45,087 - INFO - 🚀 开始YOLOv10训练
2025-12-06 00:16:45,087 - INFO - ================================================================================
2025-12-06 00:16:45,087 - WARNING - ⚠️  预训练权重文件不存在: /root/autodl-tmp/DSET/experiments/yolov10/pretrained/yolov10s.pt
2025-12-06 00:16:45,087 - INFO -    将使用模型名称自动加载: yolov10s.pt
2025-12-06 00:16:45,167 - INFO -   模型将在训练时自动适配 8 类（从data.yaml读取）
2025-12-06 00:16:45,167 - INFO - 📝 训练配置:
2025-12-06 00:16:45,167 - INFO -   数据集路径: /root/autodl-tmp/datasets/DAIR-V2X_YOLO/dairv2x.yaml
2025-12-06 00:16:45,167 - INFO -   训练轮数: 200
2025-12-06 00:16:45,167 - INFO -   批次大小: 16
2025-12-06 00:16:45,167 - INFO -   优化器: auto
2025-12-06 00:16:45,167 - INFO -   初始学习率: 0.01
2025-12-06 00:16:45,167 - INFO -   Weight decay: 0.0005
2025-12-06 00:16:45,167 - INFO -   输出目录: logs/yolo_v10s_20251206_001645
2025-12-06 00:16:45,167 - INFO -   预训练权重: pretrained/yolov10s.pt
2025-12-06 00:16:45,167 - INFO - ================================================================================
2025-12-06 00:16:45,167 - INFO - 训练配置摘要:
2025-12-06 00:16:45,167 - INFO -   - 训练轮数: 200
2025-12-06 00:16:45,167 - INFO -   - 批次大小: 16
2025-12-06 00:16:45,167 - INFO -   - 优化器: auto
2025-12-06 00:16:45,167 - INFO -   - 初始学习率: 0.01
2025-12-06 00:16:45,167 - INFO -   - Weight decay: 0.0005
2025-12-06 00:16:45,167 - INFO -   - Warmup轮数: 3.0
2025-12-06 00:16:45,167 - INFO -   - 设备: cuda
2025-12-06 00:16:45,167 - INFO - ================================================================================
2025-12-06 00:16:45,167 - INFO - 开始训练 200 epochs
2025-12-06 04:12:53,192 - INFO - ================================================================================
2025-12-06 04:12:53,193 - INFO - ✅ 训练完成！
2025-12-06 04:12:53,193 - INFO - ================================================================================
2025-12-06 04:12:53,199 - INFO - ================================================================================
2025-12-06 04:12:53,199 - INFO - 训练过程摘要（按RT-DETR格式）:
2025-12-06 04:12:53,199 - INFO - ================================================================================
2025-12-06 04:12:53,200 - INFO - Epoch 1:
2025-12-06 04:12:53,200 - INFO -   训练损失: 7.70 | 验证损失: 5.28
2025-12-06 04:12:53,200 - INFO -   mAP@0.5: 0.7924
2025-12-06 04:12:53,200 - INFO -   mAP@0.5:0.95: 0.5725
2025-12-06 04:12:53,200 - INFO - Epoch 2:
2025-12-06 04:12:53,200 - INFO -   训练损失: 5.47 | 验证损失: 5.25
2025-12-06 04:12:53,200 - INFO -   mAP@0.5: 0.8403
2025-12-06 04:12:53,200 - INFO -   mAP@0.5:0.95: 0.6124
2025-12-06 04:12:53,200 - INFO - Epoch 3:
2025-12-06 04:12:53,200 - INFO -   训练损失: 5.47 | 验证损失: 5.28
2025-12-06 04:12:53,200 - INFO -   mAP@0.5: 0.8500
2025-12-06 04:12:53,200 - INFO -   mAP@0.5:0.95: 0.6169
2025-12-06 04:12:53,200 - INFO - Epoch 4:
2025-12-06 04:12:53,200 - INFO -   训练损失: 5.39 | 验证损失: 5.15
2025-12-06 04:12:53,200 - INFO -   mAP@0.5: 0.8472
2025-12-06 04:12:53,200 - INFO -   mAP@0.5:0.95: 0.6148
2025-12-06 04:12:53,200 - INFO - Epoch 5:
2025-12-06 04:12:53,200 - INFO -   训练损失: 5.19 | 验证损失: 4.97
2025-12-06 04:12:53,200 - INFO -   mAP@0.5: 0.8454
2025-12-06 04:12:53,200 - INFO -   mAP@0.5:0.95: 0.6278
2025-12-06 04:12:53,200 - INFO - Epoch 6:
2025-12-06 04:12:53,200 - INFO -   训练损失: 5.09 | 验证损失: 4.95
2025-12-06 04:12:53,200 - INFO -   mAP@0.5: 0.8651
2025-12-06 04:12:53,200 - INFO -   mAP@0.5:0.95: 0.6447
2025-12-06 04:12:53,201 - INFO - Epoch 7:
2025-12-06 04:12:53,201 - INFO -   训练损失: 5.02 | 验证损失: 4.97
2025-12-06 04:12:53,201 - INFO -   mAP@0.5: 0.8500
2025-12-06 04:12:53,201 - INFO -   mAP@0.5:0.95: 0.6297
2025-12-06 04:12:53,201 - INFO - Epoch 8:
2025-12-06 04:12:53,201 - INFO -   训练损失: 4.95 | 验证损失: 4.99
2025-12-06 04:12:53,201 - INFO -   mAP@0.5: 0.8558
2025-12-06 04:12:53,201 - INFO -   mAP@0.5:0.95: 0.6352
2025-12-06 04:12:53,201 - INFO - Epoch 9:
2025-12-06 04:12:53,201 - INFO -   训练损失: 4.91 | 验证损失: 4.86
2025-12-06 04:12:53,201 - INFO -   mAP@0.5: 0.8651
2025-12-06 04:12:53,201 - INFO -   mAP@0.5:0.95: 0.6514
2025-12-06 04:12:53,201 - INFO - Epoch 10:
2025-12-06 04:12:53,201 - INFO -   训练损失: 4.87 | 验证损失: 4.88
2025-12-06 04:12:53,201 - INFO -   mAP@0.5: 0.8658
2025-12-06 04:12:53,201 - INFO -   mAP@0.5:0.95: 0.6485
2025-12-06 04:12:53,201 - INFO - Epoch 11:
2025-12-06 04:12:53,201 - INFO -   训练损失: 4.84 | 验证损失: 4.86
2025-12-06 04:12:53,201 - INFO -   mAP@0.5: 0.8746
2025-12-06 04:12:53,201 - INFO -   mAP@0.5:0.95: 0.6589
2025-12-06 04:12:53,201 - INFO - Epoch 12:
2025-12-06 04:12:53,201 - INFO -   训练损失: 4.81 | 验证损失: 4.88
2025-12-06 04:12:53,201 - INFO -   mAP@0.5: 0.8773
2025-12-06 04:12:53,201 - INFO -   mAP@0.5:0.95: 0.6541
2025-12-06 04:12:53,201 - INFO - Epoch 13:
2025-12-06 04:12:53,201 - INFO -   训练损失: 4.78 | 验证损失: 4.91
2025-12-06 04:12:53,201 - INFO -   mAP@0.5: 0.8668
2025-12-06 04:12:53,201 - INFO -   mAP@0.5:0.95: 0.6519
2025-12-06 04:12:53,202 - INFO - Epoch 14:
2025-12-06 04:12:53,202 - INFO -   训练损失: 4.75 | 验证损失: 5.01
2025-12-06 04:12:53,202 - INFO -   mAP@0.5: 0.8410
2025-12-06 04:12:53,202 - INFO -   mAP@0.5:0.95: 0.6205
2025-12-06 04:12:53,202 - INFO - Epoch 15:
2025-12-06 04:12:53,202 - INFO -   训练损失: 4.73 | 验证损失: 4.83
2025-12-06 04:12:53,202 - INFO -   mAP@0.5: 0.8768
2025-12-06 04:12:53,202 - INFO -   mAP@0.5:0.95: 0.6609
2025-12-06 04:12:53,202 - INFO - Epoch 16:
2025-12-06 04:12:53,202 - INFO -   训练损失: 4.71 | 验证损失: 4.80
2025-12-06 04:12:53,202 - INFO -   mAP@0.5: 0.8648
2025-12-06 04:12:53,202 - INFO -   mAP@0.5:0.95: 0.6508
2025-12-06 04:12:53,202 - INFO - Epoch 17:
2025-12-06 04:12:53,202 - INFO -   训练损失: 4.70 | 验证损失: 4.88
2025-12-06 04:12:53,202 - INFO -   mAP@0.5: 0.8606
2025-12-06 04:12:53,202 - INFO -   mAP@0.5:0.95: 0.6447
2025-12-06 04:12:53,202 - INFO - Epoch 18:
2025-12-06 04:12:53,202 - INFO -   训练损失: 4.68 | 验证损失: 4.80
2025-12-06 04:12:53,202 - INFO -   mAP@0.5: 0.8478
2025-12-06 04:12:53,202 - INFO -   mAP@0.5:0.95: 0.6383
2025-12-06 04:12:53,202 - INFO - Epoch 19:
2025-12-06 04:12:53,202 - INFO -   训练损失: 4.67 | 验证损失: 4.88
2025-12-06 04:12:53,202 - INFO -   mAP@0.5: 0.8750
2025-12-06 04:12:53,202 - INFO -   mAP@0.5:0.95: 0.6603
2025-12-06 04:12:53,202 - INFO - Epoch 20:
2025-12-06 04:12:53,202 - INFO -   训练损失: 4.66 | 验证损失: 4.71
2025-12-06 04:12:53,202 - INFO -   mAP@0.5: 0.8838
2025-12-06 04:12:53,202 - INFO -   mAP@0.5:0.95: 0.6759
2025-12-06 04:12:53,203 - INFO - Epoch 21:
2025-12-06 04:12:53,203 - INFO -   训练损失: 4.64 | 验证损失: 4.82
2025-12-06 04:12:53,203 - INFO -   mAP@0.5: 0.8608
2025-12-06 04:12:53,203 - INFO -   mAP@0.5:0.95: 0.6550
2025-12-06 04:12:53,203 - INFO - Epoch 22:
2025-12-06 04:12:53,203 - INFO -   训练损失: 4.63 | 验证损失: 4.95
2025-12-06 04:12:53,203 - INFO -   mAP@0.5: 0.8709
2025-12-06 04:12:53,203 - INFO -   mAP@0.5:0.95: 0.6463
2025-12-06 04:12:53,203 - INFO - Epoch 23:
2025-12-06 04:12:53,203 - INFO -   训练损失: 4.61 | 验证损失: 4.78
2025-12-06 04:12:53,203 - INFO -   mAP@0.5: 0.8827
2025-12-06 04:12:53,203 - INFO -   mAP@0.5:0.95: 0.6714
2025-12-06 04:12:53,203 - INFO - Epoch 24:
2025-12-06 04:12:53,203 - INFO -   训练损失: 4.61 | 验证损失: 4.79
2025-12-06 04:12:53,203 - INFO -   mAP@0.5: 0.8882
2025-12-06 04:12:53,203 - INFO -   mAP@0.5:0.95: 0.6704
2025-12-06 04:12:53,203 - INFO - Epoch 25:
2025-12-06 04:12:53,203 - INFO -   训练损失: 4.60 | 验证损失: 4.83
2025-12-06 04:12:53,203 - INFO -   mAP@0.5: 0.8832
2025-12-06 04:12:53,203 - INFO -   mAP@0.5:0.95: 0.6647
2025-12-06 04:12:53,203 - INFO - Epoch 26:
2025-12-06 04:12:53,203 - INFO -   训练损失: 4.58 | 验证损失: 4.80
2025-12-06 04:12:53,203 - INFO -   mAP@0.5: 0.8802
2025-12-06 04:12:53,203 - INFO -   mAP@0.5:0.95: 0.6629
2025-12-06 04:12:53,203 - INFO - Epoch 27:
2025-12-06 04:12:53,203 - INFO -   训练损失: 4.58 | 验证损失: 4.88
2025-12-06 04:12:53,203 - INFO -   mAP@0.5: 0.8804
2025-12-06 04:12:53,203 - INFO -   mAP@0.5:0.95: 0.6562
2025-12-06 04:12:53,203 - INFO - Epoch 28:
2025-12-06 04:12:53,204 - INFO -   训练损失: 4.57 | 验证损失: 4.74
2025-12-06 04:12:53,204 - INFO -   mAP@0.5: 0.8872
2025-12-06 04:12:53,204 - INFO -   mAP@0.5:0.95: 0.6749
2025-12-06 04:12:53,204 - INFO - Epoch 29:
2025-12-06 04:12:53,204 - INFO -   训练损失: 4.55 | 验证损失: 4.74
2025-12-06 04:12:53,204 - INFO -   mAP@0.5: 0.8870
2025-12-06 04:12:53,204 - INFO -   mAP@0.5:0.95: 0.6765
2025-12-06 04:12:53,204 - INFO - Epoch 30:
2025-12-06 04:12:53,204 - INFO -   训练损失: 4.54 | 验证损失: 4.71
2025-12-06 04:12:53,204 - INFO -   mAP@0.5: 0.8867
2025-12-06 04:12:53,204 - INFO -   mAP@0.5:0.95: 0.6797
2025-12-06 04:12:53,204 - INFO - Epoch 31:
2025-12-06 04:12:53,204 - INFO -   训练损失: 4.55 | 验证损失: 4.79
2025-12-06 04:12:53,204 - INFO -   mAP@0.5: 0.8860
2025-12-06 04:12:53,204 - INFO -   mAP@0.5:0.95: 0.6672
2025-12-06 04:12:53,204 - INFO - Epoch 32:
2025-12-06 04:12:53,204 - INFO -   训练损失: 4.53 | 验证损失: 4.75
2025-12-06 04:12:53,204 - INFO -   mAP@0.5: 0.8919
2025-12-06 04:12:53,204 - INFO -   mAP@0.5:0.95: 0.6772
2025-12-06 04:12:53,204 - INFO - Epoch 33:
2025-12-06 04:12:53,204 - INFO -   训练损失: 4.52 | 验证损失: 4.76
2025-12-06 04:12:53,204 - INFO -   mAP@0.5: 0.8894
2025-12-06 04:12:53,204 - INFO -   mAP@0.5:0.95: 0.6734
2025-12-06 04:12:53,204 - INFO - Epoch 34:
2025-12-06 04:12:53,204 - INFO -   训练损失: 4.51 | 验证损失: 4.82
2025-12-06 04:12:53,204 - INFO -   mAP@0.5: 0.8832
2025-12-06 04:12:53,204 - INFO -   mAP@0.5:0.95: 0.6671
2025-12-06 04:12:53,204 - INFO - Epoch 35:
2025-12-06 04:12:53,204 - INFO -   训练损失: 4.50 | 验证损失: 4.74
2025-12-06 04:12:53,205 - INFO -   mAP@0.5: 0.8944
2025-12-06 04:12:53,205 - INFO -   mAP@0.5:0.95: 0.6818
2025-12-06 04:12:53,205 - INFO - Epoch 36:
2025-12-06 04:12:53,205 - INFO -   训练损失: 4.50 | 验证损失: 4.75
2025-12-06 04:12:53,205 - INFO -   mAP@0.5: 0.8971
2025-12-06 04:12:53,205 - INFO -   mAP@0.5:0.95: 0.6821
2025-12-06 04:12:53,205 - INFO - Epoch 37:
2025-12-06 04:12:53,205 - INFO -   训练损失: 4.49 | 验证损失: 4.75
2025-12-06 04:12:53,205 - INFO -   mAP@0.5: 0.8861
2025-12-06 04:12:53,205 - INFO -   mAP@0.5:0.95: 0.6731
2025-12-06 04:12:53,205 - INFO - Epoch 38:
2025-12-06 04:12:53,205 - INFO -   训练损失: 4.49 | 验证损失: 4.69
2025-12-06 04:12:53,205 - INFO -   mAP@0.5: 0.8896
2025-12-06 04:12:53,205 - INFO -   mAP@0.5:0.95: 0.6843
2025-12-06 04:12:53,205 - INFO - Epoch 39:
2025-12-06 04:12:53,205 - INFO -   训练损失: 4.48 | 验证损失: 4.78
2025-12-06 04:12:53,205 - INFO -   mAP@0.5: 0.8880
2025-12-06 04:12:53,205 - INFO -   mAP@0.5:0.95: 0.6756
2025-12-06 04:12:53,205 - INFO - Epoch 40:
2025-12-06 04:12:53,205 - INFO -   训练损失: 4.48 | 验证损失: 4.70
2025-12-06 04:12:53,205 - INFO -   mAP@0.5: 0.8923
2025-12-06 04:12:53,205 - INFO -   mAP@0.5:0.95: 0.6829
2025-12-06 04:12:53,205 - INFO - Epoch 41:
2025-12-06 04:12:53,205 - INFO -   训练损失: 4.47 | 验证损失: 4.66
2025-12-06 04:12:53,205 - INFO -   mAP@0.5: 0.9002
2025-12-06 04:12:53,205 - INFO -   mAP@0.5:0.95: 0.6932
2025-12-06 04:12:53,205 - INFO - Epoch 42:
2025-12-06 04:12:53,205 - INFO -   训练损失: 4.47 | 验证损失: 4.75
2025-12-06 04:12:53,205 - INFO -   mAP@0.5: 0.8925
2025-12-06 04:12:53,205 - INFO -   mAP@0.5:0.95: 0.6787
2025-12-06 04:12:53,206 - INFO - Epoch 43:
2025-12-06 04:12:53,206 - INFO -   训练损失: 4.46 | 验证损失: 4.71
2025-12-06 04:12:53,206 - INFO -   mAP@0.5: 0.8945
2025-12-06 04:12:53,206 - INFO -   mAP@0.5:0.95: 0.6838
2025-12-06 04:12:53,206 - INFO - Epoch 44:
2025-12-06 04:12:53,206 - INFO -   训练损失: 4.46 | 验证损失: 4.77
2025-12-06 04:12:53,206 - INFO -   mAP@0.5: 0.8800
2025-12-06 04:12:53,206 - INFO -   mAP@0.5:0.95: 0.6661
2025-12-06 04:12:53,206 - INFO - Epoch 45:
2025-12-06 04:12:53,206 - INFO -   训练损失: 4.46 | 验证损失: 4.71
2025-12-06 04:12:53,206 - INFO -   mAP@0.5: 0.8943
2025-12-06 04:12:53,206 - INFO -   mAP@0.5:0.95: 0.6843
2025-12-06 04:12:53,206 - INFO - Epoch 46:
2025-12-06 04:12:53,206 - INFO -   训练损失: 4.44 | 验证损失: 4.79
2025-12-06 04:12:53,206 - INFO -   mAP@0.5: 0.8902
2025-12-06 04:12:53,206 - INFO -   mAP@0.5:0.95: 0.6770
2025-12-06 04:12:53,206 - INFO - Epoch 47:
2025-12-06 04:12:53,206 - INFO -   训练损失: 4.44 | 验证损失: 4.66
2025-12-06 04:12:53,206 - INFO -   mAP@0.5: 0.9048
2025-12-06 04:12:53,206 - INFO -   mAP@0.5:0.95: 0.6960
2025-12-06 04:12:53,206 - INFO - Epoch 48:
2025-12-06 04:12:53,206 - INFO -   训练损失: 4.43 | 验证损失: 4.68
2025-12-06 04:12:53,206 - INFO -   mAP@0.5: 0.8955
2025-12-06 04:12:53,206 - INFO -   mAP@0.5:0.95: 0.6881
2025-12-06 04:12:53,206 - INFO - Epoch 49:
2025-12-06 04:12:53,206 - INFO -   训练损失: 4.42 | 验证损失: 4.72
2025-12-06 04:12:53,206 - INFO -   mAP@0.5: 0.8939
2025-12-06 04:12:53,206 - INFO -   mAP@0.5:0.95: 0.6834
2025-12-06 04:12:53,207 - INFO - Epoch 50:
2025-12-06 04:12:53,207 - INFO -   训练损失: 4.42 | 验证损失: 4.63
2025-12-06 04:12:53,207 - INFO -   mAP@0.5: 0.9017
2025-12-06 04:12:53,207 - INFO -   mAP@0.5:0.95: 0.6980
2025-12-06 04:12:53,207 - INFO - Epoch 51:
2025-12-06 04:12:53,207 - INFO -   训练损失: 4.42 | 验证损失: 4.67
2025-12-06 04:12:53,207 - INFO -   mAP@0.5: 0.8938
2025-12-06 04:12:53,207 - INFO -   mAP@0.5:0.95: 0.6887
2025-12-06 04:12:53,207 - INFO - Epoch 52:
2025-12-06 04:12:53,207 - INFO -   训练损失: 4.41 | 验证损失: 4.66
2025-12-06 04:12:53,207 - INFO -   mAP@0.5: 0.8908
2025-12-06 04:12:53,207 - INFO -   mAP@0.5:0.95: 0.6883
2025-12-06 04:12:53,207 - INFO - Epoch 53:
2025-12-06 04:12:53,207 - INFO -   训练损失: 4.40 | 验证损失: 4.64
2025-12-06 04:12:53,207 - INFO -   mAP@0.5: 0.9010
2025-12-06 04:12:53,207 - INFO -   mAP@0.5:0.95: 0.6966
2025-12-06 04:12:53,207 - INFO - Epoch 54:
2025-12-06 04:12:53,207 - INFO -   训练损失: 4.40 | 验证损失: 4.67
2025-12-06 04:12:53,207 - INFO -   mAP@0.5: 0.8983
2025-12-06 04:12:53,207 - INFO -   mAP@0.5:0.95: 0.6907
2025-12-06 04:12:53,207 - INFO - Epoch 55:
2025-12-06 04:12:53,207 - INFO -   训练损失: 4.40 | 验证损失: 4.71
2025-12-06 04:12:53,207 - INFO -   mAP@0.5: 0.8953
2025-12-06 04:12:53,207 - INFO -   mAP@0.5:0.95: 0.6895
2025-12-06 04:12:53,207 - INFO - Epoch 56:
2025-12-06 04:12:53,207 - INFO -   训练损失: 4.39 | 验证损失: 4.73
2025-12-06 04:12:53,207 - INFO -   mAP@0.5: 0.8943
2025-12-06 04:12:53,207 - INFO -   mAP@0.5:0.95: 0.6828
2025-12-06 04:12:53,207 - INFO - Epoch 57:
2025-12-06 04:12:53,207 - INFO -   训练损失: 4.38 | 验证损失: 4.63
2025-12-06 04:12:53,208 - INFO -   mAP@0.5: 0.8976
2025-12-06 04:12:53,208 - INFO -   mAP@0.5:0.95: 0.6935
2025-12-06 04:12:53,208 - INFO - Epoch 58:
2025-12-06 04:12:53,208 - INFO -   训练损失: 4.38 | 验证损失: 4.66
2025-12-06 04:12:53,208 - INFO -   mAP@0.5: 0.8971
2025-12-06 04:12:53,208 - INFO -   mAP@0.5:0.95: 0.6924
2025-12-06 04:12:53,208 - INFO - Epoch 59:
2025-12-06 04:12:53,208 - INFO -   训练损失: 4.37 | 验证损失: 4.75
2025-12-06 04:12:53,208 - INFO -   mAP@0.5: 0.8921
2025-12-06 04:12:53,208 - INFO -   mAP@0.5:0.95: 0.6832
2025-12-06 04:12:53,208 - INFO - Epoch 60:
2025-12-06 04:12:53,208 - INFO -   训练损失: 4.37 | 验证损失: 4.66
2025-12-06 04:12:53,208 - INFO -   mAP@0.5: 0.8988
2025-12-06 04:12:53,208 - INFO -   mAP@0.5:0.95: 0.6943
2025-12-06 04:12:53,208 - INFO - Epoch 61:
2025-12-06 04:12:53,208 - INFO -   训练损失: 4.37 | 验证损失: 4.64
2025-12-06 04:12:53,208 - INFO -   mAP@0.5: 0.8992
2025-12-06 04:12:53,208 - INFO -   mAP@0.5:0.95: 0.6926
2025-12-06 04:12:53,208 - INFO - Epoch 62:
2025-12-06 04:12:53,208 - INFO -   训练损失: 4.36 | 验证损失: 4.64
2025-12-06 04:12:53,208 - INFO -   mAP@0.5: 0.9037
2025-12-06 04:12:53,208 - INFO -   mAP@0.5:0.95: 0.6995
2025-12-06 04:12:53,208 - INFO - Epoch 63:
2025-12-06 04:12:53,208 - INFO -   训练损失: 4.36 | 验证损失: 4.64
2025-12-06 04:12:53,208 - INFO -   mAP@0.5: 0.9010
2025-12-06 04:12:53,208 - INFO -   mAP@0.5:0.95: 0.6960
2025-12-06 04:12:53,208 - INFO - Epoch 64:
2025-12-06 04:12:53,208 - INFO -   训练损失: 4.34 | 验证损失: 4.62
2025-12-06 04:12:53,208 - INFO -   mAP@0.5: 0.9029
2025-12-06 04:12:53,209 - INFO -   mAP@0.5:0.95: 0.7013
2025-12-06 04:12:53,209 - INFO - Epoch 65:
2025-12-06 04:12:53,209 - INFO -   训练损失: 4.34 | 验证损失: 4.64
2025-12-06 04:12:53,209 - INFO -   mAP@0.5: 0.9060
2025-12-06 04:12:53,209 - INFO -   mAP@0.5:0.95: 0.7009
2025-12-06 04:12:53,209 - INFO - Epoch 66:
2025-12-06 04:12:53,209 - INFO -   训练损失: 4.34 | 验证损失: 4.64
2025-12-06 04:12:53,209 - INFO -   mAP@0.5: 0.9023
2025-12-06 04:12:53,209 - INFO -   mAP@0.5:0.95: 0.6974
2025-12-06 04:12:53,209 - INFO - Epoch 67:
2025-12-06 04:12:53,209 - INFO -   训练损失: 4.33 | 验证损失: 4.71
2025-12-06 04:12:53,209 - INFO -   mAP@0.5: 0.8988
2025-12-06 04:12:53,209 - INFO -   mAP@0.5:0.95: 0.6901
2025-12-06 04:12:53,209 - INFO - Epoch 68:
2025-12-06 04:12:53,209 - INFO -   训练损失: 4.34 | 验证损失: 4.66
2025-12-06 04:12:53,209 - INFO -   mAP@0.5: 0.8988
2025-12-06 04:12:53,209 - INFO -   mAP@0.5:0.95: 0.6950
2025-12-06 04:12:53,209 - INFO - Epoch 69:
2025-12-06 04:12:53,209 - INFO -   训练损失: 4.32 | 验证损失: 4.63
2025-12-06 04:12:53,209 - INFO -   mAP@0.5: 0.9043
2025-12-06 04:12:53,209 - INFO -   mAP@0.5:0.95: 0.7019
2025-12-06 04:12:53,209 - INFO - Epoch 70:
2025-12-06 04:12:53,209 - INFO -   训练损失: 4.32 | 验证损失: 4.67
2025-12-06 04:12:53,209 - INFO -   mAP@0.5: 0.9044
2025-12-06 04:12:53,209 - INFO -   mAP@0.5:0.95: 0.7005
2025-12-06 04:12:53,209 - INFO - Epoch 71:
2025-12-06 04:12:53,209 - INFO -   训练损失: 4.31 | 验证损失: 4.65
2025-12-06 04:12:53,209 - INFO -   mAP@0.5: 0.9063
2025-12-06 04:12:53,209 - INFO -   mAP@0.5:0.95: 0.7019
2025-12-06 04:12:53,210 - INFO - Epoch 72:
2025-12-06 04:12:53,210 - INFO -   训练损失: 4.30 | 验证损失: 4.68
2025-12-06 04:12:53,210 - INFO -   mAP@0.5: 0.9037
2025-12-06 04:12:53,210 - INFO -   mAP@0.5:0.95: 0.6979
2025-12-06 04:12:53,210 - INFO - Epoch 73:
2025-12-06 04:12:53,210 - INFO -   训练损失: 4.30 | 验证损失: 4.61
2025-12-06 04:12:53,210 - INFO -   mAP@0.5: 0.9068
2025-12-06 04:12:53,210 - INFO -   mAP@0.5:0.95: 0.7034
2025-12-06 04:12:53,210 - INFO - Epoch 74:
2025-12-06 04:12:53,210 - INFO -   训练损失: 4.30 | 验证损失: 4.62
2025-12-06 04:12:53,210 - INFO -   mAP@0.5: 0.9052
2025-12-06 04:12:53,210 - INFO -   mAP@0.5:0.95: 0.7035
2025-12-06 04:12:53,210 - INFO - Epoch 75:
2025-12-06 04:12:53,210 - INFO -   训练损失: 4.30 | 验证损失: 4.67
2025-12-06 04:12:53,210 - INFO -   mAP@0.5: 0.9012
2025-12-06 04:12:53,210 - INFO -   mAP@0.5:0.95: 0.6969
2025-12-06 04:12:53,210 - INFO - Epoch 76:
2025-12-06 04:12:53,210 - INFO -   训练损失: 4.30 | 验证损失: 4.66
2025-12-06 04:12:53,210 - INFO -   mAP@0.5: 0.9006
2025-12-06 04:12:53,210 - INFO -   mAP@0.5:0.95: 0.6959
2025-12-06 04:12:53,210 - INFO - Epoch 77:
2025-12-06 04:12:53,210 - INFO -   训练损失: 4.28 | 验证损失: 4.63
2025-12-06 04:12:53,210 - INFO -   mAP@0.5: 0.9034
2025-12-06 04:12:53,210 - INFO -   mAP@0.5:0.95: 0.7013
2025-12-06 04:12:53,210 - INFO - Epoch 78:
2025-12-06 04:12:53,210 - INFO -   训练损失: 4.28 | 验证损失: 4.69
2025-12-06 04:12:53,210 - INFO -   mAP@0.5: 0.8935
2025-12-06 04:12:53,210 - INFO -   mAP@0.5:0.95: 0.6882
2025-12-06 04:12:53,210 - INFO - Epoch 79:
2025-12-06 04:12:53,211 - INFO -   训练损失: 4.27 | 验证损失: 4.63
2025-12-06 04:12:53,211 - INFO -   mAP@0.5: 0.9013
2025-12-06 04:12:53,211 - INFO -   mAP@0.5:0.95: 0.7002
2025-12-06 04:12:53,211 - INFO - Epoch 80:
2025-12-06 04:12:53,211 - INFO -   训练损失: 4.27 | 验证损失: 4.64
2025-12-06 04:12:53,211 - INFO -   mAP@0.5: 0.9020
2025-12-06 04:12:53,211 - INFO -   mAP@0.5:0.95: 0.7014
2025-12-06 04:12:53,211 - INFO - Epoch 81:
2025-12-06 04:12:53,211 - INFO -   训练损失: 4.27 | 验证损失: 4.66
2025-12-06 04:12:53,211 - INFO -   mAP@0.5: 0.9040
2025-12-06 04:12:53,211 - INFO -   mAP@0.5:0.95: 0.7010
2025-12-06 04:12:53,211 - INFO - Epoch 82:
2025-12-06 04:12:53,211 - INFO -   训练损失: 4.26 | 验证损失: 4.69
2025-12-06 04:12:53,211 - INFO -   mAP@0.5: 0.9021
2025-12-06 04:12:53,211 - INFO -   mAP@0.5:0.95: 0.6973
2025-12-06 04:12:53,211 - INFO - Epoch 83:
2025-12-06 04:12:53,211 - INFO -   训练损失: 4.25 | 验证损失: 4.70
2025-12-06 04:12:53,211 - INFO -   mAP@0.5: 0.9013
2025-12-06 04:12:53,211 - INFO -   mAP@0.5:0.95: 0.6975
2025-12-06 04:12:53,211 - INFO - Epoch 84:
2025-12-06 04:12:53,211 - INFO -   训练损失: 4.24 | 验证损失: 4.69
2025-12-06 04:12:53,211 - INFO -   mAP@0.5: 0.8969
2025-12-06 04:12:53,211 - INFO -   mAP@0.5:0.95: 0.6939
2025-12-06 04:12:53,211 - INFO - Epoch 85:
2025-12-06 04:12:53,211 - INFO -   训练损失: 4.24 | 验证损失: 4.64
2025-12-06 04:12:53,211 - INFO -   mAP@0.5: 0.9049
2025-12-06 04:12:53,211 - INFO -   mAP@0.5:0.95: 0.7030
2025-12-06 04:12:53,211 - INFO - Epoch 86:
2025-12-06 04:12:53,211 - INFO -   训练损失: 4.23 | 验证损失: 4.70
2025-12-06 04:12:53,212 - INFO -   mAP@0.5: 0.9006
2025-12-06 04:12:53,212 - INFO -   mAP@0.5:0.95: 0.6966
2025-12-06 04:12:53,212 - INFO - Epoch 87:
2025-12-06 04:12:53,212 - INFO -   训练损失: 4.23 | 验证损失: 4.68
2025-12-06 04:12:53,212 - INFO -   mAP@0.5: 0.9027
2025-12-06 04:12:53,212 - INFO -   mAP@0.5:0.95: 0.6981
2025-12-06 04:12:53,212 - INFO - Epoch 88:
2025-12-06 04:12:53,212 - INFO -   训练损失: 4.22 | 验证损失: 4.65
2025-12-06 04:12:53,212 - INFO -   mAP@0.5: 0.9036
2025-12-06 04:12:53,212 - INFO -   mAP@0.5:0.95: 0.6999
2025-12-06 04:12:53,212 - INFO - Epoch 89:
2025-12-06 04:12:53,212 - INFO -   训练损失: 4.22 | 验证损失: 4.64
2025-12-06 04:12:53,212 - INFO -   mAP@0.5: 0.9067
2025-12-06 04:12:53,212 - INFO -   mAP@0.5:0.95: 0.7047
2025-12-06 04:12:53,212 - INFO - Epoch 90:
2025-12-06 04:12:53,212 - INFO -   训练损失: 4.21 | 验证损失: 4.64
2025-12-06 04:12:53,212 - INFO -   mAP@0.5: 0.9069
2025-12-06 04:12:53,212 - INFO -   mAP@0.5:0.95: 0.7028
2025-12-06 04:12:53,212 - INFO - Epoch 91:
2025-12-06 04:12:53,212 - INFO -   训练损失: 4.21 | 验证损失: 4.67
2025-12-06 04:12:53,212 - INFO -   mAP@0.5: 0.9051
2025-12-06 04:12:53,212 - INFO -   mAP@0.5:0.95: 0.7000
2025-12-06 04:12:53,212 - INFO - Epoch 92:
2025-12-06 04:12:53,212 - INFO -   训练损失: 4.20 | 验证损失: 4.65
2025-12-06 04:12:53,212 - INFO -   mAP@0.5: 0.9039
2025-12-06 04:12:53,212 - INFO -   mAP@0.5:0.95: 0.7018
2025-12-06 04:12:53,212 - INFO - Epoch 93:
2025-12-06 04:12:53,212 - INFO -   训练损失: 4.19 | 验证损失: 4.66
2025-12-06 04:12:53,212 - INFO -   mAP@0.5: 0.9056
2025-12-06 04:12:53,213 - INFO -   mAP@0.5:0.95: 0.7028
2025-12-06 04:12:53,213 - INFO - Epoch 94:
2025-12-06 04:12:53,213 - INFO -   训练损失: 4.19 | 验证损失: 4.64
2025-12-06 04:12:53,213 - INFO -   mAP@0.5: 0.9047
2025-12-06 04:12:53,213 - INFO -   mAP@0.5:0.95: 0.7031
2025-12-06 04:12:53,213 - INFO - Epoch 95:
2025-12-06 04:12:53,213 - INFO -   训练损失: 4.19 | 验证损失: 4.63
2025-12-06 04:12:53,213 - INFO -   mAP@0.5: 0.9064
2025-12-06 04:12:53,213 - INFO -   mAP@0.5:0.95: 0.7044
2025-12-06 04:12:53,213 - INFO - Epoch 96:
2025-12-06 04:12:53,213 - INFO -   训练损失: 4.18 | 验证损失: 4.68
2025-12-06 04:12:53,213 - INFO -   mAP@0.5: 0.9052
2025-12-06 04:12:53,213 - INFO -   mAP@0.5:0.95: 0.7015
2025-12-06 04:12:53,213 - INFO - Epoch 97:
2025-12-06 04:12:53,213 - INFO -   训练损失: 4.17 | 验证损失: 4.69
2025-12-06 04:12:53,213 - INFO -   mAP@0.5: 0.9011
2025-12-06 04:12:53,213 - INFO -   mAP@0.5:0.95: 0.6975
2025-12-06 04:12:53,213 - INFO - Epoch 98:
2025-12-06 04:12:53,213 - INFO -   训练损失: 4.17 | 验证损失: 4.68
2025-12-06 04:12:53,213 - INFO -   mAP@0.5: 0.8994
2025-12-06 04:12:53,213 - INFO -   mAP@0.5:0.95: 0.6950
2025-12-06 04:12:53,213 - INFO - Epoch 99:
2025-12-06 04:12:53,213 - INFO -   训练损失: 4.16 | 验证损失: 4.66
2025-12-06 04:12:53,213 - INFO -   mAP@0.5: 0.9034
2025-12-06 04:12:53,213 - INFO -   mAP@0.5:0.95: 0.6994
2025-12-06 04:12:53,213 - INFO - Epoch 100:
2025-12-06 04:12:53,213 - INFO -   训练损失: 4.16 | 验证损失: 4.66
2025-12-06 04:12:53,213 - INFO -   mAP@0.5: 0.9019
2025-12-06 04:12:53,213 - INFO -   mAP@0.5:0.95: 0.7005
2025-12-06 04:12:53,214 - INFO - Epoch 101:
2025-12-06 04:12:53,214 - INFO -   训练损失: 4.15 | 验证损失: 4.68
2025-12-06 04:12:53,214 - INFO -   mAP@0.5: 0.9011
2025-12-06 04:12:53,214 - INFO -   mAP@0.5:0.95: 0.6987
2025-12-06 04:12:53,214 - INFO - Epoch 102:
2025-12-06 04:12:53,214 - INFO -   训练损失: 4.14 | 验证损失: 4.69
2025-12-06 04:12:53,214 - INFO -   mAP@0.5: 0.9004
2025-12-06 04:12:53,214 - INFO -   mAP@0.5:0.95: 0.6953
2025-12-06 04:12:53,214 - INFO - Epoch 103:
2025-12-06 04:12:53,214 - INFO -   训练损失: 4.14 | 验证损失: 4.68
2025-12-06 04:12:53,214 - INFO -   mAP@0.5: 0.9017
2025-12-06 04:12:53,214 - INFO -   mAP@0.5:0.95: 0.6976
2025-12-06 04:12:53,214 - INFO - Epoch 104:
2025-12-06 04:12:53,214 - INFO -   训练损失: 4.13 | 验证损失: 4.68
2025-12-06 04:12:53,214 - INFO -   mAP@0.5: 0.9012
2025-12-06 04:12:53,214 - INFO -   mAP@0.5:0.95: 0.6978
2025-12-06 04:12:53,214 - INFO - Epoch 105:
2025-12-06 04:12:53,214 - INFO -   训练损失: 4.12 | 验证损失: 4.68
2025-12-06 04:12:53,214 - INFO -   mAP@0.5: 0.9012
2025-12-06 04:12:53,214 - INFO -   mAP@0.5:0.95: 0.6977
2025-12-06 04:12:53,214 - INFO - Epoch 106:
2025-12-06 04:12:53,214 - INFO -   训练损失: 4.12 | 验证损失: 4.66
2025-12-06 04:12:53,214 - INFO -   mAP@0.5: 0.9009
2025-12-06 04:12:53,214 - INFO -   mAP@0.5:0.95: 0.6990
2025-12-06 04:12:53,214 - INFO - Epoch 107:
2025-12-06 04:12:53,214 - INFO -   训练损失: 4.11 | 验证损失: 4.68
2025-12-06 04:12:53,214 - INFO -   mAP@0.5: 0.9010
2025-12-06 04:12:53,214 - INFO -   mAP@0.5:0.95: 0.6980
2025-12-06 04:12:53,214 - INFO - Epoch 108:
2025-12-06 04:12:53,215 - INFO -   训练损失: 4.10 | 验证损失: 4.68
2025-12-06 04:12:53,215 - INFO -   mAP@0.5: 0.9010
2025-12-06 04:12:53,215 - INFO -   mAP@0.5:0.95: 0.6991
2025-12-06 04:12:53,215 - INFO - Epoch 109:
2025-12-06 04:12:53,215 - INFO -   训练损失: 4.10 | 验证损失: 4.68
2025-12-06 04:12:53,215 - INFO -   mAP@0.5: 0.9019
2025-12-06 04:12:53,215 - INFO -   mAP@0.5:0.95: 0.6998
2025-12-06 04:12:53,215 - INFO - Epoch 110:
2025-12-06 04:12:53,215 - INFO -   训练损失: 4.10 | 验证损失: 4.66
2025-12-06 04:12:53,215 - INFO -   mAP@0.5: 0.9040
2025-12-06 04:12:53,215 - INFO -   mAP@0.5:0.95: 0.7033
2025-12-06 04:12:53,215 - INFO - Epoch 111:
2025-12-06 04:12:53,215 - INFO -   训练损失: 4.09 | 验证损失: 4.67
2025-12-06 04:12:53,215 - INFO -   mAP@0.5: 0.9028
2025-12-06 04:12:53,215 - INFO -   mAP@0.5:0.95: 0.7006
2025-12-06 04:12:53,215 - INFO - Epoch 112:
2025-12-06 04:12:53,215 - INFO -   训练损失: 4.08 | 验证损失: 4.69
2025-12-06 04:12:53,215 - INFO -   mAP@0.5: 0.9015
2025-12-06 04:12:53,215 - INFO -   mAP@0.5:0.95: 0.6987
2025-12-06 04:12:53,215 - INFO - Epoch 113:
2025-12-06 04:12:53,215 - INFO -   训练损失: 4.07 | 验证损失: 4.69
2025-12-06 04:12:53,215 - INFO -   mAP@0.5: 0.9037
2025-12-06 04:12:53,215 - INFO -   mAP@0.5:0.95: 0.7003
2025-12-06 04:12:53,215 - INFO - Epoch 114:
2025-12-06 04:12:53,215 - INFO -   训练损失: 4.07 | 验证损失: 4.69
2025-12-06 04:12:53,215 - INFO -   mAP@0.5: 0.9028
2025-12-06 04:12:53,215 - INFO -   mAP@0.5:0.95: 0.6991
2025-12-06 04:12:53,215 - INFO - Epoch 115:
2025-12-06 04:12:53,215 - INFO -   训练损失: 4.06 | 验证损失: 4.68
2025-12-06 04:12:53,215 - INFO -   mAP@0.5: 0.9021
2025-12-06 04:12:53,216 - INFO -   mAP@0.5:0.95: 0.6979
2025-12-06 04:12:53,216 - INFO - Epoch 116:
2025-12-06 04:12:53,216 - INFO -   训练损失: 4.06 | 验证损失: 4.69
2025-12-06 04:12:53,216 - INFO -   mAP@0.5: 0.9012
2025-12-06 04:12:53,216 - INFO -   mAP@0.5:0.95: 0.6973
2025-12-06 04:12:53,216 - INFO - Epoch 117:
2025-12-06 04:12:53,216 - INFO -   训练损失: 4.05 | 验证损失: 4.68
2025-12-06 04:12:53,216 - INFO -   mAP@0.5: 0.9005
2025-12-06 04:12:53,216 - INFO -   mAP@0.5:0.95: 0.6991
2025-12-06 04:12:53,216 - INFO - Epoch 118:
2025-12-06 04:12:53,216 - INFO -   训练损失: 4.05 | 验证损失: 4.68
2025-12-06 04:12:53,216 - INFO -   mAP@0.5: 0.9000
2025-12-06 04:12:53,216 - INFO -   mAP@0.5:0.95: 0.6982
2025-12-06 04:12:53,216 - INFO - Epoch 119:
2025-12-06 04:12:53,216 - INFO -   训练损失: 4.04 | 验证损失: 4.70
2025-12-06 04:12:53,216 - INFO -   mAP@0.5: 0.9000
2025-12-06 04:12:53,216 - INFO -   mAP@0.5:0.95: 0.6967
2025-12-06 04:12:53,216 - INFO - Epoch 120:
2025-12-06 04:12:53,216 - INFO -   训练损失: 4.03 | 验证损失: 4.70
2025-12-06 04:12:53,216 - INFO -   mAP@0.5: 0.8996
2025-12-06 04:12:53,216 - INFO -   mAP@0.5:0.95: 0.6971
2025-12-06 04:12:53,216 - INFO - Epoch 121:
2025-12-06 04:12:53,216 - INFO -   训练损失: 4.02 | 验证损失: 4.71
2025-12-06 04:12:53,216 - INFO -   mAP@0.5: 0.8983
2025-12-06 04:12:53,216 - INFO -   mAP@0.5:0.95: 0.6955
2025-12-06 04:12:53,216 - INFO - Epoch 122:
2025-12-06 04:12:53,216 - INFO -   训练损失: 4.02 | 验证损失: 4.71
2025-12-06 04:12:53,216 - INFO -   mAP@0.5: 0.8995
2025-12-06 04:12:53,216 - INFO -   mAP@0.5:0.95: 0.6974
2025-12-06 04:12:53,217 - INFO - Epoch 123:
2025-12-06 04:12:53,217 - INFO -   训练损失: 4.01 | 验证损失: 4.71
2025-12-06 04:12:53,217 - INFO -   mAP@0.5: 0.8994
2025-12-06 04:12:53,217 - INFO -   mAP@0.5:0.95: 0.6964
2025-12-06 04:12:53,217 - INFO - Epoch 124:
2025-12-06 04:12:53,217 - INFO -   训练损失: 4.00 | 验证损失: 4.73
2025-12-06 04:12:53,217 - INFO -   mAP@0.5: 0.8994
2025-12-06 04:12:53,217 - INFO -   mAP@0.5:0.95: 0.6950
2025-12-06 04:12:53,217 - INFO - Epoch 125:
2025-12-06 04:12:53,217 - INFO -   训练损失: 3.99 | 验证损失: 4.73
2025-12-06 04:12:53,217 - INFO -   mAP@0.5: 0.8986
2025-12-06 04:12:53,217 - INFO -   mAP@0.5:0.95: 0.6948
2025-12-06 04:12:53,217 - INFO - Epoch 126:
2025-12-06 04:12:53,217 - INFO -   训练损失: 3.99 | 验证损失: 4.73
2025-12-06 04:12:53,217 - INFO -   mAP@0.5: 0.8982
2025-12-06 04:12:53,217 - INFO -   mAP@0.5:0.95: 0.6944
2025-12-06 04:12:53,217 - INFO - Epoch 127:
2025-12-06 04:12:53,217 - INFO -   训练损失: 3.98 | 验证损失: 4.73
2025-12-06 04:12:53,217 - INFO -   mAP@0.5: 0.8992
2025-12-06 04:12:53,217 - INFO -   mAP@0.5:0.95: 0.6953
2025-12-06 04:12:53,217 - INFO - Epoch 128:
2025-12-06 04:12:53,217 - INFO -   训练损失: 3.98 | 验证损失: 4.74
2025-12-06 04:12:53,217 - INFO -   mAP@0.5: 0.8990
2025-12-06 04:12:53,217 - INFO -   mAP@0.5:0.95: 0.6942
2025-12-06 04:12:53,217 - INFO - Epoch 129:
2025-12-06 04:12:53,217 - INFO -   训练损失: 3.98 | 验证损失: 4.75
2025-12-06 04:12:53,217 - INFO -   mAP@0.5: 0.8992
2025-12-06 04:12:53,217 - INFO -   mAP@0.5:0.95: 0.6940
2025-12-06 04:12:53,218 - INFO - Epoch 130:
2025-12-06 04:12:53,218 - INFO -   训练损失: 3.96 | 验证损失: 4.75
2025-12-06 04:12:53,218 - INFO -   mAP@0.5: 0.8990
2025-12-06 04:12:53,218 - INFO -   mAP@0.5:0.95: 0.6932
2025-12-06 04:12:53,218 - INFO - Epoch 131:
2025-12-06 04:12:53,218 - INFO -   训练损失: 3.95 | 验证损失: 4.76
2025-12-06 04:12:53,218 - INFO -   mAP@0.5: 0.8992
2025-12-06 04:12:53,218 - INFO -   mAP@0.5:0.95: 0.6932
2025-12-06 04:12:53,218 - INFO - Epoch 132:
2025-12-06 04:12:53,218 - INFO -   训练损失: 3.95 | 验证损失: 4.75
2025-12-06 04:12:53,218 - INFO -   mAP@0.5: 0.8990
2025-12-06 04:12:53,218 - INFO -   mAP@0.5:0.95: 0.6938
2025-12-06 04:12:53,218 - INFO - Epoch 133:
2025-12-06 04:12:53,218 - INFO -   训练损失: 3.95 | 验证损失: 4.76
2025-12-06 04:12:53,218 - INFO -   mAP@0.5: 0.8994
2025-12-06 04:12:53,218 - INFO -   mAP@0.5:0.95: 0.6941
2025-12-06 04:12:53,218 - INFO - Epoch 134:
2025-12-06 04:12:53,218 - INFO -   训练损失: 3.93 | 验证损失: 4.76
2025-12-06 04:12:53,218 - INFO -   mAP@0.5: 0.8987
2025-12-06 04:12:53,218 - INFO -   mAP@0.5:0.95: 0.6936
2025-12-06 04:12:53,218 - INFO - Epoch 135:
2025-12-06 04:12:53,218 - INFO -   训练损失: 3.93 | 验证损失: 4.76
2025-12-06 04:12:53,218 - INFO -   mAP@0.5: 0.8982
2025-12-06 04:12:53,218 - INFO -   mAP@0.5:0.95: 0.6932
2025-12-06 04:12:53,218 - INFO - Epoch 136:
2025-12-06 04:12:53,218 - INFO -   训练损失: 3.93 | 验证损失: 4.76
2025-12-06 04:12:53,218 - INFO -   mAP@0.5: 0.8992
2025-12-06 04:12:53,218 - INFO -   mAP@0.5:0.95: 0.6942
2025-12-06 04:12:53,218 - INFO - Epoch 137:
2025-12-06 04:12:53,219 - INFO -   训练损失: 3.91 | 验证损失: 4.76
2025-12-06 04:12:53,219 - INFO -   mAP@0.5: 0.8997
2025-12-06 04:12:53,219 - INFO -   mAP@0.5:0.95: 0.6947
2025-12-06 04:12:53,219 - INFO - Epoch 138:
2025-12-06 04:12:53,219 - INFO -   训练损失: 3.91 | 验证损失: 4.77
2025-12-06 04:12:53,219 - INFO -   mAP@0.5: 0.9001
2025-12-06 04:12:53,219 - INFO -   mAP@0.5:0.95: 0.6949
2025-12-06 04:12:53,219 - INFO - Epoch 139:
2025-12-06 04:12:53,219 - INFO -   训练损失: 3.90 | 验证损失: 4.77
2025-12-06 04:12:53,219 - INFO -   mAP@0.5: 0.8994
2025-12-06 04:12:53,219 - INFO -   mAP@0.5:0.95: 0.6937
2025-12-06 04:12:53,219 - INFO - Epoch 140:
2025-12-06 04:12:53,219 - INFO -   训练损失: 3.89 | 验证损失: 4.78
2025-12-06 04:12:53,219 - INFO -   mAP@0.5: 0.8984
2025-12-06 04:12:53,219 - INFO -   mAP@0.5:0.95: 0.6928
2025-12-06 04:12:53,219 - INFO - Epoch 141:
2025-12-06 04:12:53,219 - INFO -   训练损失: 3.89 | 验证损失: 4.79
2025-12-06 04:12:53,219 - INFO -   mAP@0.5: 0.8977
2025-12-06 04:12:53,219 - INFO -   mAP@0.5:0.95: 0.6923
2025-12-06 04:12:53,219 - INFO - Epoch 142:
2025-12-06 04:12:53,219 - INFO -   训练损失: 3.89 | 验证损失: 4.79
2025-12-06 04:12:53,219 - INFO -   mAP@0.5: 0.8968
2025-12-06 04:12:53,219 - INFO -   mAP@0.5:0.95: 0.6912
2025-12-06 04:12:53,219 - INFO - Epoch 143:
2025-12-06 04:12:53,219 - INFO -   训练损失: 3.87 | 验证损失: 4.79
2025-12-06 04:12:53,219 - INFO -   mAP@0.5: 0.8972
2025-12-06 04:12:53,219 - INFO -   mAP@0.5:0.95: 0.6912
2025-12-06 04:12:53,219 - INFO - Epoch 144:
2025-12-06 04:12:53,219 - INFO -   训练损失: 3.87 | 验证损失: 4.79
2025-12-06 04:12:53,220 - INFO -   mAP@0.5: 0.8972
2025-12-06 04:12:53,220 - INFO -   mAP@0.5:0.95: 0.6918
2025-12-06 04:12:53,220 - INFO - Epoch 145:
2025-12-06 04:12:53,220 - INFO -   训练损失: 3.87 | 验证损失: 4.79
2025-12-06 04:12:53,220 - INFO -   mAP@0.5: 0.8968
2025-12-06 04:12:53,220 - INFO -   mAP@0.5:0.95: 0.6911
2025-12-06 04:12:53,220 - INFO - Epoch 146:
2025-12-06 04:12:53,220 - INFO -   训练损失: 3.85 | 验证损失: 4.80
2025-12-06 04:12:53,220 - INFO -   mAP@0.5: 0.8960
2025-12-06 04:12:53,220 - INFO -   mAP@0.5:0.95: 0.6903
2025-12-06 04:12:53,220 - INFO - Epoch 147:
2025-12-06 04:12:53,220 - INFO -   训练损失: 3.84 | 验证损失: 4.81
2025-12-06 04:12:53,220 - INFO -   mAP@0.5: 0.8958
2025-12-06 04:12:53,220 - INFO -   mAP@0.5:0.95: 0.6893
2025-12-06 04:12:53,220 - INFO - Epoch 148:
2025-12-06 04:12:53,220 - INFO -   训练损失: 3.84 | 验证损失: 4.82
2025-12-06 04:12:53,220 - INFO -   mAP@0.5: 0.8947
2025-12-06 04:12:53,220 - INFO -   mAP@0.5:0.95: 0.6877
2025-12-06 04:12:53,220 - INFO - Epoch 149:
2025-12-06 04:12:53,220 - INFO -   训练损失: 3.84 | 验证损失: 4.83
2025-12-06 04:12:53,220 - INFO -   mAP@0.5: 0.8941
2025-12-06 04:12:53,220 - INFO -   mAP@0.5:0.95: 0.6866
2025-12-06 04:12:53,220 - INFO - Epoch 150:
2025-12-06 04:12:53,220 - INFO -   训练损失: 3.83 | 验证损失: 4.84
2025-12-06 04:12:53,220 - INFO -   mAP@0.5: 0.8932
2025-12-06 04:12:53,220 - INFO -   mAP@0.5:0.95: 0.6861
2025-12-06 04:12:53,220 - INFO - Epoch 151:
2025-12-06 04:12:53,220 - INFO -   训练损失: 3.82 | 验证损失: 4.84
2025-12-06 04:12:53,220 - INFO -   mAP@0.5: 0.8923
2025-12-06 04:12:53,221 - INFO -   mAP@0.5:0.95: 0.6853
2025-12-06 04:12:53,221 - INFO - Epoch 152:
2025-12-06 04:12:53,221 - INFO -   训练损失: 3.82 | 验证损失: 4.85
2025-12-06 04:12:53,221 - INFO -   mAP@0.5: 0.8912
2025-12-06 04:12:53,221 - INFO -   mAP@0.5:0.95: 0.6841
2025-12-06 04:12:53,221 - INFO - Epoch 153:
2025-12-06 04:12:53,221 - INFO -   训练损失: 3.81 | 验证损失: 4.86
2025-12-06 04:12:53,221 - INFO -   mAP@0.5: 0.8903
2025-12-06 04:12:53,221 - INFO -   mAP@0.5:0.95: 0.6836
2025-12-06 04:12:53,221 - INFO - Epoch 154:
2025-12-06 04:12:53,221 - INFO -   训练损失: 3.80 | 验证损失: 4.86
2025-12-06 04:12:53,221 - INFO -   mAP@0.5: 0.8898
2025-12-06 04:12:53,221 - INFO -   mAP@0.5:0.95: 0.6825
2025-12-06 04:12:53,221 - INFO - Epoch 155:
2025-12-06 04:12:53,221 - INFO -   训练损失: 3.79 | 验证损失: 4.87
2025-12-06 04:12:53,221 - INFO -   mAP@0.5: 0.8889
2025-12-06 04:12:53,221 - INFO -   mAP@0.5:0.95: 0.6813
2025-12-06 04:12:53,221 - INFO - Epoch 156:
2025-12-06 04:12:53,221 - INFO -   训练损失: 3.79 | 验证损失: 4.87
2025-12-06 04:12:53,221 - INFO -   mAP@0.5: 0.8889
2025-12-06 04:12:53,221 - INFO -   mAP@0.5:0.95: 0.6816
2025-12-06 04:12:53,221 - INFO - Epoch 157:
2025-12-06 04:12:53,221 - INFO -   训练损失: 3.79 | 验证损失: 4.88
2025-12-06 04:12:53,221 - INFO -   mAP@0.5: 0.8885
2025-12-06 04:12:53,221 - INFO -   mAP@0.5:0.95: 0.6810
2025-12-06 04:12:53,221 - INFO - Epoch 158:
2025-12-06 04:12:53,221 - INFO -   训练损失: 3.78 | 验证损失: 4.88
2025-12-06 04:12:53,221 - INFO -   mAP@0.5: 0.8882
2025-12-06 04:12:53,221 - INFO -   mAP@0.5:0.95: 0.6805
2025-12-06 04:12:53,221 - INFO - Epoch 159:
2025-12-06 04:12:53,222 - INFO -   训练损失: 3.77 | 验证损失: 4.89
2025-12-06 04:12:53,222 - INFO -   mAP@0.5: 0.8883
2025-12-06 04:12:53,222 - INFO -   mAP@0.5:0.95: 0.6804
2025-12-06 04:12:53,222 - INFO - Epoch 160:
2025-12-06 04:12:53,222 - INFO -   训练损失: 3.76 | 验证损失: 4.89
2025-12-06 04:12:53,222 - INFO -   mAP@0.5: 0.8881
2025-12-06 04:12:53,222 - INFO -   mAP@0.5:0.95: 0.6802
2025-12-06 04:12:53,222 - INFO - Epoch 161:
2025-12-06 04:12:53,222 - INFO -   训练损失: 3.76 | 验证损失: 4.90
2025-12-06 04:12:53,222 - INFO -   mAP@0.5: 0.8873
2025-12-06 04:12:53,222 - INFO -   mAP@0.5:0.95: 0.6789
2025-12-06 04:12:53,222 - INFO - Epoch 162:
2025-12-06 04:12:53,222 - INFO -   训练损失: 3.75 | 验证损失: 4.91
2025-12-06 04:12:53,222 - INFO -   mAP@0.5: 0.8872
2025-12-06 04:12:53,222 - INFO -   mAP@0.5:0.95: 0.6786
2025-12-06 04:12:53,222 - INFO - Epoch 163:
2025-12-06 04:12:53,222 - INFO -   训练损失: 3.75 | 验证损失: 4.91
2025-12-06 04:12:53,222 - INFO -   mAP@0.5: 0.8871
2025-12-06 04:12:53,222 - INFO -   mAP@0.5:0.95: 0.6782
2025-12-06 04:12:53,222 - INFO - Epoch 164:
2025-12-06 04:12:53,222 - INFO -   训练损失: 3.75 | 验证损失: 4.92
2025-12-06 04:12:53,222 - INFO -   mAP@0.5: 0.8870
2025-12-06 04:12:53,222 - INFO -   mAP@0.5:0.95: 0.6779
2025-12-06 04:12:53,222 - INFO - Epoch 165:
2025-12-06 04:12:53,222 - INFO -   训练损失: 3.74 | 验证损失: 4.92
2025-12-06 04:12:53,222 - INFO -   mAP@0.5: 0.8869
2025-12-06 04:12:53,222 - INFO -   mAP@0.5:0.95: 0.6774
2025-12-06 04:12:53,222 - INFO - Epoch 166:
2025-12-06 04:12:53,222 - INFO -   训练损失: 3.73 | 验证损失: 4.93
2025-12-06 04:12:53,222 - INFO -   mAP@0.5: 0.8868
2025-12-06 04:12:53,223 - INFO -   mAP@0.5:0.95: 0.6771
2025-12-06 04:12:53,223 - INFO - Epoch 167:
2025-12-06 04:12:53,223 - INFO -   训练损失: 3.73 | 验证损失: 4.93
2025-12-06 04:12:53,223 - INFO -   mAP@0.5: 0.8864
2025-12-06 04:12:53,223 - INFO -   mAP@0.5:0.95: 0.6769
2025-12-06 04:12:53,223 - INFO - Epoch 168:
2025-12-06 04:12:53,223 - INFO -   训练损失: 3.73 | 验证损失: 4.94
2025-12-06 04:12:53,223 - INFO -   mAP@0.5: 0.8863
2025-12-06 04:12:53,223 - INFO -   mAP@0.5:0.95: 0.6766
2025-12-06 04:12:53,223 - INFO - Epoch 169:
2025-12-06 04:12:53,223 - INFO -   训练损失: 3.72 | 验证损失: 4.94
2025-12-06 04:12:53,223 - INFO -   mAP@0.5: 0.8861
2025-12-06 04:12:53,223 - INFO -   mAP@0.5:0.95: 0.6763
2025-12-06 04:12:53,223 - INFO - Epoch 170:
2025-12-06 04:12:53,223 - INFO -   训练损失: 3.71 | 验证损失: 4.94
2025-12-06 04:12:53,223 - INFO -   mAP@0.5: 0.8858
2025-12-06 04:12:53,223 - INFO -   mAP@0.5:0.95: 0.6762
2025-12-06 04:12:53,223 - INFO - Epoch 171:
2025-12-06 04:12:53,223 - INFO -   训练损失: 3.71 | 验证损失: 4.95
2025-12-06 04:12:53,223 - INFO -   mAP@0.5: 0.8853
2025-12-06 04:12:53,223 - INFO -   mAP@0.5:0.95: 0.6755
2025-12-06 04:12:53,223 - INFO - Epoch 172:
2025-12-06 04:12:53,223 - INFO -   训练损失: 3.70 | 验证损失: 4.96
2025-12-06 04:12:53,223 - INFO -   mAP@0.5: 0.8849
2025-12-06 04:12:53,223 - INFO -   mAP@0.5:0.95: 0.6749
2025-12-06 04:12:53,223 - INFO - Epoch 173:
2025-12-06 04:12:53,223 - INFO -   训练损失: 3.70 | 验证损失: 4.96
2025-12-06 04:12:53,223 - INFO -   mAP@0.5: 0.8846
2025-12-06 04:12:53,223 - INFO -   mAP@0.5:0.95: 0.6744
2025-12-06 04:12:53,224 - INFO - Epoch 174:
2025-12-06 04:12:53,224 - INFO -   训练损失: 3.70 | 验证损失: 4.97
2025-12-06 04:12:53,224 - INFO -   mAP@0.5: 0.8843
2025-12-06 04:12:53,224 - INFO -   mAP@0.5:0.95: 0.6741
2025-12-06 04:12:53,224 - INFO - Epoch 175:
2025-12-06 04:12:53,224 - INFO -   训练损失: 3.69 | 验证损失: 4.97
2025-12-06 04:12:53,224 - INFO -   mAP@0.5: 0.8841
2025-12-06 04:12:53,224 - INFO -   mAP@0.5:0.95: 0.6735
2025-12-06 04:12:53,224 - INFO - Epoch 176:
2025-12-06 04:12:53,224 - INFO -   训练损失: 3.69 | 验证损失: 4.98
2025-12-06 04:12:53,224 - INFO -   mAP@0.5: 0.8838
2025-12-06 04:12:53,224 - INFO -   mAP@0.5:0.95: 0.6730
2025-12-06 04:12:53,224 - INFO - Epoch 177:
2025-12-06 04:12:53,224 - INFO -   训练损失: 3.68 | 验证损失: 4.98
2025-12-06 04:12:53,224 - INFO -   mAP@0.5: 0.8837
2025-12-06 04:12:53,224 - INFO -   mAP@0.5:0.95: 0.6727
2025-12-06 04:12:53,224 - INFO - Epoch 178:
2025-12-06 04:12:53,224 - INFO -   训练损失: 3.68 | 验证损失: 4.98
2025-12-06 04:12:53,224 - INFO -   mAP@0.5: 0.8833
2025-12-06 04:12:53,224 - INFO -   mAP@0.5:0.95: 0.6723
2025-12-06 04:12:53,224 - INFO - Epoch 179:
2025-12-06 04:12:53,224 - INFO -   训练损失: 3.68 | 验证损失: 4.99
2025-12-06 04:12:53,224 - INFO -   mAP@0.5: 0.8830
2025-12-06 04:12:53,224 - INFO -   mAP@0.5:0.95: 0.6717
2025-12-06 04:12:53,224 - INFO - Epoch 180:
2025-12-06 04:12:53,224 - INFO -   训练损失: 3.67 | 验证损失: 4.99
2025-12-06 04:12:53,224 - INFO -   mAP@0.5: 0.8823
2025-12-06 04:12:53,224 - INFO -   mAP@0.5:0.95: 0.6710
2025-12-06 04:12:53,224 - INFO - Epoch 181:
2025-12-06 04:12:53,224 - INFO -   训练损失: 3.66 | 验证损失: 4.99
2025-12-06 04:12:53,225 - INFO -   mAP@0.5: 0.8818
2025-12-06 04:12:53,225 - INFO -   mAP@0.5:0.95: 0.6704
2025-12-06 04:12:53,225 - INFO - Epoch 182:
2025-12-06 04:12:53,225 - INFO -   训练损失: 3.67 | 验证损失: 5.00
2025-12-06 04:12:53,225 - INFO -   mAP@0.5: 0.8814
2025-12-06 04:12:53,225 - INFO -   mAP@0.5:0.95: 0.6698
2025-12-06 04:12:53,225 - INFO - Epoch 183:
2025-12-06 04:12:53,225 - INFO -   训练损失: 3.66 | 验证损失: 5.00
2025-12-06 04:12:53,225 - INFO -   mAP@0.5: 0.8813
2025-12-06 04:12:53,225 - INFO -   mAP@0.5:0.95: 0.6696
2025-12-06 04:12:53,225 - INFO - Epoch 184:
2025-12-06 04:12:53,225 - INFO -   训练损失: 3.66 | 验证损失: 5.01
2025-12-06 04:12:53,225 - INFO -   mAP@0.5: 0.8811
2025-12-06 04:12:53,225 - INFO -   mAP@0.5:0.95: 0.6693
2025-12-06 04:12:53,225 - INFO - Epoch 185:
2025-12-06 04:12:53,225 - INFO -   训练损失: 3.66 | 验证损失: 5.01
2025-12-06 04:12:53,225 - INFO -   mAP@0.5: 0.8811
2025-12-06 04:12:53,225 - INFO -   mAP@0.5:0.95: 0.6690
2025-12-06 04:12:53,225 - INFO - Epoch 186:
2025-12-06 04:12:53,225 - INFO -   训练损失: 3.66 | 验证损失: 5.01
2025-12-06 04:12:53,225 - INFO -   mAP@0.5: 0.8810
2025-12-06 04:12:53,225 - INFO -   mAP@0.5:0.95: 0.6689
2025-12-06 04:12:53,225 - INFO - Epoch 187:
2025-12-06 04:12:53,225 - INFO -   训练损失: 3.66 | 验证损失: 5.01
2025-12-06 04:12:53,225 - INFO -   mAP@0.5: 0.8805
2025-12-06 04:12:53,225 - INFO -   mAP@0.5:0.95: 0.6685
2025-12-06 04:12:53,225 - INFO - Epoch 188:
2025-12-06 04:12:53,225 - INFO -   训练损失: 3.65 | 验证损失: 5.02
2025-12-06 04:12:53,225 - INFO -   mAP@0.5: 0.8806
2025-12-06 04:12:53,225 - INFO -   mAP@0.5:0.95: 0.6684
2025-12-06 04:12:53,226 - INFO - Epoch 189:
2025-12-06 04:12:53,226 - INFO -   训练损失: 3.65 | 验证损失: 5.02
2025-12-06 04:12:53,226 - INFO -   mAP@0.5: 0.8802
2025-12-06 04:12:53,226 - INFO -   mAP@0.5:0.95: 0.6679
2025-12-06 04:12:53,226 - INFO - Epoch 190:
2025-12-06 04:12:53,226 - INFO -   训练损失: 3.65 | 验证损失: 5.02
2025-12-06 04:12:53,226 - INFO -   mAP@0.5: 0.8799
2025-12-06 04:12:53,226 - INFO -   mAP@0.5:0.95: 0.6676
2025-12-06 04:12:53,226 - INFO - Epoch 191:
2025-12-06 04:12:53,226 - INFO -   训练损失: 3.64 | 验证损失: 5.03
2025-12-06 04:12:53,226 - INFO -   mAP@0.5: 0.8798
2025-12-06 04:12:53,226 - INFO -   mAP@0.5:0.95: 0.6674
2025-12-06 04:12:53,226 - INFO - Epoch 192:
2025-12-06 04:12:53,226 - INFO -   训练损失: 3.63 | 验证损失: 5.03
2025-12-06 04:12:53,226 - INFO -   mAP@0.5: 0.8799
2025-12-06 04:12:53,226 - INFO -   mAP@0.5:0.95: 0.6674
2025-12-06 04:12:53,226 - INFO - Epoch 193:
2025-12-06 04:12:53,226 - INFO -   训练损失: 3.64 | 验证损失: 5.03
2025-12-06 04:12:53,226 - INFO -   mAP@0.5: 0.8797
2025-12-06 04:12:53,226 - INFO -   mAP@0.5:0.95: 0.6671
2025-12-06 04:12:53,226 - INFO - Epoch 194:
2025-12-06 04:12:53,226 - INFO -   训练损失: 3.64 | 验证损失: 5.03
2025-12-06 04:12:53,226 - INFO -   mAP@0.5: 0.8796
2025-12-06 04:12:53,226 - INFO -   mAP@0.5:0.95: 0.6671
2025-12-06 04:12:53,226 - INFO - Epoch 195:
2025-12-06 04:12:53,226 - INFO -   训练损失: 3.64 | 验证损失: 5.03
2025-12-06 04:12:53,226 - INFO -   mAP@0.5: 0.8794
2025-12-06 04:12:53,226 - INFO -   mAP@0.5:0.95: 0.6667
2025-12-06 04:12:53,226 - INFO - Epoch 196:
2025-12-06 04:12:53,226 - INFO -   训练损失: 3.63 | 验证损失: 5.04
2025-12-06 04:12:53,227 - INFO -   mAP@0.5: 0.8791
2025-12-06 04:12:53,227 - INFO -   mAP@0.5:0.95: 0.6665
2025-12-06 04:12:53,227 - INFO - Epoch 197:
2025-12-06 04:12:53,227 - INFO -   训练损失: 3.63 | 验证损失: 5.04
2025-12-06 04:12:53,227 - INFO -   mAP@0.5: 0.8789
2025-12-06 04:12:53,227 - INFO -   mAP@0.5:0.95: 0.6663
2025-12-06 04:12:53,227 - INFO - Epoch 198:
2025-12-06 04:12:53,227 - INFO -   训练损失: 3.63 | 验证损失: 5.04
2025-12-06 04:12:53,227 - INFO -   mAP@0.5: 0.8787
2025-12-06 04:12:53,227 - INFO -   mAP@0.5:0.95: 0.6661
2025-12-06 04:12:53,227 - INFO - Epoch 199:
2025-12-06 04:12:53,227 - INFO -   训练损失: 3.63 | 验证损失: 5.04
2025-12-06 04:12:53,227 - INFO -   mAP@0.5: 0.8786
2025-12-06 04:12:53,227 - INFO -   mAP@0.5:0.95: 0.6659
2025-12-06 04:12:53,227 - INFO - Epoch 200:
2025-12-06 04:12:53,227 - INFO -   训练损失: 3.64 | 验证损失: 5.04
2025-12-06 04:12:53,227 - INFO -   mAP@0.5: 0.8785
2025-12-06 04:12:53,227 - INFO -   mAP@0.5:0.95: 0.6658
2025-12-06 04:12:53,227 - INFO - ================================================================================
2025-12-06 04:12:53,770 - INFO - ✓ 训练曲线已保存到: logs/yolo_v10s_20251206_001645/training_curves.png
2025-12-06 04:12:53,779 - INFO - ✓ 已创建统一命名的最佳模型: logs/yolo_v10s_20251206_001645/best_model.pth
2025-12-06 04:12:53,787 - INFO - ✓ 已创建统一命名的最新检查点: logs/yolo_v10s_20251206_001645/latest_checkpoint.pth
2025-12-06 04:12:53,787 - INFO - ✓ 已创建统一命名的训练历史: logs/yolo_v10s_20251206_001645/training_history.csv
2025-12-06 04:12:53,787 - INFO - ✓ 最佳模型: logs/yolo_v10s_20251206_001645/best_model.pth
2025-12-06 04:12:53,788 - INFO - ✓ 最佳mAP@0.5:0.95: 0.7046
2025-12-06 04:12:53,788 - INFO - ✓ 最佳mAP@0.5: 0.9067
2025-12-06 04:12:53,788 - INFO - ✓ 所有输出已保存到: logs/yolo_v10s_20251206_001645
2025-12-06 04:12:53,788 - INFO - ================================================================================
