2025-11-23 17:53:20,026 - INFO - 从本地文件加载预训练权重: pretrained/rtdetrv2_r34vd_120e_coco_ema.pth
2025-11-23 17:53:20,111 - INFO - ✓ 检测到EMA checkpoint格式
2025-11-23 17:53:20,124 - INFO - ✓ 成功加载预训练权重: 514/654 个参数
2025-11-23 17:53:20,124 - INFO -   - 跳过类别相关参数: 11 个（COCO 80类 → DAIR-V2X 8类）
2025-11-23 17:53:20,125 - INFO -   - Backbone: 234 个参数
2025-11-23 17:53:20,126 - INFO -   - Encoder: 270 个参数
2025-11-23 17:53:20,126 - INFO -   - Decoder: 150 个参数
2025-11-23 17:53:20,126 - INFO -   - 预训练模型缺少参数: 140 个（当前模型新增）
2025-11-23 17:53:20,126 - INFO -     示例: ['encoder.token_pruners.0.importance_predictor.fc1.weight', 'encoder.token_pruners.0.importance_predictor.fc1.bias', 'encoder.token_pruners.0.importance_predictor.fc2.weight'] ...
2025-11-23 17:53:20,126 - INFO -   - 模型新增参数: 22 个（将随机初始化）
2025-11-23 17:53:20,352 - INFO - ✓ 已启用GPU优化: cudnn.benchmark=True, TF32=True
2025-11-23 17:53:20,352 - INFO - ✓ 创建DSET RT-DETR模型
2025-11-23 17:53:20,352 - INFO -   Decoder专家数量: 6
2025-11-23 17:53:20,352 - INFO -   Backbone: presnet34
2025-11-23 17:53:20,352 - INFO -   Encoder: in_channels=[128, 256, 512], expansion=0.5, num_layers=1
2025-11-23 17:53:20,352 - INFO -   Encoder MoE设计: 层间共享
2025-11-23 17:53:20,352 - INFO -   双稀疏配置（DSET核心特性，必然启用）:
2025-11-23 17:53:20,352 - INFO -     - Patch-MoE: 启用 (experts=6, top_k=3, patch_size=4)
2025-11-23 17:53:20,352 - INFO -     - Patch-level Pruning: 启用（与 Patch-MoE 兼容）
2025-11-23 17:53:20,352 - INFO -       → keep_ratio=0.7, warmup=10
2025-11-23 17:53:20,352 - INFO -   损失权重配置:
2025-11-23 17:53:20,352 - INFO -     - Token Pruning Loss: True (weight=0.01)
2025-11-23 17:53:20,353 - INFO -     - Decoder MoE: 0.05
2025-11-23 17:53:20,353 - INFO -     - Encoder MoE: 0.03
2025-11-23 17:53:22,241 - INFO - ✓ 创建数据加载器
2025-11-23 17:53:22,242 - INFO -   训练集: 5042 | 验证集: 2016
2025-11-23 17:53:22,250 - INFO - ✓ 预训练参数组: 181 个参数, lr=1e-05
2025-11-23 17:53:22,254 - INFO - ✓ Norm层参数组: 122 个参数, lr=0.0001, wd=0
2025-11-23 17:53:22,257 - INFO - ✓ 新参数组: 129 个参数, lr=0.0001
2025-11-23 17:53:22,260 - INFO - ✓ 使用CosineAnnealingLR调度器 (eta_min=1e-06)
2025-11-23 17:53:22,260 - INFO - ✓ 学习率预热 3 epochs
2025-11-23 17:53:22,370 - INFO - ⏱️  Early Stopping: 启用 (patience=35, metric=mAP_0.5_0.95, mode=max)
2025-11-23 17:53:22,370 - INFO - 推理输出目录: logs/dset6_r34_20251123_175319/inference_samples
2025-11-23 17:53:22,370 - INFO - 开始训练 200 epochs
2025-11-23 17:53:22,370 - INFO - ✓ 梯度裁剪: max_norm=10.0
2025-11-23 17:53:43,123 - INFO - Epoch 0 | Batch 0 | Loss: 49.14 (Det: 48.99, MoE: 3.2859)
2025-11-23 17:55:52,503 - INFO - Epoch 0 | Batch 50 | Loss: 26.57 (Det: 26.42, MoE: 3.2077)
2025-11-23 17:57:35,323 - INFO - Epoch 0:
2025-11-23 17:57:35,323 - INFO -   训练损失: 30.33 | 验证损失: 2.90
2025-11-23 17:57:35,324 - INFO -   (前30个epoch仅计算loss，跳过mAP评估)
2025-11-23 17:57:35,324 - INFO -   检测损失: 30.18
2025-11-23 17:57:35,324 - INFO -   Decoder MoE损失: 3.0772
2025-11-23 17:57:35,324 - INFO -   Encoder Patch-MoE Balance损失: 0.1313
2025-11-23 17:57:35,324 - INFO -   Encoder Patch-MoE Entropy损失: -1.7911
2025-11-23 17:57:35,324 - INFO -   Encoder MoE总损失: -1.6598
2025-11-23 17:57:35,324 - INFO -   Token Pruning损失: 0.007262
2025-11-23 17:57:35,324 - INFO -   MoE总损失: 3.2085
2025-11-23 17:57:35,324 - INFO -   Decoder专家使用率: [13.24%, 17.07%, 14.34%, 16.21%, 21.04%, 18.10%]
2025-11-23 17:57:35,324 - INFO -   🎉 新的最佳验证损失: 2.90
2025-11-23 17:57:36,665 - INFO - 💾 保存最新检查点: logs/dset6_r34_20251123_175319/latest_checkpoint.pth
2025-11-23 17:57:45,296 - INFO - Epoch 1 | Batch 0 | Loss: 24.13 (Det: 23.98, MoE: 3.1816)
2025-11-23 17:59:54,862 - INFO - Epoch 1 | Batch 50 | Loss: 19.70 (Det: 19.55, MoE: 3.2819)
2025-11-23 18:01:32,170 - INFO - Epoch 1:
2025-11-23 18:01:32,170 - INFO -   训练损失: 21.45 | 验证损失: 2.11
2025-11-23 18:01:32,171 - INFO -   (前30个epoch仅计算loss，跳过mAP评估)
2025-11-23 18:01:32,171 - INFO -   检测损失: 21.30
2025-11-23 18:01:32,171 - INFO -   Decoder MoE损失: 3.1290
2025-11-23 18:01:32,171 - INFO -   Encoder Patch-MoE Balance损失: 0.1213
2025-11-23 18:01:32,171 - INFO -   Encoder Patch-MoE Entropy损失: -1.7916
2025-11-23 18:01:32,171 - INFO -   Encoder MoE总损失: -1.6703
2025-11-23 18:01:32,171 - INFO -   Token Pruning损失: 0.003301
2025-11-23 18:01:32,171 - INFO -   MoE总损失: 3.2503
2025-11-23 18:01:32,171 - INFO -   Decoder专家使用率: [13.61%, 18.89%, 17.31%, 14.50%, 19.41%, 16.29%]
2025-11-23 18:01:32,172 - INFO -   🎉 新的最佳验证损失: 2.11
2025-11-23 18:01:33,604 - INFO - 💾 保存最新检查点: logs/dset6_r34_20251123_175319/latest_checkpoint.pth
2025-11-23 18:01:43,726 - INFO - Epoch 2 | Batch 0 | Loss: 17.16 (Det: 17.00, MoE: 3.3645)
2025-11-23 18:03:52,705 - INFO - Epoch 2 | Batch 50 | Loss: 17.01 (Det: 16.86, MoE: 3.3220)
2025-11-23 18:05:30,036 - INFO - Epoch 2:
2025-11-23 18:05:30,036 - INFO -   训练损失: 16.68 | 验证损失: 2.13
2025-11-23 18:05:30,036 - INFO -   (前30个epoch仅计算loss，跳过mAP评估)
2025-11-23 18:05:30,036 - INFO -   检测损失: 16.52
2025-11-23 18:05:30,036 - INFO -   Decoder MoE损失: 3.2094
2025-11-23 18:05:30,037 - INFO -   Encoder Patch-MoE Balance损失: 0.1168
2025-11-23 18:05:30,037 - INFO -   Encoder Patch-MoE Entropy损失: -1.7917
2025-11-23 18:05:30,037 - INFO -   Encoder MoE总损失: -1.6748
2025-11-23 18:05:30,037 - INFO -   Token Pruning损失: 0.002363
2025-11-23 18:05:30,037 - INFO -   MoE总损失: 3.3262
2025-11-23 18:05:30,037 - INFO -   Decoder专家使用率: [11.11%, 16.91%, 20.30%, 13.53%, 20.48%, 17.67%]
2025-11-23 18:05:31,290 - INFO - 💾 保存最新检查点: logs/dset6_r34_20251123_175319/latest_checkpoint.pth
2025-11-23 18:05:43,243 - INFO - Epoch 3 | Batch 0 | Loss: 15.85 (Det: 15.70, MoE: 3.2897)
2025-11-23 18:07:52,205 - INFO - Epoch 3 | Batch 50 | Loss: 14.34 (Det: 14.19, MoE: 3.2289)
2025-11-23 18:09:29,679 - INFO - Epoch 3:
2025-11-23 18:09:29,679 - INFO -   训练损失: 14.06 | 验证损失: 1.71
2025-11-23 18:09:29,679 - INFO -   (前30个epoch仅计算loss，跳过mAP评估)
2025-11-23 18:09:29,679 - INFO -   检测损失: 13.91
2025-11-23 18:09:29,679 - INFO -   Decoder MoE损失: 3.1125
2025-11-23 18:09:29,679 - INFO -   Encoder Patch-MoE Balance损失: 0.1299
2025-11-23 18:09:29,679 - INFO -   Encoder Patch-MoE Entropy损失: -1.7917
2025-11-23 18:09:29,679 - INFO -   Encoder MoE总损失: -1.6618
2025-11-23 18:09:29,679 - INFO -   Token Pruning损失: 0.001655
2025-11-23 18:09:29,679 - INFO -   MoE总损失: 3.2424
2025-11-23 18:09:29,679 - INFO -   Decoder专家使用率: [14.04%, 16.71%, 19.76%, 14.64%, 17.96%, 16.89%]
2025-11-23 18:09:29,679 - INFO -   🎉 新的最佳验证损失: 1.71
2025-11-23 18:09:30,922 - INFO - 💾 保存最新检查点: logs/dset6_r34_20251123_175319/latest_checkpoint.pth
2025-11-23 18:09:39,946 - INFO - Epoch 4 | Batch 0 | Loss: 13.25 (Det: 13.10, MoE: 3.2002)
2025-11-23 18:11:49,372 - INFO - Epoch 4 | Batch 50 | Loss: 12.58 (Det: 12.43, MoE: 3.2125)
2025-11-23 18:13:26,450 - INFO - Epoch 4:
2025-11-23 18:13:26,451 - INFO -   训练损失: 12.81 | 验证损失: 1.57
2025-11-23 18:13:26,451 - INFO -   (前30个epoch仅计算loss，跳过mAP评估)
2025-11-23 18:13:26,451 - INFO -   检测损失: 12.66
2025-11-23 18:13:26,451 - INFO -   Decoder MoE损失: 3.0769
2025-11-23 18:13:26,451 - INFO -   Encoder Patch-MoE Balance损失: 0.1246
2025-11-23 18:13:26,451 - INFO -   Encoder Patch-MoE Entropy损失: -1.7917
2025-11-23 18:13:26,451 - INFO -   Encoder MoE总损失: -1.6671
2025-11-23 18:13:26,451 - INFO -   Token Pruning损失: 0.001287
2025-11-23 18:13:26,451 - INFO -   MoE总损失: 3.2015
2025-11-23 18:13:26,451 - INFO -   Decoder专家使用率: [15.33%, 16.82%, 19.81%, 14.76%, 16.88%, 16.40%]
2025-11-23 18:13:26,451 - INFO -   🎉 新的最佳验证损失: 1.57
2025-11-23 18:13:27,934 - INFO - 💾 保存最新检查点: logs/dset6_r34_20251123_175319/latest_checkpoint.pth
2025-11-23 18:13:39,942 - INFO - Epoch 5 | Batch 0 | Loss: 12.41 (Det: 12.26, MoE: 3.2010)
2025-11-23 18:15:49,397 - INFO - Epoch 5 | Batch 50 | Loss: 11.78 (Det: 11.63, MoE: 3.2037)
2025-11-23 18:17:26,091 - INFO - Epoch 5:
2025-11-23 18:17:26,091 - INFO -   训练损失: 11.80 | 验证损失: 1.37
2025-11-23 18:17:26,091 - INFO -   (前30个epoch仅计算loss，跳过mAP评估)
2025-11-23 18:17:26,091 - INFO -   检测损失: 11.65
2025-11-23 18:17:26,091 - INFO -   Decoder MoE损失: 3.0695
2025-11-23 18:17:26,091 - INFO -   Encoder Patch-MoE Balance损失: 0.1315
2025-11-23 18:17:26,091 - INFO -   Encoder Patch-MoE Entropy损失: -1.7917
2025-11-23 18:17:26,091 - INFO -   Encoder MoE总损失: -1.6602
2025-11-23 18:17:26,091 - INFO -   Token Pruning损失: 0.001099
2025-11-23 18:17:26,091 - INFO -   MoE总损失: 3.2011
2025-11-23 18:17:26,091 - INFO -   Decoder专家使用率: [15.14%, 16.93%, 19.84%, 15.74%, 15.93%, 16.43%]
2025-11-23 18:17:26,091 - INFO -   🎉 新的最佳验证损失: 1.37
2025-11-23 18:17:27,288 - INFO - 💾 保存最新检查点: logs/dset6_r34_20251123_175319/latest_checkpoint.pth
2025-11-23 18:17:37,986 - INFO - Epoch 6 | Batch 0 | Loss: 11.10 (Det: 10.95, MoE: 3.2078)
2025-11-23 18:19:47,304 - INFO - Epoch 6 | Batch 50 | Loss: 10.73 (Det: 10.58, MoE: 3.2322)
2025-11-23 18:21:26,672 - INFO - Epoch 6:
2025-11-23 18:21:26,672 - INFO -   训练损失: 10.97 | 验证损失: 1.30
2025-11-23 18:21:26,672 - INFO -   (前30个epoch仅计算loss，跳过mAP评估)
2025-11-23 18:21:26,672 - INFO -   检测损失: 10.83
2025-11-23 18:21:26,672 - INFO -   Decoder MoE损失: 3.0671
2025-11-23 18:21:26,672 - INFO -   Encoder Patch-MoE Balance损失: 0.1358
2025-11-23 18:21:26,672 - INFO -   Encoder Patch-MoE Entropy损失: -1.7917
2025-11-23 18:21:26,672 - INFO -   Encoder MoE总损失: -1.6559
2025-11-23 18:21:26,672 - INFO -   Token Pruning损失: 0.000983
2025-11-23 18:21:26,672 - INFO -   MoE总损失: 3.2029
2025-11-23 18:21:26,672 - INFO -   Decoder专家使用率: [15.06%, 17.02%, 19.63%, 15.94%, 16.13%, 16.21%]
2025-11-23 18:21:26,673 - INFO -   🎉 新的最佳验证损失: 1.30
2025-11-23 18:21:27,870 - INFO - 💾 保存最新检查点: logs/dset6_r34_20251123_175319/latest_checkpoint.pth
2025-11-23 18:21:37,110 - INFO - Epoch 7 | Batch 0 | Loss: 10.42 (Det: 10.27, MoE: 3.1953)
2025-11-23 18:23:46,324 - INFO - Epoch 7 | Batch 50 | Loss: 10.51 (Det: 10.36, MoE: 3.1876)
2025-11-23 18:25:24,451 - INFO - Epoch 7:
2025-11-23 18:25:24,452 - INFO -   训练损失: 10.49 | 验证损失: 1.22
2025-11-23 18:25:24,452 - INFO -   (前30个epoch仅计算loss，跳过mAP评估)
2025-11-23 18:25:24,452 - INFO -   检测损失: 10.35
2025-11-23 18:25:24,452 - INFO -   Decoder MoE损失: 3.0583
2025-11-23 18:25:24,452 - INFO -   Encoder Patch-MoE Balance损失: 0.1405
2025-11-23 18:25:24,452 - INFO -   Encoder Patch-MoE Entropy损失: -1.7917
2025-11-23 18:25:24,452 - INFO -   Encoder MoE总损失: -1.6513
2025-11-23 18:25:24,452 - INFO -   Token Pruning损失: 0.000897
2025-11-23 18:25:24,452 - INFO -   MoE总损失: 3.1987
2025-11-23 18:25:24,452 - INFO -   Decoder专家使用率: [15.14%, 17.07%, 19.43%, 15.94%, 16.32%, 16.10%]
2025-11-23 18:25:24,452 - INFO -   🎉 新的最佳验证损失: 1.22
2025-11-23 18:25:32,506 - INFO - 💾 保存最新检查点: logs/dset6_r34_20251123_175319/latest_checkpoint.pth
2025-11-23 18:25:41,452 - INFO - Epoch 8 | Batch 0 | Loss: 10.38 (Det: 10.23, MoE: 3.1984)
2025-11-23 18:27:50,109 - INFO - Epoch 8 | Batch 50 | Loss: 9.93 (Det: 9.78, MoE: 3.1904)
2025-11-23 18:29:27,363 - INFO - Epoch 8:
2025-11-23 18:29:27,364 - INFO -   训练损失: 10.10 | 验证损失: 1.15
2025-11-23 18:29:27,364 - INFO -   (前30个epoch仅计算loss，跳过mAP评估)
2025-11-23 18:29:27,364 - INFO -   检测损失: 9.95
2025-11-23 18:29:27,364 - INFO -   Decoder MoE损失: 3.0560
2025-11-23 18:29:27,364 - INFO -   Encoder Patch-MoE Balance损失: 0.1398
2025-11-23 18:29:27,364 - INFO -   Encoder Patch-MoE Entropy损失: -1.7917
2025-11-23 18:29:27,364 - INFO -   Encoder MoE总损失: -1.6520
2025-11-23 18:29:27,364 - INFO -   Token Pruning损失: 0.000812
2025-11-23 18:29:27,364 - INFO -   MoE总损失: 3.1957
2025-11-23 18:29:27,364 - INFO -   Decoder专家使用率: [15.23%, 16.91%, 19.29%, 16.14%, 16.41%, 16.02%]
2025-11-23 18:29:27,364 - INFO -   🎉 新的最佳验证损失: 1.15
2025-11-23 18:29:28,564 - INFO - 💾 保存最新检查点: logs/dset6_r34_20251123_175319/latest_checkpoint.pth
2025-11-23 18:29:37,548 - INFO - Epoch 9 | Batch 0 | Loss: 9.91 (Det: 9.76, MoE: 3.2080)
2025-11-23 18:31:46,681 - INFO - Epoch 9 | Batch 50 | Loss: 9.51 (Det: 9.36, MoE: 3.2112)
2025-11-23 18:33:23,958 - INFO - Epoch 9:
2025-11-23 18:33:23,959 - INFO -   训练损失: 9.84 | 验证损失: 1.12
2025-11-23 18:33:23,959 - INFO -   (前30个epoch仅计算loss，跳过mAP评估)
2025-11-23 18:33:23,959 - INFO -   检测损失: 9.69
2025-11-23 18:33:23,959 - INFO -   Decoder MoE损失: 3.0477
2025-11-23 18:33:23,959 - INFO -   Encoder Patch-MoE Balance损失: 0.1419
2025-11-23 18:33:23,959 - INFO -   Encoder Patch-MoE Entropy损失: -1.7917
2025-11-23 18:33:23,959 - INFO -   Encoder MoE总损失: -1.6498
2025-11-23 18:33:23,959 - INFO -   Token Pruning损失: 0.000775
2025-11-23 18:33:23,959 - INFO -   MoE总损失: 3.1897
2025-11-23 18:33:23,959 - INFO -   Decoder专家使用率: [15.77%, 17.10%, 18.81%, 16.10%, 16.48%, 15.75%]
2025-11-23 18:33:23,959 - INFO -   🎉 新的最佳验证损失: 1.12
2025-11-23 18:33:25,160 - INFO - 💾 保存最新检查点: logs/dset6_r34_20251123_175319/latest_checkpoint.pth
2025-11-23 18:33:27,554 - INFO - [DEBUG] Epoch 10: pruner.current_epoch=10, pruner.pruning_enabled=True, pruner.warmup_epochs=10
2025-11-23 18:33:36,350 - INFO - Epoch 10 | Batch 0 | Loss: 11.24 (Det: 11.09, MoE: 3.1667)
2025-11-23 18:35:47,203 - INFO - Epoch 10 | Batch 50 | Loss: 9.67 (Det: 9.52, MoE: 3.1710)
2025-11-23 18:37:25,439 - INFO - Epoch 10:
2025-11-23 18:37:25,440 - INFO -   训练损失: 9.88 | 验证损失: 1.11
2025-11-23 18:37:25,440 - INFO -   (前30个epoch仅计算loss，跳过mAP评估)
2025-11-23 18:37:25,440 - INFO -   检测损失: 9.73
2025-11-23 18:37:25,440 - INFO -   Decoder MoE损失: 3.0441
2025-11-23 18:37:25,440 - INFO -   Encoder Patch-MoE Balance损失: 0.1246
2025-11-23 18:37:25,440 - INFO -   Encoder Patch-MoE Entropy损失: -1.7917
2025-11-23 18:37:25,440 - INFO -   Encoder MoE总损失: -1.6671
2025-11-23 18:37:25,440 - INFO -   Token Pruning损失: 0.000927
2025-11-23 18:37:25,440 - INFO -   MoE总损失: 3.1687
2025-11-23 18:37:25,440 - INFO -   Decoder专家使用率: [15.97%, 16.88%, 18.81%, 16.13%, 16.24%, 15.98%]
2025-11-23 18:37:25,440 - INFO -   🎉 新的最佳验证损失: 1.11
2025-11-23 18:37:27,030 - INFO - 💾 保存最新检查点: logs/dset6_r34_20251123_175319/latest_checkpoint.pth
2025-11-23 18:37:36,954 - INFO - Epoch 11 | Batch 0 | Loss: 9.87 (Det: 9.73, MoE: 3.1647)
2025-11-23 18:39:47,944 - INFO - Epoch 11 | Batch 50 | Loss: 9.47 (Det: 9.32, MoE: 3.1821)
2025-11-23 18:41:28,109 - INFO - Epoch 11:
2025-11-23 18:41:28,110 - INFO -   训练损失: 9.55 | 验证损失: 1.07
2025-11-23 18:41:28,110 - INFO -   (前30个epoch仅计算loss，跳过mAP评估)
2025-11-23 18:41:28,110 - INFO -   检测损失: 9.41
2025-11-23 18:41:28,110 - INFO -   Decoder MoE损失: 3.0416
2025-11-23 18:41:28,110 - INFO -   Encoder Patch-MoE Balance损失: 0.1279
2025-11-23 18:41:28,110 - INFO -   Encoder Patch-MoE Entropy损失: -1.7917
2025-11-23 18:41:28,110 - INFO -   Encoder MoE总损失: -1.6638
2025-11-23 18:41:28,110 - INFO -   Token Pruning损失: 0.000699
2025-11-23 18:41:28,110 - INFO -   MoE总损失: 3.1695
2025-11-23 18:41:28,110 - INFO -   Decoder专家使用率: [16.00%, 16.87%, 18.69%, 16.10%, 16.31%, 16.04%]
2025-11-23 18:41:28,110 - INFO -   🎉 新的最佳验证损失: 1.07
2025-11-23 18:41:29,352 - INFO - 💾 保存最新检查点: logs/dset6_r34_20251123_175319/latest_checkpoint.pth
2025-11-23 18:41:38,386 - INFO - Epoch 12 | Batch 0 | Loss: 9.30 (Det: 9.15, MoE: 3.1711)
2025-11-23 18:43:50,479 - INFO - Epoch 12 | Batch 50 | Loss: 9.18 (Det: 9.03, MoE: 3.1615)
2025-11-23 18:45:29,369 - INFO - Epoch 12:
2025-11-23 18:45:29,369 - INFO -   训练损失: 9.36 | 验证损失: 1.04
2025-11-23 18:45:29,369 - INFO -   (前30个epoch仅计算loss，跳过mAP评估)
2025-11-23 18:45:29,369 - INFO -   检测损失: 9.22
2025-11-23 18:45:29,369 - INFO -   Decoder MoE损失: 3.0378
2025-11-23 18:45:29,369 - INFO -   Encoder Patch-MoE Balance损失: 0.1323
2025-11-23 18:45:29,369 - INFO -   Encoder Patch-MoE Entropy损失: -1.7917
2025-11-23 18:45:29,369 - INFO -   Encoder MoE总损失: -1.6595
2025-11-23 18:45:29,369 - INFO -   Token Pruning损失: 0.000657
2025-11-23 18:45:29,369 - INFO -   MoE总损失: 3.1701
2025-11-23 18:45:29,369 - INFO -   Decoder专家使用率: [16.00%, 16.81%, 18.43%, 16.08%, 16.38%, 16.29%]
2025-11-23 18:45:29,369 - INFO -   🎉 新的最佳验证损失: 1.04
2025-11-23 18:45:30,584 - INFO - 💾 保存最新检查点: logs/dset6_r34_20251123_175319/latest_checkpoint.pth
2025-11-23 18:45:39,528 - INFO - Epoch 13 | Batch 0 | Loss: 9.04 (Det: 8.89, MoE: 3.2023)
2025-11-23 18:47:51,064 - INFO - Epoch 13 | Batch 50 | Loss: 9.23 (Det: 9.08, MoE: 3.1568)
2025-11-23 18:49:29,559 - INFO - Epoch 13:
2025-11-23 18:49:29,559 - INFO -   训练损失: 9.14 | 验证损失: 1.03
2025-11-23 18:49:29,559 - INFO -   (前30个epoch仅计算loss，跳过mAP评估)
2025-11-23 18:49:29,559 - INFO -   检测损失: 9.00
2025-11-23 18:49:29,559 - INFO -   Decoder MoE损失: 3.0349
2025-11-23 18:49:29,559 - INFO -   Encoder Patch-MoE Balance损失: 0.1223
2025-11-23 18:49:29,559 - INFO -   Encoder Patch-MoE Entropy损失: -1.7917
2025-11-23 18:49:29,559 - INFO -   Encoder MoE总损失: -1.6694
2025-11-23 18:49:29,559 - INFO -   Token Pruning损失: 0.000583
2025-11-23 18:49:29,559 - INFO -   MoE总损失: 3.1572
2025-11-23 18:49:29,559 - INFO -   Decoder专家使用率: [16.11%, 16.81%, 18.27%, 15.94%, 16.65%, 16.22%]
2025-11-23 18:49:29,559 - INFO -   🎉 新的最佳验证损失: 1.03
2025-11-23 18:49:30,882 - INFO - 💾 保存最新检查点: logs/dset6_r34_20251123_175319/latest_checkpoint.pth
2025-11-23 18:49:39,473 - INFO - Epoch 14 | Batch 0 | Loss: 9.13 (Det: 8.98, MoE: 3.1572)
2025-11-23 18:51:51,780 - INFO - Epoch 14 | Batch 50 | Loss: 9.26 (Det: 9.11, MoE: 3.1422)
2025-11-23 18:53:30,662 - INFO - Epoch 14:
2025-11-23 18:53:30,663 - INFO -   训练损失: 9.01 | 验证损失: 1.01
2025-11-23 18:53:30,663 - INFO -   (前30个epoch仅计算loss，跳过mAP评估)
2025-11-23 18:53:30,663 - INFO -   检测损失: 8.86
2025-11-23 18:53:30,663 - INFO -   Decoder MoE损失: 3.0306
2025-11-23 18:53:30,663 - INFO -   Encoder Patch-MoE Balance损失: 0.1194
2025-11-23 18:53:30,663 - INFO -   Encoder Patch-MoE Entropy损失: -1.7917
2025-11-23 18:53:30,663 - INFO -   Encoder MoE总损失: -1.6724
2025-11-23 18:53:30,663 - INFO -   Token Pruning损失: 0.000522
2025-11-23 18:53:30,663 - INFO -   MoE总损失: 3.1500
2025-11-23 18:53:30,663 - INFO -   Decoder专家使用率: [16.03%, 16.63%, 18.14%, 16.13%, 16.59%, 16.48%]
2025-11-23 18:53:30,663 - INFO -   🎉 新的最佳验证损失: 1.01
2025-11-23 18:53:31,773 - INFO - 💾 保存最新检查点: logs/dset6_r34_20251123_175319/latest_checkpoint.pth
2025-11-23 18:53:34,290 - INFO - [DEBUG] Epoch 15: pruner.current_epoch=15, pruner.pruning_enabled=True, pruner.warmup_epochs=10
2025-11-23 18:53:40,907 - INFO - Epoch 15 | Batch 0 | Loss: 10.58 (Det: 10.44, MoE: 3.1715)
2025-11-23 18:55:34,876 - INFO - Epoch 15 | Batch 50 | Loss: 8.88 (Det: 8.73, MoE: 3.1647)
2025-11-23 18:57:05,253 - INFO - Epoch 15:
2025-11-23 18:57:05,254 - INFO -   训练损失: 9.10 | 验证损失: 1.01
2025-11-23 18:57:05,254 - INFO -   (前30个epoch仅计算loss，跳过mAP评估)
2025-11-23 18:57:05,254 - INFO -   检测损失: 8.96
2025-11-23 18:57:05,254 - INFO -   Decoder MoE损失: 3.0288
2025-11-23 18:57:05,254 - INFO -   Encoder Patch-MoE Balance损失: 0.1407
2025-11-23 18:57:05,254 - INFO -   Encoder Patch-MoE Entropy损失: -1.7917
2025-11-23 18:57:05,254 - INFO -   Encoder MoE总损失: -1.6510
2025-11-23 18:57:05,254 - INFO -   Token Pruning损失: 0.000717
2025-11-23 18:57:05,254 - INFO -   MoE总损失: 3.1695
2025-11-23 18:57:05,254 - INFO -   Decoder专家使用率: [16.05%, 16.72%, 17.96%, 15.96%, 16.84%, 16.47%]
2025-11-23 18:57:05,254 - INFO -   🎉 新的最佳验证损失: 1.01
2025-11-23 18:57:06,714 - INFO - 💾 保存最新检查点: logs/dset6_r34_20251123_175319/latest_checkpoint.pth
2025-11-23 18:57:17,424 - INFO - Epoch 16 | Batch 0 | Loss: 8.75 (Det: 8.60, MoE: 3.1544)
2025-11-23 18:59:16,616 - INFO - Epoch 16 | Batch 50 | Loss: 8.87 (Det: 8.72, MoE: 3.1437)
2025-11-23 19:00:49,708 - INFO - Epoch 16:
2025-11-23 19:00:49,709 - INFO -   训练损失: 8.81 | 验证损失: 1.00
2025-11-23 19:00:49,709 - INFO -   (前30个epoch仅计算loss，跳过mAP评估)
2025-11-23 19:00:49,709 - INFO -   检测损失: 8.67
2025-11-23 19:00:49,709 - INFO -   Decoder MoE损失: 3.0256
2025-11-23 19:00:49,709 - INFO -   Encoder Patch-MoE Balance损失: 0.1247
2025-11-23 19:00:49,709 - INFO -   Encoder Patch-MoE Entropy损失: -1.7917
2025-11-23 19:00:49,709 - INFO -   Encoder MoE总损失: -1.6670
2025-11-23 19:00:49,709 - INFO -   Token Pruning损失: 0.000480
2025-11-23 19:00:49,709 - INFO -   MoE总损失: 3.1503
2025-11-23 19:00:49,709 - INFO -   Decoder专家使用率: [16.16%, 16.77%, 17.85%, 16.00%, 16.79%, 16.43%]
2025-11-23 19:00:49,709 - INFO -   🎉 新的最佳验证损失: 1.00
2025-11-23 19:00:51,032 - INFO - 💾 保存最新检查点: logs/dset6_r34_20251123_175319/latest_checkpoint.pth
2025-11-23 19:01:02,104 - INFO - Epoch 17 | Batch 0 | Loss: 8.80 (Det: 8.65, MoE: 3.1454)
2025-11-23 19:02:59,455 - INFO - Epoch 17 | Batch 50 | Loss: 8.59 (Det: 8.45, MoE: 3.1669)
2025-11-23 19:04:31,190 - INFO - Epoch 17:
2025-11-23 19:04:31,190 - INFO -   训练损失: 8.69 | 验证损失: 0.98
2025-11-23 19:04:31,190 - INFO -   (前30个epoch仅计算loss，跳过mAP评估)
2025-11-23 19:04:31,190 - INFO -   检测损失: 8.54
2025-11-23 19:04:31,190 - INFO -   Decoder MoE损失: 3.0235
2025-11-23 19:04:31,190 - INFO -   Encoder Patch-MoE Balance损失: 0.1185
2025-11-23 19:04:31,190 - INFO -   Encoder Patch-MoE Entropy损失: -1.7917
2025-11-23 19:04:31,190 - INFO -   Encoder MoE总损失: -1.6732
2025-11-23 19:04:31,190 - INFO -   Token Pruning损失: 0.000430
2025-11-23 19:04:31,190 - INFO -   MoE总损失: 3.1420
2025-11-23 19:04:31,190 - INFO -   Decoder专家使用率: [16.42%, 16.74%, 17.73%, 16.01%, 16.64%, 16.46%]
2025-11-23 19:04:31,190 - INFO -   🎉 新的最佳验证损失: 0.98
2025-11-23 19:04:32,414 - INFO - 💾 保存最新检查点: logs/dset6_r34_20251123_175319/latest_checkpoint.pth
2025-11-23 19:04:41,669 - INFO - Epoch 18 | Batch 0 | Loss: 8.43 (Det: 8.28, MoE: 3.1589)
2025-11-23 19:06:39,092 - INFO - Epoch 18 | Batch 50 | Loss: 8.44 (Det: 8.29, MoE: 3.1646)
2025-11-23 19:08:11,074 - INFO - Epoch 18:
2025-11-23 19:08:11,074 - INFO -   训练损失: 8.61 | 验证损失: 0.96
2025-11-23 19:08:11,074 - INFO -   (前30个epoch仅计算loss，跳过mAP评估)
2025-11-23 19:08:11,074 - INFO -   检测损失: 8.46
2025-11-23 19:08:11,074 - INFO -   Decoder MoE损失: 3.0218
2025-11-23 19:08:11,074 - INFO -   Encoder Patch-MoE Balance损失: 0.1254
2025-11-23 19:08:11,075 - INFO -   Encoder Patch-MoE Entropy损失: -1.7917
2025-11-23 19:08:11,075 - INFO -   Encoder MoE总损失: -1.6664
2025-11-23 19:08:11,075 - INFO -   Token Pruning损失: 0.000388
2025-11-23 19:08:11,075 - INFO -   MoE总损失: 3.1472
2025-11-23 19:08:11,075 - INFO -   Decoder专家使用率: [16.22%, 16.80%, 17.71%, 16.06%, 16.73%, 16.48%]
2025-11-23 19:08:11,075 - INFO -   🎉 新的最佳验证损失: 0.96
2025-11-23 19:08:12,124 - INFO - 💾 保存最新检查点: logs/dset6_r34_20251123_175319/latest_checkpoint.pth
2025-11-23 19:08:23,364 - INFO - Epoch 19 | Batch 0 | Loss: 8.45 (Det: 8.30, MoE: 3.1651)
2025-11-23 19:10:19,644 - INFO - Epoch 19 | Batch 50 | Loss: 8.47 (Det: 8.33, MoE: 3.1554)
2025-11-23 19:11:50,759 - INFO - Epoch 19:
2025-11-23 19:11:50,759 - INFO -   训练损失: 8.52 | 验证损失: 0.97
2025-11-23 19:11:50,759 - INFO -   (前30个epoch仅计算loss，跳过mAP评估)
2025-11-23 19:11:50,759 - INFO -   检测损失: 8.37
2025-11-23 19:11:50,759 - INFO -   Decoder MoE损失: 3.0209
2025-11-23 19:11:50,759 - INFO -   Encoder Patch-MoE Balance损失: 0.1311
2025-11-23 19:11:50,759 - INFO -   Encoder Patch-MoE Entropy损失: -1.7917
2025-11-23 19:11:50,759 - INFO -   Encoder MoE总损失: -1.6607
2025-11-23 19:11:50,760 - INFO -   Token Pruning损失: 0.000364
2025-11-23 19:11:50,760 - INFO -   MoE总损失: 3.1520
2025-11-23 19:11:50,760 - INFO -   Decoder专家使用率: [16.36%, 16.70%, 17.77%, 16.10%, 16.68%, 16.39%]
2025-11-23 19:11:51,886 - INFO - 💾 保存最新检查点: logs/dset6_r34_20251123_175319/latest_checkpoint.pth
2025-11-23 19:11:54,448 - INFO - [DEBUG] Epoch 20: pruner.current_epoch=20, pruner.pruning_enabled=True, pruner.warmup_epochs=10
2025-11-23 19:12:00,135 - INFO - Epoch 20 | Batch 0 | Loss: 8.43 (Det: 8.28, MoE: 3.1568)
2025-11-23 19:13:56,700 - INFO - Epoch 20 | Batch 50 | Loss: 8.50 (Det: 8.36, MoE: 3.1236)
2025-11-23 19:15:27,383 - INFO - Epoch 20:
2025-11-23 19:15:27,383 - INFO -   训练损失: 8.43 | 验证损失: 0.96
2025-11-23 19:15:27,383 - INFO -   (前30个epoch仅计算loss，跳过mAP评估)
2025-11-23 19:15:27,383 - INFO -   检测损失: 8.28
2025-11-23 19:15:27,383 - INFO -   Decoder MoE损失: 3.0178
2025-11-23 19:15:27,383 - INFO -   Encoder Patch-MoE Balance损失: 0.1264
2025-11-23 19:15:27,383 - INFO -   Encoder Patch-MoE Entropy损失: -1.7917
2025-11-23 19:15:27,383 - INFO -   Encoder MoE总损失: -1.6653
2025-11-23 19:15:27,383 - INFO -   Token Pruning损失: 0.000340
2025-11-23 19:15:27,383 - INFO -   MoE总损失: 3.1442
2025-11-23 19:15:27,384 - INFO -   Decoder专家使用率: [16.48%, 16.83%, 17.66%, 16.04%, 16.60%, 16.39%]
2025-11-23 19:15:27,384 - INFO -   🎉 新的最佳验证损失: 0.96
2025-11-23 19:15:28,615 - INFO - 💾 保存最新检查点: logs/dset6_r34_20251123_175319/latest_checkpoint.pth
2025-11-23 19:15:38,068 - INFO - Epoch 21 | Batch 0 | Loss: 8.18 (Det: 8.03, MoE: 3.1699)
2025-11-23 19:17:34,619 - INFO - Epoch 21 | Batch 50 | Loss: 8.45 (Det: 8.30, MoE: 3.1230)
2025-11-23 19:19:04,429 - INFO - Epoch 21:
2025-11-23 19:19:04,429 - INFO -   训练损失: 8.34 | 验证损失: 0.95
2025-11-23 19:19:04,429 - INFO -   (前30个epoch仅计算loss，跳过mAP评估)
2025-11-23 19:19:04,429 - INFO -   🎉 新的最佳验证损失: 0.95
2025-11-23 19:19:05,748 - INFO - 💾 保存最新检查点: logs/dset6_r34_20251123_175319/latest_checkpoint.pth
2025-11-23 19:19:14,482 - INFO - Epoch 22 | Batch 0 | Loss: 8.39 (Det: 8.25, MoE: 3.1242)
2025-11-23 19:21:10,388 - INFO - Epoch 22 | Batch 50 | Loss: 8.15 (Det: 8.01, MoE: 3.1537)
2025-11-23 19:22:41,158 - INFO - Epoch 22:
2025-11-23 19:22:41,158 - INFO -   训练损失: 8.28 | 验证损失: 0.94
2025-11-23 19:22:41,159 - INFO -   (前30个epoch仅计算loss，跳过mAP评估)
2025-11-23 19:22:41,159 - INFO -   🎉 新的最佳验证损失: 0.94
2025-11-23 19:22:42,529 - INFO - 💾 保存最新检查点: logs/dset6_r34_20251123_175319/latest_checkpoint.pth
2025-11-23 19:22:51,255 - INFO - Epoch 23 | Batch 0 | Loss: 8.16 (Det: 8.01, MoE: 3.1464)
2025-11-23 19:24:46,342 - INFO - Epoch 23 | Batch 50 | Loss: 8.22 (Det: 8.07, MoE: 3.1449)
2025-11-23 19:26:17,272 - INFO - Epoch 23:
2025-11-23 19:26:17,272 - INFO -   训练损失: 8.21 | 验证损失: 0.94
2025-11-23 19:26:17,272 - INFO -   (前30个epoch仅计算loss，跳过mAP评估)
2025-11-23 19:26:17,272 - INFO -   🎉 新的最佳验证损失: 0.94
2025-11-23 19:26:18,486 - INFO - 💾 保存最新检查点: logs/dset6_r34_20251123_175319/latest_checkpoint.pth
2025-11-23 19:26:29,264 - INFO - Epoch 24 | Batch 0 | Loss: 8.18 (Det: 8.03, MoE: 3.1325)
2025-11-23 19:28:25,336 - INFO - Epoch 24 | Batch 50 | Loss: 8.06 (Det: 7.92, MoE: 3.1536)
2025-11-23 19:29:55,545 - INFO - Epoch 24:
2025-11-23 19:29:55,546 - INFO -   训练损失: 8.22 | 验证损失: 0.96
2025-11-23 19:29:55,546 - INFO -   (前30个epoch仅计算loss，跳过mAP评估)
2025-11-23 19:29:56,736 - INFO - 💾 保存最新检查点: logs/dset6_r34_20251123_175319/latest_checkpoint.pth
2025-11-23 19:29:59,250 - INFO - [DEBUG] Epoch 25: pruner.current_epoch=25, pruner.pruning_enabled=True, pruner.warmup_epochs=10
2025-11-23 19:30:07,282 - INFO - Epoch 25 | Batch 0 | Loss: 8.35 (Det: 8.21, MoE: 3.1226)
2025-11-23 19:32:03,193 - INFO - Epoch 25 | Batch 50 | Loss: 8.15 (Det: 8.01, MoE: 3.1455)
2025-11-23 19:33:33,949 - INFO - Epoch 25:
2025-11-23 19:33:33,949 - INFO -   训练损失: 8.16 | 验证损失: 0.96
2025-11-23 19:33:33,949 - INFO -   (前30个epoch仅计算loss，跳过mAP评估)
2025-11-23 19:33:33,949 - INFO -   检测损失: 8.02
2025-11-23 19:33:33,949 - INFO -   Decoder MoE损失: 3.0067
2025-11-23 19:33:33,949 - INFO -   Encoder Patch-MoE Balance损失: 0.1278
2025-11-23 19:33:33,949 - INFO -   Encoder Patch-MoE Entropy损失: -1.7918
2025-11-23 19:33:33,949 - INFO -   Encoder MoE总损失: -1.6640
2025-11-23 19:33:33,949 - INFO -   Token Pruning损失: 0.000238
2025-11-23 19:33:33,949 - INFO -   MoE总损失: 3.1345
2025-11-23 19:33:33,949 - INFO -   Decoder专家使用率: [16.66%, 16.82%, 17.42%, 16.12%, 16.58%, 16.40%]
2025-11-23 19:33:35,184 - INFO - 💾 保存最新检查点: logs/dset6_r34_20251123_175319/latest_checkpoint.pth
2025-11-23 19:33:43,757 - INFO - Epoch 26 | Batch 0 | Loss: 8.28 (Det: 8.13, MoE: 3.1195)
2025-11-23 19:35:39,412 - INFO - Epoch 26 | Batch 50 | Loss: 8.00 (Det: 7.85, MoE: 3.1348)
2025-11-23 19:37:09,755 - INFO - Epoch 26:
2025-11-23 19:37:09,756 - INFO -   训练损失: 8.09 | 验证损失: 0.93
2025-11-23 19:37:09,756 - INFO -   (前30个epoch仅计算loss，跳过mAP评估)
2025-11-23 19:37:09,756 - INFO -   🎉 新的最佳验证损失: 0.93
2025-11-23 19:37:10,905 - INFO - 💾 保存最新检查点: logs/dset6_r34_20251123_175319/latest_checkpoint.pth
2025-11-23 19:37:21,126 - INFO - Epoch 27 | Batch 0 | Loss: 7.93 (Det: 7.78, MoE: 3.1115)
2025-11-23 19:39:18,712 - INFO - Epoch 27 | Batch 50 | Loss: 7.75 (Det: 7.61, MoE: 3.1286)
2025-11-23 19:40:49,688 - INFO - Epoch 27:
2025-11-23 19:40:49,689 - INFO -   训练损失: 7.92 | 验证损失: 0.93
2025-11-23 19:40:49,689 - INFO -   (前30个epoch仅计算loss，跳过mAP评估)
2025-11-23 19:40:49,689 - INFO -   🎉 新的最佳验证损失: 0.93
2025-11-23 19:40:50,946 - INFO - 💾 保存最新检查点: logs/dset6_r34_20251123_175319/latest_checkpoint.pth
2025-11-23 19:41:01,453 - INFO - Epoch 28 | Batch 0 | Loss: 7.86 (Det: 7.71, MoE: 3.1190)
2025-11-23 19:42:58,287 - INFO - Epoch 28 | Batch 50 | Loss: 7.79 (Det: 7.65, MoE: 3.1069)
2025-11-23 19:44:29,650 - INFO - Epoch 28:
2025-11-23 19:44:29,650 - INFO -   训练损失: 7.85 | 验证损失: 0.92
2025-11-23 19:44:29,650 - INFO -   (前30个epoch仅计算loss，跳过mAP评估)
2025-11-23 19:44:29,651 - INFO -   🎉 新的最佳验证损失: 0.92
2025-11-23 19:44:30,887 - INFO - 💾 保存最新检查点: logs/dset6_r34_20251123_175319/latest_checkpoint.pth
2025-11-23 19:44:41,073 - INFO - Epoch 29 | Batch 0 | Loss: 7.83 (Det: 7.69, MoE: 3.1142)
2025-11-23 19:46:40,231 - INFO - Epoch 29 | Batch 50 | Loss: 7.87 (Det: 7.72, MoE: 3.1261)
2025-11-23 19:48:11,766 - INFO - Epoch 29:
2025-11-23 19:48:11,767 - INFO -   训练损失: 7.79 | 验证损失: 0.91
2025-11-23 19:48:11,767 - INFO -   (前30个epoch仅计算loss，跳过mAP评估)
2025-11-23 19:48:11,767 - INFO -   🎉 新的最佳验证损失: 0.91
2025-11-23 19:48:13,130 - INFO - 💾 保存最新检查点: logs/dset6_r34_20251123_175319/latest_checkpoint.pth
2025-11-23 19:48:15,715 - INFO - [DEBUG] Epoch 30: pruner.current_epoch=30, pruner.pruning_enabled=True, pruner.warmup_epochs=10
2025-11-23 19:48:21,893 - INFO - Epoch 30 | Batch 0 | Loss: 7.81 (Det: 7.67, MoE: 3.1132)
2025-11-23 19:50:17,235 - INFO - Epoch 30 | Batch 50 | Loss: 7.79 (Det: 7.64, MoE: 3.1275)
2025-11-23 19:52:28,142 - INFO - Epoch 30:
2025-11-23 19:52:28,143 - INFO -   训练损失: 7.77 | 验证损失: 0.91
2025-11-23 19:52:28,144 - INFO -   预测/目标: 201600/93434
2025-11-23 19:52:28,144 - INFO -   检测损失: 7.63
2025-11-23 19:52:28,144 - INFO -   Decoder MoE损失: 3.0045
2025-11-23 19:52:28,144 - INFO -   Encoder Patch-MoE Balance损失: 0.1244
2025-11-23 19:52:28,144 - INFO -   Encoder Patch-MoE Entropy损失: -1.7918
2025-11-23 19:52:28,144 - INFO -   Encoder MoE总损失: -1.6674
2025-11-23 19:52:28,145 - INFO -   Token Pruning损失: 0.000185
2025-11-23 19:52:28,145 - INFO -   MoE总损失: 3.1289
2025-11-23 19:52:28,145 - INFO -   Decoder专家使用率: [16.43%, 16.80%, 17.31%, 16.32%, 16.63%, 16.52%]
2025-11-23 19:52:28,145 - INFO -   🎉 新的最佳验证损失: 0.91
2025-11-23 19:52:28,145 - INFO -   🎉 新的最佳mAP: 0.5612
2025-11-23 19:52:29,401 - INFO - 💾 保存最佳模型: logs/dset6_r34_20251123_175319/best_model.pth
2025-11-23 19:53:23,695 - INFO -   每个类别的 mAP@0.5:0.95:
2025-11-23 19:53:23,695 - INFO -     Car         : 0.7584
2025-11-23 19:53:23,695 - INFO -     Truck       : 0.4666
2025-11-23 19:53:23,695 - INFO -     Van         : 0.5329
2025-11-23 19:53:23,695 - INFO -     Bus         : 0.7437
2025-11-23 19:53:23,695 - INFO -     Pedestrian  : 0.3756
2025-11-23 19:53:23,695 - INFO -     Cyclist     : 0.5646
2025-11-23 19:53:23,695 - INFO -     Motorcyclist: 0.4248
2025-11-23 19:53:23,695 - INFO -     Trafficcone : 0.6230
2025-11-23 19:53:23,905 - INFO -   mAP_0.5_0.95 提升到 0.5612 (最佳epoch: 30)
2025-11-23 19:53:25,225 - INFO - 💾 保存最新检查点: logs/dset6_r34_20251123_175319/latest_checkpoint.pth
2025-11-23 19:53:33,876 - INFO - Epoch 31 | Batch 0 | Loss: 7.60 (Det: 7.46, MoE: 3.1083)
2025-11-23 19:55:27,985 - INFO - Epoch 31 | Batch 50 | Loss: 7.52 (Det: 7.38, MoE: 3.1055)
2025-11-23 19:57:39,815 - INFO - Epoch 31:
2025-11-23 19:57:39,815 - INFO -   训练损失: 7.67 | 验证损失: 0.91
2025-11-23 19:57:39,815 - INFO -   预测/目标: 201600/93434
2025-11-23 19:57:39,815 - INFO -   🎉 新的最佳验证损失: 0.91
2025-11-23 19:57:39,816 - INFO -   🎉 新的最佳mAP: 0.5621
2025-11-23 19:57:41,139 - INFO - 💾 保存最佳模型: logs/dset6_r34_20251123_175319/best_model.pth
2025-11-23 19:58:35,355 - INFO -   每个类别的 mAP@0.5:0.95:
2025-11-23 19:58:35,355 - INFO -     Car         : 0.7559
2025-11-23 19:58:35,355 - INFO -     Truck       : 0.4600
2025-11-23 19:58:35,355 - INFO -     Van         : 0.5260
2025-11-23 19:58:35,355 - INFO -     Bus         : 0.7505
2025-11-23 19:58:35,355 - INFO -     Pedestrian  : 0.3839
2025-11-23 19:58:35,355 - INFO -     Cyclist     : 0.5655
2025-11-23 19:58:35,355 - INFO -     Motorcyclist: 0.4288
2025-11-23 19:58:35,355 - INFO -     Trafficcone : 0.6265
2025-11-23 19:58:35,534 - INFO -   mAP_0.5_0.95 提升到 0.5621 (最佳epoch: 31)
2025-11-23 19:58:36,845 - INFO - 💾 保存最新检查点: logs/dset6_r34_20251123_175319/latest_checkpoint.pth
2025-11-23 19:58:46,922 - INFO - Epoch 32 | Batch 0 | Loss: 7.54 (Det: 7.39, MoE: 3.1423)
2025-11-23 20:00:40,177 - INFO - Epoch 32 | Batch 50 | Loss: 7.86 (Det: 7.72, MoE: 3.1151)
2025-11-23 20:02:50,675 - INFO - Epoch 32:
2025-11-23 20:02:50,676 - INFO -   训练损失: 7.62 | 验证损失: 0.90
2025-11-23 20:02:50,676 - INFO -   预测/目标: 201600/93434
2025-11-23 20:02:50,677 - INFO -   🎉 新的最佳验证损失: 0.90
2025-11-23 20:02:50,678 - INFO -   🎉 新的最佳mAP: 0.5654
2025-11-23 20:02:51,942 - INFO - 💾 保存最佳模型: logs/dset6_r34_20251123_175319/best_model.pth
2025-11-23 20:03:45,622 - INFO -   每个类别的 mAP@0.5:0.95:
2025-11-23 20:03:45,622 - INFO -     Car         : 0.7592
2025-11-23 20:03:45,622 - INFO -     Truck       : 0.4615
2025-11-23 20:03:45,622 - INFO -     Van         : 0.5368
2025-11-23 20:03:45,622 - INFO -     Bus         : 0.7422
2025-11-23 20:03:45,622 - INFO -     Pedestrian  : 0.3906
2025-11-23 20:03:45,622 - INFO -     Cyclist     : 0.5704
2025-11-23 20:03:45,622 - INFO -     Motorcyclist: 0.4345
2025-11-23 20:03:45,622 - INFO -     Trafficcone : 0.6279
2025-11-23 20:03:45,801 - INFO -   mAP_0.5_0.95 提升到 0.5654 (最佳epoch: 32)
2025-11-23 20:03:47,043 - INFO - 💾 保存最新检查点: logs/dset6_r34_20251123_175319/latest_checkpoint.pth
2025-11-23 20:03:55,857 - INFO - Epoch 33 | Batch 0 | Loss: 7.68 (Det: 7.53, MoE: 3.1334)
2025-11-23 20:05:51,886 - INFO - Epoch 33 | Batch 50 | Loss: 7.54 (Det: 7.40, MoE: 3.1279)
2025-11-23 20:08:03,341 - INFO - Epoch 33:
2025-11-23 20:08:03,342 - INFO -   训练损失: 7.57 | 验证损失: 0.90
2025-11-23 20:08:03,343 - INFO -   预测/目标: 201600/93434
2025-11-23 20:08:03,343 - INFO -   🎉 新的最佳验证损失: 0.90
2025-11-23 20:08:03,343 - INFO -   🎉 新的最佳mAP: 0.5691
2025-11-23 20:08:04,540 - INFO - 💾 保存最佳模型: logs/dset6_r34_20251123_175319/best_model.pth
2025-11-23 20:08:59,150 - INFO -   每个类别的 mAP@0.5:0.95:
2025-11-23 20:08:59,150 - INFO -     Car         : 0.7599
2025-11-23 20:08:59,150 - INFO -     Truck       : 0.4634
2025-11-23 20:08:59,150 - INFO -     Van         : 0.5327
2025-11-23 20:08:59,150 - INFO -     Bus         : 0.7613
2025-11-23 20:08:59,150 - INFO -     Pedestrian  : 0.3959
2025-11-23 20:08:59,150 - INFO -     Cyclist     : 0.5714
2025-11-23 20:08:59,150 - INFO -     Motorcyclist: 0.4404
2025-11-23 20:08:59,150 - INFO -     Trafficcone : 0.6281
2025-11-23 20:08:59,374 - INFO -   mAP_0.5_0.95 提升到 0.5691 (最佳epoch: 33)
2025-11-23 20:09:00,777 - INFO - 💾 保存最新检查点: logs/dset6_r34_20251123_175319/latest_checkpoint.pth
2025-11-23 20:09:12,516 - INFO - Epoch 34 | Batch 0 | Loss: 7.40 (Det: 7.26, MoE: 3.1249)
2025-11-23 20:11:09,165 - INFO - Epoch 34 | Batch 50 | Loss: 7.50 (Det: 7.36, MoE: 3.1227)
2025-11-23 20:13:21,140 - INFO - Epoch 34:
2025-11-23 20:13:21,141 - INFO -   训练损失: 7.53 | 验证损失: 0.90
2025-11-23 20:13:21,142 - INFO -   预测/目标: 201600/93434
2025-11-23 20:13:21,143 - INFO -   🎉 新的最佳mAP: 0.5697
2025-11-23 20:13:22,386 - INFO - 💾 保存最佳模型: logs/dset6_r34_20251123_175319/best_model.pth
2025-11-23 20:14:16,108 - INFO -   每个类别的 mAP@0.5:0.95:
2025-11-23 20:14:16,108 - INFO -     Car         : 0.7643
2025-11-23 20:14:16,108 - INFO -     Truck       : 0.4642
2025-11-23 20:14:16,108 - INFO -     Van         : 0.5370
2025-11-23 20:14:16,108 - INFO -     Bus         : 0.7541
2025-11-23 20:14:16,108 - INFO -     Pedestrian  : 0.3974
2025-11-23 20:14:16,108 - INFO -     Cyclist     : 0.5694
2025-11-23 20:14:16,109 - INFO -     Motorcyclist: 0.4432
2025-11-23 20:14:16,109 - INFO -     Trafficcone : 0.6279
2025-11-23 20:14:16,286 - INFO -   mAP_0.5_0.95 提升到 0.5697 (最佳epoch: 34)
2025-11-23 20:14:17,588 - INFO - 💾 保存最新检查点: logs/dset6_r34_20251123_175319/latest_checkpoint.pth
2025-11-23 20:14:20,111 - INFO - [DEBUG] Epoch 35: pruner.current_epoch=35, pruner.pruning_enabled=True, pruner.warmup_epochs=10
2025-11-23 20:14:28,747 - INFO - Epoch 35 | Batch 0 | Loss: 7.47 (Det: 7.32, MoE: 3.1105)
2025-11-23 20:16:25,475 - INFO - Epoch 35 | Batch 50 | Loss: 7.40 (Det: 7.26, MoE: 3.1058)
2025-11-23 20:18:37,848 - INFO - Epoch 35:
2025-11-23 20:18:37,848 - INFO -   训练损失: 7.47 | 验证损失: 0.90
2025-11-23 20:18:37,849 - INFO -   预测/目标: 201600/93434
2025-11-23 20:18:37,850 - INFO -   检测损失: 7.32
2025-11-23 20:18:37,850 - INFO -   Decoder MoE损失: 2.9988
2025-11-23 20:18:37,850 - INFO -   Encoder Patch-MoE Balance损失: 0.1222
2025-11-23 20:18:37,850 - INFO -   Encoder Patch-MoE Entropy损失: -1.7918
2025-11-23 20:18:37,850 - INFO -   Encoder MoE总损失: -1.6695
2025-11-23 20:18:37,851 - INFO -   Token Pruning损失: 0.000149
2025-11-23 20:18:37,851 - INFO -   MoE总损失: 3.1210
2025-11-23 20:18:37,851 - INFO -   Decoder专家使用率: [16.68%, 16.68%, 17.16%, 16.31%, 16.63%, 16.54%]
2025-11-23 20:18:37,851 - INFO -   🎉 新的最佳mAP: 0.5714
2025-11-23 20:18:39,139 - INFO - 💾 保存最佳模型: logs/dset6_r34_20251123_175319/best_model.pth
2025-11-23 20:19:32,931 - INFO -   每个类别的 mAP@0.5:0.95:
2025-11-23 20:19:32,932 - INFO -     Car         : 0.7590
2025-11-23 20:19:32,932 - INFO -     Truck       : 0.4733
2025-11-23 20:19:32,932 - INFO -     Van         : 0.5331
2025-11-23 20:19:32,932 - INFO -     Bus         : 0.7550
2025-11-23 20:19:32,932 - INFO -     Pedestrian  : 0.4010
2025-11-23 20:19:32,932 - INFO -     Cyclist     : 0.5718
2025-11-23 20:19:32,932 - INFO -     Motorcyclist: 0.4492
2025-11-23 20:19:32,932 - INFO -     Trafficcone : 0.6286
2025-11-23 20:19:33,094 - INFO -   mAP_0.5_0.95 提升到 0.5714 (最佳epoch: 35)
2025-11-23 20:19:34,405 - INFO - 💾 保存最新检查点: logs/dset6_r34_20251123_175319/latest_checkpoint.pth
2025-11-23 20:19:43,362 - INFO - Epoch 36 | Batch 0 | Loss: 7.56 (Det: 7.41, MoE: 3.1196)
2025-11-23 20:21:39,964 - INFO - Epoch 36 | Batch 50 | Loss: 7.62 (Det: 7.48, MoE: 3.1674)
2025-11-23 20:23:51,791 - INFO - Epoch 36:
2025-11-23 20:23:51,792 - INFO -   训练损失: 7.44 | 验证损失: 0.90
2025-11-23 20:23:51,793 - INFO -   预测/目标: 201600/93434
2025-11-23 20:23:51,794 - INFO -   🎉 新的最佳mAP: 0.5733
2025-11-23 20:23:53,059 - INFO - 💾 保存最佳模型: logs/dset6_r34_20251123_175319/best_model.pth
2025-11-23 20:24:46,633 - INFO -   每个类别的 mAP@0.5:0.95:
2025-11-23 20:24:46,633 - INFO -     Car         : 0.7611
2025-11-23 20:24:46,633 - INFO -     Truck       : 0.4765
2025-11-23 20:24:46,633 - INFO -     Van         : 0.5415
2025-11-23 20:24:46,633 - INFO -     Bus         : 0.7490
2025-11-23 20:24:46,633 - INFO -     Pedestrian  : 0.4050
2025-11-23 20:24:46,633 - INFO -     Cyclist     : 0.5731
2025-11-23 20:24:46,633 - INFO -     Motorcyclist: 0.4505
2025-11-23 20:24:46,633 - INFO -     Trafficcone : 0.6296
2025-11-23 20:24:46,838 - INFO -   mAP_0.5_0.95 提升到 0.5733 (最佳epoch: 36)
2025-11-23 20:24:48,088 - INFO - 💾 保存最新检查点: logs/dset6_r34_20251123_175319/latest_checkpoint.pth
2025-11-23 20:24:56,861 - INFO - Epoch 37 | Batch 0 | Loss: 7.41 (Det: 7.27, MoE: 3.1182)
2025-11-23 20:26:53,714 - INFO - Epoch 37 | Batch 50 | Loss: 7.48 (Det: 7.34, MoE: 3.1372)
2025-11-23 20:29:03,473 - INFO - Epoch 37:
2025-11-23 20:29:03,474 - INFO -   训练损失: 7.39 | 验证损失: 0.89
2025-11-23 20:29:03,474 - INFO -   预测/目标: 201600/93434
2025-11-23 20:29:03,475 - INFO -   🎉 新的最佳验证损失: 0.89
2025-11-23 20:29:03,476 - INFO -   🎉 新的最佳mAP: 0.5764
2025-11-23 20:29:04,729 - INFO - 💾 保存最佳模型: logs/dset6_r34_20251123_175319/best_model.pth
2025-11-23 20:29:58,364 - INFO -   每个类别的 mAP@0.5:0.95:
2025-11-23 20:29:58,364 - INFO -     Car         : 0.7633
2025-11-23 20:29:58,364 - INFO -     Truck       : 0.4719
2025-11-23 20:29:58,364 - INFO -     Van         : 0.5493
2025-11-23 20:29:58,364 - INFO -     Bus         : 0.7631
2025-11-23 20:29:58,364 - INFO -     Pedestrian  : 0.4087
2025-11-23 20:29:58,364 - INFO -     Cyclist     : 0.5751
2025-11-23 20:29:58,364 - INFO -     Motorcyclist: 0.4502
2025-11-23 20:29:58,364 - INFO -     Trafficcone : 0.6299
2025-11-23 20:29:58,557 - INFO -   mAP_0.5_0.95 提升到 0.5764 (最佳epoch: 37)
2025-11-23 20:30:00,000 - INFO - 💾 保存最新检查点: logs/dset6_r34_20251123_175319/latest_checkpoint.pth
2025-11-23 20:30:10,731 - INFO - Epoch 38 | Batch 0 | Loss: 7.46 (Det: 7.32, MoE: 3.1325)
2025-11-23 20:32:05,991 - INFO - Epoch 38 | Batch 50 | Loss: 7.37 (Det: 7.23, MoE: 3.1188)
2025-11-23 20:34:17,162 - INFO - Epoch 38:
2025-11-23 20:34:17,164 - INFO -   训练损失: 7.37 | 验证损失: 0.89
2025-11-23 20:34:17,165 - INFO -   预测/目标: 201600/93434
2025-11-23 20:34:17,165 - INFO -   🎉 新的最佳验证损失: 0.89
2025-11-23 20:34:17,165 - INFO -   🎉 新的最佳mAP: 0.5789
2025-11-23 20:34:18,425 - INFO - 💾 保存最佳模型: logs/dset6_r34_20251123_175319/best_model.pth
2025-11-23 20:35:12,351 - INFO -   每个类别的 mAP@0.5:0.95:
2025-11-23 20:35:12,351 - INFO -     Car         : 0.7665
2025-11-23 20:35:12,351 - INFO -     Truck       : 0.4662
2025-11-23 20:35:12,351 - INFO -     Van         : 0.5577
2025-11-23 20:35:12,351 - INFO -     Bus         : 0.7648
2025-11-23 20:35:12,351 - INFO -     Pedestrian  : 0.4106
2025-11-23 20:35:12,351 - INFO -     Cyclist     : 0.5765
2025-11-23 20:35:12,351 - INFO -     Motorcyclist: 0.4594
2025-11-23 20:35:12,351 - INFO -     Trafficcone : 0.6298
2025-11-23 20:35:12,558 - INFO -   mAP_0.5_0.95 提升到 0.5789 (最佳epoch: 38)
2025-11-23 20:35:13,800 - INFO - 💾 保存最新检查点: logs/dset6_r34_20251123_175319/latest_checkpoint.pth
2025-11-23 20:35:23,948 - INFO - Epoch 39 | Batch 0 | Loss: 7.23 (Det: 7.09, MoE: 3.1407)
2025-11-23 20:37:20,821 - INFO - Epoch 39 | Batch 50 | Loss: 7.24 (Det: 7.10, MoE: 3.1116)
2025-11-23 20:39:31,801 - INFO - Epoch 39:
2025-11-23 20:39:31,802 - INFO -   训练损失: 7.31 | 验证损失: 0.88
2025-11-23 20:39:31,803 - INFO -   预测/目标: 201600/93434
2025-11-23 20:39:31,803 - INFO -   🎉 新的最佳验证损失: 0.88
2025-11-23 20:39:31,803 - INFO -   🎉 新的最佳mAP: 0.5799
2025-11-23 20:39:33,043 - INFO - 💾 保存最佳模型: logs/dset6_r34_20251123_175319/best_model.pth
2025-11-23 20:40:27,672 - INFO -   每个类别的 mAP@0.5:0.95:
2025-11-23 20:40:27,673 - INFO -     Car         : 0.7675
2025-11-23 20:40:27,673 - INFO -     Truck       : 0.4723
2025-11-23 20:40:27,673 - INFO -     Van         : 0.5555
2025-11-23 20:40:27,673 - INFO -     Bus         : 0.7611
2025-11-23 20:40:27,673 - INFO -     Pedestrian  : 0.4140
2025-11-23 20:40:27,673 - INFO -     Cyclist     : 0.5749
2025-11-23 20:40:27,673 - INFO -     Motorcyclist: 0.4643
2025-11-23 20:40:27,673 - INFO -     Trafficcone : 0.6299
2025-11-23 20:40:27,835 - INFO -   mAP_0.5_0.95 提升到 0.5799 (最佳epoch: 39)
2025-11-23 20:40:29,101 - INFO - 💾 保存最新检查点: logs/dset6_r34_20251123_175319/latest_checkpoint.pth
2025-11-23 20:40:31,613 - INFO - [DEBUG] Epoch 40: pruner.current_epoch=40, pruner.pruning_enabled=True, pruner.warmup_epochs=10
2025-11-23 20:40:40,675 - INFO - Epoch 40 | Batch 0 | Loss: 7.22 (Det: 7.07, MoE: 3.1237)
2025-11-23 20:42:36,891 - INFO - Epoch 40 | Batch 50 | Loss: 7.46 (Det: 7.31, MoE: 3.1219)
2025-11-23 20:44:49,228 - INFO - Epoch 40:
2025-11-23 20:44:49,229 - INFO -   训练损失: 7.31 | 验证损失: 0.89
2025-11-23 20:44:49,230 - INFO -   预测/目标: 201600/93434
2025-11-23 20:44:49,230 - INFO -   检测损失: 7.17
2025-11-23 20:44:49,230 - INFO -   Decoder MoE损失: 2.9984
2025-11-23 20:44:49,230 - INFO -   Encoder Patch-MoE Balance损失: 0.1294
2025-11-23 20:44:49,231 - INFO -   Encoder Patch-MoE Entropy损失: -1.7918
2025-11-23 20:44:49,231 - INFO -   Encoder MoE总损失: -1.6623
2025-11-23 20:44:49,231 - INFO -   Token Pruning损失: 0.000129
2025-11-23 20:44:49,231 - INFO -   MoE总损失: 3.1278
2025-11-23 20:44:49,231 - INFO -   Decoder专家使用率: [16.66%, 16.43%, 17.13%, 16.37%, 16.61%, 16.79%]
2025-11-23 20:44:49,231 - INFO -   ⏳ mAP_0.5_0.95 无改善 (1/35), 最佳值: 0.5799 (epoch 39)
2025-11-23 20:44:50,490 - INFO - 💾 保存最新检查点: logs/dset6_r34_20251123_175319/latest_checkpoint.pth
2025-11-23 20:45:01,516 - INFO - Epoch 41 | Batch 0 | Loss: 7.34 (Det: 7.20, MoE: 3.1411)
2025-11-23 20:46:57,206 - INFO - Epoch 41 | Batch 50 | Loss: 7.60 (Det: 7.45, MoE: 3.1303)
2025-11-23 20:49:09,444 - INFO - Epoch 41:
2025-11-23 20:49:09,445 - INFO -   训练损失: 7.24 | 验证损失: 0.88
2025-11-23 20:49:09,446 - INFO -   预测/目标: 201600/93434
2025-11-23 20:49:09,446 - INFO -   🎉 新的最佳mAP: 0.5808
2025-11-23 20:49:10,658 - INFO - 💾 保存最佳模型: logs/dset6_r34_20251123_175319/best_model.pth
2025-11-23 20:50:05,501 - INFO -   每个类别的 mAP@0.5:0.95:
2025-11-23 20:50:05,501 - INFO -     Car         : 0.7668
2025-11-23 20:50:05,501 - INFO -     Truck       : 0.4725
2025-11-23 20:50:05,501 - INFO -     Van         : 0.5587
2025-11-23 20:50:05,501 - INFO -     Bus         : 0.7603
2025-11-23 20:50:05,501 - INFO -     Pedestrian  : 0.4175
2025-11-23 20:50:05,501 - INFO -     Cyclist     : 0.5713
2025-11-23 20:50:05,501 - INFO -     Motorcyclist: 0.4687
2025-11-23 20:50:05,501 - INFO -     Trafficcone : 0.6305
2025-11-23 20:50:05,652 - INFO -   mAP_0.5_0.95 提升到 0.5808 (最佳epoch: 41)
2025-11-23 20:50:06,801 - INFO - 💾 保存最新检查点: logs/dset6_r34_20251123_175319/latest_checkpoint.pth
2025-11-23 20:50:16,704 - INFO - Epoch 42 | Batch 0 | Loss: 7.17 (Det: 7.02, MoE: 3.1266)
2025-11-23 20:52:12,656 - INFO - Epoch 42 | Batch 50 | Loss: 7.18 (Det: 7.04, MoE: 3.1468)
2025-11-23 20:54:22,521 - INFO - Epoch 42:
2025-11-23 20:54:22,522 - INFO -   训练损失: 7.26 | 验证损失: 0.88
2025-11-23 20:54:22,522 - INFO -   预测/目标: 201600/93434
2025-11-23 20:54:22,523 - INFO -   🎉 新的最佳验证损失: 0.88
2025-11-23 20:54:22,523 - INFO -   🎉 新的最佳mAP: 0.5812
2025-11-23 20:54:23,686 - INFO - 💾 保存最佳模型: logs/dset6_r34_20251123_175319/best_model.pth
2025-11-23 20:55:18,038 - INFO -   每个类别的 mAP@0.5:0.95:
2025-11-23 20:55:18,039 - INFO -     Car         : 0.7698
2025-11-23 20:55:18,039 - INFO -     Truck       : 0.4740
2025-11-23 20:55:18,039 - INFO -     Van         : 0.5514
2025-11-23 20:55:18,039 - INFO -     Bus         : 0.7589
2025-11-23 20:55:18,039 - INFO -     Pedestrian  : 0.4181
2025-11-23 20:55:18,039 - INFO -     Cyclist     : 0.5760
2025-11-23 20:55:18,039 - INFO -     Motorcyclist: 0.4697
2025-11-23 20:55:18,039 - INFO -     Trafficcone : 0.6315
2025-11-23 20:55:18,188 - INFO -   mAP_0.5_0.95 提升到 0.5812 (最佳epoch: 42)
2025-11-23 20:55:19,358 - INFO - 💾 保存最新检查点: logs/dset6_r34_20251123_175319/latest_checkpoint.pth
2025-11-23 20:55:28,441 - INFO - Epoch 43 | Batch 0 | Loss: 7.25 (Det: 7.10, MoE: 3.1241)
2025-11-23 20:57:24,786 - INFO - Epoch 43 | Batch 50 | Loss: 7.72 (Det: 7.58, MoE: 3.1762)
2025-11-23 20:59:35,408 - INFO - Epoch 43:
2025-11-23 20:59:35,409 - INFO -   训练损失: 7.58 | 验证损失: 0.88
2025-11-23 20:59:35,410 - INFO -   预测/目标: 201600/93434
2025-11-23 20:59:35,410 - INFO -   🎉 新的最佳验证损失: 0.88
2025-11-23 20:59:35,410 - INFO -   ⏳ mAP_0.5_0.95 无改善 (1/35), 最佳值: 0.5812 (epoch 42)
2025-11-23 20:59:36,565 - INFO - 💾 保存最新检查点: logs/dset6_r34_20251123_175319/latest_checkpoint.pth
2025-11-23 20:59:46,917 - INFO - Epoch 44 | Batch 0 | Loss: 7.43 (Det: 7.28, MoE: 3.1555)
2025-11-23 21:01:42,367 - INFO - Epoch 44 | Batch 50 | Loss: 7.21 (Det: 7.06, MoE: 3.1255)
2025-11-23 21:03:52,994 - INFO - Epoch 44:
2025-11-23 21:03:52,996 - INFO -   训练损失: 7.26 | 验证损失: 0.88
2025-11-23 21:03:52,998 - INFO -   预测/目标: 201600/93434
2025-11-23 21:03:52,998 - INFO -   🎉 新的最佳mAP: 0.5845
2025-11-23 21:03:54,170 - INFO - 💾 保存最佳模型: logs/dset6_r34_20251123_175319/best_model.pth
2025-11-23 21:04:47,812 - INFO -   每个类别的 mAP@0.5:0.95:
2025-11-23 21:04:47,812 - INFO -     Car         : 0.7705
2025-11-23 21:04:47,812 - INFO -     Truck       : 0.4812
2025-11-23 21:04:47,812 - INFO -     Van         : 0.5569
2025-11-23 21:04:47,812 - INFO -     Bus         : 0.7621
2025-11-23 21:04:47,812 - INFO -     Pedestrian  : 0.4230
2025-11-23 21:04:47,812 - INFO -     Cyclist     : 0.5769
2025-11-23 21:04:47,813 - INFO -     Motorcyclist: 0.4747
2025-11-23 21:04:47,813 - INFO -     Trafficcone : 0.6305
2025-11-23 21:04:47,970 - INFO -   mAP_0.5_0.95 提升到 0.5845 (最佳epoch: 44)
2025-11-23 21:04:49,147 - INFO - 💾 保存最新检查点: logs/dset6_r34_20251123_175319/latest_checkpoint.pth
2025-11-23 21:04:51,770 - INFO - [DEBUG] Epoch 45: pruner.current_epoch=45, pruner.pruning_enabled=True, pruner.warmup_epochs=10
2025-11-23 21:04:59,500 - INFO - Epoch 45 | Batch 0 | Loss: 7.13 (Det: 6.99, MoE: 3.1340)
2025-11-23 21:06:55,031 - INFO - Epoch 45 | Batch 50 | Loss: 7.28 (Det: 7.13, MoE: 3.1088)
2025-11-23 21:09:05,938 - INFO - Epoch 45:
2025-11-23 21:09:05,938 - INFO -   训练损失: 7.21 | 验证损失: 0.88
2025-11-23 21:09:05,939 - INFO -   预测/目标: 201600/93434
2025-11-23 21:09:05,940 - INFO -   检测损失: 7.06
2025-11-23 21:09:05,940 - INFO -   Decoder MoE损失: 2.9997
2025-11-23 21:09:05,941 - INFO -   Encoder Patch-MoE Balance损失: 0.1346
2025-11-23 21:09:05,941 - INFO -   Encoder Patch-MoE Entropy损失: -1.7918
2025-11-23 21:09:05,941 - INFO -   Encoder MoE总损失: -1.6571
2025-11-23 21:09:05,941 - INFO -   Token Pruning损失: 0.000113
2025-11-23 21:09:05,941 - INFO -   MoE总损失: 3.1343
2025-11-23 21:09:05,941 - INFO -   Decoder专家使用率: [16.72%, 16.43%, 17.11%, 16.31%, 16.68%, 16.75%]
2025-11-23 21:09:05,941 - INFO -   ⏳ mAP_0.5_0.95 无改善 (1/35), 最佳值: 0.5845 (epoch 44)
2025-11-23 21:09:07,404 - INFO - 💾 保存最新检查点: logs/dset6_r34_20251123_175319/latest_checkpoint.pth
2025-11-23 21:09:18,377 - INFO - Epoch 46 | Batch 0 | Loss: 7.03 (Det: 6.89, MoE: 3.1093)
2025-11-23 21:11:12,450 - INFO - Epoch 46 | Batch 50 | Loss: 7.17 (Det: 7.03, MoE: 3.1881)
2025-11-23 21:13:22,243 - INFO - Epoch 46:
2025-11-23 21:13:22,244 - INFO -   训练损失: 7.23 | 验证损失: 0.88
2025-11-23 21:13:22,245 - INFO -   预测/目标: 201600/93434
2025-11-23 21:13:22,245 - INFO -   🎉 新的最佳mAP: 0.5851
2025-11-23 21:13:25,702 - INFO - 💾 保存最佳模型: logs/dset6_r34_20251123_175319/best_model.pth
2025-11-23 21:14:18,685 - INFO -   每个类别的 mAP@0.5:0.95:
2025-11-23 21:14:18,685 - INFO -     Car         : 0.7685
2025-11-23 21:14:18,685 - INFO -     Truck       : 0.4871
2025-11-23 21:14:18,685 - INFO -     Van         : 0.5633
2025-11-23 21:14:18,685 - INFO -     Bus         : 0.7535
2025-11-23 21:14:18,685 - INFO -     Pedestrian  : 0.4248
2025-11-23 21:14:18,685 - INFO -     Cyclist     : 0.5784
2025-11-23 21:14:18,685 - INFO -     Motorcyclist: 0.4762
2025-11-23 21:14:18,685 - INFO -     Trafficcone : 0.6293
2025-11-23 21:14:18,842 - INFO -   mAP_0.5_0.95 提升到 0.5851 (最佳epoch: 46)
2025-11-23 21:14:20,076 - INFO - 💾 保存最新检查点: logs/dset6_r34_20251123_175319/latest_checkpoint.pth
2025-11-23 21:14:28,594 - INFO - Epoch 47 | Batch 0 | Loss: 7.34 (Det: 7.20, MoE: 3.1163)
2025-11-23 21:16:23,071 - INFO - Epoch 47 | Batch 50 | Loss: 7.69 (Det: 7.55, MoE: 3.1246)
2025-11-23 21:18:32,922 - INFO - Epoch 47:
2025-11-23 21:18:32,923 - INFO -   训练损失: 7.37 | 验证损失: 0.88
2025-11-23 21:18:32,924 - INFO -   预测/目标: 201600/93434
2025-11-23 21:18:32,924 - INFO -   🎉 新的最佳mAP: 0.5855
2025-11-23 21:18:34,200 - INFO - 💾 保存最佳模型: logs/dset6_r34_20251123_175319/best_model.pth
2025-11-23 21:19:26,875 - INFO -   每个类别的 mAP@0.5:0.95:
2025-11-23 21:19:26,875 - INFO -     Car         : 0.7714
2025-11-23 21:19:26,875 - INFO -     Truck       : 0.4902
2025-11-23 21:19:26,875 - INFO -     Van         : 0.5734
2025-11-23 21:19:26,875 - INFO -     Bus         : 0.7588
2025-11-23 21:19:26,875 - INFO -     Pedestrian  : 0.4213
2025-11-23 21:19:26,875 - INFO -     Cyclist     : 0.5760
2025-11-23 21:19:26,875 - INFO -     Motorcyclist: 0.4645
2025-11-23 21:19:26,875 - INFO -     Trafficcone : 0.6284
2025-11-23 21:19:27,045 - INFO -   mAP_0.5_0.95 提升到 0.5855 (最佳epoch: 47)
2025-11-23 21:19:28,354 - INFO - 💾 保存最新检查点: logs/dset6_r34_20251123_175319/latest_checkpoint.pth
2025-11-23 21:19:35,968 - INFO - Epoch 48 | Batch 0 | Loss: 7.20 (Det: 7.05, MoE: 3.1760)
2025-11-23 21:21:31,483 - INFO - Epoch 48 | Batch 50 | Loss: 7.27 (Det: 7.12, MoE: 3.1451)
2025-11-23 21:23:41,735 - INFO - Epoch 48:
2025-11-23 21:23:41,736 - INFO -   训练损失: 7.30 | 验证损失: 0.88
2025-11-23 21:23:41,736 - INFO -   预测/目标: 201600/93434
2025-11-23 21:23:41,737 - INFO -   🎉 新的最佳验证损失: 0.88
2025-11-23 21:23:41,737 - INFO -   🎉 新的最佳mAP: 0.5875
2025-11-23 21:23:43,054 - INFO - 💾 保存最佳模型: logs/dset6_r34_20251123_175319/best_model.pth
2025-11-23 21:24:36,442 - INFO -   每个类别的 mAP@0.5:0.95:
2025-11-23 21:24:36,443 - INFO -     Car         : 0.7717
2025-11-23 21:24:36,443 - INFO -     Truck       : 0.4853
2025-11-23 21:24:36,443 - INFO -     Van         : 0.5729
2025-11-23 21:24:36,443 - INFO -     Bus         : 0.7626
2025-11-23 21:24:36,443 - INFO -     Pedestrian  : 0.4256
2025-11-23 21:24:36,443 - INFO -     Cyclist     : 0.5773
2025-11-23 21:24:36,443 - INFO -     Motorcyclist: 0.4753
2025-11-23 21:24:36,443 - INFO -     Trafficcone : 0.6292
2025-11-23 21:24:36,609 - INFO -   mAP_0.5_0.95 提升到 0.5875 (最佳epoch: 48)
2025-11-23 21:24:37,868 - INFO - 💾 保存最新检查点: logs/dset6_r34_20251123_175319/latest_checkpoint.pth
2025-11-23 21:24:49,109 - INFO - Epoch 49 | Batch 0 | Loss: 7.20 (Det: 7.05, MoE: 3.1432)
2025-11-23 21:26:43,722 - INFO - Epoch 49 | Batch 50 | Loss: 7.14 (Det: 7.00, MoE: 3.1235)
2025-11-23 21:28:53,548 - INFO - Epoch 49:
2025-11-23 21:28:53,548 - INFO -   训练损失: 7.12 | 验证损失: 0.87
2025-11-23 21:28:53,550 - INFO -   预测/目标: 201600/93434
2025-11-23 21:28:53,551 - INFO -   🎉 新的最佳验证损失: 0.87
2025-11-23 21:28:53,551 - INFO -   🎉 新的最佳mAP: 0.5894
2025-11-23 21:28:54,812 - INFO - 💾 保存最佳模型: logs/dset6_r34_20251123_175319/best_model.pth
2025-11-23 21:29:48,168 - INFO -   每个类别的 mAP@0.5:0.95:
2025-11-23 21:29:48,168 - INFO -     Car         : 0.7716
2025-11-23 21:29:48,168 - INFO -     Truck       : 0.4937
2025-11-23 21:29:48,168 - INFO -     Van         : 0.5672
2025-11-23 21:29:48,168 - INFO -     Bus         : 0.7628
2025-11-23 21:29:48,168 - INFO -     Pedestrian  : 0.4304
2025-11-23 21:29:48,168 - INFO -     Cyclist     : 0.5772
2025-11-23 21:29:48,168 - INFO -     Motorcyclist: 0.4813
2025-11-23 21:29:48,168 - INFO -     Trafficcone : 0.6307
2025-11-23 21:29:48,348 - INFO -   mAP_0.5_0.95 提升到 0.5894 (最佳epoch: 49)
2025-11-23 21:29:49,734 - INFO - 💾 保存最新检查点: logs/dset6_r34_20251123_175319/latest_checkpoint.pth
2025-11-23 21:29:52,136 - INFO - [DEBUG] Epoch 50: pruner.current_epoch=50, pruner.pruning_enabled=True, pruner.warmup_epochs=10
2025-11-23 21:29:58,448 - INFO - Epoch 50 | Batch 0 | Loss: 7.31 (Det: 7.16, MoE: 3.1284)
2025-11-23 21:31:53,773 - INFO - Epoch 50 | Batch 50 | Loss: 7.27 (Det: 7.12, MoE: 3.1224)
2025-11-23 21:34:04,980 - INFO - Epoch 50:
2025-11-23 21:34:04,981 - INFO -   训练损失: 7.28 | 验证损失: 0.87
2025-11-23 21:34:04,982 - INFO -   预测/目标: 201600/93434
2025-11-23 21:34:04,982 - INFO -   检测损失: 7.13
2025-11-23 21:34:04,982 - INFO -   Decoder MoE损失: 3.0047
2025-11-23 21:34:04,982 - INFO -   Encoder Patch-MoE Balance损失: 0.1316
2025-11-23 21:34:04,983 - INFO -   Encoder Patch-MoE Entropy损失: -1.7918
2025-11-23 21:34:04,983 - INFO -   Encoder MoE总损失: -1.6601
2025-11-23 21:34:04,983 - INFO -   Token Pruning损失: 0.000091
2025-11-23 21:34:04,984 - INFO -   MoE总损失: 3.1363
2025-11-23 21:34:04,984 - INFO -   Decoder专家使用率: [16.69%, 16.45%, 17.02%, 16.41%, 16.89%, 16.55%]
2025-11-23 21:34:04,984 - INFO -   🎉 新的最佳mAP: 0.5904
2025-11-23 21:34:06,232 - INFO - 💾 保存最佳模型: logs/dset6_r34_20251123_175319/best_model.pth
2025-11-23 21:34:58,664 - INFO -   每个类别的 mAP@0.5:0.95:
2025-11-23 21:34:58,664 - INFO -     Car         : 0.7721
2025-11-23 21:34:58,664 - INFO -     Truck       : 0.4962
2025-11-23 21:34:58,664 - INFO -     Van         : 0.5701
2025-11-23 21:34:58,664 - INFO -     Bus         : 0.7645
2025-11-23 21:34:58,664 - INFO -     Pedestrian  : 0.4291
2025-11-23 21:34:58,664 - INFO -     Cyclist     : 0.5794
2025-11-23 21:34:58,664 - INFO -     Motorcyclist: 0.4814
2025-11-23 21:34:58,664 - INFO -     Trafficcone : 0.6303
2025-11-23 21:34:58,817 - INFO -   mAP_0.5_0.95 提升到 0.5904 (最佳epoch: 50)
2025-11-23 21:35:00,115 - INFO - 💾 保存最新检查点: logs/dset6_r34_20251123_175319/latest_checkpoint.pth
2025-11-23 21:35:09,793 - INFO - Epoch 51 | Batch 0 | Loss: 7.22 (Det: 7.08, MoE: 3.1273)
2025-11-23 21:37:05,308 - INFO - Epoch 51 | Batch 50 | Loss: 7.06 (Det: 6.92, MoE: 3.1150)
2025-11-23 21:39:14,479 - INFO - Epoch 51:
2025-11-23 21:39:14,479 - INFO -   训练损失: 7.10 | 验证损失: 0.87
2025-11-23 21:39:14,481 - INFO -   预测/目标: 201600/93434
2025-11-23 21:39:14,481 - INFO -   🎉 新的最佳验证损失: 0.87
2025-11-23 21:39:14,481 - INFO -   🎉 新的最佳mAP: 0.5917
2025-11-23 21:39:15,784 - INFO - 💾 保存最佳模型: logs/dset6_r34_20251123_175319/best_model.pth
2025-11-23 21:40:09,256 - INFO -   每个类别的 mAP@0.5:0.95:
2025-11-23 21:40:09,256 - INFO -     Car         : 0.7743
2025-11-23 21:40:09,256 - INFO -     Truck       : 0.4981
2025-11-23 21:40:09,256 - INFO -     Van         : 0.5712
2025-11-23 21:40:09,256 - INFO -     Bus         : 0.7656
2025-11-23 21:40:09,256 - INFO -     Pedestrian  : 0.4330
2025-11-23 21:40:09,256 - INFO -     Cyclist     : 0.5767
2025-11-23 21:40:09,256 - INFO -     Motorcyclist: 0.4832
2025-11-23 21:40:09,256 - INFO -     Trafficcone : 0.6317
2025-11-23 21:40:09,414 - INFO -   mAP_0.5_0.95 提升到 0.5917 (最佳epoch: 51)
2025-11-23 21:40:10,730 - INFO - 💾 保存最新检查点: logs/dset6_r34_20251123_175319/latest_checkpoint.pth
2025-11-23 21:40:18,834 - INFO - Epoch 52 | Batch 0 | Loss: 6.84 (Det: 6.70, MoE: 3.1222)
2025-11-23 21:42:15,963 - INFO - Epoch 52 | Batch 50 | Loss: 6.95 (Det: 6.81, MoE: 3.1162)
2025-11-23 21:44:26,522 - INFO - Epoch 52:
2025-11-23 21:44:26,523 - INFO -   训练损失: 6.99 | 验证损失: 0.88
2025-11-23 21:44:26,524 - INFO -   预测/目标: 201600/93434
2025-11-23 21:44:26,524 - INFO -   ⏳ mAP_0.5_0.95 无改善 (1/35), 最佳值: 0.5917 (epoch 51)
2025-11-23 21:44:27,837 - INFO - 💾 保存最新检查点: logs/dset6_r34_20251123_175319/latest_checkpoint.pth
2025-11-23 21:44:37,148 - INFO - Epoch 53 | Batch 0 | Loss: 6.79 (Det: 6.65, MoE: 3.1103)
2025-11-23 21:46:32,545 - INFO - Epoch 53 | Batch 50 | Loss: 6.95 (Det: 6.81, MoE: 3.1341)
2025-11-23 21:48:42,956 - INFO - Epoch 53:
2025-11-23 21:48:42,957 - INFO -   训练损失: 6.94 | 验证损失: 0.88
2025-11-23 21:48:42,958 - INFO -   预测/目标: 201600/93434
2025-11-23 21:48:42,959 - INFO -   ⏳ mAP_0.5_0.95 无改善 (2/35), 最佳值: 0.5917 (epoch 51)
2025-11-23 21:48:44,202 - INFO - 💾 保存最新检查点: logs/dset6_r34_20251123_175319/latest_checkpoint.pth
2025-11-23 21:48:52,507 - INFO - Epoch 54 | Batch 0 | Loss: 6.86 (Det: 6.72, MoE: 3.1104)
2025-11-23 21:50:48,333 - INFO - Epoch 54 | Batch 50 | Loss: 7.04 (Det: 6.89, MoE: 3.1349)
2025-11-23 21:52:59,229 - INFO - Epoch 54:
2025-11-23 21:52:59,229 - INFO -   训练损失: 6.92 | 验证损失: 0.88
2025-11-23 21:52:59,230 - INFO -   预测/目标: 201600/93434
2025-11-23 21:52:59,231 - INFO -   ⏳ mAP_0.5_0.95 无改善 (3/35), 最佳值: 0.5917 (epoch 51)
2025-11-23 21:53:00,520 - INFO - 💾 保存最新检查点: logs/dset6_r34_20251123_175319/latest_checkpoint.pth
2025-11-23 21:53:03,307 - INFO - [DEBUG] Epoch 55: pruner.current_epoch=55, pruner.pruning_enabled=True, pruner.warmup_epochs=10
2025-11-23 21:53:11,664 - INFO - Epoch 55 | Batch 0 | Loss: 6.99 (Det: 6.85, MoE: 3.1091)
2025-11-23 21:55:06,698 - INFO - Epoch 55 | Batch 50 | Loss: 7.20 (Det: 7.05, MoE: 3.1351)
2025-11-23 21:57:16,561 - INFO - Epoch 55:
2025-11-23 21:57:16,562 - INFO -   训练损失: 7.08 | 验证损失: 0.87
2025-11-23 21:57:16,563 - INFO -   预测/目标: 201600/93434
2025-11-23 21:57:16,564 - INFO -   检测损失: 6.94
2025-11-23 21:57:16,564 - INFO -   Decoder MoE损失: 2.9991
2025-11-23 21:57:16,564 - INFO -   Encoder Patch-MoE Balance损失: 0.1309
2025-11-23 21:57:16,564 - INFO -   Encoder Patch-MoE Entropy损失: -1.7918
2025-11-23 21:57:16,565 - INFO -   Encoder MoE总损失: -1.6608
2025-11-23 21:57:16,565 - INFO -   Token Pruning损失: 0.000073
2025-11-23 21:57:16,565 - INFO -   MoE总损失: 3.1300
2025-11-23 21:57:16,565 - INFO -   Decoder专家使用率: [16.65%, 16.54%, 16.82%, 16.41%, 16.72%, 16.86%]
2025-11-23 21:57:16,565 - INFO -   🎉 新的最佳mAP: 0.5923
2025-11-23 21:57:17,843 - INFO - 💾 保存最佳模型: logs/dset6_r34_20251123_175319/best_model.pth
2025-11-23 21:58:11,032 - INFO -   每个类别的 mAP@0.5:0.95:
2025-11-23 21:58:11,032 - INFO -     Car         : 0.7770
2025-11-23 21:58:11,032 - INFO -     Truck       : 0.5019
2025-11-23 21:58:11,032 - INFO -     Van         : 0.5661
2025-11-23 21:58:11,032 - INFO -     Bus         : 0.7696
2025-11-23 21:58:11,032 - INFO -     Pedestrian  : 0.4345
2025-11-23 21:58:11,032 - INFO -     Cyclist     : 0.5712
2025-11-23 21:58:11,032 - INFO -     Motorcyclist: 0.4878
2025-11-23 21:58:11,032 - INFO -     Trafficcone : 0.6298
2025-11-23 21:58:11,199 - INFO -   mAP_0.5_0.95 提升到 0.5923 (最佳epoch: 55)
2025-11-23 21:58:12,390 - INFO - 💾 保存最新检查点: logs/dset6_r34_20251123_175319/latest_checkpoint.pth
2025-11-23 21:58:20,932 - INFO - Epoch 56 | Batch 0 | Loss: 6.86 (Det: 6.71, MoE: 3.1295)
2025-11-23 22:00:16,311 - INFO - Epoch 56 | Batch 50 | Loss: 6.92 (Det: 6.78, MoE: 3.1381)
2025-11-23 22:02:26,486 - INFO - Epoch 56:
2025-11-23 22:02:26,487 - INFO -   训练损失: 6.95 | 验证损失: 0.88
2025-11-23 22:02:26,487 - INFO -   预测/目标: 201600/93434
2025-11-23 22:02:26,487 - INFO -   🎉 新的最佳mAP: 0.5931
2025-11-23 22:02:27,649 - INFO - 💾 保存最佳模型: logs/dset6_r34_20251123_175319/best_model.pth
2025-11-23 22:03:21,099 - INFO -   每个类别的 mAP@0.5:0.95:
2025-11-23 22:03:21,099 - INFO -     Car         : 0.7743
2025-11-23 22:03:21,099 - INFO -     Truck       : 0.5062
2025-11-23 22:03:21,099 - INFO -     Van         : 0.5725
2025-11-23 22:03:21,099 - INFO -     Bus         : 0.7654
2025-11-23 22:03:21,099 - INFO -     Pedestrian  : 0.4376
2025-11-23 22:03:21,099 - INFO -     Cyclist     : 0.5726
2025-11-23 22:03:21,099 - INFO -     Motorcyclist: 0.4861
2025-11-23 22:03:21,099 - INFO -     Trafficcone : 0.6302
2025-11-23 22:03:21,263 - INFO -   mAP_0.5_0.95 提升到 0.5931 (最佳epoch: 56)
2025-11-23 22:03:22,464 - INFO - 💾 保存最新检查点: logs/dset6_r34_20251123_175319/latest_checkpoint.pth
2025-11-23 22:03:33,489 - INFO - Epoch 57 | Batch 0 | Loss: 7.00 (Det: 6.86, MoE: 3.1132)
2025-11-23 22:05:28,995 - INFO - Epoch 57 | Batch 50 | Loss: 6.77 (Det: 6.63, MoE: 3.1191)
2025-11-23 22:07:39,181 - INFO - Epoch 57:
2025-11-23 22:07:39,181 - INFO -   训练损失: 6.87 | 验证损失: 0.88
2025-11-23 22:07:39,183 - INFO -   预测/目标: 201600/93434
2025-11-23 22:07:39,183 - INFO -   ⏳ mAP_0.5_0.95 无改善 (1/35), 最佳值: 0.5931 (epoch 56)
2025-11-23 22:07:40,453 - INFO - 💾 保存最新检查点: logs/dset6_r34_20251123_175319/latest_checkpoint.pth
2025-11-23 22:07:47,992 - INFO - Epoch 58 | Batch 0 | Loss: 6.82 (Det: 6.67, MoE: 3.1206)
2025-11-23 22:09:43,569 - INFO - Epoch 58 | Batch 50 | Loss: 6.92 (Det: 6.77, MoE: 3.0987)
2025-11-23 22:11:55,097 - INFO - Epoch 58:
2025-11-23 22:11:55,099 - INFO -   训练损失: 6.78 | 验证损失: 0.88
2025-11-23 22:11:55,099 - INFO -   预测/目标: 201600/93434
2025-11-23 22:11:55,100 - INFO -   ⏳ mAP_0.5_0.95 无改善 (2/35), 最佳值: 0.5931 (epoch 56)
2025-11-23 22:11:56,317 - INFO - 💾 保存最新检查点: logs/dset6_r34_20251123_175319/latest_checkpoint.pth
2025-11-23 22:12:07,437 - INFO - Epoch 59 | Batch 0 | Loss: 6.68 (Det: 6.53, MoE: 3.1470)
2025-11-23 22:14:02,379 - INFO - Epoch 59 | Batch 50 | Loss: 6.66 (Det: 6.51, MoE: 3.1232)
2025-11-23 22:16:13,190 - INFO - Epoch 59:
2025-11-23 22:16:13,192 - INFO -   训练损失: 6.74 | 验证损失: 0.88
2025-11-23 22:16:13,193 - INFO -   预测/目标: 201600/93434
2025-11-23 22:16:13,193 - INFO -   ⏳ mAP_0.5_0.95 无改善 (3/35), 最佳值: 0.5931 (epoch 56)
2025-11-23 22:16:14,351 - INFO - 💾 保存最新检查点: logs/dset6_r34_20251123_175319/latest_checkpoint.pth
2025-11-23 22:16:16,820 - INFO - [DEBUG] Epoch 60: pruner.current_epoch=60, pruner.pruning_enabled=True, pruner.warmup_epochs=10
2025-11-23 22:16:24,006 - INFO - Epoch 60 | Batch 0 | Loss: 6.59 (Det: 6.44, MoE: 3.1338)
2025-11-23 22:18:18,386 - INFO - Epoch 60 | Batch 50 | Loss: 6.74 (Det: 6.60, MoE: 3.1039)
2025-11-23 22:20:29,881 - INFO - Epoch 60:
2025-11-23 22:20:29,883 - INFO -   训练损失: 6.71 | 验证损失: 0.88
2025-11-23 22:20:29,883 - INFO -   预测/目标: 201600/93434
2025-11-23 22:20:29,883 - INFO -   检测损失: 6.56
2025-11-23 22:20:29,883 - INFO -   Decoder MoE损失: 2.9966
2025-11-23 22:20:29,884 - INFO -   Encoder Patch-MoE Balance损失: 0.1187
2025-11-23 22:20:29,884 - INFO -   Encoder Patch-MoE Entropy损失: -1.7918
2025-11-23 22:20:29,884 - INFO -   Encoder MoE总损失: -1.6731
2025-11-23 22:20:29,884 - INFO -   Token Pruning损失: 0.000066
2025-11-23 22:20:29,884 - INFO -   MoE总损失: 3.1153
2025-11-23 22:20:29,884 - INFO -   Decoder专家使用率: [16.75%, 16.55%, 16.84%, 16.45%, 16.61%, 16.79%]
2025-11-23 22:20:29,884 - INFO -   ⏳ mAP_0.5_0.95 无改善 (4/35), 最佳值: 0.5931 (epoch 56)
2025-11-23 22:20:31,063 - INFO - 💾 保存最新检查点: logs/dset6_r34_20251123_175319/latest_checkpoint.pth
2025-11-23 22:20:39,328 - INFO - Epoch 61 | Batch 0 | Loss: 6.60 (Det: 6.45, MoE: 3.1006)
2025-11-23 22:22:35,565 - INFO - Epoch 61 | Batch 50 | Loss: 6.75 (Det: 6.61, MoE: 3.1173)
2025-11-23 22:24:45,564 - INFO - Epoch 61:
2025-11-23 22:24:45,566 - INFO -   训练损失: 6.70 | 验证损失: 0.88
2025-11-23 22:24:45,566 - INFO -   预测/目标: 201600/93434
2025-11-23 22:24:45,566 - INFO -   ⏳ mAP_0.5_0.95 无改善 (5/35), 最佳值: 0.5931 (epoch 56)
2025-11-23 22:24:46,757 - INFO - 💾 保存最新检查点: logs/dset6_r34_20251123_175319/latest_checkpoint.pth
2025-11-23 22:24:55,930 - INFO - Epoch 62 | Batch 0 | Loss: 6.72 (Det: 6.58, MoE: 3.1181)
2025-11-23 22:26:50,950 - INFO - Epoch 62 | Batch 50 | Loss: 6.61 (Det: 6.47, MoE: 3.1466)
2025-11-23 22:29:01,795 - INFO - Epoch 62:
2025-11-23 22:29:01,796 - INFO -   训练损失: 6.68 | 验证损失: 0.88
2025-11-23 22:29:01,797 - INFO -   预测/目标: 201600/93434
2025-11-23 22:29:01,797 - INFO -   ⏳ mAP_0.5_0.95 无改善 (6/35), 最佳值: 0.5931 (epoch 56)
2025-11-23 22:29:02,973 - INFO - 💾 保存最新检查点: logs/dset6_r34_20251123_175319/latest_checkpoint.pth
2025-11-23 22:29:12,042 - INFO - Epoch 63 | Batch 0 | Loss: 6.62 (Det: 6.47, MoE: 3.1238)
2025-11-23 22:31:06,906 - INFO - Epoch 63 | Batch 50 | Loss: 6.53 (Det: 6.39, MoE: 3.1292)
2025-11-23 22:33:18,334 - INFO - Epoch 63:
2025-11-23 22:33:18,334 - INFO -   训练损失: 6.67 | 验证损失: 0.88
2025-11-23 22:33:18,335 - INFO -   预测/目标: 201600/93434
2025-11-23 22:33:18,336 - INFO -   ⏳ mAP_0.5_0.95 无改善 (7/35), 最佳值: 0.5931 (epoch 56)
2025-11-23 22:33:19,542 - INFO - 💾 保存最新检查点: logs/dset6_r34_20251123_175319/latest_checkpoint.pth
2025-11-23 22:33:29,898 - INFO - Epoch 64 | Batch 0 | Loss: 6.68 (Det: 6.54, MoE: 3.1084)
2025-11-23 22:35:25,050 - INFO - Epoch 64 | Batch 50 | Loss: 6.60 (Det: 6.46, MoE: 3.1472)
2025-11-23 22:37:36,059 - INFO - Epoch 64:
2025-11-23 22:37:36,060 - INFO -   训练损失: 6.62 | 验证损失: 0.89
2025-11-23 22:37:36,061 - INFO -   预测/目标: 201600/93434
2025-11-23 22:37:36,061 - INFO -   ⏳ mAP_0.5_0.95 无改善 (8/35), 最佳值: 0.5931 (epoch 56)
2025-11-23 22:37:37,226 - INFO - 💾 保存最新检查点: logs/dset6_r34_20251123_175319/latest_checkpoint.pth
2025-11-23 22:37:39,998 - INFO - [DEBUG] Epoch 65: pruner.current_epoch=65, pruner.pruning_enabled=True, pruner.warmup_epochs=10
2025-11-23 22:37:47,800 - INFO - Epoch 65 | Batch 0 | Loss: 6.50 (Det: 6.35, MoE: 3.1365)
2025-11-23 22:39:42,260 - INFO - Epoch 65 | Batch 50 | Loss: 6.63 (Det: 6.49, MoE: 3.1362)
2025-11-23 22:41:51,759 - INFO - Epoch 65:
2025-11-23 22:41:51,760 - INFO -   训练损失: 6.58 | 验证损失: 0.89
2025-11-23 22:41:51,761 - INFO -   预测/目标: 201600/93434
2025-11-23 22:41:51,762 - INFO -   检测损失: 6.44
2025-11-23 22:41:51,762 - INFO -   Decoder MoE损失: 3.0007
2025-11-23 22:41:51,762 - INFO -   Encoder Patch-MoE Balance损失: 0.1288
2025-11-23 22:41:51,762 - INFO -   Encoder Patch-MoE Entropy损失: -1.7918
2025-11-23 22:41:51,762 - INFO -   Encoder MoE总损失: -1.6630
2025-11-23 22:41:51,762 - INFO -   Token Pruning损失: 0.000055
2025-11-23 22:41:51,762 - INFO -   MoE总损失: 3.1295
2025-11-23 22:41:51,762 - INFO -   Decoder专家使用率: [16.68%, 16.52%, 16.86%, 16.57%, 16.72%, 16.66%]
2025-11-23 22:41:51,762 - INFO -   ⏳ mAP_0.5_0.95 无改善 (9/35), 最佳值: 0.5931 (epoch 56)
2025-11-23 22:41:52,930 - INFO - 💾 保存最新检查点: logs/dset6_r34_20251123_175319/latest_checkpoint.pth
2025-11-23 22:42:01,917 - INFO - Epoch 66 | Batch 0 | Loss: 6.59 (Det: 6.44, MoE: 3.1242)
2025-11-23 22:43:56,425 - INFO - Epoch 66 | Batch 50 | Loss: 6.62 (Det: 6.48, MoE: 3.1471)
2025-11-23 22:46:06,192 - INFO - Epoch 66:
2025-11-23 22:46:06,193 - INFO -   训练损失: 6.60 | 验证损失: 0.89
2025-11-23 22:46:06,195 - INFO -   预测/目标: 201600/93434
2025-11-23 22:46:06,195 - INFO -   ⏳ mAP_0.5_0.95 无改善 (10/35), 最佳值: 0.5931 (epoch 56)
2025-11-23 22:46:07,358 - INFO - 💾 保存最新检查点: logs/dset6_r34_20251123_175319/latest_checkpoint.pth
2025-11-23 22:46:16,769 - INFO - Epoch 67 | Batch 0 | Loss: 6.40 (Det: 6.25, MoE: 3.1250)
2025-11-23 22:48:11,878 - INFO - Epoch 67 | Batch 50 | Loss: 6.71 (Det: 6.56, MoE: 3.1129)
2025-11-23 22:50:21,410 - INFO - Epoch 67:
2025-11-23 22:50:21,412 - INFO -   训练损失: 6.60 | 验证损失: 0.89
2025-11-23 22:50:21,412 - INFO -   预测/目标: 201600/93434
2025-11-23 22:50:21,413 - INFO -   ⏳ mAP_0.5_0.95 无改善 (11/35), 最佳值: 0.5931 (epoch 56)
2025-11-23 22:50:22,583 - INFO - 💾 保存最新检查点: logs/dset6_r34_20251123_175319/latest_checkpoint.pth
2025-11-23 22:50:33,917 - INFO - Epoch 68 | Batch 0 | Loss: 6.74 (Det: 6.60, MoE: 3.1161)
2025-11-23 22:52:30,581 - INFO - Epoch 68 | Batch 50 | Loss: 6.73 (Det: 6.58, MoE: 3.1384)
2025-11-23 22:54:42,069 - INFO - Epoch 68:
2025-11-23 22:54:42,071 - INFO -   训练损失: 6.92 | 验证损失: 0.88
2025-11-23 22:54:42,071 - INFO -   预测/目标: 201600/93434
2025-11-23 22:54:42,072 - INFO -   ⏳ mAP_0.5_0.95 无改善 (12/35), 最佳值: 0.5931 (epoch 56)
2025-11-23 22:54:43,292 - INFO - 💾 保存最新检查点: logs/dset6_r34_20251123_175319/latest_checkpoint.pth
2025-11-23 22:54:54,666 - INFO - Epoch 69 | Batch 0 | Loss: 6.52 (Det: 6.37, MoE: 3.1672)
2025-11-23 22:56:49,453 - INFO - Epoch 69 | Batch 50 | Loss: 6.48 (Det: 6.34, MoE: 3.1613)
2025-11-23 22:59:00,746 - INFO - Epoch 69:
2025-11-23 22:59:00,746 - INFO -   训练损失: 6.54 | 验证损失: 0.89
2025-11-23 22:59:00,748 - INFO -   预测/目标: 201600/93434
2025-11-23 22:59:00,748 - INFO -   ⏳ mAP_0.5_0.95 无改善 (13/35), 最佳值: 0.5931 (epoch 56)
2025-11-23 22:59:01,731 - INFO - 💾 保存最新检查点: logs/dset6_r34_20251123_175319/latest_checkpoint.pth
2025-11-23 22:59:04,465 - INFO - [DEBUG] Epoch 70: pruner.current_epoch=70, pruner.pruning_enabled=True, pruner.warmup_epochs=10
2025-11-23 22:59:12,177 - INFO - Epoch 70 | Batch 0 | Loss: 6.67 (Det: 6.52, MoE: 3.1196)
2025-11-23 23:01:07,524 - INFO - Epoch 70 | Batch 50 | Loss: 6.66 (Det: 6.51, MoE: 3.1284)
2025-11-23 23:03:18,150 - INFO - Epoch 70:
2025-11-23 23:03:18,150 - INFO -   训练损失: 6.53 | 验证损失: 0.89
2025-11-23 23:03:18,152 - INFO -   预测/目标: 201600/93434
2025-11-23 23:03:18,152 - INFO -   检测损失: 6.38
2025-11-23 23:03:18,152 - INFO -   Decoder MoE损失: 2.9970
2025-11-23 23:03:18,153 - INFO -   Encoder Patch-MoE Balance损失: 0.1248
2025-11-23 23:03:18,153 - INFO -   Encoder Patch-MoE Entropy损失: -1.7918
2025-11-23 23:03:18,153 - INFO -   Encoder MoE总损失: -1.6670
2025-11-23 23:03:18,153 - INFO -   Token Pruning损失: 0.000049
2025-11-23 23:03:18,153 - INFO -   MoE总损失: 3.1218
2025-11-23 23:03:18,153 - INFO -   Decoder专家使用率: [16.61%, 16.77%, 16.79%, 16.57%, 16.59%, 16.68%]
2025-11-23 23:03:18,153 - INFO -   ⏳ mAP_0.5_0.95 无改善 (14/35), 最佳值: 0.5931 (epoch 56)
2025-11-23 23:03:19,320 - INFO - 💾 保存最新检查点: logs/dset6_r34_20251123_175319/latest_checkpoint.pth
2025-11-23 23:03:30,601 - INFO - Epoch 71 | Batch 0 | Loss: 6.45 (Det: 6.30, MoE: 3.1289)
2025-11-23 23:05:26,133 - INFO - Epoch 71 | Batch 50 | Loss: 6.36 (Det: 6.22, MoE: 3.1298)
2025-11-23 23:07:38,024 - INFO - Epoch 71:
2025-11-23 23:07:38,025 - INFO -   训练损失: 6.47 | 验证损失: 0.89
2025-11-23 23:07:38,025 - INFO -   预测/目标: 201600/93434
2025-11-23 23:07:38,026 - INFO -   ⏳ mAP_0.5_0.95 无改善 (15/35), 最佳值: 0.5931 (epoch 56)
2025-11-23 23:07:39,188 - INFO - 💾 保存最新检查点: logs/dset6_r34_20251123_175319/latest_checkpoint.pth
2025-11-23 23:07:47,185 - INFO - Epoch 72 | Batch 0 | Loss: 6.37 (Det: 6.23, MoE: 3.1301)
2025-11-23 23:09:42,731 - INFO - Epoch 72 | Batch 50 | Loss: 6.39 (Det: 6.24, MoE: 3.1207)
2025-11-23 23:11:54,214 - INFO - Epoch 72:
2025-11-23 23:11:54,214 - INFO -   训练损失: 6.42 | 验证损失: 0.90
2025-11-23 23:11:54,215 - INFO -   预测/目标: 201600/93434
2025-11-23 23:11:54,216 - INFO -   ⏳ mAP_0.5_0.95 无改善 (16/35), 最佳值: 0.5931 (epoch 56)
2025-11-23 23:11:55,460 - INFO - 💾 保存最新检查点: logs/dset6_r34_20251123_175319/latest_checkpoint.pth
2025-11-23 23:12:06,824 - INFO - Epoch 73 | Batch 0 | Loss: 6.29 (Det: 6.14, MoE: 3.1428)
2025-11-23 23:14:01,682 - INFO - Epoch 73 | Batch 50 | Loss: 6.48 (Det: 6.34, MoE: 3.1087)
2025-11-23 23:16:13,692 - INFO - Epoch 73:
2025-11-23 23:16:13,694 - INFO -   训练损失: 6.40 | 验证损失: 0.90
2025-11-23 23:16:13,695 - INFO -   预测/目标: 201600/93434
2025-11-23 23:16:13,695 - INFO -   ⏳ mAP_0.5_0.95 无改善 (17/35), 最佳值: 0.5931 (epoch 56)
2025-11-23 23:16:14,807 - INFO - 💾 保存最新检查点: logs/dset6_r34_20251123_175319/latest_checkpoint.pth
2025-11-23 23:16:26,028 - INFO - Epoch 74 | Batch 0 | Loss: 6.35 (Det: 6.21, MoE: 3.1312)
2025-11-23 23:18:21,271 - INFO - Epoch 74 | Batch 50 | Loss: 6.40 (Det: 6.25, MoE: 3.1154)
2025-11-23 23:20:32,939 - INFO - Epoch 74:
2025-11-23 23:20:32,940 - INFO -   训练损失: 6.36 | 验证损失: 0.90
2025-11-23 23:20:32,941 - INFO -   预测/目标: 201600/93434
2025-11-23 23:20:32,942 - INFO -   ⏳ mAP_0.5_0.95 无改善 (18/35), 最佳值: 0.5931 (epoch 56)
2025-11-23 23:20:34,055 - INFO - 💾 保存最新检查点: logs/dset6_r34_20251123_175319/latest_checkpoint.pth
2025-11-23 23:20:36,553 - INFO - [DEBUG] Epoch 75: pruner.current_epoch=75, pruner.pruning_enabled=True, pruner.warmup_epochs=10
2025-11-23 23:20:42,711 - INFO - Epoch 75 | Batch 0 | Loss: 6.19 (Det: 6.04, MoE: 3.1141)
2025-11-23 23:22:38,519 - INFO - Epoch 75 | Batch 50 | Loss: 6.39 (Det: 6.25, MoE: 3.1206)
2025-11-23 23:24:49,815 - INFO - Epoch 75:
2025-11-23 23:24:49,816 - INFO -   训练损失: 6.33 | 验证损失: 0.91
2025-11-23 23:24:49,817 - INFO -   预测/目标: 201600/93434
2025-11-23 23:24:49,817 - INFO -   检测损失: 6.18
2025-11-23 23:24:49,817 - INFO -   Decoder MoE损失: 2.9977
2025-11-23 23:24:49,818 - INFO -   Encoder Patch-MoE Balance损失: 0.1239
2025-11-23 23:24:49,818 - INFO -   Encoder Patch-MoE Entropy损失: -1.7918
2025-11-23 23:24:49,818 - INFO -   Encoder MoE总损失: -1.6678
2025-11-23 23:24:49,818 - INFO -   Token Pruning损失: 0.000040
2025-11-23 23:24:49,818 - INFO -   MoE总损失: 3.1216
2025-11-23 23:24:49,818 - INFO -   Decoder专家使用率: [16.78%, 16.73%, 16.77%, 16.58%, 16.60%, 16.54%]
2025-11-23 23:24:49,818 - INFO -   ⏳ mAP_0.5_0.95 无改善 (19/35), 最佳值: 0.5931 (epoch 56)
2025-11-23 23:24:51,018 - INFO - 💾 保存最新检查点: logs/dset6_r34_20251123_175319/latest_checkpoint.pth
2025-11-23 23:24:59,782 - INFO - Epoch 76 | Batch 0 | Loss: 6.26 (Det: 6.11, MoE: 3.1063)
2025-11-23 23:26:55,691 - INFO - Epoch 76 | Batch 50 | Loss: 6.35 (Det: 6.21, MoE: 3.1325)
2025-11-23 23:29:07,759 - INFO - Epoch 76:
2025-11-23 23:29:07,760 - INFO -   训练损失: 6.34 | 验证损失: 0.91
2025-11-23 23:29:07,761 - INFO -   预测/目标: 201600/93434
2025-11-23 23:29:07,761 - INFO -   ⏳ mAP_0.5_0.95 无改善 (20/35), 最佳值: 0.5931 (epoch 56)
2025-11-23 23:29:08,915 - INFO - 💾 保存最新检查点: logs/dset6_r34_20251123_175319/latest_checkpoint.pth
2025-11-23 23:29:17,843 - INFO - Epoch 77 | Batch 0 | Loss: 6.26 (Det: 6.11, MoE: 3.1107)
2025-11-23 23:31:13,242 - INFO - Epoch 77 | Batch 50 | Loss: 6.23 (Det: 6.09, MoE: 3.1132)
2025-11-23 23:33:25,137 - INFO - Epoch 77:
2025-11-23 23:33:25,138 - INFO -   训练损失: 6.35 | 验证损失: 0.90
2025-11-23 23:33:25,139 - INFO -   预测/目标: 201600/93434
2025-11-23 23:33:25,139 - INFO -   ⏳ mAP_0.5_0.95 无改善 (21/35), 最佳值: 0.5931 (epoch 56)
2025-11-23 23:33:26,112 - INFO - 💾 保存最新检查点: logs/dset6_r34_20251123_175319/latest_checkpoint.pth
2025-11-23 23:33:34,945 - INFO - Epoch 78 | Batch 0 | Loss: 6.64 (Det: 6.49, MoE: 3.1183)
2025-11-23 23:35:29,213 - INFO - Epoch 78 | Batch 50 | Loss: 6.24 (Det: 6.10, MoE: 3.1073)
2025-11-23 23:37:39,562 - INFO - Epoch 78:
2025-11-23 23:37:39,563 - INFO -   训练损失: 6.28 | 验证损失: 0.91
2025-11-23 23:37:39,563 - INFO -   预测/目标: 201600/93434
2025-11-23 23:37:39,564 - INFO -   ⏳ mAP_0.5_0.95 无改善 (22/35), 最佳值: 0.5931 (epoch 56)
2025-11-23 23:37:40,684 - INFO - 💾 保存最新检查点: logs/dset6_r34_20251123_175319/latest_checkpoint.pth
2025-11-23 23:37:49,096 - INFO - Epoch 79 | Batch 0 | Loss: 6.35 (Det: 6.21, MoE: 3.1097)
2025-11-23 23:39:43,369 - INFO - Epoch 79 | Batch 50 | Loss: 6.18 (Det: 6.03, MoE: 3.1219)
2025-11-23 23:41:54,125 - INFO - Epoch 79:
2025-11-23 23:41:54,127 - INFO -   训练损失: 6.28 | 验证损失: 0.91
2025-11-23 23:41:54,127 - INFO -   预测/目标: 201600/93434
2025-11-23 23:41:54,128 - INFO -   ⏳ mAP_0.5_0.95 无改善 (23/35), 最佳值: 0.5931 (epoch 56)
2025-11-23 23:41:55,393 - INFO - 💾 保存最新检查点: logs/dset6_r34_20251123_175319/latest_checkpoint.pth
2025-11-23 23:41:57,934 - INFO - [DEBUG] Epoch 80: pruner.current_epoch=80, pruner.pruning_enabled=True, pruner.warmup_epochs=10
2025-11-23 23:42:05,955 - INFO - Epoch 80 | Batch 0 | Loss: 6.46 (Det: 6.32, MoE: 3.1234)
2025-11-23 23:44:01,417 - INFO - Epoch 80 | Batch 50 | Loss: 6.23 (Det: 6.08, MoE: 3.1133)
2025-11-23 23:46:12,123 - INFO - Epoch 80:
2025-11-23 23:46:12,124 - INFO -   训练损失: 6.28 | 验证损失: 0.91
2025-11-23 23:46:12,125 - INFO -   预测/目标: 201600/93434
2025-11-23 23:46:12,125 - INFO -   检测损失: 6.13
2025-11-23 23:46:12,125 - INFO -   Decoder MoE损失: 2.9963
2025-11-23 23:46:12,126 - INFO -   Encoder Patch-MoE Balance损失: 0.1218
2025-11-23 23:46:12,126 - INFO -   Encoder Patch-MoE Entropy损失: -1.7918
2025-11-23 23:46:12,126 - INFO -   Encoder MoE总损失: -1.6699
2025-11-23 23:46:12,126 - INFO -   Token Pruning损失: 0.000039
2025-11-23 23:46:12,126 - INFO -   MoE总损失: 3.1181
2025-11-23 23:46:12,126 - INFO -   Decoder专家使用率: [16.84%, 16.66%, 16.68%, 16.63%, 16.50%, 16.69%]
2025-11-23 23:46:12,126 - INFO -   ⏳ mAP_0.5_0.95 无改善 (24/35), 最佳值: 0.5931 (epoch 56)
2025-11-23 23:46:13,290 - INFO - 💾 保存最新检查点: logs/dset6_r34_20251123_175319/latest_checkpoint.pth
2025-11-23 23:46:23,280 - INFO - Epoch 81 | Batch 0 | Loss: 6.23 (Det: 6.08, MoE: 3.1150)
2025-11-23 23:48:18,980 - INFO - Epoch 81 | Batch 50 | Loss: 6.19 (Det: 6.05, MoE: 3.1165)
2025-11-23 23:50:30,917 - INFO - Epoch 81:
2025-11-23 23:50:30,918 - INFO -   训练损失: 6.22 | 验证损失: 0.91
2025-11-23 23:50:30,919 - INFO -   预测/目标: 201600/93434
2025-11-23 23:50:30,920 - INFO -   ⏳ mAP_0.5_0.95 无改善 (25/35), 最佳值: 0.5931 (epoch 56)
2025-11-23 23:50:32,098 - INFO - 💾 保存最新检查点: logs/dset6_r34_20251123_175319/latest_checkpoint.pth
2025-11-23 23:50:43,205 - INFO - Epoch 82 | Batch 0 | Loss: 6.28 (Det: 6.14, MoE: 3.1079)
2025-11-23 23:52:38,444 - INFO - Epoch 82 | Batch 50 | Loss: 6.09 (Det: 5.95, MoE: 3.1103)
2025-11-23 23:54:49,001 - INFO - Epoch 82:
2025-11-23 23:54:49,001 - INFO -   训练损失: 6.19 | 验证损失: 0.92
2025-11-23 23:54:49,002 - INFO -   预测/目标: 201600/93434
2025-11-23 23:54:49,002 - INFO -   ⏳ mAP_0.5_0.95 无改善 (26/35), 最佳值: 0.5931 (epoch 56)
2025-11-23 23:54:50,143 - INFO - 💾 保存最新检查点: logs/dset6_r34_20251123_175319/latest_checkpoint.pth
2025-11-23 23:55:01,019 - INFO - Epoch 83 | Batch 0 | Loss: 6.24 (Det: 6.10, MoE: 3.1259)
2025-11-23 23:56:55,340 - INFO - Epoch 83 | Batch 50 | Loss: 6.29 (Det: 6.14, MoE: 3.1318)
2025-11-23 23:59:04,374 - INFO - Epoch 83:
2025-11-23 23:59:04,375 - INFO -   训练损失: 6.17 | 验证损失: 0.92
2025-11-23 23:59:04,375 - INFO -   预测/目标: 201600/93434
2025-11-23 23:59:04,376 - INFO -   ⏳ mAP_0.5_0.95 无改善 (27/35), 最佳值: 0.5931 (epoch 56)
2025-11-23 23:59:05,557 - INFO - 💾 保存最新检查点: logs/dset6_r34_20251123_175319/latest_checkpoint.pth
2025-11-23 23:59:16,026 - INFO - Epoch 84 | Batch 0 | Loss: 6.10 (Det: 5.96, MoE: 3.1139)
2025-11-24 00:01:12,036 - INFO - Epoch 84 | Batch 50 | Loss: 6.31 (Det: 6.16, MoE: 3.1154)
2025-11-24 00:03:23,877 - INFO - Epoch 84:
2025-11-24 00:03:23,877 - INFO -   训练损失: 6.12 | 验证损失: 0.92
2025-11-24 00:03:23,878 - INFO -   预测/目标: 201600/93434
2025-11-24 00:03:23,879 - INFO -   ⏳ mAP_0.5_0.95 无改善 (28/35), 最佳值: 0.5931 (epoch 56)
2025-11-24 00:03:25,035 - INFO - 💾 保存最新检查点: logs/dset6_r34_20251123_175319/latest_checkpoint.pth
2025-11-24 00:03:27,446 - INFO - [DEBUG] Epoch 85: pruner.current_epoch=85, pruner.pruning_enabled=True, pruner.warmup_epochs=10
2025-11-24 00:03:33,808 - INFO - Epoch 85 | Batch 0 | Loss: 6.03 (Det: 5.89, MoE: 3.1090)
2025-11-24 00:05:30,192 - INFO - Epoch 85 | Batch 50 | Loss: 6.04 (Det: 5.90, MoE: 3.1185)
2025-11-24 00:07:41,649 - INFO - Epoch 85:
2025-11-24 00:07:41,650 - INFO -   训练损失: 6.08 | 验证损失: 0.92
2025-11-24 00:07:41,650 - INFO -   预测/目标: 201600/93434
2025-11-24 00:07:41,651 - INFO -   检测损失: 5.94
2025-11-24 00:07:41,651 - INFO -   Decoder MoE损失: 2.9995
2025-11-24 00:07:41,651 - INFO -   Encoder Patch-MoE Balance损失: 0.1237
2025-11-24 00:07:41,652 - INFO -   Encoder Patch-MoE Entropy损失: -1.7918
2025-11-24 00:07:41,652 - INFO -   Encoder MoE总损失: -1.6681
2025-11-24 00:07:41,652 - INFO -   Token Pruning损失: 0.000033
2025-11-24 00:07:41,652 - INFO -   MoE总损失: 3.1232
2025-11-24 00:07:41,652 - INFO -   Decoder专家使用率: [16.68%, 16.67%, 16.74%, 16.70%, 16.55%, 16.65%]
2025-11-24 00:07:41,652 - INFO -   ⏳ mAP_0.5_0.95 无改善 (29/35), 最佳值: 0.5931 (epoch 56)
2025-11-24 00:07:42,896 - INFO - 💾 保存最新检查点: logs/dset6_r34_20251123_175319/latest_checkpoint.pth
2025-11-24 00:07:52,646 - INFO - Epoch 86 | Batch 0 | Loss: 6.19 (Det: 6.05, MoE: 3.1276)
2025-11-24 00:09:48,018 - INFO - Epoch 86 | Batch 50 | Loss: 6.08 (Det: 5.93, MoE: 3.1246)
2025-11-24 00:11:58,057 - INFO - Epoch 86:
2025-11-24 00:11:58,057 - INFO -   训练损失: 6.06 | 验证损失: 0.92
2025-11-24 00:11:58,059 - INFO -   预测/目标: 201600/93434
2025-11-24 00:11:58,059 - INFO -   ⏳ mAP_0.5_0.95 无改善 (30/35), 最佳值: 0.5931 (epoch 56)
2025-11-24 00:11:59,224 - INFO - 💾 保存最新检查点: logs/dset6_r34_20251123_175319/latest_checkpoint.pth
2025-11-24 00:12:08,068 - INFO - Epoch 87 | Batch 0 | Loss: 6.19 (Det: 6.04, MoE: 3.1238)
2025-11-24 00:14:03,932 - INFO - Epoch 87 | Batch 50 | Loss: 6.16 (Det: 6.02, MoE: 3.1241)
2025-11-24 00:16:14,940 - INFO - Epoch 87:
2025-11-24 00:16:14,942 - INFO -   训练损失: 6.05 | 验证损失: 0.93
2025-11-24 00:16:14,942 - INFO -   预测/目标: 201600/93434
2025-11-24 00:16:14,943 - INFO -   ⏳ mAP_0.5_0.95 无改善 (31/35), 最佳值: 0.5931 (epoch 56)
2025-11-24 00:16:16,054 - INFO - 💾 保存最新检查点: logs/dset6_r34_20251123_175319/latest_checkpoint.pth
2025-11-24 00:16:25,680 - INFO - Epoch 88 | Batch 0 | Loss: 6.07 (Det: 5.93, MoE: 3.1185)
2025-11-24 00:18:21,085 - INFO - Epoch 88 | Batch 50 | Loss: 5.88 (Det: 5.73, MoE: 3.1146)
2025-11-24 00:20:31,964 - INFO - Epoch 88:
2025-11-24 00:20:31,966 - INFO -   训练损失: 6.04 | 验证损失: 0.93
2025-11-24 00:20:31,966 - INFO -   预测/目标: 201600/93434
2025-11-24 00:20:31,967 - INFO -   ⏳ mAP_0.5_0.95 无改善 (32/35), 最佳值: 0.5931 (epoch 56)
2025-11-24 00:20:33,090 - INFO - 💾 保存最新检查点: logs/dset6_r34_20251123_175319/latest_checkpoint.pth
2025-11-24 00:20:42,742 - INFO - Epoch 89 | Batch 0 | Loss: 6.10 (Det: 5.96, MoE: 3.1193)
2025-11-24 00:22:37,317 - INFO - Epoch 89 | Batch 50 | Loss: 5.94 (Det: 5.80, MoE: 3.1115)
2025-11-24 00:24:46,774 - INFO - Epoch 89:
2025-11-24 00:24:46,774 - INFO -   训练损失: 6.02 | 验证损失: 0.93
2025-11-24 00:24:46,775 - INFO -   预测/目标: 201600/93434
2025-11-24 00:24:46,776 - INFO -   ⏳ mAP_0.5_0.95 无改善 (33/35), 最佳值: 0.5931 (epoch 56)
2025-11-24 00:24:47,904 - INFO - 💾 保存最新检查点: logs/dset6_r34_20251123_175319/latest_checkpoint.pth
2025-11-24 00:24:50,595 - INFO - [DEBUG] Epoch 90: pruner.current_epoch=90, pruner.pruning_enabled=True, pruner.warmup_epochs=10
2025-11-24 00:24:57,712 - INFO - Epoch 90 | Batch 0 | Loss: 5.90 (Det: 5.76, MoE: 3.1223)
2025-11-24 00:26:52,122 - INFO - Epoch 90 | Batch 50 | Loss: 5.99 (Det: 5.84, MoE: 3.1297)
2025-11-24 00:29:03,243 - INFO - Epoch 90:
2025-11-24 00:29:03,244 - INFO -   训练损失: 5.99 | 验证损失: 0.93
2025-11-24 00:29:03,244 - INFO -   预测/目标: 201600/93434
2025-11-24 00:29:03,244 - INFO -   检测损失: 5.85
2025-11-24 00:29:03,245 - INFO -   Decoder MoE损失: 2.9979
2025-11-24 00:29:03,246 - INFO -   Encoder Patch-MoE Balance损失: 0.1253
2025-11-24 00:29:03,246 - INFO -   Encoder Patch-MoE Entropy损失: -1.7918
2025-11-24 00:29:03,246 - INFO -   Encoder MoE总损失: -1.6665
2025-11-24 00:29:03,247 - INFO -   Token Pruning损失: 0.000038
2025-11-24 00:29:03,247 - INFO -   MoE总损失: 3.1231
2025-11-24 00:29:03,247 - INFO -   Decoder专家使用率: [16.89%, 16.72%, 16.68%, 16.60%, 16.56%, 16.55%]
2025-11-24 00:29:03,247 - INFO -   ⏳ mAP_0.5_0.95 无改善 (34/35), 最佳值: 0.5931 (epoch 56)
2025-11-24 00:29:04,492 - INFO - 💾 保存最新检查点: logs/dset6_r34_20251123_175319/latest_checkpoint.pth
2025-11-24 00:29:14,240 - INFO - Epoch 91 | Batch 0 | Loss: 5.91 (Det: 5.77, MoE: 3.1298)
2025-11-24 00:31:08,913 - INFO - Epoch 91 | Batch 50 | Loss: 6.06 (Det: 5.92, MoE: 3.1197)
2025-11-24 00:33:19,728 - INFO - Epoch 91:
2025-11-24 00:33:19,729 - INFO -   训练损失: 5.95 | 验证损失: 0.94
2025-11-24 00:33:19,730 - INFO -   预测/目标: 201600/93434
2025-11-24 00:33:19,731 - INFO -   ⏳ mAP_0.5_0.95 无改善 (35/35), 最佳值: 0.5931 (epoch 56)
2025-11-24 00:33:19,731 - INFO - 
============================================================
⛔ Early Stopping触发！
   已连续 35 个epoch无改善
   最佳 mAP_0.5_0.95: 0.5931 (epoch 56)
============================================================

2025-11-24 00:33:19,731 - INFO - Early Stopping在epoch 91触发，停止训练
2025-11-24 00:33:19,731 - INFO - ✓ 训练完成！
2025-11-24 00:33:22,099 - INFO - ✓ 训练曲线已保存到: logs/dset6_r34_20251123_175319/training_curves.png
2025-11-24 00:33:22,099 - INFO - ✓ 训练历史已导出到: logs/dset6_r34_20251123_175319/training_history.csv
2025-11-24 00:33:22,099 - INFO - ============================================================
2025-11-24 00:33:22,100 - INFO - 使用best_model生成推理结果（5张图像）...
2025-11-24 00:33:29,145 - INFO -   生成best_model推理结果（前5张）...
2025-11-24 00:33:29,777 - INFO -   ✓ 推理结果已保存到: logs/dset6_r34_20251123_175319/inference_samples
