2025-11-26 15:55:40,424 - INFO - 从本地文件加载预训练权重: pretrained/rtdetrv2_r18vd_120e_coco_rerun_48.1.pth
2025-11-26 15:55:40,520 - INFO - ✓ 检测到EMA checkpoint格式
2025-11-26 15:55:40,532 - INFO - ✓ 成功加载预训练权重: 529/529 个参数
2025-11-26 15:55:40,532 - INFO -   - 跳过类别相关参数: 9 个（COCO 80类 → DAIR-V2X 8类）
2025-11-26 15:55:40,532 - INFO -   - Backbone: 138 个参数
2025-11-26 15:55:40,532 - INFO -   - Encoder: 270 个参数
2025-11-26 15:55:40,533 - INFO -   - Decoder: 121 个参数
2025-11-26 15:55:40,533 - INFO -   - 模型新增参数: 18 个（将随机初始化）
2025-11-26 15:55:40,735 - INFO - ✓ 已启用GPU优化: cudnn.benchmark=True, TF32=True
2025-11-26 15:55:40,735 - INFO - ✓ 创建DSET RT-DETR模型
2025-11-26 15:55:40,736 - INFO -   Decoder专家数量: 8
2025-11-26 15:55:40,736 - INFO -   Backbone: presnet18
2025-11-26 15:55:40,736 - INFO -   Encoder: in_channels=[128, 256, 512], expansion=0.5, num_layers=1
2025-11-26 15:55:40,736 - INFO -   Encoder MoE设计: 层间共享
2025-11-26 15:55:40,736 - INFO -   双稀疏配置（DSET核心特性，必然启用）:
2025-11-26 15:55:40,736 - INFO -     - Patch-MoE: 启用 (experts=8, top_k=4, patch_size=4)
2025-11-26 15:55:40,736 - INFO -     - Patch-level Pruning: 启用（与 Patch-MoE 兼容）
2025-11-26 15:55:40,736 - INFO -       → keep_ratio=0.7, warmup=10
2025-11-26 15:55:40,736 - INFO -   损失权重配置:
2025-11-26 15:55:40,736 - INFO -     - Token Pruning Loss: True (weight=0.01)
2025-11-26 15:55:40,736 - INFO -     - Decoder MoE: 0.05
2025-11-26 15:55:40,736 - INFO -     - Encoder MoE: 0.03
2025-11-26 15:55:42,731 - INFO - ✓ 创建数据加载器
2025-11-26 15:55:42,731 - INFO -   训练集: 5042 | 验证集: 2016
2025-11-26 15:55:42,738 - INFO - ✓ 预训练参数组: 145 个参数, lr=1e-05
2025-11-26 15:55:42,741 - INFO - ✓ Norm层参数组: 116 个参数, lr=0.0001, wd=0
2025-11-26 15:55:42,744 - INFO - ✓ 新参数组: 136 个参数, lr=0.0001
2025-11-26 15:55:42,745 - INFO - ✓ 使用CosineAnnealingLR调度器 (eta_min=1e-06)
2025-11-26 15:55:42,746 - INFO - ✓ 学习率预热 3 epochs
2025-11-26 15:55:42,851 - INFO - ⏱️  Early Stopping: 启用 (patience=35, metric=mAP_0.5_0.95, mode=max)
2025-11-26 15:55:42,851 - INFO - 推理输出目录: logs/dset8_r18_20251126_155540/inference_samples
2025-11-26 15:55:42,851 - INFO - 开始训练 200 epochs
2025-11-26 15:55:42,851 - INFO - ✓ 梯度裁剪: max_norm=10.0
2025-11-26 15:56:05,816 - INFO - Epoch 0 | Batch 0 | Loss: 30.14 (Det: 29.94, MoE: 4.3597)
2025-11-26 15:58:51,429 - INFO - Epoch 0 | Batch 50 | Loss: 17.37 (Det: 17.17, MoE: 4.1843)
2025-11-26 16:01:16,183 - INFO - Epoch 0:
2025-11-26 16:01:16,184 - INFO -   训练损失: 20.14 | 验证损失: 2.56
2025-11-26 16:01:16,184 - INFO -   (前30个epoch仅计算loss，跳过mAP评估)
2025-11-26 16:01:16,184 - INFO -   检测损失: 19.94
2025-11-26 16:01:16,184 - INFO -   Decoder MoE损失: 4.0771
2025-11-26 16:01:16,184 - INFO -   Encoder Patch-MoE Balance损失: 0.1569
2025-11-26 16:01:16,184 - INFO -   Encoder Patch-MoE Entropy损失: -2.0787
2025-11-26 16:01:16,184 - INFO -   Encoder MoE总损失: -1.9218
2025-11-26 16:01:16,184 - INFO -   Token Pruning损失: 0.004295
2025-11-26 16:01:16,184 - INFO -   MoE总损失: 4.2340
2025-11-26 16:01:16,184 - INFO -   Decoder专家使用率: [13.26%, 11.53%, 12.05%, 10.09%, 13.07%, 12.22%, 12.13%, 15.65%]
2025-11-26 16:01:16,184 - INFO -   🎉 新的最佳验证损失: 2.56
2025-11-26 16:01:17,485 - INFO - 💾 保存最新检查点: logs/dset8_r18_20251126_155540/latest_checkpoint.pth
2025-11-26 16:01:28,955 - INFO - Epoch 1 | Batch 0 | Loss: 16.31 (Det: 16.11, MoE: 4.1927)
2025-11-26 16:04:14,025 - INFO - Epoch 1 | Batch 50 | Loss: 14.62 (Det: 14.43, MoE: 4.1855)
2025-11-26 16:06:15,805 - INFO - Epoch 1:
2025-11-26 16:06:15,806 - INFO -   训练损失: 14.96 | 验证损失: 2.06
2025-11-26 16:06:15,806 - INFO -   (前30个epoch仅计算loss，跳过mAP评估)
2025-11-26 16:06:15,806 - INFO -   检测损失: 14.77
2025-11-26 16:06:15,806 - INFO -   Decoder MoE损失: 4.0527
2025-11-26 16:06:15,806 - INFO -   Encoder Patch-MoE Balance损失: 0.1480
2025-11-26 16:06:15,806 - INFO -   Encoder Patch-MoE Entropy损失: -2.0793
2025-11-26 16:06:15,806 - INFO -   Encoder MoE总损失: -1.9312
2025-11-26 16:06:15,806 - INFO -   Token Pruning损失: 0.001615
2025-11-26 16:06:15,806 - INFO -   MoE总损失: 4.2007
2025-11-26 16:06:15,806 - INFO -   Decoder专家使用率: [14.16%, 12.25%, 14.88%, 10.87%, 11.76%, 10.37%, 11.79%, 13.93%]
2025-11-26 16:06:15,806 - INFO -   🎉 新的最佳验证损失: 2.06
2025-11-26 16:06:18,282 - INFO - 💾 保存最新检查点: logs/dset8_r18_20251126_155540/latest_checkpoint.pth
2025-11-26 16:06:30,310 - INFO - Epoch 2 | Batch 0 | Loss: 13.54 (Det: 13.34, MoE: 4.2042)
2025-11-26 16:09:15,494 - INFO - Epoch 2 | Batch 50 | Loss: 12.02 (Det: 11.82, MoE: 4.2220)
2025-11-26 16:11:18,673 - INFO - Epoch 2:
2025-11-26 16:11:18,674 - INFO -   训练损失: 12.48 | 验证损失: 1.86
2025-11-26 16:11:18,674 - INFO -   (前30个epoch仅计算loss，跳过mAP评估)
2025-11-26 16:11:18,674 - INFO -   检测损失: 12.28
2025-11-26 16:11:18,674 - INFO -   Decoder MoE损失: 4.0718
2025-11-26 16:11:18,674 - INFO -   Encoder Patch-MoE Balance损失: 0.1471
2025-11-26 16:11:18,674 - INFO -   Encoder Patch-MoE Entropy损失: -2.0793
2025-11-26 16:11:18,674 - INFO -   Encoder MoE总损失: -1.9322
2025-11-26 16:11:18,674 - INFO -   Token Pruning损失: 0.001274
2025-11-26 16:11:18,674 - INFO -   MoE总损失: 4.2189
2025-11-26 16:11:18,674 - INFO -   Decoder专家使用率: [15.50%, 11.90%, 15.64%, 10.01%, 12.48%, 9.35%, 11.47%, 13.65%]
2025-11-26 16:11:18,674 - INFO -   🎉 新的最佳验证损失: 1.86
2025-11-26 16:11:20,084 - INFO - 💾 保存最新检查点: logs/dset8_r18_20251126_155540/latest_checkpoint.pth
2025-11-26 16:11:31,389 - INFO - Epoch 3 | Batch 0 | Loss: 11.28 (Det: 11.08, MoE: 4.2234)
2025-11-26 16:14:15,252 - INFO - Epoch 3 | Batch 50 | Loss: 10.20 (Det: 10.00, MoE: 4.2030)
2025-11-26 16:16:45,448 - INFO - Epoch 3:
2025-11-26 16:16:45,449 - INFO -   训练损失: 10.52 | 验证损失: 1.52
2025-11-26 16:16:45,449 - INFO -   (前30个epoch仅计算loss，跳过mAP评估)
2025-11-26 16:16:45,449 - INFO -   检测损失: 10.32
2025-11-26 16:16:45,449 - INFO -   Decoder MoE损失: 4.0586
2025-11-26 16:16:45,449 - INFO -   Encoder Patch-MoE Balance损失: 0.1484
2025-11-26 16:16:45,449 - INFO -   Encoder Patch-MoE Entropy损失: -2.0793
2025-11-26 16:16:45,449 - INFO -   Encoder MoE总损失: -1.9310
2025-11-26 16:16:45,449 - INFO -   Token Pruning损失: 0.000983
2025-11-26 16:16:45,449 - INFO -   MoE总损失: 4.2070
2025-11-26 16:16:45,449 - INFO -   Decoder专家使用率: [14.81%, 11.43%, 15.21%, 10.68%, 12.73%, 10.38%, 11.99%, 12.77%]
2025-11-26 16:16:45,449 - INFO -   🎉 新的最佳验证损失: 1.52
2025-11-26 16:16:47,111 - INFO - 💾 保存最新检查点: logs/dset8_r18_20251126_155540/latest_checkpoint.pth
2025-11-26 16:17:00,714 - INFO - Epoch 4 | Batch 0 | Loss: 9.80 (Det: 9.60, MoE: 4.1963)
2025-11-26 16:19:49,149 - INFO - Epoch 4 | Batch 50 | Loss: 9.20 (Det: 9.01, MoE: 4.2060)
2025-11-26 16:21:50,482 - INFO - Epoch 4:
2025-11-26 16:21:50,482 - INFO -   训练损失: 9.39 | 验证损失: 1.41
2025-11-26 16:21:50,482 - INFO -   (前30个epoch仅计算loss，跳过mAP评估)
2025-11-26 16:21:50,482 - INFO -   检测损失: 9.19
2025-11-26 16:21:50,482 - INFO -   Decoder MoE损失: 4.0410
2025-11-26 16:21:50,482 - INFO -   Encoder Patch-MoE Balance损失: 0.1510
2025-11-26 16:21:50,482 - INFO -   Encoder Patch-MoE Entropy损失: -2.0794
2025-11-26 16:21:50,482 - INFO -   Encoder MoE总损失: -1.9284
2025-11-26 16:21:50,482 - INFO -   Token Pruning损失: 0.000817
2025-11-26 16:21:50,482 - INFO -   MoE总损失: 4.1920
2025-11-26 16:21:50,482 - INFO -   Decoder专家使用率: [13.99%, 12.04%, 14.46%, 10.85%, 13.05%, 11.00%, 12.31%, 12.31%]
2025-11-26 16:21:50,483 - INFO -   🎉 新的最佳验证损失: 1.41
2025-11-26 16:21:51,937 - INFO - 💾 保存最新检查点: logs/dset8_r18_20251126_155540/latest_checkpoint.pth
2025-11-26 16:22:03,130 - INFO - Epoch 5 | Batch 0 | Loss: 9.03 (Det: 8.84, MoE: 4.1790)
2025-11-26 16:24:47,105 - INFO - Epoch 5 | Batch 50 | Loss: 8.55 (Det: 8.35, MoE: 4.1759)
2025-11-26 16:26:49,323 - INFO - Epoch 5:
2025-11-26 16:26:49,323 - INFO -   训练损失: 8.77 | 验证损失: 1.29
2025-11-26 16:26:49,323 - INFO -   (前30个epoch仅计算loss，跳过mAP评估)
2025-11-26 16:26:49,324 - INFO -   检测损失: 8.57
2025-11-26 16:26:49,324 - INFO -   Decoder MoE损失: 4.0343
2025-11-26 16:26:49,324 - INFO -   Encoder Patch-MoE Balance损失: 0.1488
2025-11-26 16:26:49,324 - INFO -   Encoder Patch-MoE Entropy损失: -2.0794
2025-11-26 16:26:49,324 - INFO -   Encoder MoE总损失: -1.9305
2025-11-26 16:26:49,324 - INFO -   Token Pruning损失: 0.000710
2025-11-26 16:26:49,324 - INFO -   MoE总损失: 4.1832
2025-11-26 16:26:49,324 - INFO -   Decoder专家使用率: [13.65%, 12.31%, 14.33%, 10.95%, 13.17%, 10.88%, 12.23%, 12.48%]
2025-11-26 16:26:49,324 - INFO -   🎉 新的最佳验证损失: 1.29
2025-11-26 16:26:50,813 - INFO - 💾 保存最新检查点: logs/dset8_r18_20251126_155540/latest_checkpoint.pth
2025-11-26 16:27:01,191 - INFO - Epoch 6 | Batch 0 | Loss: 8.86 (Det: 8.67, MoE: 4.1699)
2025-11-26 16:29:45,452 - INFO - Epoch 6 | Batch 50 | Loss: 8.30 (Det: 8.11, MoE: 4.1617)
2025-11-26 16:31:47,833 - INFO - Epoch 6:
2025-11-26 16:31:47,834 - INFO -   训练损失: 8.35 | 验证损失: 1.19
2025-11-26 16:31:47,834 - INFO -   (前30个epoch仅计算loss，跳过mAP评估)
2025-11-26 16:31:47,834 - INFO -   检测损失: 8.15
2025-11-26 16:31:47,834 - INFO -   Decoder MoE损失: 4.0250
2025-11-26 16:31:47,834 - INFO -   Encoder Patch-MoE Balance损失: 0.1472
2025-11-26 16:31:47,834 - INFO -   Encoder Patch-MoE Entropy损失: -2.0794
2025-11-26 16:31:47,834 - INFO -   Encoder MoE总损失: -1.9322
2025-11-26 16:31:47,834 - INFO -   Token Pruning损失: 0.000643
2025-11-26 16:31:47,834 - INFO -   MoE总损失: 4.1721
2025-11-26 16:31:47,834 - INFO -   Decoder专家使用率: [13.41%, 12.45%, 14.03%, 11.13%, 13.15%, 11.13%, 12.15%, 12.56%]
2025-11-26 16:31:47,834 - INFO -   🎉 新的最佳验证损失: 1.19
2025-11-26 16:31:49,270 - INFO - 💾 保存最新检查点: logs/dset8_r18_20251126_155540/latest_checkpoint.pth
2025-11-26 16:31:59,235 - INFO - Epoch 7 | Batch 0 | Loss: 8.16 (Det: 7.96, MoE: 4.1809)
2025-11-26 16:34:44,109 - INFO - Epoch 7 | Batch 50 | Loss: 8.04 (Det: 7.85, MoE: 4.1770)
2025-11-26 16:36:44,963 - INFO - Epoch 7:
2025-11-26 16:36:44,963 - INFO -   训练损失: 8.05 | 验证损失: 1.15
2025-11-26 16:36:44,963 - INFO -   (前30个epoch仅计算loss，跳过mAP评估)
2025-11-26 16:36:44,963 - INFO -   检测损失: 7.85
2025-11-26 16:36:44,963 - INFO -   Decoder MoE损失: 4.0199
2025-11-26 16:36:44,963 - INFO -   Encoder Patch-MoE Balance损失: 0.1518
2025-11-26 16:36:44,963 - INFO -   Encoder Patch-MoE Entropy损失: -2.0794
2025-11-26 16:36:44,963 - INFO -   Encoder MoE总损失: -1.9276
2025-11-26 16:36:44,963 - INFO -   Token Pruning损失: 0.000583
2025-11-26 16:36:44,963 - INFO -   MoE总损失: 4.1717
2025-11-26 16:36:44,963 - INFO -   Decoder专家使用率: [13.18%, 12.48%, 13.74%, 11.30%, 13.23%, 11.42%, 11.91%, 12.75%]
2025-11-26 16:36:44,964 - INFO -   🎉 新的最佳验证损失: 1.15
2025-11-26 16:36:46,453 - INFO - 💾 保存最新检查点: logs/dset8_r18_20251126_155540/latest_checkpoint.pth
2025-11-26 16:36:58,013 - INFO - Epoch 8 | Batch 0 | Loss: 7.88 (Det: 7.69, MoE: 4.1905)
2025-11-26 16:39:40,435 - INFO - Epoch 8 | Batch 50 | Loss: 7.98 (Det: 7.78, MoE: 4.1611)
2025-11-26 16:41:41,562 - INFO - Epoch 8:
2025-11-26 16:41:41,563 - INFO -   训练损失: 7.84 | 验证损失: 1.10
2025-11-26 16:41:41,563 - INFO -   (前30个epoch仅计算loss，跳过mAP评估)
2025-11-26 16:41:41,563 - INFO -   检测损失: 7.65
2025-11-26 16:41:41,563 - INFO -   Decoder MoE损失: 4.0165
2025-11-26 16:41:41,563 - INFO -   Encoder Patch-MoE Balance损失: 0.1478
2025-11-26 16:41:41,563 - INFO -   Encoder Patch-MoE Entropy损失: -2.0794
2025-11-26 16:41:41,563 - INFO -   Encoder MoE总损失: -1.9316
2025-11-26 16:41:41,563 - INFO -   Token Pruning损失: 0.000542
2025-11-26 16:41:41,563 - INFO -   MoE总损失: 4.1642
2025-11-26 16:41:41,563 - INFO -   Decoder专家使用率: [13.11%, 12.47%, 13.58%, 11.52%, 13.26%, 11.54%, 11.82%, 12.70%]
2025-11-26 16:41:41,563 - INFO -   🎉 新的最佳验证损失: 1.10
2025-11-26 16:41:43,083 - INFO - 💾 保存最新检查点: logs/dset8_r18_20251126_155540/latest_checkpoint.pth
2025-11-26 16:41:53,771 - INFO - Epoch 9 | Batch 0 | Loss: 7.73 (Det: 7.53, MoE: 4.1660)
2025-11-26 16:44:37,822 - INFO - Epoch 9 | Batch 50 | Loss: 7.80 (Det: 7.60, MoE: 4.1681)
2025-11-26 16:46:39,013 - INFO - Epoch 9:
2025-11-26 16:46:39,014 - INFO -   训练损失: 7.69 | 验证损失: 1.08
2025-11-26 16:46:39,014 - INFO -   (前30个epoch仅计算loss，跳过mAP评估)
2025-11-26 16:46:39,014 - INFO -   检测损失: 7.50
2025-11-26 16:46:39,014 - INFO -   Decoder MoE损失: 4.0106
2025-11-26 16:46:39,014 - INFO -   Encoder Patch-MoE Balance损失: 0.1509
2025-11-26 16:46:39,014 - INFO -   Encoder Patch-MoE Entropy损失: -2.0794
2025-11-26 16:46:39,014 - INFO -   Encoder MoE总损失: -1.9285
2025-11-26 16:46:39,014 - INFO -   Token Pruning损失: 0.000506
2025-11-26 16:46:39,014 - INFO -   MoE总损失: 4.1615
2025-11-26 16:46:39,014 - INFO -   Decoder专家使用率: [12.85%, 12.58%, 13.36%, 11.80%, 13.10%, 11.70%, 11.89%, 12.71%]
2025-11-26 16:46:39,014 - INFO -   🎉 新的最佳验证损失: 1.08
2025-11-26 16:46:40,442 - INFO - 💾 保存最新检查点: logs/dset8_r18_20251126_155540/latest_checkpoint.pth
2025-11-26 16:46:42,855 - INFO - [DEBUG] Epoch 10: pruner.current_epoch=10, pruner.pruning_enabled=True, pruner.warmup_epochs=10
2025-11-26 16:46:51,535 - INFO - Epoch 10 | Batch 0 | Loss: 8.27 (Det: 8.07, MoE: 4.1619)
2025-11-26 16:49:38,793 - INFO - Epoch 10 | Batch 50 | Loss: 7.56 (Det: 7.36, MoE: 4.1467)
2025-11-26 16:51:42,026 - INFO - Epoch 10:
2025-11-26 16:51:42,027 - INFO -   训练损失: 7.73 | 验证损失: 1.07
2025-11-26 16:51:42,027 - INFO -   (前30个epoch仅计算loss，跳过mAP评估)
2025-11-26 16:51:42,027 - INFO -   检测损失: 7.54
2025-11-26 16:51:42,027 - INFO -   Decoder MoE损失: 4.0070
2025-11-26 16:51:42,027 - INFO -   Encoder Patch-MoE Balance损失: 0.1524
2025-11-26 16:51:42,027 - INFO -   Encoder Patch-MoE Entropy损失: -2.0794
2025-11-26 16:51:42,027 - INFO -   Encoder MoE总损失: -1.9269
2025-11-26 16:51:42,027 - INFO -   Token Pruning损失: 0.000495
2025-11-26 16:51:42,027 - INFO -   MoE总损失: 4.1594
2025-11-26 16:51:42,027 - INFO -   Decoder专家使用率: [12.67%, 12.73%, 13.17%, 11.97%, 13.04%, 11.78%, 11.99%, 12.67%]
2025-11-26 16:51:42,027 - INFO -   🎉 新的最佳验证损失: 1.07
2025-11-26 16:51:43,514 - INFO - 💾 保存最新检查点: logs/dset8_r18_20251126_155540/latest_checkpoint.pth
2025-11-26 16:51:54,733 - INFO - Epoch 11 | Batch 0 | Loss: 7.64 (Det: 7.45, MoE: 4.1618)
2025-11-26 16:54:42,068 - INFO - Epoch 11 | Batch 50 | Loss: 7.43 (Det: 7.24, MoE: 4.1577)
2025-11-26 16:56:45,494 - INFO - Epoch 11:
2025-11-26 16:56:45,495 - INFO -   训练损失: 7.55 | 验证损失: 1.06
2025-11-26 16:56:45,495 - INFO -   (前30个epoch仅计算loss，跳过mAP评估)
2025-11-26 16:56:45,495 - INFO -   检测损失: 7.36
2025-11-26 16:56:45,495 - INFO -   Decoder MoE损失: 4.0043
2025-11-26 16:56:45,495 - INFO -   Encoder Patch-MoE Balance损失: 0.1465
2025-11-26 16:56:45,495 - INFO -   Encoder Patch-MoE Entropy损失: -2.0794
2025-11-26 16:56:45,495 - INFO -   Encoder MoE总损失: -1.9329
2025-11-26 16:56:45,495 - INFO -   Token Pruning损失: 0.000457
2025-11-26 16:56:45,495 - INFO -   MoE总损失: 4.1509
2025-11-26 16:56:45,495 - INFO -   Decoder专家使用率: [12.60%, 12.60%, 13.16%, 12.17%, 13.08%, 11.87%, 11.93%, 12.59%]
2025-11-26 16:56:45,495 - INFO -   🎉 新的最佳验证损失: 1.06
2025-11-26 16:56:46,974 - INFO - 💾 保存最新检查点: logs/dset8_r18_20251126_155540/latest_checkpoint.pth
2025-11-26 16:56:57,929 - INFO - Epoch 12 | Batch 0 | Loss: 7.51 (Det: 7.32, MoE: 4.1423)
2025-11-26 16:59:46,093 - INFO - Epoch 12 | Batch 50 | Loss: 7.34 (Det: 7.14, MoE: 4.1530)
2025-11-26 17:01:51,538 - INFO - Epoch 12:
2025-11-26 17:01:51,538 - INFO -   训练损失: 7.42 | 验证损失: 1.04
2025-11-26 17:01:51,538 - INFO -   (前30个epoch仅计算loss，跳过mAP评估)
2025-11-26 17:01:51,538 - INFO -   检测损失: 7.23
2025-11-26 17:01:51,538 - INFO -   Decoder MoE损失: 4.0026
2025-11-26 17:01:51,538 - INFO -   Encoder Patch-MoE Balance损失: 0.1432
2025-11-26 17:01:51,538 - INFO -   Encoder Patch-MoE Entropy损失: -2.0794
2025-11-26 17:01:51,538 - INFO -   Encoder MoE总损失: -1.9362
2025-11-26 17:01:51,539 - INFO -   Token Pruning损失: 0.000425
2025-11-26 17:01:51,539 - INFO -   MoE总损失: 4.1457
2025-11-26 17:01:51,539 - INFO -   Decoder专家使用率: [12.52%, 12.53%, 13.05%, 12.28%, 13.08%, 11.87%, 12.06%, 12.60%]
2025-11-26 17:01:51,539 - INFO -   🎉 新的最佳验证损失: 1.04
2025-11-26 17:01:53,054 - INFO - 💾 保存最新检查点: logs/dset8_r18_20251126_155540/latest_checkpoint.pth
2025-11-26 17:02:03,079 - INFO - Epoch 13 | Batch 0 | Loss: 7.47 (Det: 7.28, MoE: 4.1354)
2025-11-26 17:04:50,202 - INFO - Epoch 13 | Batch 50 | Loss: 7.30 (Det: 7.10, MoE: 4.1369)
2025-11-26 17:06:53,713 - INFO - Epoch 13:
2025-11-26 17:06:53,714 - INFO -   训练损失: 7.30 | 验证损失: 1.03
2025-11-26 17:06:53,714 - INFO -   (前30个epoch仅计算loss，跳过mAP评估)
2025-11-26 17:06:53,714 - INFO -   检测损失: 7.11
2025-11-26 17:06:53,714 - INFO -   Decoder MoE损失: 4.0010
2025-11-26 17:06:53,714 - INFO -   Encoder Patch-MoE Balance损失: 0.1441
2025-11-26 17:06:53,714 - INFO -   Encoder Patch-MoE Entropy损失: -2.0794
2025-11-26 17:06:53,714 - INFO -   Encoder MoE总损失: -1.9353
2025-11-26 17:06:53,714 - INFO -   Token Pruning损失: 0.000387
2025-11-26 17:06:53,714 - INFO -   MoE总损失: 4.1451
2025-11-26 17:06:53,714 - INFO -   Decoder专家使用率: [12.52%, 12.60%, 12.90%, 12.35%, 12.99%, 12.00%, 12.09%, 12.54%]
2025-11-26 17:06:53,714 - INFO -   🎉 新的最佳验证损失: 1.03
2025-11-26 17:06:55,303 - INFO - 💾 保存最新检查点: logs/dset8_r18_20251126_155540/latest_checkpoint.pth
2025-11-26 17:07:05,410 - INFO - Epoch 14 | Batch 0 | Loss: 7.21 (Det: 7.02, MoE: 4.1481)
2025-11-26 17:09:52,133 - INFO - Epoch 14 | Batch 50 | Loss: 7.22 (Det: 7.03, MoE: 4.1396)
2025-11-26 17:11:56,868 - INFO - Epoch 14:
2025-11-26 17:11:56,868 - INFO -   训练损失: 7.22 | 验证损失: 1.02
2025-11-26 17:11:56,869 - INFO -   (前30个epoch仅计算loss，跳过mAP评估)
2025-11-26 17:11:56,869 - INFO -   检测损失: 7.02
2025-11-26 17:11:56,869 - INFO -   Decoder MoE损失: 4.0011
2025-11-26 17:11:56,869 - INFO -   Encoder Patch-MoE Balance损失: 0.1456
2025-11-26 17:11:56,869 - INFO -   Encoder Patch-MoE Entropy损失: -2.0794
2025-11-26 17:11:56,869 - INFO -   Encoder MoE总损失: -1.9338
2025-11-26 17:11:56,869 - INFO -   Token Pruning损失: 0.000359
2025-11-26 17:11:56,869 - INFO -   MoE总损失: 4.1466
2025-11-26 17:11:56,869 - INFO -   Decoder专家使用率: [12.45%, 12.57%, 12.81%, 12.34%, 13.05%, 11.96%, 12.12%, 12.70%]
2025-11-26 17:11:56,869 - INFO -   🎉 新的最佳验证损失: 1.02
2025-11-26 17:12:00,688 - INFO - 💾 保存最新检查点: logs/dset8_r18_20251126_155540/latest_checkpoint.pth
2025-11-26 17:12:03,366 - INFO - [DEBUG] Epoch 15: pruner.current_epoch=15, pruner.pruning_enabled=True, pruner.warmup_epochs=10
2025-11-26 17:12:10,991 - INFO - Epoch 15 | Batch 0 | Loss: 8.68 (Det: 8.49, MoE: 4.1433)
2025-11-26 17:14:31,930 - INFO - Epoch 15 | Batch 50 | Loss: 7.20 (Det: 7.00, MoE: 4.1469)
2025-11-26 17:16:19,601 - INFO - Epoch 15:
2025-11-26 17:16:19,602 - INFO -   训练损失: 7.37 | 验证损失: 1.06
2025-11-26 17:16:19,602 - INFO -   (前30个epoch仅计算loss，跳过mAP评估)
2025-11-26 17:16:19,602 - INFO -   检测损失: 7.18
2025-11-26 17:16:19,602 - INFO -   Decoder MoE损失: 4.0031
2025-11-26 17:16:19,602 - INFO -   Encoder Patch-MoE Balance损失: 0.1536
2025-11-26 17:16:19,602 - INFO -   Encoder Patch-MoE Entropy损失: -2.0794
2025-11-26 17:16:19,602 - INFO -   Encoder MoE总损失: -1.9258
2025-11-26 17:16:19,602 - INFO -   Token Pruning损失: 0.000426
2025-11-26 17:16:19,602 - INFO -   MoE总损失: 4.1566
2025-11-26 17:16:19,602 - INFO -   Decoder专家使用率: [12.38%, 12.66%, 12.76%, 12.51%, 12.88%, 12.06%, 12.07%, 12.67%]
2025-11-26 17:16:20,939 - INFO - 💾 保存最新检查点: logs/dset8_r18_20251126_155540/latest_checkpoint.pth
2025-11-26 17:16:32,674 - INFO - Epoch 16 | Batch 0 | Loss: 7.16 (Det: 6.97, MoE: 4.1483)
2025-11-26 17:18:52,961 - INFO - Epoch 16 | Batch 50 | Loss: 7.25 (Det: 7.05, MoE: 4.1404)
2025-11-26 17:20:42,257 - INFO - Epoch 16:
2025-11-26 17:20:42,258 - INFO -   训练损失: 7.10 | 验证损失: 1.06
2025-11-26 17:20:42,258 - INFO -   (前30个epoch仅计算loss，跳过mAP评估)
2025-11-26 17:20:42,258 - INFO -   检测损失: 6.91
2025-11-26 17:20:42,258 - INFO -   Decoder MoE损失: 4.0038
2025-11-26 17:20:42,258 - INFO -   Encoder Patch-MoE Balance损失: 0.1455
2025-11-26 17:20:42,258 - INFO -   Encoder Patch-MoE Entropy损失: -2.0794
2025-11-26 17:20:42,258 - INFO -   Encoder MoE总损失: -1.9339
2025-11-26 17:20:42,258 - INFO -   Token Pruning损失: 0.000342
2025-11-26 17:20:42,258 - INFO -   MoE总损失: 4.1494
2025-11-26 17:20:42,258 - INFO -   Decoder专家使用率: [12.62%, 12.52%, 12.62%, 12.34%, 12.90%, 12.17%, 12.26%, 12.57%]
2025-11-26 17:20:43,706 - INFO - 💾 保存最新检查点: logs/dset8_r18_20251126_155540/latest_checkpoint.pth
2025-11-26 17:20:53,161 - INFO - Epoch 17 | Batch 0 | Loss: 6.91 (Det: 6.72, MoE: 4.1545)
2025-11-26 17:23:13,448 - INFO - Epoch 17 | Batch 50 | Loss: 6.89 (Det: 6.70, MoE: 4.1359)
2025-11-26 17:25:01,105 - INFO - Epoch 17:
2025-11-26 17:25:01,105 - INFO -   训练损失: 7.00 | 验证损失: 1.03
2025-11-26 17:25:01,105 - INFO -   (前30个epoch仅计算loss，跳过mAP评估)
2025-11-26 17:25:01,105 - INFO -   检测损失: 6.81
2025-11-26 17:25:01,105 - INFO -   Decoder MoE损失: 4.0024
2025-11-26 17:25:01,105 - INFO -   Encoder Patch-MoE Balance损失: 0.1447
2025-11-26 17:25:01,105 - INFO -   Encoder Patch-MoE Entropy损失: -2.0794
2025-11-26 17:25:01,105 - INFO -   Encoder MoE总损失: -1.9348
2025-11-26 17:25:01,105 - INFO -   Token Pruning损失: 0.000303
2025-11-26 17:25:01,105 - INFO -   MoE总损失: 4.1470
2025-11-26 17:25:01,105 - INFO -   Decoder专家使用率: [12.58%, 12.53%, 12.66%, 12.47%, 12.90%, 12.04%, 12.21%, 12.61%]
2025-11-26 17:25:02,488 - INFO - 💾 保存最新检查点: logs/dset8_r18_20251126_155540/latest_checkpoint.pth
2025-11-26 17:25:11,891 - INFO - Epoch 18 | Batch 0 | Loss: 6.91 (Det: 6.71, MoE: 4.1481)
2025-11-26 17:27:31,227 - INFO - Epoch 18 | Batch 50 | Loss: 6.91 (Det: 6.72, MoE: 4.1555)
2025-11-26 17:29:18,713 - INFO - Epoch 18:
2025-11-26 17:29:18,714 - INFO -   训练损失: 6.93 | 验证损失: 1.04
2025-11-26 17:29:18,714 - INFO -   (前30个epoch仅计算loss，跳过mAP评估)
2025-11-26 17:29:18,714 - INFO -   检测损失: 6.74
2025-11-26 17:29:18,714 - INFO -   Decoder MoE损失: 3.9996
2025-11-26 17:29:18,714 - INFO -   Encoder Patch-MoE Balance损失: 0.1458
2025-11-26 17:29:18,714 - INFO -   Encoder Patch-MoE Entropy损失: -2.0794
2025-11-26 17:29:18,714 - INFO -   Encoder MoE总损失: -1.9337
2025-11-26 17:29:18,714 - INFO -   Token Pruning损失: 0.000280
2025-11-26 17:29:18,714 - INFO -   MoE总损失: 4.1453
2025-11-26 17:29:18,714 - INFO -   Decoder专家使用率: [12.45%, 12.52%, 12.56%, 12.54%, 12.87%, 12.20%, 12.29%, 12.56%]
2025-11-26 17:29:20,052 - INFO - 💾 保存最新检查点: logs/dset8_r18_20251126_155540/latest_checkpoint.pth
2025-11-26 17:29:30,876 - INFO - Epoch 19 | Batch 0 | Loss: 6.79 (Det: 6.60, MoE: 4.1481)
2025-11-26 17:31:50,491 - INFO - Epoch 19 | Batch 50 | Loss: 6.91 (Det: 6.72, MoE: 4.1462)
2025-11-26 17:33:37,966 - INFO - Epoch 19:
2025-11-26 17:33:37,967 - INFO -   训练损失: 6.87 | 验证损失: 1.01
2025-11-26 17:33:37,967 - INFO -   (前30个epoch仅计算loss，跳过mAP评估)
2025-11-26 17:33:37,967 - INFO -   检测损失: 6.67
2025-11-26 17:33:37,967 - INFO -   Decoder MoE损失: 3.9993
2025-11-26 17:33:37,967 - INFO -   Encoder Patch-MoE Balance损失: 0.1461
2025-11-26 17:33:37,967 - INFO -   Encoder Patch-MoE Entropy损失: -2.0794
2025-11-26 17:33:37,967 - INFO -   Encoder MoE总损失: -1.9333
2025-11-26 17:33:37,967 - INFO -   Token Pruning损失: 0.000257
2025-11-26 17:33:37,967 - INFO -   MoE总损失: 4.1454
2025-11-26 17:33:37,967 - INFO -   Decoder专家使用率: [12.59%, 12.53%, 12.50%, 12.50%, 12.85%, 12.13%, 12.28%, 12.63%]
2025-11-26 17:33:37,967 - INFO -   🎉 新的最佳验证损失: 1.01
2025-11-26 17:33:39,171 - INFO - 💾 保存最新检查点: logs/dset8_r18_20251126_155540/latest_checkpoint.pth
2025-11-26 17:33:41,759 - INFO - [DEBUG] Epoch 20: pruner.current_epoch=20, pruner.pruning_enabled=True, pruner.warmup_epochs=10
2025-11-26 17:33:50,956 - INFO - Epoch 20 | Batch 0 | Loss: 6.75 (Det: 6.56, MoE: 4.1493)
2025-11-26 17:36:09,937 - INFO - Epoch 20 | Batch 50 | Loss: 6.84 (Det: 6.65, MoE: 4.1408)
2025-11-26 17:37:56,798 - INFO - Epoch 20:
2025-11-26 17:37:56,798 - INFO -   训练损失: 6.79 | 验证损失: 1.00
2025-11-26 17:37:56,798 - INFO -   (前30个epoch仅计算loss，跳过mAP评估)
2025-11-26 17:37:56,798 - INFO -   检测损失: 6.60
2025-11-26 17:37:56,798 - INFO -   Decoder MoE损失: 3.9998
2025-11-26 17:37:56,798 - INFO -   Encoder Patch-MoE Balance损失: 0.1454
2025-11-26 17:37:56,798 - INFO -   Encoder Patch-MoE Entropy损失: -2.0794
2025-11-26 17:37:56,798 - INFO -   Encoder MoE总损失: -1.9340
2025-11-26 17:37:56,798 - INFO -   Token Pruning损失: 0.000238
2025-11-26 17:37:56,798 - INFO -   MoE总损失: 4.1453
2025-11-26 17:37:56,798 - INFO -   Decoder专家使用率: [12.49%, 12.55%, 12.50%, 12.49%, 12.85%, 12.23%, 12.30%, 12.59%]
2025-11-26 17:37:56,798 - INFO -   🎉 新的最佳验证损失: 1.00
2025-11-26 17:37:58,219 - INFO - 💾 保存最新检查点: logs/dset8_r18_20251126_155540/latest_checkpoint.pth
2025-11-26 17:38:08,045 - INFO - Epoch 21 | Batch 0 | Loss: 6.67 (Det: 6.48, MoE: 4.1520)
2025-11-26 17:40:27,668 - INFO - Epoch 21 | Batch 50 | Loss: 6.88 (Det: 6.69, MoE: 4.1463)
2025-11-26 17:42:13,870 - INFO - Epoch 21:
2025-11-26 17:42:13,871 - INFO -   训练损失: 6.76 | 验证损失: 0.99
2025-11-26 17:42:13,871 - INFO -   (前30个epoch仅计算loss，跳过mAP评估)
2025-11-26 17:42:13,871 - INFO -   🎉 新的最佳验证损失: 0.99
2025-11-26 17:42:15,114 - INFO - 💾 保存最新检查点: logs/dset8_r18_20251126_155540/latest_checkpoint.pth
2025-11-26 17:42:24,915 - INFO - Epoch 22 | Batch 0 | Loss: 6.78 (Det: 6.59, MoE: 4.1437)
2025-11-26 17:44:43,668 - INFO - Epoch 22 | Batch 50 | Loss: 6.60 (Det: 6.40, MoE: 4.1435)
2025-11-26 17:46:32,313 - INFO - Epoch 22:
2025-11-26 17:46:32,313 - INFO -   训练损失: 6.69 | 验证损失: 0.99
2025-11-26 17:46:32,313 - INFO -   (前30个epoch仅计算loss，跳过mAP评估)
2025-11-26 17:46:33,715 - INFO - 💾 保存最新检查点: logs/dset8_r18_20251126_155540/latest_checkpoint.pth
2025-11-26 17:46:43,979 - INFO - Epoch 23 | Batch 0 | Loss: 6.78 (Det: 6.59, MoE: 4.1456)
2025-11-26 17:49:02,664 - INFO - Epoch 23 | Batch 50 | Loss: 6.81 (Det: 6.61, MoE: 4.1416)
2025-11-26 17:50:49,942 - INFO - Epoch 23:
2025-11-26 17:50:49,943 - INFO -   训练损失: 6.64 | 验证损失: 0.98
2025-11-26 17:50:49,943 - INFO -   (前30个epoch仅计算loss，跳过mAP评估)
2025-11-26 17:50:49,943 - INFO -   🎉 新的最佳验证损失: 0.98
2025-11-26 17:50:51,377 - INFO - 💾 保存最新检查点: logs/dset8_r18_20251126_155540/latest_checkpoint.pth
2025-11-26 17:51:00,323 - INFO - Epoch 24 | Batch 0 | Loss: 6.47 (Det: 6.28, MoE: 4.1591)
2025-11-26 17:53:20,112 - INFO - Epoch 24 | Batch 50 | Loss: 6.61 (Det: 6.41, MoE: 4.1417)
2025-11-26 17:55:08,037 - INFO - Epoch 24:
2025-11-26 17:55:08,037 - INFO -   训练损失: 6.59 | 验证损失: 0.98
2025-11-26 17:55:08,037 - INFO -   (前30个epoch仅计算loss，跳过mAP评估)
2025-11-26 17:55:08,037 - INFO -   🎉 新的最佳验证损失: 0.98
2025-11-26 17:55:09,551 - INFO - 💾 保存最新检查点: logs/dset8_r18_20251126_155540/latest_checkpoint.pth
2025-11-26 17:55:11,956 - INFO - [DEBUG] Epoch 25: pruner.current_epoch=25, pruner.pruning_enabled=True, pruner.warmup_epochs=10
2025-11-26 17:55:18,244 - INFO - Epoch 25 | Batch 0 | Loss: 6.51 (Det: 6.31, MoE: 4.1435)
2025-11-26 17:57:36,523 - INFO - Epoch 25 | Batch 50 | Loss: 6.58 (Det: 6.38, MoE: 4.1461)
2025-11-26 17:59:22,800 - INFO - Epoch 25:
2025-11-26 17:59:22,801 - INFO -   训练损失: 6.55 | 验证损失: 0.98
2025-11-26 17:59:22,801 - INFO -   (前30个epoch仅计算loss，跳过mAP评估)
2025-11-26 17:59:22,801 - INFO -   检测损失: 6.36
2025-11-26 17:59:22,801 - INFO -   Decoder MoE损失: 3.9958
2025-11-26 17:59:22,801 - INFO -   Encoder Patch-MoE Balance损失: 0.1462
2025-11-26 17:59:22,801 - INFO -   Encoder Patch-MoE Entropy损失: -2.0794
2025-11-26 17:59:22,801 - INFO -   Encoder MoE总损失: -1.9332
2025-11-26 17:59:22,801 - INFO -   Token Pruning损失: 0.000177
2025-11-26 17:59:22,801 - INFO -   MoE总损失: 4.1420
2025-11-26 17:59:22,801 - INFO -   Decoder专家使用率: [12.52%, 12.52%, 12.29%, 12.60%, 12.79%, 12.28%, 12.42%, 12.59%]
2025-11-26 17:59:24,241 - INFO - 💾 保存最新检查点: logs/dset8_r18_20251126_155540/latest_checkpoint.pth
2025-11-26 17:59:36,365 - INFO - Epoch 26 | Batch 0 | Loss: 6.47 (Det: 6.28, MoE: 4.1334)
2025-11-26 18:01:54,034 - INFO - Epoch 26 | Batch 50 | Loss: 6.58 (Det: 6.39, MoE: 4.1365)
2025-11-26 18:03:40,985 - INFO - Epoch 26:
2025-11-26 18:03:40,986 - INFO -   训练损失: 6.51 | 验证损失: 0.97
2025-11-26 18:03:40,986 - INFO -   (前30个epoch仅计算loss，跳过mAP评估)
2025-11-26 18:03:40,986 - INFO -   🎉 新的最佳验证损失: 0.97
2025-11-26 18:03:42,289 - INFO - 💾 保存最新检查点: logs/dset8_r18_20251126_155540/latest_checkpoint.pth
2025-11-26 18:03:52,744 - INFO - Epoch 27 | Batch 0 | Loss: 6.25 (Det: 6.06, MoE: 4.1440)
2025-11-26 18:06:11,460 - INFO - Epoch 27 | Batch 50 | Loss: 6.44 (Det: 6.25, MoE: 4.1512)
2025-11-26 18:07:59,374 - INFO - Epoch 27:
2025-11-26 18:07:59,374 - INFO -   训练损失: 6.49 | 验证损失: 0.96
2025-11-26 18:07:59,374 - INFO -   (前30个epoch仅计算loss，跳过mAP评估)
2025-11-26 18:07:59,375 - INFO -   🎉 新的最佳验证损失: 0.96
2025-11-26 18:08:00,571 - INFO - 💾 保存最新检查点: logs/dset8_r18_20251126_155540/latest_checkpoint.pth
2025-11-26 18:08:09,769 - INFO - Epoch 28 | Batch 0 | Loss: 6.33 (Det: 6.13, MoE: 4.1485)
2025-11-26 18:10:28,656 - INFO - Epoch 28 | Batch 50 | Loss: 6.23 (Det: 6.04, MoE: 4.1327)
2025-11-26 18:12:16,438 - INFO - Epoch 28:
2025-11-26 18:12:16,438 - INFO -   训练损失: 6.44 | 验证损失: 0.97
2025-11-26 18:12:16,438 - INFO -   (前30个epoch仅计算loss，跳过mAP评估)
2025-11-26 18:12:17,769 - INFO - 💾 保存最新检查点: logs/dset8_r18_20251126_155540/latest_checkpoint.pth
2025-11-26 18:12:29,784 - INFO - Epoch 29 | Batch 0 | Loss: 6.44 (Det: 6.25, MoE: 4.1535)
2025-11-26 18:14:47,956 - INFO - Epoch 29 | Batch 50 | Loss: 6.40 (Det: 6.21, MoE: 4.1412)
2025-11-26 18:16:34,971 - INFO - Epoch 29:
2025-11-26 18:16:34,971 - INFO -   训练损失: 6.41 | 验证损失: 0.95
2025-11-26 18:16:34,971 - INFO -   (前30个epoch仅计算loss，跳过mAP评估)
2025-11-26 18:16:34,971 - INFO -   🎉 新的最佳验证损失: 0.95
2025-11-26 18:16:36,364 - INFO - 💾 保存最新检查点: logs/dset8_r18_20251126_155540/latest_checkpoint.pth
2025-11-26 18:16:38,894 - INFO - [DEBUG] Epoch 30: pruner.current_epoch=30, pruner.pruning_enabled=True, pruner.warmup_epochs=10
2025-11-26 18:16:47,005 - INFO - Epoch 30 | Batch 0 | Loss: 6.31 (Det: 6.12, MoE: 4.1372)
2025-11-26 18:19:05,341 - INFO - Epoch 30 | Batch 50 | Loss: 6.41 (Det: 6.22, MoE: 4.1460)
2025-11-26 18:21:31,955 - INFO - Epoch 30:
2025-11-26 18:21:31,956 - INFO -   训练损失: 6.38 | 验证损失: 0.95
2025-11-26 18:21:31,956 - INFO -   预测/目标: 201600/93434
2025-11-26 18:21:31,957 - INFO -   检测损失: 6.18
2025-11-26 18:21:31,958 - INFO -   Decoder MoE损失: 3.9945
2025-11-26 18:21:31,958 - INFO -   Encoder Patch-MoE Balance损失: 0.1472
2025-11-26 18:21:31,958 - INFO -   Encoder Patch-MoE Entropy损失: -2.0794
2025-11-26 18:21:31,958 - INFO -   Encoder MoE总损失: -1.9322
2025-11-26 18:21:31,958 - INFO -   Token Pruning损失: 0.000141
2025-11-26 18:21:31,958 - INFO -   MoE总损失: 4.1418
2025-11-26 18:21:31,958 - INFO -   Decoder专家使用率: [12.47%, 12.57%, 12.14%, 12.56%, 12.74%, 12.39%, 12.45%, 12.67%]
2025-11-26 18:21:31,958 - INFO -   🎉 新的最佳验证损失: 0.95
2025-11-26 18:21:31,958 - INFO -   🎉 新的最佳mAP: 0.5050
2025-11-26 18:21:33,508 - INFO - 💾 保存最佳模型: logs/dset8_r18_20251126_155540/best_model.pth
2025-11-26 18:22:25,165 - INFO -   每个类别的 mAP@0.5:0.95:
2025-11-26 18:22:25,166 - INFO -     Car         : 0.7038
2025-11-26 18:22:25,166 - INFO -     Truck       : 0.4423
2025-11-26 18:22:25,166 - INFO -     Van         : 0.3782
2025-11-26 18:22:25,166 - INFO -     Bus         : 0.6163
2025-11-26 18:22:25,166 - INFO -     Pedestrian  : 0.3578
2025-11-26 18:22:25,166 - INFO -     Cyclist     : 0.4967
2025-11-26 18:22:25,166 - INFO -     Motorcyclist: 0.4284
2025-11-26 18:22:25,166 - INFO -     Trafficcone : 0.6169
2025-11-26 18:22:25,343 - INFO -   mAP_0.5_0.95 提升到 0.5050 (最佳epoch: 30)
2025-11-26 18:22:26,778 - INFO - 💾 保存最新检查点: logs/dset8_r18_20251126_155540/latest_checkpoint.pth
2025-11-26 18:22:36,954 - INFO - Epoch 31 | Batch 0 | Loss: 6.40 (Det: 6.21, MoE: 4.1372)
2025-11-26 18:24:55,234 - INFO - Epoch 31 | Batch 50 | Loss: 6.36 (Det: 6.16, MoE: 4.1383)
2025-11-26 18:27:21,625 - INFO - Epoch 31:
2025-11-26 18:27:21,625 - INFO -   训练损失: 6.35 | 验证损失: 0.95
2025-11-26 18:27:21,626 - INFO -   预测/目标: 201600/93434
2025-11-26 18:27:21,626 - INFO -   🎉 新的最佳验证损失: 0.95
2025-11-26 18:27:21,626 - INFO -   🎉 新的最佳mAP: 0.5064
2025-11-26 18:27:23,069 - INFO - 💾 保存最佳模型: logs/dset8_r18_20251126_155540/best_model.pth
2025-11-26 18:28:14,220 - INFO -   每个类别的 mAP@0.5:0.95:
2025-11-26 18:28:14,221 - INFO -     Car         : 0.7022
2025-11-26 18:28:14,221 - INFO -     Truck       : 0.4442
2025-11-26 18:28:14,221 - INFO -     Van         : 0.3852
2025-11-26 18:28:14,221 - INFO -     Bus         : 0.6040
2025-11-26 18:28:14,221 - INFO -     Pedestrian  : 0.3653
2025-11-26 18:28:14,221 - INFO -     Cyclist     : 0.5034
2025-11-26 18:28:14,221 - INFO -     Motorcyclist: 0.4308
2025-11-26 18:28:14,221 - INFO -     Trafficcone : 0.6158
2025-11-26 18:28:14,412 - INFO -   mAP_0.5_0.95 提升到 0.5064 (最佳epoch: 31)
2025-11-26 18:28:15,850 - INFO - 💾 保存最新检查点: logs/dset8_r18_20251126_155540/latest_checkpoint.pth
2025-11-26 18:28:28,165 - INFO - Epoch 32 | Batch 0 | Loss: 6.36 (Det: 6.16, MoE: 4.1366)
2025-11-26 18:30:45,929 - INFO - Epoch 32 | Batch 50 | Loss: 6.24 (Det: 6.05, MoE: 4.1312)
2025-11-26 18:33:12,217 - INFO - Epoch 32:
2025-11-26 18:33:12,218 - INFO -   训练损失: 6.32 | 验证损失: 0.94
2025-11-26 18:33:12,218 - INFO -   预测/目标: 201600/93434
2025-11-26 18:33:12,218 - INFO -   🎉 新的最佳验证损失: 0.94
2025-11-26 18:33:12,219 - INFO -   🎉 新的最佳mAP: 0.5181
2025-11-26 18:33:13,565 - INFO - 💾 保存最佳模型: logs/dset8_r18_20251126_155540/best_model.pth
2025-11-26 18:34:05,243 - INFO -   每个类别的 mAP@0.5:0.95:
2025-11-26 18:34:05,244 - INFO -     Car         : 0.7128
2025-11-26 18:34:05,244 - INFO -     Truck       : 0.4521
2025-11-26 18:34:05,244 - INFO -     Van         : 0.4043
2025-11-26 18:34:05,244 - INFO -     Bus         : 0.6400
2025-11-26 18:34:05,244 - INFO -     Pedestrian  : 0.3710
2025-11-26 18:34:05,244 - INFO -     Cyclist     : 0.5068
2025-11-26 18:34:05,244 - INFO -     Motorcyclist: 0.4404
2025-11-26 18:34:05,244 - INFO -     Trafficcone : 0.6171
2025-11-26 18:34:05,433 - INFO -   mAP_0.5_0.95 提升到 0.5181 (最佳epoch: 32)
2025-11-26 18:34:06,765 - INFO - 💾 保存最新检查点: logs/dset8_r18_20251126_155540/latest_checkpoint.pth
2025-11-26 18:34:15,907 - INFO - Epoch 33 | Batch 0 | Loss: 6.22 (Det: 6.02, MoE: 4.1422)
2025-11-26 18:36:35,044 - INFO - Epoch 33 | Batch 50 | Loss: 6.15 (Det: 5.96, MoE: 4.1251)
2025-11-26 18:39:01,840 - INFO - Epoch 33:
2025-11-26 18:39:01,840 - INFO -   训练损失: 6.29 | 验证损失: 0.93
2025-11-26 18:39:01,842 - INFO -   预测/目标: 201600/93434
2025-11-26 18:39:01,843 - INFO -   🎉 新的最佳验证损失: 0.93
2025-11-26 18:39:01,843 - INFO -   🎉 新的最佳mAP: 0.5231
2025-11-26 18:39:03,218 - INFO - 💾 保存最佳模型: logs/dset8_r18_20251126_155540/best_model.pth
2025-11-26 18:39:54,886 - INFO -   每个类别的 mAP@0.5:0.95:
2025-11-26 18:39:54,886 - INFO -     Car         : 0.7160
2025-11-26 18:39:54,886 - INFO -     Truck       : 0.4590
2025-11-26 18:39:54,886 - INFO -     Van         : 0.4115
2025-11-26 18:39:54,886 - INFO -     Bus         : 0.6511
2025-11-26 18:39:54,886 - INFO -     Pedestrian  : 0.3783
2025-11-26 18:39:54,886 - INFO -     Cyclist     : 0.5096
2025-11-26 18:39:54,886 - INFO -     Motorcyclist: 0.4405
2025-11-26 18:39:54,886 - INFO -     Trafficcone : 0.6186
2025-11-26 18:39:55,079 - INFO -   mAP_0.5_0.95 提升到 0.5231 (最佳epoch: 33)
2025-11-26 18:39:56,610 - INFO - 💾 保存最新检查点: logs/dset8_r18_20251126_155540/latest_checkpoint.pth
2025-11-26 18:40:07,600 - INFO - Epoch 34 | Batch 0 | Loss: 6.18 (Det: 5.99, MoE: 4.1386)
2025-11-26 18:42:26,135 - INFO - Epoch 34 | Batch 50 | Loss: 6.19 (Det: 6.00, MoE: 4.1390)
2025-11-26 18:44:52,706 - INFO - Epoch 34:
2025-11-26 18:44:52,707 - INFO -   训练损失: 6.27 | 验证损失: 0.94
2025-11-26 18:44:52,708 - INFO -   预测/目标: 201600/93434
2025-11-26 18:44:52,708 - INFO -   ⏳ mAP_0.5_0.95 无改善 (1/35), 最佳值: 0.5231 (epoch 33)
2025-11-26 18:44:54,038 - INFO - 💾 保存最新检查点: logs/dset8_r18_20251126_155540/latest_checkpoint.pth
2025-11-26 18:44:56,558 - INFO - [DEBUG] Epoch 35: pruner.current_epoch=35, pruner.pruning_enabled=True, pruner.warmup_epochs=10
2025-11-26 18:45:04,947 - INFO - Epoch 35 | Batch 0 | Loss: 6.29 (Det: 6.10, MoE: 4.1267)
2025-11-26 18:47:23,269 - INFO - Epoch 35 | Batch 50 | Loss: 6.15 (Det: 5.95, MoE: 4.1417)
2025-11-26 18:49:49,553 - INFO - Epoch 35:
2025-11-26 18:49:49,553 - INFO -   训练损失: 6.23 | 验证损失: 0.93
2025-11-26 18:49:49,553 - INFO -   预测/目标: 201600/93434
2025-11-26 18:49:49,554 - INFO -   检测损失: 6.04
2025-11-26 18:49:49,555 - INFO -   Decoder MoE损失: 3.9924
2025-11-26 18:49:49,555 - INFO -   Encoder Patch-MoE Balance损失: 0.1473
2025-11-26 18:49:49,555 - INFO -   Encoder Patch-MoE Entropy损失: -2.0794
2025-11-26 18:49:49,556 - INFO -   Encoder MoE总损失: -1.9322
2025-11-26 18:49:49,556 - INFO -   Token Pruning损失: 0.000112
2025-11-26 18:49:49,556 - INFO -   MoE总损失: 4.1397
2025-11-26 18:49:49,556 - INFO -   Decoder专家使用率: [12.57%, 12.42%, 12.19%, 12.54%, 12.71%, 12.33%, 12.46%, 12.79%]
2025-11-26 18:49:49,557 - INFO -   🎉 新的最佳mAP: 0.5258
2025-11-26 18:49:50,915 - INFO - 💾 保存最佳模型: logs/dset8_r18_20251126_155540/best_model.pth
2025-11-26 18:50:42,561 - INFO -   每个类别的 mAP@0.5:0.95:
2025-11-26 18:50:42,562 - INFO -     Car         : 0.7173
2025-11-26 18:50:42,562 - INFO -     Truck       : 0.4521
2025-11-26 18:50:42,562 - INFO -     Van         : 0.4263
2025-11-26 18:50:42,562 - INFO -     Bus         : 0.6428
2025-11-26 18:50:42,562 - INFO -     Pedestrian  : 0.3852
2025-11-26 18:50:42,562 - INFO -     Cyclist     : 0.5174
2025-11-26 18:50:42,562 - INFO -     Motorcyclist: 0.4474
2025-11-26 18:50:42,562 - INFO -     Trafficcone : 0.6179
2025-11-26 18:50:42,793 - INFO -   mAP_0.5_0.95 提升到 0.5258 (最佳epoch: 35)
2025-11-26 18:50:44,159 - INFO - 💾 保存最新检查点: logs/dset8_r18_20251126_155540/latest_checkpoint.pth
2025-11-26 18:50:54,626 - INFO - Epoch 36 | Batch 0 | Loss: 6.23 (Det: 6.03, MoE: 4.1383)
2025-11-26 18:53:12,834 - INFO - Epoch 36 | Batch 50 | Loss: 6.17 (Det: 5.97, MoE: 4.1527)
2025-11-26 18:55:39,411 - INFO - Epoch 36:
2025-11-26 18:55:39,412 - INFO -   训练损失: 6.20 | 验证损失: 0.94
2025-11-26 18:55:39,413 - INFO -   预测/目标: 201600/93434
2025-11-26 18:55:39,413 - INFO -   🎉 新的最佳mAP: 0.5268
2025-11-26 18:55:40,731 - INFO - 💾 保存最佳模型: logs/dset8_r18_20251126_155540/best_model.pth
2025-11-26 18:56:32,191 - INFO -   每个类别的 mAP@0.5:0.95:
2025-11-26 18:56:32,191 - INFO -     Car         : 0.7156
2025-11-26 18:56:32,191 - INFO -     Truck       : 0.4519
2025-11-26 18:56:32,191 - INFO -     Van         : 0.4299
2025-11-26 18:56:32,191 - INFO -     Bus         : 0.6536
2025-11-26 18:56:32,191 - INFO -     Pedestrian  : 0.3822
2025-11-26 18:56:32,191 - INFO -     Cyclist     : 0.5158
2025-11-26 18:56:32,191 - INFO -     Motorcyclist: 0.4483
2025-11-26 18:56:32,191 - INFO -     Trafficcone : 0.6173
2025-11-26 18:56:32,356 - INFO -   mAP_0.5_0.95 提升到 0.5268 (最佳epoch: 36)
2025-11-26 18:56:33,802 - INFO - 💾 保存最新检查点: logs/dset8_r18_20251126_155540/latest_checkpoint.pth
2025-11-26 18:56:42,853 - INFO - Epoch 37 | Batch 0 | Loss: 6.20 (Det: 6.01, MoE: 4.1382)
2025-11-26 18:59:01,092 - INFO - Epoch 37 | Batch 50 | Loss: 6.24 (Det: 6.05, MoE: 4.1460)
2025-11-26 19:01:27,019 - INFO - Epoch 37:
2025-11-26 19:01:27,020 - INFO -   训练损失: 6.20 | 验证损失: 0.93
2025-11-26 19:01:27,020 - INFO -   预测/目标: 201600/93434
2025-11-26 19:01:27,021 - INFO -   🎉 新的最佳验证损失: 0.93
2025-11-26 19:01:27,021 - INFO -   🎉 新的最佳mAP: 0.5312
2025-11-26 19:01:28,231 - INFO - 💾 保存最佳模型: logs/dset8_r18_20251126_155540/best_model.pth
2025-11-26 19:02:19,798 - INFO -   每个类别的 mAP@0.5:0.95:
2025-11-26 19:02:19,799 - INFO -     Car         : 0.7156
2025-11-26 19:02:19,799 - INFO -     Truck       : 0.4590
2025-11-26 19:02:19,799 - INFO -     Van         : 0.4400
2025-11-26 19:02:19,799 - INFO -     Bus         : 0.6527
2025-11-26 19:02:19,799 - INFO -     Pedestrian  : 0.3892
2025-11-26 19:02:19,799 - INFO -     Cyclist     : 0.5239
2025-11-26 19:02:19,799 - INFO -     Motorcyclist: 0.4498
2025-11-26 19:02:19,799 - INFO -     Trafficcone : 0.6192
2025-11-26 19:02:19,967 - INFO -   mAP_0.5_0.95 提升到 0.5312 (最佳epoch: 37)
2025-11-26 19:02:21,422 - INFO - 💾 保存最新检查点: logs/dset8_r18_20251126_155540/latest_checkpoint.pth
2025-11-26 19:02:32,025 - INFO - Epoch 38 | Batch 0 | Loss: 6.10 (Det: 5.90, MoE: 4.1569)
2025-11-26 19:04:50,421 - INFO - Epoch 38 | Batch 50 | Loss: 6.12 (Det: 5.92, MoE: 4.1274)
2025-11-26 19:07:16,025 - INFO - Epoch 38:
2025-11-26 19:07:16,026 - INFO -   训练损失: 6.18 | 验证损失: 0.93
2025-11-26 19:07:16,027 - INFO -   预测/目标: 201600/93434
2025-11-26 19:07:16,028 - INFO -   🎉 新的最佳mAP: 0.5321
2025-11-26 19:07:17,300 - INFO - 💾 保存最佳模型: logs/dset8_r18_20251126_155540/best_model.pth
2025-11-26 19:08:09,201 - INFO -   每个类别的 mAP@0.5:0.95:
2025-11-26 19:08:09,201 - INFO -     Car         : 0.7175
2025-11-26 19:08:09,201 - INFO -     Truck       : 0.4585
2025-11-26 19:08:09,201 - INFO -     Van         : 0.4434
2025-11-26 19:08:09,201 - INFO -     Bus         : 0.6486
2025-11-26 19:08:09,201 - INFO -     Pedestrian  : 0.3909
2025-11-26 19:08:09,201 - INFO -     Cyclist     : 0.5252
2025-11-26 19:08:09,201 - INFO -     Motorcyclist: 0.4515
2025-11-26 19:08:09,201 - INFO -     Trafficcone : 0.6208
2025-11-26 19:08:09,363 - INFO -   mAP_0.5_0.95 提升到 0.5321 (最佳epoch: 38)
2025-11-26 19:08:10,759 - INFO - 💾 保存最新检查点: logs/dset8_r18_20251126_155540/latest_checkpoint.pth
2025-11-26 19:08:21,993 - INFO - Epoch 39 | Batch 0 | Loss: 6.08 (Det: 5.88, MoE: 4.1290)
2025-11-26 19:10:39,965 - INFO - Epoch 39 | Batch 50 | Loss: 6.22 (Det: 6.03, MoE: 4.1380)
2025-11-26 19:13:05,810 - INFO - Epoch 39:
2025-11-26 19:13:05,810 - INFO -   训练损失: 6.16 | 验证损失: 0.93
2025-11-26 19:13:05,811 - INFO -   预测/目标: 201600/93434
2025-11-26 19:13:05,811 - INFO -   🎉 新的最佳mAP: 0.5362
2025-11-26 19:13:07,118 - INFO - 💾 保存最佳模型: logs/dset8_r18_20251126_155540/best_model.pth
2025-11-26 19:13:58,924 - INFO -   每个类别的 mAP@0.5:0.95:
2025-11-26 19:13:58,924 - INFO -     Car         : 0.7190
2025-11-26 19:13:58,924 - INFO -     Truck       : 0.4571
2025-11-26 19:13:58,924 - INFO -     Van         : 0.4557
2025-11-26 19:13:58,924 - INFO -     Bus         : 0.6630
2025-11-26 19:13:58,924 - INFO -     Pedestrian  : 0.3938
2025-11-26 19:13:58,924 - INFO -     Cyclist     : 0.5258
2025-11-26 19:13:58,924 - INFO -     Motorcyclist: 0.4545
2025-11-26 19:13:58,924 - INFO -     Trafficcone : 0.6205
2025-11-26 19:13:59,147 - INFO -   mAP_0.5_0.95 提升到 0.5362 (最佳epoch: 39)
2025-11-26 19:14:00,563 - INFO - 💾 保存最新检查点: logs/dset8_r18_20251126_155540/latest_checkpoint.pth
2025-11-26 19:14:03,171 - INFO - [DEBUG] Epoch 40: pruner.current_epoch=40, pruner.pruning_enabled=True, pruner.warmup_epochs=10
2025-11-26 19:14:11,471 - INFO - Epoch 40 | Batch 0 | Loss: 6.15 (Det: 5.96, MoE: 4.1286)
2025-11-26 19:16:29,654 - INFO - Epoch 40 | Batch 50 | Loss: 6.34 (Det: 6.14, MoE: 4.1342)
2025-11-26 19:18:59,866 - INFO - Epoch 40:
2025-11-26 19:18:59,867 - INFO -   训练损失: 6.15 | 验证损失: 0.93
2025-11-26 19:18:59,867 - INFO -   预测/目标: 201600/93434
2025-11-26 19:18:59,868 - INFO -   检测损失: 5.96
2025-11-26 19:18:59,869 - INFO -   Decoder MoE损失: 3.9863
2025-11-26 19:18:59,869 - INFO -   Encoder Patch-MoE Balance损失: 0.1495
2025-11-26 19:18:59,870 - INFO -   Encoder Patch-MoE Entropy损失: -2.0794
2025-11-26 19:18:59,870 - INFO -   Encoder MoE总损失: -1.9299
2025-11-26 19:18:59,870 - INFO -   Token Pruning损失: 0.000093
2025-11-26 19:18:59,870 - INFO -   MoE总损失: 4.1358
2025-11-26 19:18:59,870 - INFO -   Decoder专家使用率: [12.33%, 12.43%, 12.16%, 12.45%, 12.79%, 12.43%, 12.56%, 12.85%]
2025-11-26 19:18:59,870 - INFO -   🎉 新的最佳mAP: 0.5367
2025-11-26 19:19:01,279 - INFO - 💾 保存最佳模型: logs/dset8_r18_20251126_155540/best_model.pth
2025-11-26 19:19:53,440 - INFO -   每个类别的 mAP@0.5:0.95:
2025-11-26 19:19:53,440 - INFO -     Car         : 0.7131
2025-11-26 19:19:53,440 - INFO -     Truck       : 0.4614
2025-11-26 19:19:53,440 - INFO -     Van         : 0.4509
2025-11-26 19:19:53,440 - INFO -     Bus         : 0.6660
2025-11-26 19:19:53,440 - INFO -     Pedestrian  : 0.3940
2025-11-26 19:19:53,440 - INFO -     Cyclist     : 0.5267
2025-11-26 19:19:53,440 - INFO -     Motorcyclist: 0.4597
2025-11-26 19:19:53,440 - INFO -     Trafficcone : 0.6220
2025-11-26 19:19:53,609 - INFO -   mAP_0.5_0.95 提升到 0.5367 (最佳epoch: 40)
2025-11-26 19:19:55,127 - INFO - 💾 保存最新检查点: logs/dset8_r18_20251126_155540/latest_checkpoint.pth
2025-11-26 19:20:04,548 - INFO - Epoch 41 | Batch 0 | Loss: 6.22 (Det: 6.03, MoE: 4.1340)
2025-11-26 19:22:34,706 - INFO - Epoch 41 | Batch 50 | Loss: 6.14 (Det: 5.95, MoE: 4.1325)
2025-11-26 19:25:08,905 - INFO - Epoch 41:
2025-11-26 19:25:08,905 - INFO -   训练损失: 6.13 | 验证损失: 0.94
2025-11-26 19:25:08,906 - INFO -   预测/目标: 201600/93434
2025-11-26 19:25:08,906 - INFO -   🎉 新的最佳mAP: 0.5373
2025-11-26 19:25:15,100 - INFO - 💾 保存最佳模型: logs/dset8_r18_20251126_155540/best_model.pth
2025-11-26 19:26:07,045 - INFO -   每个类别的 mAP@0.5:0.95:
2025-11-26 19:26:07,045 - INFO -     Car         : 0.7114
2025-11-26 19:26:07,045 - INFO -     Truck       : 0.4560
2025-11-26 19:26:07,045 - INFO -     Van         : 0.4570
2025-11-26 19:26:07,045 - INFO -     Bus         : 0.6659
2025-11-26 19:26:07,045 - INFO -     Pedestrian  : 0.3974
2025-11-26 19:26:07,045 - INFO -     Cyclist     : 0.5315
2025-11-26 19:26:07,045 - INFO -     Motorcyclist: 0.4576
2025-11-26 19:26:07,045 - INFO -     Trafficcone : 0.6214
2025-11-26 19:26:07,268 - INFO -   mAP_0.5_0.95 提升到 0.5373 (最佳epoch: 41)
2025-11-26 19:26:10,772 - INFO - 💾 保存最新检查点: logs/dset8_r18_20251126_155540/latest_checkpoint.pth
2025-11-26 19:26:20,219 - INFO - Epoch 42 | Batch 0 | Loss: 6.03 (Det: 5.84, MoE: 4.1344)
2025-11-26 19:28:48,943 - INFO - Epoch 42 | Batch 50 | Loss: 6.23 (Det: 6.04, MoE: 4.1191)
2025-11-26 19:31:25,579 - INFO - Epoch 42:
2025-11-26 19:31:25,579 - INFO -   训练损失: 6.11 | 验证损失: 0.93
2025-11-26 19:31:25,580 - INFO -   预测/目标: 201600/93434
2025-11-26 19:31:25,581 - INFO -   🎉 新的最佳验证损失: 0.93
2025-11-26 19:31:25,581 - INFO -   🎉 新的最佳mAP: 0.5438
2025-11-26 19:31:27,177 - INFO - 💾 保存最佳模型: logs/dset8_r18_20251126_155540/best_model.pth
2025-11-26 19:32:23,023 - INFO -   每个类别的 mAP@0.5:0.95:
2025-11-26 19:32:23,024 - INFO -     Car         : 0.7225
2025-11-26 19:32:23,024 - INFO -     Truck       : 0.4662
2025-11-26 19:32:23,024 - INFO -     Van         : 0.4662
2025-11-26 19:32:23,024 - INFO -     Bus         : 0.6831
2025-11-26 19:32:23,024 - INFO -     Pedestrian  : 0.4011
2025-11-26 19:32:23,024 - INFO -     Cyclist     : 0.5333
2025-11-26 19:32:23,024 - INFO -     Motorcyclist: 0.4564
2025-11-26 19:32:23,024 - INFO -     Trafficcone : 0.6219
2025-11-26 19:32:23,262 - INFO -   mAP_0.5_0.95 提升到 0.5438 (最佳epoch: 42)
2025-11-26 19:32:25,068 - INFO - 💾 保存最新检查点: logs/dset8_r18_20251126_155540/latest_checkpoint.pth
2025-11-26 19:32:35,982 - INFO - Epoch 43 | Batch 0 | Loss: 6.14 (Det: 5.95, MoE: 4.1363)
2025-11-26 19:35:14,355 - INFO - Epoch 43 | Batch 50 | Loss: 6.19 (Det: 5.99, MoE: 4.1354)
2025-11-26 19:37:56,781 - INFO - Epoch 43:
2025-11-26 19:37:56,782 - INFO -   训练损失: 6.10 | 验证损失: 0.94
2025-11-26 19:37:56,782 - INFO -   预测/目标: 201600/93434
2025-11-26 19:37:56,783 - INFO -   ⏳ mAP_0.5_0.95 无改善 (1/35), 最佳值: 0.5438 (epoch 42)
2025-11-26 19:37:58,498 - INFO - 💾 保存最新检查点: logs/dset8_r18_20251126_155540/latest_checkpoint.pth
2025-11-26 19:38:11,126 - INFO - Epoch 44 | Batch 0 | Loss: 6.13 (Det: 5.94, MoE: 4.1249)
2025-11-26 19:40:42,497 - INFO - Epoch 44 | Batch 50 | Loss: 5.98 (Det: 5.78, MoE: 4.1354)
2025-11-26 19:43:12,188 - INFO - Epoch 44:
2025-11-26 19:43:12,188 - INFO -   训练损失: 6.08 | 验证损失: 0.92
2025-11-26 19:43:12,189 - INFO -   预测/目标: 201600/93434
2025-11-26 19:43:12,189 - INFO -   🎉 新的最佳验证损失: 0.92
2025-11-26 19:43:12,190 - INFO -   🎉 新的最佳mAP: 0.5478
2025-11-26 19:43:13,955 - INFO - 💾 保存最佳模型: logs/dset8_r18_20251126_155540/best_model.pth
2025-11-26 19:44:05,512 - INFO -   每个类别的 mAP@0.5:0.95:
2025-11-26 19:44:05,512 - INFO -     Car         : 0.7204
2025-11-26 19:44:05,512 - INFO -     Truck       : 0.4614
2025-11-26 19:44:05,512 - INFO -     Van         : 0.4941
2025-11-26 19:44:05,512 - INFO -     Bus         : 0.6830
2025-11-26 19:44:05,512 - INFO -     Pedestrian  : 0.4094
2025-11-26 19:44:05,512 - INFO -     Cyclist     : 0.5366
2025-11-26 19:44:05,512 - INFO -     Motorcyclist: 0.4558
2025-11-26 19:44:05,512 - INFO -     Trafficcone : 0.6219
2025-11-26 19:44:05,681 - INFO -   mAP_0.5_0.95 提升到 0.5478 (最佳epoch: 44)
2025-11-26 19:44:07,121 - INFO - 💾 保存最新检查点: logs/dset8_r18_20251126_155540/latest_checkpoint.pth
2025-11-26 19:44:09,591 - INFO - [DEBUG] Epoch 45: pruner.current_epoch=45, pruner.pruning_enabled=True, pruner.warmup_epochs=10
2025-11-26 19:44:17,472 - INFO - Epoch 45 | Batch 0 | Loss: 5.87 (Det: 5.68, MoE: 4.1259)
2025-11-26 19:46:52,108 - INFO - Epoch 45 | Batch 50 | Loss: 6.03 (Det: 5.84, MoE: 4.1332)
2025-11-26 19:49:28,067 - INFO - Epoch 45:
2025-11-26 19:49:28,067 - INFO -   训练损失: 6.05 | 验证损失: 0.92
2025-11-26 19:49:28,067 - INFO -   预测/目标: 201600/93434
2025-11-26 19:49:28,068 - INFO -   检测损失: 5.86
2025-11-26 19:49:28,069 - INFO -   Decoder MoE损失: 3.9857
2025-11-26 19:49:28,069 - INFO -   Encoder Patch-MoE Balance损失: 0.1494
2025-11-26 19:49:28,069 - INFO -   Encoder Patch-MoE Entropy损失: -2.0794
2025-11-26 19:49:28,070 - INFO -   Encoder MoE总损失: -1.9301
2025-11-26 19:49:28,070 - INFO -   Token Pruning损失: 0.000079
2025-11-26 19:49:28,070 - INFO -   MoE总损失: 4.1351
2025-11-26 19:49:28,070 - INFO -   Decoder专家使用率: [12.31%, 12.57%, 12.20%, 12.59%, 12.75%, 12.35%, 12.50%, 12.73%]
2025-11-26 19:49:28,071 - INFO -   🎉 新的最佳mAP: 0.5531
2025-11-26 19:49:29,334 - INFO - 💾 保存最佳模型: logs/dset8_r18_20251126_155540/best_model.pth
2025-11-26 19:50:24,990 - INFO -   每个类别的 mAP@0.5:0.95:
2025-11-26 19:50:24,991 - INFO -     Car         : 0.7283
2025-11-26 19:50:24,991 - INFO -     Truck       : 0.4663
2025-11-26 19:50:24,991 - INFO -     Van         : 0.5113
2025-11-26 19:50:24,991 - INFO -     Bus         : 0.6899
2025-11-26 19:50:24,991 - INFO -     Pedestrian  : 0.4065
2025-11-26 19:50:24,991 - INFO -     Cyclist     : 0.5404
2025-11-26 19:50:24,991 - INFO -     Motorcyclist: 0.4586
2025-11-26 19:50:24,991 - INFO -     Trafficcone : 0.6237
2025-11-26 19:50:25,359 - INFO -   mAP_0.5_0.95 提升到 0.5531 (最佳epoch: 45)
2025-11-26 19:50:27,084 - INFO - 💾 保存最新检查点: logs/dset8_r18_20251126_155540/latest_checkpoint.pth
2025-11-26 19:50:36,581 - INFO - Epoch 46 | Batch 0 | Loss: 6.15 (Det: 5.95, MoE: 4.1414)
2025-11-26 19:53:01,934 - INFO - Epoch 46 | Batch 50 | Loss: 6.14 (Det: 5.95, MoE: 4.1368)
2025-11-26 19:55:39,802 - INFO - Epoch 46:
2025-11-26 19:55:39,803 - INFO -   训练损失: 6.03 | 验证损失: 0.92
2025-11-26 19:55:39,803 - INFO -   预测/目标: 201600/93434
2025-11-26 19:55:39,805 - INFO -   ⏳ mAP_0.5_0.95 无改善 (1/35), 最佳值: 0.5531 (epoch 45)
2025-11-26 19:55:41,717 - INFO - 💾 保存最新检查点: logs/dset8_r18_20251126_155540/latest_checkpoint.pth
2025-11-26 19:55:53,418 - INFO - Epoch 47 | Batch 0 | Loss: 6.14 (Det: 5.95, MoE: 4.1214)
2025-11-26 19:58:17,785 - INFO - Epoch 47 | Batch 50 | Loss: 6.06 (Det: 5.86, MoE: 4.1369)
2025-11-26 20:00:47,270 - INFO - Epoch 47:
2025-11-26 20:00:47,270 - INFO -   训练损失: 6.01 | 验证损失: 0.92
2025-11-26 20:00:47,270 - INFO -   预测/目标: 201600/93434
2025-11-26 20:00:47,271 - INFO -   ⏳ mAP_0.5_0.95 无改善 (2/35), 最佳值: 0.5531 (epoch 45)
2025-11-26 20:00:50,390 - INFO - 💾 保存最新检查点: logs/dset8_r18_20251126_155540/latest_checkpoint.pth
2025-11-26 20:01:02,095 - INFO - Epoch 48 | Batch 0 | Loss: 6.06 (Det: 5.87, MoE: 4.1382)
2025-11-26 20:03:28,998 - INFO - Epoch 48 | Batch 50 | Loss: 6.14 (Det: 5.94, MoE: 4.1216)
2025-11-26 20:06:02,723 - INFO - Epoch 48:
2025-11-26 20:06:02,724 - INFO -   训练损失: 6.00 | 验证损失: 0.92
2025-11-26 20:06:02,725 - INFO -   预测/目标: 201600/93434
2025-11-26 20:06:02,725 - INFO -   🎉 新的最佳验证损失: 0.92
2025-11-26 20:06:02,726 - INFO -   🎉 新的最佳mAP: 0.5559
2025-11-26 20:06:04,113 - INFO - 💾 保存最佳模型: logs/dset8_r18_20251126_155540/best_model.pth
2025-11-26 20:06:59,769 - INFO -   每个类别的 mAP@0.5:0.95:
2025-11-26 20:06:59,769 - INFO -     Car         : 0.7276
2025-11-26 20:06:59,770 - INFO -     Truck       : 0.4662
2025-11-26 20:06:59,770 - INFO -     Van         : 0.5260
2025-11-26 20:06:59,770 - INFO -     Bus         : 0.6844
2025-11-26 20:06:59,770 - INFO -     Pedestrian  : 0.4135
2025-11-26 20:06:59,770 - INFO -     Cyclist     : 0.5489
2025-11-26 20:06:59,770 - INFO -     Motorcyclist: 0.4589
2025-11-26 20:06:59,770 - INFO -     Trafficcone : 0.6218
2025-11-26 20:06:59,938 - INFO -   mAP_0.5_0.95 提升到 0.5559 (最佳epoch: 48)
2025-11-26 20:07:01,702 - INFO - 💾 保存最新检查点: logs/dset8_r18_20251126_155540/latest_checkpoint.pth
2025-11-26 20:07:11,887 - INFO - Epoch 49 | Batch 0 | Loss: 6.27 (Det: 6.08, MoE: 4.1488)
2025-11-26 20:09:53,105 - INFO - Epoch 49 | Batch 50 | Loss: 6.01 (Det: 5.81, MoE: 4.1263)
2025-11-26 20:12:20,909 - INFO - Epoch 49:
2025-11-26 20:12:20,910 - INFO -   训练损失: 5.99 | 验证损失: 0.92
2025-11-26 20:12:20,910 - INFO -   预测/目标: 201600/93434
2025-11-26 20:12:20,911 - INFO -   🎉 新的最佳mAP: 0.5560
2025-11-26 20:12:22,304 - INFO - 💾 保存最佳模型: logs/dset8_r18_20251126_155540/best_model.pth
2025-11-26 20:13:14,738 - INFO -   每个类别的 mAP@0.5:0.95:
2025-11-26 20:13:14,738 - INFO -     Car         : 0.7238
2025-11-26 20:13:14,738 - INFO -     Truck       : 0.4618
2025-11-26 20:13:14,738 - INFO -     Van         : 0.5294
2025-11-26 20:13:14,738 - INFO -     Bus         : 0.6876
2025-11-26 20:13:14,738 - INFO -     Pedestrian  : 0.4091
2025-11-26 20:13:14,738 - INFO -     Cyclist     : 0.5506
2025-11-26 20:13:14,738 - INFO -     Motorcyclist: 0.4611
2025-11-26 20:13:14,738 - INFO -     Trafficcone : 0.6246
2025-11-26 20:13:14,927 - INFO -   mAP_0.5_0.95 提升到 0.5560 (最佳epoch: 49)
2025-11-26 20:13:16,408 - INFO - 💾 保存最新检查点: logs/dset8_r18_20251126_155540/latest_checkpoint.pth
2025-11-26 20:13:18,933 - INFO - [DEBUG] Epoch 50: pruner.current_epoch=50, pruner.pruning_enabled=True, pruner.warmup_epochs=10
2025-11-26 20:13:28,644 - INFO - Epoch 50 | Batch 0 | Loss: 6.03 (Det: 5.84, MoE: 4.1298)
2025-11-26 20:15:53,433 - INFO - Epoch 50 | Batch 50 | Loss: 5.74 (Det: 5.54, MoE: 4.1222)
2025-11-26 20:18:20,389 - INFO - Epoch 50:
2025-11-26 20:18:20,389 - INFO -   训练损失: 5.95 | 验证损失: 0.91
2025-11-26 20:18:20,389 - INFO -   预测/目标: 201600/93434
2025-11-26 20:18:20,390 - INFO -   检测损失: 5.75
2025-11-26 20:18:20,391 - INFO -   Decoder MoE损失: 3.9898
2025-11-26 20:18:20,392 - INFO -   Encoder Patch-MoE Balance损失: 0.1514
2025-11-26 20:18:20,392 - INFO -   Encoder Patch-MoE Entropy损失: -2.0794
2025-11-26 20:18:20,392 - INFO -   Encoder MoE总损失: -1.9280
2025-11-26 20:18:20,392 - INFO -   Token Pruning损失: 0.000069
2025-11-26 20:18:20,392 - INFO -   MoE总损失: 4.1412
2025-11-26 20:18:20,392 - INFO -   Decoder专家使用率: [12.42%, 12.51%, 12.21%, 12.54%, 12.72%, 12.32%, 12.52%, 12.74%]
2025-11-26 20:18:20,392 - INFO -   🎉 新的最佳验证损失: 0.91
2025-11-26 20:18:20,392 - INFO -   🎉 新的最佳mAP: 0.5600
2025-11-26 20:18:22,105 - INFO - 💾 保存最佳模型: logs/dset8_r18_20251126_155540/best_model.pth
2025-11-26 20:19:14,167 - INFO -   每个类别的 mAP@0.5:0.95:
2025-11-26 20:19:14,167 - INFO -     Car         : 0.7290
2025-11-26 20:19:14,167 - INFO -     Truck       : 0.4665
2025-11-26 20:19:14,167 - INFO -     Van         : 0.5368
2025-11-26 20:19:14,167 - INFO -     Bus         : 0.6911
2025-11-26 20:19:14,167 - INFO -     Pedestrian  : 0.4153
2025-11-26 20:19:14,167 - INFO -     Cyclist     : 0.5534
2025-11-26 20:19:14,167 - INFO -     Motorcyclist: 0.4638
2025-11-26 20:19:14,167 - INFO -     Trafficcone : 0.6242
2025-11-26 20:19:14,385 - INFO -   mAP_0.5_0.95 提升到 0.5600 (最佳epoch: 50)
2025-11-26 20:19:15,764 - INFO - 💾 保存最新检查点: logs/dset8_r18_20251126_155540/latest_checkpoint.pth
2025-11-26 20:19:28,071 - INFO - Epoch 51 | Batch 0 | Loss: 6.06 (Det: 5.87, MoE: 4.1331)
2025-11-26 20:22:04,154 - INFO - Epoch 51 | Batch 50 | Loss: 6.00 (Det: 5.81, MoE: 4.1318)
2025-11-26 20:24:37,896 - INFO - Epoch 51:
2025-11-26 20:24:37,896 - INFO -   训练损失: 5.93 | 验证损失: 0.92
2025-11-26 20:24:37,896 - INFO -   预测/目标: 201600/93434
2025-11-26 20:24:37,897 - INFO -   ⏳ mAP_0.5_0.95 无改善 (1/35), 最佳值: 0.5600 (epoch 50)
2025-11-26 20:24:39,386 - INFO - 💾 保存最新检查点: logs/dset8_r18_20251126_155540/latest_checkpoint.pth
2025-11-26 20:24:52,870 - INFO - Epoch 52 | Batch 0 | Loss: 5.76 (Det: 5.57, MoE: 4.1257)
2025-11-26 20:27:19,752 - INFO - Epoch 52 | Batch 50 | Loss: 5.87 (Det: 5.68, MoE: 4.1243)
2025-11-26 20:29:48,421 - INFO - Epoch 52:
2025-11-26 20:29:48,422 - INFO -   训练损失: 5.90 | 验证损失: 0.91
2025-11-26 20:29:48,423 - INFO -   预测/目标: 201600/93434
2025-11-26 20:29:48,423 - INFO -   🎉 新的最佳验证损失: 0.91
2025-11-26 20:29:48,423 - INFO -   🎉 新的最佳mAP: 0.5639
2025-11-26 20:29:49,732 - INFO - 💾 保存最佳模型: logs/dset8_r18_20251126_155540/best_model.pth
2025-11-26 20:30:44,306 - INFO -   每个类别的 mAP@0.5:0.95:
2025-11-26 20:30:44,306 - INFO -     Car         : 0.7309
2025-11-26 20:30:44,306 - INFO -     Truck       : 0.4663
2025-11-26 20:30:44,306 - INFO -     Van         : 0.5435
2025-11-26 20:30:44,306 - INFO -     Bus         : 0.7015
2025-11-26 20:30:44,306 - INFO -     Pedestrian  : 0.4180
2025-11-26 20:30:44,306 - INFO -     Cyclist     : 0.5563
2025-11-26 20:30:44,306 - INFO -     Motorcyclist: 0.4685
2025-11-26 20:30:44,306 - INFO -     Trafficcone : 0.6259
2025-11-26 20:30:44,475 - INFO -   mAP_0.5_0.95 提升到 0.5639 (最佳epoch: 52)
2025-11-26 20:30:45,872 - INFO - 💾 保存最新检查点: logs/dset8_r18_20251126_155540/latest_checkpoint.pth
2025-11-26 20:30:58,009 - INFO - Epoch 53 | Batch 0 | Loss: 5.94 (Det: 5.74, MoE: 4.1318)
2025-11-26 20:33:35,594 - INFO - Epoch 53 | Batch 50 | Loss: 5.79 (Det: 5.60, MoE: 4.1292)
2025-11-26 20:36:05,744 - INFO - Epoch 53:
2025-11-26 20:36:05,745 - INFO -   训练损失: 5.89 | 验证损失: 0.91
2025-11-26 20:36:05,746 - INFO -   预测/目标: 201600/93434
2025-11-26 20:36:05,747 - INFO -   ⏳ mAP_0.5_0.95 无改善 (1/35), 最佳值: 0.5639 (epoch 52)
2025-11-26 20:36:07,096 - INFO - 💾 保存最新检查点: logs/dset8_r18_20251126_155540/latest_checkpoint.pth
2025-11-26 20:36:16,236 - INFO - Epoch 54 | Batch 0 | Loss: 5.98 (Det: 5.79, MoE: 4.1272)
2025-11-26 20:38:55,548 - INFO - Epoch 54 | Batch 50 | Loss: 5.74 (Det: 5.54, MoE: 4.1357)
2025-11-26 20:41:31,935 - INFO - Epoch 54:
2025-11-26 20:41:31,936 - INFO -   训练损失: 5.86 | 验证损失: 0.91
2025-11-26 20:41:31,936 - INFO -   预测/目标: 201600/93434
2025-11-26 20:41:31,936 - INFO -   🎉 新的最佳mAP: 0.5646
2025-11-26 20:41:33,270 - INFO - 💾 保存最佳模型: logs/dset8_r18_20251126_155540/best_model.pth
2025-11-26 20:42:25,632 - INFO -   每个类别的 mAP@0.5:0.95:
2025-11-26 20:42:25,632 - INFO -     Car         : 0.7290
2025-11-26 20:42:25,632 - INFO -     Truck       : 0.4671
2025-11-26 20:42:25,632 - INFO -     Van         : 0.5422
2025-11-26 20:42:25,632 - INFO -     Bus         : 0.7038
2025-11-26 20:42:25,632 - INFO -     Pedestrian  : 0.4218
2025-11-26 20:42:25,632 - INFO -     Cyclist     : 0.5621
2025-11-26 20:42:25,632 - INFO -     Motorcyclist: 0.4650
2025-11-26 20:42:25,632 - INFO -     Trafficcone : 0.6257
2025-11-26 20:42:25,828 - INFO -   mAP_0.5_0.95 提升到 0.5646 (最佳epoch: 54)
2025-11-26 20:42:27,137 - INFO - 💾 保存最新检查点: logs/dset8_r18_20251126_155540/latest_checkpoint.pth
2025-11-26 20:42:29,631 - INFO - [DEBUG] Epoch 55: pruner.current_epoch=55, pruner.pruning_enabled=True, pruner.warmup_epochs=10
2025-11-26 20:42:38,178 - INFO - Epoch 55 | Batch 0 | Loss: 5.76 (Det: 5.57, MoE: 4.1458)
2025-11-26 20:44:57,060 - INFO - Epoch 55 | Batch 50 | Loss: 5.81 (Det: 5.62, MoE: 4.1415)
2025-11-26 20:47:24,820 - INFO - Epoch 55:
2025-11-26 20:47:24,821 - INFO -   训练损失: 5.85 | 验证损失: 0.91
2025-11-26 20:47:24,822 - INFO -   预测/目标: 201600/93434
2025-11-26 20:47:24,823 - INFO -   检测损失: 5.66
2025-11-26 20:47:24,823 - INFO -   Decoder MoE损失: 3.9866
2025-11-26 20:47:24,823 - INFO -   Encoder Patch-MoE Balance损失: 0.1469
2025-11-26 20:47:24,823 - INFO -   Encoder Patch-MoE Entropy损失: -2.0794
2025-11-26 20:47:24,824 - INFO -   Encoder MoE总损失: -1.9325
2025-11-26 20:47:24,824 - INFO -   Token Pruning损失: 0.000059
2025-11-26 20:47:24,824 - INFO -   MoE总损失: 4.1335
2025-11-26 20:47:24,824 - INFO -   Decoder专家使用率: [12.39%, 12.55%, 12.24%, 12.52%, 12.71%, 12.32%, 12.55%, 12.73%]
2025-11-26 20:47:24,824 - INFO -   ⏳ mAP_0.5_0.95 无改善 (1/35), 最佳值: 0.5646 (epoch 54)
2025-11-26 20:47:26,204 - INFO - 💾 保存最新检查点: logs/dset8_r18_20251126_155540/latest_checkpoint.pth
2025-11-26 20:47:35,757 - INFO - Epoch 56 | Batch 0 | Loss: 5.68 (Det: 5.48, MoE: 4.1275)
2025-11-26 20:49:54,453 - INFO - Epoch 56 | Batch 50 | Loss: 5.75 (Det: 5.56, MoE: 4.1344)
2025-11-26 20:52:25,872 - INFO - Epoch 56:
2025-11-26 20:52:25,873 - INFO -   训练损失: 5.84 | 验证损失: 0.91
2025-11-26 20:52:25,873 - INFO -   预测/目标: 201600/93434
2025-11-26 20:52:25,873 - INFO -   ⏳ mAP_0.5_0.95 无改善 (2/35), 最佳值: 0.5646 (epoch 54)
2025-11-26 20:52:28,113 - INFO - 💾 保存最新检查点: logs/dset8_r18_20251126_155540/latest_checkpoint.pth
2025-11-26 20:52:40,753 - INFO - Epoch 57 | Batch 0 | Loss: 5.77 (Det: 5.58, MoE: 4.1348)
2025-11-26 20:55:06,607 - INFO - Epoch 57 | Batch 50 | Loss: 5.86 (Det: 5.67, MoE: 4.1269)
2025-11-26 20:57:44,337 - INFO - Epoch 57:
2025-11-26 20:57:44,338 - INFO -   训练损失: 5.82 | 验证损失: 0.91
2025-11-26 20:57:44,339 - INFO -   预测/目标: 201600/93434
2025-11-26 20:57:44,340 - INFO -   🎉 新的最佳mAP: 0.5662
2025-11-26 20:57:47,002 - INFO - 💾 保存最佳模型: logs/dset8_r18_20251126_155540/best_model.pth
2025-11-26 20:58:40,087 - INFO -   每个类别的 mAP@0.5:0.95:
2025-11-26 20:58:40,087 - INFO -     Car         : 0.7338
2025-11-26 20:58:40,087 - INFO -     Truck       : 0.4660
2025-11-26 20:58:40,087 - INFO -     Van         : 0.5395
2025-11-26 20:58:40,087 - INFO -     Bus         : 0.7079
2025-11-26 20:58:40,087 - INFO -     Pedestrian  : 0.4235
2025-11-26 20:58:40,088 - INFO -     Cyclist     : 0.5658
2025-11-26 20:58:40,088 - INFO -     Motorcyclist: 0.4666
2025-11-26 20:58:40,088 - INFO -     Trafficcone : 0.6261
2025-11-26 20:58:40,300 - INFO -   mAP_0.5_0.95 提升到 0.5662 (最佳epoch: 57)
2025-11-26 20:58:42,338 - INFO - 💾 保存最新检查点: logs/dset8_r18_20251126_155540/latest_checkpoint.pth
2025-11-26 20:58:51,807 - INFO - Epoch 58 | Batch 0 | Loss: 5.79 (Det: 5.60, MoE: 4.1214)
2025-11-26 21:01:19,425 - INFO - Epoch 58 | Batch 50 | Loss: 5.71 (Det: 5.52, MoE: 4.1301)
2025-11-26 21:03:52,503 - INFO - Epoch 58:
2025-11-26 21:03:52,504 - INFO -   训练损失: 5.81 | 验证损失: 0.91
2025-11-26 21:03:52,505 - INFO -   预测/目标: 201600/93434
2025-11-26 21:03:52,506 - INFO -   🎉 新的最佳mAP: 0.5666
2025-11-26 21:03:54,107 - INFO - 💾 保存最佳模型: logs/dset8_r18_20251126_155540/best_model.pth
2025-11-26 21:04:46,646 - INFO -   每个类别的 mAP@0.5:0.95:
2025-11-26 21:04:46,646 - INFO -     Car         : 0.7318
2025-11-26 21:04:46,646 - INFO -     Truck       : 0.4727
2025-11-26 21:04:46,646 - INFO -     Van         : 0.5360
2025-11-26 21:04:46,646 - INFO -     Bus         : 0.7072
2025-11-26 21:04:46,646 - INFO -     Pedestrian  : 0.4258
2025-11-26 21:04:46,646 - INFO -     Cyclist     : 0.5677
2025-11-26 21:04:46,646 - INFO -     Motorcyclist: 0.4658
2025-11-26 21:04:46,646 - INFO -     Trafficcone : 0.6262
2025-11-26 21:04:46,838 - INFO -   mAP_0.5_0.95 提升到 0.5666 (最佳epoch: 58)
2025-11-26 21:04:48,808 - INFO - 💾 保存最新检查点: logs/dset8_r18_20251126_155540/latest_checkpoint.pth
2025-11-26 21:05:01,214 - INFO - Epoch 59 | Batch 0 | Loss: 5.67 (Det: 5.47, MoE: 4.1352)
2025-11-26 21:07:37,157 - INFO - Epoch 59 | Batch 50 | Loss: 5.74 (Det: 5.54, MoE: 4.1341)
2025-11-26 21:10:24,350 - INFO - Epoch 59:
2025-11-26 21:10:24,351 - INFO -   训练损失: 5.79 | 验证损失: 0.91
2025-11-26 21:10:24,352 - INFO -   预测/目标: 201600/93434
2025-11-26 21:10:24,354 - INFO -   🎉 新的最佳mAP: 0.5676
2025-11-26 21:10:26,604 - INFO - 💾 保存最佳模型: logs/dset8_r18_20251126_155540/best_model.pth
2025-11-26 21:11:22,324 - INFO -   每个类别的 mAP@0.5:0.95:
2025-11-26 21:11:22,324 - INFO -     Car         : 0.7307
2025-11-26 21:11:22,324 - INFO -     Truck       : 0.4715
2025-11-26 21:11:22,324 - INFO -     Van         : 0.5432
2025-11-26 21:11:22,324 - INFO -     Bus         : 0.7079
2025-11-26 21:11:22,324 - INFO -     Pedestrian  : 0.4246
2025-11-26 21:11:22,324 - INFO -     Cyclist     : 0.5699
2025-11-26 21:11:22,324 - INFO -     Motorcyclist: 0.4667
2025-11-26 21:11:22,324 - INFO -     Trafficcone : 0.6266
2025-11-26 21:11:22,512 - INFO -   mAP_0.5_0.95 提升到 0.5676 (最佳epoch: 59)
2025-11-26 21:11:24,669 - INFO - 💾 保存最新检查点: logs/dset8_r18_20251126_155540/latest_checkpoint.pth
2025-11-26 21:11:27,566 - INFO - [DEBUG] Epoch 60: pruner.current_epoch=60, pruner.pruning_enabled=True, pruner.warmup_epochs=10
2025-11-26 21:11:35,346 - INFO - Epoch 60 | Batch 0 | Loss: 5.83 (Det: 5.64, MoE: 4.1277)
2025-11-26 21:14:15,754 - INFO - Epoch 60 | Batch 50 | Loss: 5.74 (Det: 5.54, MoE: 4.1275)
2025-11-26 21:16:42,708 - INFO - Epoch 60:
2025-11-26 21:16:42,709 - INFO -   训练损失: 5.78 | 验证损失: 0.91
2025-11-26 21:16:42,710 - INFO -   预测/目标: 201600/93434
2025-11-26 21:16:42,711 - INFO -   检测损失: 5.58
2025-11-26 21:16:42,711 - INFO -   Decoder MoE损失: 3.9806
2025-11-26 21:16:42,711 - INFO -   Encoder Patch-MoE Balance损失: 0.1468
2025-11-26 21:16:42,712 - INFO -   Encoder Patch-MoE Entropy损失: -2.0794
2025-11-26 21:16:42,712 - INFO -   Encoder MoE总损失: -1.9326
2025-11-26 21:16:42,712 - INFO -   Token Pruning损失: 0.000053
2025-11-26 21:16:42,712 - INFO -   MoE总损失: 4.1275
2025-11-26 21:16:42,712 - INFO -   Decoder专家使用率: [12.30%, 12.47%, 12.24%, 12.60%, 12.72%, 12.33%, 12.48%, 12.86%]
2025-11-26 21:16:42,712 - INFO -   ⏳ mAP_0.5_0.95 无改善 (1/35), 最佳值: 0.5676 (epoch 59)
2025-11-26 21:16:44,547 - INFO - 💾 保存最新检查点: logs/dset8_r18_20251126_155540/latest_checkpoint.pth
2025-11-26 21:16:53,802 - INFO - Epoch 61 | Batch 0 | Loss: 5.71 (Det: 5.52, MoE: 4.1405)
2025-11-26 21:19:13,252 - INFO - Epoch 61 | Batch 50 | Loss: 5.72 (Det: 5.52, MoE: 4.1385)
2025-11-26 21:21:47,601 - INFO - Epoch 61:
2025-11-26 21:21:47,601 - INFO -   训练损失: 5.75 | 验证损失: 0.90
2025-11-26 21:21:47,601 - INFO -   预测/目标: 201600/93434
2025-11-26 21:21:47,603 - INFO -   🎉 新的最佳验证损失: 0.90
2025-11-26 21:21:47,603 - INFO -   🎉 新的最佳mAP: 0.5684
2025-11-26 21:21:49,663 - INFO - 💾 保存最佳模型: logs/dset8_r18_20251126_155540/best_model.pth
2025-11-26 21:22:42,548 - INFO -   每个类别的 mAP@0.5:0.95:
2025-11-26 21:22:42,548 - INFO -     Car         : 0.7340
2025-11-26 21:22:42,548 - INFO -     Truck       : 0.4667
2025-11-26 21:22:42,548 - INFO -     Van         : 0.5416
2025-11-26 21:22:42,548 - INFO -     Bus         : 0.7084
2025-11-26 21:22:42,548 - INFO -     Pedestrian  : 0.4296
2025-11-26 21:22:42,548 - INFO -     Cyclist     : 0.5723
2025-11-26 21:22:42,548 - INFO -     Motorcyclist: 0.4679
2025-11-26 21:22:42,548 - INFO -     Trafficcone : 0.6264
2025-11-26 21:22:42,707 - INFO -   mAP_0.5_0.95 提升到 0.5684 (最佳epoch: 61)
2025-11-26 21:22:44,535 - INFO - 💾 保存最新检查点: logs/dset8_r18_20251126_155540/latest_checkpoint.pth
2025-11-26 21:22:54,012 - INFO - Epoch 62 | Batch 0 | Loss: 5.87 (Det: 5.68, MoE: 4.1352)
2025-11-26 21:25:43,069 - INFO - Epoch 62 | Batch 50 | Loss: 5.73 (Det: 5.53, MoE: 4.1177)
2025-11-26 21:28:31,768 - INFO - Epoch 62:
2025-11-26 21:28:31,768 - INFO -   训练损失: 5.75 | 验证损失: 0.90
2025-11-26 21:28:31,769 - INFO -   预测/目标: 201600/93434
2025-11-26 21:28:31,771 - INFO -   🎉 新的最佳mAP: 0.5690
2025-11-26 21:28:33,846 - INFO - 💾 保存最佳模型: logs/dset8_r18_20251126_155540/best_model.pth
2025-11-26 21:29:27,347 - INFO -   每个类别的 mAP@0.5:0.95:
2025-11-26 21:29:27,347 - INFO -     Car         : 0.7360
2025-11-26 21:29:27,347 - INFO -     Truck       : 0.4661
2025-11-26 21:29:27,347 - INFO -     Van         : 0.5362
2025-11-26 21:29:27,347 - INFO -     Bus         : 0.7118
2025-11-26 21:29:27,347 - INFO -     Pedestrian  : 0.4306
2025-11-26 21:29:27,347 - INFO -     Cyclist     : 0.5715
2025-11-26 21:29:27,347 - INFO -     Motorcyclist: 0.4740
2025-11-26 21:29:27,347 - INFO -     Trafficcone : 0.6255
2025-11-26 21:29:27,538 - INFO -   mAP_0.5_0.95 提升到 0.5690 (最佳epoch: 62)
2025-11-26 21:29:29,647 - INFO - 💾 保存最新检查点: logs/dset8_r18_20251126_155540/latest_checkpoint.pth
2025-11-26 21:29:39,430 - INFO - Epoch 63 | Batch 0 | Loss: 5.74 (Det: 5.55, MoE: 4.1128)
2025-11-26 21:31:58,993 - INFO - Epoch 63 | Batch 50 | Loss: 5.67 (Det: 5.47, MoE: 4.1300)
2025-11-26 21:34:27,643 - INFO - Epoch 63:
2025-11-26 21:34:27,645 - INFO -   训练损失: 5.73 | 验证损失: 0.90
2025-11-26 21:34:27,645 - INFO -   预测/目标: 201600/93434
2025-11-26 21:34:27,646 - INFO -   ⏳ mAP_0.5_0.95 无改善 (1/35), 最佳值: 0.5690 (epoch 62)
2025-11-26 21:34:29,747 - INFO - 💾 保存最新检查点: logs/dset8_r18_20251126_155540/latest_checkpoint.pth
2025-11-26 21:34:41,573 - INFO - Epoch 64 | Batch 0 | Loss: 5.73 (Det: 5.54, MoE: 4.1203)
2025-11-26 21:37:09,530 - INFO - Epoch 64 | Batch 50 | Loss: 5.62 (Det: 5.43, MoE: 4.1276)
2025-11-26 21:39:45,447 - INFO - Epoch 64:
2025-11-26 21:39:45,448 - INFO -   训练损失: 5.70 | 验证损失: 0.90
2025-11-26 21:39:45,448 - INFO -   预测/目标: 201600/93434
2025-11-26 21:39:45,450 - INFO -   ⏳ mAP_0.5_0.95 无改善 (2/35), 最佳值: 0.5690 (epoch 62)
2025-11-26 21:39:47,516 - INFO - 💾 保存最新检查点: logs/dset8_r18_20251126_155540/latest_checkpoint.pth
2025-11-26 21:39:50,441 - INFO - [DEBUG] Epoch 65: pruner.current_epoch=65, pruner.pruning_enabled=True, pruner.warmup_epochs=10
2025-11-26 21:39:57,348 - INFO - Epoch 65 | Batch 0 | Loss: 5.66 (Det: 5.47, MoE: 4.1146)
2025-11-26 21:42:39,864 - INFO - Epoch 65 | Batch 50 | Loss: 5.64 (Det: 5.44, MoE: 4.1316)
2025-11-26 21:45:08,405 - INFO - Epoch 65:
2025-11-26 21:45:08,406 - INFO -   训练损失: 5.69 | 验证损失: 0.90
2025-11-26 21:45:08,407 - INFO -   预测/目标: 201600/93434
2025-11-26 21:45:08,408 - INFO -   检测损失: 5.50
2025-11-26 21:45:08,409 - INFO -   Decoder MoE损失: 3.9831
2025-11-26 21:45:08,409 - INFO -   Encoder Patch-MoE Balance损失: 0.1497
2025-11-26 21:45:08,409 - INFO -   Encoder Patch-MoE Entropy损失: -2.0794
2025-11-26 21:45:08,409 - INFO -   Encoder MoE总损失: -1.9298
2025-11-26 21:45:08,409 - INFO -   Token Pruning损失: 0.000046
2025-11-26 21:45:08,409 - INFO -   MoE总损失: 4.1328
2025-11-26 21:45:08,409 - INFO -   Decoder专家使用率: [12.35%, 12.31%, 12.24%, 12.71%, 12.69%, 12.34%, 12.58%, 12.78%]
2025-11-26 21:45:08,409 - INFO -   🎉 新的最佳验证损失: 0.90
2025-11-26 21:45:08,409 - INFO -   🎉 新的最佳mAP: 0.5727
2025-11-26 21:45:12,078 - INFO - 💾 保存最佳模型: logs/dset8_r18_20251126_155540/best_model.pth
2025-11-26 21:46:12,132 - INFO -   每个类别的 mAP@0.5:0.95:
2025-11-26 21:46:12,132 - INFO -     Car         : 0.7397
2025-11-26 21:46:12,132 - INFO -     Truck       : 0.4745
2025-11-26 21:46:12,132 - INFO -     Van         : 0.5440
2025-11-26 21:46:12,132 - INFO -     Bus         : 0.7187
2025-11-26 21:46:12,132 - INFO -     Pedestrian  : 0.4320
2025-11-26 21:46:12,132 - INFO -     Cyclist     : 0.5749
2025-11-26 21:46:12,132 - INFO -     Motorcyclist: 0.4731
2025-11-26 21:46:12,132 - INFO -     Trafficcone : 0.6251
2025-11-26 21:46:12,362 - INFO -   mAP_0.5_0.95 提升到 0.5727 (最佳epoch: 65)
2025-11-26 21:46:14,487 - INFO - 💾 保存最新检查点: logs/dset8_r18_20251126_155540/latest_checkpoint.pth
2025-11-26 21:46:25,340 - INFO - Epoch 66 | Batch 0 | Loss: 5.73 (Det: 5.53, MoE: 4.1269)
2025-11-26 21:49:08,880 - INFO - Epoch 66 | Batch 50 | Loss: 5.65 (Det: 5.46, MoE: 4.1260)
2025-11-26 21:51:44,937 - INFO - Epoch 66:
2025-11-26 21:51:44,938 - INFO -   训练损失: 5.68 | 验证损失: 0.91
2025-11-26 21:51:44,938 - INFO -   预测/目标: 201600/93434
2025-11-26 21:51:44,939 - INFO -   ⏳ mAP_0.5_0.95 无改善 (1/35), 最佳值: 0.5727 (epoch 65)
2025-11-26 21:51:46,234 - INFO - 💾 保存最新检查点: logs/dset8_r18_20251126_155540/latest_checkpoint.pth
2025-11-26 21:51:59,651 - INFO - Epoch 67 | Batch 0 | Loss: 5.68 (Det: 5.48, MoE: 4.1321)
2025-11-26 21:54:52,391 - INFO - Epoch 67 | Batch 50 | Loss: 5.67 (Det: 5.48, MoE: 4.1269)
2025-11-26 21:57:18,175 - INFO - Epoch 67:
2025-11-26 21:57:18,175 - INFO -   训练损失: 5.66 | 验证损失: 0.90
2025-11-26 21:57:18,176 - INFO -   预测/目标: 201600/93434
2025-11-26 21:57:18,177 - INFO -   🎉 新的最佳mAP: 0.5731
2025-11-26 21:57:19,835 - INFO - 💾 保存最佳模型: logs/dset8_r18_20251126_155540/best_model.pth
2025-11-26 21:58:12,220 - INFO -   每个类别的 mAP@0.5:0.95:
2025-11-26 21:58:12,220 - INFO -     Car         : 0.7398
2025-11-26 21:58:12,220 - INFO -     Truck       : 0.4756
2025-11-26 21:58:12,220 - INFO -     Van         : 0.5413
2025-11-26 21:58:12,220 - INFO -     Bus         : 0.7211
2025-11-26 21:58:12,220 - INFO -     Pedestrian  : 0.4328
2025-11-26 21:58:12,220 - INFO -     Cyclist     : 0.5758
2025-11-26 21:58:12,220 - INFO -     Motorcyclist: 0.4743
2025-11-26 21:58:12,220 - INFO -     Trafficcone : 0.6242
2025-11-26 21:58:12,410 - INFO -   mAP_0.5_0.95 提升到 0.5731 (最佳epoch: 67)
2025-11-26 21:58:13,754 - INFO - 💾 保存最新检查点: logs/dset8_r18_20251126_155540/latest_checkpoint.pth
2025-11-26 21:58:24,158 - INFO - Epoch 68 | Batch 0 | Loss: 5.60 (Det: 5.40, MoE: 4.1299)
2025-11-26 22:00:57,984 - INFO - Epoch 68 | Batch 50 | Loss: 5.70 (Det: 5.50, MoE: 4.1401)
2025-11-26 22:03:25,068 - INFO - Epoch 68:
2025-11-26 22:03:25,068 - INFO -   训练损失: 5.64 | 验证损失: 0.90
2025-11-26 22:03:25,069 - INFO -   预测/目标: 201600/93434
2025-11-26 22:03:25,069 - INFO -   ⏳ mAP_0.5_0.95 无改善 (1/35), 最佳值: 0.5731 (epoch 67)
2025-11-26 22:03:26,256 - INFO - 💾 保存最新检查点: logs/dset8_r18_20251126_155540/latest_checkpoint.pth
2025-11-26 22:03:34,765 - INFO - Epoch 69 | Batch 0 | Loss: 5.65 (Det: 5.45, MoE: 4.1263)
2025-11-26 22:06:16,289 - INFO - Epoch 69 | Batch 50 | Loss: 5.68 (Det: 5.48, MoE: 4.1196)
2025-11-26 22:08:43,176 - INFO - Epoch 69:
2025-11-26 22:08:43,177 - INFO -   训练损失: 5.66 | 验证损失: 0.90
2025-11-26 22:08:43,177 - INFO -   预测/目标: 201600/93434
2025-11-26 22:08:43,179 - INFO -   ⏳ mAP_0.5_0.95 无改善 (2/35), 最佳值: 0.5731 (epoch 67)
2025-11-26 22:08:44,559 - INFO - 💾 保存最新检查点: logs/dset8_r18_20251126_155540/latest_checkpoint.pth
2025-11-26 22:08:47,124 - INFO - [DEBUG] Epoch 70: pruner.current_epoch=70, pruner.pruning_enabled=True, pruner.warmup_epochs=10
2025-11-26 22:08:56,389 - INFO - Epoch 70 | Batch 0 | Loss: 5.61 (Det: 5.41, MoE: 4.1544)
2025-11-26 22:11:15,348 - INFO - Epoch 70 | Batch 50 | Loss: 5.66 (Det: 5.47, MoE: 4.1524)
2025-11-26 22:13:43,382 - INFO - Epoch 70:
2025-11-26 22:13:43,383 - INFO -   训练损失: 5.64 | 验证损失: 0.90
2025-11-26 22:13:43,384 - INFO -   预测/目标: 201600/93434
2025-11-26 22:13:43,384 - INFO -   检测损失: 5.45
2025-11-26 22:13:43,385 - INFO -   Decoder MoE损失: 3.9890
2025-11-26 22:13:43,385 - INFO -   Encoder Patch-MoE Balance损失: 0.1525
2025-11-26 22:13:43,385 - INFO -   Encoder Patch-MoE Entropy损失: -2.0794
2025-11-26 22:13:43,385 - INFO -   Encoder MoE总损失: -1.9270
2025-11-26 22:13:43,386 - INFO -   Token Pruning损失: 0.000042
2025-11-26 22:13:43,386 - INFO -   MoE总损失: 4.1414
2025-11-26 22:13:43,386 - INFO -   Decoder专家使用率: [12.42%, 12.46%, 12.24%, 12.59%, 12.70%, 12.36%, 12.56%, 12.65%]
2025-11-26 22:13:43,386 - INFO -   ⏳ mAP_0.5_0.95 无改善 (3/35), 最佳值: 0.5731 (epoch 67)
2025-11-26 22:13:44,689 - INFO - 💾 保存最新检查点: logs/dset8_r18_20251126_155540/latest_checkpoint.pth
2025-11-26 22:13:53,735 - INFO - Epoch 71 | Batch 0 | Loss: 5.68 (Det: 5.49, MoE: 4.1249)
2025-11-26 22:16:44,564 - INFO - Epoch 71 | Batch 50 | Loss: 5.77 (Det: 5.57, MoE: 4.1396)
2025-11-26 22:19:11,839 - INFO - Epoch 71:
2025-11-26 22:19:11,841 - INFO -   训练损失: 5.61 | 验证损失: 0.90
2025-11-26 22:19:11,842 - INFO -   预测/目标: 201600/93434
2025-11-26 22:19:11,842 - INFO -   🎉 新的最佳mAP: 0.5738
2025-11-26 22:19:13,447 - INFO - 💾 保存最佳模型: logs/dset8_r18_20251126_155540/best_model.pth
2025-11-26 22:20:06,300 - INFO -   每个类别的 mAP@0.5:0.95:
2025-11-26 22:20:06,300 - INFO -     Car         : 0.7412
2025-11-26 22:20:06,300 - INFO -     Truck       : 0.4771
2025-11-26 22:20:06,300 - INFO -     Van         : 0.5426
2025-11-26 22:20:06,300 - INFO -     Bus         : 0.7212
2025-11-26 22:20:06,300 - INFO -     Pedestrian  : 0.4356
2025-11-26 22:20:06,300 - INFO -     Cyclist     : 0.5739
2025-11-26 22:20:06,300 - INFO -     Motorcyclist: 0.4747
2025-11-26 22:20:06,300 - INFO -     Trafficcone : 0.6242
2025-11-26 22:20:06,464 - INFO -   mAP_0.5_0.95 提升到 0.5738 (最佳epoch: 71)
2025-11-26 22:20:07,742 - INFO - 💾 保存最新检查点: logs/dset8_r18_20251126_155540/latest_checkpoint.pth
2025-11-26 22:20:17,467 - INFO - Epoch 72 | Batch 0 | Loss: 5.58 (Det: 5.39, MoE: 4.1268)
2025-11-26 22:22:36,513 - INFO - Epoch 72 | Batch 50 | Loss: 5.66 (Det: 5.46, MoE: 4.1364)
2025-11-26 22:25:03,466 - INFO - Epoch 72:
2025-11-26 22:25:03,467 - INFO -   训练损失: 5.59 | 验证损失: 0.90
2025-11-26 22:25:03,468 - INFO -   预测/目标: 201600/93434
2025-11-26 22:25:03,469 - INFO -   🎉 新的最佳验证损失: 0.90
2025-11-26 22:25:03,470 - INFO -   🎉 新的最佳mAP: 0.5743
2025-11-26 22:25:04,713 - INFO - 💾 保存最佳模型: logs/dset8_r18_20251126_155540/best_model.pth
2025-11-26 22:25:57,603 - INFO -   每个类别的 mAP@0.5:0.95:
2025-11-26 22:25:57,604 - INFO -     Car         : 0.7423
2025-11-26 22:25:57,604 - INFO -     Truck       : 0.4784
2025-11-26 22:25:57,604 - INFO -     Van         : 0.5432
2025-11-26 22:25:57,604 - INFO -     Bus         : 0.7172
2025-11-26 22:25:57,604 - INFO -     Pedestrian  : 0.4359
2025-11-26 22:25:57,604 - INFO -     Cyclist     : 0.5753
2025-11-26 22:25:57,604 - INFO -     Motorcyclist: 0.4775
2025-11-26 22:25:57,604 - INFO -     Trafficcone : 0.6250
2025-11-26 22:25:57,786 - INFO -   mAP_0.5_0.95 提升到 0.5743 (最佳epoch: 72)
2025-11-26 22:25:59,744 - INFO - 💾 保存最新检查点: logs/dset8_r18_20251126_155540/latest_checkpoint.pth
2025-11-26 22:26:09,042 - INFO - Epoch 73 | Batch 0 | Loss: 5.60 (Det: 5.41, MoE: 4.1314)
2025-11-26 22:28:28,480 - INFO - Epoch 73 | Batch 50 | Loss: 5.51 (Det: 5.32, MoE: 4.1239)
2025-11-26 22:30:56,774 - INFO - Epoch 73:
2025-11-26 22:30:56,775 - INFO -   训练损失: 5.57 | 验证损失: 0.90
2025-11-26 22:30:56,776 - INFO -   预测/目标: 201600/93434
2025-11-26 22:30:56,776 - INFO -   🎉 新的最佳验证损失: 0.90
2025-11-26 22:30:56,777 - INFO -   ⏳ mAP_0.5_0.95 无改善 (1/35), 最佳值: 0.5743 (epoch 72)
2025-11-26 22:30:57,937 - INFO - 💾 保存最新检查点: logs/dset8_r18_20251126_155540/latest_checkpoint.pth
2025-11-26 22:31:08,412 - INFO - Epoch 74 | Batch 0 | Loss: 5.63 (Det: 5.43, MoE: 4.1451)
2025-11-26 22:33:26,772 - INFO - Epoch 74 | Batch 50 | Loss: 5.58 (Det: 5.39, MoE: 4.1295)
2025-11-26 22:35:54,559 - INFO - Epoch 74:
2025-11-26 22:35:54,560 - INFO -   训练损失: 5.55 | 验证损失: 0.90
2025-11-26 22:35:54,560 - INFO -   预测/目标: 201600/93434
2025-11-26 22:35:54,561 - INFO -   🎉 新的最佳mAP: 0.5746
2025-11-26 22:35:55,989 - INFO - 💾 保存最佳模型: logs/dset8_r18_20251126_155540/best_model.pth
2025-11-26 22:36:49,260 - INFO -   每个类别的 mAP@0.5:0.95:
2025-11-26 22:36:49,261 - INFO -     Car         : 0.7403
2025-11-26 22:36:49,261 - INFO -     Truck       : 0.4835
2025-11-26 22:36:49,261 - INFO -     Van         : 0.5391
2025-11-26 22:36:49,261 - INFO -     Bus         : 0.7202
2025-11-26 22:36:49,261 - INFO -     Pedestrian  : 0.4353
2025-11-26 22:36:49,261 - INFO -     Cyclist     : 0.5778
2025-11-26 22:36:49,261 - INFO -     Motorcyclist: 0.4778
2025-11-26 22:36:49,261 - INFO -     Trafficcone : 0.6232
2025-11-26 22:36:49,447 - INFO -   mAP_0.5_0.95 提升到 0.5746 (最佳epoch: 74)
2025-11-26 22:36:50,882 - INFO - 💾 保存最新检查点: logs/dset8_r18_20251126_155540/latest_checkpoint.pth
2025-11-26 22:36:53,456 - INFO - [DEBUG] Epoch 75: pruner.current_epoch=75, pruner.pruning_enabled=True, pruner.warmup_epochs=10
2025-11-26 22:37:02,069 - INFO - Epoch 75 | Batch 0 | Loss: 5.63 (Det: 5.44, MoE: 4.1287)
2025-11-26 22:39:20,704 - INFO - Epoch 75 | Batch 50 | Loss: 5.61 (Det: 5.42, MoE: 4.1370)
2025-11-26 22:41:47,099 - INFO - Epoch 75:
2025-11-26 22:41:47,099 - INFO -   训练损失: 5.56 | 验证损失: 0.90
2025-11-26 22:41:47,100 - INFO -   预测/目标: 201600/93434
2025-11-26 22:41:47,101 - INFO -   检测损失: 5.36
2025-11-26 22:41:47,101 - INFO -   Decoder MoE损失: 3.9830
2025-11-26 22:41:47,102 - INFO -   Encoder Patch-MoE Balance损失: 0.1495
2025-11-26 22:41:47,102 - INFO -   Encoder Patch-MoE Entropy损失: -2.0794
2025-11-26 22:41:47,102 - INFO -   Encoder MoE总损失: -1.9300
2025-11-26 22:41:47,102 - INFO -   Token Pruning损失: 0.000037
2025-11-26 22:41:47,102 - INFO -   MoE总损失: 4.1325
2025-11-26 22:41:47,102 - INFO -   Decoder专家使用率: [12.33%, 12.47%, 12.20%, 12.42%, 12.66%, 12.33%, 12.69%, 12.88%]
2025-11-26 22:41:47,102 - INFO -   ⏳ mAP_0.5_0.95 无改善 (1/35), 最佳值: 0.5746 (epoch 74)
2025-11-26 22:41:48,393 - INFO - 💾 保存最新检查点: logs/dset8_r18_20251126_155540/latest_checkpoint.pth
2025-11-26 22:41:58,446 - INFO - Epoch 76 | Batch 0 | Loss: 5.46 (Det: 5.27, MoE: 4.1270)
2025-11-26 22:44:16,760 - INFO - Epoch 76 | Batch 50 | Loss: 5.57 (Det: 5.38, MoE: 4.1411)
2025-11-26 22:46:45,013 - INFO - Epoch 76:
2025-11-26 22:46:45,014 - INFO -   训练损失: 5.53 | 验证损失: 0.90
2025-11-26 22:46:45,016 - INFO -   预测/目标: 201600/93434
2025-11-26 22:46:45,016 - INFO -   🎉 新的最佳验证损失: 0.90
2025-11-26 22:46:45,016 - INFO -   🎉 新的最佳mAP: 0.5752
2025-11-26 22:46:46,969 - INFO - 💾 保存最佳模型: logs/dset8_r18_20251126_155540/best_model.pth
2025-11-26 22:47:39,971 - INFO -   每个类别的 mAP@0.5:0.95:
2025-11-26 22:47:39,972 - INFO -     Car         : 0.7423
2025-11-26 22:47:39,972 - INFO -     Truck       : 0.4845
2025-11-26 22:47:39,972 - INFO -     Van         : 0.5379
2025-11-26 22:47:39,972 - INFO -     Bus         : 0.7226
2025-11-26 22:47:39,972 - INFO -     Pedestrian  : 0.4365
2025-11-26 22:47:39,972 - INFO -     Cyclist     : 0.5737
2025-11-26 22:47:39,972 - INFO -     Motorcyclist: 0.4790
2025-11-26 22:47:39,972 - INFO -     Trafficcone : 0.6255
2025-11-26 22:47:40,137 - INFO -   mAP_0.5_0.95 提升到 0.5752 (最佳epoch: 76)
2025-11-26 22:47:42,177 - INFO - 💾 保存最新检查点: logs/dset8_r18_20251126_155540/latest_checkpoint.pth
2025-11-26 22:47:51,114 - INFO - Epoch 77 | Batch 0 | Loss: 5.51 (Det: 5.32, MoE: 4.1279)
2025-11-26 22:50:11,230 - INFO - Epoch 77 | Batch 50 | Loss: 5.57 (Det: 5.38, MoE: 4.1119)
2025-11-26 22:52:39,525 - INFO - Epoch 77:
2025-11-26 22:52:39,526 - INFO -   训练损失: 5.51 | 验证损失: 0.90
2025-11-26 22:52:39,527 - INFO -   预测/目标: 201600/93434
2025-11-26 22:52:39,528 - INFO -   ⏳ mAP_0.5_0.95 无改善 (1/35), 最佳值: 0.5752 (epoch 76)
2025-11-26 22:52:41,492 - INFO - 💾 保存最新检查点: logs/dset8_r18_20251126_155540/latest_checkpoint.pth
2025-11-26 22:52:50,751 - INFO - Epoch 78 | Batch 0 | Loss: 5.56 (Det: 5.36, MoE: 4.1248)
2025-11-26 22:55:10,380 - INFO - Epoch 78 | Batch 50 | Loss: 5.54 (Det: 5.35, MoE: 4.1298)
2025-11-26 22:57:37,889 - INFO - Epoch 78:
2025-11-26 22:57:37,890 - INFO -   训练损失: 5.50 | 验证损失: 0.90
2025-11-26 22:57:37,890 - INFO -   预测/目标: 201600/93434
2025-11-26 22:57:37,891 - INFO -   ⏳ mAP_0.5_0.95 无改善 (2/35), 最佳值: 0.5752 (epoch 76)
2025-11-26 22:57:39,901 - INFO - 💾 保存最新检查点: logs/dset8_r18_20251126_155540/latest_checkpoint.pth
2025-11-26 22:57:50,734 - INFO - Epoch 79 | Batch 0 | Loss: 5.42 (Det: 5.23, MoE: 4.1422)
2025-11-26 23:00:10,300 - INFO - Epoch 79 | Batch 50 | Loss: 5.50 (Det: 5.30, MoE: 4.1355)
2025-11-26 23:02:38,489 - INFO - Epoch 79:
2025-11-26 23:02:38,491 - INFO -   训练损失: 5.50 | 验证损失: 0.90
2025-11-26 23:02:38,491 - INFO -   预测/目标: 201600/93434
2025-11-26 23:02:38,491 - INFO -   🎉 新的最佳mAP: 0.5755
2025-11-26 23:02:40,482 - INFO - 💾 保存最佳模型: logs/dset8_r18_20251126_155540/best_model.pth
2025-11-26 23:03:33,824 - INFO -   每个类别的 mAP@0.5:0.95:
2025-11-26 23:03:33,824 - INFO -     Car         : 0.7436
2025-11-26 23:03:33,824 - INFO -     Truck       : 0.4891
2025-11-26 23:03:33,824 - INFO -     Van         : 0.5304
2025-11-26 23:03:33,824 - INFO -     Bus         : 0.7259
2025-11-26 23:03:33,824 - INFO -     Pedestrian  : 0.4355
2025-11-26 23:03:33,824 - INFO -     Cyclist     : 0.5749
2025-11-26 23:03:33,824 - INFO -     Motorcyclist: 0.4819
2025-11-26 23:03:33,824 - INFO -     Trafficcone : 0.6229
2025-11-26 23:03:34,042 - INFO -   mAP_0.5_0.95 提升到 0.5755 (最佳epoch: 79)
2025-11-26 23:03:36,353 - INFO - 💾 保存最新检查点: logs/dset8_r18_20251126_155540/latest_checkpoint.pth
2025-11-26 23:03:38,961 - INFO - [DEBUG] Epoch 80: pruner.current_epoch=80, pruner.pruning_enabled=True, pruner.warmup_epochs=10
2025-11-26 23:03:46,032 - INFO - Epoch 80 | Batch 0 | Loss: 5.45 (Det: 5.26, MoE: 4.1608)
2025-11-26 23:06:05,271 - INFO - Epoch 80 | Batch 50 | Loss: 5.46 (Det: 5.26, MoE: 4.1558)
2025-11-26 23:08:33,110 - INFO - Epoch 80:
2025-11-26 23:08:33,111 - INFO -   训练损失: 5.49 | 验证损失: 0.90
2025-11-26 23:08:33,113 - INFO -   预测/目标: 201600/93434
2025-11-26 23:08:33,113 - INFO -   检测损失: 5.29
2025-11-26 23:08:33,113 - INFO -   Decoder MoE损失: 3.9892
2025-11-26 23:08:33,113 - INFO -   Encoder Patch-MoE Balance损失: 0.1487
2025-11-26 23:08:33,113 - INFO -   Encoder Patch-MoE Entropy损失: -2.0794
2025-11-26 23:08:33,114 - INFO -   Encoder MoE总损失: -1.9307
2025-11-26 23:08:33,114 - INFO -   Token Pruning损失: 0.000034
2025-11-26 23:08:33,114 - INFO -   MoE总损失: 4.1380
2025-11-26 23:08:33,114 - INFO -   Decoder专家使用率: [12.43%, 12.40%, 12.20%, 12.58%, 12.66%, 12.38%, 12.62%, 12.73%]
2025-11-26 23:08:33,114 - INFO -   🎉 新的最佳验证损失: 0.90
2025-11-26 23:08:33,114 - INFO -   🎉 新的最佳mAP: 0.5780
2025-11-26 23:08:35,074 - INFO - 💾 保存最佳模型: logs/dset8_r18_20251126_155540/best_model.pth
2025-11-26 23:09:28,197 - INFO -   每个类别的 mAP@0.5:0.95:
2025-11-26 23:09:28,198 - INFO -     Car         : 0.7467
2025-11-26 23:09:28,198 - INFO -     Truck       : 0.4924
2025-11-26 23:09:28,198 - INFO -     Van         : 0.5366
2025-11-26 23:09:28,198 - INFO -     Bus         : 0.7315
2025-11-26 23:09:28,198 - INFO -     Pedestrian  : 0.4367
2025-11-26 23:09:28,198 - INFO -     Cyclist     : 0.5746
2025-11-26 23:09:28,198 - INFO -     Motorcyclist: 0.4807
2025-11-26 23:09:28,198 - INFO -     Trafficcone : 0.6247
2025-11-26 23:09:28,386 - INFO -   mAP_0.5_0.95 提升到 0.5780 (最佳epoch: 80)
2025-11-26 23:09:30,263 - INFO - 💾 保存最新检查点: logs/dset8_r18_20251126_155540/latest_checkpoint.pth
2025-11-26 23:09:42,323 - INFO - Epoch 81 | Batch 0 | Loss: 5.41 (Det: 5.22, MoE: 4.1357)
2025-11-26 23:12:01,096 - INFO - Epoch 81 | Batch 50 | Loss: 5.49 (Det: 5.30, MoE: 4.1516)
2025-11-26 23:14:28,693 - INFO - Epoch 81:
2025-11-26 23:14:28,694 - INFO -   训练损失: 5.49 | 验证损失: 0.90
2025-11-26 23:14:28,695 - INFO -   预测/目标: 201600/93434
2025-11-26 23:14:28,695 - INFO -   ⏳ mAP_0.5_0.95 无改善 (1/35), 最佳值: 0.5780 (epoch 80)
2025-11-26 23:14:30,493 - INFO - 💾 保存最新检查点: logs/dset8_r18_20251126_155540/latest_checkpoint.pth
2025-11-26 23:14:40,513 - INFO - Epoch 82 | Batch 0 | Loss: 5.47 (Det: 5.28, MoE: 4.1361)
2025-11-26 23:16:59,467 - INFO - Epoch 82 | Batch 50 | Loss: 5.52 (Det: 5.33, MoE: 4.1259)
2025-11-26 23:19:28,378 - INFO - Epoch 82:
2025-11-26 23:19:28,380 - INFO -   训练损失: 5.45 | 验证损失: 0.90
2025-11-26 23:19:28,381 - INFO -   预测/目标: 201600/93434
2025-11-26 23:19:28,382 - INFO -   ⏳ mAP_0.5_0.95 无改善 (2/35), 最佳值: 0.5780 (epoch 80)
2025-11-26 23:19:30,605 - INFO - 💾 保存最新检查点: logs/dset8_r18_20251126_155540/latest_checkpoint.pth
2025-11-26 23:19:39,605 - INFO - Epoch 83 | Batch 0 | Loss: 5.39 (Det: 5.20, MoE: 4.1295)
2025-11-26 23:21:59,441 - INFO - Epoch 83 | Batch 50 | Loss: 5.49 (Det: 5.30, MoE: 4.1511)
2025-11-26 23:24:27,862 - INFO - Epoch 83:
2025-11-26 23:24:27,863 - INFO -   训练损失: 5.43 | 验证损失: 0.90
2025-11-26 23:24:27,864 - INFO -   预测/目标: 201600/93434
2025-11-26 23:24:27,865 - INFO -   ⏳ mAP_0.5_0.95 无改善 (3/35), 最佳值: 0.5780 (epoch 80)
2025-11-26 23:24:29,981 - INFO - 💾 保存最新检查点: logs/dset8_r18_20251126_155540/latest_checkpoint.pth
2025-11-26 23:24:39,041 - INFO - Epoch 84 | Batch 0 | Loss: 5.42 (Det: 5.22, MoE: 4.1469)
2025-11-26 23:26:58,293 - INFO - Epoch 84 | Batch 50 | Loss: 5.32 (Det: 5.13, MoE: 4.1264)
2025-11-26 23:29:25,679 - INFO - Epoch 84:
2025-11-26 23:29:25,681 - INFO -   训练损失: 5.42 | 验证损失: 0.90
2025-11-26 23:29:25,681 - INFO -   预测/目标: 201600/93434
2025-11-26 23:29:25,681 - INFO -   ⏳ mAP_0.5_0.95 无改善 (4/35), 最佳值: 0.5780 (epoch 80)
2025-11-26 23:29:27,885 - INFO - 💾 保存最新检查点: logs/dset8_r18_20251126_155540/latest_checkpoint.pth
2025-11-26 23:29:30,389 - INFO - [DEBUG] Epoch 85: pruner.current_epoch=85, pruner.pruning_enabled=True, pruner.warmup_epochs=10
2025-11-26 23:29:37,127 - INFO - Epoch 85 | Batch 0 | Loss: 5.37 (Det: 5.18, MoE: 4.1155)
2025-11-26 23:31:55,820 - INFO - Epoch 85 | Batch 50 | Loss: 5.37 (Det: 5.18, MoE: 4.1389)
2025-11-26 23:34:22,986 - INFO - Epoch 85:
2025-11-26 23:34:22,986 - INFO -   训练损失: 5.41 | 验证损失: 0.90
2025-11-26 23:34:22,986 - INFO -   预测/目标: 201600/93434
2025-11-26 23:34:22,987 - INFO -   检测损失: 5.22
2025-11-26 23:34:22,988 - INFO -   Decoder MoE损失: 3.9809
2025-11-26 23:34:22,989 - INFO -   Encoder Patch-MoE Balance损失: 0.1461
2025-11-26 23:34:22,989 - INFO -   Encoder Patch-MoE Entropy损失: -2.0794
2025-11-26 23:34:22,989 - INFO -   Encoder MoE总损失: -1.9333
2025-11-26 23:34:22,989 - INFO -   Token Pruning损失: 0.000030
2025-11-26 23:34:22,989 - INFO -   MoE总损失: 4.1270
2025-11-26 23:34:22,989 - INFO -   Decoder专家使用率: [12.25%, 12.44%, 12.16%, 12.58%, 12.69%, 12.40%, 12.68%, 12.80%]
2025-11-26 23:34:22,989 - INFO -   ⏳ mAP_0.5_0.95 无改善 (5/35), 最佳值: 0.5780 (epoch 80)
2025-11-26 23:34:24,988 - INFO - 💾 保存最新检查点: logs/dset8_r18_20251126_155540/latest_checkpoint.pth
2025-11-26 23:34:34,459 - INFO - Epoch 86 | Batch 0 | Loss: 5.43 (Det: 5.24, MoE: 4.1284)
2025-11-26 23:36:53,782 - INFO - Epoch 86 | Batch 50 | Loss: 5.31 (Det: 5.11, MoE: 4.1470)
2025-11-26 23:39:25,723 - INFO - Epoch 86:
2025-11-26 23:39:25,723 - INFO -   训练损失: 5.41 | 验证损失: 0.91
2025-11-26 23:39:25,725 - INFO -   预测/目标: 201600/93434
2025-11-26 23:39:25,725 - INFO -   ⏳ mAP_0.5_0.95 无改善 (6/35), 最佳值: 0.5780 (epoch 80)
2025-11-26 23:39:31,291 - INFO - 💾 保存最新检查点: logs/dset8_r18_20251126_155540/latest_checkpoint.pth
2025-11-26 23:39:46,189 - INFO - Epoch 87 | Batch 0 | Loss: 5.47 (Det: 5.27, MoE: 4.1401)
2025-11-26 23:42:07,146 - INFO - Epoch 87 | Batch 50 | Loss: 5.32 (Det: 5.13, MoE: 4.1181)
2025-11-26 23:44:39,819 - INFO - Epoch 87:
2025-11-26 23:44:39,819 - INFO -   训练损失: 5.39 | 验证损失: 0.91
2025-11-26 23:44:39,820 - INFO -   预测/目标: 201600/93434
2025-11-26 23:44:39,821 - INFO -   ⏳ mAP_0.5_0.95 无改善 (7/35), 最佳值: 0.5780 (epoch 80)
2025-11-26 23:44:45,384 - INFO - 💾 保存最新检查点: logs/dset8_r18_20251126_155540/latest_checkpoint.pth
2025-11-26 23:44:59,895 - INFO - Epoch 88 | Batch 0 | Loss: 5.29 (Det: 5.10, MoE: 4.1337)
2025-11-26 23:47:22,269 - INFO - Epoch 88 | Batch 50 | Loss: 5.41 (Det: 5.21, MoE: 4.1400)
2025-11-26 23:49:52,552 - INFO - Epoch 88:
2025-11-26 23:49:52,554 - INFO -   训练损失: 5.40 | 验证损失: 0.91
2025-11-26 23:49:52,555 - INFO -   预测/目标: 201600/93434
2025-11-26 23:49:52,556 - INFO -   ⏳ mAP_0.5_0.95 无改善 (8/35), 最佳值: 0.5780 (epoch 80)
2025-11-26 23:49:53,894 - INFO - 💾 保存最新检查点: logs/dset8_r18_20251126_155540/latest_checkpoint.pth
2025-11-26 23:50:05,181 - INFO - Epoch 89 | Batch 0 | Loss: 5.39 (Det: 5.20, MoE: 4.1163)
2025-11-26 23:52:25,163 - INFO - Epoch 89 | Batch 50 | Loss: 5.32 (Det: 5.13, MoE: 4.1289)
2025-11-26 23:54:58,030 - INFO - Epoch 89:
2025-11-26 23:54:58,031 - INFO -   训练损失: 5.37 | 验证损失: 0.91
2025-11-26 23:54:58,032 - INFO -   预测/目标: 201600/93434
2025-11-26 23:54:58,033 - INFO -   ⏳ mAP_0.5_0.95 无改善 (9/35), 最佳值: 0.5780 (epoch 80)
2025-11-26 23:55:00,192 - INFO - 💾 保存最新检查点: logs/dset8_r18_20251126_155540/latest_checkpoint.pth
2025-11-26 23:55:02,675 - INFO - [DEBUG] Epoch 90: pruner.current_epoch=90, pruner.pruning_enabled=True, pruner.warmup_epochs=10
2025-11-26 23:55:13,286 - INFO - Epoch 90 | Batch 0 | Loss: 5.35 (Det: 5.16, MoE: 4.1267)
2025-11-26 23:57:34,249 - INFO - Epoch 90 | Batch 50 | Loss: 5.38 (Det: 5.18, MoE: 4.1372)
2025-11-27 00:00:05,200 - INFO - Epoch 90:
2025-11-27 00:00:05,202 - INFO -   训练损失: 5.36 | 验证损失: 0.91
2025-11-27 00:00:05,204 - INFO -   预测/目标: 201600/93434
2025-11-27 00:00:05,204 - INFO -   检测损失: 5.16
2025-11-27 00:00:05,204 - INFO -   Decoder MoE损失: 3.9827
2025-11-27 00:00:05,204 - INFO -   Encoder Patch-MoE Balance损失: 0.1469
2025-11-27 00:00:05,204 - INFO -   Encoder Patch-MoE Entropy损失: -2.0794
2025-11-27 00:00:05,204 - INFO -   Encoder MoE总损失: -1.9326
2025-11-27 00:00:05,204 - INFO -   Token Pruning损失: 0.000028
2025-11-27 00:00:05,204 - INFO -   MoE总损失: 4.1296
2025-11-27 00:00:05,204 - INFO -   Decoder专家使用率: [12.28%, 12.56%, 12.26%, 12.55%, 12.62%, 12.36%, 12.63%, 12.74%]
2025-11-27 00:00:05,204 - INFO -   ⏳ mAP_0.5_0.95 无改善 (10/35), 最佳值: 0.5780 (epoch 80)
2025-11-27 00:00:08,745 - INFO - 💾 保存最新检查点: logs/dset8_r18_20251126_155540/latest_checkpoint.pth
2025-11-27 00:00:24,689 - INFO - Epoch 91 | Batch 0 | Loss: 5.49 (Det: 5.30, MoE: 4.1427)
2025-11-27 00:02:45,763 - INFO - Epoch 91 | Batch 50 | Loss: 5.35 (Det: 5.16, MoE: 4.1241)
2025-11-27 00:05:18,510 - INFO - Epoch 91:
2025-11-27 00:05:18,512 - INFO -   训练损失: 5.36 | 验证损失: 0.91
2025-11-27 00:05:18,513 - INFO -   预测/目标: 201600/93434
2025-11-27 00:05:18,513 - INFO -   ⏳ mAP_0.5_0.95 无改善 (11/35), 最佳值: 0.5780 (epoch 80)
2025-11-27 00:05:20,910 - INFO - 💾 保存最新检查点: logs/dset8_r18_20251126_155540/latest_checkpoint.pth
2025-11-27 00:05:33,926 - INFO - Epoch 92 | Batch 0 | Loss: 5.33 (Det: 5.13, MoE: 4.1465)
2025-11-27 00:07:53,922 - INFO - Epoch 92 | Batch 50 | Loss: 5.46 (Det: 5.27, MoE: 4.1408)
2025-11-27 10:35:48,411 - INFO - 恢复训练，日志目录: logs/dset8_r18_20251126_155540
2025-11-27 10:35:48,612 - INFO - 从本地文件加载预训练权重: pretrained/rtdetrv2_r18vd_120e_coco_rerun_48.1.pth
2025-11-27 10:35:48,671 - INFO - ✓ 检测到EMA checkpoint格式
2025-11-27 10:35:48,686 - INFO - ✓ 成功加载预训练权重: 529/529 个参数
2025-11-27 10:35:48,686 - INFO -   - 跳过类别相关参数: 9 个（COCO 80类 → DAIR-V2X 8类）
2025-11-27 10:35:48,686 - INFO -   - Backbone: 138 个参数
2025-11-27 10:35:48,687 - INFO -   - Encoder: 270 个参数
2025-11-27 10:35:48,687 - INFO -   - Decoder: 121 个参数
2025-11-27 10:35:48,687 - INFO -   - 模型新增参数: 18 个（将随机初始化）
2025-11-27 10:35:48,874 - INFO - ✓ 已启用GPU优化: cudnn.benchmark=True, TF32=True
2025-11-27 10:35:48,874 - INFO - ✓ 创建DSET RT-DETR模型
2025-11-27 10:35:48,874 - INFO -   Decoder专家数量: 8
2025-11-27 10:35:48,874 - INFO -   Backbone: presnet18
2025-11-27 10:35:48,874 - INFO -   Encoder: in_channels=[128, 256, 512], expansion=0.5, num_layers=1
2025-11-27 10:35:48,874 - INFO -   Encoder MoE设计: 层间共享
2025-11-27 10:35:48,874 - INFO -   双稀疏配置（DSET核心特性，必然启用）:
2025-11-27 10:35:48,874 - INFO -     - Patch-MoE: 启用 (experts=8, top_k=4, patch_size=4)
2025-11-27 10:35:48,874 - INFO -     - Patch-level Pruning: 启用（与 Patch-MoE 兼容）
2025-11-27 10:35:48,874 - INFO -       → keep_ratio=0.7, warmup=10
2025-11-27 10:35:48,874 - INFO -   损失权重配置:
2025-11-27 10:35:48,874 - INFO -     - Token Pruning Loss: True (weight=0.01)
2025-11-27 10:35:48,874 - INFO -     - Decoder MoE: 0.05
2025-11-27 10:35:48,874 - INFO -     - Encoder MoE: 0.03
2025-11-27 10:35:51,009 - INFO - ✓ 创建数据加载器
2025-11-27 10:35:51,010 - INFO -   训练集: 5042 | 验证集: 2016
2025-11-27 10:35:51,016 - INFO - ✓ 预训练参数组: 145 个参数, lr=1e-05
2025-11-27 10:35:51,020 - INFO - ✓ Norm层参数组: 116 个参数, lr=0.0001, wd=0
2025-11-27 10:35:51,023 - INFO - ✓ 新参数组: 136 个参数, lr=0.0001
2025-11-27 10:35:51,025 - INFO - ✓ 使用CosineAnnealingLR调度器 (eta_min=1e-06)
2025-11-27 10:35:51,025 - INFO - ✓ 学习率预热 3 epochs
2025-11-27 10:35:51,131 - INFO - ⏱️  Early Stopping: 启用 (patience=35, metric=mAP_0.5_0.95, mode=max)
2025-11-27 10:35:51,131 - INFO - 推理输出目录: logs/dset8_r18_20251126_155540/inference_samples
2025-11-27 10:35:51,131 - INFO - 从检查点恢复: logs/dset8_r18_20251126_155540/latest_checkpoint.pth
2025-11-27 10:35:51,687 - INFO - ✓ 恢复成功 (epoch=92, step=7268, best_loss=0.8978)
2025-11-27 10:35:51,688 - INFO - 开始训练 200 epochs
2025-11-27 10:35:51,688 - INFO - ✓ 梯度裁剪: max_norm=10.0
2025-11-27 10:36:14,198 - INFO - Epoch 92 | Batch 0 | Loss: 5.34 (Det: 5.15, MoE: 4.1456)
2025-11-27 10:38:25,562 - INFO - Epoch 92 | Batch 50 | Loss: 5.37 (Det: 5.18, MoE: 4.1228)
2025-11-27 10:40:57,517 - INFO - Epoch 92:
2025-11-27 10:40:57,517 - INFO -   训练损失: 5.34 | 验证损失: 0.91
2025-11-27 10:40:57,518 - INFO -   预测/目标: 201600/93434
2025-11-27 10:40:57,519 - INFO -   ⏳ mAP_0.5_0.95 无改善 (12/35), 最佳值: 0.5780 (epoch 80)
2025-11-27 10:40:58,836 - INFO - 💾 保存最新检查点: logs/dset8_r18_20251126_155540/latest_checkpoint.pth
2025-11-27 10:41:09,764 - INFO - Epoch 93 | Batch 0 | Loss: 5.35 (Det: 5.15, MoE: 4.1246)
2025-11-27 10:43:19,389 - INFO - Epoch 93 | Batch 50 | Loss: 5.30 (Det: 5.10, MoE: 4.1336)
2025-11-27 10:45:40,581 - INFO - Epoch 93:
2025-11-27 10:45:40,582 - INFO -   训练损失: 5.32 | 验证损失: 0.91
2025-11-27 10:45:40,583 - INFO -   预测/目标: 201600/93434
2025-11-27 10:45:40,583 - INFO -   ⏳ mAP_0.5_0.95 无改善 (13/35), 最佳值: 0.5780 (epoch 80)
2025-11-27 10:45:41,802 - INFO - 💾 保存最新检查点: logs/dset8_r18_20251126_155540/latest_checkpoint.pth
2025-11-27 10:45:53,190 - INFO - Epoch 94 | Batch 0 | Loss: 5.34 (Det: 5.15, MoE: 4.1246)
2025-11-27 10:48:03,114 - INFO - Epoch 94 | Batch 50 | Loss: 5.36 (Det: 5.17, MoE: 4.1485)
2025-11-27 10:50:25,034 - INFO - Epoch 94:
2025-11-27 10:50:25,035 - INFO -   训练损失: 5.31 | 验证损失: 0.91
2025-11-27 10:50:25,036 - INFO -   预测/目标: 201600/93434
2025-11-27 10:50:25,036 - INFO -   ⏳ mAP_0.5_0.95 无改善 (14/35), 最佳值: 0.5780 (epoch 80)
2025-11-27 10:50:26,439 - INFO - 💾 保存最新检查点: logs/dset8_r18_20251126_155540/latest_checkpoint.pth
2025-11-27 10:50:28,913 - INFO - [DEBUG] Epoch 95: pruner.current_epoch=95, pruner.pruning_enabled=True, pruner.warmup_epochs=10
2025-11-27 10:50:37,727 - INFO - Epoch 95 | Batch 0 | Loss: 5.28 (Det: 5.08, MoE: 4.1347)
2025-11-27 10:52:47,452 - INFO - Epoch 95 | Batch 50 | Loss: 5.31 (Det: 5.11, MoE: 4.1313)
2025-11-27 10:55:07,479 - INFO - Epoch 95:
2025-11-27 10:55:07,480 - INFO -   训练损失: 5.31 | 验证损失: 0.91
2025-11-27 10:55:07,480 - INFO -   预测/目标: 201600/93434
2025-11-27 10:55:07,481 - INFO -   检测损失: 5.11
2025-11-27 10:55:07,481 - INFO -   Decoder MoE损失: 3.9867
2025-11-27 10:55:07,482 - INFO -   Encoder Patch-MoE Balance损失: 0.1481
2025-11-27 10:55:07,482 - INFO -   Encoder Patch-MoE Entropy损失: -2.0794
2025-11-27 10:55:07,482 - INFO -   Encoder MoE总损失: -1.9314
2025-11-27 10:55:07,482 - INFO -   Token Pruning损失: 0.000025
2025-11-27 10:55:07,482 - INFO -   MoE总损失: 4.1348
2025-11-27 10:55:07,482 - INFO -   Decoder专家使用率: [12.38%, 12.41%, 12.19%, 12.61%, 12.65%, 12.41%, 12.68%, 12.66%]
2025-11-27 10:55:07,482 - INFO -   ⏳ mAP_0.5_0.95 无改善 (15/35), 最佳值: 0.5780 (epoch 80)
2025-11-27 10:55:08,762 - INFO - 💾 保存最新检查点: logs/dset8_r18_20251126_155540/latest_checkpoint.pth
2025-11-27 10:55:20,577 - INFO - Epoch 96 | Batch 0 | Loss: 5.33 (Det: 5.14, MoE: 4.1259)
2025-11-27 10:57:29,591 - INFO - Epoch 96 | Batch 50 | Loss: 5.25 (Det: 5.06, MoE: 4.1153)
2025-11-27 10:59:49,441 - INFO - Epoch 96:
2025-11-27 10:59:49,443 - INFO -   训练损失: 5.30 | 验证损失: 0.91
2025-11-27 10:59:49,443 - INFO -   预测/目标: 201600/93434
2025-11-27 10:59:49,444 - INFO -   ⏳ mAP_0.5_0.95 无改善 (16/35), 最佳值: 0.5780 (epoch 80)
2025-11-27 10:59:50,900 - INFO - 💾 保存最新检查点: logs/dset8_r18_20251126_155540/latest_checkpoint.pth
2025-11-27 11:00:00,899 - INFO - Epoch 97 | Batch 0 | Loss: 5.15 (Det: 4.96, MoE: 4.1446)
