2025-11-24 10:18:37,762 - INFO - 从本地文件加载预训练权重: pretrained/rtdetrv2_r18vd_120e_coco_rerun_48.1.pth
2025-11-24 10:18:37,823 - INFO - ✓ 检测到EMA checkpoint格式
2025-11-24 10:18:37,833 - INFO - ✓ 成功加载预训练权重: 384/529 个参数
2025-11-24 10:18:37,833 - INFO -   - 跳过类别相关参数: 9 个（COCO 80类 → DAIR-V2X 8类）
2025-11-24 10:18:37,835 - INFO -   - Backbone: 138 个参数
2025-11-24 10:18:37,835 - INFO -   - Encoder: 270 个参数
2025-11-24 10:18:37,835 - INFO -   - Decoder: 121 个参数
2025-11-24 10:18:37,835 - INFO -   - 预训练模型缺少参数: 145 个（当前模型新增）
2025-11-24 10:18:37,835 - INFO -     示例: ['encoder.token_pruners.0.importance_predictor.fc1.weight', 'encoder.token_pruners.0.importance_predictor.fc1.bias', 'encoder.token_pruners.0.importance_predictor.fc2.weight'] ...
2025-11-24 10:18:37,835 - INFO -   - 模型新增参数: 18 个（将随机初始化）
2025-11-24 10:18:38,069 - INFO - ✓ 已启用GPU优化: cudnn.benchmark=True, TF32=True
2025-11-24 10:18:38,070 - INFO - ✓ 创建DSET RT-DETR模型
2025-11-24 10:18:38,070 - INFO -   Decoder专家数量: 8
2025-11-24 10:18:38,070 - INFO -   Backbone: presnet18
2025-11-24 10:18:38,070 - INFO -   Encoder: in_channels=[128, 256, 512], expansion=0.5, num_layers=1
2025-11-24 10:18:38,070 - INFO -   Encoder MoE设计: 层间共享
2025-11-24 10:18:38,070 - INFO -   双稀疏配置（DSET核心特性，必然启用）:
2025-11-24 10:18:38,070 - INFO -     - Patch-MoE: 启用 (experts=8, top_k=4, patch_size=4)
2025-11-24 10:18:38,070 - INFO -     - Patch-level Pruning: 启用（与 Patch-MoE 兼容）
2025-11-24 10:18:38,070 - INFO -       → keep_ratio=0.7, warmup=10
2025-11-24 10:18:38,070 - INFO -   损失权重配置:
2025-11-24 10:18:38,070 - INFO -     - Token Pruning Loss: True (weight=0.01)
2025-11-24 10:18:38,070 - INFO -     - Decoder MoE: 0.05
2025-11-24 10:18:38,070 - INFO -     - Encoder MoE: 0.03
2025-11-24 10:18:40,020 - INFO - ✓ 创建数据加载器
2025-11-24 10:18:40,021 - INFO -   训练集: 5042 | 验证集: 2016
2025-11-24 10:18:40,027 - INFO - ✓ 预训练参数组: 145 个参数, lr=1e-05
2025-11-24 10:18:40,031 - INFO - ✓ Norm层参数组: 116 个参数, lr=0.0001, wd=0
2025-11-24 10:18:40,035 - INFO - ✓ 新参数组: 136 个参数, lr=0.0001
2025-11-24 10:18:40,037 - INFO - ✓ 使用CosineAnnealingLR调度器 (eta_min=1e-06)
2025-11-24 10:18:40,037 - INFO - ✓ 学习率预热 3 epochs
2025-11-24 10:18:40,241 - INFO - ⏱️  Early Stopping: 启用 (patience=35, metric=mAP_0.5_0.95, mode=max)
2025-11-24 10:18:40,241 - INFO - 推理输出目录: logs/dset8_r18_20251124_101837/inference_samples
2025-11-24 10:18:40,242 - INFO - 开始训练 200 epochs
2025-11-24 10:18:40,242 - INFO - ✓ 梯度裁剪: max_norm=10.0
2025-11-24 10:19:05,772 - INFO - Epoch 0 | Batch 0 | Loss: 30.16 (Det: 29.96, MoE: 4.3584)
2025-11-24 10:21:55,397 - INFO - Epoch 0 | Batch 50 | Loss: 17.50 (Det: 17.31, MoE: 4.1737)
2025-11-24 10:24:10,877 - INFO - Epoch 0:
2025-11-24 10:24:10,878 - INFO -   训练损失: 20.70 | 验证损失: 2.47
2025-11-24 10:24:10,878 - INFO -   (前30个epoch仅计算loss，跳过mAP评估)
2025-11-24 10:24:10,878 - INFO -   检测损失: 20.50
2025-11-24 10:24:10,878 - INFO -   Decoder MoE损失: 4.0731
2025-11-24 10:24:10,878 - INFO -   Encoder Patch-MoE Balance损失: 0.1578
2025-11-24 10:24:10,878 - INFO -   Encoder Patch-MoE Entropy损失: -2.0786
2025-11-24 10:24:10,878 - INFO -   Encoder MoE总损失: -1.9208
2025-11-24 10:24:10,878 - INFO -   Token Pruning损失: 0.004612
2025-11-24 10:24:10,878 - INFO -   MoE总损失: 4.2309
2025-11-24 10:24:10,878 - INFO -   Decoder专家使用率: [13.45%, 10.46%, 12.06%, 10.55%, 13.27%, 13.00%, 11.52%, 15.71%]
2025-11-24 10:24:10,878 - INFO -   🎉 新的最佳验证损失: 2.47
2025-11-24 10:24:11,996 - INFO - 💾 保存最新检查点: logs/dset8_r18_20251124_101837/latest_checkpoint.pth
2025-11-24 10:24:24,289 - INFO - Epoch 1 | Batch 0 | Loss: 16.11 (Det: 15.91, MoE: 4.1834)
2025-11-24 10:27:02,610 - INFO - Epoch 1 | Batch 50 | Loss: 14.65 (Det: 14.46, MoE: 4.1883)
2025-11-24 10:28:55,322 - INFO - Epoch 1:
2025-11-24 10:28:55,323 - INFO -   训练损失: 14.86 | 验证损失: 2.20
2025-11-24 10:28:55,323 - INFO -   (前30个epoch仅计算loss，跳过mAP评估)
2025-11-24 10:28:55,323 - INFO -   检测损失: 14.67
2025-11-24 10:28:55,323 - INFO -   Decoder MoE损失: 4.0497
2025-11-24 10:28:55,323 - INFO -   Encoder Patch-MoE Balance损失: 0.1444
2025-11-24 10:28:55,323 - INFO -   Encoder Patch-MoE Entropy损失: -2.0793
2025-11-24 10:28:55,323 - INFO -   Encoder MoE总损失: -1.9349
2025-11-24 10:28:55,323 - INFO -   Token Pruning损失: 0.001720
2025-11-24 10:28:55,323 - INFO -   MoE总损失: 4.1941
2025-11-24 10:28:55,323 - INFO -   Decoder专家使用率: [14.31%, 12.50%, 14.90%, 10.43%, 11.31%, 11.23%, 11.19%, 14.13%]
2025-11-24 10:28:55,323 - INFO -   🎉 新的最佳验证损失: 2.20
2025-11-24 10:28:56,745 - INFO - 💾 保存最新检查点: logs/dset8_r18_20251124_101837/latest_checkpoint.pth
2025-11-24 10:29:08,618 - INFO - Epoch 2 | Batch 0 | Loss: 13.93 (Det: 13.74, MoE: 4.2230)
2025-11-24 10:31:34,950 - INFO - Epoch 2 | Batch 50 | Loss: 11.95 (Det: 11.76, MoE: 4.2113)
2025-11-24 10:33:24,740 - INFO - Epoch 2:
2025-11-24 10:33:24,740 - INFO -   训练损失: 12.74 | 验证损失: 1.82
2025-11-24 10:33:24,740 - INFO -   (前30个epoch仅计算loss，跳过mAP评估)
2025-11-24 10:33:24,740 - INFO -   检测损失: 12.54
2025-11-24 10:33:24,740 - INFO -   Decoder MoE损失: 4.0590
2025-11-24 10:33:24,740 - INFO -   Encoder Patch-MoE Balance损失: 0.1454
2025-11-24 10:33:24,740 - INFO -   Encoder Patch-MoE Entropy损失: -2.0793
2025-11-24 10:33:24,740 - INFO -   Encoder MoE总损失: -1.9339
2025-11-24 10:33:24,740 - INFO -   Token Pruning损失: 0.001324
2025-11-24 10:33:24,740 - INFO -   MoE总损失: 4.2044
2025-11-24 10:33:24,741 - INFO -   Decoder专家使用率: [15.18%, 12.89%, 15.20%, 10.66%, 11.61%, 9.61%, 11.68%, 13.17%]
2025-11-24 10:33:24,741 - INFO -   🎉 新的最佳验证损失: 1.82
2025-11-24 10:33:25,541 - INFO - 💾 保存最新检查点: logs/dset8_r18_20251124_101837/latest_checkpoint.pth
2025-11-24 10:33:36,553 - INFO - Epoch 3 | Batch 0 | Loss: 11.07 (Det: 10.87, MoE: 4.2015)
2025-11-24 10:36:02,987 - INFO - Epoch 3 | Batch 50 | Loss: 10.02 (Det: 9.83, MoE: 4.1928)
2025-11-24 10:37:52,736 - INFO - Epoch 3:
2025-11-24 10:37:52,736 - INFO -   训练损失: 10.30 | 验证损失: 1.49
2025-11-24 10:37:52,736 - INFO -   (前30个epoch仅计算loss，跳过mAP评估)
2025-11-24 10:37:52,736 - INFO -   检测损失: 10.11
2025-11-24 10:37:52,736 - INFO -   Decoder MoE损失: 4.0334
2025-11-24 10:37:52,736 - INFO -   Encoder Patch-MoE Balance损失: 0.1485
2025-11-24 10:37:52,736 - INFO -   Encoder Patch-MoE Entropy损失: -2.0793
2025-11-24 10:37:52,736 - INFO -   Encoder MoE总损失: -1.9308
2025-11-24 10:37:52,736 - INFO -   Token Pruning损失: 0.000982
2025-11-24 10:37:52,736 - INFO -   MoE总损失: 4.1819
2025-11-24 10:37:52,736 - INFO -   Decoder专家使用率: [14.56%, 12.87%, 14.19%, 11.57%, 11.97%, 10.50%, 12.44%, 11.90%]
2025-11-24 10:37:52,736 - INFO -   🎉 新的最佳验证损失: 1.49
2025-11-24 10:37:53,487 - INFO - 💾 保存最新检查点: logs/dset8_r18_20251124_101837/latest_checkpoint.pth
2025-11-24 10:38:02,793 - INFO - Epoch 4 | Batch 0 | Loss: 9.71 (Det: 9.52, MoE: 4.1773)
2025-11-24 10:40:29,304 - INFO - Epoch 4 | Batch 50 | Loss: 9.13 (Det: 8.94, MoE: 4.1692)
2025-11-24 10:42:20,208 - INFO - Epoch 4:
2025-11-24 10:42:20,208 - INFO -   训练损失: 9.31 | 验证损失: 1.37
2025-11-24 10:42:20,209 - INFO -   (前30个epoch仅计算loss，跳过mAP评估)
2025-11-24 10:42:20,209 - INFO -   检测损失: 9.11
2025-11-24 10:42:20,209 - INFO -   Decoder MoE损失: 4.0195
2025-11-24 10:42:20,209 - INFO -   Encoder Patch-MoE Balance损失: 0.1465
2025-11-24 10:42:20,209 - INFO -   Encoder Patch-MoE Entropy损失: -2.0794
2025-11-24 10:42:20,209 - INFO -   Encoder MoE总损失: -1.9329
2025-11-24 10:42:20,209 - INFO -   Token Pruning损失: 0.000834
2025-11-24 10:42:20,209 - INFO -   MoE总损失: 4.1660
2025-11-24 10:42:20,209 - INFO -   Decoder专家使用率: [13.86%, 12.63%, 13.66%, 11.45%, 12.38%, 11.54%, 12.71%, 11.77%]
2025-11-24 10:42:20,209 - INFO -   🎉 新的最佳验证损失: 1.37
2025-11-24 10:42:21,033 - INFO - 💾 保存最新检查点: logs/dset8_r18_20251124_101837/latest_checkpoint.pth
2025-11-24 10:42:29,940 - INFO - Epoch 5 | Batch 0 | Loss: 9.08 (Det: 8.89, MoE: 4.1530)
2025-11-24 10:44:55,761 - INFO - Epoch 5 | Batch 50 | Loss: 8.52 (Det: 8.33, MoE: 4.1609)
2025-11-24 10:46:44,999 - INFO - Epoch 5:
2025-11-24 10:46:45,000 - INFO -   训练损失: 8.76 | 验证损失: 1.28
2025-11-24 10:46:45,000 - INFO -   (前30个epoch仅计算loss，跳过mAP评估)
2025-11-24 10:46:45,000 - INFO -   检测损失: 8.56
2025-11-24 10:46:45,000 - INFO -   Decoder MoE损失: 4.0155
2025-11-24 10:46:45,000 - INFO -   Encoder Patch-MoE Balance损失: 0.1465
2025-11-24 10:46:45,000 - INFO -   Encoder Patch-MoE Entropy损失: -2.0794
2025-11-24 10:46:45,000 - INFO -   Encoder MoE总损失: -1.9328
2025-11-24 10:46:45,000 - INFO -   Token Pruning损失: 0.000765
2025-11-24 10:46:45,000 - INFO -   MoE总损失: 4.1620
2025-11-24 10:46:45,000 - INFO -   Decoder专家使用率: [13.56%, 12.64%, 13.82%, 11.61%, 12.37%, 11.59%, 12.50%, 11.91%]
2025-11-24 10:46:45,000 - INFO -   🎉 新的最佳验证损失: 1.28
2025-11-24 10:46:45,742 - INFO - 💾 保存最新检查点: logs/dset8_r18_20251124_101837/latest_checkpoint.pth
2025-11-24 10:46:54,988 - INFO - Epoch 6 | Batch 0 | Loss: 8.79 (Det: 8.60, MoE: 4.1534)
2025-11-24 10:49:20,689 - INFO - Epoch 6 | Batch 50 | Loss: 8.30 (Det: 8.10, MoE: 4.1566)
2025-11-24 10:51:09,302 - INFO - Epoch 6:
2025-11-24 10:51:09,303 - INFO -   训练损失: 8.36 | 验证损失: 1.18
2025-11-24 10:51:09,303 - INFO -   (前30个epoch仅计算loss，跳过mAP评估)
2025-11-24 10:51:09,303 - INFO -   检测损失: 8.17
2025-11-24 10:51:09,303 - INFO -   Decoder MoE损失: 4.0119
2025-11-24 10:51:09,303 - INFO -   Encoder Patch-MoE Balance损失: 0.1469
2025-11-24 10:51:09,303 - INFO -   Encoder Patch-MoE Entropy损失: -2.0794
2025-11-24 10:51:09,303 - INFO -   Encoder MoE总损失: -1.9325
2025-11-24 10:51:09,303 - INFO -   Token Pruning损失: 0.000684
2025-11-24 10:51:09,303 - INFO -   MoE总损失: 4.1588
2025-11-24 10:51:09,303 - INFO -   Decoder专家使用率: [13.35%, 12.91%, 13.74%, 11.70%, 12.27%, 11.47%, 12.51%, 12.04%]
2025-11-24 10:51:09,303 - INFO -   🎉 新的最佳验证损失: 1.18
2025-11-24 10:51:10,088 - INFO - 💾 保存最新检查点: logs/dset8_r18_20251124_101837/latest_checkpoint.pth
2025-11-24 10:51:20,820 - INFO - Epoch 7 | Batch 0 | Loss: 8.09 (Det: 7.90, MoE: 4.1525)
2025-11-24 10:53:46,297 - INFO - Epoch 7 | Batch 50 | Loss: 8.01 (Det: 7.81, MoE: 4.1682)
2025-11-24 10:55:35,214 - INFO - Epoch 7:
2025-11-24 10:55:35,215 - INFO -   训练损失: 8.01 | 验证损失: 1.13
2025-11-24 10:55:35,215 - INFO -   (前30个epoch仅计算loss，跳过mAP评估)
2025-11-24 10:55:35,215 - INFO -   检测损失: 7.81
2025-11-24 10:55:35,215 - INFO -   Decoder MoE损失: 4.0103
2025-11-24 10:55:35,215 - INFO -   Encoder Patch-MoE Balance损失: 0.1490
2025-11-24 10:55:35,215 - INFO -   Encoder Patch-MoE Entropy损失: -2.0794
2025-11-24 10:55:35,215 - INFO -   Encoder MoE总损失: -1.9304
2025-11-24 10:55:35,215 - INFO -   Token Pruning损失: 0.000614
2025-11-24 10:55:35,215 - INFO -   MoE总损失: 4.1592
2025-11-24 10:55:35,215 - INFO -   Decoder专家使用率: [13.14%, 13.10%, 13.31%, 11.84%, 12.42%, 11.72%, 12.17%, 12.28%]
2025-11-24 10:55:35,215 - INFO -   🎉 新的最佳验证损失: 1.13
2025-11-24 10:55:36,003 - INFO - 💾 保存最新检查点: logs/dset8_r18_20251124_101837/latest_checkpoint.pth
2025-11-24 10:55:47,254 - INFO - Epoch 8 | Batch 0 | Loss: 7.74 (Det: 7.55, MoE: 4.1629)
2025-11-24 10:58:13,113 - INFO - Epoch 8 | Batch 50 | Loss: 7.90 (Det: 7.70, MoE: 4.1531)
2025-11-24 11:00:03,190 - INFO - Epoch 8:
2025-11-24 11:00:03,191 - INFO -   训练损失: 7.78 | 验证损失: 1.10
2025-11-24 11:00:03,191 - INFO -   (前30个epoch仅计算loss，跳过mAP评估)
2025-11-24 11:00:03,191 - INFO -   检测损失: 7.59
2025-11-24 11:00:03,191 - INFO -   Decoder MoE损失: 4.0079
2025-11-24 11:00:03,191 - INFO -   Encoder Patch-MoE Balance损失: 0.1492
2025-11-24 11:00:03,191 - INFO -   Encoder Patch-MoE Entropy损失: -2.0794
2025-11-24 11:00:03,191 - INFO -   Encoder MoE总损失: -1.9302
2025-11-24 11:00:03,191 - INFO -   Token Pruning损失: 0.000557
2025-11-24 11:00:03,191 - INFO -   MoE总损失: 4.1572
2025-11-24 11:00:03,191 - INFO -   Decoder专家使用率: [13.06%, 13.06%, 13.22%, 12.08%, 12.54%, 11.81%, 12.02%, 12.22%]
2025-11-24 11:00:03,191 - INFO -   🎉 新的最佳验证损失: 1.10
2025-11-24 11:00:03,953 - INFO - 💾 保存最新检查点: logs/dset8_r18_20251124_101837/latest_checkpoint.pth
2025-11-24 11:00:15,597 - INFO - Epoch 9 | Batch 0 | Loss: 7.67 (Det: 7.48, MoE: 4.1622)
2025-11-24 11:02:42,329 - INFO - Epoch 9 | Batch 50 | Loss: 7.73 (Det: 7.53, MoE: 4.1555)
2025-11-24 11:04:30,056 - INFO - Epoch 9:
2025-11-24 11:04:30,057 - INFO -   训练损失: 7.63 | 验证损失: 1.08
2025-11-24 11:04:30,057 - INFO -   (前30个epoch仅计算loss，跳过mAP评估)
2025-11-24 11:04:30,057 - INFO -   检测损失: 7.43
2025-11-24 11:04:30,057 - INFO -   Decoder MoE损失: 4.0072
2025-11-24 11:04:30,057 - INFO -   Encoder Patch-MoE Balance损失: 0.1491
2025-11-24 11:04:30,057 - INFO -   Encoder Patch-MoE Entropy损失: -2.0794
2025-11-24 11:04:30,057 - INFO -   Encoder MoE总损失: -1.9303
2025-11-24 11:04:30,057 - INFO -   Token Pruning损失: 0.000512
2025-11-24 11:04:30,057 - INFO -   MoE总损失: 4.1563
2025-11-24 11:04:30,057 - INFO -   Decoder专家使用率: [12.88%, 13.13%, 13.00%, 12.40%, 12.47%, 11.85%, 12.12%, 12.15%]
2025-11-24 11:04:30,057 - INFO -   🎉 新的最佳验证损失: 1.08
2025-11-24 11:04:30,816 - INFO - 💾 保存最新检查点: logs/dset8_r18_20251124_101837/latest_checkpoint.pth
2025-11-24 11:04:33,263 - INFO - [DEBUG] Epoch 10: pruner.current_epoch=10, pruner.pruning_enabled=True, pruner.warmup_epochs=10
2025-11-24 11:04:42,224 - INFO - Epoch 10 | Batch 0 | Loss: 8.20 (Det: 8.00, MoE: 4.1525)
2025-11-24 11:07:08,692 - INFO - Epoch 10 | Batch 50 | Loss: 7.52 (Det: 7.33, MoE: 4.1480)
2025-11-24 11:08:56,981 - INFO - Epoch 10:
2025-11-24 11:08:56,982 - INFO -   训练损失: 7.69 | 验证损失: 1.06
2025-11-24 11:08:56,982 - INFO -   (前30个epoch仅计算loss，跳过mAP评估)
2025-11-24 11:08:56,982 - INFO -   检测损失: 7.50
2025-11-24 11:08:56,982 - INFO -   Decoder MoE损失: 4.0069
2025-11-24 11:08:56,982 - INFO -   Encoder Patch-MoE Balance损失: 0.1470
2025-11-24 11:08:56,982 - INFO -   Encoder Patch-MoE Entropy损失: -2.0794
2025-11-24 11:08:56,982 - INFO -   Encoder MoE总损失: -1.9324
2025-11-24 11:08:56,982 - INFO -   Token Pruning损失: 0.000504
2025-11-24 11:08:56,982 - INFO -   MoE总损失: 4.1539
2025-11-24 11:08:56,982 - INFO -   Decoder专家使用率: [12.78%, 13.12%, 12.84%, 12.30%, 12.59%, 12.10%, 12.23%, 12.03%]
2025-11-24 11:08:56,982 - INFO -   🎉 新的最佳验证损失: 1.06
2025-11-24 11:08:57,755 - INFO - 💾 保存最新检查点: logs/dset8_r18_20251124_101837/latest_checkpoint.pth
2025-11-24 11:09:08,474 - INFO - Epoch 11 | Batch 0 | Loss: 7.61 (Det: 7.42, MoE: 4.1496)
2025-11-24 11:11:35,742 - INFO - Epoch 11 | Batch 50 | Loss: 7.37 (Det: 7.18, MoE: 4.1520)
2025-11-24 11:13:25,366 - INFO - Epoch 11:
2025-11-24 11:13:25,366 - INFO -   训练损失: 7.51 | 验证损失: 1.04
2025-11-24 11:13:25,366 - INFO -   (前30个epoch仅计算loss，跳过mAP评估)
2025-11-24 11:13:25,366 - INFO -   检测损失: 7.31
2025-11-24 11:13:25,366 - INFO -   Decoder MoE损失: 4.0063
2025-11-24 11:13:25,366 - INFO -   Encoder Patch-MoE Balance损失: 0.1456
2025-11-24 11:13:25,366 - INFO -   Encoder Patch-MoE Entropy损失: -2.0794
2025-11-24 11:13:25,367 - INFO -   Encoder MoE总损失: -1.9338
2025-11-24 11:13:25,367 - INFO -   Token Pruning损失: 0.000468
2025-11-24 11:13:25,367 - INFO -   MoE总损失: 4.1519
2025-11-24 11:13:25,367 - INFO -   Decoder专家使用率: [12.72%, 13.09%, 12.68%, 12.41%, 12.45%, 12.14%, 12.24%, 12.27%]
2025-11-24 11:13:25,367 - INFO -   🎉 新的最佳验证损失: 1.04
2025-11-24 11:13:26,093 - INFO - 💾 保存最新检查点: logs/dset8_r18_20251124_101837/latest_checkpoint.pth
2025-11-24 11:13:35,770 - INFO - Epoch 12 | Batch 0 | Loss: 7.36 (Det: 7.16, MoE: 4.1417)
2025-11-24 11:16:02,401 - INFO - Epoch 12 | Batch 50 | Loss: 7.29 (Det: 7.09, MoE: 4.1487)
2025-11-24 11:17:52,551 - INFO - Epoch 12:
2025-11-24 11:17:52,551 - INFO -   训练损失: 7.39 | 验证损失: 1.04
2025-11-24 11:17:52,551 - INFO -   (前30个epoch仅计算loss，跳过mAP评估)
2025-11-24 11:17:52,551 - INFO -   检测损失: 7.19
2025-11-24 11:17:52,551 - INFO -   Decoder MoE损失: 4.0050
2025-11-24 11:17:52,551 - INFO -   Encoder Patch-MoE Balance损失: 0.1437
2025-11-24 11:17:52,551 - INFO -   Encoder Patch-MoE Entropy损失: -2.0794
2025-11-24 11:17:52,551 - INFO -   Encoder MoE总损失: -1.9357
2025-11-24 11:17:52,551 - INFO -   Token Pruning损失: 0.000439
2025-11-24 11:17:52,551 - INFO -   MoE总损失: 4.1487
2025-11-24 11:17:52,551 - INFO -   Decoder专家使用率: [12.73%, 13.02%, 12.65%, 12.35%, 12.49%, 12.22%, 12.24%, 12.31%]
2025-11-24 11:17:52,552 - INFO -   🎉 新的最佳验证损失: 1.04
2025-11-24 11:17:53,292 - INFO - 💾 保存最新检查点: logs/dset8_r18_20251124_101837/latest_checkpoint.pth
2025-11-24 11:18:04,712 - INFO - Epoch 13 | Batch 0 | Loss: 7.44 (Det: 7.25, MoE: 4.1479)
2025-11-24 11:20:30,725 - INFO - Epoch 13 | Batch 50 | Loss: 7.31 (Det: 7.12, MoE: 4.1462)
2025-11-24 11:22:19,507 - INFO - Epoch 13:
2025-11-24 11:22:19,507 - INFO -   训练损失: 7.27 | 验证损失: 1.03
2025-11-24 11:22:19,507 - INFO -   (前30个epoch仅计算loss，跳过mAP评估)
2025-11-24 11:22:19,507 - INFO -   检测损失: 7.08
2025-11-24 11:22:19,508 - INFO -   Decoder MoE损失: 4.0047
2025-11-24 11:22:19,508 - INFO -   Encoder Patch-MoE Balance损失: 0.1455
2025-11-24 11:22:19,508 - INFO -   Encoder Patch-MoE Entropy损失: -2.0794
2025-11-24 11:22:19,508 - INFO -   Encoder MoE总损失: -1.9339
2025-11-24 11:22:19,508 - INFO -   Token Pruning损失: 0.000408
2025-11-24 11:22:19,508 - INFO -   MoE总损失: 4.1502
2025-11-24 11:22:19,508 - INFO -   Decoder专家使用率: [12.68%, 12.90%, 12.51%, 12.48%, 12.52%, 12.20%, 12.38%, 12.33%]
2025-11-24 11:22:19,508 - INFO -   🎉 新的最佳验证损失: 1.03
2025-11-24 11:22:20,368 - INFO - 💾 保存最新检查点: logs/dset8_r18_20251124_101837/latest_checkpoint.pth
2025-11-24 11:22:30,318 - INFO - Epoch 14 | Batch 0 | Loss: 7.24 (Det: 7.04, MoE: 4.1491)
2025-11-24 11:24:56,240 - INFO - Epoch 14 | Batch 50 | Loss: 7.15 (Det: 6.96, MoE: 4.1502)
2025-11-24 11:26:46,360 - INFO - Epoch 14:
2025-11-24 11:26:46,360 - INFO -   训练损失: 7.19 | 验证损失: 1.01
2025-11-24 11:26:46,360 - INFO -   (前30个epoch仅计算loss，跳过mAP评估)
2025-11-24 11:26:46,360 - INFO -   检测损失: 6.99
2025-11-24 11:26:46,360 - INFO -   Decoder MoE损失: 4.0050
2025-11-24 11:26:46,360 - INFO -   Encoder Patch-MoE Balance损失: 0.1469
2025-11-24 11:26:46,360 - INFO -   Encoder Patch-MoE Entropy损失: -2.0794
2025-11-24 11:26:46,360 - INFO -   Encoder MoE总损失: -1.9325
2025-11-24 11:26:46,360 - INFO -   Token Pruning损失: 0.000388
2025-11-24 11:26:46,361 - INFO -   MoE总损失: 4.1519
2025-11-24 11:26:46,361 - INFO -   Decoder专家使用率: [12.79%, 12.70%, 12.41%, 12.42%, 12.54%, 12.18%, 12.44%, 12.52%]
2025-11-24 11:26:46,361 - INFO -   🎉 新的最佳验证损失: 1.01
2025-11-24 11:26:47,112 - INFO - 💾 保存最新检查点: logs/dset8_r18_20251124_101837/latest_checkpoint.pth
2025-11-24 11:26:49,727 - INFO - [DEBUG] Epoch 15: pruner.current_epoch=15, pruner.pruning_enabled=True, pruner.warmup_epochs=10
2025-11-24 11:26:57,144 - INFO - Epoch 15 | Batch 0 | Loss: 8.45 (Det: 8.25, MoE: 4.1525)
2025-11-24 11:29:01,876 - INFO - Epoch 15 | Batch 50 | Loss: 7.20 (Det: 7.01, MoE: 4.1499)
2025-11-24 11:30:39,825 - INFO - Epoch 15:
2025-11-24 11:30:39,826 - INFO -   训练损失: 7.31 | 验证损失: 1.07
2025-11-24 11:30:39,826 - INFO -   (前30个epoch仅计算loss，跳过mAP评估)
2025-11-24 11:30:39,826 - INFO -   检测损失: 7.12
2025-11-24 11:30:39,826 - INFO -   Decoder MoE损失: 4.0026
2025-11-24 11:30:39,826 - INFO -   Encoder Patch-MoE Balance损失: 0.1510
2025-11-24 11:30:39,826 - INFO -   Encoder Patch-MoE Entropy损失: -2.0794
2025-11-24 11:30:39,826 - INFO -   Encoder MoE总损失: -1.9285
2025-11-24 11:30:39,826 - INFO -   Token Pruning损失: 0.000431
2025-11-24 11:30:39,826 - INFO -   MoE总损失: 4.1536
2025-11-24 11:30:39,826 - INFO -   Decoder专家使用率: [12.47%, 12.71%, 12.45%, 12.70%, 12.60%, 12.25%, 12.59%, 12.24%]
2025-11-24 11:30:40,716 - INFO - 💾 保存最新检查点: logs/dset8_r18_20251124_101837/latest_checkpoint.pth
2025-11-24 11:30:49,085 - INFO - Epoch 16 | Batch 0 | Loss: 7.08 (Det: 6.89, MoE: 4.1563)
2025-11-24 11:32:54,508 - INFO - Epoch 16 | Batch 50 | Loss: 7.23 (Det: 7.03, MoE: 4.1432)
2025-11-24 11:34:34,372 - INFO - Epoch 16:
2025-11-24 11:34:34,373 - INFO -   训练损失: 7.07 | 验证损失: 1.05
2025-11-24 11:34:34,373 - INFO -   (前30个epoch仅计算loss，跳过mAP评估)
2025-11-24 11:34:34,373 - INFO -   检测损失: 6.88
2025-11-24 11:34:34,373 - INFO -   Decoder MoE损失: 4.0043
2025-11-24 11:34:34,373 - INFO -   Encoder Patch-MoE Balance损失: 0.1467
2025-11-24 11:34:34,373 - INFO -   Encoder Patch-MoE Entropy损失: -2.0794
2025-11-24 11:34:34,373 - INFO -   Encoder MoE总损失: -1.9327
2025-11-24 11:34:34,373 - INFO -   Token Pruning损失: 0.000337
2025-11-24 11:34:34,373 - INFO -   MoE总损失: 4.1510
2025-11-24 11:34:34,373 - INFO -   Decoder专家使用率: [12.69%, 12.75%, 12.35%, 12.58%, 12.46%, 12.23%, 12.40%, 12.56%]
2025-11-24 11:34:35,393 - INFO - 💾 保存最新检查点: logs/dset8_r18_20251124_101837/latest_checkpoint.pth
2025-11-24 11:34:44,480 - INFO - Epoch 17 | Batch 0 | Loss: 6.85 (Det: 6.65, MoE: 4.1427)
2025-11-24 11:36:50,802 - INFO - Epoch 17 | Batch 50 | Loss: 6.89 (Det: 6.69, MoE: 4.1477)
2025-11-24 11:38:30,952 - INFO - Epoch 17:
2025-11-24 11:38:30,953 - INFO -   训练损失: 6.98 | 验证损失: 1.04
2025-11-24 11:38:30,953 - INFO -   (前30个epoch仅计算loss，跳过mAP评估)
2025-11-24 11:38:30,953 - INFO -   检测损失: 6.78
2025-11-24 11:38:30,953 - INFO -   Decoder MoE损失: 4.0031
2025-11-24 11:38:30,953 - INFO -   Encoder Patch-MoE Balance损失: 0.1455
2025-11-24 11:38:30,953 - INFO -   Encoder Patch-MoE Entropy损失: -2.0794
2025-11-24 11:38:30,953 - INFO -   Encoder MoE总损失: -1.9339
2025-11-24 11:38:30,953 - INFO -   Token Pruning损失: 0.000299
2025-11-24 11:38:30,953 - INFO -   MoE总损失: 4.1485
2025-11-24 11:38:30,953 - INFO -   Decoder专家使用率: [12.61%, 12.66%, 12.27%, 12.74%, 12.49%, 12.28%, 12.44%, 12.52%]
2025-11-24 11:38:35,802 - INFO - 💾 保存最新检查点: logs/dset8_r18_20251124_101837/latest_checkpoint.pth
2025-11-24 11:38:44,979 - INFO - Epoch 18 | Batch 0 | Loss: 6.89 (Det: 6.70, MoE: 4.1473)
2025-11-24 11:40:51,068 - INFO - Epoch 18 | Batch 50 | Loss: 6.89 (Det: 6.69, MoE: 4.1498)
2025-11-24 11:42:28,804 - INFO - Epoch 18:
2025-11-24 11:42:28,805 - INFO -   训练损失: 6.90 | 验证损失: 1.04
2025-11-24 11:42:28,805 - INFO -   (前30个epoch仅计算loss，跳过mAP评估)
2025-11-24 11:42:28,805 - INFO -   检测损失: 6.71
2025-11-24 11:42:28,805 - INFO -   Decoder MoE损失: 4.0035
2025-11-24 11:42:28,805 - INFO -   Encoder Patch-MoE Balance损失: 0.1471
2025-11-24 11:42:28,805 - INFO -   Encoder Patch-MoE Entropy损失: -2.0794
2025-11-24 11:42:28,805 - INFO -   Encoder MoE总损失: -1.9323
2025-11-24 11:42:28,805 - INFO -   Token Pruning损失: 0.000276
2025-11-24 11:42:28,805 - INFO -   MoE总损失: 4.1506
2025-11-24 11:42:28,805 - INFO -   Decoder专家使用率: [12.57%, 12.68%, 12.20%, 12.50%, 12.56%, 12.38%, 12.57%, 12.55%]
2025-11-24 11:42:29,632 - INFO - 💾 保存最新检查点: logs/dset8_r18_20251124_101837/latest_checkpoint.pth
2025-11-24 11:42:41,560 - INFO - Epoch 19 | Batch 0 | Loss: 6.78 (Det: 6.59, MoE: 4.1461)
2025-11-24 11:44:47,310 - INFO - Epoch 19 | Batch 50 | Loss: 6.86 (Det: 6.67, MoE: 4.1424)
2025-11-24 11:46:25,197 - INFO - Epoch 19:
2025-11-24 11:46:25,197 - INFO -   训练损失: 6.82 | 验证损失: 1.01
2025-11-24 11:46:25,197 - INFO -   (前30个epoch仅计算loss，跳过mAP评估)
2025-11-24 11:46:25,197 - INFO -   检测损失: 6.63
2025-11-24 11:46:25,197 - INFO -   Decoder MoE损失: 4.0020
2025-11-24 11:46:25,197 - INFO -   Encoder Patch-MoE Balance损失: 0.1451
2025-11-24 11:46:25,197 - INFO -   Encoder Patch-MoE Entropy损失: -2.0794
2025-11-24 11:46:25,197 - INFO -   Encoder MoE总损失: -1.9343
2025-11-24 11:46:25,198 - INFO -   Token Pruning损失: 0.000247
2025-11-24 11:46:25,198 - INFO -   MoE总损失: 4.1471
2025-11-24 11:46:25,198 - INFO -   Decoder专家使用率: [12.50%, 12.68%, 12.05%, 12.59%, 12.61%, 12.37%, 12.55%, 12.64%]
2025-11-24 11:46:26,128 - INFO - 💾 保存最新检查点: logs/dset8_r18_20251124_101837/latest_checkpoint.pth
2025-11-24 11:46:28,573 - INFO - [DEBUG] Epoch 20: pruner.current_epoch=20, pruner.pruning_enabled=True, pruner.warmup_epochs=10
2025-11-24 11:46:34,296 - INFO - Epoch 20 | Batch 0 | Loss: 6.68 (Det: 6.49, MoE: 4.1442)
2025-11-24 11:48:39,949 - INFO - Epoch 20 | Batch 50 | Loss: 6.79 (Det: 6.60, MoE: 4.1419)
2025-11-24 11:50:18,150 - INFO - Epoch 20:
2025-11-24 11:50:18,150 - INFO -   训练损失: 6.77 | 验证损失: 1.00
2025-11-24 11:50:18,150 - INFO -   (前30个epoch仅计算loss，跳过mAP评估)
2025-11-24 11:50:18,150 - INFO -   检测损失: 6.57
2025-11-24 11:50:18,150 - INFO -   Decoder MoE损失: 4.0029
2025-11-24 11:50:18,150 - INFO -   Encoder Patch-MoE Balance损失: 0.1459
2025-11-24 11:50:18,150 - INFO -   Encoder Patch-MoE Entropy损失: -2.0794
2025-11-24 11:50:18,150 - INFO -   Encoder MoE总损失: -1.9336
2025-11-24 11:50:18,150 - INFO -   Token Pruning损失: 0.000232
2025-11-24 11:50:18,150 - INFO -   MoE总损失: 4.1488
2025-11-24 11:50:18,150 - INFO -   Decoder专家使用率: [12.55%, 12.73%, 12.09%, 12.46%, 12.66%, 12.31%, 12.53%, 12.66%]
2025-11-24 11:50:18,150 - INFO -   🎉 新的最佳验证损失: 1.00
2025-11-24 11:50:18,874 - INFO - 💾 保存最新检查点: logs/dset8_r18_20251124_101837/latest_checkpoint.pth
2025-11-24 11:50:27,804 - INFO - Epoch 21 | Batch 0 | Loss: 6.60 (Det: 6.40, MoE: 4.1531)
2025-11-24 11:52:33,464 - INFO - Epoch 21 | Batch 50 | Loss: 6.80 (Det: 6.61, MoE: 4.1455)
2025-11-24 11:54:11,553 - INFO - Epoch 21:
2025-11-24 11:54:11,554 - INFO -   训练损失: 6.72 | 验证损失: 1.00
2025-11-24 11:54:11,554 - INFO -   (前30个epoch仅计算loss，跳过mAP评估)
2025-11-24 11:54:11,554 - INFO -   🎉 新的最佳验证损失: 1.00
2025-11-24 11:54:12,284 - INFO - 💾 保存最新检查点: logs/dset8_r18_20251124_101837/latest_checkpoint.pth
2025-11-24 11:54:20,863 - INFO - Epoch 22 | Batch 0 | Loss: 6.70 (Det: 6.51, MoE: 4.1369)
2025-11-24 11:56:25,621 - INFO - Epoch 22 | Batch 50 | Loss: 6.56 (Det: 6.36, MoE: 4.1490)
2025-11-24 11:58:03,255 - INFO - Epoch 22:
2025-11-24 11:58:03,256 - INFO -   训练损失: 6.64 | 验证损失: 0.99
2025-11-24 11:58:03,256 - INFO -   (前30个epoch仅计算loss，跳过mAP评估)
2025-11-24 11:58:03,256 - INFO -   🎉 新的最佳验证损失: 0.99
2025-11-24 11:58:04,031 - INFO - 💾 保存最新检查点: logs/dset8_r18_20251124_101837/latest_checkpoint.pth
2025-11-24 11:58:15,171 - INFO - Epoch 23 | Batch 0 | Loss: 6.71 (Det: 6.51, MoE: 4.1492)
2025-11-24 12:00:20,722 - INFO - Epoch 23 | Batch 50 | Loss: 6.75 (Det: 6.56, MoE: 4.1464)
2025-11-24 12:01:59,010 - INFO - Epoch 23:
2025-11-24 12:01:59,011 - INFO -   训练损失: 6.59 | 验证损失: 0.99
2025-11-24 12:01:59,011 - INFO -   (前30个epoch仅计算loss，跳过mAP评估)
2025-11-24 12:01:59,011 - INFO -   🎉 新的最佳验证损失: 0.99
2025-11-24 12:01:59,712 - INFO - 💾 保存最新检查点: logs/dset8_r18_20251124_101837/latest_checkpoint.pth
2025-11-24 12:02:09,631 - INFO - Epoch 24 | Batch 0 | Loss: 6.44 (Det: 6.25, MoE: 4.1537)
2025-11-24 12:04:14,772 - INFO - Epoch 24 | Batch 50 | Loss: 6.56 (Det: 6.37, MoE: 4.1472)
2025-11-24 12:05:52,213 - INFO - Epoch 24:
2025-11-24 12:05:52,213 - INFO -   训练损失: 6.55 | 验证损失: 0.97
2025-11-24 12:05:52,213 - INFO -   (前30个epoch仅计算loss，跳过mAP评估)
2025-11-24 12:05:52,213 - INFO -   🎉 新的最佳验证损失: 0.97
2025-11-24 12:05:53,017 - INFO - 💾 保存最新检查点: logs/dset8_r18_20251124_101837/latest_checkpoint.pth
2025-11-24 12:05:55,535 - INFO - [DEBUG] Epoch 25: pruner.current_epoch=25, pruner.pruning_enabled=True, pruner.warmup_epochs=10
2025-11-24 12:06:03,182 - INFO - Epoch 25 | Batch 0 | Loss: 6.51 (Det: 6.32, MoE: 4.1479)
2025-11-24 12:08:08,322 - INFO - Epoch 25 | Batch 50 | Loss: 6.48 (Det: 6.28, MoE: 4.1470)
2025-11-24 12:09:45,347 - INFO - Epoch 25:
2025-11-24 12:09:45,348 - INFO -   训练损失: 6.51 | 验证损失: 0.98
2025-11-24 12:09:45,348 - INFO -   (前30个epoch仅计算loss，跳过mAP评估)
2025-11-24 12:09:45,348 - INFO -   检测损失: 6.32
2025-11-24 12:09:45,348 - INFO -   Decoder MoE损失: 4.0008
2025-11-24 12:09:45,348 - INFO -   Encoder Patch-MoE Balance损失: 0.1461
2025-11-24 12:09:45,348 - INFO -   Encoder Patch-MoE Entropy损失: -2.0794
2025-11-24 12:09:45,348 - INFO -   Encoder MoE总损失: -1.9333
2025-11-24 12:09:45,348 - INFO -   Token Pruning损失: 0.000170
2025-11-24 12:09:45,348 - INFO -   MoE总损失: 4.1469
2025-11-24 12:09:45,348 - INFO -   Decoder专家使用率: [12.41%, 12.67%, 12.00%, 12.55%, 12.68%, 12.47%, 12.57%, 12.65%]
2025-11-24 12:09:46,144 - INFO - 💾 保存最新检查点: logs/dset8_r18_20251124_101837/latest_checkpoint.pth
2025-11-24 12:09:55,662 - INFO - Epoch 26 | Batch 0 | Loss: 6.49 (Det: 6.29, MoE: 4.1369)
2025-11-24 12:12:00,850 - INFO - Epoch 26 | Batch 50 | Loss: 6.58 (Det: 6.39, MoE: 4.1582)
2025-11-24 12:13:39,323 - INFO - Epoch 26:
2025-11-24 12:13:39,324 - INFO -   训练损失: 6.48 | 验证损失: 0.97
2025-11-24 12:13:39,324 - INFO -   (前30个epoch仅计算loss，跳过mAP评估)
2025-11-24 12:13:39,324 - INFO -   🎉 新的最佳验证损失: 0.97
2025-11-24 12:13:40,085 - INFO - 💾 保存最新检查点: logs/dset8_r18_20251124_101837/latest_checkpoint.pth
2025-11-24 12:13:50,566 - INFO - Epoch 27 | Batch 0 | Loss: 6.24 (Det: 6.05, MoE: 4.1506)
2025-11-24 12:15:57,389 - INFO - Epoch 27 | Batch 50 | Loss: 6.42 (Det: 6.23, MoE: 4.1483)
2025-11-24 12:17:35,010 - INFO - Epoch 27:
2025-11-24 12:17:35,011 - INFO -   训练损失: 6.45 | 验证损失: 0.96
2025-11-24 12:17:35,011 - INFO -   (前30个epoch仅计算loss，跳过mAP评估)
2025-11-24 12:17:35,011 - INFO -   🎉 新的最佳验证损失: 0.96
2025-11-24 12:17:35,849 - INFO - 💾 保存最新检查点: logs/dset8_r18_20251124_101837/latest_checkpoint.pth
2025-11-24 12:17:46,237 - INFO - Epoch 28 | Batch 0 | Loss: 6.31 (Det: 6.12, MoE: 4.1473)
2025-11-24 12:19:51,165 - INFO - Epoch 28 | Batch 50 | Loss: 6.22 (Det: 6.02, MoE: 4.1515)
2025-11-24 12:21:29,195 - INFO - Epoch 28:
2025-11-24 12:21:29,195 - INFO -   训练损失: 6.41 | 验证损失: 0.96
2025-11-24 12:21:29,195 - INFO -   (前30个epoch仅计算loss，跳过mAP评估)
2025-11-24 12:21:29,889 - INFO - 💾 保存最新检查点: logs/dset8_r18_20251124_101837/latest_checkpoint.pth
2025-11-24 12:21:41,860 - INFO - Epoch 29 | Batch 0 | Loss: 6.39 (Det: 6.20, MoE: 4.1599)
2025-11-24 12:23:47,311 - INFO - Epoch 29 | Batch 50 | Loss: 6.36 (Det: 6.17, MoE: 4.1621)
2025-11-24 12:25:27,805 - INFO - Epoch 29:
2025-11-24 12:25:27,806 - INFO -   训练损失: 6.37 | 验证损失: 0.95
2025-11-24 12:25:27,806 - INFO -   (前30个epoch仅计算loss，跳过mAP评估)
2025-11-24 12:25:27,806 - INFO -   🎉 新的最佳验证损失: 0.95
2025-11-24 12:25:28,715 - INFO - 💾 保存最新检查点: logs/dset8_r18_20251124_101837/latest_checkpoint.pth
2025-11-24 12:25:31,412 - INFO - [DEBUG] Epoch 30: pruner.current_epoch=30, pruner.pruning_enabled=True, pruner.warmup_epochs=10
2025-11-24 12:25:40,444 - INFO - Epoch 30 | Batch 0 | Loss: 6.26 (Det: 6.06, MoE: 4.1276)
2025-11-24 12:27:46,587 - INFO - Epoch 30 | Batch 50 | Loss: 6.38 (Det: 6.18, MoE: 4.1469)
2025-11-24 12:30:03,619 - INFO - Epoch 30:
2025-11-24 12:30:03,619 - INFO -   训练损失: 6.35 | 验证损失: 0.94
2025-11-24 12:30:03,619 - INFO -   预测/目标: 201600/93434
2025-11-24 12:30:03,620 - INFO -   检测损失: 6.16
2025-11-24 12:30:03,620 - INFO -   Decoder MoE损失: 3.9995
2025-11-24 12:30:03,620 - INFO -   Encoder Patch-MoE Balance损失: 0.1478
2025-11-24 12:30:03,620 - INFO -   Encoder Patch-MoE Entropy损失: -2.0794
2025-11-24 12:30:03,620 - INFO -   Encoder MoE总损失: -1.9316
2025-11-24 12:30:03,621 - INFO -   Token Pruning损失: 0.000133
2025-11-24 12:30:03,621 - INFO -   MoE总损失: 4.1473
2025-11-24 12:30:03,621 - INFO -   Decoder专家使用率: [12.40%, 12.59%, 12.01%, 12.65%, 12.63%, 12.45%, 12.64%, 12.63%]
2025-11-24 12:30:03,621 - INFO -   🎉 新的最佳验证损失: 0.94
2025-11-24 12:30:03,621 - INFO -   🎉 新的最佳mAP: 0.5170
2025-11-24 12:30:04,333 - INFO - 💾 保存最佳模型: logs/dset8_r18_20251124_101837/best_model.pth
2025-11-24 12:30:56,746 - INFO -   每个类别的 mAP@0.5:0.95:
2025-11-24 12:30:56,747 - INFO -     Car         : 0.7199
2025-11-24 12:30:56,747 - INFO -     Truck       : 0.4443
2025-11-24 12:30:56,747 - INFO -     Van         : 0.4041
2025-11-24 12:30:56,747 - INFO -     Bus         : 0.6588
2025-11-24 12:30:56,747 - INFO -     Pedestrian  : 0.3683
2025-11-24 12:30:56,747 - INFO -     Cyclist     : 0.4945
2025-11-24 12:30:56,747 - INFO -     Motorcyclist: 0.4348
2025-11-24 12:30:56,747 - INFO -     Trafficcone : 0.6112
2025-11-24 12:30:56,919 - INFO -   mAP_0.5_0.95 提升到 0.5170 (最佳epoch: 30)
2025-11-24 12:30:57,742 - INFO - 💾 保存最新检查点: logs/dset8_r18_20251124_101837/latest_checkpoint.pth
2025-11-24 12:31:06,976 - INFO - Epoch 31 | Batch 0 | Loss: 6.39 (Det: 6.20, MoE: 4.1488)
2025-11-24 12:33:13,120 - INFO - Epoch 31 | Batch 50 | Loss: 6.25 (Det: 6.05, MoE: 4.1515)
2025-11-24 12:35:29,916 - INFO - Epoch 31:
2025-11-24 12:35:29,916 - INFO -   训练损失: 6.32 | 验证损失: 0.95
2025-11-24 12:35:29,916 - INFO -   预测/目标: 201600/93434
2025-11-24 12:35:29,917 - INFO -   ⏳ mAP_0.5_0.95 无改善 (1/35), 最佳值: 0.5170 (epoch 30)
2025-11-24 12:35:30,665 - INFO - 💾 保存最新检查点: logs/dset8_r18_20251124_101837/latest_checkpoint.pth
2025-11-24 12:35:41,693 - INFO - Epoch 32 | Batch 0 | Loss: 6.32 (Det: 6.12, MoE: 4.1695)
2025-11-24 12:37:47,046 - INFO - Epoch 32 | Batch 50 | Loss: 6.23 (Det: 6.03, MoE: 4.1446)
2025-11-24 12:40:04,842 - INFO - Epoch 32:
2025-11-24 12:40:04,842 - INFO -   训练损失: 6.29 | 验证损失: 0.93
2025-11-24 12:40:04,843 - INFO -   预测/目标: 201600/93434
2025-11-24 12:40:04,844 - INFO -   🎉 新的最佳验证损失: 0.93
2025-11-24 12:40:04,844 - INFO -   🎉 新的最佳mAP: 0.5238
2025-11-24 12:40:05,587 - INFO - 💾 保存最佳模型: logs/dset8_r18_20251124_101837/best_model.pth
2025-11-24 12:40:58,426 - INFO -   每个类别的 mAP@0.5:0.95:
2025-11-24 12:40:58,426 - INFO -     Car         : 0.7243
2025-11-24 12:40:58,426 - INFO -     Truck       : 0.4441
2025-11-24 12:40:58,426 - INFO -     Van         : 0.4217
2025-11-24 12:40:58,426 - INFO -     Bus         : 0.6705
2025-11-24 12:40:58,426 - INFO -     Pedestrian  : 0.3733
2025-11-24 12:40:58,426 - INFO -     Cyclist     : 0.4975
2025-11-24 12:40:58,426 - INFO -     Motorcyclist: 0.4402
2025-11-24 12:40:58,426 - INFO -     Trafficcone : 0.6189
2025-11-24 12:40:58,625 - INFO -   mAP_0.5_0.95 提升到 0.5238 (最佳epoch: 32)
2025-11-24 12:40:59,486 - INFO - 💾 保存最新检查点: logs/dset8_r18_20251124_101837/latest_checkpoint.pth
2025-11-24 12:41:08,202 - INFO - Epoch 33 | Batch 0 | Loss: 6.21 (Det: 6.02, MoE: 4.1522)
2025-11-24 12:43:13,605 - INFO - Epoch 33 | Batch 50 | Loss: 6.13 (Det: 5.93, MoE: 4.1547)
2025-11-24 12:45:32,308 - INFO - Epoch 33:
2025-11-24 12:45:32,309 - INFO -   训练损失: 6.26 | 验证损失: 0.94
2025-11-24 12:45:32,309 - INFO -   预测/目标: 201600/93434
2025-11-24 12:45:32,309 - INFO -   ⏳ mAP_0.5_0.95 无改善 (1/35), 最佳值: 0.5238 (epoch 32)
2025-11-24 12:45:33,062 - INFO - 💾 保存最新检查点: logs/dset8_r18_20251124_101837/latest_checkpoint.pth
2025-11-24 12:45:43,194 - INFO - Epoch 34 | Batch 0 | Loss: 6.16 (Det: 5.96, MoE: 4.1515)
2025-11-24 12:47:49,408 - INFO - Epoch 34 | Batch 50 | Loss: 6.15 (Det: 5.96, MoE: 4.1367)
2025-11-24 12:50:05,145 - INFO - Epoch 34:
2025-11-24 12:50:05,146 - INFO -   训练损失: 6.22 | 验证损失: 0.94
2025-11-24 12:50:05,147 - INFO -   预测/目标: 201600/93434
2025-11-24 12:50:05,148 - INFO -   🎉 新的最佳mAP: 0.5248
2025-11-24 12:50:05,946 - INFO - 💾 保存最佳模型: logs/dset8_r18_20251124_101837/best_model.pth
2025-11-24 12:50:58,110 - INFO -   每个类别的 mAP@0.5:0.95:
2025-11-24 12:50:58,110 - INFO -     Car         : 0.7084
2025-11-24 12:50:58,110 - INFO -     Truck       : 0.4452
2025-11-24 12:50:58,111 - INFO -     Van         : 0.4358
2025-11-24 12:50:58,111 - INFO -     Bus         : 0.6562
2025-11-24 12:50:58,111 - INFO -     Pedestrian  : 0.3782
2025-11-24 12:50:58,111 - INFO -     Cyclist     : 0.5064
2025-11-24 12:50:58,111 - INFO -     Motorcyclist: 0.4483
2025-11-24 12:50:58,111 - INFO -     Trafficcone : 0.6203
2025-11-24 12:50:58,280 - INFO -   mAP_0.5_0.95 提升到 0.5248 (最佳epoch: 34)
2025-11-24 12:50:59,058 - INFO - 💾 保存最新检查点: logs/dset8_r18_20251124_101837/latest_checkpoint.pth
2025-11-24 12:51:01,599 - INFO - [DEBUG] Epoch 35: pruner.current_epoch=35, pruner.pruning_enabled=True, pruner.warmup_epochs=10
2025-11-24 12:51:10,960 - INFO - Epoch 35 | Batch 0 | Loss: 6.27 (Det: 6.08, MoE: 4.1391)
2025-11-24 12:53:15,240 - INFO - Epoch 35 | Batch 50 | Loss: 6.14 (Det: 5.94, MoE: 4.1553)
2025-11-24 12:55:29,799 - INFO - Epoch 35:
2025-11-24 12:55:29,799 - INFO -   训练损失: 6.19 | 验证损失: 0.93
2025-11-24 12:55:29,799 - INFO -   预测/目标: 201600/93434
2025-11-24 12:55:29,800 - INFO -   检测损失: 6.00
2025-11-24 12:55:29,801 - INFO -   Decoder MoE损失: 4.0015
2025-11-24 12:55:29,801 - INFO -   Encoder Patch-MoE Balance损失: 0.1490
2025-11-24 12:55:29,802 - INFO -   Encoder Patch-MoE Entropy损失: -2.0794
2025-11-24 12:55:29,802 - INFO -   Encoder MoE总损失: -1.9305
2025-11-24 12:55:29,802 - INFO -   Token Pruning损失: 0.000107
2025-11-24 12:55:29,802 - INFO -   MoE总损失: 4.1505
2025-11-24 12:55:29,802 - INFO -   Decoder专家使用率: [12.43%, 12.67%, 12.14%, 12.41%, 12.61%, 12.50%, 12.53%, 12.72%]
2025-11-24 12:55:29,802 - INFO -   🎉 新的最佳验证损失: 0.93
2025-11-24 12:55:29,802 - INFO -   🎉 新的最佳mAP: 0.5292
2025-11-24 12:55:30,648 - INFO - 💾 保存最佳模型: logs/dset8_r18_20251124_101837/best_model.pth
2025-11-24 12:56:22,848 - INFO -   每个类别的 mAP@0.5:0.95:
2025-11-24 12:56:22,848 - INFO -     Car         : 0.7154
2025-11-24 12:56:22,848 - INFO -     Truck       : 0.4411
2025-11-24 12:56:22,848 - INFO -     Van         : 0.4492
2025-11-24 12:56:22,848 - INFO -     Bus         : 0.6583
2025-11-24 12:56:22,848 - INFO -     Pedestrian  : 0.3886
2025-11-24 12:56:22,848 - INFO -     Cyclist     : 0.5102
2025-11-24 12:56:22,848 - INFO -     Motorcyclist: 0.4500
2025-11-24 12:56:22,848 - INFO -     Trafficcone : 0.6204
2025-11-24 12:56:23,055 - INFO -   mAP_0.5_0.95 提升到 0.5292 (最佳epoch: 35)
2025-11-24 12:56:23,783 - INFO - 💾 保存最新检查点: logs/dset8_r18_20251124_101837/latest_checkpoint.pth
2025-11-24 12:56:34,468 - INFO - Epoch 36 | Batch 0 | Loss: 6.16 (Det: 5.97, MoE: 4.1437)
2025-11-24 12:58:39,727 - INFO - Epoch 36 | Batch 50 | Loss: 6.12 (Det: 5.93, MoE: 4.1447)
2025-11-24 13:01:01,291 - INFO - Epoch 36:
2025-11-24 13:01:01,292 - INFO -   训练损失: 6.18 | 验证损失: 0.93
2025-11-24 13:01:01,292 - INFO -   预测/目标: 201600/93434
2025-11-24 13:01:01,293 - INFO -   🎉 新的最佳验证损失: 0.93
2025-11-24 13:01:01,294 - INFO -   🎉 新的最佳mAP: 0.5367
2025-11-24 13:01:02,143 - INFO - 💾 保存最佳模型: logs/dset8_r18_20251124_101837/best_model.pth
2025-11-24 13:01:55,266 - INFO -   每个类别的 mAP@0.5:0.95:
2025-11-24 13:01:55,266 - INFO -     Car         : 0.7260
2025-11-24 13:01:55,266 - INFO -     Truck       : 0.4532
2025-11-24 13:01:55,266 - INFO -     Van         : 0.4535
2025-11-24 13:01:55,266 - INFO -     Bus         : 0.6867
2025-11-24 13:01:55,266 - INFO -     Pedestrian  : 0.3859
2025-11-24 13:01:55,266 - INFO -     Cyclist     : 0.5118
2025-11-24 13:01:55,266 - INFO -     Motorcyclist: 0.4568
2025-11-24 13:01:55,266 - INFO -     Trafficcone : 0.6201
2025-11-24 13:01:55,444 - INFO -   mAP_0.5_0.95 提升到 0.5367 (最佳epoch: 36)
2025-11-24 13:01:56,201 - INFO - 💾 保存最新检查点: logs/dset8_r18_20251124_101837/latest_checkpoint.pth
2025-11-24 13:02:05,262 - INFO - Epoch 37 | Batch 0 | Loss: 6.12 (Det: 5.93, MoE: 4.1514)
2025-11-24 13:04:21,736 - INFO - Epoch 37 | Batch 50 | Loss: 6.24 (Det: 6.05, MoE: 4.1352)
2025-11-24 13:06:45,985 - INFO - Epoch 37:
2025-11-24 13:06:45,985 - INFO -   训练损失: 6.18 | 验证损失: 0.92
2025-11-24 13:06:45,985 - INFO -   预测/目标: 201600/93434
2025-11-24 13:06:45,986 - INFO -   🎉 新的最佳验证损失: 0.92
2025-11-24 13:06:45,987 - INFO -   ⏳ mAP_0.5_0.95 无改善 (1/35), 最佳值: 0.5367 (epoch 36)
2025-11-24 13:06:46,752 - INFO - 💾 保存最新检查点: logs/dset8_r18_20251124_101837/latest_checkpoint.pth
2025-11-24 13:06:57,441 - INFO - Epoch 38 | Batch 0 | Loss: 6.06 (Det: 5.86, MoE: 4.1453)
2025-11-24 13:09:12,572 - INFO - Epoch 38 | Batch 50 | Loss: 6.07 (Det: 5.88, MoE: 4.1470)
2025-11-24 13:11:37,988 - INFO - Epoch 38:
2025-11-24 13:11:37,988 - INFO -   训练损失: 6.13 | 验证损失: 0.93
2025-11-24 13:11:37,988 - INFO -   预测/目标: 201600/93434
2025-11-24 13:11:37,990 - INFO -   🎉 新的最佳mAP: 0.5383
2025-11-24 13:11:38,759 - INFO - 💾 保存最佳模型: logs/dset8_r18_20251124_101837/best_model.pth
2025-11-24 13:12:31,530 - INFO -   每个类别的 mAP@0.5:0.95:
2025-11-24 13:12:31,530 - INFO -     Car         : 0.7247
2025-11-24 13:12:31,530 - INFO -     Truck       : 0.4532
2025-11-24 13:12:31,530 - INFO -     Van         : 0.4657
2025-11-24 13:12:31,530 - INFO -     Bus         : 0.6773
2025-11-24 13:12:31,530 - INFO -     Pedestrian  : 0.3922
2025-11-24 13:12:31,530 - INFO -     Cyclist     : 0.5167
2025-11-24 13:12:31,530 - INFO -     Motorcyclist: 0.4574
2025-11-24 13:12:31,530 - INFO -     Trafficcone : 0.6195
2025-11-24 13:12:31,729 - INFO -   mAP_0.5_0.95 提升到 0.5383 (最佳epoch: 38)
2025-11-24 13:12:32,525 - INFO - 💾 保存最新检查点: logs/dset8_r18_20251124_101837/latest_checkpoint.pth
2025-11-24 13:12:42,447 - INFO - Epoch 39 | Batch 0 | Loss: 6.02 (Det: 5.83, MoE: 4.1453)
2025-11-24 13:14:58,483 - INFO - Epoch 39 | Batch 50 | Loss: 6.14 (Det: 5.95, MoE: 4.1484)
2025-11-24 13:17:25,198 - INFO - Epoch 39:
2025-11-24 13:17:25,198 - INFO -   训练损失: 6.13 | 验证损失: 0.93
2025-11-24 13:17:25,198 - INFO -   预测/目标: 201600/93434
2025-11-24 13:17:25,199 - INFO -   🎉 新的最佳mAP: 0.5408
2025-11-24 13:17:25,971 - INFO - 💾 保存最佳模型: logs/dset8_r18_20251124_101837/best_model.pth
2025-11-24 13:18:18,342 - INFO -   每个类别的 mAP@0.5:0.95:
2025-11-24 13:18:18,342 - INFO -     Car         : 0.7213
2025-11-24 13:18:18,342 - INFO -     Truck       : 0.4531
2025-11-24 13:18:18,342 - INFO -     Van         : 0.4659
2025-11-24 13:18:18,342 - INFO -     Bus         : 0.6865
2025-11-24 13:18:18,342 - INFO -     Pedestrian  : 0.3978
2025-11-24 13:18:18,342 - INFO -     Cyclist     : 0.5239
2025-11-24 13:18:18,342 - INFO -     Motorcyclist: 0.4567
2025-11-24 13:18:18,342 - INFO -     Trafficcone : 0.6216
2025-11-24 13:18:18,543 - INFO -   mAP_0.5_0.95 提升到 0.5408 (最佳epoch: 39)
2025-11-24 13:18:19,400 - INFO - 💾 保存最新检查点: logs/dset8_r18_20251124_101837/latest_checkpoint.pth
2025-11-24 13:18:22,105 - INFO - [DEBUG] Epoch 40: pruner.current_epoch=40, pruner.pruning_enabled=True, pruner.warmup_epochs=10
2025-11-24 13:18:28,398 - INFO - Epoch 40 | Batch 0 | Loss: 6.17 (Det: 5.98, MoE: 4.1477)
2025-11-24 13:20:47,437 - INFO - Epoch 40 | Batch 50 | Loss: 6.37 (Det: 6.18, MoE: 4.1440)
2025-11-24 13:23:13,872 - INFO - Epoch 40:
2025-11-24 13:23:13,873 - INFO -   训练损失: 6.11 | 验证损失: 0.93
2025-11-24 13:23:13,874 - INFO -   预测/目标: 201600/93434
2025-11-24 13:23:13,874 - INFO -   检测损失: 5.92
2025-11-24 13:23:13,875 - INFO -   Decoder MoE损失: 3.9978
2025-11-24 13:23:13,875 - INFO -   Encoder Patch-MoE Balance损失: 0.1465
2025-11-24 13:23:13,875 - INFO -   Encoder Patch-MoE Entropy损失: -2.0794
2025-11-24 13:23:13,875 - INFO -   Encoder MoE总损失: -1.9329
2025-11-24 13:23:13,876 - INFO -   Token Pruning损失: 0.000090
2025-11-24 13:23:13,876 - INFO -   MoE总损失: 4.1443
2025-11-24 13:23:13,876 - INFO -   Decoder专家使用率: [12.36%, 12.62%, 12.30%, 12.60%, 12.52%, 12.52%, 12.52%, 12.57%]
2025-11-24 13:23:13,876 - INFO -   🎉 新的最佳mAP: 0.5420
2025-11-24 13:23:14,611 - INFO - 💾 保存最佳模型: logs/dset8_r18_20251124_101837/best_model.pth
2025-11-24 13:24:09,256 - INFO -   每个类别的 mAP@0.5:0.95:
2025-11-24 13:24:09,256 - INFO -     Car         : 0.7181
2025-11-24 13:24:09,256 - INFO -     Truck       : 0.4617
2025-11-24 13:24:09,256 - INFO -     Van         : 0.4677
2025-11-24 13:24:09,256 - INFO -     Bus         : 0.6808
2025-11-24 13:24:09,256 - INFO -     Pedestrian  : 0.4031
2025-11-24 13:24:09,256 - INFO -     Cyclist     : 0.5210
2025-11-24 13:24:09,256 - INFO -     Motorcyclist: 0.4622
2025-11-24 13:24:09,256 - INFO -     Trafficcone : 0.6211
2025-11-24 13:24:09,471 - INFO -   mAP_0.5_0.95 提升到 0.5420 (最佳epoch: 40)
2025-11-24 13:24:10,282 - INFO - 💾 保存最新检查点: logs/dset8_r18_20251124_101837/latest_checkpoint.pth
2025-11-24 13:24:19,687 - INFO - Epoch 41 | Batch 0 | Loss: 6.16 (Det: 5.97, MoE: 4.1453)
2025-11-24 13:26:33,931 - INFO - Epoch 41 | Batch 50 | Loss: 6.07 (Det: 5.88, MoE: 4.1533)
2025-11-24 13:28:59,661 - INFO - Epoch 41:
2025-11-24 13:28:59,662 - INFO -   训练损失: 6.09 | 验证损失: 0.93
2025-11-24 13:28:59,662 - INFO -   预测/目标: 201600/93434
2025-11-24 13:28:59,662 - INFO -   🎉 新的最佳mAP: 0.5444
2025-11-24 13:29:00,498 - INFO - 💾 保存最佳模型: logs/dset8_r18_20251124_101837/best_model.pth
2025-11-24 13:29:52,113 - INFO -   每个类别的 mAP@0.5:0.95:
2025-11-24 13:29:52,113 - INFO -     Car         : 0.7187
2025-11-24 13:29:52,113 - INFO -     Truck       : 0.4557
2025-11-24 13:29:52,113 - INFO -     Van         : 0.4850
2025-11-24 13:29:52,113 - INFO -     Bus         : 0.6861
2025-11-24 13:29:52,113 - INFO -     Pedestrian  : 0.4033
2025-11-24 13:29:52,113 - INFO -     Cyclist     : 0.5241
2025-11-24 13:29:52,113 - INFO -     Motorcyclist: 0.4605
2025-11-24 13:29:52,113 - INFO -     Trafficcone : 0.6223
2025-11-24 13:29:52,307 - INFO -   mAP_0.5_0.95 提升到 0.5444 (最佳epoch: 41)
2025-11-24 13:29:53,103 - INFO - 💾 保存最新检查点: logs/dset8_r18_20251124_101837/latest_checkpoint.pth
2025-11-24 13:30:01,232 - INFO - Epoch 42 | Batch 0 | Loss: 5.97 (Det: 5.78, MoE: 4.1406)
2025-11-24 13:32:14,641 - INFO - Epoch 42 | Batch 50 | Loss: 6.20 (Det: 6.00, MoE: 4.1353)
2025-11-24 13:34:38,616 - INFO - Epoch 42:
2025-11-24 13:34:38,617 - INFO -   训练损失: 6.06 | 验证损失: 0.92
2025-11-24 13:34:38,618 - INFO -   预测/目标: 201600/93434
2025-11-24 13:34:38,618 - INFO -   🎉 新的最佳验证损失: 0.92
2025-11-24 13:34:38,619 - INFO -   🎉 新的最佳mAP: 0.5549
2025-11-24 13:34:39,438 - INFO - 💾 保存最佳模型: logs/dset8_r18_20251124_101837/best_model.pth
2025-11-24 13:35:32,386 - INFO -   每个类别的 mAP@0.5:0.95:
2025-11-24 13:35:32,387 - INFO -     Car         : 0.7336
2025-11-24 13:35:32,387 - INFO -     Truck       : 0.4713
2025-11-24 13:35:32,387 - INFO -     Van         : 0.5068
2025-11-24 13:35:32,387 - INFO -     Bus         : 0.7075
2025-11-24 13:35:32,387 - INFO -     Pedestrian  : 0.4050
2025-11-24 13:35:32,387 - INFO -     Cyclist     : 0.5266
2025-11-24 13:35:32,387 - INFO -     Motorcyclist: 0.4653
2025-11-24 13:35:32,387 - INFO -     Trafficcone : 0.6227
2025-11-24 13:35:32,562 - INFO -   mAP_0.5_0.95 提升到 0.5549 (最佳epoch: 42)
2025-11-24 13:35:33,415 - INFO - 💾 保存最新检查点: logs/dset8_r18_20251124_101837/latest_checkpoint.pth
2025-11-24 13:35:43,297 - INFO - Epoch 43 | Batch 0 | Loss: 6.05 (Det: 5.86, MoE: 4.1433)
2025-11-24 13:37:57,069 - INFO - Epoch 43 | Batch 50 | Loss: 6.14 (Det: 5.95, MoE: 4.1396)
2025-11-24 13:40:20,350 - INFO - Epoch 43:
2025-11-24 13:40:20,350 - INFO -   训练损失: 6.05 | 验证损失: 0.92
2025-11-24 13:40:20,350 - INFO -   预测/目标: 201600/93434
2025-11-24 13:40:20,352 - INFO -   ⏳ mAP_0.5_0.95 无改善 (1/35), 最佳值: 0.5549 (epoch 42)
2025-11-24 13:40:21,154 - INFO - 💾 保存最新检查点: logs/dset8_r18_20251124_101837/latest_checkpoint.pth
2025-11-24 13:40:30,511 - INFO - Epoch 44 | Batch 0 | Loss: 6.13 (Det: 5.94, MoE: 4.1464)
2025-11-24 13:42:44,800 - INFO - Epoch 44 | Batch 50 | Loss: 5.93 (Det: 5.73, MoE: 4.1507)
2025-11-24 13:45:08,922 - INFO - Epoch 44:
2025-11-24 13:45:08,922 - INFO -   训练损失: 6.04 | 验证损失: 0.91
2025-11-24 13:45:08,922 - INFO -   预测/目标: 201600/93434
2025-11-24 13:45:08,922 - INFO -   🎉 新的最佳验证损失: 0.91
2025-11-24 13:45:08,923 - INFO -   🎉 新的最佳mAP: 0.5605
2025-11-24 13:45:09,716 - INFO - 💾 保存最佳模型: logs/dset8_r18_20251124_101837/best_model.pth
2025-11-24 13:46:01,815 - INFO -   每个类别的 mAP@0.5:0.95:
2025-11-24 13:46:01,815 - INFO -     Car         : 0.7370
2025-11-24 13:46:01,815 - INFO -     Truck       : 0.4717
2025-11-24 13:46:01,815 - INFO -     Van         : 0.5280
2025-11-24 13:46:01,815 - INFO -     Bus         : 0.7141
2025-11-24 13:46:01,815 - INFO -     Pedestrian  : 0.4150
2025-11-24 13:46:01,815 - INFO -     Cyclist     : 0.5336
2025-11-24 13:46:01,815 - INFO -     Motorcyclist: 0.4624
2025-11-24 13:46:01,815 - INFO -     Trafficcone : 0.6220
2025-11-24 13:46:01,996 - INFO -   mAP_0.5_0.95 提升到 0.5605 (最佳epoch: 44)
2025-11-24 13:46:02,762 - INFO - 💾 保存最新检查点: logs/dset8_r18_20251124_101837/latest_checkpoint.pth
2025-11-24 13:46:05,217 - INFO - [DEBUG] Epoch 45: pruner.current_epoch=45, pruner.pruning_enabled=True, pruner.warmup_epochs=10
2025-11-24 13:46:12,614 - INFO - Epoch 45 | Batch 0 | Loss: 5.91 (Det: 5.71, MoE: 4.1447)
2025-11-24 13:48:26,656 - INFO - Epoch 45 | Batch 50 | Loss: 5.97 (Det: 5.77, MoE: 4.1528)
2025-11-24 13:50:50,015 - INFO - Epoch 45:
2025-11-24 13:50:50,015 - INFO -   训练损失: 6.01 | 验证损失: 0.92
2025-11-24 13:50:50,015 - INFO -   预测/目标: 201600/93434
2025-11-24 13:50:50,016 - INFO -   检测损失: 5.82
2025-11-24 13:50:50,016 - INFO -   Decoder MoE损失: 4.0010
2025-11-24 13:50:50,017 - INFO -   Encoder Patch-MoE Balance损失: 0.1490
2025-11-24 13:50:50,017 - INFO -   Encoder Patch-MoE Entropy损失: -2.0794
2025-11-24 13:50:50,018 - INFO -   Encoder MoE总损失: -1.9304
2025-11-24 13:50:50,018 - INFO -   Token Pruning损失: 0.000077
2025-11-24 13:50:50,018 - INFO -   MoE总损失: 4.1500
2025-11-24 13:50:50,018 - INFO -   Decoder专家使用率: [12.52%, 12.65%, 12.32%, 12.54%, 12.54%, 12.46%, 12.53%, 12.44%]
2025-11-24 13:50:50,019 - INFO -   ⏳ mAP_0.5_0.95 无改善 (1/35), 最佳值: 0.5605 (epoch 44)
2025-11-24 13:50:50,846 - INFO - 💾 保存最新检查点: logs/dset8_r18_20251124_101837/latest_checkpoint.pth
2025-11-24 13:50:59,989 - INFO - Epoch 46 | Batch 0 | Loss: 6.09 (Det: 5.89, MoE: 4.1486)
2025-11-24 13:53:14,230 - INFO - Epoch 46 | Batch 50 | Loss: 6.12 (Det: 5.93, MoE: 4.1526)
2025-11-24 13:55:38,808 - INFO - Epoch 46:
2025-11-24 13:55:38,809 - INFO -   训练损失: 6.02 | 验证损失: 0.91
2025-11-24 13:55:38,809 - INFO -   预测/目标: 201600/93434
2025-11-24 13:55:38,810 - INFO -   🎉 新的最佳mAP: 0.5609
2025-11-24 13:55:39,653 - INFO - 💾 保存最佳模型: logs/dset8_r18_20251124_101837/best_model.pth
2025-11-24 13:56:31,522 - INFO -   每个类别的 mAP@0.5:0.95:
2025-11-24 13:56:31,523 - INFO -     Car         : 0.7371
2025-11-24 13:56:31,523 - INFO -     Truck       : 0.4751
2025-11-24 13:56:31,523 - INFO -     Van         : 0.5270
2025-11-24 13:56:31,523 - INFO -     Bus         : 0.7083
2025-11-24 13:56:31,523 - INFO -     Pedestrian  : 0.4142
2025-11-24 13:56:31,523 - INFO -     Cyclist     : 0.5376
2025-11-24 13:56:31,523 - INFO -     Motorcyclist: 0.4657
2025-11-24 13:56:31,523 - INFO -     Trafficcone : 0.6225
2025-11-24 13:56:31,724 - INFO -   mAP_0.5_0.95 提升到 0.5609 (最佳epoch: 46)
2025-11-24 13:56:32,550 - INFO - 💾 保存最新检查点: logs/dset8_r18_20251124_101837/latest_checkpoint.pth
2025-11-24 13:56:41,735 - INFO - Epoch 47 | Batch 0 | Loss: 6.05 (Det: 5.86, MoE: 4.1443)
2025-11-24 13:58:55,848 - INFO - Epoch 47 | Batch 50 | Loss: 6.01 (Det: 5.81, MoE: 4.1431)
2025-11-24 14:01:18,679 - INFO - Epoch 47:
2025-11-24 14:01:18,679 - INFO -   训练损失: 6.04 | 验证损失: 0.93
2025-11-24 14:01:18,679 - INFO -   预测/目标: 201600/93434
2025-11-24 14:01:18,680 - INFO -   ⏳ mAP_0.5_0.95 无改善 (1/35), 最佳值: 0.5609 (epoch 46)
2025-11-24 14:01:19,444 - INFO - 💾 保存最新检查点: logs/dset8_r18_20251124_101837/latest_checkpoint.pth
2025-11-24 14:01:28,862 - INFO - Epoch 48 | Batch 0 | Loss: 6.30 (Det: 6.10, MoE: 4.1651)
2025-11-24 14:03:44,206 - INFO - Epoch 48 | Batch 50 | Loss: 6.83 (Det: 6.64, MoE: 4.1891)
2025-11-24 14:06:08,339 - INFO - Epoch 48:
2025-11-24 14:06:08,340 - INFO -   训练损失: 6.19 | 验证损失: 0.93
2025-11-24 14:06:08,340 - INFO -   预测/目标: 201600/93434
2025-11-24 14:06:08,341 - INFO -   ⏳ mAP_0.5_0.95 无改善 (2/35), 最佳值: 0.5609 (epoch 46)
2025-11-24 14:06:09,121 - INFO - 💾 保存最新检查点: logs/dset8_r18_20251124_101837/latest_checkpoint.pth
2025-11-24 14:06:20,091 - INFO - Epoch 49 | Batch 0 | Loss: 6.05 (Det: 5.85, MoE: 4.1590)
2025-11-24 14:08:33,617 - INFO - Epoch 49 | Batch 50 | Loss: 5.91 (Det: 5.71, MoE: 4.1462)
2025-11-24 14:10:57,745 - INFO - Epoch 49:
2025-11-24 14:10:57,746 - INFO -   训练损失: 5.96 | 验证损失: 0.92
2025-11-24 14:10:57,746 - INFO -   预测/目标: 201600/93434
2025-11-24 14:10:57,746 - INFO -   ⏳ mAP_0.5_0.95 无改善 (3/35), 最佳值: 0.5609 (epoch 46)
2025-11-24 14:10:58,538 - INFO - 💾 保存最新检查点: logs/dset8_r18_20251124_101837/latest_checkpoint.pth
2025-11-24 14:11:01,006 - INFO - [DEBUG] Epoch 50: pruner.current_epoch=50, pruner.pruning_enabled=True, pruner.warmup_epochs=10
2025-11-24 14:11:07,035 - INFO - Epoch 50 | Batch 0 | Loss: 6.01 (Det: 5.82, MoE: 4.1472)
2025-11-24 14:13:20,144 - INFO - Epoch 50 | Batch 50 | Loss: 5.77 (Det: 5.58, MoE: 4.1640)
2025-11-24 14:15:42,559 - INFO - Epoch 50:
2025-11-24 14:15:42,559 - INFO -   训练损失: 5.93 | 验证损失: 0.92
2025-11-24 14:15:42,559 - INFO -   预测/目标: 201600/93434
2025-11-24 14:15:42,559 - INFO -   检测损失: 5.73
2025-11-24 14:15:42,560 - INFO -   Decoder MoE损失: 3.9956
2025-11-24 14:15:42,561 - INFO -   Encoder Patch-MoE Balance损失: 0.1499
2025-11-24 14:15:42,561 - INFO -   Encoder Patch-MoE Entropy损失: -2.0794
2025-11-24 14:15:42,561 - INFO -   Encoder MoE总损失: -1.9295
2025-11-24 14:15:42,562 - INFO -   Token Pruning损失: 0.000067
2025-11-24 14:15:42,562 - INFO -   MoE总损失: 4.1455
2025-11-24 14:15:42,562 - INFO -   Decoder专家使用率: [12.35%, 12.57%, 12.36%, 12.49%, 12.52%, 12.51%, 12.56%, 12.64%]
2025-11-24 14:15:42,562 - INFO -   ⏳ mAP_0.5_0.95 无改善 (4/35), 最佳值: 0.5609 (epoch 46)
2025-11-24 14:15:43,359 - INFO - 💾 保存最新检查点: logs/dset8_r18_20251124_101837/latest_checkpoint.pth
2025-11-24 14:15:53,932 - INFO - Epoch 51 | Batch 0 | Loss: 6.05 (Det: 5.85, MoE: 4.1477)
2025-11-24 14:18:07,270 - INFO - Epoch 51 | Batch 50 | Loss: 5.95 (Det: 5.76, MoE: 4.1368)
2025-11-24 14:20:31,895 - INFO - Epoch 51:
2025-11-24 14:20:31,896 - INFO -   训练损失: 5.90 | 验证损失: 0.93
2025-11-24 14:20:31,896 - INFO -   预测/目标: 201600/93434
2025-11-24 14:20:31,896 - INFO -   ⏳ mAP_0.5_0.95 无改善 (5/35), 最佳值: 0.5609 (epoch 46)
2025-11-24 14:20:33,861 - INFO - 💾 保存最新检查点: logs/dset8_r18_20251124_101837/latest_checkpoint.pth
2025-11-24 14:20:46,013 - INFO - Epoch 52 | Batch 0 | Loss: 5.77 (Det: 5.57, MoE: 4.1445)
2025-11-24 14:22:58,676 - INFO - Epoch 52 | Batch 50 | Loss: 5.94 (Det: 5.75, MoE: 4.1634)
2025-11-24 14:25:21,066 - INFO - Epoch 52:
2025-11-24 14:25:21,066 - INFO -   训练损失: 5.88 | 验证损失: 0.91
2025-11-24 14:25:21,066 - INFO -   预测/目标: 201600/93434
2025-11-24 14:25:21,067 - INFO -   ⏳ mAP_0.5_0.95 无改善 (6/35), 最佳值: 0.5609 (epoch 46)
2025-11-24 14:25:22,753 - INFO - 💾 保存最新检查点: logs/dset8_r18_20251124_101837/latest_checkpoint.pth
2025-11-24 14:25:34,062 - INFO - Epoch 53 | Batch 0 | Loss: 5.90 (Det: 5.71, MoE: 4.1452)
2025-11-24 14:27:46,775 - INFO - Epoch 53 | Batch 50 | Loss: 5.82 (Det: 5.63, MoE: 4.1346)
2025-11-24 14:30:09,834 - INFO - Epoch 53:
2025-11-24 14:30:09,835 - INFO -   训练损失: 5.85 | 验证损失: 0.91
2025-11-24 14:30:09,836 - INFO -   预测/目标: 201600/93434
2025-11-24 14:30:09,836 - INFO -   ⏳ mAP_0.5_0.95 无改善 (7/35), 最佳值: 0.5609 (epoch 46)
2025-11-24 14:30:10,630 - INFO - 💾 保存最新检查点: logs/dset8_r18_20251124_101837/latest_checkpoint.pth
2025-11-24 14:30:19,401 - INFO - Epoch 54 | Batch 0 | Loss: 5.94 (Det: 5.75, MoE: 4.1515)
2025-11-24 14:32:32,758 - INFO - Epoch 54 | Batch 50 | Loss: 5.74 (Det: 5.55, MoE: 4.1503)
2025-11-24 14:34:55,715 - INFO - Epoch 54:
2025-11-24 14:34:55,716 - INFO -   训练损失: 5.83 | 验证损失: 0.92
2025-11-24 14:34:55,717 - INFO -   预测/目标: 201600/93434
2025-11-24 14:34:55,717 - INFO -   ⏳ mAP_0.5_0.95 无改善 (8/35), 最佳值: 0.5609 (epoch 46)
2025-11-24 14:34:56,506 - INFO - 💾 保存最新检查点: logs/dset8_r18_20251124_101837/latest_checkpoint.pth
2025-11-24 14:34:58,976 - INFO - [DEBUG] Epoch 55: pruner.current_epoch=55, pruner.pruning_enabled=True, pruner.warmup_epochs=10
2025-11-24 14:35:05,302 - INFO - Epoch 55 | Batch 0 | Loss: 5.74 (Det: 5.55, MoE: 4.1796)
2025-11-24 14:37:18,479 - INFO - Epoch 55 | Batch 50 | Loss: 5.75 (Det: 5.55, MoE: 4.1614)
2025-11-24 14:39:42,957 - INFO - Epoch 55:
2025-11-24 14:39:42,957 - INFO -   训练损失: 5.82 | 验证损失: 0.92
2025-11-24 14:39:42,958 - INFO -   预测/目标: 201600/93434
2025-11-24 14:39:42,959 - INFO -   检测损失: 5.63
2025-11-24 14:39:42,959 - INFO -   Decoder MoE损失: 4.0005
2025-11-24 14:39:42,959 - INFO -   Encoder Patch-MoE Balance损失: 0.1471
2025-11-24 14:39:42,960 - INFO -   Encoder Patch-MoE Entropy损失: -2.0794
2025-11-24 14:39:42,960 - INFO -   Encoder MoE总损失: -1.9324
2025-11-24 14:39:42,960 - INFO -   Token Pruning损失: 0.000056
2025-11-24 14:39:42,960 - INFO -   MoE总损失: 4.1475
2025-11-24 14:39:42,960 - INFO -   Decoder专家使用率: [12.40%, 12.55%, 12.31%, 12.54%, 12.61%, 12.46%, 12.63%, 12.50%]
2025-11-24 14:39:42,960 - INFO -   ⏳ mAP_0.5_0.95 无改善 (9/35), 最佳值: 0.5609 (epoch 46)
2025-11-24 14:39:44,171 - INFO - 💾 保存最新检查点: logs/dset8_r18_20251124_101837/latest_checkpoint.pth
2025-11-24 14:39:53,683 - INFO - Epoch 56 | Batch 0 | Loss: 5.66 (Det: 5.46, MoE: 4.1584)
2025-11-24 14:42:44,934 - INFO - Epoch 56 | Batch 50 | Loss: 5.71 (Det: 5.51, MoE: 4.1521)
2025-11-24 14:45:13,557 - INFO - Epoch 56:
2025-11-24 14:45:13,557 - INFO -   训练损失: 5.79 | 验证损失: 0.92
2025-11-24 14:45:13,558 - INFO -   预测/目标: 201600/93434
2025-11-24 14:45:13,559 - INFO -   ⏳ mAP_0.5_0.95 无改善 (10/35), 最佳值: 0.5609 (epoch 46)
2025-11-24 14:45:14,369 - INFO - 💾 保存最新检查点: logs/dset8_r18_20251124_101837/latest_checkpoint.pth
2025-11-24 14:45:26,850 - INFO - Epoch 57 | Batch 0 | Loss: 5.75 (Det: 5.55, MoE: 4.1393)
2025-11-24 14:47:40,467 - INFO - Epoch 57 | Batch 50 | Loss: 5.79 (Det: 5.59, MoE: 4.1412)
2025-11-24 14:50:04,362 - INFO - Epoch 57:
2025-11-24 14:50:04,363 - INFO -   训练损失: 5.78 | 验证损失: 0.91
2025-11-24 14:50:04,363 - INFO -   预测/目标: 201600/93434
2025-11-24 14:50:04,363 - INFO -   ⏳ mAP_0.5_0.95 无改善 (11/35), 最佳值: 0.5609 (epoch 46)
2025-11-24 14:50:05,202 - INFO - 💾 保存最新检查点: logs/dset8_r18_20251124_101837/latest_checkpoint.pth
2025-11-24 14:50:14,792 - INFO - Epoch 58 | Batch 0 | Loss: 5.80 (Det: 5.61, MoE: 4.1446)
2025-11-24 14:52:30,121 - INFO - Epoch 58 | Batch 50 | Loss: 5.76 (Det: 5.56, MoE: 4.1715)
2025-11-24 14:54:54,212 - INFO - Epoch 58:
2025-11-24 14:54:54,212 - INFO -   训练损失: 5.79 | 验证损失: 0.92
2025-11-24 14:54:54,213 - INFO -   预测/目标: 201600/93434
2025-11-24 14:54:54,214 - INFO -   ⏳ mAP_0.5_0.95 无改善 (12/35), 最佳值: 0.5609 (epoch 46)
2025-11-24 14:54:56,352 - INFO - 💾 保存最新检查点: logs/dset8_r18_20251124_101837/latest_checkpoint.pth
2025-11-24 14:55:07,160 - INFO - Epoch 59 | Batch 0 | Loss: 5.63 (Det: 5.43, MoE: 4.1702)
2025-11-24 14:57:21,510 - INFO - Epoch 59 | Batch 50 | Loss: 5.70 (Det: 5.50, MoE: 4.1702)
2025-11-24 14:59:47,086 - INFO - Epoch 59:
2025-11-24 14:59:47,086 - INFO -   训练损失: 5.77 | 验证损失: 0.91
2025-11-24 14:59:47,087 - INFO -   预测/目标: 201600/93434
2025-11-24 14:59:47,088 - INFO -   🎉 新的最佳mAP: 0.5623
2025-11-24 14:59:49,537 - INFO - 💾 保存最佳模型: logs/dset8_r18_20251124_101837/best_model.pth
2025-11-24 15:00:42,021 - INFO -   每个类别的 mAP@0.5:0.95:
2025-11-24 15:00:42,021 - INFO -     Car         : 0.7257
2025-11-24 15:00:42,021 - INFO -     Truck       : 0.4807
2025-11-24 15:00:42,021 - INFO -     Van         : 0.5182
2025-11-24 15:00:42,021 - INFO -     Bus         : 0.6855
2025-11-24 15:00:42,021 - INFO -     Pedestrian  : 0.4291
2025-11-24 15:00:42,021 - INFO -     Cyclist     : 0.5605
2025-11-24 15:00:42,021 - INFO -     Motorcyclist: 0.4721
2025-11-24 15:00:42,021 - INFO -     Trafficcone : 0.6265
2025-11-24 15:00:42,184 - INFO -   mAP_0.5_0.95 提升到 0.5623 (最佳epoch: 59)
2025-11-24 15:00:44,230 - INFO - 💾 保存最新检查点: logs/dset8_r18_20251124_101837/latest_checkpoint.pth
2025-11-24 15:00:46,731 - INFO - [DEBUG] Epoch 60: pruner.current_epoch=60, pruner.pruning_enabled=True, pruner.warmup_epochs=10
2025-11-24 15:00:52,768 - INFO - Epoch 60 | Batch 0 | Loss: 5.76 (Det: 5.57, MoE: 4.1444)
2025-11-24 15:03:07,746 - INFO - Epoch 60 | Batch 50 | Loss: 5.75 (Det: 5.56, MoE: 4.1501)
2025-11-24 15:05:34,285 - INFO - Epoch 60:
2025-11-24 15:05:34,287 - INFO -   训练损失: 5.72 | 验证损失: 0.91
2025-11-24 15:05:34,287 - INFO -   预测/目标: 201600/93434
2025-11-24 15:05:34,287 - INFO -   检测损失: 5.53
2025-11-24 15:05:34,287 - INFO -   Decoder MoE损失: 4.0027
2025-11-24 15:05:34,288 - INFO -   Encoder Patch-MoE Balance损失: 0.1465
2025-11-24 15:05:34,288 - INFO -   Encoder Patch-MoE Entropy损失: -2.0794
2025-11-24 15:05:34,289 - INFO -   Encoder MoE总损失: -1.9329
2025-11-24 15:05:34,289 - INFO -   Token Pruning损失: 0.000050
2025-11-24 15:05:34,289 - INFO -   MoE总损失: 4.1492
2025-11-24 15:05:34,289 - INFO -   Decoder专家使用率: [12.45%, 12.54%, 12.32%, 12.48%, 12.54%, 12.53%, 12.67%, 12.47%]
2025-11-24 15:05:34,289 - INFO -   ⏳ mAP_0.5_0.95 无改善 (1/35), 最佳值: 0.5623 (epoch 59)
2025-11-24 15:05:35,049 - INFO - 💾 保存最新检查点: logs/dset8_r18_20251124_101837/latest_checkpoint.pth
2025-11-24 15:05:43,681 - INFO - Epoch 61 | Batch 0 | Loss: 5.66 (Det: 5.47, MoE: 4.1398)
2025-11-24 15:07:58,999 - INFO - Epoch 61 | Batch 50 | Loss: 5.69 (Det: 5.49, MoE: 4.1404)
2025-11-24 15:10:23,020 - INFO - Epoch 61:
2025-11-24 15:10:23,021 - INFO -   训练损失: 5.71 | 验证损失: 0.91
2025-11-24 15:10:23,021 - INFO -   预测/目标: 201600/93434
2025-11-24 15:10:23,021 - INFO -   🎉 新的最佳验证损失: 0.91
2025-11-24 15:10:23,021 - INFO -   🎉 新的最佳mAP: 0.5645
2025-11-24 15:10:23,911 - INFO - 💾 保存最佳模型: logs/dset8_r18_20251124_101837/best_model.pth
2025-11-24 15:11:17,958 - INFO -   每个类别的 mAP@0.5:0.95:
2025-11-24 15:11:17,958 - INFO -     Car         : 0.7326
2025-11-24 15:11:17,958 - INFO -     Truck       : 0.4835
2025-11-24 15:11:17,958 - INFO -     Van         : 0.5238
2025-11-24 15:11:17,958 - INFO -     Bus         : 0.6846
2025-11-24 15:11:17,958 - INFO -     Pedestrian  : 0.4290
2025-11-24 15:11:17,958 - INFO -     Cyclist     : 0.5624
2025-11-24 15:11:17,958 - INFO -     Motorcyclist: 0.4736
2025-11-24 15:11:17,958 - INFO -     Trafficcone : 0.6264
2025-11-24 15:11:18,327 - INFO -   mAP_0.5_0.95 提升到 0.5645 (最佳epoch: 61)
2025-11-24 15:11:19,352 - INFO - 💾 保存最新检查点: logs/dset8_r18_20251124_101837/latest_checkpoint.pth
2025-11-24 15:11:31,160 - INFO - Epoch 62 | Batch 0 | Loss: 5.74 (Det: 5.55, MoE: 4.1410)
2025-11-24 15:13:45,909 - INFO - Epoch 62 | Batch 50 | Loss: 5.62 (Det: 5.43, MoE: 4.1443)
2025-11-24 15:16:05,885 - INFO - Epoch 62:
2025-11-24 15:16:05,886 - INFO -   训练损失: 5.70 | 验证损失: 0.91
2025-11-24 15:16:05,887 - INFO -   预测/目标: 201600/93434
2025-11-24 15:16:05,887 - INFO -   🎉 新的最佳mAP: 0.5646
2025-11-24 15:16:07,019 - INFO - 💾 保存最佳模型: logs/dset8_r18_20251124_101837/best_model.pth
2025-11-24 15:17:00,652 - INFO -   每个类别的 mAP@0.5:0.95:
2025-11-24 15:17:00,652 - INFO -     Car         : 0.7324
2025-11-24 15:17:00,652 - INFO -     Truck       : 0.4861
2025-11-24 15:17:00,652 - INFO -     Van         : 0.5197
2025-11-24 15:17:00,652 - INFO -     Bus         : 0.6865
2025-11-24 15:17:00,652 - INFO -     Pedestrian  : 0.4296
2025-11-24 15:17:00,652 - INFO -     Cyclist     : 0.5597
2025-11-24 15:17:00,652 - INFO -     Motorcyclist: 0.4760
2025-11-24 15:17:00,652 - INFO -     Trafficcone : 0.6270
2025-11-24 15:17:00,884 - INFO -   mAP_0.5_0.95 提升到 0.5646 (最佳epoch: 62)
2025-11-24 15:17:01,650 - INFO - 💾 保存最新检查点: logs/dset8_r18_20251124_101837/latest_checkpoint.pth
2025-11-24 15:17:10,053 - INFO - Epoch 63 | Batch 0 | Loss: 5.75 (Det: 5.56, MoE: 4.1407)
2025-11-24 15:19:16,088 - INFO - Epoch 63 | Batch 50 | Loss: 5.66 (Det: 5.46, MoE: 4.1576)
2025-11-24 15:21:32,874 - INFO - Epoch 63:
2025-11-24 15:21:32,875 - INFO -   训练损失: 5.70 | 验证损失: 0.91
2025-11-24 15:21:32,875 - INFO -   预测/目标: 201600/93434
2025-11-24 15:21:32,876 - INFO -   🎉 新的最佳mAP: 0.5647
2025-11-24 15:21:33,628 - INFO - 💾 保存最佳模型: logs/dset8_r18_20251124_101837/best_model.pth
2025-11-24 15:22:26,458 - INFO -   每个类别的 mAP@0.5:0.95:
2025-11-24 15:22:26,458 - INFO -     Car         : 0.7343
2025-11-24 15:22:26,458 - INFO -     Truck       : 0.4820
2025-11-24 15:22:26,458 - INFO -     Van         : 0.5216
2025-11-24 15:22:26,458 - INFO -     Bus         : 0.6843
2025-11-24 15:22:26,458 - INFO -     Pedestrian  : 0.4289
2025-11-24 15:22:26,458 - INFO -     Cyclist     : 0.5619
2025-11-24 15:22:26,458 - INFO -     Motorcyclist: 0.4770
2025-11-24 15:22:26,458 - INFO -     Trafficcone : 0.6273
2025-11-24 15:22:26,696 - INFO -   ⏳ mAP_0.5_0.95 无改善 (1/35), 最佳值: 0.5646 (epoch 62)
2025-11-24 15:22:27,494 - INFO - 💾 保存最新检查点: logs/dset8_r18_20251124_101837/latest_checkpoint.pth
2025-11-24 15:22:38,314 - INFO - Epoch 64 | Batch 0 | Loss: 5.72 (Det: 5.53, MoE: 4.1698)
2025-11-24 15:24:45,216 - INFO - Epoch 64 | Batch 50 | Loss: 5.58 (Det: 5.39, MoE: 4.1382)
2025-11-24 15:27:02,822 - INFO - Epoch 64:
2025-11-24 15:27:02,823 - INFO -   训练损失: 5.66 | 验证损失: 0.91
2025-11-24 15:27:02,824 - INFO -   预测/目标: 201600/93434
2025-11-24 15:27:02,825 - INFO -   ⏳ mAP_0.5_0.95 无改善 (2/35), 最佳值: 0.5646 (epoch 62)
2025-11-24 15:27:03,783 - INFO - 💾 保存最新检查点: logs/dset8_r18_20251124_101837/latest_checkpoint.pth
2025-11-24 15:27:06,303 - INFO - [DEBUG] Epoch 65: pruner.current_epoch=65, pruner.pruning_enabled=True, pruner.warmup_epochs=10
2025-11-24 15:27:14,647 - INFO - Epoch 65 | Batch 0 | Loss: 5.73 (Det: 5.54, MoE: 4.1540)
2025-11-24 15:29:21,645 - INFO - Epoch 65 | Batch 50 | Loss: 5.62 (Det: 5.43, MoE: 4.1355)
2025-11-24 15:31:39,572 - INFO - Epoch 65:
2025-11-24 15:31:39,573 - INFO -   训练损失: 5.65 | 验证损失: 0.91
2025-11-24 15:31:39,574 - INFO -   预测/目标: 201600/93434
2025-11-24 15:31:39,574 - INFO -   检测损失: 5.46
2025-11-24 15:31:39,574 - INFO -   Decoder MoE损失: 4.0017
2025-11-24 15:31:39,575 - INFO -   Encoder Patch-MoE Balance损失: 0.1492
2025-11-24 15:31:39,575 - INFO -   Encoder Patch-MoE Entropy损失: -2.0794
2025-11-24 15:31:39,576 - INFO -   Encoder MoE总损失: -1.9302
2025-11-24 15:31:39,576 - INFO -   Token Pruning损失: 0.000044
2025-11-24 15:31:39,576 - INFO -   MoE总损失: 4.1509
2025-11-24 15:31:39,576 - INFO -   Decoder专家使用率: [12.34%, 12.51%, 12.49%, 12.52%, 12.50%, 12.56%, 12.62%, 12.47%]
2025-11-24 15:31:39,576 - INFO -   🎉 新的最佳验证损失: 0.91
2025-11-24 15:31:39,576 - INFO -   🎉 新的最佳mAP: 0.5678
2025-11-24 15:31:41,280 - INFO - 💾 保存最佳模型: logs/dset8_r18_20251124_101837/best_model.pth
2025-11-24 15:32:34,579 - INFO -   每个类别的 mAP@0.5:0.95:
2025-11-24 15:32:34,580 - INFO -     Car         : 0.7358
2025-11-24 15:32:34,580 - INFO -     Truck       : 0.4839
2025-11-24 15:32:34,580 - INFO -     Van         : 0.5329
2025-11-24 15:32:34,580 - INFO -     Bus         : 0.6862
2025-11-24 15:32:34,580 - INFO -     Pedestrian  : 0.4317
2025-11-24 15:32:34,580 - INFO -     Cyclist     : 0.5671
2025-11-24 15:32:34,580 - INFO -     Motorcyclist: 0.4777
2025-11-24 15:32:34,580 - INFO -     Trafficcone : 0.6272
2025-11-24 15:32:34,808 - INFO -   mAP_0.5_0.95 提升到 0.5678 (最佳epoch: 65)
2025-11-24 15:32:35,714 - INFO - 💾 保存最新检查点: logs/dset8_r18_20251124_101837/latest_checkpoint.pth
2025-11-24 15:32:46,849 - INFO - Epoch 66 | Batch 0 | Loss: 5.67 (Det: 5.47, MoE: 4.1588)
2025-11-24 15:34:53,240 - INFO - Epoch 66 | Batch 50 | Loss: 5.61 (Det: 5.41, MoE: 4.1571)
2025-11-24 15:37:10,119 - INFO - Epoch 66:
2025-11-24 15:37:10,119 - INFO -   训练损失: 5.62 | 验证损失: 0.91
2025-11-24 15:37:10,120 - INFO -   预测/目标: 201600/93434
2025-11-24 15:37:10,120 - INFO -   ⏳ mAP_0.5_0.95 无改善 (1/35), 最佳值: 0.5678 (epoch 65)
2025-11-24 15:37:10,802 - INFO - 💾 保存最新检查点: logs/dset8_r18_20251124_101837/latest_checkpoint.pth
2025-11-24 15:37:20,431 - INFO - Epoch 67 | Batch 0 | Loss: 5.59 (Det: 5.40, MoE: 4.1393)
2025-11-24 15:39:26,174 - INFO - Epoch 67 | Batch 50 | Loss: 5.63 (Det: 5.44, MoE: 4.1531)
2025-11-24 15:41:43,456 - INFO - Epoch 67:
2025-11-24 15:41:43,456 - INFO -   训练损失: 5.61 | 验证损失: 0.90
2025-11-24 15:41:43,456 - INFO -   预测/目标: 201600/93434
2025-11-24 15:41:43,457 - INFO -   🎉 新的最佳验证损失: 0.90
2025-11-24 15:41:43,458 - INFO -   🎉 新的最佳mAP: 0.5719
2025-11-24 15:41:44,850 - INFO - 💾 保存最佳模型: logs/dset8_r18_20251124_101837/best_model.pth
2025-11-24 15:42:38,953 - INFO -   每个类别的 mAP@0.5:0.95:
2025-11-24 15:42:38,953 - INFO -     Car         : 0.7431
2025-11-24 15:42:38,953 - INFO -     Truck       : 0.4806
2025-11-24 15:42:38,953 - INFO -     Van         : 0.5365
2025-11-24 15:42:38,953 - INFO -     Bus         : 0.7096
2025-11-24 15:42:38,953 - INFO -     Pedestrian  : 0.4297
2025-11-24 15:42:38,953 - INFO -     Cyclist     : 0.5727
2025-11-24 15:42:38,953 - INFO -     Motorcyclist: 0.4763
2025-11-24 15:42:38,953 - INFO -     Trafficcone : 0.6268
2025-11-24 15:42:39,122 - INFO -   mAP_0.5_0.95 提升到 0.5719 (最佳epoch: 67)
2025-11-24 15:42:40,054 - INFO - 💾 保存最新检查点: logs/dset8_r18_20251124_101837/latest_checkpoint.pth
2025-11-24 15:42:50,763 - INFO - Epoch 68 | Batch 0 | Loss: 5.54 (Det: 5.35, MoE: 4.1696)
2025-11-24 15:44:56,522 - INFO - Epoch 68 | Batch 50 | Loss: 5.60 (Det: 5.41, MoE: 4.1536)
2025-11-24 15:47:12,668 - INFO - Epoch 68:
2025-11-24 15:47:12,669 - INFO -   训练损失: 5.60 | 验证损失: 0.91
2025-11-24 15:47:12,669 - INFO -   预测/目标: 201600/93434
2025-11-24 15:47:12,670 - INFO -   ⏳ mAP_0.5_0.95 无改善 (1/35), 最佳值: 0.5719 (epoch 67)
2025-11-24 15:47:13,574 - INFO - 💾 保存最新检查点: logs/dset8_r18_20251124_101837/latest_checkpoint.pth
2025-11-24 15:47:25,601 - INFO - Epoch 69 | Batch 0 | Loss: 5.56 (Det: 5.36, MoE: 4.1544)
2025-11-24 15:49:30,846 - INFO - Epoch 69 | Batch 50 | Loss: 5.57 (Det: 5.38, MoE: 4.1417)
2025-11-24 15:51:48,135 - INFO - Epoch 69:
2025-11-24 15:51:48,137 - INFO -   训练损失: 5.57 | 验证损失: 0.91
2025-11-24 15:51:48,137 - INFO -   预测/目标: 201600/93434
2025-11-24 15:51:48,137 - INFO -   ⏳ mAP_0.5_0.95 无改善 (2/35), 最佳值: 0.5719 (epoch 67)
2025-11-24 15:51:48,974 - INFO - 💾 保存最新检查点: logs/dset8_r18_20251124_101837/latest_checkpoint.pth
2025-11-24 15:51:51,603 - INFO - [DEBUG] Epoch 70: pruner.current_epoch=70, pruner.pruning_enabled=True, pruner.warmup_epochs=10
2025-11-24 15:52:00,682 - INFO - Epoch 70 | Batch 0 | Loss: 5.51 (Det: 5.32, MoE: 4.1443)
2025-11-24 15:54:06,562 - INFO - Epoch 70 | Batch 50 | Loss: 5.62 (Det: 5.42, MoE: 4.1439)
2025-11-24 15:56:22,907 - INFO - Epoch 70:
2025-11-24 15:56:22,908 - INFO -   训练损失: 5.57 | 验证损失: 0.91
2025-11-24 15:56:22,908 - INFO -   预测/目标: 201600/93434
2025-11-24 15:56:22,908 - INFO -   检测损失: 5.37
2025-11-24 15:56:22,908 - INFO -   Decoder MoE损失: 3.9981
2025-11-24 15:56:22,909 - INFO -   Encoder Patch-MoE Balance损失: 0.1469
2025-11-24 15:56:22,909 - INFO -   Encoder Patch-MoE Entropy损失: -2.0794
2025-11-24 15:56:22,910 - INFO -   Encoder MoE总损失: -1.9325
2025-11-24 15:56:22,910 - INFO -   Token Pruning损失: 0.000040
2025-11-24 15:56:22,910 - INFO -   MoE总损失: 4.1450
2025-11-24 15:56:22,910 - INFO -   Decoder专家使用率: [12.36%, 12.48%, 12.40%, 12.53%, 12.50%, 12.52%, 12.61%, 12.60%]
2025-11-24 15:56:22,911 - INFO -   ⏳ mAP_0.5_0.95 无改善 (3/35), 最佳值: 0.5719 (epoch 67)
2025-11-24 15:56:23,692 - INFO - 💾 保存最新检查点: logs/dset8_r18_20251124_101837/latest_checkpoint.pth
2025-11-24 15:56:34,661 - INFO - Epoch 71 | Batch 0 | Loss: 5.60 (Det: 5.40, MoE: 4.1513)
2025-11-24 15:58:40,538 - INFO - Epoch 71 | Batch 50 | Loss: 5.70 (Det: 5.50, MoE: 4.1371)
2025-11-24 16:00:56,868 - INFO - Epoch 71:
2025-11-24 16:00:56,869 - INFO -   训练损失: 5.56 | 验证损失: 0.92
2025-11-24 16:00:56,869 - INFO -   预测/目标: 201600/93434
2025-11-24 16:00:56,869 - INFO -   ⏳ mAP_0.5_0.95 无改善 (4/35), 最佳值: 0.5719 (epoch 67)
2025-11-24 16:00:57,611 - INFO - 💾 保存最新检查点: logs/dset8_r18_20251124_101837/latest_checkpoint.pth
2025-11-24 16:01:07,894 - INFO - Epoch 72 | Batch 0 | Loss: 5.50 (Det: 5.30, MoE: 4.1756)
2025-11-24 16:03:13,361 - INFO - Epoch 72 | Batch 50 | Loss: 5.59 (Det: 5.39, MoE: 4.1475)
2025-11-24 16:05:29,336 - INFO - Epoch 72:
2025-11-24 16:05:29,337 - INFO -   训练损失: 5.52 | 验证损失: 0.91
2025-11-24 16:05:29,337 - INFO -   预测/目标: 201600/93434
2025-11-24 16:05:29,338 - INFO -   ⏳ mAP_0.5_0.95 无改善 (5/35), 最佳值: 0.5719 (epoch 67)
2025-11-24 16:05:30,109 - INFO - 💾 保存最新检查点: logs/dset8_r18_20251124_101837/latest_checkpoint.pth
2025-11-24 16:05:41,362 - INFO - Epoch 73 | Batch 0 | Loss: 5.51 (Det: 5.32, MoE: 4.1457)
2025-11-24 16:07:46,557 - INFO - Epoch 73 | Batch 50 | Loss: 5.48 (Det: 5.29, MoE: 4.1367)
2025-11-24 16:10:05,432 - INFO - Epoch 73:
2025-11-24 16:10:05,432 - INFO -   训练损失: 5.52 | 验证损失: 0.90
2025-11-24 16:10:05,433 - INFO -   预测/目标: 201600/93434
2025-11-24 16:10:05,434 - INFO -   ⏳ mAP_0.5_0.95 无改善 (6/35), 最佳值: 0.5719 (epoch 67)
2025-11-24 16:10:06,198 - INFO - 💾 保存最新检查点: logs/dset8_r18_20251124_101837/latest_checkpoint.pth
2025-11-24 16:10:16,566 - INFO - Epoch 74 | Batch 0 | Loss: 5.58 (Det: 5.38, MoE: 4.1377)
2025-11-24 16:12:22,976 - INFO - Epoch 74 | Batch 50 | Loss: 5.53 (Det: 5.34, MoE: 4.1330)
2025-11-24 16:14:40,371 - INFO - Epoch 74:
2025-11-24 16:14:40,372 - INFO -   训练损失: 5.51 | 验证损失: 0.90
2025-11-24 16:14:40,373 - INFO -   预测/目标: 201600/93434
2025-11-24 16:14:40,374 - INFO -   ⏳ mAP_0.5_0.95 无改善 (7/35), 最佳值: 0.5719 (epoch 67)
2025-11-24 16:14:41,143 - INFO - 💾 保存最新检查点: logs/dset8_r18_20251124_101837/latest_checkpoint.pth
2025-11-24 16:14:43,751 - INFO - [DEBUG] Epoch 75: pruner.current_epoch=75, pruner.pruning_enabled=True, pruner.warmup_epochs=10
2025-11-24 16:14:51,288 - INFO - Epoch 75 | Batch 0 | Loss: 5.62 (Det: 5.42, MoE: 4.1401)
2025-11-24 16:16:57,825 - INFO - Epoch 75 | Batch 50 | Loss: 5.62 (Det: 5.42, MoE: 4.1547)
2025-11-24 16:19:14,518 - INFO - Epoch 75:
2025-11-24 16:19:14,519 - INFO -   训练损失: 5.49 | 验证损失: 0.91
2025-11-24 16:19:14,519 - INFO -   预测/目标: 201600/93434
2025-11-24 16:19:14,520 - INFO -   检测损失: 5.30
2025-11-24 16:19:14,520 - INFO -   Decoder MoE损失: 4.0035
2025-11-24 16:19:14,520 - INFO -   Encoder Patch-MoE Balance损失: 0.1478
2025-11-24 16:19:14,521 - INFO -   Encoder Patch-MoE Entropy损失: -2.0794
2025-11-24 16:19:14,521 - INFO -   Encoder MoE总损失: -1.9316
2025-11-24 16:19:14,521 - INFO -   Token Pruning损失: 0.000036
2025-11-24 16:19:14,521 - INFO -   MoE总损失: 4.1513
2025-11-24 16:19:14,521 - INFO -   Decoder专家使用率: [12.45%, 12.50%, 12.42%, 12.50%, 12.51%, 12.54%, 12.63%, 12.45%]
2025-11-24 16:19:14,521 - INFO -   ⏳ mAP_0.5_0.95 无改善 (8/35), 最佳值: 0.5719 (epoch 67)
2025-11-24 16:19:15,329 - INFO - 💾 保存最新检查点: logs/dset8_r18_20251124_101837/latest_checkpoint.pth
2025-11-24 16:19:23,636 - INFO - Epoch 76 | Batch 0 | Loss: 5.39 (Det: 5.19, MoE: 4.1481)
2025-11-24 16:21:30,881 - INFO - Epoch 76 | Batch 50 | Loss: 5.53 (Det: 5.34, MoE: 4.1407)
2025-11-24 16:23:49,639 - INFO - Epoch 76:
2025-11-24 16:23:49,640 - INFO -   训练损失: 5.50 | 验证损失: 0.91
2025-11-24 16:23:49,640 - INFO -   预测/目标: 201600/93434
2025-11-24 16:23:49,641 - INFO -   ⏳ mAP_0.5_0.95 无改善 (9/35), 最佳值: 0.5719 (epoch 67)
2025-11-24 16:23:50,357 - INFO - 💾 保存最新检查点: logs/dset8_r18_20251124_101837/latest_checkpoint.pth
2025-11-24 16:24:01,151 - INFO - Epoch 77 | Batch 0 | Loss: 5.46 (Det: 5.27, MoE: 4.1532)
2025-11-24 16:26:07,265 - INFO - Epoch 77 | Batch 50 | Loss: 5.57 (Det: 5.38, MoE: 4.1617)
2025-11-24 16:28:25,064 - INFO - Epoch 77:
2025-11-24 16:28:25,065 - INFO -   训练损失: 5.48 | 验证损失: 0.91
2025-11-24 16:28:25,066 - INFO -   预测/目标: 201600/93434
2025-11-24 16:28:25,066 - INFO -   ⏳ mAP_0.5_0.95 无改善 (10/35), 最佳值: 0.5719 (epoch 67)
2025-11-24 16:28:25,832 - INFO - 💾 保存最新检查点: logs/dset8_r18_20251124_101837/latest_checkpoint.pth
2025-11-24 16:28:36,386 - INFO - Epoch 78 | Batch 0 | Loss: 5.52 (Det: 5.32, MoE: 4.1374)
2025-11-24 16:30:42,683 - INFO - Epoch 78 | Batch 50 | Loss: 5.47 (Det: 5.28, MoE: 4.1362)
2025-11-24 16:32:59,515 - INFO - Epoch 78:
2025-11-24 16:32:59,517 - INFO -   训练损失: 5.47 | 验证损失: 0.91
2025-11-24 16:32:59,518 - INFO -   预测/目标: 201600/93434
2025-11-24 16:32:59,518 - INFO -   ⏳ mAP_0.5_0.95 无改善 (11/35), 最佳值: 0.5719 (epoch 67)
2025-11-24 16:33:00,314 - INFO - 💾 保存最新检查点: logs/dset8_r18_20251124_101837/latest_checkpoint.pth
2025-11-24 16:33:10,496 - INFO - Epoch 79 | Batch 0 | Loss: 5.38 (Det: 5.19, MoE: 4.1449)
2025-11-24 16:35:17,332 - INFO - Epoch 79 | Batch 50 | Loss: 5.44 (Det: 5.24, MoE: 4.1486)
2025-11-24 16:37:35,668 - INFO - Epoch 79:
2025-11-24 16:37:35,668 - INFO -   训练损失: 5.45 | 验证损失: 0.91
2025-11-24 16:37:35,669 - INFO -   预测/目标: 201600/93434
2025-11-24 16:37:35,669 - INFO -   ⏳ mAP_0.5_0.95 无改善 (12/35), 最佳值: 0.5719 (epoch 67)
2025-11-24 16:37:36,427 - INFO - 💾 保存最新检查点: logs/dset8_r18_20251124_101837/latest_checkpoint.pth
2025-11-24 16:37:39,421 - INFO - [DEBUG] Epoch 80: pruner.current_epoch=80, pruner.pruning_enabled=True, pruner.warmup_epochs=10
2025-11-24 16:37:45,309 - INFO - Epoch 80 | Batch 0 | Loss: 5.44 (Det: 5.24, MoE: 4.1540)
2025-11-24 16:39:52,008 - INFO - Epoch 80 | Batch 50 | Loss: 5.41 (Det: 5.22, MoE: 4.1549)
2025-11-24 16:42:09,657 - INFO - Epoch 80:
2025-11-24 16:42:09,658 - INFO -   训练损失: 5.44 | 验证损失: 0.91
2025-11-24 16:42:09,658 - INFO -   预测/目标: 201600/93434
2025-11-24 16:42:09,659 - INFO -   检测损失: 5.24
2025-11-24 16:42:09,660 - INFO -   Decoder MoE损失: 4.0032
2025-11-24 16:42:09,660 - INFO -   Encoder Patch-MoE Balance损失: 0.1514
2025-11-24 16:42:09,661 - INFO -   Encoder Patch-MoE Entropy损失: -2.0794
2025-11-24 16:42:09,661 - INFO -   Encoder MoE总损失: -1.9280
2025-11-24 16:42:09,661 - INFO -   Token Pruning损失: 0.000031
2025-11-24 16:42:09,661 - INFO -   MoE总损失: 4.1546
2025-11-24 16:42:09,661 - INFO -   Decoder专家使用率: [12.42%, 12.54%, 12.45%, 12.47%, 12.45%, 12.53%, 12.63%, 12.50%]
2025-11-24 16:42:09,661 - INFO -   ⏳ mAP_0.5_0.95 无改善 (13/35), 最佳值: 0.5719 (epoch 67)
2025-11-24 16:42:10,432 - INFO - 💾 保存最新检查点: logs/dset8_r18_20251124_101837/latest_checkpoint.pth
2025-11-24 16:42:21,349 - INFO - Epoch 81 | Batch 0 | Loss: 5.35 (Det: 5.15, MoE: 4.1467)
2025-11-24 16:44:27,868 - INFO - Epoch 81 | Batch 50 | Loss: 5.38 (Det: 5.19, MoE: 4.1491)
2025-11-24 16:46:44,863 - INFO - Epoch 81:
2025-11-24 16:46:44,863 - INFO -   训练损失: 5.42 | 验证损失: 0.91
2025-11-24 16:46:44,864 - INFO -   预测/目标: 201600/93434
2025-11-24 16:46:44,865 - INFO -   ⏳ mAP_0.5_0.95 无改善 (14/35), 最佳值: 0.5719 (epoch 67)
2025-11-24 16:46:45,640 - INFO - 💾 保存最新检查点: logs/dset8_r18_20251124_101837/latest_checkpoint.pth
2025-11-24 16:46:54,738 - INFO - Epoch 82 | Batch 0 | Loss: 5.39 (Det: 5.19, MoE: 4.1538)
2025-11-24 16:49:01,669 - INFO - Epoch 82 | Batch 50 | Loss: 5.47 (Det: 5.28, MoE: 4.1531)
2025-11-24 16:51:20,220 - INFO - Epoch 82:
2025-11-24 16:51:20,221 - INFO -   训练损失: 5.41 | 验证损失: 0.91
2025-11-24 16:51:20,222 - INFO -   预测/目标: 201600/93434
2025-11-24 16:51:20,223 - INFO -   ⏳ mAP_0.5_0.95 无改善 (15/35), 最佳值: 0.5719 (epoch 67)
2025-11-24 16:51:21,051 - INFO - 💾 保存最新检查点: logs/dset8_r18_20251124_101837/latest_checkpoint.pth
2025-11-24 16:51:30,253 - INFO - Epoch 83 | Batch 0 | Loss: 5.35 (Det: 5.15, MoE: 4.1336)
2025-11-24 16:53:37,343 - INFO - Epoch 83 | Batch 50 | Loss: 5.48 (Det: 5.29, MoE: 4.1546)
2025-11-24 16:55:56,118 - INFO - Epoch 83:
2025-11-24 16:55:56,119 - INFO -   训练损失: 5.41 | 验证损失: 0.91
2025-11-24 16:55:56,119 - INFO -   预测/目标: 201600/93434
2025-11-24 16:55:56,119 - INFO -   ⏳ mAP_0.5_0.95 无改善 (16/35), 最佳值: 0.5719 (epoch 67)
2025-11-24 16:55:56,898 - INFO - 💾 保存最新检查点: logs/dset8_r18_20251124_101837/latest_checkpoint.pth
2025-11-24 16:56:07,178 - INFO - Epoch 84 | Batch 0 | Loss: 5.38 (Det: 5.19, MoE: 4.1445)
2025-11-24 16:58:14,736 - INFO - Epoch 84 | Batch 50 | Loss: 5.27 (Det: 5.08, MoE: 4.1398)
2025-11-24 17:00:35,024 - INFO - Epoch 84:
2025-11-24 17:00:35,024 - INFO -   训练损失: 5.38 | 验证损失: 0.91
2025-11-24 17:00:35,025 - INFO -   预测/目标: 201600/93434
2025-11-24 17:00:35,026 - INFO -   ⏳ mAP_0.5_0.95 无改善 (17/35), 最佳值: 0.5719 (epoch 67)
2025-11-24 17:00:35,833 - INFO - 💾 保存最新检查点: logs/dset8_r18_20251124_101837/latest_checkpoint.pth
2025-11-24 17:00:38,328 - INFO - [DEBUG] Epoch 85: pruner.current_epoch=85, pruner.pruning_enabled=True, pruner.warmup_epochs=10
2025-11-24 17:00:44,976 - INFO - Epoch 85 | Batch 0 | Loss: 5.31 (Det: 5.12, MoE: 4.1402)
2025-11-24 17:02:52,642 - INFO - Epoch 85 | Batch 50 | Loss: 5.38 (Det: 5.18, MoE: 4.1678)
2025-11-24 17:05:10,093 - INFO - Epoch 85:
2025-11-24 17:05:10,093 - INFO -   训练损失: 5.39 | 验证损失: 0.91
2025-11-24 17:05:10,095 - INFO -   预测/目标: 201600/93434
2025-11-24 17:05:10,095 - INFO -   检测损失: 5.19
2025-11-24 17:05:10,096 - INFO -   Decoder MoE损失: 4.0007
2025-11-24 17:05:10,096 - INFO -   Encoder Patch-MoE Balance损失: 0.1485
2025-11-24 17:05:10,096 - INFO -   Encoder Patch-MoE Entropy损失: -2.0794
2025-11-24 17:05:10,096 - INFO -   Encoder MoE总损失: -1.9310
2025-11-24 17:05:10,097 - INFO -   Token Pruning损失: 0.000029
2025-11-24 17:05:10,097 - INFO -   MoE总损失: 4.1492
2025-11-24 17:05:10,097 - INFO -   Decoder专家使用率: [12.42%, 12.49%, 12.47%, 12.51%, 12.54%, 12.46%, 12.57%, 12.53%]
2025-11-24 17:05:10,097 - INFO -   ⏳ mAP_0.5_0.95 无改善 (18/35), 最佳值: 0.5719 (epoch 67)
2025-11-24 17:05:10,890 - INFO - 💾 保存最新检查点: logs/dset8_r18_20251124_101837/latest_checkpoint.pth
2025-11-24 17:05:19,921 - INFO - Epoch 86 | Batch 0 | Loss: 5.43 (Det: 5.24, MoE: 4.1374)
2025-11-24 17:07:26,894 - INFO - Epoch 86 | Batch 50 | Loss: 5.28 (Det: 5.08, MoE: 4.1511)
2025-11-24 17:09:44,678 - INFO - Epoch 86:
2025-11-24 17:09:44,679 - INFO -   训练损失: 5.38 | 验证损失: 0.91
2025-11-24 17:09:44,680 - INFO -   预测/目标: 201600/93434
2025-11-24 17:09:44,681 - INFO -   ⏳ mAP_0.5_0.95 无改善 (19/35), 最佳值: 0.5719 (epoch 67)
2025-11-24 17:09:45,495 - INFO - 💾 保存最新检查点: logs/dset8_r18_20251124_101837/latest_checkpoint.pth
2025-11-24 17:09:53,951 - INFO - Epoch 87 | Batch 0 | Loss: 5.43 (Det: 5.23, MoE: 4.1488)
2025-11-24 17:12:00,219 - INFO - Epoch 87 | Batch 50 | Loss: 5.33 (Det: 5.13, MoE: 4.1537)
2025-11-24 17:14:17,019 - INFO - Epoch 87:
2025-11-24 17:14:17,019 - INFO -   训练损失: 5.35 | 验证损失: 0.91
2025-11-24 17:14:17,020 - INFO -   预测/目标: 201600/93434
2025-11-24 17:14:17,021 - INFO -   ⏳ mAP_0.5_0.95 无改善 (20/35), 最佳值: 0.5719 (epoch 67)
2025-11-24 17:14:17,743 - INFO - 💾 保存最新检查点: logs/dset8_r18_20251124_101837/latest_checkpoint.pth
2025-11-24 17:14:26,762 - INFO - Epoch 88 | Batch 0 | Loss: 5.28 (Det: 5.08, MoE: 4.1585)
2025-11-24 17:16:32,946 - INFO - Epoch 88 | Batch 50 | Loss: 5.39 (Det: 5.20, MoE: 4.1394)
2025-11-24 17:18:49,770 - INFO - Epoch 88:
2025-11-24 17:18:49,771 - INFO -   训练损失: 5.34 | 验证损失: 0.91
2025-11-24 17:18:49,772 - INFO -   预测/目标: 201600/93434
2025-11-24 17:18:49,773 - INFO -   ⏳ mAP_0.5_0.95 无改善 (21/35), 最佳值: 0.5719 (epoch 67)
2025-11-24 17:18:50,490 - INFO - 💾 保存最新检查点: logs/dset8_r18_20251124_101837/latest_checkpoint.pth
2025-11-24 17:19:01,616 - INFO - Epoch 89 | Batch 0 | Loss: 5.33 (Det: 5.14, MoE: 4.1548)
2025-11-24 17:21:06,587 - INFO - Epoch 89 | Batch 50 | Loss: 5.28 (Det: 5.08, MoE: 4.1510)
2025-11-24 17:23:25,398 - INFO - Epoch 89:
2025-11-24 17:23:25,399 - INFO -   训练损失: 5.32 | 验证损失: 0.92
2025-11-24 17:23:25,400 - INFO -   预测/目标: 201600/93434
2025-11-24 17:23:25,401 - INFO -   ⏳ mAP_0.5_0.95 无改善 (22/35), 最佳值: 0.5719 (epoch 67)
2025-11-24 17:23:26,210 - INFO - 💾 保存最新检查点: logs/dset8_r18_20251124_101837/latest_checkpoint.pth
2025-11-24 17:23:28,718 - INFO - [DEBUG] Epoch 90: pruner.current_epoch=90, pruner.pruning_enabled=True, pruner.warmup_epochs=10
2025-11-24 17:23:34,635 - INFO - Epoch 90 | Batch 0 | Loss: 5.36 (Det: 5.16, MoE: 4.1515)
2025-11-24 17:25:43,721 - INFO - Epoch 90 | Batch 50 | Loss: 5.34 (Det: 5.14, MoE: 4.1427)
2025-11-24 17:28:03,755 - INFO - Epoch 90:
2025-11-24 17:28:03,756 - INFO -   训练损失: 5.31 | 验证损失: 0.92
2025-11-24 17:28:03,757 - INFO -   预测/目标: 201600/93434
2025-11-24 17:28:03,757 - INFO -   检测损失: 5.12
2025-11-24 17:28:03,758 - INFO -   Decoder MoE损失: 3.9978
2025-11-24 17:28:03,758 - INFO -   Encoder Patch-MoE Balance损失: 0.1484
2025-11-24 17:28:03,759 - INFO -   Encoder Patch-MoE Entropy损失: -2.0794
2025-11-24 17:28:03,759 - INFO -   Encoder MoE总损失: -1.9311
2025-11-24 17:28:03,759 - INFO -   Token Pruning损失: 0.000025
2025-11-24 17:28:03,759 - INFO -   MoE总损失: 4.1462
2025-11-24 17:28:03,759 - INFO -   Decoder专家使用率: [12.35%, 12.47%, 12.42%, 12.52%, 12.59%, 12.58%, 12.56%, 12.51%]
2025-11-24 17:28:03,759 - INFO -   ⏳ mAP_0.5_0.95 无改善 (23/35), 最佳值: 0.5719 (epoch 67)
2025-11-24 17:28:04,636 - INFO - 💾 保存最新检查点: logs/dset8_r18_20251124_101837/latest_checkpoint.pth
2025-11-24 17:28:15,146 - INFO - Epoch 91 | Batch 0 | Loss: 5.43 (Det: 5.23, MoE: 4.1511)
2025-11-24 17:30:23,804 - INFO - Epoch 91 | Batch 50 | Loss: 5.32 (Det: 5.13, MoE: 4.1485)
2025-11-24 17:32:43,382 - INFO - Epoch 91:
2025-11-24 17:32:43,382 - INFO -   训练损失: 5.30 | 验证损失: 0.92
2025-11-24 17:32:43,384 - INFO -   预测/目标: 201600/93434
2025-11-24 17:32:43,385 - INFO -   ⏳ mAP_0.5_0.95 无改善 (24/35), 最佳值: 0.5719 (epoch 67)
2025-11-24 17:32:44,206 - INFO - 💾 保存最新检查点: logs/dset8_r18_20251124_101837/latest_checkpoint.pth
2025-11-24 17:32:54,146 - INFO - Epoch 92 | Batch 0 | Loss: 5.23 (Det: 5.04, MoE: 4.1355)
2025-11-24 17:35:02,463 - INFO - Epoch 92 | Batch 50 | Loss: 5.34 (Det: 5.14, MoE: 4.1552)
2025-11-24 17:37:19,509 - INFO - Epoch 92:
2025-11-24 17:37:19,509 - INFO -   训练损失: 5.29 | 验证损失: 0.92
2025-11-24 17:37:19,511 - INFO -   预测/目标: 201600/93434
2025-11-24 17:37:19,511 - INFO -   ⏳ mAP_0.5_0.95 无改善 (25/35), 最佳值: 0.5719 (epoch 67)
2025-11-24 17:37:20,442 - INFO - 💾 保存最新检查点: logs/dset8_r18_20251124_101837/latest_checkpoint.pth
2025-11-24 17:37:32,330 - INFO - Epoch 93 | Batch 0 | Loss: 5.25 (Det: 5.06, MoE: 4.1566)
2025-11-24 17:39:40,479 - INFO - Epoch 93 | Batch 50 | Loss: 5.40 (Det: 5.21, MoE: 4.1447)
2025-11-24 17:42:00,435 - INFO - Epoch 93:
2025-11-24 17:42:00,437 - INFO -   训练损失: 5.28 | 验证损失: 0.92
2025-11-24 17:42:00,438 - INFO -   预测/目标: 201600/93434
2025-11-24 17:42:00,438 - INFO -   ⏳ mAP_0.5_0.95 无改善 (26/35), 最佳值: 0.5719 (epoch 67)
2025-11-24 17:42:01,636 - INFO - 💾 保存最新检查点: logs/dset8_r18_20251124_101837/latest_checkpoint.pth
2025-11-24 17:42:11,860 - INFO - Epoch 94 | Batch 0 | Loss: 5.30 (Det: 5.11, MoE: 4.1367)
2025-11-24 17:44:20,465 - INFO - Epoch 94 | Batch 50 | Loss: 5.27 (Det: 5.08, MoE: 4.1371)
2025-11-24 17:46:40,744 - INFO - Epoch 94:
2025-11-24 17:46:40,744 - INFO -   训练损失: 5.27 | 验证损失: 0.92
2025-11-24 17:46:40,746 - INFO -   预测/目标: 201600/93434
2025-11-24 17:46:40,746 - INFO -   ⏳ mAP_0.5_0.95 无改善 (27/35), 最佳值: 0.5719 (epoch 67)
2025-11-24 17:46:41,557 - INFO - 💾 保存最新检查点: logs/dset8_r18_20251124_101837/latest_checkpoint.pth
2025-11-24 17:46:44,168 - INFO - [DEBUG] Epoch 95: pruner.current_epoch=95, pruner.pruning_enabled=True, pruner.warmup_epochs=10
2025-11-24 17:46:50,847 - INFO - Epoch 95 | Batch 0 | Loss: 5.21 (Det: 5.02, MoE: 4.1474)
2025-11-24 17:49:00,092 - INFO - Epoch 95 | Batch 50 | Loss: 5.36 (Det: 5.16, MoE: 4.1490)
2025-11-24 17:51:18,440 - INFO - Epoch 95:
2025-11-24 17:51:18,440 - INFO -   训练损失: 5.27 | 验证损失: 0.92
2025-11-24 17:51:18,441 - INFO -   预测/目标: 201600/93434
2025-11-24 17:51:18,442 - INFO -   检测损失: 5.07
2025-11-24 17:51:18,442 - INFO -   Decoder MoE损失: 4.0005
2025-11-24 17:51:18,443 - INFO -   Encoder Patch-MoE Balance损失: 0.1505
2025-11-24 17:51:18,443 - INFO -   Encoder Patch-MoE Entropy损失: -2.0794
2025-11-24 17:51:18,444 - INFO -   Encoder MoE总损失: -1.9289
2025-11-24 17:51:18,444 - INFO -   Token Pruning损失: 0.000023
2025-11-24 17:51:18,444 - INFO -   MoE总损失: 4.1510
2025-11-24 17:51:18,444 - INFO -   Decoder专家使用率: [12.43%, 12.57%, 12.46%, 12.56%, 12.47%, 12.59%, 12.49%, 12.45%]
2025-11-24 17:51:18,444 - INFO -   ⏳ mAP_0.5_0.95 无改善 (28/35), 最佳值: 0.5719 (epoch 67)
2025-11-24 17:51:19,169 - INFO - 💾 保存最新检查点: logs/dset8_r18_20251124_101837/latest_checkpoint.pth
2025-11-24 17:51:30,139 - INFO - Epoch 96 | Batch 0 | Loss: 5.25 (Det: 5.06, MoE: 4.1547)
2025-11-24 17:53:38,864 - INFO - Epoch 96 | Batch 50 | Loss: 5.18 (Det: 4.98, MoE: 4.1473)
2025-11-24 17:55:58,950 - INFO - Epoch 96:
2025-11-24 17:55:58,950 - INFO -   训练损失: 5.25 | 验证损失: 0.92
2025-11-24 17:55:58,951 - INFO -   预测/目标: 201600/93434
2025-11-24 17:55:58,952 - INFO -   ⏳ mAP_0.5_0.95 无改善 (29/35), 最佳值: 0.5719 (epoch 67)
2025-11-24 17:55:59,784 - INFO - 💾 保存最新检查点: logs/dset8_r18_20251124_101837/latest_checkpoint.pth
2025-11-24 17:56:10,876 - INFO - Epoch 97 | Batch 0 | Loss: 5.24 (Det: 5.05, MoE: 4.1582)
2025-11-24 17:58:19,029 - INFO - Epoch 97 | Batch 50 | Loss: 5.28 (Det: 5.09, MoE: 4.1439)
2025-11-24 18:00:39,881 - INFO - Epoch 97:
2025-11-24 18:00:39,882 - INFO -   训练损失: 5.24 | 验证损失: 0.92
2025-11-24 18:00:39,882 - INFO -   预测/目标: 201600/93434
2025-11-24 18:00:39,883 - INFO -   ⏳ mAP_0.5_0.95 无改善 (30/35), 最佳值: 0.5719 (epoch 67)
2025-11-24 18:00:40,675 - INFO - 💾 保存最新检查点: logs/dset8_r18_20251124_101837/latest_checkpoint.pth
2025-11-24 18:00:49,170 - INFO - Epoch 98 | Batch 0 | Loss: 5.26 (Det: 5.07, MoE: 4.1475)
2025-11-24 18:02:59,089 - INFO - Epoch 98 | Batch 50 | Loss: 5.31 (Det: 5.12, MoE: 4.1300)
2025-11-24 18:05:20,064 - INFO - Epoch 98:
2025-11-24 18:05:20,064 - INFO -   训练损失: 5.24 | 验证损失: 0.92
2025-11-24 18:05:20,064 - INFO -   预测/目标: 201600/93434
2025-11-24 18:05:20,066 - INFO -   ⏳ mAP_0.5_0.95 无改善 (31/35), 最佳值: 0.5719 (epoch 67)
2025-11-24 18:05:20,861 - INFO - 💾 保存最新检查点: logs/dset8_r18_20251124_101837/latest_checkpoint.pth
2025-11-24 18:05:29,710 - INFO - Epoch 99 | Batch 0 | Loss: 5.35 (Det: 5.15, MoE: 4.1469)
2025-11-24 18:07:39,046 - INFO - Epoch 99 | Batch 50 | Loss: 5.28 (Det: 5.09, MoE: 4.1494)
2025-11-24 18:10:00,697 - INFO - Epoch 99:
2025-11-24 18:10:00,697 - INFO -   训练损失: 5.22 | 验证损失: 0.92
2025-11-24 18:10:00,698 - INFO -   预测/目标: 201600/93434
2025-11-24 18:10:00,699 - INFO -   ⏳ mAP_0.5_0.95 无改善 (32/35), 最佳值: 0.5719 (epoch 67)
2025-11-24 18:10:01,524 - INFO - 💾 保存最新检查点: logs/dset8_r18_20251124_101837/latest_checkpoint.pth
2025-11-24 18:10:04,095 - INFO - [DEBUG] Epoch 100: pruner.current_epoch=100, pruner.pruning_enabled=True, pruner.warmup_epochs=10
2025-11-24 18:10:11,841 - INFO - Epoch 100 | Batch 0 | Loss: 5.14 (Det: 4.95, MoE: 4.1533)
2025-11-24 18:12:21,991 - INFO - Epoch 100 | Batch 50 | Loss: 5.19 (Det: 5.00, MoE: 4.1578)
2025-11-24 18:14:42,462 - INFO - Epoch 100:
2025-11-24 18:14:42,463 - INFO -   训练损失: 5.20 | 验证损失: 0.92
2025-11-24 18:14:42,463 - INFO -   预测/目标: 201600/93434
2025-11-24 18:14:42,464 - INFO -   检测损失: 5.01
2025-11-24 18:14:42,465 - INFO -   Decoder MoE损失: 3.9998
2025-11-24 18:14:42,466 - INFO -   Encoder Patch-MoE Balance损失: 0.1486
2025-11-24 18:14:42,466 - INFO -   Encoder Patch-MoE Entropy损失: -2.0794
2025-11-24 18:14:42,466 - INFO -   Encoder MoE总损失: -1.9308
2025-11-24 18:14:42,466 - INFO -   Token Pruning损失: 0.000021
2025-11-24 18:14:42,466 - INFO -   MoE总损失: 4.1484
2025-11-24 18:14:42,466 - INFO -   Decoder专家使用率: [12.48%, 12.50%, 12.34%, 12.55%, 12.51%, 12.55%, 12.56%, 12.50%]
2025-11-24 18:14:42,466 - INFO -   ⏳ mAP_0.5_0.95 无改善 (33/35), 最佳值: 0.5719 (epoch 67)
2025-11-24 18:14:43,241 - INFO - 💾 保存最新检查点: logs/dset8_r18_20251124_101837/latest_checkpoint.pth
2025-11-24 18:14:53,075 - INFO - Epoch 101 | Batch 0 | Loss: 5.22 (Det: 5.03, MoE: 4.1479)
2025-11-24 18:17:02,402 - INFO - Epoch 101 | Batch 50 | Loss: 5.29 (Det: 5.10, MoE: 4.1456)
2025-11-24 18:19:21,425 - INFO - Epoch 101:
2025-11-24 18:19:21,425 - INFO -   训练损失: 5.19 | 验证损失: 0.92
2025-11-24 18:19:21,427 - INFO -   预测/目标: 201600/93434
2025-11-24 18:19:21,427 - INFO -   ⏳ mAP_0.5_0.95 无改善 (34/35), 最佳值: 0.5719 (epoch 67)
2025-11-24 18:19:22,203 - INFO - 💾 保存最新检查点: logs/dset8_r18_20251124_101837/latest_checkpoint.pth
2025-11-24 18:19:30,766 - INFO - Epoch 102 | Batch 0 | Loss: 5.12 (Det: 4.93, MoE: 4.1376)
2025-11-24 18:21:39,960 - INFO - Epoch 102 | Batch 50 | Loss: 5.26 (Det: 5.07, MoE: 4.1296)
2025-11-24 18:23:58,216 - INFO - Epoch 102:
2025-11-24 18:23:58,217 - INFO -   训练损失: 5.21 | 验证损失: 0.92
2025-11-24 18:23:58,218 - INFO -   预测/目标: 201600/93434
2025-11-24 18:23:58,219 - INFO -   ⏳ mAP_0.5_0.95 无改善 (35/35), 最佳值: 0.5719 (epoch 67)
2025-11-24 18:23:58,219 - INFO - 
============================================================
⛔ Early Stopping触发！
   已连续 35 个epoch无改善
   最佳 mAP_0.5_0.95: 0.5719 (epoch 67)
============================================================

2025-11-24 18:23:58,220 - INFO - Early Stopping在epoch 102触发，停止训练
2025-11-24 18:23:58,221 - INFO - ✓ 训练完成！
2025-11-24 18:24:00,792 - INFO - ✓ 训练曲线已保存到: logs/dset8_r18_20251124_101837/training_curves.png
2025-11-24 18:24:00,792 - INFO - ✓ 训练历史已导出到: logs/dset8_r18_20251124_101837/training_history.csv
2025-11-24 18:24:00,792 - INFO - ============================================================
2025-11-24 18:24:00,792 - INFO - 使用best_model生成推理结果（5张图像）...
2025-11-24 18:24:05,242 - INFO -   生成best_model推理结果（前5张）...
2025-11-24 18:24:05,859 - INFO -   ✓ 推理结果已保存到: logs/dset8_r18_20251124_101837/inference_samples
