2025-11-27 17:09:38,740 - INFO - ✓ 配置已保存到: logs/yolo_v8m_20251127_170938/config.yaml
2025-11-27 17:09:38,740 - INFO - ✓ 初始化YOLOv8训练器
2025-11-27 17:09:38,740 - INFO -   类别数量: 8
2025-11-27 17:09:38,740 - INFO -   类别: Car, Truck, Van, Bus, Pedestrian, Cyclist, Motorcyclist, Trafficcone
2025-11-27 17:09:38,742 - INFO - ✓ 配置已保存到: logs/yolo_v8m_20251127_170938/config.yaml
2025-11-27 17:09:38,742 - INFO - ================================================================================
2025-11-27 17:09:38,742 - INFO - 🚀 开始YOLOv8训练
2025-11-27 17:09:38,742 - INFO - ================================================================================
2025-11-27 17:09:38,742 - INFO - ✓ 加载预训练权重: /root/autodl-tmp/DSET/experiments/yolov8/pretrained/yolov8m.pt
2025-11-27 17:09:38,843 - INFO -   模型将在训练时自动适配 8 类（从data.yaml读取）
2025-11-27 17:09:38,898 - INFO - 📝 训练配置:
2025-11-27 17:09:38,899 - INFO -   数据集路径: /root/autodl-fs/datasets/DAIR-V2X_YOLO/dairv2x.yaml
2025-11-27 17:09:38,899 - INFO -   训练轮数: 200
2025-11-27 17:09:38,899 - INFO -   批次大小: 64
2025-11-27 17:09:38,899 - INFO -   优化器: AdamW
2025-11-27 17:09:38,899 - INFO -   初始学习率: 0.01
2025-11-27 17:09:38,899 - INFO -   Weight decay: 0.0001
2025-11-27 17:09:38,899 - INFO -   输出目录: logs/yolo_v8m_20251127_170938
2025-11-27 17:09:38,899 - INFO -   预训练权重: pretrained/yolov8m.pt
2025-11-27 17:09:38,899 - INFO - ================================================================================
2025-11-27 17:09:38,899 - INFO - 训练配置摘要:
2025-11-27 17:09:38,899 - INFO -   - 训练轮数: 200
2025-11-27 17:09:38,899 - INFO -   - 批次大小: 64
2025-11-27 17:09:38,899 - INFO -   - 优化器: AdamW
2025-11-27 17:09:38,899 - INFO -   - 初始学习率: 0.01
2025-11-27 17:09:38,899 - INFO -   - Weight decay: 0.0001
2025-11-27 17:09:38,899 - INFO -   - Warmup轮数: 3.0
2025-11-27 17:09:38,899 - INFO -   - 设备: cuda
2025-11-27 17:09:38,899 - INFO - ================================================================================
2025-11-27 17:09:38,899 - INFO - 开始训练 200 epochs
2025-11-27 18:10:46,928 - INFO - ================================================================================
2025-11-27 18:10:46,928 - INFO - ✅ 训练完成！
2025-11-27 18:10:46,928 - INFO - ================================================================================
2025-11-27 18:10:46,934 - INFO - ================================================================================
2025-11-27 18:10:46,934 - INFO - 训练过程摘要（按RT-DETR格式）:
2025-11-27 18:10:46,934 - INFO - ================================================================================
2025-11-27 18:10:46,934 - INFO - Epoch 1:
2025-11-27 18:10:46,934 - INFO -   训练损失: 4.07 | 验证损失: inf
2025-11-27 18:10:46,934 - INFO -   mAP@0.5: 0.2020
2025-11-27 18:10:46,934 - INFO -   mAP@0.5:0.95: 0.1048
2025-11-27 18:10:46,934 - INFO - Epoch 2:
2025-11-27 18:10:46,934 - INFO -   训练损失: 2.87 | 验证损失: 4.71
2025-11-27 18:10:46,934 - INFO -   mAP@0.5: 0.3877
2025-11-27 18:10:46,935 - INFO -   mAP@0.5:0.95: 0.2148
2025-11-27 18:10:46,935 - INFO - Epoch 3:
2025-11-27 18:10:46,935 - INFO -   训练损失: 2.77 | 验证损失: 4.17
2025-11-27 18:10:46,935 - INFO -   mAP@0.5: 0.3846
2025-11-27 18:10:46,935 - INFO -   mAP@0.5:0.95: 0.2146
2025-11-27 18:10:46,935 - INFO - Epoch 4:
2025-11-27 18:10:46,935 - INFO -   训练损失: 2.63 | 验证损失: 4.11
2025-11-27 18:10:46,935 - INFO -   mAP@0.5: 0.4066
2025-11-27 18:10:46,935 - INFO -   mAP@0.5:0.95: 0.2309
2025-11-27 18:10:46,935 - INFO - Epoch 5:
2025-11-27 18:10:46,935 - INFO -   训练损失: 2.54 | 验证损失: 2.86
2025-11-27 18:10:46,935 - INFO -   mAP@0.5: 0.6916
2025-11-27 18:10:46,935 - INFO -   mAP@0.5:0.95: 0.4441
2025-11-27 18:10:46,935 - INFO - Epoch 6:
2025-11-27 18:10:46,935 - INFO -   训练损失: 2.45 | 验证损失: 2.75
2025-11-27 18:10:46,935 - INFO -   mAP@0.5: 0.6957
2025-11-27 18:10:46,935 - INFO -   mAP@0.5:0.95: 0.4374
2025-11-27 18:10:46,935 - INFO - Epoch 7:
2025-11-27 18:10:46,935 - INFO -   训练损失: 2.40 | 验证损失: 2.67
2025-11-27 18:10:46,935 - INFO -   mAP@0.5: 0.7240
2025-11-27 18:10:46,935 - INFO -   mAP@0.5:0.95: 0.4621
2025-11-27 18:10:46,935 - INFO - Epoch 8:
2025-11-27 18:10:46,935 - INFO -   训练损失: 2.35 | 验证损失: 2.52
2025-11-27 18:10:46,935 - INFO -   mAP@0.5: 0.7615
2025-11-27 18:10:46,935 - INFO -   mAP@0.5:0.95: 0.5130
2025-11-27 18:10:46,935 - INFO - Epoch 9:
2025-11-27 18:10:46,935 - INFO -   训练损失: 2.33 | 验证损失: 2.51
2025-11-27 18:10:46,936 - INFO -   mAP@0.5: 0.7644
2025-11-27 18:10:46,936 - INFO -   mAP@0.5:0.95: 0.5130
2025-11-27 18:10:46,936 - INFO - Epoch 10:
2025-11-27 18:10:46,936 - INFO -   训练损失: 2.30 | 验证损失: 2.70
2025-11-27 18:10:46,936 - INFO -   mAP@0.5: 0.6801
2025-11-27 18:10:46,936 - INFO -   mAP@0.5:0.95: 0.4350
2025-11-27 18:10:46,936 - INFO - Epoch 11:
2025-11-27 18:10:46,936 - INFO -   训练损失: 2.29 | 验证损失: 2.67
2025-11-27 18:10:46,936 - INFO -   mAP@0.5: 0.7079
2025-11-27 18:10:46,936 - INFO -   mAP@0.5:0.95: 0.4474
2025-11-27 18:10:46,936 - INFO - Epoch 12:
2025-11-27 18:10:46,936 - INFO -   训练损失: 2.26 | 验证损失: 2.51
2025-11-27 18:10:46,936 - INFO -   mAP@0.5: 0.7098
2025-11-27 18:10:46,936 - INFO -   mAP@0.5:0.95: 0.4759
2025-11-27 18:10:46,936 - INFO - Epoch 13:
2025-11-27 18:10:46,936 - INFO -   训练损失: 2.25 | 验证损失: 2.40
2025-11-27 18:10:46,936 - INFO -   mAP@0.5: 0.7840
2025-11-27 18:10:46,936 - INFO -   mAP@0.5:0.95: 0.5400
2025-11-27 18:10:46,936 - INFO - Epoch 14:
2025-11-27 18:10:46,936 - INFO -   训练损失: 2.24 | 验证损失: 2.50
2025-11-27 18:10:46,936 - INFO -   mAP@0.5: 0.7452
2025-11-27 18:10:46,936 - INFO -   mAP@0.5:0.95: 0.4924
2025-11-27 18:10:46,936 - INFO - Epoch 15:
2025-11-27 18:10:46,936 - INFO -   训练损失: 2.22 | 验证损失: 2.46
2025-11-27 18:10:46,936 - INFO -   mAP@0.5: 0.7778
2025-11-27 18:10:46,936 - INFO -   mAP@0.5:0.95: 0.5284
2025-11-27 18:10:46,936 - INFO - Epoch 16:
2025-11-27 18:10:46,936 - INFO -   训练损失: 2.20 | 验证损失: 2.37
2025-11-27 18:10:46,937 - INFO -   mAP@0.5: 0.8064
2025-11-27 18:10:46,937 - INFO -   mAP@0.5:0.95: 0.5525
2025-11-27 18:10:46,937 - INFO - Epoch 17:
2025-11-27 18:10:46,937 - INFO -   训练损失: 2.19 | 验证损失: 2.45
2025-11-27 18:10:46,937 - INFO -   mAP@0.5: 0.7765
2025-11-27 18:10:46,937 - INFO -   mAP@0.5:0.95: 0.5249
2025-11-27 18:10:46,937 - INFO - Epoch 18:
2025-11-27 18:10:46,937 - INFO -   训练损失: 2.17 | 验证损失: 2.59
2025-11-27 18:10:46,937 - INFO -   mAP@0.5: 0.7397
2025-11-27 18:10:46,937 - INFO -   mAP@0.5:0.95: 0.4810
2025-11-27 18:10:46,937 - INFO - Epoch 19:
2025-11-27 18:10:46,937 - INFO -   训练损失: 2.18 | 验证损失: 2.44
2025-11-27 18:10:46,937 - INFO -   mAP@0.5: 0.7878
2025-11-27 18:10:46,937 - INFO -   mAP@0.5:0.95: 0.5408
2025-11-27 18:10:46,937 - INFO - Epoch 20:
2025-11-27 18:10:46,937 - INFO -   训练损失: 2.16 | 验证损失: 2.34
2025-11-27 18:10:46,937 - INFO -   mAP@0.5: 0.8087
2025-11-27 18:10:46,937 - INFO -   mAP@0.5:0.95: 0.5645
2025-11-27 18:10:46,937 - INFO - Epoch 21:
2025-11-27 18:10:46,937 - INFO -   训练损失: 2.15 | 验证损失: 2.43
2025-11-27 18:10:46,937 - INFO -   mAP@0.5: 0.7941
2025-11-27 18:10:46,937 - INFO -   mAP@0.5:0.95: 0.5343
2025-11-27 18:10:46,937 - INFO - Epoch 22:
2025-11-27 18:10:46,937 - INFO -   训练损失: 2.13 | 验证损失: 2.35
2025-11-27 18:10:46,937 - INFO -   mAP@0.5: 0.8108
2025-11-27 18:10:46,937 - INFO -   mAP@0.5:0.95: 0.5633
2025-11-27 18:10:46,937 - INFO - Epoch 23:
2025-11-27 18:10:46,937 - INFO -   训练损失: 2.12 | 验证损失: 2.37
2025-11-27 18:10:46,937 - INFO -   mAP@0.5: 0.8112
2025-11-27 18:10:46,938 - INFO -   mAP@0.5:0.95: 0.5553
2025-11-27 18:10:46,938 - INFO - Epoch 24:
2025-11-27 18:10:46,938 - INFO -   训练损失: 2.12 | 验证损失: 2.31
2025-11-27 18:10:46,938 - INFO -   mAP@0.5: 0.8040
2025-11-27 18:10:46,938 - INFO -   mAP@0.5:0.95: 0.5666
2025-11-27 18:10:46,938 - INFO - Epoch 25:
2025-11-27 18:10:46,938 - INFO -   训练损失: 2.12 | 验证损失: 2.29
2025-11-27 18:10:46,938 - INFO -   mAP@0.5: 0.8179
2025-11-27 18:10:46,938 - INFO -   mAP@0.5:0.95: 0.5741
2025-11-27 18:10:46,938 - INFO - Epoch 26:
2025-11-27 18:10:46,938 - INFO -   训练损失: 2.12 | 验证损失: 2.40
2025-11-27 18:10:46,938 - INFO -   mAP@0.5: 0.7987
2025-11-27 18:10:46,938 - INFO -   mAP@0.5:0.95: 0.5412
2025-11-27 18:10:46,938 - INFO - Epoch 27:
2025-11-27 18:10:46,938 - INFO -   训练损失: 2.11 | 验证损失: 2.31
2025-11-27 18:10:46,938 - INFO -   mAP@0.5: 0.8197
2025-11-27 18:10:46,938 - INFO -   mAP@0.5:0.95: 0.5762
2025-11-27 18:10:46,938 - INFO - Epoch 28:
2025-11-27 18:10:46,938 - INFO -   训练损失: 2.09 | 验证损失: 2.48
2025-11-27 18:10:46,938 - INFO -   mAP@0.5: 0.7876
2025-11-27 18:10:46,938 - INFO -   mAP@0.5:0.95: 0.5194
2025-11-27 18:10:46,938 - INFO - Epoch 29:
2025-11-27 18:10:46,938 - INFO -   训练损失: 2.09 | 验证损失: 2.42
2025-11-27 18:10:46,938 - INFO -   mAP@0.5: 0.7867
2025-11-27 18:10:46,938 - INFO -   mAP@0.5:0.95: 0.5369
2025-11-27 18:10:46,938 - INFO - Epoch 30:
2025-11-27 18:10:46,938 - INFO -   训练损失: 2.09 | 验证损失: 2.41
2025-11-27 18:10:46,938 - INFO -   mAP@0.5: 0.8030
2025-11-27 18:10:46,938 - INFO -   mAP@0.5:0.95: 0.5535
2025-11-27 18:10:46,939 - INFO - Epoch 31:
2025-11-27 18:10:46,939 - INFO -   训练损失: 2.08 | 验证损失: 2.32
2025-11-27 18:10:46,939 - INFO -   mAP@0.5: 0.8099
2025-11-27 18:10:46,939 - INFO -   mAP@0.5:0.95: 0.5647
2025-11-27 18:10:46,939 - INFO - Epoch 32:
2025-11-27 18:10:46,939 - INFO -   训练损失: 2.07 | 验证损失: 2.28
2025-11-27 18:10:46,939 - INFO -   mAP@0.5: 0.8203
2025-11-27 18:10:46,939 - INFO -   mAP@0.5:0.95: 0.5761
2025-11-27 18:10:46,939 - INFO - Epoch 33:
2025-11-27 18:10:46,939 - INFO -   训练损失: 2.07 | 验证损失: 2.29
2025-11-27 18:10:46,939 - INFO -   mAP@0.5: 0.8222
2025-11-27 18:10:46,939 - INFO -   mAP@0.5:0.95: 0.5727
2025-11-27 18:10:46,939 - INFO - Epoch 34:
2025-11-27 18:10:46,939 - INFO -   训练损失: 2.07 | 验证损失: 2.38
2025-11-27 18:10:46,939 - INFO -   mAP@0.5: 0.7963
2025-11-27 18:10:46,939 - INFO -   mAP@0.5:0.95: 0.5453
2025-11-27 18:10:46,939 - INFO - Epoch 35:
2025-11-27 18:10:46,939 - INFO -   训练损失: 2.05 | 验证损失: 2.36
2025-11-27 18:10:46,939 - INFO -   mAP@0.5: 0.8014
2025-11-27 18:10:46,939 - INFO -   mAP@0.5:0.95: 0.5567
2025-11-27 18:10:46,939 - INFO - Epoch 36:
2025-11-27 18:10:46,939 - INFO -   训练损失: 2.06 | 验证损失: 2.35
2025-11-27 18:10:46,939 - INFO -   mAP@0.5: 0.8143
2025-11-27 18:10:46,939 - INFO -   mAP@0.5:0.95: 0.5650
2025-11-27 18:10:46,939 - INFO - Epoch 37:
2025-11-27 18:10:46,939 - INFO -   训练损失: 2.04 | 验证损失: 2.31
2025-11-27 18:10:46,939 - INFO -   mAP@0.5: 0.8084
2025-11-27 18:10:46,939 - INFO -   mAP@0.5:0.95: 0.5653
2025-11-27 18:10:46,940 - INFO - Epoch 38:
2025-11-27 18:10:46,940 - INFO -   训练损失: 2.05 | 验证损失: 2.31
2025-11-27 18:10:46,940 - INFO -   mAP@0.5: 0.8121
2025-11-27 18:10:46,940 - INFO -   mAP@0.5:0.95: 0.5727
2025-11-27 18:10:46,940 - INFO - Epoch 39:
2025-11-27 18:10:46,940 - INFO -   训练损失: 2.04 | 验证损失: 2.32
2025-11-27 18:10:46,940 - INFO -   mAP@0.5: 0.8162
2025-11-27 18:10:46,940 - INFO -   mAP@0.5:0.95: 0.5672
2025-11-27 18:10:46,940 - INFO - Epoch 40:
2025-11-27 18:10:46,940 - INFO -   训练损失: 2.03 | 验证损失: 2.28
2025-11-27 18:10:46,940 - INFO -   mAP@0.5: 0.8265
2025-11-27 18:10:46,940 - INFO -   mAP@0.5:0.95: 0.5847
2025-11-27 18:10:46,940 - INFO - Epoch 41:
2025-11-27 18:10:46,940 - INFO -   训练损失: 2.03 | 验证损失: 2.48
2025-11-27 18:10:46,940 - INFO -   mAP@0.5: 0.7926
2025-11-27 18:10:46,940 - INFO -   mAP@0.5:0.95: 0.5212
2025-11-27 18:10:46,940 - INFO - Epoch 42:
2025-11-27 18:10:46,940 - INFO -   训练损失: 2.04 | 验证损失: 2.26
2025-11-27 18:10:46,940 - INFO -   mAP@0.5: 0.8348
2025-11-27 18:10:46,940 - INFO -   mAP@0.5:0.95: 0.5875
2025-11-27 18:10:46,940 - INFO - Epoch 43:
2025-11-27 18:10:46,940 - INFO -   训练损失: 2.02 | 验证损失: 2.25
2025-11-27 18:10:46,940 - INFO -   mAP@0.5: 0.8306
2025-11-27 18:10:46,940 - INFO -   mAP@0.5:0.95: 0.5876
2025-11-27 18:10:46,940 - INFO - Epoch 44:
2025-11-27 18:10:46,940 - INFO -   训练损失: 2.02 | 验证损失: 2.22
2025-11-27 18:10:46,940 - INFO -   mAP@0.5: 0.8380
2025-11-27 18:10:46,940 - INFO -   mAP@0.5:0.95: 0.6022
2025-11-27 18:10:46,941 - INFO - Epoch 45:
2025-11-27 18:10:46,941 - INFO -   训练损失: 2.02 | 验证损失: 2.24
2025-11-27 18:10:46,941 - INFO -   mAP@0.5: 0.8366
2025-11-27 18:10:46,941 - INFO -   mAP@0.5:0.95: 0.5986
2025-11-27 18:10:46,941 - INFO - Epoch 46:
2025-11-27 18:10:46,941 - INFO -   训练损失: 2.01 | 验证损失: 2.26
2025-11-27 18:10:46,941 - INFO -   mAP@0.5: 0.8307
2025-11-27 18:10:46,941 - INFO -   mAP@0.5:0.95: 0.5851
2025-11-27 18:10:46,941 - INFO - Epoch 47:
2025-11-27 18:10:46,941 - INFO -   训练损失: 2.01 | 验证损失: 2.31
2025-11-27 18:10:46,941 - INFO -   mAP@0.5: 0.8169
2025-11-27 18:10:46,941 - INFO -   mAP@0.5:0.95: 0.5724
2025-11-27 18:10:46,941 - INFO - Epoch 48:
2025-11-27 18:10:46,941 - INFO -   训练损失: 2.01 | 验证损失: 2.28
2025-11-27 18:10:46,941 - INFO -   mAP@0.5: 0.8281
2025-11-27 18:10:46,941 - INFO -   mAP@0.5:0.95: 0.5864
2025-11-27 18:10:46,941 - INFO - Epoch 49:
2025-11-27 18:10:46,941 - INFO -   训练损失: 2.01 | 验证损失: 2.19
2025-11-27 18:10:46,941 - INFO -   mAP@0.5: 0.8444
2025-11-27 18:10:46,941 - INFO -   mAP@0.5:0.95: 0.6062
2025-11-27 18:10:46,941 - INFO - Epoch 50:
2025-11-27 18:10:46,941 - INFO -   训练损失: 2.01 | 验证损失: 2.28
2025-11-27 18:10:46,941 - INFO -   mAP@0.5: 0.8328
2025-11-27 18:10:46,941 - INFO -   mAP@0.5:0.95: 0.5903
2025-11-27 18:10:46,941 - INFO - Epoch 51:
2025-11-27 18:10:46,941 - INFO -   训练损失: 1.99 | 验证损失: 2.24
2025-11-27 18:10:46,941 - INFO -   mAP@0.5: 0.8400
2025-11-27 18:10:46,941 - INFO -   mAP@0.5:0.95: 0.5984
2025-11-27 18:10:46,941 - INFO - Epoch 52:
2025-11-27 18:10:46,942 - INFO -   训练损失: 1.99 | 验证损失: 2.24
2025-11-27 18:10:46,942 - INFO -   mAP@0.5: 0.8374
2025-11-27 18:10:46,942 - INFO -   mAP@0.5:0.95: 0.5975
2025-11-27 18:10:46,942 - INFO - Epoch 53:
2025-11-27 18:10:46,942 - INFO -   训练损失: 1.99 | 验证损失: 2.24
2025-11-27 18:10:46,942 - INFO -   mAP@0.5: 0.8442
2025-11-27 18:10:46,942 - INFO -   mAP@0.5:0.95: 0.5969
2025-11-27 18:10:46,942 - INFO - Epoch 54:
2025-11-27 18:10:46,942 - INFO -   训练损失: 1.99 | 验证损失: 2.21
2025-11-27 18:10:46,942 - INFO -   mAP@0.5: 0.8334
2025-11-27 18:10:46,942 - INFO -   mAP@0.5:0.95: 0.5963
2025-11-27 18:10:46,942 - INFO - Epoch 55:
2025-11-27 18:10:46,942 - INFO -   训练损失: 1.98 | 验证损失: 2.27
2025-11-27 18:10:46,942 - INFO -   mAP@0.5: 0.8373
2025-11-27 18:10:46,942 - INFO -   mAP@0.5:0.95: 0.5939
2025-11-27 18:10:46,942 - INFO - Epoch 56:
2025-11-27 18:10:46,942 - INFO -   训练损失: 2.00 | 验证损失: 2.26
2025-11-27 18:10:46,942 - INFO -   mAP@0.5: 0.8356
2025-11-27 18:10:46,942 - INFO -   mAP@0.5:0.95: 0.5913
2025-11-27 18:10:46,942 - INFO - Epoch 57:
2025-11-27 18:10:46,942 - INFO -   训练损失: 1.98 | 验证损失: 2.24
2025-11-27 18:10:46,942 - INFO -   mAP@0.5: 0.8368
2025-11-27 18:10:46,942 - INFO -   mAP@0.5:0.95: 0.5977
2025-11-27 18:10:46,942 - INFO - Epoch 58:
2025-11-27 18:10:46,942 - INFO -   训练损失: 1.98 | 验证损失: 2.25
2025-11-27 18:10:46,942 - INFO -   mAP@0.5: 0.8379
2025-11-27 18:10:46,942 - INFO -   mAP@0.5:0.95: 0.5950
2025-11-27 18:10:46,942 - INFO - Epoch 59:
2025-11-27 18:10:46,942 - INFO -   训练损失: 1.97 | 验证损失: 2.24
2025-11-27 18:10:46,943 - INFO -   mAP@0.5: 0.8387
2025-11-27 18:10:46,943 - INFO -   mAP@0.5:0.95: 0.5955
2025-11-27 18:10:46,943 - INFO - Epoch 60:
2025-11-27 18:10:46,943 - INFO -   训练损失: 1.97 | 验证损失: 2.23
2025-11-27 18:10:46,943 - INFO -   mAP@0.5: 0.8432
2025-11-27 18:10:46,943 - INFO -   mAP@0.5:0.95: 0.6044
2025-11-27 18:10:46,943 - INFO - Epoch 61:
2025-11-27 18:10:46,943 - INFO -   训练损失: 1.98 | 验证损失: 2.19
2025-11-27 18:10:46,943 - INFO -   mAP@0.5: 0.8458
2025-11-27 18:10:46,943 - INFO -   mAP@0.5:0.95: 0.6069
2025-11-27 18:10:46,943 - INFO - Epoch 62:
2025-11-27 18:10:46,943 - INFO -   训练损失: 1.97 | 验证损失: 2.23
2025-11-27 18:10:46,943 - INFO -   mAP@0.5: 0.8399
2025-11-27 18:10:46,943 - INFO -   mAP@0.5:0.95: 0.5985
2025-11-27 18:10:46,943 - INFO - Epoch 63:
2025-11-27 18:10:46,943 - INFO -   训练损失: 1.96 | 验证损失: 2.21
2025-11-27 18:10:46,943 - INFO -   mAP@0.5: 0.8392
2025-11-27 18:10:46,943 - INFO -   mAP@0.5:0.95: 0.6042
2025-11-27 18:10:46,943 - INFO - Epoch 64:
2025-11-27 18:10:46,943 - INFO -   训练损失: 1.97 | 验证损失: 2.22
2025-11-27 18:10:46,943 - INFO -   mAP@0.5: 0.8412
2025-11-27 18:10:46,943 - INFO -   mAP@0.5:0.95: 0.5979
2025-11-27 18:10:46,943 - INFO - Epoch 65:
2025-11-27 18:10:46,943 - INFO -   训练损失: 1.96 | 验证损失: 2.22
2025-11-27 18:10:46,943 - INFO -   mAP@0.5: 0.8441
2025-11-27 18:10:46,943 - INFO -   mAP@0.5:0.95: 0.6045
2025-11-27 18:10:46,943 - INFO - Epoch 66:
2025-11-27 18:10:46,943 - INFO -   训练损失: 1.95 | 验证损失: 2.24
2025-11-27 18:10:46,943 - INFO -   mAP@0.5: 0.8425
2025-11-27 18:10:46,944 - INFO -   mAP@0.5:0.95: 0.6040
2025-11-27 18:10:46,944 - INFO - Epoch 67:
2025-11-27 18:10:46,944 - INFO -   训练损失: 1.95 | 验证损失: 2.19
2025-11-27 18:10:46,944 - INFO -   mAP@0.5: 0.8498
2025-11-27 18:10:46,944 - INFO -   mAP@0.5:0.95: 0.6116
2025-11-27 18:10:46,944 - INFO - Epoch 68:
2025-11-27 18:10:46,944 - INFO -   训练损失: 1.96 | 验证损失: 2.19
2025-11-27 18:10:46,944 - INFO -   mAP@0.5: 0.8500
2025-11-27 18:10:46,944 - INFO -   mAP@0.5:0.95: 0.6139
2025-11-27 18:10:46,944 - INFO - Epoch 69:
2025-11-27 18:10:46,944 - INFO -   训练损失: 1.95 | 验证损失: 2.21
2025-11-27 18:10:46,944 - INFO -   mAP@0.5: 0.8481
2025-11-27 18:10:46,944 - INFO -   mAP@0.5:0.95: 0.6102
2025-11-27 18:10:46,944 - INFO - Epoch 70:
2025-11-27 18:10:46,944 - INFO -   训练损失: 1.95 | 验证损失: 2.22
2025-11-27 18:10:46,944 - INFO -   mAP@0.5: 0.8416
2025-11-27 18:10:46,944 - INFO -   mAP@0.5:0.95: 0.6045
2025-11-27 18:10:46,944 - INFO - Epoch 71:
2025-11-27 18:10:46,944 - INFO -   训练损失: 1.93 | 验证损失: 2.21
2025-11-27 18:10:46,944 - INFO -   mAP@0.5: 0.8383
2025-11-27 18:10:46,944 - INFO -   mAP@0.5:0.95: 0.6055
2025-11-27 18:10:46,944 - INFO - Epoch 72:
2025-11-27 18:10:46,944 - INFO -   训练损失: 1.93 | 验证损失: 2.22
2025-11-27 18:10:46,944 - INFO -   mAP@0.5: 0.8437
2025-11-27 18:10:46,944 - INFO -   mAP@0.5:0.95: 0.6087
2025-11-27 18:10:46,944 - INFO - Epoch 73:
2025-11-27 18:10:46,944 - INFO -   训练损失: 1.94 | 验证损失: 2.21
2025-11-27 18:10:46,944 - INFO -   mAP@0.5: 0.8461
2025-11-27 18:10:46,944 - INFO -   mAP@0.5:0.95: 0.6072
2025-11-27 18:10:46,945 - INFO - Epoch 74:
2025-11-27 18:10:46,945 - INFO -   训练损失: 1.92 | 验证损失: 2.17
2025-11-27 18:10:46,945 - INFO -   mAP@0.5: 0.8463
2025-11-27 18:10:46,945 - INFO -   mAP@0.5:0.95: 0.6135
2025-11-27 18:10:46,945 - INFO - Epoch 75:
2025-11-27 18:10:46,945 - INFO -   训练损失: 1.93 | 验证损失: 2.23
2025-11-27 18:10:46,945 - INFO -   mAP@0.5: 0.8441
2025-11-27 18:10:46,945 - INFO -   mAP@0.5:0.95: 0.6088
2025-11-27 18:10:46,945 - INFO - Epoch 76:
2025-11-27 18:10:46,945 - INFO -   训练损失: 1.93 | 验证损失: 2.24
2025-11-27 18:10:46,945 - INFO -   mAP@0.5: 0.8331
2025-11-27 18:10:46,945 - INFO -   mAP@0.5:0.95: 0.5942
2025-11-27 18:10:46,945 - INFO - Epoch 77:
2025-11-27 18:10:46,945 - INFO -   训练损失: 1.93 | 验证损失: 2.20
2025-11-27 18:10:46,945 - INFO -   mAP@0.5: 0.8510
2025-11-27 18:10:46,945 - INFO -   mAP@0.5:0.95: 0.6150
2025-11-27 18:10:46,945 - INFO - Epoch 78:
2025-11-27 18:10:46,945 - INFO -   训练损失: 1.93 | 验证损失: 2.19
2025-11-27 18:10:46,945 - INFO -   mAP@0.5: 0.8482
2025-11-27 18:10:46,945 - INFO -   mAP@0.5:0.95: 0.6091
2025-11-27 18:10:46,945 - INFO - Epoch 79:
2025-11-27 18:10:46,945 - INFO -   训练损失: 1.92 | 验证损失: 2.24
2025-11-27 18:10:46,945 - INFO -   mAP@0.5: 0.8419
2025-11-27 18:10:46,945 - INFO -   mAP@0.5:0.95: 0.5983
2025-11-27 18:10:46,945 - INFO - Epoch 80:
2025-11-27 18:10:46,945 - INFO -   训练损失: 1.92 | 验证损失: 2.21
2025-11-27 18:10:46,945 - INFO -   mAP@0.5: 0.8435
2025-11-27 18:10:46,945 - INFO -   mAP@0.5:0.95: 0.6040
2025-11-27 18:10:46,946 - INFO - Epoch 81:
2025-11-27 18:10:46,946 - INFO -   训练损失: 1.92 | 验证损失: 2.19
2025-11-27 18:10:46,946 - INFO -   mAP@0.5: 0.8473
2025-11-27 18:10:46,946 - INFO -   mAP@0.5:0.95: 0.6112
2025-11-27 18:10:46,946 - INFO - Epoch 82:
2025-11-27 18:10:46,946 - INFO -   训练损失: 1.91 | 验证损失: 2.21
2025-11-27 18:10:46,946 - INFO -   mAP@0.5: 0.8452
2025-11-27 18:10:46,946 - INFO -   mAP@0.5:0.95: 0.6055
2025-11-27 18:10:46,946 - INFO - Epoch 83:
2025-11-27 18:10:46,946 - INFO -   训练损失: 1.91 | 验证损失: 2.21
2025-11-27 18:10:46,946 - INFO -   mAP@0.5: 0.8493
2025-11-27 18:10:46,946 - INFO -   mAP@0.5:0.95: 0.6092
2025-11-27 18:10:46,946 - INFO - Epoch 84:
2025-11-27 18:10:46,946 - INFO -   训练损失: 1.91 | 验证损失: 2.22
2025-11-27 18:10:46,946 - INFO -   mAP@0.5: 0.8491
2025-11-27 18:10:46,946 - INFO -   mAP@0.5:0.95: 0.6076
2025-11-27 18:10:46,946 - INFO - Epoch 85:
2025-11-27 18:10:46,946 - INFO -   训练损失: 1.91 | 验证损失: 2.22
2025-11-27 18:10:46,946 - INFO -   mAP@0.5: 0.8488
2025-11-27 18:10:46,946 - INFO -   mAP@0.5:0.95: 0.6070
2025-11-27 18:10:46,946 - INFO - Epoch 86:
2025-11-27 18:10:46,946 - INFO -   训练损失: 1.91 | 验证损失: 2.21
2025-11-27 18:10:46,946 - INFO -   mAP@0.5: 0.8470
2025-11-27 18:10:46,946 - INFO -   mAP@0.5:0.95: 0.6081
2025-11-27 18:10:46,946 - INFO - Epoch 87:
2025-11-27 18:10:46,946 - INFO -   训练损失: 1.90 | 验证损失: 2.20
2025-11-27 18:10:46,946 - INFO -   mAP@0.5: 0.8463
2025-11-27 18:10:46,946 - INFO -   mAP@0.5:0.95: 0.6104
2025-11-27 18:10:46,946 - INFO - Epoch 88:
2025-11-27 18:10:46,947 - INFO -   训练损失: 1.91 | 验证损失: 2.21
2025-11-27 18:10:46,947 - INFO -   mAP@0.5: 0.8476
2025-11-27 18:10:46,947 - INFO -   mAP@0.5:0.95: 0.6078
2025-11-27 18:10:46,947 - INFO - Epoch 89:
2025-11-27 18:10:46,947 - INFO -   训练损失: 1.90 | 验证损失: 2.19
2025-11-27 18:10:46,947 - INFO -   mAP@0.5: 0.8509
2025-11-27 18:10:46,947 - INFO -   mAP@0.5:0.95: 0.6159
2025-11-27 18:10:46,947 - INFO - Epoch 90:
2025-11-27 18:10:46,947 - INFO -   训练损失: 1.90 | 验证损失: 2.20
2025-11-27 18:10:46,947 - INFO -   mAP@0.5: 0.8501
2025-11-27 18:10:46,947 - INFO -   mAP@0.5:0.95: 0.6107
2025-11-27 18:10:46,947 - INFO - Epoch 91:
2025-11-27 18:10:46,947 - INFO -   训练损失: 1.89 | 验证损失: 2.19
2025-11-27 18:10:46,947 - INFO -   mAP@0.5: 0.8495
2025-11-27 18:10:46,947 - INFO -   mAP@0.5:0.95: 0.6139
2025-11-27 18:10:46,947 - INFO - Epoch 92:
2025-11-27 18:10:46,947 - INFO -   训练损失: 1.88 | 验证损失: 2.20
2025-11-27 18:10:46,947 - INFO -   mAP@0.5: 0.8484
2025-11-27 18:10:46,947 - INFO -   mAP@0.5:0.95: 0.6086
2025-11-27 18:10:46,947 - INFO - Epoch 93:
2025-11-27 18:10:46,947 - INFO -   训练损失: 1.89 | 验证损失: 2.19
2025-11-27 18:10:46,947 - INFO -   mAP@0.5: 0.8491
2025-11-27 18:10:46,947 - INFO -   mAP@0.5:0.95: 0.6129
2025-11-27 18:10:46,947 - INFO - Epoch 94:
2025-11-27 18:10:46,947 - INFO -   训练损失: 1.89 | 验证损失: 2.16
2025-11-27 18:10:46,947 - INFO -   mAP@0.5: 0.8549
2025-11-27 18:10:46,947 - INFO -   mAP@0.5:0.95: 0.6201
2025-11-27 18:10:46,947 - INFO - Epoch 95:
2025-11-27 18:10:46,948 - INFO -   训练损失: 1.89 | 验证损失: 2.17
2025-11-27 18:10:46,948 - INFO -   mAP@0.5: 0.8553
2025-11-27 18:10:46,948 - INFO -   mAP@0.5:0.95: 0.6194
2025-11-27 18:10:46,948 - INFO - Epoch 96:
2025-11-27 18:10:46,948 - INFO -   训练损失: 1.88 | 验证损失: 2.20
2025-11-27 18:10:46,948 - INFO -   mAP@0.5: 0.8482
2025-11-27 18:10:46,948 - INFO -   mAP@0.5:0.95: 0.6114
2025-11-27 18:10:46,948 - INFO - Epoch 97:
2025-11-27 18:10:46,948 - INFO -   训练损失: 1.88 | 验证损失: 2.21
2025-11-27 18:10:46,948 - INFO -   mAP@0.5: 0.8448
2025-11-27 18:10:46,948 - INFO -   mAP@0.5:0.95: 0.6063
2025-11-27 18:10:46,948 - INFO - Epoch 98:
2025-11-27 18:10:46,948 - INFO -   训练损失: 1.88 | 验证损失: 2.18
2025-11-27 18:10:46,948 - INFO -   mAP@0.5: 0.8492
2025-11-27 18:10:46,948 - INFO -   mAP@0.5:0.95: 0.6144
2025-11-27 18:10:46,948 - INFO - Epoch 99:
2025-11-27 18:10:46,948 - INFO -   训练损失: 1.88 | 验证损失: 2.18
2025-11-27 18:10:46,948 - INFO -   mAP@0.5: 0.8493
2025-11-27 18:10:46,948 - INFO -   mAP@0.5:0.95: 0.6167
2025-11-27 18:10:46,948 - INFO - Epoch 100:
2025-11-27 18:10:46,948 - INFO -   训练损失: 1.87 | 验证损失: 2.19
2025-11-27 18:10:46,948 - INFO -   mAP@0.5: 0.8516
2025-11-27 18:10:46,948 - INFO -   mAP@0.5:0.95: 0.6170
2025-11-27 18:10:46,948 - INFO - Epoch 101:
2025-11-27 18:10:46,948 - INFO -   训练损失: 1.87 | 验证损失: 2.20
2025-11-27 18:10:46,948 - INFO -   mAP@0.5: 0.8494
2025-11-27 18:10:46,948 - INFO -   mAP@0.5:0.95: 0.6133
2025-11-27 18:10:46,948 - INFO - Epoch 102:
2025-11-27 18:10:46,948 - INFO -   训练损失: 1.87 | 验证损失: 2.19
2025-11-27 18:10:46,948 - INFO -   mAP@0.5: 0.8497
2025-11-27 18:10:46,949 - INFO -   mAP@0.5:0.95: 0.6135
2025-11-27 18:10:46,949 - INFO - Epoch 103:
2025-11-27 18:10:46,949 - INFO -   训练损失: 1.87 | 验证损失: 2.20
2025-11-27 18:10:46,949 - INFO -   mAP@0.5: 0.8495
2025-11-27 18:10:46,949 - INFO -   mAP@0.5:0.95: 0.6127
2025-11-27 18:10:46,949 - INFO - Epoch 104:
2025-11-27 18:10:46,949 - INFO -   训练损失: 1.86 | 验证损失: 2.19
2025-11-27 18:10:46,949 - INFO -   mAP@0.5: 0.8484
2025-11-27 18:10:46,949 - INFO -   mAP@0.5:0.95: 0.6136
2025-11-27 18:10:46,949 - INFO - Epoch 105:
2025-11-27 18:10:46,949 - INFO -   训练损失: 1.86 | 验证损失: 2.21
2025-11-27 18:10:46,949 - INFO -   mAP@0.5: 0.8490
2025-11-27 18:10:46,949 - INFO -   mAP@0.5:0.95: 0.6111
2025-11-27 18:10:46,949 - INFO - Epoch 106:
2025-11-27 18:10:46,949 - INFO -   训练损失: 1.85 | 验证损失: 2.19
2025-11-27 18:10:46,949 - INFO -   mAP@0.5: 0.8485
2025-11-27 18:10:46,949 - INFO -   mAP@0.5:0.95: 0.6142
2025-11-27 18:10:46,949 - INFO - Epoch 107:
2025-11-27 18:10:46,949 - INFO -   训练损失: 1.85 | 验证损失: 2.19
2025-11-27 18:10:46,949 - INFO -   mAP@0.5: 0.8490
2025-11-27 18:10:46,949 - INFO -   mAP@0.5:0.95: 0.6133
2025-11-27 18:10:46,949 - INFO - Epoch 108:
2025-11-27 18:10:46,949 - INFO -   训练损失: 1.86 | 验证损失: 2.19
2025-11-27 18:10:46,949 - INFO -   mAP@0.5: 0.8497
2025-11-27 18:10:46,949 - INFO -   mAP@0.5:0.95: 0.6155
2025-11-27 18:10:46,949 - INFO - Epoch 109:
2025-11-27 18:10:46,949 - INFO -   训练损失: 1.86 | 验证损失: 2.19
2025-11-27 18:10:46,949 - INFO -   mAP@0.5: 0.8490
2025-11-27 18:10:46,949 - INFO -   mAP@0.5:0.95: 0.6129
2025-11-27 18:10:46,950 - INFO - Epoch 110:
2025-11-27 18:10:46,950 - INFO -   训练损失: 1.85 | 验证损失: 2.19
2025-11-27 18:10:46,950 - INFO -   mAP@0.5: 0.8503
2025-11-27 18:10:46,950 - INFO -   mAP@0.5:0.95: 0.6158
2025-11-27 18:10:46,950 - INFO - Epoch 111:
2025-11-27 18:10:46,950 - INFO -   训练损失: 1.85 | 验证损失: 2.18
2025-11-27 18:10:46,950 - INFO -   mAP@0.5: 0.8516
2025-11-27 18:10:46,950 - INFO -   mAP@0.5:0.95: 0.6172
2025-11-27 18:10:46,950 - INFO - Epoch 112:
2025-11-27 18:10:46,950 - INFO -   训练损失: 1.85 | 验证损失: 2.19
2025-11-27 18:10:46,950 - INFO -   mAP@0.5: 0.8503
2025-11-27 18:10:46,950 - INFO -   mAP@0.5:0.95: 0.6168
2025-11-27 18:10:46,950 - INFO - Epoch 113:
2025-11-27 18:10:46,950 - INFO -   训练损失: 1.84 | 验证损失: 2.19
2025-11-27 18:10:46,950 - INFO -   mAP@0.5: 0.8506
2025-11-27 18:10:46,950 - INFO -   mAP@0.5:0.95: 0.6157
2025-11-27 18:10:46,950 - INFO - Epoch 114:
2025-11-27 18:10:46,950 - INFO -   训练损失: 1.85 | 验证损失: 2.20
2025-11-27 18:10:46,950 - INFO -   mAP@0.5: 0.8502
2025-11-27 18:10:46,950 - INFO -   mAP@0.5:0.95: 0.6147
2025-11-27 18:10:46,950 - INFO - Epoch 115:
2025-11-27 18:10:46,950 - INFO -   训练损失: 1.84 | 验证损失: 2.19
2025-11-27 18:10:46,950 - INFO -   mAP@0.5: 0.8509
2025-11-27 18:10:46,950 - INFO -   mAP@0.5:0.95: 0.6176
2025-11-27 18:10:46,950 - INFO - Epoch 116:
2025-11-27 18:10:46,950 - INFO -   训练损失: 1.84 | 验证损失: 2.19
2025-11-27 18:10:46,950 - INFO -   mAP@0.5: 0.8506
2025-11-27 18:10:46,950 - INFO -   mAP@0.5:0.95: 0.6177
2025-11-27 18:10:46,951 - INFO - Epoch 117:
2025-11-27 18:10:46,951 - INFO -   训练损失: 1.84 | 验证损失: 2.19
2025-11-27 18:10:46,951 - INFO -   mAP@0.5: 0.8507
2025-11-27 18:10:46,951 - INFO -   mAP@0.5:0.95: 0.6171
2025-11-27 18:10:46,951 - INFO - Epoch 118:
2025-11-27 18:10:46,951 - INFO -   训练损失: 1.83 | 验证损失: 2.19
2025-11-27 18:10:46,951 - INFO -   mAP@0.5: 0.8504
2025-11-27 18:10:46,951 - INFO -   mAP@0.5:0.95: 0.6154
2025-11-27 18:10:46,951 - INFO - Epoch 119:
2025-11-27 18:10:46,951 - INFO -   训练损失: 1.84 | 验证损失: 2.19
2025-11-27 18:10:46,951 - INFO -   mAP@0.5: 0.8512
2025-11-27 18:10:46,951 - INFO -   mAP@0.5:0.95: 0.6155
2025-11-27 18:10:46,951 - INFO - Epoch 120:
2025-11-27 18:10:46,951 - INFO -   训练损失: 1.83 | 验证损失: 2.19
2025-11-27 18:10:46,951 - INFO -   mAP@0.5: 0.8502
2025-11-27 18:10:46,951 - INFO -   mAP@0.5:0.95: 0.6155
2025-11-27 18:10:46,951 - INFO - Epoch 121:
2025-11-27 18:10:46,951 - INFO -   训练损失: 1.83 | 验证损失: 2.20
2025-11-27 18:10:46,951 - INFO -   mAP@0.5: 0.8497
2025-11-27 18:10:46,951 - INFO -   mAP@0.5:0.95: 0.6135
2025-11-27 18:10:46,951 - INFO - Epoch 122:
2025-11-27 18:10:46,951 - INFO -   训练损失: 1.83 | 验证损失: 2.21
2025-11-27 18:10:46,951 - INFO -   mAP@0.5: 0.8490
2025-11-27 18:10:46,951 - INFO -   mAP@0.5:0.95: 0.6111
2025-11-27 18:10:46,951 - INFO - Epoch 123:
2025-11-27 18:10:46,951 - INFO -   训练损失: 1.82 | 验证损失: 2.20
2025-11-27 18:10:46,951 - INFO -   mAP@0.5: 0.8503
2025-11-27 18:10:46,951 - INFO -   mAP@0.5:0.95: 0.6123
2025-11-27 18:10:46,951 - INFO - Epoch 124:
2025-11-27 18:10:46,952 - INFO -   训练损失: 1.82 | 验证损失: 2.20
2025-11-27 18:10:46,952 - INFO -   mAP@0.5: 0.8496
2025-11-27 18:10:46,952 - INFO -   mAP@0.5:0.95: 0.6115
2025-11-27 18:10:46,952 - INFO - Epoch 125:
2025-11-27 18:10:46,952 - INFO -   训练损失: 1.83 | 验证损失: 2.21
2025-11-27 18:10:46,952 - INFO -   mAP@0.5: 0.8481
2025-11-27 18:10:46,952 - INFO -   mAP@0.5:0.95: 0.6105
2025-11-27 18:10:46,952 - INFO - Epoch 126:
2025-11-27 18:10:46,952 - INFO -   训练损失: 1.83 | 验证损失: 2.20
2025-11-27 18:10:46,952 - INFO -   mAP@0.5: 0.8483
2025-11-27 18:10:46,952 - INFO -   mAP@0.5:0.95: 0.6120
2025-11-27 18:10:46,952 - INFO - Epoch 127:
2025-11-27 18:10:46,952 - INFO -   训练损失: 1.82 | 验证损失: 2.21
2025-11-27 18:10:46,952 - INFO -   mAP@0.5: 0.8479
2025-11-27 18:10:46,952 - INFO -   mAP@0.5:0.95: 0.6113
2025-11-27 18:10:46,952 - INFO - Epoch 128:
2025-11-27 18:10:46,952 - INFO -   训练损失: 1.82 | 验证损失: 2.21
2025-11-27 18:10:46,952 - INFO -   mAP@0.5: 0.8492
2025-11-27 18:10:46,952 - INFO -   mAP@0.5:0.95: 0.6127
2025-11-27 18:10:46,952 - INFO - Epoch 129:
2025-11-27 18:10:46,952 - INFO -   训练损失: 1.81 | 验证损失: 2.21
2025-11-27 18:10:46,952 - INFO -   mAP@0.5: 0.8489
2025-11-27 18:10:46,952 - INFO -   mAP@0.5:0.95: 0.6113
2025-11-27 18:10:46,952 - INFO - ================================================================================
2025-11-27 18:10:47,436 - INFO - ✓ 训练曲线已保存到: logs/yolo_v8m_20251127_170938/training_curves.png
2025-11-27 18:10:47,461 - INFO - ✓ 已创建统一命名的最佳模型: logs/yolo_v8m_20251127_170938/best_model.pth
2025-11-27 18:10:47,483 - INFO - ✓ 已创建统一命名的最新检查点: logs/yolo_v8m_20251127_170938/latest_checkpoint.pth
2025-11-27 18:10:47,484 - INFO - ✓ 已创建统一命名的训练历史: logs/yolo_v8m_20251127_170938/training_history.csv
2025-11-27 18:10:47,484 - INFO - ✓ 最佳模型: logs/yolo_v8m_20251127_170938/best_model.pth
2025-11-27 18:10:47,484 - INFO - ✓ 最佳mAP@0.5:0.95: 0.6200
2025-11-27 18:10:47,484 - INFO - ✓ 最佳mAP@0.5: 0.8548
2025-11-27 18:10:47,484 - INFO - ✓ 所有输出已保存到: logs/yolo_v8m_20251127_170938
2025-11-27 18:10:47,484 - INFO - ================================================================================
