2025-12-16 17:56:35,227 - INFO - ✓ 配置已保存到: logs/yolo_v10s_20251216_175635/config.yaml
2025-12-16 17:56:35,227 - INFO - ✓ 初始化YOLOv10训练器
2025-12-16 17:56:35,227 - INFO -   类别数量: 8
2025-12-16 17:56:35,227 - INFO -   类别: Car, Truck, Van, Bus, Pedestrian, Cyclist, Motorcyclist, Trafficcone
2025-12-16 17:56:35,229 - INFO - ✓ 配置已保存到: logs/yolo_v10s_20251216_175635/config.yaml
2025-12-16 17:56:35,229 - INFO - ================================================================================
2025-12-16 17:56:35,229 - INFO - 🚀 开始YOLOv10训练
2025-12-16 17:56:35,229 - INFO - ================================================================================
2025-12-16 17:56:35,229 - WARNING - ⚠️  预训练权重文件不存在: /root/autodl-tmp/DSET/experiments/yolov10/pretrained/yolov10s.pt
2025-12-16 17:56:35,229 - INFO -    将使用模型名称自动加载: yolov10s.pt
2025-12-16 18:07:10,684 - INFO -   模型将在训练时自动适配 8 类（从data.yaml读取）
2025-12-16 18:07:10,684 - INFO - 📝 训练配置:
2025-12-16 18:07:10,684 - INFO -   数据集路径: /root/autodl-tmp/datasets/DAIR-V2X_YOLO/dairv2x.yaml
2025-12-16 18:07:10,685 - INFO -   训练轮数: 200
2025-12-16 18:07:10,685 - INFO -   批次大小: 16
2025-12-16 18:07:10,685 - INFO -   优化器: auto
2025-12-16 18:07:10,685 - INFO -   初始学习率: 0.01
2025-12-16 18:07:10,685 - INFO -   Weight decay: 0.0005
2025-12-16 18:07:10,685 - INFO -   输出目录: logs/yolo_v10s_20251216_175635
2025-12-16 18:07:10,685 - INFO -   预训练权重: pretrained/yolov10s.pt
2025-12-16 18:07:10,685 - INFO - ================================================================================
2025-12-16 18:07:10,685 - INFO - 训练配置摘要:
2025-12-16 18:07:10,685 - INFO -   - 训练轮数: 200
2025-12-16 18:07:10,685 - INFO -   - 批次大小: 16
2025-12-16 18:07:10,685 - INFO -   - 优化器: auto
2025-12-16 18:07:10,685 - INFO -   - 初始学习率: 0.01
2025-12-16 18:07:10,685 - INFO -   - Weight decay: 0.0005
2025-12-16 18:07:10,685 - INFO -   - Warmup轮数: 3.0
2025-12-16 18:07:10,685 - INFO -   - 设备: cuda
2025-12-16 18:07:10,685 - INFO - ================================================================================
2025-12-16 18:07:10,685 - INFO - 开始训练 200 epochs
2025-12-16 19:51:15,423 - INFO - ================================================================================
2025-12-16 19:51:15,423 - INFO - ✅ 训练完成！
2025-12-16 19:51:15,423 - INFO - ================================================================================
2025-12-16 19:51:15,430 - INFO - ================================================================================
2025-12-16 19:51:15,430 - INFO - 训练过程摘要（按RT-DETR格式）:
2025-12-16 19:51:15,430 - INFO - ================================================================================
2025-12-16 19:51:15,430 - INFO - Epoch 1:
2025-12-16 19:51:15,430 - INFO -   训练损失: 7.71 | 验证损失: 5.24
2025-12-16 19:51:15,430 - INFO -   mAP@0.5: 0.7890
2025-12-16 19:51:15,430 - INFO -   mAP@0.5:0.95: 0.5732
2025-12-16 19:51:15,430 - INFO - Epoch 2:
2025-12-16 19:51:15,430 - INFO -   训练损失: 5.46 | 验证损失: 5.34
2025-12-16 19:51:15,430 - INFO -   mAP@0.5: 0.8392
2025-12-16 19:51:15,430 - INFO -   mAP@0.5:0.95: 0.6052
2025-12-16 19:51:15,431 - INFO - Epoch 3:
2025-12-16 19:51:15,431 - INFO -   训练损失: 5.47 | 验证损失: 5.31
2025-12-16 19:51:15,431 - INFO -   mAP@0.5: 0.8495
2025-12-16 19:51:15,431 - INFO -   mAP@0.5:0.95: 0.6105
2025-12-16 19:51:15,431 - INFO - Epoch 4:
2025-12-16 19:51:15,431 - INFO -   训练损失: 5.39 | 验证损失: 5.16
2025-12-16 19:51:15,431 - INFO -   mAP@0.5: 0.8495
2025-12-16 19:51:15,431 - INFO -   mAP@0.5:0.95: 0.6149
2025-12-16 19:51:15,431 - INFO - Epoch 5:
2025-12-16 19:51:15,431 - INFO -   训练损失: 5.19 | 验证损失: 4.98
2025-12-16 19:51:15,431 - INFO -   mAP@0.5: 0.8610
2025-12-16 19:51:15,431 - INFO -   mAP@0.5:0.95: 0.6348
2025-12-16 19:51:15,431 - INFO - Epoch 6:
2025-12-16 19:51:15,431 - INFO -   训练损失: 5.08 | 验证损失: 4.97
2025-12-16 19:51:15,431 - INFO -   mAP@0.5: 0.8689
2025-12-16 19:51:15,431 - INFO -   mAP@0.5:0.95: 0.6489
2025-12-16 19:51:15,431 - INFO - Epoch 7:
2025-12-16 19:51:15,431 - INFO -   训练损失: 5.01 | 验证损失: 5.04
2025-12-16 19:51:15,431 - INFO -   mAP@0.5: 0.8522
2025-12-16 19:51:15,431 - INFO -   mAP@0.5:0.95: 0.6271
2025-12-16 19:51:15,431 - INFO - Epoch 8:
2025-12-16 19:51:15,431 - INFO -   训练损失: 4.96 | 验证损失: 4.93
2025-12-16 19:51:15,431 - INFO -   mAP@0.5: 0.8618
2025-12-16 19:51:15,431 - INFO -   mAP@0.5:0.95: 0.6442
2025-12-16 19:51:15,431 - INFO - Epoch 9:
2025-12-16 19:51:15,431 - INFO -   训练损失: 4.91 | 验证损失: 4.87
2025-12-16 19:51:15,431 - INFO -   mAP@0.5: 0.8566
2025-12-16 19:51:15,431 - INFO -   mAP@0.5:0.95: 0.6440
2025-12-16 19:51:15,432 - INFO - Epoch 10:
2025-12-16 19:51:15,432 - INFO -   训练损失: 4.87 | 验证损失: 4.95
2025-12-16 19:51:15,432 - INFO -   mAP@0.5: 0.8706
2025-12-16 19:51:15,432 - INFO -   mAP@0.5:0.95: 0.6483
2025-12-16 19:51:15,432 - INFO - Epoch 11:
2025-12-16 19:51:15,432 - INFO -   训练损失: 4.84 | 验证损失: 4.88
2025-12-16 19:51:15,432 - INFO -   mAP@0.5: 0.8664
2025-12-16 19:51:15,432 - INFO -   mAP@0.5:0.95: 0.6486
2025-12-16 19:51:15,432 - INFO - Epoch 12:
2025-12-16 19:51:15,432 - INFO -   训练损失: 4.81 | 验证损失: 4.87
2025-12-16 19:51:15,432 - INFO -   mAP@0.5: 0.8728
2025-12-16 19:51:15,432 - INFO -   mAP@0.5:0.95: 0.6527
2025-12-16 19:51:15,432 - INFO - Epoch 13:
2025-12-16 19:51:15,432 - INFO -   训练损失: 4.79 | 验证损失: 4.92
2025-12-16 19:51:15,432 - INFO -   mAP@0.5: 0.8702
2025-12-16 19:51:15,432 - INFO -   mAP@0.5:0.95: 0.6508
2025-12-16 19:51:15,432 - INFO - Epoch 14:
2025-12-16 19:51:15,432 - INFO -   训练损失: 4.76 | 验证损失: 4.93
2025-12-16 19:51:15,432 - INFO -   mAP@0.5: 0.8637
2025-12-16 19:51:15,432 - INFO -   mAP@0.5:0.95: 0.6448
2025-12-16 19:51:15,432 - INFO - Epoch 15:
2025-12-16 19:51:15,432 - INFO -   训练损失: 4.74 | 验证损失: 4.79
2025-12-16 19:51:15,432 - INFO -   mAP@0.5: 0.8828
2025-12-16 19:51:15,432 - INFO -   mAP@0.5:0.95: 0.6659
2025-12-16 19:51:15,432 - INFO - Epoch 16:
2025-12-16 19:51:15,432 - INFO -   训练损失: 4.72 | 验证损失: 4.85
2025-12-16 19:51:15,432 - INFO -   mAP@0.5: 0.8778
2025-12-16 19:51:15,432 - INFO -   mAP@0.5:0.95: 0.6591
2025-12-16 19:51:15,432 - INFO - Epoch 17:
2025-12-16 19:51:15,433 - INFO -   训练损失: 4.70 | 验证损失: 4.90
2025-12-16 19:51:15,433 - INFO -   mAP@0.5: 0.8746
2025-12-16 19:51:15,433 - INFO -   mAP@0.5:0.95: 0.6534
2025-12-16 19:51:15,433 - INFO - Epoch 18:
2025-12-16 19:51:15,433 - INFO -   训练损失: 4.68 | 验证损失: 4.78
2025-12-16 19:51:15,433 - INFO -   mAP@0.5: 0.8783
2025-12-16 19:51:15,433 - INFO -   mAP@0.5:0.95: 0.6640
2025-12-16 19:51:15,433 - INFO - Epoch 19:
2025-12-16 19:51:15,433 - INFO -   训练损失: 4.67 | 验证损失: 4.93
2025-12-16 19:51:15,433 - INFO -   mAP@0.5: 0.8494
2025-12-16 19:51:15,433 - INFO -   mAP@0.5:0.95: 0.6350
2025-12-16 19:51:15,433 - INFO - Epoch 20:
2025-12-16 19:51:15,433 - INFO -   训练损失: 4.66 | 验证损失: 4.80
2025-12-16 19:51:15,433 - INFO -   mAP@0.5: 0.8644
2025-12-16 19:51:15,433 - INFO -   mAP@0.5:0.95: 0.6502
2025-12-16 19:51:15,433 - INFO - Epoch 21:
2025-12-16 19:51:15,433 - INFO -   训练损失: 4.65 | 验证损失: 4.81
2025-12-16 19:51:15,433 - INFO -   mAP@0.5: 0.8612
2025-12-16 19:51:15,433 - INFO -   mAP@0.5:0.95: 0.6542
2025-12-16 19:51:15,433 - INFO - Epoch 22:
2025-12-16 19:51:15,433 - INFO -   训练损失: 4.64 | 验证损失: 4.81
2025-12-16 19:51:15,433 - INFO -   mAP@0.5: 0.8706
2025-12-16 19:51:15,433 - INFO -   mAP@0.5:0.95: 0.6561
2025-12-16 19:51:15,433 - INFO - Epoch 23:
2025-12-16 19:51:15,433 - INFO -   训练损失: 4.62 | 验证损失: 4.82
2025-12-16 19:51:15,433 - INFO -   mAP@0.5: 0.8723
2025-12-16 19:51:15,433 - INFO -   mAP@0.5:0.95: 0.6586
2025-12-16 19:51:15,433 - INFO - Epoch 24:
2025-12-16 19:51:15,433 - INFO -   训练损失: 4.61 | 验证损失: 4.77
2025-12-16 19:51:15,434 - INFO -   mAP@0.5: 0.8842
2025-12-16 19:51:15,434 - INFO -   mAP@0.5:0.95: 0.6699
2025-12-16 19:51:15,434 - INFO - Epoch 25:
2025-12-16 19:51:15,434 - INFO -   训练损失: 4.60 | 验证损失: 4.79
2025-12-16 19:51:15,434 - INFO -   mAP@0.5: 0.8833
2025-12-16 19:51:15,434 - INFO -   mAP@0.5:0.95: 0.6674
2025-12-16 19:51:15,434 - INFO - Epoch 26:
2025-12-16 19:51:15,434 - INFO -   训练损失: 4.58 | 验证损失: 4.74
2025-12-16 19:51:15,434 - INFO -   mAP@0.5: 0.8761
2025-12-16 19:51:15,434 - INFO -   mAP@0.5:0.95: 0.6682
2025-12-16 19:51:15,434 - INFO - Epoch 27:
2025-12-16 19:51:15,434 - INFO -   训练损失: 4.57 | 验证损失: 4.86
2025-12-16 19:51:15,434 - INFO -   mAP@0.5: 0.8687
2025-12-16 19:51:15,434 - INFO -   mAP@0.5:0.95: 0.6512
2025-12-16 19:51:15,434 - INFO - Epoch 28:
2025-12-16 19:51:15,434 - INFO -   训练损失: 4.57 | 验证损失: 4.81
2025-12-16 19:51:15,434 - INFO -   mAP@0.5: 0.8620
2025-12-16 19:51:15,434 - INFO -   mAP@0.5:0.95: 0.6537
2025-12-16 19:51:15,434 - INFO - Epoch 29:
2025-12-16 19:51:15,434 - INFO -   训练损失: 4.56 | 验证损失: 4.71
2025-12-16 19:51:15,434 - INFO -   mAP@0.5: 0.8832
2025-12-16 19:51:15,434 - INFO -   mAP@0.5:0.95: 0.6760
2025-12-16 19:51:15,434 - INFO - Epoch 30:
2025-12-16 19:51:15,434 - INFO -   训练损失: 4.54 | 验证损失: 4.76
2025-12-16 19:51:15,434 - INFO -   mAP@0.5: 0.8705
2025-12-16 19:51:15,434 - INFO -   mAP@0.5:0.95: 0.6627
2025-12-16 19:51:15,434 - INFO - Epoch 31:
2025-12-16 19:51:15,434 - INFO -   训练损失: 4.55 | 验证损失: 4.77
2025-12-16 19:51:15,434 - INFO -   mAP@0.5: 0.8866
2025-12-16 19:51:15,435 - INFO -   mAP@0.5:0.95: 0.6733
2025-12-16 19:51:15,435 - INFO - Epoch 32:
2025-12-16 19:51:15,435 - INFO -   训练损失: 4.53 | 验证损失: 4.79
2025-12-16 19:51:15,435 - INFO -   mAP@0.5: 0.8818
2025-12-16 19:51:15,435 - INFO -   mAP@0.5:0.95: 0.6665
2025-12-16 19:51:15,435 - INFO - Epoch 33:
2025-12-16 19:51:15,435 - INFO -   训练损失: 4.52 | 验证损失: 4.75
2025-12-16 19:51:15,435 - INFO -   mAP@0.5: 0.8804
2025-12-16 19:51:15,435 - INFO -   mAP@0.5:0.95: 0.6654
2025-12-16 19:51:15,435 - INFO - Epoch 34:
2025-12-16 19:51:15,435 - INFO -   训练损失: 4.51 | 验证损失: 4.78
2025-12-16 19:51:15,435 - INFO -   mAP@0.5: 0.8856
2025-12-16 19:51:15,435 - INFO -   mAP@0.5:0.95: 0.6706
2025-12-16 19:51:15,435 - INFO - Epoch 35:
2025-12-16 19:51:15,435 - INFO -   训练损失: 4.50 | 验证损失: 4.82
2025-12-16 19:51:15,435 - INFO -   mAP@0.5: 0.8800
2025-12-16 19:51:15,435 - INFO -   mAP@0.5:0.95: 0.6651
2025-12-16 19:51:15,435 - INFO - Epoch 36:
2025-12-16 19:51:15,435 - INFO -   训练损失: 4.51 | 验证损失: 4.81
2025-12-16 19:51:15,435 - INFO -   mAP@0.5: 0.8678
2025-12-16 19:51:15,435 - INFO -   mAP@0.5:0.95: 0.6564
2025-12-16 19:51:15,435 - INFO - Epoch 37:
2025-12-16 19:51:15,435 - INFO -   训练损失: 4.50 | 验证损失: 4.71
2025-12-16 19:51:15,435 - INFO -   mAP@0.5: 0.8815
2025-12-16 19:51:15,435 - INFO -   mAP@0.5:0.95: 0.6736
2025-12-16 19:51:15,435 - INFO - Epoch 38:
2025-12-16 19:51:15,435 - INFO -   训练损失: 4.49 | 验证损失: 4.75
2025-12-16 19:51:15,435 - INFO -   mAP@0.5: 0.8846
2025-12-16 19:51:15,435 - INFO -   mAP@0.5:0.95: 0.6722
2025-12-16 19:51:15,436 - INFO - Epoch 39:
2025-12-16 19:51:15,436 - INFO -   训练损失: 4.48 | 验证损失: 4.76
2025-12-16 19:51:15,436 - INFO -   mAP@0.5: 0.8905
2025-12-16 19:51:15,436 - INFO -   mAP@0.5:0.95: 0.6786
2025-12-16 19:51:15,436 - INFO - Epoch 40:
2025-12-16 19:51:15,436 - INFO -   训练损失: 4.48 | 验证损失: 4.73
2025-12-16 19:51:15,436 - INFO -   mAP@0.5: 0.8867
2025-12-16 19:51:15,436 - INFO -   mAP@0.5:0.95: 0.6765
2025-12-16 19:51:15,436 - INFO - Epoch 41:
2025-12-16 19:51:15,436 - INFO -   训练损失: 4.47 | 验证损失: 4.67
2025-12-16 19:51:15,436 - INFO -   mAP@0.5: 0.8918
2025-12-16 19:51:15,436 - INFO -   mAP@0.5:0.95: 0.6853
2025-12-16 19:51:15,436 - INFO - Epoch 42:
2025-12-16 19:51:15,436 - INFO -   训练损失: 4.47 | 验证损失: 4.73
2025-12-16 19:51:15,436 - INFO -   mAP@0.5: 0.8925
2025-12-16 19:51:15,436 - INFO -   mAP@0.5:0.95: 0.6812
2025-12-16 19:51:15,436 - INFO - Epoch 43:
2025-12-16 19:51:15,436 - INFO -   训练损失: 4.46 | 验证损失: 4.79
2025-12-16 19:51:15,436 - INFO -   mAP@0.5: 0.8283
2025-12-16 19:51:15,436 - INFO -   mAP@0.5:0.95: 0.6393
2025-12-16 19:51:15,436 - INFO - Epoch 44:
2025-12-16 19:51:15,436 - INFO -   训练损失: 4.46 | 验证损失: 4.78
2025-12-16 19:51:15,436 - INFO -   mAP@0.5: 0.8355
2025-12-16 19:51:15,436 - INFO -   mAP@0.5:0.95: 0.6393
2025-12-16 19:51:15,436 - INFO - Epoch 45:
2025-12-16 19:51:15,436 - INFO -   训练损失: 4.46 | 验证损失: 4.74
2025-12-16 19:51:15,436 - INFO -   mAP@0.5: 0.8708
2025-12-16 19:51:15,436 - INFO -   mAP@0.5:0.95: 0.6658
2025-12-16 19:51:15,437 - INFO - Epoch 46:
2025-12-16 19:51:15,437 - INFO -   训练损失: 4.45 | 验证损失: 4.71
2025-12-16 19:51:15,437 - INFO -   mAP@0.5: 0.8925
2025-12-16 19:51:15,437 - INFO -   mAP@0.5:0.95: 0.6846
2025-12-16 19:51:15,437 - INFO - Epoch 47:
2025-12-16 19:51:15,437 - INFO -   训练损失: 4.44 | 验证损失: 4.64
2025-12-16 19:51:15,437 - INFO -   mAP@0.5: 0.8975
2025-12-16 19:51:15,437 - INFO -   mAP@0.5:0.95: 0.6911
2025-12-16 19:51:15,437 - INFO - Epoch 48:
2025-12-16 19:51:15,437 - INFO -   训练损失: 4.43 | 验证损失: 4.67
2025-12-16 19:51:15,437 - INFO -   mAP@0.5: 0.8983
2025-12-16 19:51:15,437 - INFO -   mAP@0.5:0.95: 0.6905
2025-12-16 19:51:15,437 - INFO - Epoch 49:
2025-12-16 19:51:15,437 - INFO -   训练损失: 4.43 | 验证损失: 4.66
2025-12-16 19:51:15,437 - INFO -   mAP@0.5: 0.8987
2025-12-16 19:51:15,437 - INFO -   mAP@0.5:0.95: 0.6924
2025-12-16 19:51:15,437 - INFO - Epoch 50:
2025-12-16 19:51:15,437 - INFO -   训练损失: 4.42 | 验证损失: 4.70
2025-12-16 19:51:15,437 - INFO -   mAP@0.5: 0.8870
2025-12-16 19:51:15,437 - INFO -   mAP@0.5:0.95: 0.6777
2025-12-16 19:51:15,437 - INFO - Epoch 51:
2025-12-16 19:51:15,437 - INFO -   训练损失: 4.42 | 验证损失: 4.64
2025-12-16 19:51:15,437 - INFO -   mAP@0.5: 0.9003
2025-12-16 19:51:15,437 - INFO -   mAP@0.5:0.95: 0.6931
2025-12-16 19:51:15,437 - INFO - Epoch 52:
2025-12-16 19:51:15,437 - INFO -   训练损失: 4.41 | 验证损失: 4.68
2025-12-16 19:51:15,437 - INFO -   mAP@0.5: 0.9014
2025-12-16 19:51:15,437 - INFO -   mAP@0.5:0.95: 0.6927
2025-12-16 19:51:15,437 - INFO - Epoch 53:
2025-12-16 19:51:15,438 - INFO -   训练损失: 4.41 | 验证损失: 4.64
2025-12-16 19:51:15,438 - INFO -   mAP@0.5: 0.9040
2025-12-16 19:51:15,438 - INFO -   mAP@0.5:0.95: 0.6962
2025-12-16 19:51:15,438 - INFO - Epoch 54:
2025-12-16 19:51:15,438 - INFO -   训练损失: 4.41 | 验证损失: 4.64
2025-12-16 19:51:15,438 - INFO -   mAP@0.5: 0.8948
2025-12-16 19:51:15,438 - INFO -   mAP@0.5:0.95: 0.6881
2025-12-16 19:51:15,438 - INFO - Epoch 55:
2025-12-16 19:51:15,438 - INFO -   训练损失: 4.40 | 验证损失: 4.72
2025-12-16 19:51:15,438 - INFO -   mAP@0.5: 0.8816
2025-12-16 19:51:15,438 - INFO -   mAP@0.5:0.95: 0.6671
2025-12-16 19:51:15,438 - INFO - Epoch 56:
2025-12-16 19:51:15,438 - INFO -   训练损失: 4.39 | 验证损失: 4.72
2025-12-16 19:51:15,438 - INFO -   mAP@0.5: 0.8948
2025-12-16 19:51:15,438 - INFO -   mAP@0.5:0.95: 0.6810
2025-12-16 19:51:15,438 - INFO - Epoch 57:
2025-12-16 19:51:15,438 - INFO -   训练损失: 4.38 | 验证损失: 4.67
2025-12-16 19:51:15,438 - INFO -   mAP@0.5: 0.8887
2025-12-16 19:51:15,438 - INFO -   mAP@0.5:0.95: 0.6857
2025-12-16 19:51:15,438 - INFO - Epoch 58:
2025-12-16 19:51:15,438 - INFO -   训练损失: 4.38 | 验证损失: 4.65
2025-12-16 19:51:15,438 - INFO -   mAP@0.5: 0.8957
2025-12-16 19:51:15,438 - INFO -   mAP@0.5:0.95: 0.6922
2025-12-16 19:51:15,438 - INFO - Epoch 59:
2025-12-16 19:51:15,438 - INFO -   训练损失: 4.37 | 验证损失: 4.69
2025-12-16 19:51:15,438 - INFO -   mAP@0.5: 0.8924
2025-12-16 19:51:15,438 - INFO -   mAP@0.5:0.95: 0.6873
2025-12-16 19:51:15,438 - INFO - Epoch 60:
2025-12-16 19:51:15,438 - INFO -   训练损失: 4.37 | 验证损失: 4.67
2025-12-16 19:51:15,439 - INFO -   mAP@0.5: 0.8941
2025-12-16 19:51:15,439 - INFO -   mAP@0.5:0.95: 0.6911
2025-12-16 19:51:15,439 - INFO - Epoch 61:
2025-12-16 19:51:15,439 - INFO -   训练损失: 4.37 | 验证损失: 4.67
2025-12-16 19:51:15,439 - INFO -   mAP@0.5: 0.8977
2025-12-16 19:51:15,439 - INFO -   mAP@0.5:0.95: 0.6929
2025-12-16 19:51:15,439 - INFO - Epoch 62:
2025-12-16 19:51:15,439 - INFO -   训练损失: 4.36 | 验证损失: 4.67
2025-12-16 19:51:15,439 - INFO -   mAP@0.5: 0.9015
2025-12-16 19:51:15,439 - INFO -   mAP@0.5:0.95: 0.6965
2025-12-16 19:51:15,439 - INFO - Epoch 63:
2025-12-16 19:51:15,439 - INFO -   训练损失: 4.36 | 验证损失: 4.64
2025-12-16 19:51:15,439 - INFO -   mAP@0.5: 0.9037
2025-12-16 19:51:15,439 - INFO -   mAP@0.5:0.95: 0.6975
2025-12-16 19:51:15,439 - INFO - Epoch 64:
2025-12-16 19:51:15,439 - INFO -   训练损失: 4.35 | 验证损失: 4.67
2025-12-16 19:51:15,439 - INFO -   mAP@0.5: 0.9000
2025-12-16 19:51:15,439 - INFO -   mAP@0.5:0.95: 0.6942
2025-12-16 19:51:15,439 - INFO - Epoch 65:
2025-12-16 19:51:15,439 - INFO -   训练损失: 4.35 | 验证损失: 4.67
2025-12-16 19:51:15,439 - INFO -   mAP@0.5: 0.8982
2025-12-16 19:51:15,439 - INFO -   mAP@0.5:0.95: 0.6946
2025-12-16 19:51:15,439 - INFO - Epoch 66:
2025-12-16 19:51:15,439 - INFO -   训练损失: 4.34 | 验证损失: 4.71
2025-12-16 19:51:15,439 - INFO -   mAP@0.5: 0.8974
2025-12-16 19:51:15,439 - INFO -   mAP@0.5:0.95: 0.6896
2025-12-16 19:51:15,439 - INFO - Epoch 67:
2025-12-16 19:51:15,439 - INFO -   训练损失: 4.33 | 验证损失: 4.68
2025-12-16 19:51:15,439 - INFO -   mAP@0.5: 0.9002
2025-12-16 19:51:15,440 - INFO -   mAP@0.5:0.95: 0.6933
2025-12-16 19:51:15,440 - INFO - Epoch 68:
2025-12-16 19:51:15,440 - INFO -   训练损失: 4.34 | 验证损失: 4.64
2025-12-16 19:51:15,440 - INFO -   mAP@0.5: 0.9003
2025-12-16 19:51:15,440 - INFO -   mAP@0.5:0.95: 0.6994
2025-12-16 19:51:15,440 - INFO - Epoch 69:
2025-12-16 19:51:15,440 - INFO -   训练损失: 4.33 | 验证损失: 4.62
2025-12-16 19:51:15,440 - INFO -   mAP@0.5: 0.9063
2025-12-16 19:51:15,440 - INFO -   mAP@0.5:0.95: 0.7040
2025-12-16 19:51:15,440 - INFO - Epoch 70:
2025-12-16 19:51:15,440 - INFO -   训练损失: 4.33 | 验证损失: 4.62
2025-12-16 19:51:15,440 - INFO -   mAP@0.5: 0.9051
2025-12-16 19:51:15,440 - INFO -   mAP@0.5:0.95: 0.7038
2025-12-16 19:51:15,440 - INFO - Epoch 71:
2025-12-16 19:51:15,440 - INFO -   训练损失: 4.31 | 验证损失: 4.67
2025-12-16 19:51:15,440 - INFO -   mAP@0.5: 0.8927
2025-12-16 19:51:15,440 - INFO -   mAP@0.5:0.95: 0.6898
2025-12-16 19:51:15,440 - INFO - Epoch 72:
2025-12-16 19:51:15,440 - INFO -   训练损失: 4.30 | 验证损失: 4.70
2025-12-16 19:51:15,440 - INFO -   mAP@0.5: 0.8811
2025-12-16 19:51:15,440 - INFO -   mAP@0.5:0.95: 0.6776
2025-12-16 19:51:15,440 - INFO - Epoch 73:
2025-12-16 19:51:15,440 - INFO -   训练损失: 4.31 | 验证损失: 4.63
2025-12-16 19:51:15,440 - INFO -   mAP@0.5: 0.8980
2025-12-16 19:51:15,440 - INFO -   mAP@0.5:0.95: 0.6962
2025-12-16 19:51:15,440 - INFO - Epoch 74:
2025-12-16 19:51:15,440 - INFO -   训练损失: 4.30 | 验证损失: 4.63
2025-12-16 19:51:15,440 - INFO -   mAP@0.5: 0.8986
2025-12-16 19:51:15,440 - INFO -   mAP@0.5:0.95: 0.6970
2025-12-16 19:51:15,441 - INFO - Epoch 75:
2025-12-16 19:51:15,441 - INFO -   训练损失: 4.29 | 验证损失: 4.71
2025-12-16 19:51:15,441 - INFO -   mAP@0.5: 0.8947
2025-12-16 19:51:15,441 - INFO -   mAP@0.5:0.95: 0.6866
2025-12-16 19:51:15,441 - INFO - Epoch 76:
2025-12-16 19:51:15,441 - INFO -   训练损失: 4.29 | 验证损失: 4.67
2025-12-16 19:51:15,441 - INFO -   mAP@0.5: 0.8950
2025-12-16 19:51:15,441 - INFO -   mAP@0.5:0.95: 0.6892
2025-12-16 19:51:15,441 - INFO - Epoch 77:
2025-12-16 19:51:15,441 - INFO -   训练损失: 4.29 | 验证损失: 4.71
2025-12-16 19:51:15,441 - INFO -   mAP@0.5: 0.8901
2025-12-16 19:51:15,441 - INFO -   mAP@0.5:0.95: 0.6857
2025-12-16 19:51:15,441 - INFO - Epoch 78:
2025-12-16 19:51:15,441 - INFO -   训练损失: 4.28 | 验证损失: 4.69
2025-12-16 19:51:15,441 - INFO -   mAP@0.5: 0.8882
2025-12-16 19:51:15,441 - INFO -   mAP@0.5:0.95: 0.6868
2025-12-16 19:51:15,441 - INFO - Epoch 79:
2025-12-16 19:51:15,441 - INFO -   训练损失: 4.27 | 验证损失: 4.66
2025-12-16 19:51:15,441 - INFO -   mAP@0.5: 0.9016
2025-12-16 19:51:15,441 - INFO -   mAP@0.5:0.95: 0.6974
2025-12-16 19:51:15,441 - INFO - Epoch 80:
2025-12-16 19:51:15,441 - INFO -   训练损失: 4.27 | 验证损失: 4.64
2025-12-16 19:51:15,441 - INFO -   mAP@0.5: 0.8998
2025-12-16 19:51:15,441 - INFO -   mAP@0.5:0.95: 0.6986
2025-12-16 19:51:15,441 - INFO - Epoch 81:
2025-12-16 19:51:15,441 - INFO -   训练损失: 4.27 | 验证损失: 4.64
2025-12-16 19:51:15,441 - INFO -   mAP@0.5: 0.9028
2025-12-16 19:51:15,441 - INFO -   mAP@0.5:0.95: 0.7004
2025-12-16 19:51:15,442 - INFO - Epoch 82:
2025-12-16 19:51:15,442 - INFO -   训练损失: 4.26 | 验证损失: 4.65
2025-12-16 19:51:15,442 - INFO -   mAP@0.5: 0.8982
2025-12-16 19:51:15,442 - INFO -   mAP@0.5:0.95: 0.6957
2025-12-16 19:51:15,442 - INFO - Epoch 83:
2025-12-16 19:51:15,442 - INFO -   训练损失: 4.25 | 验证损失: 4.66
2025-12-16 19:51:15,442 - INFO -   mAP@0.5: 0.8936
2025-12-16 19:51:15,442 - INFO -   mAP@0.5:0.95: 0.6913
2025-12-16 19:51:15,442 - INFO - Epoch 84:
2025-12-16 19:51:15,442 - INFO -   训练损失: 4.24 | 验证损失: 4.66
2025-12-16 19:51:15,442 - INFO -   mAP@0.5: 0.8995
2025-12-16 19:51:15,442 - INFO -   mAP@0.5:0.95: 0.6952
2025-12-16 19:51:15,442 - INFO - Epoch 85:
2025-12-16 19:51:15,442 - INFO -   训练损失: 4.24 | 验证损失: 4.66
2025-12-16 19:51:15,442 - INFO -   mAP@0.5: 0.9001
2025-12-16 19:51:15,442 - INFO -   mAP@0.5:0.95: 0.6962
2025-12-16 19:51:15,442 - INFO - Epoch 86:
2025-12-16 19:51:15,442 - INFO -   训练损失: 4.23 | 验证损失: 4.66
2025-12-16 19:51:15,442 - INFO -   mAP@0.5: 0.8995
2025-12-16 19:51:15,442 - INFO -   mAP@0.5:0.95: 0.6966
2025-12-16 19:51:15,442 - INFO - Epoch 87:
2025-12-16 19:51:15,442 - INFO -   训练损失: 4.23 | 验证损失: 4.68
2025-12-16 19:51:15,442 - INFO -   mAP@0.5: 0.9000
2025-12-16 19:51:15,442 - INFO -   mAP@0.5:0.95: 0.6939
2025-12-16 19:51:15,442 - INFO - Epoch 88:
2025-12-16 19:51:15,442 - INFO -   训练损失: 4.22 | 验证损失: 4.69
2025-12-16 19:51:15,442 - INFO -   mAP@0.5: 0.8965
2025-12-16 19:51:15,442 - INFO -   mAP@0.5:0.95: 0.6919
2025-12-16 19:51:15,442 - INFO - Epoch 89:
2025-12-16 19:51:15,442 - INFO -   训练损失: 4.21 | 验证损失: 4.69
2025-12-16 19:51:15,443 - INFO -   mAP@0.5: 0.8973
2025-12-16 19:51:15,443 - INFO -   mAP@0.5:0.95: 0.6932
2025-12-16 19:51:15,443 - INFO - ================================================================================
2025-12-16 19:51:15,927 - INFO - ✓ 训练曲线已保存到: logs/yolo_v10s_20251216_175635/training_curves.png
2025-12-16 19:51:15,936 - INFO - ✓ 已创建统一命名的最佳模型: logs/yolo_v10s_20251216_175635/best_model.pth
2025-12-16 19:51:15,946 - INFO - ✓ 已创建统一命名的最新检查点: logs/yolo_v10s_20251216_175635/latest_checkpoint.pth
2025-12-16 19:51:15,947 - INFO - ✓ 已创建统一命名的训练历史: logs/yolo_v10s_20251216_175635/training_history.csv
2025-12-16 19:51:15,947 - INFO - ✓ 最佳模型: logs/yolo_v10s_20251216_175635/best_model.pth
2025-12-16 19:51:15,947 - INFO - ✓ 最佳mAP@0.5:0.95: 0.7040
2025-12-16 19:51:15,947 - INFO - ✓ 最佳mAP@0.5: 0.9063
2025-12-16 19:51:15,947 - INFO - ✓ 所有输出已保存到: logs/yolo_v10s_20251216_175635
2025-12-16 19:51:15,947 - INFO - ================================================================================
