2025-11-22 11:23:38,969 - INFO - 从本地文件加载预训练权重: pretrained/rtdetrv2_r18vd_120e_coco_rerun_48.1.pth
2025-11-22 11:23:39,029 - INFO - ✓ 检测到EMA checkpoint格式
2025-11-22 11:23:39,038 - INFO - ✓ 成功加载预训练权重: 480/529 个参数
2025-11-22 11:23:39,039 - INFO -   - 跳过类别相关参数: 9 个（COCO 80类 → DAIR-V2X 8类）
2025-11-22 11:23:39,039 - INFO -   - Backbone: 138 个参数
2025-11-22 11:23:39,039 - INFO -   - Encoder: 270 个参数
2025-11-22 11:23:39,039 - INFO -   - Decoder: 121 个参数
2025-11-22 11:23:39,039 - INFO -   - 预训练模型缺少参数: 49 个（当前模型新增）
2025-11-22 11:23:39,039 - INFO -     示例: ['encoder.token_pruners.0.importance_predictor.fc1.weight', 'encoder.token_pruners.0.importance_predictor.fc1.bias', 'encoder.token_pruners.0.importance_predictor.fc2.weight'] ...
2025-11-22 11:23:39,039 - INFO -   - 模型新增参数: 18 个（将随机初始化）
2025-11-22 11:23:39,224 - INFO - ✓ 已启用GPU优化: cudnn.benchmark=True, TF32=True
2025-11-22 11:23:39,224 - INFO - ✓ 创建DSET RT-DETR模型
2025-11-22 11:23:39,224 - INFO -   Decoder专家数量: 2
2025-11-22 11:23:39,224 - INFO -   Backbone: presnet18
2025-11-22 11:23:39,224 - INFO -   Encoder: in_channels=[128, 256, 512], expansion=0.5, num_layers=1
2025-11-22 11:23:39,224 - INFO -   Encoder MoE设计: 层间共享
2025-11-22 11:23:39,224 - INFO -   双稀疏配置（DSET核心特性，必然启用）:
2025-11-22 11:23:39,224 - INFO -     - Patch-MoE: 启用 (experts=2, top_k=1, patch_size=4)
2025-11-22 11:23:39,224 - INFO -     - Patch-level Pruning: 启用（与 Patch-MoE 兼容）
2025-11-22 11:23:39,224 - INFO -       → keep_ratio=0.6, warmup=10
2025-11-22 11:23:39,224 - INFO -   损失权重配置:
2025-11-22 11:23:39,224 - INFO -     - Token Pruning Loss: True (weight=0.01)
2025-11-22 11:23:39,224 - INFO -     - Decoder MoE: 0.1
2025-11-22 11:23:39,224 - INFO -     - Encoder MoE: 0.1
2025-11-22 11:23:41,205 - INFO - ✓ 创建数据加载器
2025-11-22 11:23:41,205 - INFO -   训练集: 5042 | 验证集: 2016
2025-11-22 11:23:41,210 - INFO - ✓ 预训练参数组: 145 个参数, lr=1e-05
2025-11-22 11:23:41,213 - INFO - ✓ Norm层参数组: 116 个参数, lr=0.0001, wd=0
2025-11-22 11:23:41,216 - INFO - ✓ 新参数组: 40 个参数, lr=0.0001
2025-11-22 11:23:41,218 - INFO - ✓ 使用CosineAnnealingLR调度器 (eta_min=1e-06)
2025-11-22 11:23:41,218 - INFO - ✓ 学习率预热 5 epochs
2025-11-22 11:23:41,311 - INFO - ⏱️  Early Stopping: 启用 (patience=35, metric=mAP_0.5_0.95, mode=max)
2025-11-22 11:23:41,311 - INFO - 推理输出目录: logs/dset2_r18_20251122_112338/inference_samples
2025-11-22 11:23:41,311 - INFO - 开始训练 200 epochs
2025-11-22 11:23:41,311 - INFO - ✓ 梯度裁剪: max_norm=10.0
2025-11-22 11:24:02,696 - INFO - Epoch 0 | Batch 0 | Loss: 27.83 (Det: 27.71, MoE: 1.2557)
2025-11-22 11:25:06,010 - INFO - Epoch 0 | Batch 50 | Loss: 17.94 (Det: 17.84, MoE: 1.0021)
2025-11-22 11:26:07,386 - INFO - Epoch 0:
2025-11-22 11:26:07,387 - INFO -   训练损失: 20.21 | 验证损失: 2.61
2025-11-22 11:26:07,387 - INFO -   (前30个epoch仅计算loss，跳过mAP评估)
2025-11-22 11:26:07,387 - INFO -   检测损失: 20.11
2025-11-22 11:26:07,387 - INFO -   Decoder MoE损失: 1.0009
2025-11-22 11:26:07,387 - INFO -   Encoder Patch-MoE Balance损失: 0.0407
2025-11-22 11:26:07,387 - INFO -   Encoder Patch-MoE Entropy损失: -0.6924
2025-11-22 11:26:07,387 - INFO -   Encoder MoE总损失: -0.6518
2025-11-22 11:26:07,387 - INFO -   Token Pruning损失: 0.004782
2025-11-22 11:26:07,387 - INFO -   MoE总损失: 1.0416
2025-11-22 11:26:07,387 - INFO -   Decoder专家使用率: [49.81%, 50.19%]
2025-11-22 11:26:07,387 - INFO -   🎉 新的最佳验证损失: 2.61
2025-11-22 11:26:08,018 - INFO - 💾 保存最新检查点: logs/dset2_r18_20251122_112338/latest_checkpoint.pth
2025-11-22 11:26:18,037 - INFO - Epoch 1 | Batch 0 | Loss: 16.18 (Det: 16.08, MoE: 1.0188)
2025-11-22 11:27:21,440 - INFO - Epoch 1 | Batch 50 | Loss: 14.78 (Det: 14.68, MoE: 1.0051)
2025-11-22 11:28:11,749 - INFO - Epoch 1:
2025-11-22 11:28:11,749 - INFO -   训练损失: 15.37 | 验证损失: 2.23
2025-11-22 11:28:11,749 - INFO -   (前30个epoch仅计算loss，跳过mAP评估)
2025-11-22 11:28:11,749 - INFO -   检测损失: 15.27
2025-11-22 11:28:11,749 - INFO -   Decoder MoE损失: 1.0001
2025-11-22 11:28:11,749 - INFO -   Encoder Patch-MoE Balance损失: 0.0042
2025-11-22 11:28:11,749 - INFO -   Encoder Patch-MoE Entropy损失: -0.6930
2025-11-22 11:28:11,749 - INFO -   Encoder MoE总损失: -0.6889
2025-11-22 11:28:11,749 - INFO -   Token Pruning损失: 0.001708
2025-11-22 11:28:11,749 - INFO -   MoE总损失: 1.0043
2025-11-22 11:28:11,749 - INFO -   Decoder专家使用率: [50.06%, 49.94%]
2025-11-22 11:28:11,749 - INFO -   🎉 新的最佳验证损失: 2.23
2025-11-22 11:28:12,289 - INFO - 💾 保存最新检查点: logs/dset2_r18_20251122_112338/latest_checkpoint.pth
2025-11-22 11:28:21,597 - INFO - Epoch 2 | Batch 0 | Loss: 14.29 (Det: 14.19, MoE: 1.0013)
2025-11-22 11:29:24,646 - INFO - Epoch 2 | Batch 50 | Loss: 14.06 (Det: 13.96, MoE: 1.0109)
2025-11-22 11:30:14,167 - INFO - Epoch 2:
2025-11-22 11:30:14,167 - INFO -   训练损失: 13.94 | 验证损失: 2.19
2025-11-22 11:30:14,167 - INFO -   (前30个epoch仅计算loss，跳过mAP评估)
2025-11-22 11:30:14,167 - INFO -   检测损失: 13.84
2025-11-22 11:30:14,167 - INFO -   Decoder MoE损失: 1.0001
2025-11-22 11:30:14,168 - INFO -   Encoder Patch-MoE Balance损失: 0.0076
2025-11-22 11:30:14,168 - INFO -   Encoder Patch-MoE Entropy损失: -0.6931
2025-11-22 11:30:14,168 - INFO -   Encoder MoE总损失: -0.6854
2025-11-22 11:30:14,168 - INFO -   Token Pruning损失: 0.001435
2025-11-22 11:30:14,168 - INFO -   MoE总损失: 1.0077
2025-11-22 11:30:14,168 - INFO -   Decoder专家使用率: [50.02%, 49.98%]
2025-11-22 11:30:14,168 - INFO -   🎉 新的最佳验证损失: 2.19
2025-11-22 11:30:14,678 - INFO - 💾 保存最新检查点: logs/dset2_r18_20251122_112338/latest_checkpoint.pth
2025-11-22 11:30:22,675 - INFO - Epoch 3 | Batch 0 | Loss: 12.81 (Det: 12.71, MoE: 1.0320)
2025-11-22 11:31:25,667 - INFO - Epoch 3 | Batch 50 | Loss: 11.77 (Det: 11.67, MoE: 1.0260)
2025-11-22 11:32:16,733 - INFO - Epoch 3:
2025-11-22 11:32:16,733 - INFO -   训练损失: 12.16 | 验证损失: 1.92
2025-11-22 11:32:16,733 - INFO -   (前30个epoch仅计算loss，跳过mAP评估)
2025-11-22 11:32:16,733 - INFO -   检测损失: 12.06
2025-11-22 11:32:16,733 - INFO -   Decoder MoE损失: 1.0002
2025-11-22 11:32:16,733 - INFO -   Encoder Patch-MoE Balance损失: 0.0159
2025-11-22 11:32:16,733 - INFO -   Encoder Patch-MoE Entropy损失: -0.6931
2025-11-22 11:32:16,733 - INFO -   Encoder MoE总损失: -0.6772
2025-11-22 11:32:16,733 - INFO -   Token Pruning损失: 0.001118
2025-11-22 11:32:16,733 - INFO -   MoE总损失: 1.0161
2025-11-22 11:32:16,733 - INFO -   Decoder专家使用率: [49.99%, 50.01%]
2025-11-22 11:32:16,733 - INFO -   🎉 新的最佳验证损失: 1.92
2025-11-22 11:32:17,258 - INFO - 💾 保存最新检查点: logs/dset2_r18_20251122_112338/latest_checkpoint.pth
2025-11-22 11:32:27,091 - INFO - Epoch 4 | Batch 0 | Loss: 11.37 (Det: 11.27, MoE: 1.0342)
2025-11-22 11:33:31,245 - INFO - Epoch 4 | Batch 50 | Loss: 10.89 (Det: 10.79, MoE: 1.0050)
2025-11-22 11:34:22,288 - INFO - Epoch 4:
2025-11-22 11:34:22,288 - INFO -   训练损失: 11.03 | 验证损失: 1.78
2025-11-22 11:34:22,288 - INFO -   (前30个epoch仅计算loss，跳过mAP评估)
2025-11-22 11:34:22,288 - INFO -   检测损失: 10.93
2025-11-22 11:34:22,288 - INFO -   Decoder MoE损失: 1.0003
2025-11-22 11:34:22,288 - INFO -   Encoder Patch-MoE Balance损失: 0.0133
2025-11-22 11:34:22,288 - INFO -   Encoder Patch-MoE Entropy损失: -0.6931
2025-11-22 11:34:22,288 - INFO -   Encoder MoE总损失: -0.6798
2025-11-22 11:34:22,288 - INFO -   Token Pruning损失: 0.000899
2025-11-22 11:34:22,288 - INFO -   MoE总损失: 1.0136
2025-11-22 11:34:22,288 - INFO -   Decoder专家使用率: [50.01%, 49.99%]
2025-11-22 11:34:22,288 - INFO -   🎉 新的最佳验证损失: 1.78
2025-11-22 11:34:22,945 - INFO - 💾 保存最新检查点: logs/dset2_r18_20251122_112338/latest_checkpoint.pth
2025-11-22 11:34:32,039 - INFO - Epoch 5 | Batch 0 | Loss: 10.80 (Det: 10.70, MoE: 1.0047)
2025-11-22 11:35:35,575 - INFO - Epoch 5 | Batch 50 | Loss: 10.41 (Det: 10.31, MoE: 1.0004)
2025-11-22 11:36:26,068 - INFO - Epoch 5:
2025-11-22 11:36:26,068 - INFO -   训练损失: 10.36 | 验证损失: 1.62
2025-11-22 11:36:26,069 - INFO -   (前30个epoch仅计算loss，跳过mAP评估)
2025-11-22 11:36:26,069 - INFO -   检测损失: 10.26
2025-11-22 11:36:26,069 - INFO -   Decoder MoE损失: 1.0001
2025-11-22 11:36:26,069 - INFO -   Encoder Patch-MoE Balance损失: 0.0052
2025-11-22 11:36:26,069 - INFO -   Encoder Patch-MoE Entropy损失: -0.6931
2025-11-22 11:36:26,069 - INFO -   Encoder MoE总损失: -0.6879
2025-11-22 11:36:26,069 - INFO -   Token Pruning损失: 0.000786
2025-11-22 11:36:26,069 - INFO -   MoE总损失: 1.0053
2025-11-22 11:36:26,069 - INFO -   Decoder专家使用率: [50.08%, 49.92%]
2025-11-22 11:36:26,069 - INFO -   🎉 新的最佳验证损失: 1.62
2025-11-22 11:36:26,512 - INFO - 💾 保存最新检查点: logs/dset2_r18_20251122_112338/latest_checkpoint.pth
2025-11-22 11:36:36,348 - INFO - Epoch 6 | Batch 0 | Loss: 10.02 (Det: 9.92, MoE: 1.0014)
2025-11-22 11:37:40,047 - INFO - Epoch 6 | Batch 50 | Loss: 9.74 (Det: 9.64, MoE: 1.0002)
2025-11-22 11:38:30,430 - INFO - Epoch 6:
2025-11-22 11:38:30,430 - INFO -   训练损失: 9.86 | 验证损失: 1.55
2025-11-22 11:38:30,431 - INFO -   (前30个epoch仅计算loss，跳过mAP评估)
2025-11-22 11:38:30,431 - INFO -   检测损失: 9.77
2025-11-22 11:38:30,431 - INFO -   Decoder MoE损失: 1.0001
2025-11-22 11:38:30,431 - INFO -   Encoder Patch-MoE Balance损失: 0.0068
2025-11-22 11:38:30,431 - INFO -   Encoder Patch-MoE Entropy损失: -0.6931
2025-11-22 11:38:30,431 - INFO -   Encoder MoE总损失: -0.6863
2025-11-22 11:38:30,431 - INFO -   Token Pruning损失: 0.000695
2025-11-22 11:38:30,431 - INFO -   MoE总损失: 1.0069
2025-11-22 11:38:30,431 - INFO -   Decoder专家使用率: [50.03%, 49.97%]
2025-11-22 11:38:30,431 - INFO -   🎉 新的最佳验证损失: 1.55
2025-11-22 11:38:30,942 - INFO - 💾 保存最新检查点: logs/dset2_r18_20251122_112338/latest_checkpoint.pth
2025-11-22 11:38:40,842 - INFO - Epoch 7 | Batch 0 | Loss: 9.53 (Det: 9.44, MoE: 1.0008)
2025-11-22 11:39:44,622 - INFO - Epoch 7 | Batch 50 | Loss: 9.28 (Det: 9.18, MoE: 1.0207)
2025-11-22 11:40:35,055 - INFO - Epoch 7:
2025-11-22 11:40:35,055 - INFO -   训练损失: 9.45 | 验证损失: 1.46
2025-11-22 11:40:35,056 - INFO -   (前30个epoch仅计算loss，跳过mAP评估)
2025-11-22 11:40:35,056 - INFO -   检测损失: 9.35
2025-11-22 11:40:35,056 - INFO -   Decoder MoE损失: 1.0001
2025-11-22 11:40:35,056 - INFO -   Encoder Patch-MoE Balance损失: 0.0083
2025-11-22 11:40:35,056 - INFO -   Encoder Patch-MoE Entropy损失: -0.6931
2025-11-22 11:40:35,056 - INFO -   Encoder MoE总损失: -0.6848
2025-11-22 11:40:35,056 - INFO -   Token Pruning损失: 0.000623
2025-11-22 11:40:35,056 - INFO -   MoE总损失: 1.0085
2025-11-22 11:40:35,056 - INFO -   Decoder专家使用率: [49.92%, 50.08%]
2025-11-22 11:40:35,056 - INFO -   🎉 新的最佳验证损失: 1.46
2025-11-22 11:40:35,656 - INFO - 💾 保存最新检查点: logs/dset2_r18_20251122_112338/latest_checkpoint.pth
2025-11-22 11:40:43,602 - INFO - Epoch 8 | Batch 0 | Loss: 9.05 (Det: 8.95, MoE: 1.0161)
2025-11-22 11:41:47,549 - INFO - Epoch 8 | Batch 50 | Loss: 9.07 (Det: 8.97, MoE: 1.0242)
2025-11-22 11:42:37,763 - INFO - Epoch 8:
2025-11-22 11:42:37,763 - INFO -   训练损失: 9.09 | 验证损失: 1.40
2025-11-22 11:42:37,763 - INFO -   (前30个epoch仅计算loss，跳过mAP评估)
2025-11-22 11:42:37,763 - INFO -   检测损失: 9.00
2025-11-22 11:42:37,763 - INFO -   Decoder MoE损失: 1.0001
2025-11-22 11:42:37,763 - INFO -   Encoder Patch-MoE Balance损失: 0.0122
2025-11-22 11:42:37,763 - INFO -   Encoder Patch-MoE Entropy损失: -0.6931
2025-11-22 11:42:37,763 - INFO -   Encoder MoE总损失: -0.6809
2025-11-22 11:42:37,763 - INFO -   Token Pruning损失: 0.000562
2025-11-22 11:42:37,763 - INFO -   MoE总损失: 1.0124
2025-11-22 11:42:37,763 - INFO -   Decoder专家使用率: [50.13%, 49.87%]
2025-11-22 11:42:37,763 - INFO -   🎉 新的最佳验证损失: 1.40
2025-11-22 11:42:38,344 - INFO - 💾 保存最新检查点: logs/dset2_r18_20251122_112338/latest_checkpoint.pth
2025-11-22 11:42:46,727 - INFO - Epoch 9 | Batch 0 | Loss: 8.99 (Det: 8.89, MoE: 1.0168)
2025-11-22 11:43:50,045 - INFO - Epoch 9 | Batch 50 | Loss: 8.81 (Det: 8.71, MoE: 1.0013)
2025-11-22 11:44:39,408 - INFO - Epoch 9:
2025-11-22 11:44:39,408 - INFO -   训练损失: 8.79 | 验证损失: 1.33
2025-11-22 11:44:39,408 - INFO -   (前30个epoch仅计算loss，跳过mAP评估)
2025-11-22 11:44:39,408 - INFO -   检测损失: 8.69
2025-11-22 11:44:39,408 - INFO -   Decoder MoE损失: 1.0001
2025-11-22 11:44:39,408 - INFO -   Encoder Patch-MoE Balance损失: 0.0099
2025-11-22 11:44:39,408 - INFO -   Encoder Patch-MoE Entropy损失: -0.6931
2025-11-22 11:44:39,408 - INFO -   Encoder MoE总损失: -0.6832
2025-11-22 11:44:39,408 - INFO -   Token Pruning损失: 0.000517
2025-11-22 11:44:39,408 - INFO -   MoE总损失: 1.0100
2025-11-22 11:44:39,408 - INFO -   Decoder专家使用率: [49.90%, 50.10%]
2025-11-22 11:44:39,408 - INFO -   🎉 新的最佳验证损失: 1.33
2025-11-22 11:44:39,911 - INFO - 💾 保存最新检查点: logs/dset2_r18_20251122_112338/latest_checkpoint.pth
2025-11-22 11:44:42,130 - INFO - [DEBUG] Epoch 10: pruner.current_epoch=10, pruner.pruning_enabled=True, pruner.warmup_epochs=10
2025-11-22 11:44:46,936 - INFO - Epoch 10 | Batch 0 | Loss: 9.35 (Det: 9.25, MoE: 1.0136)
2025-11-22 11:45:53,221 - INFO - Epoch 10 | Batch 50 | Loss: 8.28 (Det: 8.18, MoE: 1.0019)
2025-11-22 11:46:43,654 - INFO - Epoch 10:
2025-11-22 11:46:43,655 - INFO -   训练损失: 8.60 | 验证损失: 1.29
2025-11-22 11:46:43,655 - INFO -   (前30个epoch仅计算loss，跳过mAP评估)
2025-11-22 11:46:43,655 - INFO -   检测损失: 8.50
2025-11-22 11:46:43,655 - INFO -   Decoder MoE损失: 1.0001
2025-11-22 11:46:43,655 - INFO -   Encoder Patch-MoE Balance损失: 0.0081
2025-11-22 11:46:43,655 - INFO -   Encoder Patch-MoE Entropy损失: -0.6931
2025-11-22 11:46:43,655 - INFO -   Encoder MoE总损失: -0.6850
2025-11-22 11:46:43,655 - INFO -   Token Pruning损失: 0.000502
2025-11-22 11:46:43,655 - INFO -   MoE总损失: 1.0082
2025-11-22 11:46:43,655 - INFO -   Decoder专家使用率: [49.99%, 50.01%]
2025-11-22 11:46:43,655 - INFO -   🎉 新的最佳验证损失: 1.29
2025-11-22 11:46:44,191 - INFO - 💾 保存最新检查点: logs/dset2_r18_20251122_112338/latest_checkpoint.pth
2025-11-22 11:46:52,963 - INFO - Epoch 11 | Batch 0 | Loss: 8.50 (Det: 8.40, MoE: 1.0109)
2025-11-22 11:47:58,809 - INFO - Epoch 11 | Batch 50 | Loss: 8.18 (Det: 8.09, MoE: 1.0012)
2025-11-22 11:48:49,714 - INFO - Epoch 11:
2025-11-22 11:48:49,714 - INFO -   训练损失: 8.31 | 验证损失: 1.23
2025-11-22 11:48:49,714 - INFO -   (前30个epoch仅计算loss，跳过mAP评估)
2025-11-22 11:48:49,714 - INFO -   检测损失: 8.21
2025-11-22 11:48:49,714 - INFO -   Decoder MoE损失: 1.0001
2025-11-22 11:48:49,714 - INFO -   Encoder Patch-MoE Balance损失: 0.0036
2025-11-22 11:48:49,714 - INFO -   Encoder Patch-MoE Entropy损失: -0.6931
2025-11-22 11:48:49,714 - INFO -   Encoder MoE总损失: -0.6896
2025-11-22 11:48:49,715 - INFO -   Token Pruning损失: 0.000452
2025-11-22 11:48:49,715 - INFO -   MoE总损失: 1.0036
2025-11-22 11:48:49,715 - INFO -   Decoder专家使用率: [49.95%, 50.05%]
2025-11-22 11:48:49,715 - INFO -   🎉 新的最佳验证损失: 1.23
2025-11-22 11:48:50,300 - INFO - 💾 保存最新检查点: logs/dset2_r18_20251122_112338/latest_checkpoint.pth
2025-11-22 11:48:59,553 - INFO - Epoch 12 | Batch 0 | Loss: 8.37 (Det: 8.27, MoE: 1.0008)
2025-11-22 11:50:05,875 - INFO - Epoch 12 | Batch 50 | Loss: 8.48 (Det: 8.39, MoE: 1.0012)
2025-11-22 11:50:57,830 - INFO - Epoch 12:
2025-11-22 11:50:57,831 - INFO -   训练损失: 8.09 | 验证损失: 1.18
2025-11-22 11:50:57,831 - INFO -   (前30个epoch仅计算loss，跳过mAP评估)
2025-11-22 11:50:57,831 - INFO -   检测损失: 7.99
2025-11-22 11:50:57,831 - INFO -   Decoder MoE损失: 1.0001
2025-11-22 11:50:57,831 - INFO -   Encoder Patch-MoE Balance损失: 0.0057
2025-11-22 11:50:57,831 - INFO -   Encoder Patch-MoE Entropy损失: -0.6931
2025-11-22 11:50:57,831 - INFO -   Encoder MoE总损失: -0.6874
2025-11-22 11:50:57,831 - INFO -   Token Pruning损失: 0.000404
2025-11-22 11:50:57,831 - INFO -   MoE总损失: 1.0058
2025-11-22 11:50:57,831 - INFO -   Decoder专家使用率: [49.95%, 50.05%]
2025-11-22 11:50:57,831 - INFO -   🎉 新的最佳验证损失: 1.18
2025-11-22 11:50:58,476 - INFO - 💾 保存最新检查点: logs/dset2_r18_20251122_112338/latest_checkpoint.pth
2025-11-22 11:51:08,223 - INFO - Epoch 13 | Batch 0 | Loss: 7.98 (Det: 7.88, MoE: 1.0014)
2025-11-22 11:52:13,973 - INFO - Epoch 13 | Batch 50 | Loss: 7.92 (Det: 7.83, MoE: 1.0125)
2025-11-22 11:53:05,064 - INFO - Epoch 13:
2025-11-22 11:53:05,065 - INFO -   训练损失: 7.88 | 验证损失: 1.16
2025-11-22 11:53:05,065 - INFO -   (前30个epoch仅计算loss，跳过mAP评估)
2025-11-22 11:53:05,065 - INFO -   检测损失: 7.79
2025-11-22 11:53:05,065 - INFO -   Decoder MoE损失: 1.0001
2025-11-22 11:53:05,065 - INFO -   Encoder Patch-MoE Balance损失: 0.0110
2025-11-22 11:53:05,065 - INFO -   Encoder Patch-MoE Entropy损失: -0.6931
2025-11-22 11:53:05,065 - INFO -   Encoder MoE总损失: -0.6821
2025-11-22 11:53:05,065 - INFO -   Token Pruning损失: 0.000354
2025-11-22 11:53:05,065 - INFO -   MoE总损失: 1.0111
2025-11-22 11:53:05,065 - INFO -   Decoder专家使用率: [50.05%, 49.95%]
2025-11-22 11:53:05,065 - INFO -   🎉 新的最佳验证损失: 1.16
2025-11-22 11:53:05,645 - INFO - 💾 保存最新检查点: logs/dset2_r18_20251122_112338/latest_checkpoint.pth
2025-11-22 11:53:12,384 - INFO - Epoch 14 | Batch 0 | Loss: 8.81 (Det: 8.72, MoE: 1.0007)
2025-11-22 11:54:13,169 - INFO - Epoch 14 | Batch 50 | Loss: 7.88 (Det: 7.78, MoE: 1.0094)
2025-11-22 11:55:01,779 - INFO - Epoch 14:
2025-11-22 11:55:01,779 - INFO -   训练损失: 7.86 | 验证损失: 1.20
2025-11-22 11:55:01,780 - INFO -   (前30个epoch仅计算loss，跳过mAP评估)
2025-11-22 11:55:01,780 - INFO -   检测损失: 7.76
2025-11-22 11:55:01,780 - INFO -   Decoder MoE损失: 1.0002
2025-11-22 11:55:01,780 - INFO -   Encoder Patch-MoE Balance损失: 0.0155
2025-11-22 11:55:01,780 - INFO -   Encoder Patch-MoE Entropy损失: -0.6931
2025-11-22 11:55:01,780 - INFO -   Encoder MoE总损失: -0.6776
2025-11-22 11:55:01,780 - INFO -   Token Pruning损失: 0.000419
2025-11-22 11:55:01,780 - INFO -   MoE总损失: 1.0157
2025-11-22 11:55:01,780 - INFO -   Decoder专家使用率: [49.85%, 50.15%]
2025-11-22 11:55:02,371 - INFO - 💾 保存最新检查点: logs/dset2_r18_20251122_112338/latest_checkpoint.pth
2025-11-22 11:55:04,813 - INFO - [DEBUG] Epoch 15: pruner.current_epoch=15, pruner.pruning_enabled=True, pruner.warmup_epochs=10
2025-11-22 11:55:11,132 - INFO - Epoch 15 | Batch 0 | Loss: 7.51 (Det: 7.41, MoE: 1.0015)
2025-11-22 11:56:10,256 - INFO - Epoch 15 | Batch 50 | Loss: 7.72 (Det: 7.62, MoE: 1.0080)
2025-11-22 11:56:59,367 - INFO - Epoch 15:
2025-11-22 11:56:59,367 - INFO -   训练损失: 7.62 | 验证损失: 1.14
2025-11-22 11:56:59,367 - INFO -   (前30个epoch仅计算loss，跳过mAP评估)
2025-11-22 11:56:59,367 - INFO -   检测损失: 7.52
2025-11-22 11:56:59,367 - INFO -   Decoder MoE损失: 1.0001
2025-11-22 11:56:59,367 - INFO -   Encoder Patch-MoE Balance损失: 0.0037
2025-11-22 11:56:59,367 - INFO -   Encoder Patch-MoE Entropy损失: -0.6931
2025-11-22 11:56:59,367 - INFO -   Encoder MoE总损失: -0.6894
2025-11-22 11:56:59,367 - INFO -   Token Pruning损失: 0.000328
2025-11-22 11:56:59,367 - INFO -   MoE总损失: 1.0038
2025-11-22 11:56:59,367 - INFO -   Decoder专家使用率: [50.00%, 50.00%]
2025-11-22 11:56:59,367 - INFO -   🎉 新的最佳验证损失: 1.14
2025-11-22 11:56:59,941 - INFO - 💾 保存最新检查点: logs/dset2_r18_20251122_112338/latest_checkpoint.pth
2025-11-22 11:57:06,540 - INFO - Epoch 16 | Batch 0 | Loss: 7.56 (Det: 7.47, MoE: 1.0099)
2025-11-22 11:58:06,965 - INFO - Epoch 16 | Batch 50 | Loss: 7.43 (Det: 7.33, MoE: 1.0009)
2025-11-22 11:58:54,750 - INFO - Epoch 16:
2025-11-22 11:58:54,750 - INFO -   训练损失: 7.43 | 验证损失: 1.11
2025-11-22 11:58:54,750 - INFO -   (前30个epoch仅计算loss，跳过mAP评估)
2025-11-22 11:58:54,750 - INFO -   检测损失: 7.34
2025-11-22 11:58:54,750 - INFO -   Decoder MoE损失: 1.0001
2025-11-22 11:58:54,750 - INFO -   Encoder Patch-MoE Balance损失: 0.0069
2025-11-22 11:58:54,750 - INFO -   Encoder Patch-MoE Entropy损失: -0.6931
2025-11-22 11:58:54,750 - INFO -   Encoder MoE总损失: -0.6863
2025-11-22 11:58:54,750 - INFO -   Token Pruning损失: 0.000296
2025-11-22 11:58:54,750 - INFO -   MoE总损失: 1.0069
2025-11-22 11:58:54,750 - INFO -   Decoder专家使用率: [50.01%, 49.99%]
2025-11-22 11:58:54,750 - INFO -   🎉 新的最佳验证损失: 1.11
2025-11-22 11:58:55,351 - INFO - 💾 保存最新检查点: logs/dset2_r18_20251122_112338/latest_checkpoint.pth
2025-11-22 11:59:05,105 - INFO - Epoch 17 | Batch 0 | Loss: 7.48 (Det: 7.38, MoE: 1.0157)
2025-11-22 12:00:04,235 - INFO - Epoch 17 | Batch 50 | Loss: 7.21 (Det: 7.11, MoE: 1.0364)
2025-11-22 12:00:50,564 - INFO - Epoch 17:
2025-11-22 12:00:50,564 - INFO -   训练损失: 7.33 | 验证损失: 1.10
2025-11-22 12:00:50,564 - INFO -   (前30个epoch仅计算loss，跳过mAP评估)
2025-11-22 12:00:50,564 - INFO -   检测损失: 7.23
2025-11-22 12:00:50,564 - INFO -   Decoder MoE损失: 1.0002
2025-11-22 12:00:50,564 - INFO -   Encoder Patch-MoE Balance损失: 0.0073
2025-11-22 12:00:50,565 - INFO -   Encoder Patch-MoE Entropy损失: -0.6931
2025-11-22 12:00:50,565 - INFO -   Encoder MoE总损失: -0.6859
2025-11-22 12:00:50,565 - INFO -   Token Pruning损失: 0.000275
2025-11-22 12:00:50,565 - INFO -   MoE总损失: 1.0074
2025-11-22 12:00:50,565 - INFO -   Decoder专家使用率: [49.94%, 50.06%]
2025-11-22 12:00:50,565 - INFO -   🎉 新的最佳验证损失: 1.10
2025-11-22 12:00:51,126 - INFO - 💾 保存最新检查点: logs/dset2_r18_20251122_112338/latest_checkpoint.pth
2025-11-22 12:01:00,128 - INFO - Epoch 18 | Batch 0 | Loss: 7.13 (Det: 7.03, MoE: 1.0032)
2025-11-22 12:01:59,146 - INFO - Epoch 18 | Batch 50 | Loss: 7.20 (Det: 7.10, MoE: 1.0028)
2025-11-22 12:02:47,336 - INFO - Epoch 18:
2025-11-22 12:02:47,336 - INFO -   训练损失: 7.24 | 验证损失: 1.09
2025-11-22 12:02:47,336 - INFO -   (前30个epoch仅计算loss，跳过mAP评估)
2025-11-22 12:02:47,336 - INFO -   检测损失: 7.15
2025-11-22 12:02:47,336 - INFO -   Decoder MoE损失: 1.0002
2025-11-22 12:02:47,336 - INFO -   Encoder Patch-MoE Balance损失: 0.0057
2025-11-22 12:02:47,336 - INFO -   Encoder Patch-MoE Entropy损失: -0.6931
2025-11-22 12:02:47,336 - INFO -   Encoder MoE总损失: -0.6875
2025-11-22 12:02:47,336 - INFO -   Token Pruning损失: 0.000248
2025-11-22 12:02:47,336 - INFO -   MoE总损失: 1.0058
2025-11-22 12:02:47,336 - INFO -   Decoder专家使用率: [49.99%, 50.01%]
2025-11-22 12:02:47,336 - INFO -   🎉 新的最佳验证损失: 1.09
2025-11-22 12:02:47,921 - INFO - 💾 保存最新检查点: logs/dset2_r18_20251122_112338/latest_checkpoint.pth
2025-11-22 12:02:57,404 - INFO - Epoch 19 | Batch 0 | Loss: 7.32 (Det: 7.22, MoE: 1.0010)
2025-11-22 12:03:56,930 - INFO - Epoch 19 | Batch 50 | Loss: 7.12 (Det: 7.03, MoE: 1.0076)
2025-11-22 12:04:43,617 - INFO - Epoch 19:
2025-11-22 12:04:43,618 - INFO -   训练损失: 7.17 | 验证损失: 1.09
2025-11-22 12:04:43,618 - INFO -   (前30个epoch仅计算loss，跳过mAP评估)
2025-11-22 12:04:43,618 - INFO -   检测损失: 7.08
2025-11-22 12:04:43,618 - INFO -   Decoder MoE损失: 1.0001
2025-11-22 12:04:43,618 - INFO -   Encoder Patch-MoE Balance损失: 0.0094
2025-11-22 12:04:43,618 - INFO -   Encoder Patch-MoE Entropy损失: -0.6931
2025-11-22 12:04:43,618 - INFO -   Encoder MoE总损失: -0.6837
2025-11-22 12:04:43,618 - INFO -   Token Pruning损失: 0.000226
2025-11-22 12:04:43,618 - INFO -   MoE总损失: 1.0095
2025-11-22 12:04:43,618 - INFO -   Decoder专家使用率: [49.98%, 50.02%]
2025-11-22 12:04:43,618 - INFO -   🎉 新的最佳验证损失: 1.09
2025-11-22 12:04:44,144 - INFO - 💾 保存最新检查点: logs/dset2_r18_20251122_112338/latest_checkpoint.pth
2025-11-22 12:04:46,598 - INFO - [DEBUG] Epoch 20: pruner.current_epoch=20, pruner.pruning_enabled=True, pruner.warmup_epochs=10
2025-11-22 12:04:53,528 - INFO - Epoch 20 | Batch 0 | Loss: 7.24 (Det: 7.14, MoE: 1.0022)
2025-11-22 12:05:52,062 - INFO - Epoch 20 | Batch 50 | Loss: 6.95 (Det: 6.85, MoE: 1.0003)
2025-11-22 12:06:40,241 - INFO - Epoch 20:
2025-11-22 12:06:40,242 - INFO -   训练损失: 7.12 | 验证损失: 1.07
2025-11-22 12:06:40,242 - INFO -   (前30个epoch仅计算loss，跳过mAP评估)
2025-11-22 12:06:40,242 - INFO -   检测损失: 7.02
2025-11-22 12:06:40,242 - INFO -   Decoder MoE损失: 1.0001
2025-11-22 12:06:40,242 - INFO -   Encoder Patch-MoE Balance损失: 0.0042
2025-11-22 12:06:40,242 - INFO -   Encoder Patch-MoE Entropy损失: -0.6931
2025-11-22 12:06:40,242 - INFO -   Encoder MoE总损失: -0.6889
2025-11-22 12:06:40,242 - INFO -   Token Pruning损失: 0.000208
2025-11-22 12:06:40,242 - INFO -   MoE总损失: 1.0043
2025-11-22 12:06:40,242 - INFO -   Decoder专家使用率: [49.97%, 50.03%]
2025-11-22 12:06:40,242 - INFO -   🎉 新的最佳验证损失: 1.07
2025-11-22 12:06:40,883 - INFO - 💾 保存最新检查点: logs/dset2_r18_20251122_112338/latest_checkpoint.pth
2025-11-22 12:06:50,129 - INFO - Epoch 21 | Batch 0 | Loss: 7.05 (Det: 6.95, MoE: 1.0119)
2025-11-22 12:07:48,959 - INFO - Epoch 21 | Batch 50 | Loss: 6.79 (Det: 6.69, MoE: 1.0059)
2025-11-22 12:08:36,472 - INFO - Epoch 21:
2025-11-22 12:08:36,472 - INFO -   训练损失: 7.08 | 验证损失: 1.06
2025-11-22 12:08:36,472 - INFO -   (前30个epoch仅计算loss，跳过mAP评估)
2025-11-22 12:08:36,472 - INFO -   🎉 新的最佳验证损失: 1.06
2025-11-22 12:08:37,035 - INFO - 💾 保存最新检查点: logs/dset2_r18_20251122_112338/latest_checkpoint.pth
2025-11-22 12:08:46,443 - INFO - Epoch 22 | Batch 0 | Loss: 6.92 (Det: 6.82, MoE: 1.0006)
2025-11-22 12:09:46,037 - INFO - Epoch 22 | Batch 50 | Loss: 7.08 (Det: 6.98, MoE: 1.0000)
2025-11-22 12:10:34,805 - INFO - Epoch 22:
2025-11-22 12:10:34,806 - INFO -   训练损失: 7.06 | 验证损失: 1.06
2025-11-22 12:10:34,806 - INFO -   (前30个epoch仅计算loss，跳过mAP评估)
2025-11-22 12:10:35,457 - INFO - 💾 保存最新检查点: logs/dset2_r18_20251122_112338/latest_checkpoint.pth
2025-11-22 12:10:45,161 - INFO - Epoch 23 | Batch 0 | Loss: 7.03 (Det: 6.94, MoE: 1.0018)
2025-11-22 12:11:43,801 - INFO - Epoch 23 | Batch 50 | Loss: 6.85 (Det: 6.75, MoE: 1.0322)
2025-11-22 12:12:30,606 - INFO - Epoch 23:
2025-11-22 12:12:30,606 - INFO -   训练损失: 6.96 | 验证损失: 1.05
2025-11-22 12:12:30,606 - INFO -   (前30个epoch仅计算loss，跳过mAP评估)
2025-11-22 12:12:30,606 - INFO -   🎉 新的最佳验证损失: 1.05
2025-11-22 12:12:31,244 - INFO - 💾 保存最新检查点: logs/dset2_r18_20251122_112338/latest_checkpoint.pth
2025-11-22 12:12:40,503 - INFO - Epoch 24 | Batch 0 | Loss: 7.03 (Det: 6.93, MoE: 1.0026)
2025-11-22 12:13:38,835 - INFO - Epoch 24 | Batch 50 | Loss: 6.78 (Det: 6.69, MoE: 1.0053)
2025-11-22 12:14:25,300 - INFO - Epoch 24:
2025-11-22 12:14:25,301 - INFO -   训练损失: 6.92 | 验证损失: 1.02
2025-11-22 12:14:25,301 - INFO -   (前30个epoch仅计算loss，跳过mAP评估)
2025-11-22 12:14:25,301 - INFO -   🎉 新的最佳验证损失: 1.02
2025-11-22 12:14:25,833 - INFO - 💾 保存最新检查点: logs/dset2_r18_20251122_112338/latest_checkpoint.pth
2025-11-22 12:14:28,219 - INFO - [DEBUG] Epoch 25: pruner.current_epoch=25, pruner.pruning_enabled=True, pruner.warmup_epochs=10
2025-11-22 12:14:33,052 - INFO - Epoch 25 | Batch 0 | Loss: 6.87 (Det: 6.77, MoE: 1.0002)
2025-11-22 12:15:32,374 - INFO - Epoch 25 | Batch 50 | Loss: 6.86 (Det: 6.76, MoE: 1.0010)
2025-11-22 12:16:19,794 - INFO - Epoch 25:
2025-11-22 12:16:19,794 - INFO -   训练损失: 6.86 | 验证损失: 1.02
2025-11-22 12:16:19,794 - INFO -   (前30个epoch仅计算loss，跳过mAP评估)
2025-11-22 12:16:19,794 - INFO -   检测损失: 6.77
2025-11-22 12:16:19,794 - INFO -   Decoder MoE损失: 1.0003
2025-11-22 12:16:19,794 - INFO -   Encoder Patch-MoE Balance损失: 0.0056
2025-11-22 12:16:19,794 - INFO -   Encoder Patch-MoE Entropy损失: -0.6931
2025-11-22 12:16:19,794 - INFO -   Encoder MoE总损失: -0.6875
2025-11-22 12:16:19,794 - INFO -   Token Pruning损失: 0.000171
2025-11-22 12:16:19,794 - INFO -   MoE总损失: 1.0059
2025-11-22 12:16:19,794 - INFO -   Decoder专家使用率: [50.07%, 49.93%]
2025-11-22 12:16:20,386 - INFO - 💾 保存最新检查点: logs/dset2_r18_20251122_112338/latest_checkpoint.pth
2025-11-22 12:16:29,360 - INFO - Epoch 26 | Batch 0 | Loss: 6.80 (Det: 6.70, MoE: 1.0173)
2025-11-22 12:17:27,330 - INFO - Epoch 26 | Batch 50 | Loss: 6.55 (Det: 6.45, MoE: 1.0012)
2025-11-22 12:18:13,858 - INFO - Epoch 26:
2025-11-22 12:18:13,858 - INFO -   训练损失: 6.74 | 验证损失: 1.01
2025-11-22 12:18:13,858 - INFO -   (前30个epoch仅计算loss，跳过mAP评估)
2025-11-22 12:18:13,858 - INFO -   🎉 新的最佳验证损失: 1.01
2025-11-22 12:18:14,465 - INFO - 💾 保存最新检查点: logs/dset2_r18_20251122_112338/latest_checkpoint.pth
2025-11-22 12:18:24,521 - INFO - Epoch 27 | Batch 0 | Loss: 6.62 (Det: 6.52, MoE: 1.0005)
2025-11-22 12:19:23,537 - INFO - Epoch 27 | Batch 50 | Loss: 6.87 (Det: 6.77, MoE: 1.0415)
2025-11-22 12:20:11,925 - INFO - Epoch 27:
2025-11-22 12:20:11,925 - INFO -   训练损失: 6.68 | 验证损失: 1.00
2025-11-22 12:20:11,925 - INFO -   (前30个epoch仅计算loss，跳过mAP评估)
2025-11-22 12:20:11,925 - INFO -   🎉 新的最佳验证损失: 1.00
2025-11-22 12:20:12,583 - INFO - 💾 保存最新检查点: logs/dset2_r18_20251122_112338/latest_checkpoint.pth
2025-11-22 12:20:20,568 - INFO - Epoch 28 | Batch 0 | Loss: 6.75 (Det: 6.65, MoE: 1.0001)
2025-11-22 12:21:18,681 - INFO - Epoch 28 | Batch 50 | Loss: 6.54 (Det: 6.45, MoE: 1.0005)
2025-11-22 12:22:06,252 - INFO - Epoch 28:
2025-11-22 12:22:06,253 - INFO -   训练损失: 6.62 | 验证损失: 1.00
2025-11-22 12:22:06,253 - INFO -   (前30个epoch仅计算loss，跳过mAP评估)
2025-11-22 12:22:06,779 - INFO - 💾 保存最新检查点: logs/dset2_r18_20251122_112338/latest_checkpoint.pth
2025-11-22 12:22:17,031 - INFO - Epoch 29 | Batch 0 | Loss: 6.58 (Det: 6.49, MoE: 1.0005)
2025-11-22 12:23:14,447 - INFO - Epoch 29 | Batch 50 | Loss: 6.45 (Det: 6.35, MoE: 1.0778)
2025-11-22 12:24:01,953 - INFO - Epoch 29:
2025-11-22 12:24:01,953 - INFO -   训练损失: 6.58 | 验证损失: 1.01
2025-11-22 12:24:01,953 - INFO -   (前30个epoch仅计算loss，跳过mAP评估)
2025-11-22 12:24:02,627 - INFO - 💾 保存最新检查点: logs/dset2_r18_20251122_112338/latest_checkpoint.pth
2025-11-22 12:24:04,975 - INFO - [DEBUG] Epoch 30: pruner.current_epoch=30, pruner.pruning_enabled=True, pruner.warmup_epochs=10
2025-11-22 12:24:12,416 - INFO - Epoch 30 | Batch 0 | Loss: 6.76 (Det: 6.66, MoE: 1.0282)
2025-11-22 12:25:10,115 - INFO - Epoch 30 | Batch 50 | Loss: 6.52 (Det: 6.42, MoE: 1.0568)
2025-11-22 12:26:37,270 - INFO - Epoch 30:
2025-11-22 12:26:37,271 - INFO -   训练损失: 6.55 | 验证损失: 0.98
2025-11-22 12:26:37,272 - INFO -   预测/目标: 201600/93434
2025-11-22 12:26:37,273 - INFO -   检测损失: 6.45
2025-11-22 12:26:37,273 - INFO -   Decoder MoE损失: 1.0001
2025-11-22 12:26:37,273 - INFO -   Encoder Patch-MoE Balance损失: 0.0128
2025-11-22 12:26:37,273 - INFO -   Encoder Patch-MoE Entropy损失: -0.6931
2025-11-22 12:26:37,273 - INFO -   Encoder MoE总损失: -0.6804
2025-11-22 12:26:37,273 - INFO -   Token Pruning损失: 0.000129
2025-11-22 12:26:37,273 - INFO -   MoE总损失: 1.0128
2025-11-22 12:26:37,273 - INFO -   Decoder专家使用率: [50.00%, 50.00%]
2025-11-22 12:26:37,273 - INFO -   🎉 新的最佳验证损失: 0.98
2025-11-22 12:26:37,273 - INFO -   🎉 新的最佳mAP: 0.4512
2025-11-22 12:26:37,792 - INFO - 💾 保存最佳模型: logs/dset2_r18_20251122_112338/best_model.pth
2025-11-22 12:27:29,513 - INFO -   每个类别的 mAP@0.5:0.95:
2025-11-22 12:27:29,513 - INFO -     Car         : 0.7134
2025-11-22 12:27:29,513 - INFO -     Truck       : 0.4315
2025-11-22 12:27:29,513 - INFO -     Van         : 0.3503
2025-11-22 12:27:29,513 - INFO -     Bus         : 0.3971
2025-11-22 12:27:29,514 - INFO -     Pedestrian  : 0.3284
2025-11-22 12:27:29,514 - INFO -     Cyclist     : 0.4580
2025-11-22 12:27:29,514 - INFO -     Motorcyclist: 0.3213
2025-11-22 12:27:29,514 - INFO -     Trafficcone : 0.6097
2025-11-22 12:27:29,675 - INFO -   mAP_0.5_0.95 提升到 0.4512 (最佳epoch: 30)
2025-11-22 12:27:30,224 - INFO - 💾 保存最新检查点: logs/dset2_r18_20251122_112338/latest_checkpoint.pth
2025-11-22 12:27:39,885 - INFO - Epoch 31 | Batch 0 | Loss: 6.48 (Det: 6.38, MoE: 1.0021)
2025-11-22 12:28:37,814 - INFO - Epoch 31 | Batch 50 | Loss: 6.53 (Det: 6.43, MoE: 1.0372)
2025-11-22 12:30:03,475 - INFO - Epoch 31:
2025-11-22 12:30:03,476 - INFO -   训练损失: 6.47 | 验证损失: 0.97
2025-11-22 12:30:03,477 - INFO -   预测/目标: 201600/93434
2025-11-22 12:30:03,477 - INFO -   🎉 新的最佳验证损失: 0.97
2025-11-22 12:30:03,477 - INFO -   🎉 新的最佳mAP: 0.4554
2025-11-22 12:30:04,027 - INFO - 💾 保存最佳模型: logs/dset2_r18_20251122_112338/best_model.pth
2025-11-22 12:30:55,769 - INFO -   每个类别的 mAP@0.5:0.95:
2025-11-22 12:30:55,769 - INFO -     Car         : 0.7140
2025-11-22 12:30:55,769 - INFO -     Truck       : 0.4350
2025-11-22 12:30:55,769 - INFO -     Van         : 0.3526
2025-11-22 12:30:55,769 - INFO -     Bus         : 0.4163
2025-11-22 12:30:55,769 - INFO -     Pedestrian  : 0.3271
2025-11-22 12:30:55,769 - INFO -     Cyclist     : 0.4627
2025-11-22 12:30:55,769 - INFO -     Motorcyclist: 0.3266
2025-11-22 12:30:55,769 - INFO -     Trafficcone : 0.6090
2025-11-22 12:30:55,979 - INFO -   mAP_0.5_0.95 提升到 0.4554 (最佳epoch: 31)
2025-11-22 12:30:56,560 - INFO - 💾 保存最新检查点: logs/dset2_r18_20251122_112338/latest_checkpoint.pth
2025-11-22 12:31:05,631 - INFO - Epoch 32 | Batch 0 | Loss: 6.28 (Det: 6.19, MoE: 1.0257)
2025-11-22 12:32:02,583 - INFO - Epoch 32 | Batch 50 | Loss: 6.56 (Det: 6.46, MoE: 1.0009)
2025-11-22 12:33:29,267 - INFO - Epoch 32:
2025-11-22 12:33:29,268 - INFO -   训练损失: 6.45 | 验证损失: 0.97
2025-11-22 12:33:29,268 - INFO -   预测/目标: 201600/93434
2025-11-22 12:33:29,269 - INFO -   🎉 新的最佳验证损失: 0.97
2025-11-22 12:33:29,269 - INFO -   🎉 新的最佳mAP: 0.4629
2025-11-22 12:33:29,825 - INFO - 💾 保存最佳模型: logs/dset2_r18_20251122_112338/best_model.pth
2025-11-22 12:34:21,913 - INFO -   每个类别的 mAP@0.5:0.95:
2025-11-22 12:34:21,914 - INFO -     Car         : 0.7190
2025-11-22 12:34:21,914 - INFO -     Truck       : 0.4349
2025-11-22 12:34:21,914 - INFO -     Van         : 0.3632
2025-11-22 12:34:21,914 - INFO -     Bus         : 0.4275
2025-11-22 12:34:21,914 - INFO -     Pedestrian  : 0.3366
2025-11-22 12:34:21,914 - INFO -     Cyclist     : 0.4696
2025-11-22 12:34:21,914 - INFO -     Motorcyclist: 0.3397
2025-11-22 12:34:21,914 - INFO -     Trafficcone : 0.6128
2025-11-22 12:34:22,081 - INFO -   mAP_0.5_0.95 提升到 0.4629 (最佳epoch: 32)
2025-11-22 12:34:22,606 - INFO - 💾 保存最新检查点: logs/dset2_r18_20251122_112338/latest_checkpoint.pth
2025-11-22 12:34:30,101 - INFO - Epoch 33 | Batch 0 | Loss: 6.46 (Det: 6.37, MoE: 1.0099)
2025-11-22 12:35:28,481 - INFO - Epoch 33 | Batch 50 | Loss: 6.27 (Det: 6.17, MoE: 1.0463)
2025-11-22 12:36:56,590 - INFO - Epoch 33:
2025-11-22 12:36:56,591 - INFO -   训练损失: 6.36 | 验证损失: 0.97
2025-11-22 12:36:56,593 - INFO -   预测/目标: 201600/93434
2025-11-22 12:36:56,594 - INFO -   🎉 新的最佳验证损失: 0.97
2025-11-22 12:36:56,594 - INFO -   🎉 新的最佳mAP: 0.4690
2025-11-22 12:36:57,189 - INFO - 💾 保存最佳模型: logs/dset2_r18_20251122_112338/best_model.pth
2025-11-22 12:37:50,921 - INFO -   每个类别的 mAP@0.5:0.95:
2025-11-22 12:37:50,921 - INFO -     Car         : 0.7186
2025-11-22 12:37:50,921 - INFO -     Truck       : 0.4269
2025-11-22 12:37:50,921 - INFO -     Van         : 0.3773
2025-11-22 12:37:50,921 - INFO -     Bus         : 0.4461
2025-11-22 12:37:50,921 - INFO -     Pedestrian  : 0.3432
2025-11-22 12:37:50,921 - INFO -     Cyclist     : 0.4767
2025-11-22 12:37:50,921 - INFO -     Motorcyclist: 0.3488
2025-11-22 12:37:50,921 - INFO -     Trafficcone : 0.6141
2025-11-22 12:37:51,171 - INFO -   mAP_0.5_0.95 提升到 0.4690 (最佳epoch: 33)
2025-11-22 12:37:51,729 - INFO - 💾 保存最新检查点: logs/dset2_r18_20251122_112338/latest_checkpoint.pth
2025-11-22 12:38:00,871 - INFO - Epoch 34 | Batch 0 | Loss: 6.28 (Det: 6.18, MoE: 1.0032)
2025-11-22 12:39:00,420 - INFO - Epoch 34 | Batch 50 | Loss: 6.23 (Det: 6.13, MoE: 1.0003)
2025-11-22 12:40:29,459 - INFO - Epoch 34:
2025-11-22 12:40:29,460 - INFO -   训练损失: 6.32 | 验证损失: 0.97
2025-11-22 12:40:29,461 - INFO -   预测/目标: 201600/93434
2025-11-22 12:40:29,462 - INFO -   ⏳ mAP_0.5_0.95 无改善 (1/35), 最佳值: 0.4690 (epoch 33)
2025-11-22 12:40:30,062 - INFO - 💾 保存最新检查点: logs/dset2_r18_20251122_112338/latest_checkpoint.pth
2025-11-22 12:40:32,531 - INFO - [DEBUG] Epoch 35: pruner.current_epoch=35, pruner.pruning_enabled=True, pruner.warmup_epochs=10
2025-11-22 12:40:39,108 - INFO - Epoch 35 | Batch 0 | Loss: 6.27 (Det: 6.17, MoE: 1.0001)
2025-11-22 12:41:37,923 - INFO - Epoch 35 | Batch 50 | Loss: 6.14 (Det: 6.05, MoE: 1.0028)
2025-11-22 12:43:05,693 - INFO - Epoch 35:
2025-11-22 12:43:05,694 - INFO -   训练损失: 6.27 | 验证损失: 0.96
2025-11-22 12:43:05,695 - INFO -   预测/目标: 201600/93434
2025-11-22 12:43:05,695 - INFO -   检测损失: 6.17
2025-11-22 12:43:05,695 - INFO -   Decoder MoE损失: 1.0001
2025-11-22 12:43:05,695 - INFO -   Encoder Patch-MoE Balance损失: 0.0112
2025-11-22 12:43:05,695 - INFO -   Encoder Patch-MoE Entropy损失: -0.6931
2025-11-22 12:43:05,695 - INFO -   Encoder MoE总损失: -0.6819
2025-11-22 12:43:05,695 - INFO -   Token Pruning损失: 0.000102
2025-11-22 12:43:05,695 - INFO -   MoE总损失: 1.0113
2025-11-22 12:43:05,695 - INFO -   Decoder专家使用率: [49.99%, 50.01%]
2025-11-22 12:43:05,695 - INFO -   🎉 新的最佳验证损失: 0.96
2025-11-22 12:43:05,696 - INFO -   🎉 新的最佳mAP: 0.4770
2025-11-22 12:43:06,267 - INFO - 💾 保存最佳模型: logs/dset2_r18_20251122_112338/best_model.pth
2025-11-22 12:43:58,250 - INFO -   每个类别的 mAP@0.5:0.95:
2025-11-22 12:43:58,250 - INFO -     Car         : 0.7199
2025-11-22 12:43:58,250 - INFO -     Truck       : 0.4340
2025-11-22 12:43:58,250 - INFO -     Van         : 0.3851
2025-11-22 12:43:58,250 - INFO -     Bus         : 0.4548
2025-11-22 12:43:58,250 - INFO -     Pedestrian  : 0.3453
2025-11-22 12:43:58,250 - INFO -     Cyclist     : 0.4897
2025-11-22 12:43:58,250 - INFO -     Motorcyclist: 0.3699
2025-11-22 12:43:58,250 - INFO -     Trafficcone : 0.6176
2025-11-22 12:43:58,399 - INFO -   mAP_0.5_0.95 提升到 0.4770 (最佳epoch: 35)
2025-11-22 12:43:59,005 - INFO - 💾 保存最新检查点: logs/dset2_r18_20251122_112338/latest_checkpoint.pth
2025-11-22 12:44:06,701 - INFO - Epoch 36 | Batch 0 | Loss: 6.39 (Det: 6.29, MoE: 1.0026)
2025-11-22 12:45:05,769 - INFO - Epoch 36 | Batch 50 | Loss: 6.33 (Det: 6.23, MoE: 1.0197)
2025-11-22 12:46:34,296 - INFO - Epoch 36:
2025-11-22 12:46:34,297 - INFO -   训练损失: 6.26 | 验证损失: 0.96
2025-11-22 12:46:34,298 - INFO -   预测/目标: 201600/93434
2025-11-22 12:46:34,298 - INFO -   🎉 新的最佳验证损失: 0.96
2025-11-22 12:46:34,298 - INFO -   🎉 新的最佳mAP: 0.4808
2025-11-22 12:46:34,873 - INFO - 💾 保存最佳模型: logs/dset2_r18_20251122_112338/best_model.pth
2025-11-22 12:47:27,383 - INFO -   每个类别的 mAP@0.5:0.95:
2025-11-22 12:47:27,383 - INFO -     Car         : 0.7150
2025-11-22 12:47:27,383 - INFO -     Truck       : 0.4305
2025-11-22 12:47:27,383 - INFO -     Van         : 0.3984
2025-11-22 12:47:27,383 - INFO -     Bus         : 0.4589
2025-11-22 12:47:27,383 - INFO -     Pedestrian  : 0.3543
2025-11-22 12:47:27,383 - INFO -     Cyclist     : 0.4942
2025-11-22 12:47:27,383 - INFO -     Motorcyclist: 0.3772
2025-11-22 12:47:27,384 - INFO -     Trafficcone : 0.6177
2025-11-22 12:47:27,566 - INFO -   mAP_0.5_0.95 提升到 0.4808 (最佳epoch: 36)
2025-11-22 12:47:28,098 - INFO - 💾 保存最新检查点: logs/dset2_r18_20251122_112338/latest_checkpoint.pth
2025-11-22 12:47:36,923 - INFO - Epoch 37 | Batch 0 | Loss: 6.29 (Det: 6.20, MoE: 1.0001)
2025-11-22 12:48:36,061 - INFO - Epoch 37 | Batch 50 | Loss: 6.15 (Det: 6.05, MoE: 1.0435)
2025-11-22 12:50:03,115 - INFO - Epoch 37:
2025-11-22 12:50:03,115 - INFO -   训练损失: 6.23 | 验证损失: 0.94
2025-11-22 12:50:03,115 - INFO -   预测/目标: 201600/93434
2025-11-22 12:50:03,116 - INFO -   🎉 新的最佳验证损失: 0.94
2025-11-22 12:50:03,117 - INFO -   🎉 新的最佳mAP: 0.4857
2025-11-22 12:50:03,668 - INFO - 💾 保存最佳模型: logs/dset2_r18_20251122_112338/best_model.pth
2025-11-22 12:50:56,198 - INFO -   每个类别的 mAP@0.5:0.95:
2025-11-22 12:50:56,198 - INFO -     Car         : 0.7286
2025-11-22 12:50:56,198 - INFO -     Truck       : 0.4375
2025-11-22 12:50:56,198 - INFO -     Van         : 0.3923
2025-11-22 12:50:56,199 - INFO -     Bus         : 0.4698
2025-11-22 12:50:56,199 - INFO -     Pedestrian  : 0.3570
2025-11-22 12:50:56,199 - INFO -     Cyclist     : 0.5068
2025-11-22 12:50:56,199 - INFO -     Motorcyclist: 0.3770
2025-11-22 12:50:56,199 - INFO -     Trafficcone : 0.6162
2025-11-22 12:50:56,400 - INFO -   mAP_0.5_0.95 提升到 0.4857 (最佳epoch: 37)
2025-11-22 12:50:57,004 - INFO - 💾 保存最新检查点: logs/dset2_r18_20251122_112338/latest_checkpoint.pth
2025-11-22 12:51:05,312 - INFO - Epoch 38 | Batch 0 | Loss: 6.13 (Det: 6.03, MoE: 1.0007)
2025-11-22 12:52:04,668 - INFO - Epoch 38 | Batch 50 | Loss: 6.24 (Det: 6.14, MoE: 1.0158)
2025-11-22 12:53:32,007 - INFO - Epoch 38:
2025-11-22 12:53:32,007 - INFO -   训练损失: 6.19 | 验证损失: 0.95
2025-11-22 12:53:32,008 - INFO -   预测/目标: 201600/93434
2025-11-22 12:53:32,009 - INFO -   🎉 新的最佳mAP: 0.4899
2025-11-22 12:53:32,555 - INFO - 💾 保存最佳模型: logs/dset2_r18_20251122_112338/best_model.pth
2025-11-22 12:54:25,131 - INFO -   每个类别的 mAP@0.5:0.95:
2025-11-22 12:54:25,132 - INFO -     Car         : 0.7323
2025-11-22 12:54:25,132 - INFO -     Truck       : 0.4390
2025-11-22 12:54:25,132 - INFO -     Van         : 0.4170
2025-11-22 12:54:25,132 - INFO -     Bus         : 0.4675
2025-11-22 12:54:25,132 - INFO -     Pedestrian  : 0.3599
2025-11-22 12:54:25,132 - INFO -     Cyclist     : 0.5050
2025-11-22 12:54:25,132 - INFO -     Motorcyclist: 0.3803
2025-11-22 12:54:25,132 - INFO -     Trafficcone : 0.6180
2025-11-22 12:54:25,280 - INFO -   mAP_0.5_0.95 提升到 0.4899 (最佳epoch: 38)
2025-11-22 12:54:25,834 - INFO - 💾 保存最新检查点: logs/dset2_r18_20251122_112338/latest_checkpoint.pth
2025-11-22 12:54:35,116 - INFO - Epoch 39 | Batch 0 | Loss: 6.18 (Det: 6.08, MoE: 1.0001)
2025-11-22 12:55:34,363 - INFO - Epoch 39 | Batch 50 | Loss: 6.16 (Det: 6.07, MoE: 1.0018)
2025-11-22 12:57:01,834 - INFO - Epoch 39:
2025-11-22 12:57:01,835 - INFO -   训练损失: 6.15 | 验证损失: 0.95
2025-11-22 12:57:01,836 - INFO -   预测/目标: 201600/93434
2025-11-22 12:57:01,836 - INFO -   🎉 新的最佳mAP: 0.4929
2025-11-22 12:57:02,677 - INFO - 💾 保存最佳模型: logs/dset2_r18_20251122_112338/best_model.pth
2025-11-22 12:57:55,053 - INFO -   每个类别的 mAP@0.5:0.95:
2025-11-22 12:57:55,054 - INFO -     Car         : 0.7245
2025-11-22 12:57:55,054 - INFO -     Truck       : 0.4405
2025-11-22 12:57:55,054 - INFO -     Van         : 0.4119
2025-11-22 12:57:55,054 - INFO -     Bus         : 0.4785
2025-11-22 12:57:55,054 - INFO -     Pedestrian  : 0.3624
2025-11-22 12:57:55,054 - INFO -     Cyclist     : 0.5150
2025-11-22 12:57:55,054 - INFO -     Motorcyclist: 0.3924
2025-11-22 12:57:55,054 - INFO -     Trafficcone : 0.6184
2025-11-22 12:57:55,256 - INFO -   mAP_0.5_0.95 提升到 0.4929 (最佳epoch: 39)
2025-11-22 12:57:55,845 - INFO - 💾 保存最新检查点: logs/dset2_r18_20251122_112338/latest_checkpoint.pth
2025-11-22 12:57:58,349 - INFO - [DEBUG] Epoch 40: pruner.current_epoch=40, pruner.pruning_enabled=True, pruner.warmup_epochs=10
2025-11-22 12:58:05,668 - INFO - Epoch 40 | Batch 0 | Loss: 6.08 (Det: 5.98, MoE: 1.0003)
2025-11-22 12:59:04,632 - INFO - Epoch 40 | Batch 50 | Loss: 6.06 (Det: 5.96, MoE: 1.0003)
2025-11-22 13:00:32,619 - INFO - Epoch 40:
2025-11-22 13:00:32,619 - INFO -   训练损失: 6.13 | 验证损失: 0.94
2025-11-22 13:00:32,620 - INFO -   预测/目标: 201600/93434
2025-11-22 13:00:32,621 - INFO -   检测损失: 6.03
2025-11-22 13:00:32,621 - INFO -   Decoder MoE损失: 1.0001
2025-11-22 13:00:32,621 - INFO -   Encoder Patch-MoE Balance损失: 0.0043
2025-11-22 13:00:32,621 - INFO -   Encoder Patch-MoE Entropy损失: -0.6931
2025-11-22 13:00:32,621 - INFO -   Encoder MoE总损失: -0.6888
2025-11-22 13:00:32,621 - INFO -   Token Pruning损失: 0.000086
2025-11-22 13:00:32,621 - INFO -   MoE总损失: 1.0044
2025-11-22 13:00:32,621 - INFO -   Decoder专家使用率: [49.96%, 50.04%]
2025-11-22 13:00:32,621 - INFO -   🎉 新的最佳验证损失: 0.94
2025-11-22 13:00:32,621 - INFO -   🎉 新的最佳mAP: 0.4962
2025-11-22 13:00:33,155 - INFO - 💾 保存最佳模型: logs/dset2_r18_20251122_112338/best_model.pth
2025-11-22 13:01:25,973 - INFO -   每个类别的 mAP@0.5:0.95:
2025-11-22 13:01:25,973 - INFO -     Car         : 0.7344
2025-11-22 13:01:25,973 - INFO -     Truck       : 0.4415
2025-11-22 13:01:25,974 - INFO -     Van         : 0.4090
2025-11-22 13:01:25,974 - INFO -     Bus         : 0.4840
2025-11-22 13:01:25,974 - INFO -     Pedestrian  : 0.3626
2025-11-22 13:01:25,974 - INFO -     Cyclist     : 0.5208
2025-11-22 13:01:25,974 - INFO -     Motorcyclist: 0.3983
2025-11-22 13:01:25,974 - INFO -     Trafficcone : 0.6186
2025-11-22 13:01:26,115 - INFO -   mAP_0.5_0.95 提升到 0.4962 (最佳epoch: 40)
2025-11-22 13:01:26,586 - INFO - 💾 保存最新检查点: logs/dset2_r18_20251122_112338/latest_checkpoint.pth
2025-11-22 13:01:35,641 - INFO - Epoch 41 | Batch 0 | Loss: 6.13 (Det: 6.04, MoE: 1.0141)
2025-11-22 13:02:34,552 - INFO - Epoch 41 | Batch 50 | Loss: 6.12 (Det: 6.02, MoE: 1.0172)
2025-11-22 13:04:00,820 - INFO - Epoch 41:
2025-11-22 13:04:00,821 - INFO -   训练损失: 6.10 | 验证损失: 0.93
2025-11-22 13:04:00,822 - INFO -   预测/目标: 201600/93434
2025-11-22 13:04:00,822 - INFO -   🎉 新的最佳验证损失: 0.93
2025-11-22 13:04:00,822 - INFO -   🎉 新的最佳mAP: 0.5019
2025-11-22 13:04:01,411 - INFO - 💾 保存最佳模型: logs/dset2_r18_20251122_112338/best_model.pth
2025-11-22 13:04:53,781 - INFO -   每个类别的 mAP@0.5:0.95:
2025-11-22 13:04:53,782 - INFO -     Car         : 0.7321
2025-11-22 13:04:53,782 - INFO -     Truck       : 0.4405
2025-11-22 13:04:53,782 - INFO -     Van         : 0.4229
2025-11-22 13:04:53,782 - INFO -     Bus         : 0.4927
2025-11-22 13:04:53,782 - INFO -     Pedestrian  : 0.3697
2025-11-22 13:04:53,782 - INFO -     Cyclist     : 0.5296
2025-11-22 13:04:53,782 - INFO -     Motorcyclist: 0.4062
2025-11-22 13:04:53,782 - INFO -     Trafficcone : 0.6214
2025-11-22 13:04:53,922 - INFO -   mAP_0.5_0.95 提升到 0.5019 (最佳epoch: 41)
2025-11-22 13:04:54,444 - INFO - 💾 保存最新检查点: logs/dset2_r18_20251122_112338/latest_checkpoint.pth
2025-11-22 13:05:03,350 - INFO - Epoch 42 | Batch 0 | Loss: 6.07 (Det: 5.96, MoE: 1.0723)
2025-11-22 13:06:01,931 - INFO - Epoch 42 | Batch 50 | Loss: 6.02 (Det: 5.92, MoE: 1.0098)
2025-11-22 13:07:27,990 - INFO - Epoch 42:
2025-11-22 13:07:27,990 - INFO -   训练损失: 6.09 | 验证损失: 0.94
2025-11-22 13:07:27,990 - INFO -   预测/目标: 201600/93434
2025-11-22 13:07:27,991 - INFO -   ⏳ mAP_0.5_0.95 无改善 (1/35), 最佳值: 0.5019 (epoch 41)
2025-11-22 13:07:28,516 - INFO - 💾 保存最新检查点: logs/dset2_r18_20251122_112338/latest_checkpoint.pth
2025-11-22 13:07:35,133 - INFO - Epoch 43 | Batch 0 | Loss: 6.10 (Det: 6.00, MoE: 1.0037)
2025-11-22 13:08:35,669 - INFO - Epoch 43 | Batch 50 | Loss: 6.12 (Det: 6.02, MoE: 1.0005)
2025-11-22 13:10:01,728 - INFO - Epoch 43:
2025-11-22 13:10:01,729 - INFO -   训练损失: 6.06 | 验证损失: 0.94
2025-11-22 13:10:01,730 - INFO -   预测/目标: 201600/93434
2025-11-22 13:10:01,730 - INFO -   ⏳ mAP_0.5_0.95 无改善 (2/35), 最佳值: 0.5019 (epoch 41)
2025-11-22 13:10:02,293 - INFO - 💾 保存最新检查点: logs/dset2_r18_20251122_112338/latest_checkpoint.pth
2025-11-22 13:10:11,205 - INFO - Epoch 44 | Batch 0 | Loss: 5.96 (Det: 5.86, MoE: 1.0018)
2025-11-22 13:11:08,819 - INFO - Epoch 44 | Batch 50 | Loss: 6.00 (Det: 5.90, MoE: 1.0232)
2025-11-22 13:12:37,035 - INFO - Epoch 44:
2025-11-22 13:12:37,036 - INFO -   训练损失: 6.05 | 验证损失: 0.94
2025-11-22 13:12:37,037 - INFO -   预测/目标: 201600/93434
2025-11-22 13:12:37,037 - INFO -   🎉 新的最佳mAP: 0.5036
2025-11-22 13:12:37,702 - INFO - 💾 保存最佳模型: logs/dset2_r18_20251122_112338/best_model.pth
2025-11-22 13:13:30,949 - INFO -   每个类别的 mAP@0.5:0.95:
2025-11-22 13:13:30,949 - INFO -     Car         : 0.7311
2025-11-22 13:13:30,949 - INFO -     Truck       : 0.4416
2025-11-22 13:13:30,949 - INFO -     Van         : 0.4104
2025-11-22 13:13:30,949 - INFO -     Bus         : 0.4892
2025-11-22 13:13:30,949 - INFO -     Pedestrian  : 0.3758
2025-11-22 13:13:30,949 - INFO -     Cyclist     : 0.5444
2025-11-22 13:13:30,949 - INFO -     Motorcyclist: 0.4159
2025-11-22 13:13:30,949 - INFO -     Trafficcone : 0.6201
2025-11-22 13:13:31,139 - INFO -   mAP_0.5_0.95 提升到 0.5036 (最佳epoch: 44)
2025-11-22 13:13:31,748 - INFO - 💾 保存最新检查点: logs/dset2_r18_20251122_112338/latest_checkpoint.pth
2025-11-22 13:13:34,151 - INFO - [DEBUG] Epoch 45: pruner.current_epoch=45, pruner.pruning_enabled=True, pruner.warmup_epochs=10
2025-11-22 13:13:39,618 - INFO - Epoch 45 | Batch 0 | Loss: 5.99 (Det: 5.89, MoE: 1.0574)
2025-11-22 13:14:39,453 - INFO - Epoch 45 | Batch 50 | Loss: 6.09 (Det: 5.99, MoE: 1.0046)
2025-11-22 13:16:05,048 - INFO - Epoch 45:
2025-11-22 13:16:05,048 - INFO -   训练损失: 6.00 | 验证损失: 0.93
2025-11-22 13:16:05,049 - INFO -   预测/目标: 201600/93434
2025-11-22 13:16:05,050 - INFO -   检测损失: 5.90
2025-11-22 13:16:05,050 - INFO -   Decoder MoE损失: 1.0001
2025-11-22 13:16:05,050 - INFO -   Encoder Patch-MoE Balance损失: 0.0101
2025-11-22 13:16:05,050 - INFO -   Encoder Patch-MoE Entropy损失: -0.6931
2025-11-22 13:16:05,050 - INFO -   Encoder MoE总损失: -0.6831
2025-11-22 13:16:05,050 - INFO -   Token Pruning损失: 0.000074
2025-11-22 13:16:05,050 - INFO -   MoE总损失: 1.0101
2025-11-22 13:16:05,050 - INFO -   Decoder专家使用率: [49.99%, 50.01%]
2025-11-22 13:16:05,050 - INFO -   🎉 新的最佳验证损失: 0.93
2025-11-22 13:16:05,050 - INFO -   🎉 新的最佳mAP: 0.5084
2025-11-22 13:16:05,650 - INFO - 💾 保存最佳模型: logs/dset2_r18_20251122_112338/best_model.pth
2025-11-22 13:16:58,500 - INFO -   每个类别的 mAP@0.5:0.95:
2025-11-22 13:16:58,500 - INFO -     Car         : 0.7333
2025-11-22 13:16:58,500 - INFO -     Truck       : 0.4471
2025-11-22 13:16:58,500 - INFO -     Van         : 0.4240
2025-11-22 13:16:58,500 - INFO -     Bus         : 0.5020
2025-11-22 13:16:58,500 - INFO -     Pedestrian  : 0.3790
2025-11-22 13:16:58,500 - INFO -     Cyclist     : 0.5450
2025-11-22 13:16:58,500 - INFO -     Motorcyclist: 0.4166
2025-11-22 13:16:58,500 - INFO -     Trafficcone : 0.6204
2025-11-22 13:16:58,643 - INFO -   mAP_0.5_0.95 提升到 0.5084 (最佳epoch: 45)
2025-11-22 13:16:59,249 - INFO - 💾 保存最新检查点: logs/dset2_r18_20251122_112338/latest_checkpoint.pth
2025-11-22 13:17:09,092 - INFO - Epoch 46 | Batch 0 | Loss: 5.92 (Det: 5.82, MoE: 1.0300)
2025-11-22 13:18:06,993 - INFO - Epoch 46 | Batch 50 | Loss: 6.06 (Det: 5.96, MoE: 1.0199)
2025-11-22 13:19:33,195 - INFO - Epoch 46:
2025-11-22 13:19:33,195 - INFO -   训练损失: 6.02 | 验证损失: 0.93
2025-11-22 13:19:33,196 - INFO -   预测/目标: 201600/93434
2025-11-22 13:19:33,197 - INFO -   🎉 新的最佳验证损失: 0.93
2025-11-22 13:19:33,197 - INFO -   🎉 新的最佳mAP: 0.5124
2025-11-22 13:19:33,804 - INFO - 💾 保存最佳模型: logs/dset2_r18_20251122_112338/best_model.pth
2025-11-22 13:20:26,452 - INFO -   每个类别的 mAP@0.5:0.95:
2025-11-22 13:20:26,452 - INFO -     Car         : 0.7353
2025-11-22 13:20:26,452 - INFO -     Truck       : 0.4475
2025-11-22 13:20:26,452 - INFO -     Van         : 0.4203
2025-11-22 13:20:26,452 - INFO -     Bus         : 0.5174
2025-11-22 13:20:26,452 - INFO -     Pedestrian  : 0.3810
2025-11-22 13:20:26,452 - INFO -     Cyclist     : 0.5508
2025-11-22 13:20:26,452 - INFO -     Motorcyclist: 0.4249
2025-11-22 13:20:26,452 - INFO -     Trafficcone : 0.6220
2025-11-22 13:20:26,597 - INFO -   mAP_0.5_0.95 提升到 0.5124 (最佳epoch: 46)
2025-11-22 13:20:27,176 - INFO - 💾 保存最新检查点: logs/dset2_r18_20251122_112338/latest_checkpoint.pth
2025-11-22 13:20:37,128 - INFO - Epoch 47 | Batch 0 | Loss: 6.04 (Det: 5.95, MoE: 1.0000)
2025-11-22 13:21:35,271 - INFO - Epoch 47 | Batch 50 | Loss: 6.14 (Det: 6.04, MoE: 1.0046)
2025-11-22 13:23:02,638 - INFO - Epoch 47:
2025-11-22 13:23:02,638 - INFO -   训练损失: 6.03 | 验证损失: 0.93
2025-11-22 13:23:02,639 - INFO -   预测/目标: 201600/93434
2025-11-22 13:23:02,640 - INFO -   🎉 新的最佳验证损失: 0.93
2025-11-22 13:23:02,640 - INFO -   🎉 新的最佳mAP: 0.5166
2025-11-22 13:23:03,176 - INFO - 💾 保存最佳模型: logs/dset2_r18_20251122_112338/best_model.pth
2025-11-22 13:23:55,839 - INFO -   每个类别的 mAP@0.5:0.95:
2025-11-22 13:23:55,839 - INFO -     Car         : 0.7387
2025-11-22 13:23:55,839 - INFO -     Truck       : 0.4495
2025-11-22 13:23:55,839 - INFO -     Van         : 0.4535
2025-11-22 13:23:55,839 - INFO -     Bus         : 0.5118
2025-11-22 13:23:55,839 - INFO -     Pedestrian  : 0.3782
2025-11-22 13:23:55,839 - INFO -     Cyclist     : 0.5542
2025-11-22 13:23:55,839 - INFO -     Motorcyclist: 0.4240
2025-11-22 13:23:55,839 - INFO -     Trafficcone : 0.6233
2025-11-22 13:23:55,982 - INFO -   mAP_0.5_0.95 提升到 0.5166 (最佳epoch: 47)
2025-11-22 13:23:56,423 - INFO - 💾 保存最新检查点: logs/dset2_r18_20251122_112338/latest_checkpoint.pth
2025-11-22 13:24:05,725 - INFO - Epoch 48 | Batch 0 | Loss: 6.02 (Det: 5.93, MoE: 1.0049)
2025-11-22 13:25:04,351 - INFO - Epoch 48 | Batch 50 | Loss: 5.93 (Det: 5.84, MoE: 1.0051)
2025-11-22 13:26:30,549 - INFO - Epoch 48:
2025-11-22 13:26:30,550 - INFO -   训练损失: 5.95 | 验证损失: 0.93
2025-11-22 13:26:30,551 - INFO -   预测/目标: 201600/93434
2025-11-22 13:26:30,551 - INFO -   🎉 新的最佳mAP: 0.5174
2025-11-22 13:26:31,094 - INFO - 💾 保存最佳模型: logs/dset2_r18_20251122_112338/best_model.pth
2025-11-22 13:27:23,790 - INFO -   每个类别的 mAP@0.5:0.95:
2025-11-22 13:27:23,790 - INFO -     Car         : 0.7339
2025-11-22 13:27:23,790 - INFO -     Truck       : 0.4481
2025-11-22 13:27:23,790 - INFO -     Van         : 0.4404
2025-11-22 13:27:23,790 - INFO -     Bus         : 0.5286
2025-11-22 13:27:23,790 - INFO -     Pedestrian  : 0.3853
2025-11-22 13:27:23,790 - INFO -     Cyclist     : 0.5535
2025-11-22 13:27:23,790 - INFO -     Motorcyclist: 0.4267
2025-11-22 13:27:23,790 - INFO -     Trafficcone : 0.6228
2025-11-22 13:27:23,989 - INFO -   mAP_0.5_0.95 提升到 0.5174 (最佳epoch: 48)
2025-11-22 13:27:24,522 - INFO - 💾 保存最新检查点: logs/dset2_r18_20251122_112338/latest_checkpoint.pth
2025-11-22 13:27:34,318 - INFO - Epoch 49 | Batch 0 | Loss: 5.94 (Det: 5.85, MoE: 1.0070)
2025-11-22 13:28:32,143 - INFO - Epoch 49 | Batch 50 | Loss: 5.89 (Det: 5.78, MoE: 1.0366)
2025-11-22 13:29:58,694 - INFO - Epoch 49:
2025-11-22 13:29:58,695 - INFO -   训练损失: 5.95 | 验证损失: 0.92
2025-11-22 13:29:58,696 - INFO -   预测/目标: 201600/93434
2025-11-22 13:29:58,696 - INFO -   🎉 新的最佳验证损失: 0.92
2025-11-22 13:29:58,696 - INFO -   ⏳ mAP_0.5_0.95 无改善 (1/35), 最佳值: 0.5174 (epoch 48)
2025-11-22 13:29:59,226 - INFO - 💾 保存最新检查点: logs/dset2_r18_20251122_112338/latest_checkpoint.pth
2025-11-22 13:30:01,597 - INFO - [DEBUG] Epoch 50: pruner.current_epoch=50, pruner.pruning_enabled=True, pruner.warmup_epochs=10
2025-11-22 13:30:07,911 - INFO - Epoch 50 | Batch 0 | Loss: 5.91 (Det: 5.81, MoE: 1.0012)
2025-11-22 13:31:06,363 - INFO - Epoch 50 | Batch 50 | Loss: 5.75 (Det: 5.66, MoE: 1.0065)
2025-11-22 13:32:33,526 - INFO - Epoch 50:
2025-11-22 13:32:33,526 - INFO -   训练损失: 5.91 | 验证损失: 0.92
2025-11-22 13:32:33,527 - INFO -   预测/目标: 201600/93434
2025-11-22 13:32:33,528 - INFO -   检测损失: 5.81
2025-11-22 13:32:33,528 - INFO -   Decoder MoE损失: 1.0001
2025-11-22 13:32:33,528 - INFO -   Encoder Patch-MoE Balance损失: 0.0063
2025-11-22 13:32:33,528 - INFO -   Encoder Patch-MoE Entropy损失: -0.6931
2025-11-22 13:32:33,528 - INFO -   Encoder MoE总损失: -0.6868
2025-11-22 13:32:33,528 - INFO -   Token Pruning损失: 0.000061
2025-11-22 13:32:33,528 - INFO -   MoE总损失: 1.0064
2025-11-22 13:32:33,528 - INFO -   Decoder专家使用率: [50.03%, 49.97%]
2025-11-22 13:32:33,528 - INFO -   🎉 新的最佳mAP: 0.5206
2025-11-22 13:32:34,054 - INFO - 💾 保存最佳模型: logs/dset2_r18_20251122_112338/best_model.pth
2025-11-22 13:33:27,076 - INFO -   每个类别的 mAP@0.5:0.95:
2025-11-22 13:33:27,076 - INFO -     Car         : 0.7364
2025-11-22 13:33:27,076 - INFO -     Truck       : 0.4472
2025-11-22 13:33:27,076 - INFO -     Van         : 0.4419
2025-11-22 13:33:27,076 - INFO -     Bus         : 0.5414
2025-11-22 13:33:27,076 - INFO -     Pedestrian  : 0.3870
2025-11-22 13:33:27,076 - INFO -     Cyclist     : 0.5568
2025-11-22 13:33:27,076 - INFO -     Motorcyclist: 0.4324
2025-11-22 13:33:27,076 - INFO -     Trafficcone : 0.6219
2025-11-22 13:33:27,223 - INFO -   mAP_0.5_0.95 提升到 0.5206 (最佳epoch: 50)
2025-11-22 13:33:27,755 - INFO - 💾 保存最新检查点: logs/dset2_r18_20251122_112338/latest_checkpoint.pth
2025-11-22 13:33:37,656 - INFO - Epoch 51 | Batch 0 | Loss: 5.78 (Det: 5.68, MoE: 1.0007)
2025-11-22 13:34:36,443 - INFO - Epoch 51 | Batch 50 | Loss: 5.78 (Det: 5.69, MoE: 1.0023)
2025-11-22 13:36:04,834 - INFO - Epoch 51:
2025-11-22 13:36:04,834 - INFO -   训练损失: 5.88 | 验证损失: 0.92
2025-11-22 13:36:04,835 - INFO -   预测/目标: 201600/93434
2025-11-22 13:36:04,836 - INFO -   🎉 新的最佳验证损失: 0.92
2025-11-22 13:36:04,836 - INFO -   🎉 新的最佳mAP: 0.5228
2025-11-22 13:36:05,418 - INFO - 💾 保存最佳模型: logs/dset2_r18_20251122_112338/best_model.pth
2025-11-22 13:36:58,087 - INFO -   每个类别的 mAP@0.5:0.95:
2025-11-22 13:36:58,087 - INFO -     Car         : 0.7387
2025-11-22 13:36:58,087 - INFO -     Truck       : 0.4520
2025-11-22 13:36:58,087 - INFO -     Van         : 0.4395
2025-11-22 13:36:58,087 - INFO -     Bus         : 0.5423
2025-11-22 13:36:58,087 - INFO -     Pedestrian  : 0.3893
2025-11-22 13:36:58,087 - INFO -     Cyclist     : 0.5620
2025-11-22 13:36:58,087 - INFO -     Motorcyclist: 0.4363
2025-11-22 13:36:58,087 - INFO -     Trafficcone : 0.6226
2025-11-22 13:36:58,288 - INFO -   mAP_0.5_0.95 提升到 0.5228 (最佳epoch: 51)
2025-11-22 13:36:58,825 - INFO - 💾 保存最新检查点: logs/dset2_r18_20251122_112338/latest_checkpoint.pth
2025-11-22 13:37:08,176 - INFO - Epoch 52 | Batch 0 | Loss: 5.90 (Det: 5.80, MoE: 1.0209)
2025-11-22 13:38:06,917 - INFO - Epoch 52 | Batch 50 | Loss: 5.83 (Det: 5.73, MoE: 1.0491)
2025-11-22 13:39:35,148 - INFO - Epoch 52:
2025-11-22 13:39:35,148 - INFO -   训练损失: 5.86 | 验证损失: 0.92
2025-11-22 13:39:35,149 - INFO -   预测/目标: 201600/93434
2025-11-22 13:39:35,149 - INFO -   🎉 新的最佳验证损失: 0.92
2025-11-22 13:39:35,150 - INFO -   🎉 新的最佳mAP: 0.5276
2025-11-22 13:39:35,727 - INFO - 💾 保存最佳模型: logs/dset2_r18_20251122_112338/best_model.pth
2025-11-22 13:40:28,992 - INFO -   每个类别的 mAP@0.5:0.95:
2025-11-22 13:40:28,992 - INFO -     Car         : 0.7427
2025-11-22 13:40:28,992 - INFO -     Truck       : 0.4525
2025-11-22 13:40:28,992 - INFO -     Van         : 0.4525
2025-11-22 13:40:28,992 - INFO -     Bus         : 0.5588
2025-11-22 13:40:28,992 - INFO -     Pedestrian  : 0.3913
2025-11-22 13:40:28,992 - INFO -     Cyclist     : 0.5646
2025-11-22 13:40:28,993 - INFO -     Motorcyclist: 0.4341
2025-11-22 13:40:28,993 - INFO -     Trafficcone : 0.6240
2025-11-22 13:40:29,168 - INFO -   mAP_0.5_0.95 提升到 0.5276 (最佳epoch: 52)
2025-11-22 13:40:29,691 - INFO - 💾 保存最新检查点: logs/dset2_r18_20251122_112338/latest_checkpoint.pth
2025-11-22 13:40:38,352 - INFO - Epoch 53 | Batch 0 | Loss: 6.01 (Det: 5.92, MoE: 1.0024)
2025-11-22 13:41:36,513 - INFO - Epoch 53 | Batch 50 | Loss: 6.05 (Det: 5.95, MoE: 1.0001)
2025-11-22 13:43:03,446 - INFO - Epoch 53:
2025-11-22 13:43:03,447 - INFO -   训练损失: 5.85 | 验证损失: 0.92
2025-11-22 13:43:03,448 - INFO -   预测/目标: 201600/93434
2025-11-22 13:43:03,448 - INFO -   ⏳ mAP_0.5_0.95 无改善 (1/35), 最佳值: 0.5276 (epoch 52)
2025-11-22 13:43:03,981 - INFO - 💾 保存最新检查点: logs/dset2_r18_20251122_112338/latest_checkpoint.pth
2025-11-22 13:43:11,730 - INFO - Epoch 54 | Batch 0 | Loss: 5.78 (Det: 5.68, MoE: 1.0081)
2025-11-22 13:44:10,486 - INFO - Epoch 54 | Batch 50 | Loss: 5.77 (Det: 5.68, MoE: 1.0203)
2025-11-22 13:45:38,383 - INFO - Epoch 54:
2025-11-22 13:45:38,383 - INFO -   训练损失: 5.82 | 验证损失: 0.92
2025-11-22 13:45:38,384 - INFO -   预测/目标: 201600/93434
2025-11-22 13:45:38,384 - INFO -   🎉 新的最佳mAP: 0.5284
2025-11-22 13:45:38,921 - INFO - 💾 保存最佳模型: logs/dset2_r18_20251122_112338/best_model.pth
2025-11-22 13:46:32,221 - INFO -   每个类别的 mAP@0.5:0.95:
2025-11-22 13:46:32,221 - INFO -     Car         : 0.7353
2025-11-22 13:46:32,221 - INFO -     Truck       : 0.4513
2025-11-22 13:46:32,221 - INFO -     Van         : 0.4397
2025-11-22 13:46:32,221 - INFO -     Bus         : 0.5751
2025-11-22 13:46:32,221 - INFO -     Pedestrian  : 0.3948
2025-11-22 13:46:32,221 - INFO -     Cyclist     : 0.5648
2025-11-22 13:46:32,221 - INFO -     Motorcyclist: 0.4422
2025-11-22 13:46:32,221 - INFO -     Trafficcone : 0.6242
2025-11-22 13:46:32,366 - INFO -   mAP_0.5_0.95 提升到 0.5284 (最佳epoch: 54)
2025-11-22 13:46:32,903 - INFO - 💾 保存最新检查点: logs/dset2_r18_20251122_112338/latest_checkpoint.pth
2025-11-22 13:46:35,269 - INFO - [DEBUG] Epoch 55: pruner.current_epoch=55, pruner.pruning_enabled=True, pruner.warmup_epochs=10
2025-11-22 13:46:42,490 - INFO - Epoch 55 | Batch 0 | Loss: 5.99 (Det: 5.89, MoE: 1.0030)
2025-11-22 13:47:40,852 - INFO - Epoch 55 | Batch 50 | Loss: 5.77 (Det: 5.67, MoE: 1.0086)
2025-11-22 13:49:07,775 - INFO - Epoch 55:
2025-11-22 13:49:07,776 - INFO -   训练损失: 5.81 | 验证损失: 0.92
2025-11-22 13:49:07,777 - INFO -   预测/目标: 201600/93434
2025-11-22 13:49:07,777 - INFO -   检测损失: 5.71
2025-11-22 13:49:07,777 - INFO -   Decoder MoE损失: 1.0001
2025-11-22 13:49:07,777 - INFO -   Encoder Patch-MoE Balance损失: 0.0055
2025-11-22 13:49:07,777 - INFO -   Encoder Patch-MoE Entropy损失: -0.6931
2025-11-22 13:49:07,777 - INFO -   Encoder MoE总损失: -0.6876
2025-11-22 13:49:07,777 - INFO -   Token Pruning损失: 0.000053
2025-11-22 13:49:07,777 - INFO -   MoE总损失: 1.0056
2025-11-22 13:49:07,777 - INFO -   Decoder专家使用率: [49.96%, 50.04%]
2025-11-22 13:49:07,777 - INFO -   🎉 新的最佳验证损失: 0.92
2025-11-22 13:49:07,777 - INFO -   ⏳ mAP_0.5_0.95 无改善 (1/35), 最佳值: 0.5284 (epoch 54)
2025-11-22 13:49:08,306 - INFO - 💾 保存最新检查点: logs/dset2_r18_20251122_112338/latest_checkpoint.pth
2025-11-22 13:49:17,192 - INFO - Epoch 56 | Batch 0 | Loss: 5.83 (Det: 5.74, MoE: 1.0040)
2025-11-22 13:50:16,160 - INFO - Epoch 56 | Batch 50 | Loss: 5.70 (Det: 5.61, MoE: 1.0025)
2025-11-22 13:51:44,145 - INFO - Epoch 56:
2025-11-22 13:51:44,146 - INFO -   训练损失: 5.79 | 验证损失: 0.92
2025-11-22 13:51:44,147 - INFO -   预测/目标: 201600/93434
2025-11-22 13:51:44,147 - INFO -   🎉 新的最佳验证损失: 0.92
2025-11-22 13:51:44,147 - INFO -   🎉 新的最佳mAP: 0.5353
2025-11-22 13:51:44,636 - INFO - 💾 保存最佳模型: logs/dset2_r18_20251122_112338/best_model.pth
2025-11-22 13:52:37,900 - INFO -   每个类别的 mAP@0.5:0.95:
2025-11-22 13:52:37,900 - INFO -     Car         : 0.7392
2025-11-22 13:52:37,900 - INFO -     Truck       : 0.4545
2025-11-22 13:52:37,900 - INFO -     Van         : 0.4621
2025-11-22 13:52:37,900 - INFO -     Bus         : 0.5931
2025-11-22 13:52:37,900 - INFO -     Pedestrian  : 0.3968
2025-11-22 13:52:37,900 - INFO -     Cyclist     : 0.5688
2025-11-22 13:52:37,900 - INFO -     Motorcyclist: 0.4428
2025-11-22 13:52:37,900 - INFO -     Trafficcone : 0.6250
2025-11-22 13:52:38,038 - INFO -   mAP_0.5_0.95 提升到 0.5353 (最佳epoch: 56)
2025-11-22 13:52:38,594 - INFO - 💾 保存最新检查点: logs/dset2_r18_20251122_112338/latest_checkpoint.pth
2025-11-22 13:52:47,444 - INFO - Epoch 57 | Batch 0 | Loss: 5.81 (Det: 5.71, MoE: 1.0048)
2025-11-22 13:53:47,262 - INFO - Epoch 57 | Batch 50 | Loss: 5.75 (Det: 5.65, MoE: 1.0306)
2025-11-22 13:55:15,222 - INFO - Epoch 57:
2025-11-22 13:55:15,222 - INFO -   训练损失: 5.77 | 验证损失: 0.92
2025-11-22 13:55:15,223 - INFO -   预测/目标: 201600/93434
2025-11-22 13:55:15,224 - INFO -   🎉 新的最佳mAP: 0.5363
2025-11-22 13:55:15,761 - INFO - 💾 保存最佳模型: logs/dset2_r18_20251122_112338/best_model.pth
2025-11-22 13:56:08,951 - INFO -   每个类别的 mAP@0.5:0.95:
2025-11-22 13:56:08,951 - INFO -     Car         : 0.7399
2025-11-22 13:56:08,951 - INFO -     Truck       : 0.4601
2025-11-22 13:56:08,951 - INFO -     Van         : 0.4479
2025-11-22 13:56:08,951 - INFO -     Bus         : 0.6074
2025-11-22 13:56:08,951 - INFO -     Pedestrian  : 0.4000
2025-11-22 13:56:08,951 - INFO -     Cyclist     : 0.5643
2025-11-22 13:56:08,951 - INFO -     Motorcyclist: 0.4474
2025-11-22 13:56:08,951 - INFO -     Trafficcone : 0.6234
2025-11-22 13:56:09,112 - INFO -   mAP_0.5_0.95 提升到 0.5363 (最佳epoch: 57)
2025-11-22 13:56:09,652 - INFO - 💾 保存最新检查点: logs/dset2_r18_20251122_112338/latest_checkpoint.pth
2025-11-22 13:56:18,987 - INFO - Epoch 58 | Batch 0 | Loss: 5.89 (Det: 5.79, MoE: 1.0067)
2025-11-22 13:57:17,976 - INFO - Epoch 58 | Batch 50 | Loss: 5.86 (Det: 5.76, MoE: 1.0083)
2025-11-22 13:58:46,417 - INFO - Epoch 58:
2025-11-22 13:58:46,418 - INFO -   训练损失: 5.76 | 验证损失: 0.91
2025-11-22 13:58:46,419 - INFO -   预测/目标: 201600/93434
2025-11-22 13:58:46,419 - INFO -   🎉 新的最佳验证损失: 0.91
2025-11-22 13:58:46,420 - INFO -   🎉 新的最佳mAP: 0.5411
2025-11-22 13:58:46,948 - INFO - 💾 保存最佳模型: logs/dset2_r18_20251122_112338/best_model.pth
2025-11-22 13:59:40,714 - INFO -   每个类别的 mAP@0.5:0.95:
2025-11-22 13:59:40,714 - INFO -     Car         : 0.7450
2025-11-22 13:59:40,714 - INFO -     Truck       : 0.4469
2025-11-22 13:59:40,715 - INFO -     Van         : 0.4688
2025-11-22 13:59:40,715 - INFO -     Bus         : 0.6242
2025-11-22 13:59:40,715 - INFO -     Pedestrian  : 0.4005
2025-11-22 13:59:40,715 - INFO -     Cyclist     : 0.5680
2025-11-22 13:59:40,715 - INFO -     Motorcyclist: 0.4500
2025-11-22 13:59:40,715 - INFO -     Trafficcone : 0.6251
2025-11-22 13:59:40,865 - INFO -   mAP_0.5_0.95 提升到 0.5411 (最佳epoch: 58)
2025-11-22 13:59:41,403 - INFO - 💾 保存最新检查点: logs/dset2_r18_20251122_112338/latest_checkpoint.pth
2025-11-22 13:59:49,375 - INFO - Epoch 59 | Batch 0 | Loss: 5.83 (Det: 5.73, MoE: 1.0864)
2025-11-22 14:00:47,816 - INFO - Epoch 59 | Batch 50 | Loss: 5.91 (Det: 5.81, MoE: 1.0002)
2025-11-22 14:02:16,682 - INFO - Epoch 59:
2025-11-22 14:02:16,683 - INFO -   训练损失: 5.73 | 验证损失: 0.91
2025-11-22 14:02:16,684 - INFO -   预测/目标: 201600/93434
2025-11-22 14:02:16,684 - INFO -   🎉 新的最佳mAP: 0.5441
2025-11-22 14:02:17,238 - INFO - 💾 保存最佳模型: logs/dset2_r18_20251122_112338/best_model.pth
2025-11-22 14:03:10,860 - INFO -   每个类别的 mAP@0.5:0.95:
2025-11-22 14:03:10,860 - INFO -     Car         : 0.7434
2025-11-22 14:03:10,860 - INFO -     Truck       : 0.4530
2025-11-22 14:03:10,860 - INFO -     Van         : 0.4727
2025-11-22 14:03:10,860 - INFO -     Bus         : 0.6367
2025-11-22 14:03:10,860 - INFO -     Pedestrian  : 0.4027
2025-11-22 14:03:10,860 - INFO -     Cyclist     : 0.5696
2025-11-22 14:03:10,860 - INFO -     Motorcyclist: 0.4501
2025-11-22 14:03:10,860 - INFO -     Trafficcone : 0.6249
2025-11-22 14:03:11,039 - INFO -   mAP_0.5_0.95 提升到 0.5441 (最佳epoch: 59)
2025-11-22 14:03:11,584 - INFO - 💾 保存最新检查点: logs/dset2_r18_20251122_112338/latest_checkpoint.pth
2025-11-22 14:03:14,034 - INFO - [DEBUG] Epoch 60: pruner.current_epoch=60, pruner.pruning_enabled=True, pruner.warmup_epochs=10
2025-11-22 14:03:21,555 - INFO - Epoch 60 | Batch 0 | Loss: 5.82 (Det: 5.72, MoE: 1.0211)
2025-11-22 14:04:19,406 - INFO - Epoch 60 | Batch 50 | Loss: 5.68 (Det: 5.58, MoE: 1.0011)
2025-11-22 14:05:46,741 - INFO - Epoch 60:
2025-11-22 14:05:46,742 - INFO -   训练损失: 5.71 | 验证损失: 0.91
2025-11-22 14:05:46,742 - INFO -   预测/目标: 201600/93434
2025-11-22 14:05:46,743 - INFO -   检测损失: 5.61
2025-11-22 14:05:46,743 - INFO -   Decoder MoE损失: 1.0001
2025-11-22 14:05:46,743 - INFO -   Encoder Patch-MoE Balance损失: 0.0091
2025-11-22 14:05:46,743 - INFO -   Encoder Patch-MoE Entropy损失: -0.6931
2025-11-22 14:05:46,743 - INFO -   Encoder MoE总损失: -0.6841
2025-11-22 14:05:46,743 - INFO -   Token Pruning损失: 0.000047
2025-11-22 14:05:46,743 - INFO -   MoE总损失: 1.0091
2025-11-22 14:05:46,743 - INFO -   Decoder专家使用率: [50.00%, 50.00%]
2025-11-22 14:05:46,743 - INFO -   ⏳ mAP_0.5_0.95 无改善 (1/35), 最佳值: 0.5441 (epoch 59)
2025-11-22 14:05:49,219 - INFO - 💾 保存最新检查点: logs/dset2_r18_20251122_112338/latest_checkpoint.pth
2025-11-22 14:05:58,817 - INFO - Epoch 61 | Batch 0 | Loss: 5.67 (Det: 5.57, MoE: 1.0006)
2025-11-22 14:06:58,638 - INFO - Epoch 61 | Batch 50 | Loss: 5.73 (Det: 5.63, MoE: 1.0003)
2025-11-22 14:08:27,283 - INFO - Epoch 61:
2025-11-22 14:08:27,283 - INFO -   训练损失: 5.69 | 验证损失: 0.92
2025-11-22 14:08:27,284 - INFO -   预测/目标: 201600/93434
2025-11-22 14:08:27,284 - INFO -   🎉 新的最佳mAP: 0.5460
2025-11-22 14:08:29,472 - INFO - 💾 保存最佳模型: logs/dset2_r18_20251122_112338/best_model.pth
2025-11-22 14:09:23,655 - INFO -   每个类别的 mAP@0.5:0.95:
2025-11-22 14:09:23,655 - INFO -     Car         : 0.7412
2025-11-22 14:09:23,655 - INFO -     Truck       : 0.4613
2025-11-22 14:09:23,655 - INFO -     Van         : 0.4746
2025-11-22 14:09:23,655 - INFO -     Bus         : 0.6409
2025-11-22 14:09:23,655 - INFO -     Pedestrian  : 0.4039
2025-11-22 14:09:23,655 - INFO -     Cyclist     : 0.5673
2025-11-22 14:09:23,655 - INFO -     Motorcyclist: 0.4531
2025-11-22 14:09:23,655 - INFO -     Trafficcone : 0.6255
2025-11-22 14:09:23,800 - INFO -   mAP_0.5_0.95 提升到 0.5460 (最佳epoch: 61)
2025-11-22 14:09:24,346 - INFO - 💾 保存最新检查点: logs/dset2_r18_20251122_112338/latest_checkpoint.pth
2025-11-22 14:09:33,820 - INFO - Epoch 62 | Batch 0 | Loss: 5.68 (Det: 5.58, MoE: 1.0008)
2025-11-22 14:10:32,610 - INFO - Epoch 62 | Batch 50 | Loss: 5.56 (Det: 5.46, MoE: 1.0000)
2025-11-22 14:11:59,622 - INFO - Epoch 62:
2025-11-22 14:11:59,623 - INFO -   训练损失: 5.66 | 验证损失: 0.91
2025-11-22 14:11:59,623 - INFO -   预测/目标: 201600/93434
2025-11-22 14:11:59,624 - INFO -   ⏳ mAP_0.5_0.95 无改善 (1/35), 最佳值: 0.5460 (epoch 61)
2025-11-22 14:12:00,210 - INFO - 💾 保存最新检查点: logs/dset2_r18_20251122_112338/latest_checkpoint.pth
2025-11-22 14:12:10,422 - INFO - Epoch 63 | Batch 0 | Loss: 5.74 (Det: 5.64, MoE: 1.0152)
2025-11-22 14:13:08,459 - INFO - Epoch 63 | Batch 50 | Loss: 5.77 (Det: 5.68, MoE: 1.0026)
2025-11-22 14:14:37,540 - INFO - Epoch 63:
2025-11-22 14:14:37,540 - INFO -   训练损失: 5.66 | 验证损失: 0.91
2025-11-22 14:14:37,540 - INFO -   预测/目标: 201600/93434
2025-11-22 14:14:37,541 - INFO -   🎉 新的最佳mAP: 0.5470
2025-11-22 14:14:38,147 - INFO - 💾 保存最佳模型: logs/dset2_r18_20251122_112338/best_model.pth
2025-11-22 14:15:32,605 - INFO -   每个类别的 mAP@0.5:0.95:
2025-11-22 14:15:32,605 - INFO -     Car         : 0.7450
2025-11-22 14:15:32,605 - INFO -     Truck       : 0.4579
2025-11-22 14:15:32,605 - INFO -     Van         : 0.4752
2025-11-22 14:15:32,605 - INFO -     Bus         : 0.6390
2025-11-22 14:15:32,605 - INFO -     Pedestrian  : 0.4068
2025-11-22 14:15:32,605 - INFO -     Cyclist     : 0.5705
2025-11-22 14:15:32,605 - INFO -     Motorcyclist: 0.4566
2025-11-22 14:15:32,605 - INFO -     Trafficcone : 0.6247
2025-11-22 14:15:32,750 - INFO -   mAP_0.5_0.95 提升到 0.5470 (最佳epoch: 63)
2025-11-22 14:15:33,384 - INFO - 💾 保存最新检查点: logs/dset2_r18_20251122_112338/latest_checkpoint.pth
2025-11-22 14:15:42,641 - INFO - Epoch 64 | Batch 0 | Loss: 5.64 (Det: 5.54, MoE: 1.0003)
2025-11-22 14:16:41,531 - INFO - Epoch 64 | Batch 50 | Loss: 5.73 (Det: 5.63, MoE: 1.0039)
2025-11-22 14:18:11,078 - INFO - Epoch 64:
2025-11-22 14:18:11,079 - INFO -   训练损失: 5.65 | 验证损失: 0.91
2025-11-22 14:18:11,079 - INFO -   预测/目标: 201600/93434
2025-11-22 14:18:11,079 - INFO -   🎉 新的最佳mAP: 0.5508
2025-11-22 14:18:11,591 - INFO - 💾 保存最佳模型: logs/dset2_r18_20251122_112338/best_model.pth
2025-11-22 14:19:06,345 - INFO -   每个类别的 mAP@0.5:0.95:
2025-11-22 14:19:06,346 - INFO -     Car         : 0.7457
2025-11-22 14:19:06,346 - INFO -     Truck       : 0.4607
2025-11-22 14:19:06,346 - INFO -     Van         : 0.4863
2025-11-22 14:19:06,346 - INFO -     Bus         : 0.6526
2025-11-22 14:19:06,346 - INFO -     Pedestrian  : 0.4084
2025-11-22 14:19:06,346 - INFO -     Cyclist     : 0.5705
2025-11-22 14:19:06,346 - INFO -     Motorcyclist: 0.4567
2025-11-22 14:19:06,346 - INFO -     Trafficcone : 0.6258
2025-11-22 14:19:06,488 - INFO -   mAP_0.5_0.95 提升到 0.5508 (最佳epoch: 64)
2025-11-22 14:19:07,030 - INFO - 💾 保存最新检查点: logs/dset2_r18_20251122_112338/latest_checkpoint.pth
2025-11-22 14:19:09,455 - INFO - [DEBUG] Epoch 65: pruner.current_epoch=65, pruner.pruning_enabled=True, pruner.warmup_epochs=10
2025-11-22 14:19:14,787 - INFO - Epoch 65 | Batch 0 | Loss: 5.69 (Det: 5.59, MoE: 1.0022)
2025-11-22 14:20:14,002 - INFO - Epoch 65 | Batch 50 | Loss: 5.46 (Det: 5.36, MoE: 1.0689)
2025-11-22 14:21:41,376 - INFO - Epoch 65:
2025-11-22 14:21:41,377 - INFO -   训练损失: 5.64 | 验证损失: 0.91
2025-11-22 14:21:41,378 - INFO -   预测/目标: 201600/93434
2025-11-22 14:21:41,379 - INFO -   检测损失: 5.54
2025-11-22 14:21:41,379 - INFO -   Decoder MoE损失: 1.0000
2025-11-22 14:21:41,379 - INFO -   Encoder Patch-MoE Balance损失: 0.0115
2025-11-22 14:21:41,379 - INFO -   Encoder Patch-MoE Entropy损失: -0.6931
2025-11-22 14:21:41,379 - INFO -   Encoder MoE总损失: -0.6817
2025-11-22 14:21:41,379 - INFO -   Token Pruning损失: 0.000041
2025-11-22 14:21:41,379 - INFO -   MoE总损失: 1.0115
2025-11-22 14:21:41,379 - INFO -   Decoder专家使用率: [49.89%, 50.11%]
2025-11-22 14:21:41,379 - INFO -   ⏳ mAP_0.5_0.95 无改善 (1/35), 最佳值: 0.5508 (epoch 64)
2025-11-22 14:21:41,900 - INFO - 💾 保存最新检查点: logs/dset2_r18_20251122_112338/latest_checkpoint.pth
2025-11-22 14:21:49,216 - INFO - Epoch 66 | Batch 0 | Loss: 5.73 (Det: 5.63, MoE: 1.0119)
2025-11-22 14:22:48,267 - INFO - Epoch 66 | Batch 50 | Loss: 5.53 (Det: 5.43, MoE: 1.0218)
2025-11-22 14:24:16,145 - INFO - Epoch 66:
2025-11-22 14:24:16,145 - INFO -   训练损失: 5.62 | 验证损失: 0.92
2025-11-22 14:24:16,146 - INFO -   预测/目标: 201600/93434
2025-11-22 14:24:16,147 - INFO -   🎉 新的最佳mAP: 0.5513
2025-11-22 14:24:16,634 - INFO - 💾 保存最佳模型: logs/dset2_r18_20251122_112338/best_model.pth
2025-11-22 14:25:10,915 - INFO -   每个类别的 mAP@0.5:0.95:
2025-11-22 14:25:10,916 - INFO -     Car         : 0.7454
2025-11-22 14:25:10,916 - INFO -     Truck       : 0.4586
2025-11-22 14:25:10,916 - INFO -     Van         : 0.4877
2025-11-22 14:25:10,916 - INFO -     Bus         : 0.6601
2025-11-22 14:25:10,916 - INFO -     Pedestrian  : 0.4091
2025-11-22 14:25:10,916 - INFO -     Cyclist     : 0.5674
2025-11-22 14:25:10,916 - INFO -     Motorcyclist: 0.4570
2025-11-22 14:25:10,916 - INFO -     Trafficcone : 0.6248
2025-11-22 14:25:11,064 - INFO -   mAP_0.5_0.95 提升到 0.5513 (最佳epoch: 66)
2025-11-22 14:25:11,632 - INFO - 💾 保存最新检查点: logs/dset2_r18_20251122_112338/latest_checkpoint.pth
2025-11-22 14:25:18,235 - INFO - Epoch 67 | Batch 0 | Loss: 5.67 (Det: 5.57, MoE: 1.0067)
2025-11-22 14:26:19,220 - INFO - Epoch 67 | Batch 50 | Loss: 5.55 (Det: 5.45, MoE: 1.0239)
2025-11-22 14:27:47,954 - INFO - Epoch 67:
2025-11-22 14:27:47,954 - INFO -   训练损失: 5.59 | 验证损失: 0.91
2025-11-22 14:27:47,955 - INFO -   预测/目标: 201600/93434
2025-11-22 14:27:47,956 - INFO -   ⏳ mAP_0.5_0.95 无改善 (1/35), 最佳值: 0.5513 (epoch 66)
2025-11-22 14:27:48,564 - INFO - 💾 保存最新检查点: logs/dset2_r18_20251122_112338/latest_checkpoint.pth
2025-11-22 14:27:55,335 - INFO - Epoch 68 | Batch 0 | Loss: 5.56 (Det: 5.46, MoE: 1.0068)
2025-11-22 14:28:56,014 - INFO - Epoch 68 | Batch 50 | Loss: 5.57 (Det: 5.47, MoE: 1.0141)
2025-11-22 14:30:22,862 - INFO - Epoch 68:
2025-11-22 14:30:22,863 - INFO -   训练损失: 5.57 | 验证损失: 0.92
2025-11-22 14:30:22,863 - INFO -   预测/目标: 201600/93434
2025-11-22 14:30:22,864 - INFO -   ⏳ mAP_0.5_0.95 无改善 (2/35), 最佳值: 0.5513 (epoch 66)
2025-11-22 14:30:23,401 - INFO - 💾 保存最新检查点: logs/dset2_r18_20251122_112338/latest_checkpoint.pth
2025-11-22 14:30:30,547 - INFO - Epoch 69 | Batch 0 | Loss: 5.45 (Det: 5.35, MoE: 1.0107)
2025-11-22 14:31:29,987 - INFO - Epoch 69 | Batch 50 | Loss: 5.63 (Det: 5.53, MoE: 1.0004)
2025-11-22 14:32:58,841 - INFO - Epoch 69:
2025-11-22 14:32:58,841 - INFO -   训练损失: 5.57 | 验证损失: 0.92
2025-11-22 14:32:58,841 - INFO -   预测/目标: 201600/93434
2025-11-22 14:32:58,842 - INFO -   ⏳ mAP_0.5_0.95 无改善 (3/35), 最佳值: 0.5513 (epoch 66)
2025-11-22 14:32:59,371 - INFO - 💾 保存最新检查点: logs/dset2_r18_20251122_112338/latest_checkpoint.pth
2025-11-22 14:33:01,835 - INFO - [DEBUG] Epoch 70: pruner.current_epoch=70, pruner.pruning_enabled=True, pruner.warmup_epochs=10
2025-11-22 14:33:06,571 - INFO - Epoch 70 | Batch 0 | Loss: 5.53 (Det: 5.43, MoE: 1.0358)
2025-11-22 14:34:06,781 - INFO - Epoch 70 | Batch 50 | Loss: 5.46 (Det: 5.36, MoE: 1.0002)
2025-11-22 14:35:34,596 - INFO - Epoch 70:
2025-11-22 14:35:34,597 - INFO -   训练损失: 5.56 | 验证损失: 0.92
2025-11-22 14:35:34,598 - INFO -   预测/目标: 201600/93434
2025-11-22 14:35:34,598 - INFO -   检测损失: 5.46
2025-11-22 14:35:34,598 - INFO -   Decoder MoE损失: 1.0000
2025-11-22 14:35:34,598 - INFO -   Encoder Patch-MoE Balance损失: 0.0126
2025-11-22 14:35:34,598 - INFO -   Encoder Patch-MoE Entropy损失: -0.6931
2025-11-22 14:35:34,598 - INFO -   Encoder MoE总损失: -0.6805
2025-11-22 14:35:34,598 - INFO -   Token Pruning损失: 0.000036
2025-11-22 14:35:34,598 - INFO -   MoE总损失: 1.0127
2025-11-22 14:35:34,598 - INFO -   Decoder专家使用率: [50.02%, 49.98%]
2025-11-22 14:35:34,598 - INFO -   🎉 新的最佳mAP: 0.5515
2025-11-22 14:35:35,147 - INFO - 💾 保存最佳模型: logs/dset2_r18_20251122_112338/best_model.pth
2025-11-22 14:36:29,841 - INFO -   每个类别的 mAP@0.5:0.95:
2025-11-22 14:36:29,841 - INFO -     Car         : 0.7446
2025-11-22 14:36:29,841 - INFO -     Truck       : 0.4619
2025-11-22 14:36:29,841 - INFO -     Van         : 0.4750
2025-11-22 14:36:29,841 - INFO -     Bus         : 0.6711
2025-11-22 14:36:29,841 - INFO -     Pedestrian  : 0.4111
2025-11-22 14:36:29,841 - INFO -     Cyclist     : 0.5663
2025-11-22 14:36:29,841 - INFO -     Motorcyclist: 0.4576
2025-11-22 14:36:29,841 - INFO -     Trafficcone : 0.6243
2025-11-22 14:36:30,028 - INFO -   mAP_0.5_0.95 提升到 0.5515 (最佳epoch: 70)
2025-11-22 14:36:30,591 - INFO - 💾 保存最新检查点: logs/dset2_r18_20251122_112338/latest_checkpoint.pth
2025-11-22 14:36:37,769 - INFO - Epoch 71 | Batch 0 | Loss: 5.53 (Det: 5.43, MoE: 1.0002)
2025-11-22 14:37:36,076 - INFO - Epoch 71 | Batch 50 | Loss: 5.54 (Det: 5.44, MoE: 1.0091)
2025-11-22 14:39:03,156 - INFO - Epoch 71:
2025-11-22 14:39:03,156 - INFO -   训练损失: 5.54 | 验证损失: 0.91
2025-11-22 14:39:03,157 - INFO -   预测/目标: 201600/93434
2025-11-22 14:39:03,157 - INFO -   🎉 新的最佳mAP: 0.5556
2025-11-22 14:39:03,686 - INFO - 💾 保存最佳模型: logs/dset2_r18_20251122_112338/best_model.pth
2025-11-22 14:39:59,022 - INFO -   每个类别的 mAP@0.5:0.95:
2025-11-22 14:39:59,022 - INFO -     Car         : 0.7509
2025-11-22 14:39:59,022 - INFO -     Truck       : 0.4670
2025-11-22 14:39:59,022 - INFO -     Van         : 0.4837
2025-11-22 14:39:59,022 - INFO -     Bus         : 0.6774
2025-11-22 14:39:59,022 - INFO -     Pedestrian  : 0.4127
2025-11-22 14:39:59,022 - INFO -     Cyclist     : 0.5679
2025-11-22 14:39:59,022 - INFO -     Motorcyclist: 0.4611
2025-11-22 14:39:59,022 - INFO -     Trafficcone : 0.6238
2025-11-22 14:39:59,164 - INFO -   mAP_0.5_0.95 提升到 0.5556 (最佳epoch: 71)
2025-11-22 14:39:59,742 - INFO - 💾 保存最新检查点: logs/dset2_r18_20251122_112338/latest_checkpoint.pth
2025-11-22 14:40:09,687 - INFO - Epoch 72 | Batch 0 | Loss: 5.57 (Det: 5.47, MoE: 1.0090)
2025-11-22 14:41:08,089 - INFO - Epoch 72 | Batch 50 | Loss: 5.57 (Det: 5.47, MoE: 1.0128)
2025-11-22 14:42:35,010 - INFO - Epoch 72:
2025-11-22 14:42:35,011 - INFO -   训练损失: 5.53 | 验证损失: 0.91
2025-11-22 14:42:35,012 - INFO -   预测/目标: 201600/93434
2025-11-22 14:42:35,012 - INFO -   ⏳ mAP_0.5_0.95 无改善 (1/35), 最佳值: 0.5556 (epoch 71)
2025-11-22 14:42:35,564 - INFO - 💾 保存最新检查点: logs/dset2_r18_20251122_112338/latest_checkpoint.pth
2025-11-22 14:42:44,793 - INFO - Epoch 73 | Batch 0 | Loss: 5.48 (Det: 5.39, MoE: 1.0111)
2025-11-22 14:43:43,482 - INFO - Epoch 73 | Batch 50 | Loss: 5.38 (Det: 5.29, MoE: 1.0170)
2025-11-22 14:45:10,044 - INFO - Epoch 73:
2025-11-22 14:45:10,045 - INFO -   训练损失: 5.53 | 验证损失: 0.91
2025-11-22 14:45:10,046 - INFO -   预测/目标: 201600/93434
2025-11-22 14:45:10,046 - INFO -   ⏳ mAP_0.5_0.95 无改善 (2/35), 最佳值: 0.5556 (epoch 71)
2025-11-22 14:45:10,868 - INFO - 💾 保存最新检查点: logs/dset2_r18_20251122_112338/latest_checkpoint.pth
2025-11-22 14:45:20,267 - INFO - Epoch 74 | Batch 0 | Loss: 5.42 (Det: 5.32, MoE: 1.0073)
2025-11-22 14:46:19,285 - INFO - Epoch 74 | Batch 50 | Loss: 5.50 (Det: 5.40, MoE: 1.0086)
2025-11-22 14:47:46,705 - INFO - Epoch 74:
2025-11-22 14:47:46,706 - INFO -   训练损失: 5.51 | 验证损失: 0.91
2025-11-22 14:47:46,707 - INFO -   预测/目标: 201600/93434
2025-11-22 14:47:46,708 - INFO -   ⏳ mAP_0.5_0.95 无改善 (3/35), 最佳值: 0.5556 (epoch 71)
2025-11-22 14:47:47,297 - INFO - 💾 保存最新检查点: logs/dset2_r18_20251122_112338/latest_checkpoint.pth
2025-11-22 14:47:50,088 - INFO - [DEBUG] Epoch 75: pruner.current_epoch=75, pruner.pruning_enabled=True, pruner.warmup_epochs=10
2025-11-22 14:47:54,622 - INFO - Epoch 75 | Batch 0 | Loss: 5.50 (Det: 5.40, MoE: 1.0046)
2025-11-22 14:48:52,599 - INFO - Epoch 75 | Batch 50 | Loss: 5.46 (Det: 5.36, MoE: 1.0165)
2025-11-22 14:50:20,385 - INFO - Epoch 75:
2025-11-22 14:50:20,386 - INFO -   训练损失: 5.48 | 验证损失: 0.92
2025-11-22 14:50:20,387 - INFO -   预测/目标: 201600/93434
2025-11-22 14:50:20,387 - INFO -   检测损失: 5.38
2025-11-22 14:50:20,387 - INFO -   Decoder MoE损失: 1.0000
2025-11-22 14:50:20,387 - INFO -   Encoder Patch-MoE Balance损失: 0.0092
2025-11-22 14:50:20,387 - INFO -   Encoder Patch-MoE Entropy损失: -0.6931
2025-11-22 14:50:20,387 - INFO -   Encoder MoE总损失: -0.6840
2025-11-22 14:50:20,387 - INFO -   Token Pruning损失: 0.000033
2025-11-22 14:50:20,387 - INFO -   MoE总损失: 1.0092
2025-11-22 14:50:20,387 - INFO -   Decoder专家使用率: [49.97%, 50.03%]
2025-11-22 14:50:20,387 - INFO -   ⏳ mAP_0.5_0.95 无改善 (4/35), 最佳值: 0.5556 (epoch 71)
2025-11-22 14:50:20,877 - INFO - 💾 保存最新检查点: logs/dset2_r18_20251122_112338/latest_checkpoint.pth
2025-11-22 14:50:28,218 - INFO - Epoch 76 | Batch 0 | Loss: 5.58 (Det: 5.48, MoE: 1.0129)
2025-11-22 14:51:27,122 - INFO - Epoch 76 | Batch 50 | Loss: 5.44 (Det: 5.34, MoE: 1.0045)
2025-11-22 14:52:55,328 - INFO - Epoch 76:
2025-11-22 14:52:55,329 - INFO -   训练损失: 5.47 | 验证损失: 0.92
2025-11-22 14:52:55,329 - INFO -   预测/目标: 201600/93434
2025-11-22 14:52:55,330 - INFO -   ⏳ mAP_0.5_0.95 无改善 (5/35), 最佳值: 0.5556 (epoch 71)
2025-11-22 14:52:55,937 - INFO - 💾 保存最新检查点: logs/dset2_r18_20251122_112338/latest_checkpoint.pth
2025-11-22 14:53:05,213 - INFO - Epoch 77 | Batch 0 | Loss: 5.38 (Det: 5.28, MoE: 1.0374)
2025-11-22 14:54:02,905 - INFO - Epoch 77 | Batch 50 | Loss: 5.48 (Det: 5.39, MoE: 1.0001)
2025-11-22 14:55:31,361 - INFO - Epoch 77:
2025-11-22 14:55:31,362 - INFO -   训练损失: 5.46 | 验证损失: 0.91
2025-11-22 14:55:31,363 - INFO -   预测/目标: 201600/93434
2025-11-22 14:55:31,364 - INFO -   ⏳ mAP_0.5_0.95 无改善 (6/35), 最佳值: 0.5556 (epoch 71)
2025-11-22 14:55:31,889 - INFO - 💾 保存最新检查点: logs/dset2_r18_20251122_112338/latest_checkpoint.pth
2025-11-22 14:55:40,309 - INFO - Epoch 78 | Batch 0 | Loss: 5.37 (Det: 5.27, MoE: 1.0055)
2025-11-22 14:56:39,043 - INFO - Epoch 78 | Batch 50 | Loss: 5.57 (Det: 5.47, MoE: 1.0000)
2025-11-22 14:58:06,837 - INFO - Epoch 78:
2025-11-22 14:58:06,839 - INFO -   训练损失: 5.46 | 验证损失: 0.92
2025-11-22 14:58:06,839 - INFO -   预测/目标: 201600/93434
2025-11-22 14:58:06,839 - INFO -   ⏳ mAP_0.5_0.95 无改善 (7/35), 最佳值: 0.5556 (epoch 71)
2025-11-22 14:58:07,362 - INFO - 💾 保存最新检查点: logs/dset2_r18_20251122_112338/latest_checkpoint.pth
2025-11-22 14:58:16,058 - INFO - Epoch 79 | Batch 0 | Loss: 5.40 (Det: 5.29, MoE: 1.0561)
2025-11-22 14:59:14,673 - INFO - Epoch 79 | Batch 50 | Loss: 5.44 (Det: 5.35, MoE: 1.0033)
2025-11-22 15:00:43,220 - INFO - Epoch 79:
2025-11-22 15:00:43,221 - INFO -   训练损失: 5.44 | 验证损失: 0.91
2025-11-22 15:00:43,221 - INFO -   预测/目标: 201600/93434
2025-11-22 15:00:43,222 - INFO -   ⏳ mAP_0.5_0.95 无改善 (8/35), 最佳值: 0.5556 (epoch 71)
2025-11-22 15:00:43,776 - INFO - 💾 保存最新检查点: logs/dset2_r18_20251122_112338/latest_checkpoint.pth
2025-11-22 15:00:46,310 - INFO - [DEBUG] Epoch 80: pruner.current_epoch=80, pruner.pruning_enabled=True, pruner.warmup_epochs=10
2025-11-22 15:00:52,488 - INFO - Epoch 80 | Batch 0 | Loss: 5.39 (Det: 5.29, MoE: 1.0010)
2025-11-22 15:01:50,243 - INFO - Epoch 80 | Batch 50 | Loss: 5.49 (Det: 5.39, MoE: 1.0005)
2025-11-22 15:03:17,868 - INFO - Epoch 80:
2025-11-22 15:03:17,869 - INFO -   训练损失: 5.42 | 验证损失: 0.92
2025-11-22 15:03:17,869 - INFO -   预测/目标: 201600/93434
2025-11-22 15:03:17,869 - INFO -   检测损失: 5.33
2025-11-22 15:03:17,870 - INFO -   Decoder MoE损失: 1.0001
2025-11-22 15:03:17,870 - INFO -   Encoder Patch-MoE Balance损失: 0.0110
2025-11-22 15:03:17,870 - INFO -   Encoder Patch-MoE Entropy损失: -0.6931
2025-11-22 15:03:17,870 - INFO -   Encoder MoE总损失: -0.6822
2025-11-22 15:03:17,870 - INFO -   Token Pruning损失: 0.000029
2025-11-22 15:03:17,870 - INFO -   MoE总损失: 1.0110
2025-11-22 15:03:17,870 - INFO -   Decoder专家使用率: [50.07%, 49.93%]
2025-11-22 15:03:17,871 - INFO -   ⏳ mAP_0.5_0.95 无改善 (9/35), 最佳值: 0.5556 (epoch 71)
2025-11-22 15:03:18,402 - INFO - 💾 保存最新检查点: logs/dset2_r18_20251122_112338/latest_checkpoint.pth
2025-11-22 15:03:28,267 - INFO - Epoch 81 | Batch 0 | Loss: 5.57 (Det: 5.47, MoE: 1.0111)
2025-11-22 15:04:27,271 - INFO - Epoch 81 | Batch 50 | Loss: 5.41 (Det: 5.32, MoE: 1.0088)
2025-11-22 15:05:55,531 - INFO - Epoch 81:
2025-11-22 15:05:55,533 - INFO -   训练损失: 5.40 | 验证损失: 0.92
2025-11-22 15:05:55,534 - INFO -   预测/目标: 201600/93434
2025-11-22 15:05:55,534 - INFO -   ⏳ mAP_0.5_0.95 无改善 (10/35), 最佳值: 0.5556 (epoch 71)
2025-11-22 15:05:56,065 - INFO - 💾 保存最新检查点: logs/dset2_r18_20251122_112338/latest_checkpoint.pth
2025-11-22 15:06:04,772 - INFO - Epoch 82 | Batch 0 | Loss: 5.38 (Det: 5.28, MoE: 1.0103)
2025-11-22 15:07:02,829 - INFO - Epoch 82 | Batch 50 | Loss: 5.41 (Det: 5.31, MoE: 1.0026)
2025-11-22 15:08:30,907 - INFO - Epoch 82:
2025-11-22 15:08:30,909 - INFO -   训练损失: 5.39 | 验证损失: 0.92
2025-11-22 15:08:30,910 - INFO -   预测/目标: 201600/93434
2025-11-22 15:08:30,910 - INFO -   ⏳ mAP_0.5_0.95 无改善 (11/35), 最佳值: 0.5556 (epoch 71)
2025-11-22 15:08:31,479 - INFO - 💾 保存最新检查点: logs/dset2_r18_20251122_112338/latest_checkpoint.pth
2025-11-22 15:08:39,897 - INFO - Epoch 83 | Batch 0 | Loss: 5.31 (Det: 5.21, MoE: 1.0139)
2025-11-22 15:09:39,273 - INFO - Epoch 83 | Batch 50 | Loss: 5.49 (Det: 5.40, MoE: 1.0183)
2025-11-22 15:11:07,309 - INFO - Epoch 83:
2025-11-22 15:11:07,311 - INFO -   训练损失: 5.38 | 验证损失: 0.92
2025-11-22 15:11:07,312 - INFO -   预测/目标: 201600/93434
2025-11-22 15:11:07,312 - INFO -   ⏳ mAP_0.5_0.95 无改善 (12/35), 最佳值: 0.5556 (epoch 71)
2025-11-22 15:11:07,860 - INFO - 💾 保存最新检查点: logs/dset2_r18_20251122_112338/latest_checkpoint.pth
2025-11-22 15:11:16,511 - INFO - Epoch 84 | Batch 0 | Loss: 5.38 (Det: 5.28, MoE: 1.0063)
2025-11-22 15:12:14,959 - INFO - Epoch 84 | Batch 50 | Loss: 5.36 (Det: 5.27, MoE: 1.0001)
2025-11-22 15:13:43,335 - INFO - Epoch 84:
2025-11-22 15:13:43,337 - INFO -   训练损失: 5.37 | 验证损失: 0.92
2025-11-22 15:13:43,338 - INFO -   预测/目标: 201600/93434
2025-11-22 15:13:43,338 - INFO -   ⏳ mAP_0.5_0.95 无改善 (13/35), 最佳值: 0.5556 (epoch 71)
2025-11-22 15:13:43,919 - INFO - 💾 保存最新检查点: logs/dset2_r18_20251122_112338/latest_checkpoint.pth
2025-11-22 15:13:46,246 - INFO - [DEBUG] Epoch 85: pruner.current_epoch=85, pruner.pruning_enabled=True, pruner.warmup_epochs=10
2025-11-22 15:13:53,272 - INFO - Epoch 85 | Batch 0 | Loss: 5.51 (Det: 5.41, MoE: 1.0179)
2025-11-22 15:14:51,906 - INFO - Epoch 85 | Batch 50 | Loss: 5.29 (Det: 5.19, MoE: 1.0161)
2025-11-22 15:16:20,468 - INFO - Epoch 85:
2025-11-22 15:16:20,469 - INFO -   训练损失: 5.37 | 验证损失: 0.92
2025-11-22 15:16:20,469 - INFO -   预测/目标: 201600/93434
2025-11-22 15:16:20,470 - INFO -   检测损失: 5.27
2025-11-22 15:16:20,470 - INFO -   Decoder MoE损失: 1.0001
2025-11-22 15:16:20,471 - INFO -   Encoder Patch-MoE Balance损失: 0.0101
2025-11-22 15:16:20,471 - INFO -   Encoder Patch-MoE Entropy损失: -0.6931
2025-11-22 15:16:20,471 - INFO -   Encoder MoE总损失: -0.6831
2025-11-22 15:16:20,471 - INFO -   Token Pruning损失: 0.000027
2025-11-22 15:16:20,471 - INFO -   MoE总损失: 1.0102
2025-11-22 15:16:20,471 - INFO -   Decoder专家使用率: [50.08%, 49.92%]
2025-11-22 15:16:20,471 - INFO -   ⏳ mAP_0.5_0.95 无改善 (14/35), 最佳值: 0.5556 (epoch 71)
2025-11-22 15:16:21,020 - INFO - 💾 保存最新检查点: logs/dset2_r18_20251122_112338/latest_checkpoint.pth
2025-11-22 15:16:29,162 - INFO - Epoch 86 | Batch 0 | Loss: 5.31 (Det: 5.22, MoE: 1.0148)
2025-11-22 15:17:27,520 - INFO - Epoch 86 | Batch 50 | Loss: 5.38 (Det: 5.28, MoE: 1.0017)
2025-11-22 15:18:56,963 - INFO - Epoch 86:
2025-11-22 15:18:56,963 - INFO -   训练损失: 5.35 | 验证损失: 0.92
2025-11-22 15:18:56,965 - INFO -   预测/目标: 201600/93434
2025-11-22 15:18:56,965 - INFO -   ⏳ mAP_0.5_0.95 无改善 (15/35), 最佳值: 0.5556 (epoch 71)
2025-11-22 15:18:57,514 - INFO - 💾 保存最新检查点: logs/dset2_r18_20251122_112338/latest_checkpoint.pth
2025-11-22 15:19:07,033 - INFO - Epoch 87 | Batch 0 | Loss: 5.23 (Det: 5.13, MoE: 1.0170)
2025-11-22 15:20:06,502 - INFO - Epoch 87 | Batch 50 | Loss: 5.45 (Det: 5.35, MoE: 1.0016)
2025-11-22 15:21:35,922 - INFO - Epoch 87:
2025-11-22 15:21:35,924 - INFO -   训练损失: 5.33 | 验证损失: 0.92
2025-11-22 15:21:35,924 - INFO -   预测/目标: 201600/93434
2025-11-22 15:21:35,925 - INFO -   ⏳ mAP_0.5_0.95 无改善 (16/35), 最佳值: 0.5556 (epoch 71)
2025-11-22 15:21:36,374 - INFO - 💾 保存最新检查点: logs/dset2_r18_20251122_112338/latest_checkpoint.pth
2025-11-22 15:21:45,287 - INFO - Epoch 88 | Batch 0 | Loss: 5.19 (Det: 5.09, MoE: 1.0207)
2025-11-22 15:22:44,642 - INFO - Epoch 88 | Batch 50 | Loss: 5.30 (Det: 5.20, MoE: 1.0214)
2025-11-22 15:24:14,082 - INFO - Epoch 88:
2025-11-22 15:24:14,083 - INFO -   训练损失: 5.32 | 验证损失: 0.92
2025-11-22 15:24:14,084 - INFO -   预测/目标: 201600/93434
2025-11-22 15:24:14,085 - INFO -   ⏳ mAP_0.5_0.95 无改善 (17/35), 最佳值: 0.5556 (epoch 71)
2025-11-22 15:24:14,622 - INFO - 💾 保存最新检查点: logs/dset2_r18_20251122_112338/latest_checkpoint.pth
2025-11-22 15:24:22,321 - INFO - Epoch 89 | Batch 0 | Loss: 5.38 (Det: 5.28, MoE: 1.0023)
2025-11-22 15:25:22,328 - INFO - Epoch 89 | Batch 50 | Loss: 5.42 (Det: 5.32, MoE: 1.0005)
2025-11-22 15:26:49,271 - INFO - Epoch 89:
2025-11-22 15:26:49,273 - INFO -   训练损失: 5.32 | 验证损失: 0.93
2025-11-22 15:26:49,273 - INFO -   预测/目标: 201600/93434
2025-11-22 15:26:49,273 - INFO -   ⏳ mAP_0.5_0.95 无改善 (18/35), 最佳值: 0.5556 (epoch 71)
2025-11-22 15:26:49,871 - INFO - 💾 保存最新检查点: logs/dset2_r18_20251122_112338/latest_checkpoint.pth
2025-11-22 15:26:52,222 - INFO - [DEBUG] Epoch 90: pruner.current_epoch=90, pruner.pruning_enabled=True, pruner.warmup_epochs=10
2025-11-22 15:26:59,629 - INFO - Epoch 90 | Batch 0 | Loss: 5.32 (Det: 5.22, MoE: 1.0046)
2025-11-22 15:27:58,407 - INFO - Epoch 90 | Batch 50 | Loss: 5.25 (Det: 5.15, MoE: 1.0007)
2025-11-22 15:29:27,217 - INFO - Epoch 90:
2025-11-22 15:29:27,219 - INFO -   训练损失: 5.30 | 验证损失: 0.93
2025-11-22 15:29:27,219 - INFO -   预测/目标: 201600/93434
2025-11-22 15:29:27,219 - INFO -   检测损失: 5.20
2025-11-22 15:29:27,220 - INFO -   Decoder MoE损失: 1.0001
2025-11-22 15:29:27,220 - INFO -   Encoder Patch-MoE Balance损失: 0.0083
2025-11-22 15:29:27,220 - INFO -   Encoder Patch-MoE Entropy损失: -0.6931
2025-11-22 15:29:27,220 - INFO -   Encoder MoE总损失: -0.6848
2025-11-22 15:29:27,220 - INFO -   Token Pruning损失: 0.000024
2025-11-22 15:29:27,220 - INFO -   MoE总损失: 1.0084
2025-11-22 15:29:27,220 - INFO -   Decoder专家使用率: [50.04%, 49.96%]
2025-11-22 15:29:27,220 - INFO -   ⏳ mAP_0.5_0.95 无改善 (19/35), 最佳值: 0.5556 (epoch 71)
2025-11-22 15:29:27,768 - INFO - 💾 保存最新检查点: logs/dset2_r18_20251122_112338/latest_checkpoint.pth
2025-11-22 15:29:34,449 - INFO - Epoch 91 | Batch 0 | Loss: 5.20 (Det: 5.10, MoE: 1.0032)
2025-11-22 15:30:34,857 - INFO - Epoch 91 | Batch 50 | Loss: 5.43 (Det: 5.33, MoE: 1.0113)
2025-11-22 15:32:02,956 - INFO - Epoch 91:
2025-11-22 15:32:02,958 - INFO -   训练损失: 5.29 | 验证损失: 0.92
2025-11-22 15:32:02,958 - INFO -   预测/目标: 201600/93434
2025-11-22 15:32:02,958 - INFO -   ⏳ mAP_0.5_0.95 无改善 (20/35), 最佳值: 0.5556 (epoch 71)
2025-11-22 15:32:03,533 - INFO - 💾 保存最新检查点: logs/dset2_r18_20251122_112338/latest_checkpoint.pth
2025-11-22 15:32:11,082 - INFO - Epoch 92 | Batch 0 | Loss: 5.24 (Det: 5.14, MoE: 1.0057)
2025-11-22 15:33:10,658 - INFO - Epoch 92 | Batch 50 | Loss: 5.31 (Det: 5.21, MoE: 1.0151)
2025-11-22 15:34:39,342 - INFO - Epoch 92:
2025-11-22 15:34:39,343 - INFO -   训练损失: 5.28 | 验证损失: 0.93
2025-11-22 15:34:39,344 - INFO -   预测/目标: 201600/93434
2025-11-22 15:34:39,344 - INFO -   ⏳ mAP_0.5_0.95 无改善 (21/35), 最佳值: 0.5556 (epoch 71)
2025-11-22 15:34:39,860 - INFO - 💾 保存最新检查点: logs/dset2_r18_20251122_112338/latest_checkpoint.pth
2025-11-22 15:34:48,524 - INFO - Epoch 93 | Batch 0 | Loss: 5.27 (Det: 5.17, MoE: 1.0083)
2025-11-22 15:35:47,219 - INFO - Epoch 93 | Batch 50 | Loss: 5.35 (Det: 5.25, MoE: 1.0038)
2025-11-22 15:37:16,571 - INFO - Epoch 93:
2025-11-22 15:37:16,572 - INFO -   训练损失: 5.27 | 验证损失: 0.93
2025-11-22 15:37:16,572 - INFO -   预测/目标: 201600/93434
2025-11-22 15:37:16,573 - INFO -   ⏳ mAP_0.5_0.95 无改善 (22/35), 最佳值: 0.5556 (epoch 71)
2025-11-22 15:37:17,097 - INFO - 💾 保存最新检查点: logs/dset2_r18_20251122_112338/latest_checkpoint.pth
2025-11-22 15:37:25,702 - INFO - Epoch 94 | Batch 0 | Loss: 5.32 (Det: 5.23, MoE: 1.0006)
2025-11-22 15:38:24,911 - INFO - Epoch 94 | Batch 50 | Loss: 5.33 (Det: 5.23, MoE: 1.0118)
2025-11-22 15:39:53,572 - INFO - Epoch 94:
2025-11-22 15:39:53,574 - INFO -   训练损失: 5.26 | 验证损失: 0.93
2025-11-22 15:39:53,575 - INFO -   预测/目标: 201600/93434
2025-11-22 15:39:53,575 - INFO -   ⏳ mAP_0.5_0.95 无改善 (23/35), 最佳值: 0.5556 (epoch 71)
2025-11-22 15:39:54,108 - INFO - 💾 保存最新检查点: logs/dset2_r18_20251122_112338/latest_checkpoint.pth
2025-11-22 15:39:56,821 - INFO - [DEBUG] Epoch 95: pruner.current_epoch=95, pruner.pruning_enabled=True, pruner.warmup_epochs=10
2025-11-22 15:40:04,051 - INFO - Epoch 95 | Batch 0 | Loss: 5.16 (Det: 5.06, MoE: 1.0023)
2025-11-22 15:41:02,639 - INFO - Epoch 95 | Batch 50 | Loss: 5.31 (Det: 5.22, MoE: 1.0006)
2025-11-22 15:42:31,145 - INFO - Epoch 95:
2025-11-22 15:42:31,146 - INFO -   训练损失: 5.24 | 验证损失: 0.93
2025-11-22 15:42:31,147 - INFO -   预测/目标: 201600/93434
2025-11-22 15:42:31,147 - INFO -   检测损失: 5.15
2025-11-22 15:42:31,147 - INFO -   Decoder MoE损失: 1.0000
2025-11-22 15:42:31,147 - INFO -   Encoder Patch-MoE Balance损失: 0.0112
2025-11-22 15:42:31,147 - INFO -   Encoder Patch-MoE Entropy损失: -0.6931
2025-11-22 15:42:31,147 - INFO -   Encoder MoE总损失: -0.6819
2025-11-22 15:42:31,147 - INFO -   Token Pruning损失: 0.000022
2025-11-22 15:42:31,147 - INFO -   MoE总损失: 1.0113
2025-11-22 15:42:31,148 - INFO -   Decoder专家使用率: [49.95%, 50.05%]
2025-11-22 15:42:31,148 - INFO -   ⏳ mAP_0.5_0.95 无改善 (24/35), 最佳值: 0.5556 (epoch 71)
2025-11-22 15:42:31,671 - INFO - 💾 保存最新检查点: logs/dset2_r18_20251122_112338/latest_checkpoint.pth
2025-11-22 15:42:39,753 - INFO - Epoch 96 | Batch 0 | Loss: 5.28 (Det: 5.18, MoE: 1.0142)
2025-11-22 15:43:39,503 - INFO - Epoch 96 | Batch 50 | Loss: 5.29 (Det: 5.19, MoE: 1.0052)
2025-11-22 15:45:08,401 - INFO - Epoch 96:
2025-11-22 15:45:08,402 - INFO -   训练损失: 5.23 | 验证损失: 0.93
2025-11-22 15:45:08,403 - INFO -   预测/目标: 201600/93434
2025-11-22 15:45:08,403 - INFO -   ⏳ mAP_0.5_0.95 无改善 (25/35), 最佳值: 0.5556 (epoch 71)
2025-11-22 15:45:09,203 - INFO - 💾 保存最新检查点: logs/dset2_r18_20251122_112338/latest_checkpoint.pth
2025-11-22 15:45:16,415 - INFO - Epoch 97 | Batch 0 | Loss: 5.17 (Det: 5.07, MoE: 1.0043)
2025-11-22 15:46:16,918 - INFO - Epoch 97 | Batch 50 | Loss: 5.34 (Det: 5.24, MoE: 1.0029)
2025-11-22 15:47:44,123 - INFO - Epoch 97:
2025-11-22 15:47:44,124 - INFO -   训练损失: 5.23 | 验证损失: 0.93
2025-11-22 15:47:44,124 - INFO -   预测/目标: 201600/93434
2025-11-22 15:47:44,125 - INFO -   ⏳ mAP_0.5_0.95 无改善 (26/35), 最佳值: 0.5556 (epoch 71)
2025-11-22 15:47:44,662 - INFO - 💾 保存最新检查点: logs/dset2_r18_20251122_112338/latest_checkpoint.pth
2025-11-22 15:47:51,576 - INFO - Epoch 98 | Batch 0 | Loss: 5.24 (Det: 5.15, MoE: 1.0018)
2025-11-22 15:48:49,759 - INFO - Epoch 98 | Batch 50 | Loss: 5.20 (Det: 5.11, MoE: 1.0158)
2025-11-22 15:50:17,269 - INFO - Epoch 98:
2025-11-22 15:50:17,270 - INFO -   训练损失: 5.22 | 验证损失: 0.93
2025-11-22 15:50:17,271 - INFO -   预测/目标: 201600/93434
2025-11-22 15:50:17,271 - INFO -   ⏳ mAP_0.5_0.95 无改善 (27/35), 最佳值: 0.5556 (epoch 71)
2025-11-22 15:50:17,783 - INFO - 💾 保存最新检查点: logs/dset2_r18_20251122_112338/latest_checkpoint.pth
2025-11-22 15:50:25,500 - INFO - Epoch 99 | Batch 0 | Loss: 5.30 (Det: 5.20, MoE: 1.0076)
2025-11-22 15:51:24,078 - INFO - Epoch 99 | Batch 50 | Loss: 5.23 (Det: 5.13, MoE: 1.0031)
2025-11-22 15:52:51,933 - INFO - Epoch 99:
2025-11-22 15:52:51,934 - INFO -   训练损失: 5.21 | 验证损失: 0.93
2025-11-22 15:52:51,935 - INFO -   预测/目标: 201600/93434
2025-11-22 15:52:51,935 - INFO -   ⏳ mAP_0.5_0.95 无改善 (28/35), 最佳值: 0.5556 (epoch 71)
2025-11-22 15:52:52,531 - INFO - 💾 保存最新检查点: logs/dset2_r18_20251122_112338/latest_checkpoint.pth
2025-11-22 15:52:55,226 - INFO - [DEBUG] Epoch 100: pruner.current_epoch=100, pruner.pruning_enabled=True, pruner.warmup_epochs=10
2025-11-22 15:53:01,275 - INFO - Epoch 100 | Batch 0 | Loss: 5.23 (Det: 5.14, MoE: 1.0038)
2025-11-22 15:53:59,692 - INFO - Epoch 100 | Batch 50 | Loss: 5.16 (Det: 5.07, MoE: 1.0023)
2025-11-22 15:55:27,651 - INFO - Epoch 100:
2025-11-22 15:55:27,652 - INFO -   训练损失: 5.19 | 验证损失: 0.93
2025-11-22 15:55:27,653 - INFO -   预测/目标: 201600/93434
2025-11-22 15:55:27,654 - INFO -   检测损失: 5.09
2025-11-22 15:55:27,654 - INFO -   Decoder MoE损失: 1.0000
2025-11-22 15:55:27,654 - INFO -   Encoder Patch-MoE Balance损失: 0.0073
2025-11-22 15:55:27,654 - INFO -   Encoder Patch-MoE Entropy损失: -0.6931
2025-11-22 15:55:27,654 - INFO -   Encoder MoE总损失: -0.6858
2025-11-22 15:55:27,654 - INFO -   Token Pruning损失: 0.000020
2025-11-22 15:55:27,654 - INFO -   MoE总损失: 1.0074
2025-11-22 15:55:27,654 - INFO -   Decoder专家使用率: [50.02%, 49.98%]
2025-11-22 15:55:27,654 - INFO -   ⏳ mAP_0.5_0.95 无改善 (29/35), 最佳值: 0.5556 (epoch 71)
2025-11-22 15:55:28,172 - INFO - 💾 保存最新检查点: logs/dset2_r18_20251122_112338/latest_checkpoint.pth
2025-11-22 15:55:38,675 - INFO - Epoch 101 | Batch 0 | Loss: 5.16 (Det: 5.06, MoE: 1.0168)
2025-11-22 15:56:37,252 - INFO - Epoch 101 | Batch 50 | Loss: 5.07 (Det: 4.97, MoE: 1.0001)
2025-11-22 15:58:06,101 - INFO - Epoch 101:
2025-11-22 15:58:06,102 - INFO -   训练损失: 5.19 | 验证损失: 0.93
2025-11-22 15:58:06,102 - INFO -   预测/目标: 201600/93434
2025-11-22 15:58:06,103 - INFO -   ⏳ mAP_0.5_0.95 无改善 (30/35), 最佳值: 0.5556 (epoch 71)
2025-11-22 15:58:06,626 - INFO - 💾 保存最新检查点: logs/dset2_r18_20251122_112338/latest_checkpoint.pth
2025-11-22 15:58:13,617 - INFO - Epoch 102 | Batch 0 | Loss: 5.35 (Det: 5.25, MoE: 1.0385)
2025-11-22 15:59:12,100 - INFO - Epoch 102 | Batch 50 | Loss: 5.10 (Det: 5.00, MoE: 1.0012)
2025-11-22 16:00:40,386 - INFO - Epoch 102:
2025-11-22 16:00:40,387 - INFO -   训练损失: 5.18 | 验证损失: 0.93
2025-11-22 16:00:40,387 - INFO -   预测/目标: 201600/93434
2025-11-22 16:00:40,388 - INFO -   ⏳ mAP_0.5_0.95 无改善 (31/35), 最佳值: 0.5556 (epoch 71)
2025-11-22 16:00:40,943 - INFO - 💾 保存最新检查点: logs/dset2_r18_20251122_112338/latest_checkpoint.pth
2025-11-22 16:00:47,762 - INFO - Epoch 103 | Batch 0 | Loss: 5.15 (Det: 5.05, MoE: 1.0143)
2025-11-22 16:01:46,953 - INFO - Epoch 103 | Batch 50 | Loss: 5.24 (Det: 5.14, MoE: 1.0063)
2025-11-22 16:03:16,009 - INFO - Epoch 103:
2025-11-22 16:03:16,010 - INFO -   训练损失: 5.16 | 验证损失: 0.94
2025-11-22 16:03:16,011 - INFO -   预测/目标: 201600/93434
2025-11-22 16:03:16,011 - INFO -   ⏳ mAP_0.5_0.95 无改善 (32/35), 最佳值: 0.5556 (epoch 71)
2025-11-22 16:03:16,446 - INFO - 💾 保存最新检查点: logs/dset2_r18_20251122_112338/latest_checkpoint.pth
2025-11-22 16:03:26,609 - INFO - Epoch 104 | Batch 0 | Loss: 5.06 (Det: 4.96, MoE: 1.0232)
2025-11-22 16:04:25,143 - INFO - Epoch 104 | Batch 50 | Loss: 5.09 (Det: 4.99, MoE: 1.0001)
2025-11-22 16:05:52,650 - INFO - Epoch 104:
2025-11-22 16:05:52,651 - INFO -   训练损失: 5.16 | 验证损失: 0.94
2025-11-22 16:05:52,652 - INFO -   预测/目标: 201600/93434
2025-11-22 16:05:52,652 - INFO -   ⏳ mAP_0.5_0.95 无改善 (33/35), 最佳值: 0.5556 (epoch 71)
2025-11-22 16:05:53,174 - INFO - 💾 保存最新检查点: logs/dset2_r18_20251122_112338/latest_checkpoint.pth
2025-11-22 16:05:55,894 - INFO - [DEBUG] Epoch 105: pruner.current_epoch=105, pruner.pruning_enabled=True, pruner.warmup_epochs=10
2025-11-22 16:06:00,264 - INFO - Epoch 105 | Batch 0 | Loss: 5.05 (Det: 4.95, MoE: 1.0019)
2025-11-22 16:06:59,767 - INFO - Epoch 105 | Batch 50 | Loss: 5.11 (Det: 5.01, MoE: 1.0455)
2025-11-22 16:08:27,943 - INFO - Epoch 105:
2025-11-22 16:08:27,944 - INFO -   训练损失: 5.14 | 验证损失: 0.94
2025-11-22 16:08:27,945 - INFO -   预测/目标: 201600/93434
2025-11-22 16:08:27,945 - INFO -   检测损失: 5.04
2025-11-22 16:08:27,945 - INFO -   Decoder MoE损失: 1.0000
2025-11-22 16:08:27,945 - INFO -   Encoder Patch-MoE Balance损失: 0.0105
2025-11-22 16:08:27,945 - INFO -   Encoder Patch-MoE Entropy损失: -0.6931
2025-11-22 16:08:27,945 - INFO -   Encoder MoE总损失: -0.6826
2025-11-22 16:08:27,945 - INFO -   Token Pruning损失: 0.000018
2025-11-22 16:08:27,945 - INFO -   MoE总损失: 1.0106
2025-11-22 16:08:27,945 - INFO -   Decoder专家使用率: [50.01%, 49.99%]
2025-11-22 16:08:27,945 - INFO -   ⏳ mAP_0.5_0.95 无改善 (34/35), 最佳值: 0.5556 (epoch 71)
2025-11-22 16:08:28,477 - INFO - 💾 保存最新检查点: logs/dset2_r18_20251122_112338/latest_checkpoint.pth
2025-11-22 16:08:36,103 - INFO - Epoch 106 | Batch 0 | Loss: 5.11 (Det: 5.01, MoE: 1.0048)
2025-11-22 16:09:35,841 - INFO - Epoch 106 | Batch 50 | Loss: 5.22 (Det: 5.12, MoE: 1.0022)
2025-11-22 16:11:04,702 - INFO - Epoch 106:
2025-11-22 16:11:04,703 - INFO -   训练损失: 5.14 | 验证损失: 0.94
2025-11-22 16:11:04,704 - INFO -   预测/目标: 201600/93434
2025-11-22 16:11:04,705 - INFO -   ⏳ mAP_0.5_0.95 无改善 (35/35), 最佳值: 0.5556 (epoch 71)
2025-11-22 16:11:04,705 - INFO - 
============================================================
⛔ Early Stopping触发！
   已连续 35 个epoch无改善
   最佳 mAP_0.5_0.95: 0.5556 (epoch 71)
============================================================

2025-11-22 16:11:04,705 - INFO - Early Stopping在epoch 106触发，停止训练
2025-11-22 16:11:04,705 - INFO - ✓ 训练完成！
2025-11-22 16:11:07,075 - INFO - ✓ 训练曲线已保存到: logs/dset2_r18_20251122_112338/training_curves.png
2025-11-22 16:11:07,075 - INFO - ✓ 训练历史已导出到: logs/dset2_r18_20251122_112338/training_history.csv
2025-11-22 16:11:07,075 - INFO - ============================================================
2025-11-22 16:11:07,075 - INFO - 使用best_model生成推理结果（5张图像）...
2025-11-22 16:11:11,750 - INFO -   生成best_model推理结果（前5张）...
2025-11-22 16:11:12,275 - INFO -   ✓ 推理结果已保存到: logs/dset2_r18_20251122_112338/inference_samples
