2025-11-27 15:57:44,757 - INFO - ✓ 配置已保存到: logs/yolo_v8l_20251127_155744/config.yaml
2025-11-27 15:57:44,757 - INFO - ✓ 初始化YOLOv8训练器
2025-11-27 15:57:44,757 - INFO -   类别数量: 8
2025-11-27 15:57:44,757 - INFO -   类别: Car, Truck, Van, Bus, Pedestrian, Cyclist, Motorcyclist, Trafficcone
2025-11-27 15:57:44,759 - INFO - ✓ 配置已保存到: logs/yolo_v8l_20251127_155744/config.yaml
2025-11-27 15:57:44,759 - INFO - ================================================================================
2025-11-27 15:57:44,759 - INFO - 🚀 开始YOLOv8训练
2025-11-27 15:57:44,759 - INFO - ================================================================================
2025-11-27 15:57:44,759 - INFO - ✓ 加载预训练权重: /root/autodl-tmp/DSET/experiments/yolov8/pretrained/yolov8l.pt
2025-11-27 15:57:44,894 - INFO -   模型将在训练时自动适配 8 类（从data.yaml读取）
2025-11-27 15:57:44,896 - INFO - 📝 训练配置:
2025-11-27 15:57:44,896 - INFO -   数据集路径: /root/autodl-fs/datasets/DAIR-V2X_YOLO/dairv2x.yaml
2025-11-27 15:57:44,896 - INFO -   训练轮数: 200
2025-11-27 15:57:44,896 - INFO -   批次大小: 48
2025-11-27 15:57:44,896 - INFO -   优化器: AdamW
2025-11-27 15:57:44,896 - INFO -   初始学习率: 0.01
2025-11-27 15:57:44,896 - INFO -   Weight decay: 0.0001
2025-11-27 15:57:44,896 - INFO -   输出目录: logs/yolo_v8l_20251127_155744
2025-11-27 15:57:44,896 - INFO -   预训练权重: pretrained/yolov8l.pt
2025-11-27 15:57:44,896 - INFO - ================================================================================
2025-11-27 15:57:44,896 - INFO - 训练配置摘要:
2025-11-27 15:57:44,896 - INFO -   - 训练轮数: 200
2025-11-27 15:57:44,896 - INFO -   - 批次大小: 48
2025-11-27 15:57:44,896 - INFO -   - 优化器: AdamW
2025-11-27 15:57:44,896 - INFO -   - 初始学习率: 0.01
2025-11-27 15:57:44,896 - INFO -   - Weight decay: 0.0001
2025-11-27 15:57:44,896 - INFO -   - Warmup轮数: 3.0
2025-11-27 15:57:44,896 - INFO -   - 设备: cuda
2025-11-27 15:57:44,896 - INFO - ================================================================================
2025-11-27 15:57:44,896 - INFO - 开始训练 200 epochs
2025-11-27 17:09:25,976 - INFO - ================================================================================
2025-11-27 17:09:25,976 - INFO - ✅ 训练完成！
2025-11-27 17:09:25,976 - INFO - ================================================================================
2025-11-27 17:09:25,982 - INFO - ================================================================================
2025-11-27 17:09:25,983 - INFO - 训练过程摘要（按RT-DETR格式）:
2025-11-27 17:09:25,983 - INFO - ================================================================================
2025-11-27 17:09:25,983 - INFO - Epoch 1:
2025-11-27 17:09:25,983 - INFO -   训练损失: 4.13 | 验证损失: 6.05
2025-11-27 17:09:25,983 - INFO -   mAP@0.5: 0.1413
2025-11-27 17:09:25,983 - INFO -   mAP@0.5:0.95: 0.0662
2025-11-27 17:09:25,983 - INFO - Epoch 2:
2025-11-27 17:09:25,983 - INFO -   训练损失: 2.96 | 验证损失: 5.71
2025-11-27 17:09:25,983 - INFO -   mAP@0.5: 0.2479
2025-11-27 17:09:25,983 - INFO -   mAP@0.5:0.95: 0.1173
2025-11-27 17:09:25,983 - INFO - Epoch 3:
2025-11-27 17:09:25,983 - INFO -   训练损失: 2.80 | 验证损失: 5.53
2025-11-27 17:09:25,983 - INFO -   mAP@0.5: 0.2177
2025-11-27 17:09:25,983 - INFO -   mAP@0.5:0.95: 0.1006
2025-11-27 17:09:25,983 - INFO - Epoch 4:
2025-11-27 17:09:25,983 - INFO -   训练损失: 2.70 | 验证损失: 3.78
2025-11-27 17:09:25,983 - INFO -   mAP@0.5: 0.3979
2025-11-27 17:09:25,983 - INFO -   mAP@0.5:0.95: 0.2235
2025-11-27 17:09:25,983 - INFO - Epoch 5:
2025-11-27 17:09:25,983 - INFO -   训练损失: 2.56 | 验证损失: 2.73
2025-11-27 17:09:25,983 - INFO -   mAP@0.5: 0.7058
2025-11-27 17:09:25,983 - INFO -   mAP@0.5:0.95: 0.4371
2025-11-27 17:09:25,984 - INFO - Epoch 6:
2025-11-27 17:09:25,984 - INFO -   训练损失: 2.47 | 验证损失: 2.61
2025-11-27 17:09:25,984 - INFO -   mAP@0.5: 0.7332
2025-11-27 17:09:25,984 - INFO -   mAP@0.5:0.95: 0.4783
2025-11-27 17:09:25,984 - INFO - Epoch 7:
2025-11-27 17:09:25,984 - INFO -   训练损失: 2.40 | 验证损失: 2.65
2025-11-27 17:09:25,984 - INFO -   mAP@0.5: 0.7236
2025-11-27 17:09:25,984 - INFO -   mAP@0.5:0.95: 0.4664
2025-11-27 17:09:25,984 - INFO - Epoch 8:
2025-11-27 17:09:25,984 - INFO -   训练损失: 2.35 | 验证损失: 2.58
2025-11-27 17:09:25,984 - INFO -   mAP@0.5: 0.6911
2025-11-27 17:09:25,984 - INFO -   mAP@0.5:0.95: 0.4521
2025-11-27 17:09:25,984 - INFO - Epoch 9:
2025-11-27 17:09:25,984 - INFO -   训练损失: 2.33 | 验证损失: 2.59
2025-11-27 17:09:25,984 - INFO -   mAP@0.5: 0.7570
2025-11-27 17:09:25,984 - INFO -   mAP@0.5:0.95: 0.4961
2025-11-27 17:09:25,984 - INFO - Epoch 10:
2025-11-27 17:09:25,984 - INFO -   训练损失: 2.32 | 验证损失: 2.72
2025-11-27 17:09:25,984 - INFO -   mAP@0.5: 0.7286
2025-11-27 17:09:25,984 - INFO -   mAP@0.5:0.95: 0.4660
2025-11-27 17:09:25,984 - INFO - Epoch 11:
2025-11-27 17:09:25,984 - INFO -   训练损失: 2.28 | 验证损失: 2.60
2025-11-27 17:09:25,984 - INFO -   mAP@0.5: 0.7597
2025-11-27 17:09:25,984 - INFO -   mAP@0.5:0.95: 0.4893
2025-11-27 17:09:25,984 - INFO - Epoch 12:
2025-11-27 17:09:25,984 - INFO -   训练损失: 2.25 | 验证损失: 2.52
2025-11-27 17:09:25,984 - INFO -   mAP@0.5: 0.7127
2025-11-27 17:09:25,984 - INFO -   mAP@0.5:0.95: 0.4672
2025-11-27 17:09:25,985 - INFO - Epoch 13:
2025-11-27 17:09:25,985 - INFO -   训练损失: 2.24 | 验证损失: 2.46
2025-11-27 17:09:25,985 - INFO -   mAP@0.5: 0.7853
2025-11-27 17:09:25,985 - INFO -   mAP@0.5:0.95: 0.5243
2025-11-27 17:09:25,985 - INFO - Epoch 14:
2025-11-27 17:09:25,985 - INFO -   训练损失: 2.21 | 验证损失: 2.58
2025-11-27 17:09:25,985 - INFO -   mAP@0.5: 0.7466
2025-11-27 17:09:25,985 - INFO -   mAP@0.5:0.95: 0.4880
2025-11-27 17:09:25,985 - INFO - Epoch 15:
2025-11-27 17:09:25,985 - INFO -   训练损失: 2.20 | 验证损失: 2.48
2025-11-27 17:09:25,985 - INFO -   mAP@0.5: 0.7695
2025-11-27 17:09:25,985 - INFO -   mAP@0.5:0.95: 0.5145
2025-11-27 17:09:25,985 - INFO - Epoch 16:
2025-11-27 17:09:25,985 - INFO -   训练损失: 2.18 | 验证损失: 2.47
2025-11-27 17:09:25,985 - INFO -   mAP@0.5: 0.7931
2025-11-27 17:09:25,985 - INFO -   mAP@0.5:0.95: 0.5295
2025-11-27 17:09:25,985 - INFO - Epoch 17:
2025-11-27 17:09:25,985 - INFO -   训练损失: 2.18 | 验证损失: 2.39
2025-11-27 17:09:25,985 - INFO -   mAP@0.5: 0.7925
2025-11-27 17:09:25,985 - INFO -   mAP@0.5:0.95: 0.5375
2025-11-27 17:09:25,985 - INFO - Epoch 18:
2025-11-27 17:09:25,985 - INFO -   训练损失: 2.17 | 验证损失: 2.53
2025-11-27 17:09:25,985 - INFO -   mAP@0.5: 0.7637
2025-11-27 17:09:25,985 - INFO -   mAP@0.5:0.95: 0.5043
2025-11-27 17:09:25,985 - INFO - Epoch 19:
2025-11-27 17:09:25,985 - INFO -   训练损失: 2.19 | 验证损失: 2.36
2025-11-27 17:09:25,985 - INFO -   mAP@0.5: 0.8170
2025-11-27 17:09:25,985 - INFO -   mAP@0.5:0.95: 0.5663
2025-11-27 17:09:25,985 - INFO - Epoch 20:
2025-11-27 17:09:25,985 - INFO -   训练损失: 2.15 | 验证损失: 2.37
2025-11-27 17:09:25,986 - INFO -   mAP@0.5: 0.8160
2025-11-27 17:09:25,986 - INFO -   mAP@0.5:0.95: 0.5606
2025-11-27 17:09:25,986 - INFO - Epoch 21:
2025-11-27 17:09:25,986 - INFO -   训练损失: 2.14 | 验证损失: 2.33
2025-11-27 17:09:25,986 - INFO -   mAP@0.5: 0.8249
2025-11-27 17:09:25,986 - INFO -   mAP@0.5:0.95: 0.5681
2025-11-27 17:09:25,986 - INFO - Epoch 22:
2025-11-27 17:09:25,986 - INFO -   训练损失: 2.14 | 验证损失: 2.42
2025-11-27 17:09:25,986 - INFO -   mAP@0.5: 0.8099
2025-11-27 17:09:25,986 - INFO -   mAP@0.5:0.95: 0.5442
2025-11-27 17:09:25,986 - INFO - Epoch 23:
2025-11-27 17:09:25,986 - INFO -   训练损失: 2.12 | 验证损失: 2.19
2025-11-27 17:09:25,986 - INFO -   mAP@0.5: 0.8463
2025-11-27 17:09:25,986 - INFO -   mAP@0.5:0.95: 0.6007
2025-11-27 17:09:25,986 - INFO - Epoch 24:
2025-11-27 17:09:25,986 - INFO -   训练损失: 2.10 | 验证损失: 2.31
2025-11-27 17:09:25,986 - INFO -   mAP@0.5: 0.8154
2025-11-27 17:09:25,986 - INFO -   mAP@0.5:0.95: 0.5709
2025-11-27 17:09:25,986 - INFO - Epoch 25:
2025-11-27 17:09:25,986 - INFO -   训练损失: 2.09 | 验证损失: 2.27
2025-11-27 17:09:25,986 - INFO -   mAP@0.5: 0.8422
2025-11-27 17:09:25,986 - INFO -   mAP@0.5:0.95: 0.5861
2025-11-27 17:09:25,986 - INFO - Epoch 26:
2025-11-27 17:09:25,986 - INFO -   训练损失: 2.09 | 验证损失: 2.41
2025-11-27 17:09:25,986 - INFO -   mAP@0.5: 0.7908
2025-11-27 17:09:25,986 - INFO -   mAP@0.5:0.95: 0.5288
2025-11-27 17:09:25,986 - INFO - Epoch 27:
2025-11-27 17:09:25,986 - INFO -   训练损失: 2.09 | 验证损失: 2.25
2025-11-27 17:09:25,986 - INFO -   mAP@0.5: 0.8257
2025-11-27 17:09:25,987 - INFO -   mAP@0.5:0.95: 0.5858
2025-11-27 17:09:25,987 - INFO - Epoch 28:
2025-11-27 17:09:25,987 - INFO -   训练损失: 2.07 | 验证损失: 2.26
2025-11-27 17:09:25,987 - INFO -   mAP@0.5: 0.8348
2025-11-27 17:09:25,987 - INFO -   mAP@0.5:0.95: 0.5913
2025-11-27 17:09:25,987 - INFO - Epoch 29:
2025-11-27 17:09:25,987 - INFO -   训练损失: 2.07 | 验证损失: 2.36
2025-11-27 17:09:25,987 - INFO -   mAP@0.5: 0.8074
2025-11-27 17:09:25,987 - INFO -   mAP@0.5:0.95: 0.5457
2025-11-27 17:09:25,987 - INFO - Epoch 30:
2025-11-27 17:09:25,987 - INFO -   训练损失: 2.07 | 验证损失: 2.24
2025-11-27 17:09:25,987 - INFO -   mAP@0.5: 0.8327
2025-11-27 17:09:25,987 - INFO -   mAP@0.5:0.95: 0.5950
2025-11-27 17:09:25,987 - INFO - Epoch 31:
2025-11-27 17:09:25,987 - INFO -   训练损失: 2.05 | 验证损失: 2.42
2025-11-27 17:09:25,987 - INFO -   mAP@0.5: 0.7965
2025-11-27 17:09:25,987 - INFO -   mAP@0.5:0.95: 0.5342
2025-11-27 17:09:25,987 - INFO - Epoch 32:
2025-11-27 17:09:25,987 - INFO -   训练损失: 2.06 | 验证损失: 2.32
2025-11-27 17:09:25,987 - INFO -   mAP@0.5: 0.8265
2025-11-27 17:09:25,987 - INFO -   mAP@0.5:0.95: 0.5776
2025-11-27 17:09:25,987 - INFO - Epoch 33:
2025-11-27 17:09:25,987 - INFO -   训练损失: 2.04 | 验证损失: 2.28
2025-11-27 17:09:25,987 - INFO -   mAP@0.5: 0.8316
2025-11-27 17:09:25,987 - INFO -   mAP@0.5:0.95: 0.5840
2025-11-27 17:09:25,987 - INFO - Epoch 34:
2025-11-27 17:09:25,987 - INFO -   训练损失: 2.03 | 验证损失: 2.37
2025-11-27 17:09:25,987 - INFO -   mAP@0.5: 0.8142
2025-11-27 17:09:25,987 - INFO -   mAP@0.5:0.95: 0.5507
2025-11-27 17:09:25,988 - INFO - Epoch 35:
2025-11-27 17:09:25,988 - INFO -   训练损失: 2.04 | 验证损失: 2.23
2025-11-27 17:09:25,988 - INFO -   mAP@0.5: 0.8442
2025-11-27 17:09:25,988 - INFO -   mAP@0.5:0.95: 0.5968
2025-11-27 17:09:25,988 - INFO - Epoch 36:
2025-11-27 17:09:25,988 - INFO -   训练损失: 2.04 | 验证损失: 2.28
2025-11-27 17:09:25,988 - INFO -   mAP@0.5: 0.8303
2025-11-27 17:09:25,988 - INFO -   mAP@0.5:0.95: 0.5795
2025-11-27 17:09:25,988 - INFO - Epoch 37:
2025-11-27 17:09:25,988 - INFO -   训练损失: 2.03 | 验证损失: 2.26
2025-11-27 17:09:25,988 - INFO -   mAP@0.5: 0.8314
2025-11-27 17:09:25,988 - INFO -   mAP@0.5:0.95: 0.5867
2025-11-27 17:09:25,988 - INFO - Epoch 38:
2025-11-27 17:09:25,988 - INFO -   训练损失: 2.02 | 验证损失: 2.27
2025-11-27 17:09:25,988 - INFO -   mAP@0.5: 0.8354
2025-11-27 17:09:25,988 - INFO -   mAP@0.5:0.95: 0.5838
2025-11-27 17:09:25,988 - INFO - Epoch 39:
2025-11-27 17:09:25,988 - INFO -   训练损失: 2.01 | 验证损失: 2.22
2025-11-27 17:09:25,988 - INFO -   mAP@0.5: 0.8442
2025-11-27 17:09:25,988 - INFO -   mAP@0.5:0.95: 0.6036
2025-11-27 17:09:25,988 - INFO - Epoch 40:
2025-11-27 17:09:25,988 - INFO -   训练损失: 2.02 | 验证损失: 2.29
2025-11-27 17:09:25,988 - INFO -   mAP@0.5: 0.8269
2025-11-27 17:09:25,988 - INFO -   mAP@0.5:0.95: 0.5780
2025-11-27 17:09:25,988 - INFO - Epoch 41:
2025-11-27 17:09:25,988 - INFO -   训练损失: 2.01 | 验证损失: 2.23
2025-11-27 17:09:25,988 - INFO -   mAP@0.5: 0.8479
2025-11-27 17:09:25,988 - INFO -   mAP@0.5:0.95: 0.6020
2025-11-27 17:09:25,989 - INFO - Epoch 42:
2025-11-27 17:09:25,989 - INFO -   训练损失: 2.01 | 验证损失: 2.26
2025-11-27 17:09:25,989 - INFO -   mAP@0.5: 0.8374
2025-11-27 17:09:25,989 - INFO -   mAP@0.5:0.95: 0.5938
2025-11-27 17:09:25,989 - INFO - Epoch 43:
2025-11-27 17:09:25,989 - INFO -   训练损失: 2.01 | 验证损失: 2.20
2025-11-27 17:09:25,989 - INFO -   mAP@0.5: 0.8500
2025-11-27 17:09:25,989 - INFO -   mAP@0.5:0.95: 0.6063
2025-11-27 17:09:25,989 - INFO - Epoch 44:
2025-11-27 17:09:25,989 - INFO -   训练损失: 1.99 | 验证损失: 2.22
2025-11-27 17:09:25,989 - INFO -   mAP@0.5: 0.8461
2025-11-27 17:09:25,989 - INFO -   mAP@0.5:0.95: 0.6003
2025-11-27 17:09:25,989 - INFO - Epoch 45:
2025-11-27 17:09:25,989 - INFO -   训练损失: 1.99 | 验证损失: 2.20
2025-11-27 17:09:25,989 - INFO -   mAP@0.5: 0.8468
2025-11-27 17:09:25,989 - INFO -   mAP@0.5:0.95: 0.6034
2025-11-27 17:09:25,989 - INFO - Epoch 46:
2025-11-27 17:09:25,989 - INFO -   训练损失: 1.99 | 验证损失: 2.23
2025-11-27 17:09:25,989 - INFO -   mAP@0.5: 0.8416
2025-11-27 17:09:25,989 - INFO -   mAP@0.5:0.95: 0.5979
2025-11-27 17:09:25,989 - INFO - Epoch 47:
2025-11-27 17:09:25,989 - INFO -   训练损失: 1.98 | 验证损失: 2.28
2025-11-27 17:09:25,989 - INFO -   mAP@0.5: 0.8450
2025-11-27 17:09:25,989 - INFO -   mAP@0.5:0.95: 0.5936
2025-11-27 17:09:25,989 - INFO - Epoch 48:
2025-11-27 17:09:25,989 - INFO -   训练损失: 2.01 | 验证损失: 2.28
2025-11-27 17:09:25,989 - INFO -   mAP@0.5: 0.8416
2025-11-27 17:09:25,989 - INFO -   mAP@0.5:0.95: 0.5896
2025-11-27 17:09:25,989 - INFO - Epoch 49:
2025-11-27 17:09:25,989 - INFO -   训练损失: 1.99 | 验证损失: 2.19
2025-11-27 17:09:25,990 - INFO -   mAP@0.5: 0.8509
2025-11-27 17:09:25,990 - INFO -   mAP@0.5:0.95: 0.6074
2025-11-27 17:09:25,990 - INFO - Epoch 50:
2025-11-27 17:09:25,990 - INFO -   训练损失: 1.98 | 验证损失: 2.19
2025-11-27 17:09:25,990 - INFO -   mAP@0.5: 0.8521
2025-11-27 17:09:25,990 - INFO -   mAP@0.5:0.95: 0.6106
2025-11-27 17:09:25,990 - INFO - Epoch 51:
2025-11-27 17:09:25,990 - INFO -   训练损失: 1.98 | 验证损失: 2.23
2025-11-27 17:09:25,990 - INFO -   mAP@0.5: 0.8433
2025-11-27 17:09:25,990 - INFO -   mAP@0.5:0.95: 0.5998
2025-11-27 17:09:25,990 - INFO - Epoch 52:
2025-11-27 17:09:25,990 - INFO -   训练损失: 1.97 | 验证损失: 2.21
2025-11-27 17:09:25,990 - INFO -   mAP@0.5: 0.8442
2025-11-27 17:09:25,990 - INFO -   mAP@0.5:0.95: 0.6051
2025-11-27 17:09:25,990 - INFO - Epoch 53:
2025-11-27 17:09:25,990 - INFO -   训练损失: 1.97 | 验证损失: 2.22
2025-11-27 17:09:25,990 - INFO -   mAP@0.5: 0.8522
2025-11-27 17:09:25,990 - INFO -   mAP@0.5:0.95: 0.6086
2025-11-27 17:09:25,990 - INFO - Epoch 54:
2025-11-27 17:09:25,990 - INFO -   训练损失: 1.97 | 验证损失: 2.19
2025-11-27 17:09:25,990 - INFO -   mAP@0.5: 0.8541
2025-11-27 17:09:25,990 - INFO -   mAP@0.5:0.95: 0.6152
2025-11-27 17:09:25,990 - INFO - Epoch 55:
2025-11-27 17:09:25,990 - INFO -   训练损失: 1.97 | 验证损失: 2.23
2025-11-27 17:09:25,990 - INFO -   mAP@0.5: 0.8459
2025-11-27 17:09:25,990 - INFO -   mAP@0.5:0.95: 0.6027
2025-11-27 17:09:25,990 - INFO - Epoch 56:
2025-11-27 17:09:25,990 - INFO -   训练损失: 1.97 | 验证损失: 2.23
2025-11-27 17:09:25,990 - INFO -   mAP@0.5: 0.8479
2025-11-27 17:09:25,991 - INFO -   mAP@0.5:0.95: 0.6026
2025-11-27 17:09:25,991 - INFO - Epoch 57:
2025-11-27 17:09:25,991 - INFO -   训练损失: 1.97 | 验证损失: 2.17
2025-11-27 17:09:25,991 - INFO -   mAP@0.5: 0.8575
2025-11-27 17:09:25,991 - INFO -   mAP@0.5:0.95: 0.6222
2025-11-27 17:09:25,991 - INFO - Epoch 58:
2025-11-27 17:09:25,991 - INFO -   训练损失: 2.03 | 验证损失: 2.24
2025-11-27 17:09:25,991 - INFO -   mAP@0.5: 0.8462
2025-11-27 17:09:25,991 - INFO -   mAP@0.5:0.95: 0.5999
2025-11-27 17:09:25,991 - INFO - Epoch 59:
2025-11-27 17:09:25,991 - INFO -   训练损失: 1.95 | 验证损失: 2.20
2025-11-27 17:09:25,991 - INFO -   mAP@0.5: 0.8531
2025-11-27 17:09:25,991 - INFO -   mAP@0.5:0.95: 0.6098
2025-11-27 17:09:25,991 - INFO - Epoch 60:
2025-11-27 17:09:25,991 - INFO -   训练损失: 1.95 | 验证损失: 2.25
2025-11-27 17:09:25,991 - INFO -   mAP@0.5: 0.8472
2025-11-27 17:09:25,991 - INFO -   mAP@0.5:0.95: 0.6004
2025-11-27 17:09:25,991 - INFO - Epoch 61:
2025-11-27 17:09:25,991 - INFO -   训练损失: 1.96 | 验证损失: 2.20
2025-11-27 17:09:25,991 - INFO -   mAP@0.5: 0.8504
2025-11-27 17:09:25,991 - INFO -   mAP@0.5:0.95: 0.6085
2025-11-27 17:09:25,991 - INFO - Epoch 62:
2025-11-27 17:09:25,991 - INFO -   训练损失: 1.95 | 验证损失: 2.26
2025-11-27 17:09:25,991 - INFO -   mAP@0.5: 0.8468
2025-11-27 17:09:25,991 - INFO -   mAP@0.5:0.95: 0.5977
2025-11-27 17:09:25,991 - INFO - Epoch 63:
2025-11-27 17:09:25,991 - INFO -   训练损失: 1.94 | 验证损失: 2.26
2025-11-27 17:09:25,991 - INFO -   mAP@0.5: 0.8362
2025-11-27 17:09:25,992 - INFO -   mAP@0.5:0.95: 0.5853
2025-11-27 17:09:25,992 - INFO - Epoch 64:
2025-11-27 17:09:25,992 - INFO -   训练损失: 1.93 | 验证损失: 2.25
2025-11-27 17:09:25,992 - INFO -   mAP@0.5: 0.8426
2025-11-27 17:09:25,992 - INFO -   mAP@0.5:0.95: 0.5958
2025-11-27 17:09:25,992 - INFO - Epoch 65:
2025-11-27 17:09:25,992 - INFO -   训练损失: 1.93 | 验证损失: 2.26
2025-11-27 17:09:25,992 - INFO -   mAP@0.5: 0.8459
2025-11-27 17:09:25,992 - INFO -   mAP@0.5:0.95: 0.5956
2025-11-27 17:09:25,992 - INFO - Epoch 66:
2025-11-27 17:09:25,992 - INFO -   训练损失: 1.93 | 验证损失: 2.27
2025-11-27 17:09:25,992 - INFO -   mAP@0.5: 0.8472
2025-11-27 17:09:25,992 - INFO -   mAP@0.5:0.95: 0.5943
2025-11-27 17:09:25,992 - INFO - Epoch 67:
2025-11-27 17:09:25,992 - INFO -   训练损失: 1.92 | 验证损失: 2.29
2025-11-27 17:09:25,992 - INFO -   mAP@0.5: 0.8406
2025-11-27 17:09:25,992 - INFO -   mAP@0.5:0.95: 0.5861
2025-11-27 17:09:25,992 - INFO - Epoch 68:
2025-11-27 17:09:25,992 - INFO -   训练损失: 1.93 | 验证损失: 2.30
2025-11-27 17:09:25,992 - INFO -   mAP@0.5: 0.8381
2025-11-27 17:09:25,992 - INFO -   mAP@0.5:0.95: 0.5823
2025-11-27 17:09:25,992 - INFO - Epoch 69:
2025-11-27 17:09:25,992 - INFO -   训练损失: 1.91 | 验证损失: 2.34
2025-11-27 17:09:25,992 - INFO -   mAP@0.5: 0.8258
2025-11-27 17:09:25,993 - INFO -   mAP@0.5:0.95: 0.5626
2025-11-27 17:09:25,993 - INFO - Epoch 70:
2025-11-27 17:09:25,993 - INFO -   训练损失: 1.92 | 验证损失: 2.37
2025-11-27 17:09:25,993 - INFO -   mAP@0.5: 0.8265
2025-11-27 17:09:25,993 - INFO -   mAP@0.5:0.95: 0.5623
2025-11-27 17:09:25,993 - INFO - Epoch 71:
2025-11-27 17:09:25,993 - INFO -   训练损失: 1.92 | 验证损失: 2.35
2025-11-27 17:09:25,993 - INFO -   mAP@0.5: 0.8269
2025-11-27 17:09:25,993 - INFO -   mAP@0.5:0.95: 0.5645
2025-11-27 17:09:25,993 - INFO - Epoch 72:
2025-11-27 17:09:25,993 - INFO -   训练损失: 1.91 | 验证损失: 2.34
2025-11-27 17:09:25,993 - INFO -   mAP@0.5: 0.8236
2025-11-27 17:09:25,993 - INFO -   mAP@0.5:0.95: 0.5618
2025-11-27 17:09:25,993 - INFO - Epoch 73:
2025-11-27 17:09:25,993 - INFO -   训练损失: 1.90 | 验证损失: 2.32
2025-11-27 17:09:25,993 - INFO -   mAP@0.5: 0.8235
2025-11-27 17:09:25,993 - INFO -   mAP@0.5:0.95: 0.5652
2025-11-27 17:09:25,993 - INFO - Epoch 74:
2025-11-27 17:09:25,993 - INFO -   训练损失: 1.90 | 验证损失: 2.35
2025-11-27 17:09:25,993 - INFO -   mAP@0.5: 0.8011
2025-11-27 17:09:25,993 - INFO -   mAP@0.5:0.95: 0.5414
2025-11-27 17:09:25,994 - INFO - Epoch 75:
2025-11-27 17:09:25,994 - INFO -   训练损失: 1.91 | 验证损失: 2.44
2025-11-27 17:09:25,994 - INFO -   mAP@0.5: 0.7663
2025-11-27 17:09:25,994 - INFO -   mAP@0.5:0.95: 0.5015
2025-11-27 17:09:25,994 - INFO - Epoch 76:
2025-11-27 17:09:25,994 - INFO -   训练损失: 1.90 | 验证损失: 2.51
2025-11-27 17:09:25,994 - INFO -   mAP@0.5: 0.7239
2025-11-27 17:09:25,994 - INFO -   mAP@0.5:0.95: 0.4614
2025-11-27 17:09:25,994 - INFO - Epoch 77:
2025-11-27 17:09:25,994 - INFO -   训练损失: 1.89 | 验证损失: 2.51
2025-11-27 17:09:25,994 - INFO -   mAP@0.5: 0.7390
2025-11-27 17:09:25,994 - INFO -   mAP@0.5:0.95: 0.4725
2025-11-27 17:09:25,994 - INFO - Epoch 78:
2025-11-27 17:09:25,994 - INFO -   训练损失: 1.95 | 验证损失: 2.47
2025-11-27 17:09:25,994 - INFO -   mAP@0.5: 0.7307
2025-11-27 17:09:25,994 - INFO -   mAP@0.5:0.95: 0.4698
2025-11-27 17:09:25,994 - INFO - Epoch 79:
2025-11-27 17:09:25,994 - INFO -   训练损失: 1.89 | 验证损失: 2.59
2025-11-27 17:09:25,994 - INFO -   mAP@0.5: 0.6946
2025-11-27 17:09:25,994 - INFO -   mAP@0.5:0.95: 0.4282
2025-11-27 17:09:25,994 - INFO - Epoch 80:
2025-11-27 17:09:25,994 - INFO -   训练损失: 1.89 | 验证损失: 2.60
2025-11-27 17:09:25,994 - INFO -   mAP@0.5: 0.6753
2025-11-27 17:09:25,994 - INFO -   mAP@0.5:0.95: 0.4139
2025-11-27 17:09:25,995 - INFO - Epoch 81:
2025-11-27 17:09:25,995 - INFO -   训练损失: 1.89 | 验证损失: 2.62
2025-11-27 17:09:25,995 - INFO -   mAP@0.5: 0.6778
2025-11-27 17:09:25,995 - INFO -   mAP@0.5:0.95: 0.4153
2025-11-27 17:09:25,995 - INFO - Epoch 82:
2025-11-27 17:09:25,995 - INFO -   训练损失: 1.88 | 验证损失: 2.70
2025-11-27 17:09:25,995 - INFO -   mAP@0.5: 0.6464
2025-11-27 17:09:25,995 - INFO -   mAP@0.5:0.95: 0.3879
2025-11-27 17:09:25,995 - INFO - Epoch 83:
2025-11-27 17:09:25,995 - INFO -   训练损失: 1.88 | 验证损失: 2.78
2025-11-27 17:09:25,995 - INFO -   mAP@0.5: 0.6171
2025-11-27 17:09:25,995 - INFO -   mAP@0.5:0.95: 0.3621
2025-11-27 17:09:25,995 - INFO - Epoch 84:
2025-11-27 17:09:25,995 - INFO -   训练损失: 1.88 | 验证损失: 2.87
2025-11-27 17:09:25,995 - INFO -   mAP@0.5: 0.5995
2025-11-27 17:09:25,995 - INFO -   mAP@0.5:0.95: 0.3478
2025-11-27 17:09:25,995 - INFO - Epoch 85:
2025-11-27 17:09:25,995 - INFO -   训练损失: 1.88 | 验证损失: 2.91
2025-11-27 17:09:25,995 - INFO -   mAP@0.5: 0.5659
2025-11-27 17:09:25,995 - INFO -   mAP@0.5:0.95: 0.3233
2025-11-27 17:09:25,995 - INFO - Epoch 86:
2025-11-27 17:09:25,995 - INFO -   训练损失: 1.88 | 验证损失: 3.03
2025-11-27 17:09:25,995 - INFO -   mAP@0.5: 0.5365
2025-11-27 17:09:25,995 - INFO -   mAP@0.5:0.95: 0.2986
2025-11-27 17:09:25,995 - INFO - Epoch 87:
2025-11-27 17:09:25,995 - INFO -   训练损失: 1.86 | 验证损失: 3.08
2025-11-27 17:09:25,995 - INFO -   mAP@0.5: 0.5385
2025-11-27 17:09:25,996 - INFO -   mAP@0.5:0.95: 0.3011
2025-11-27 17:09:25,996 - INFO - Epoch 88:
2025-11-27 17:09:25,996 - INFO -   训练损失: 1.93 | 验证损失: 3.11
2025-11-27 17:09:25,996 - INFO -   mAP@0.5: 0.5184
2025-11-27 17:09:25,996 - INFO -   mAP@0.5:0.95: 0.2895
2025-11-27 17:09:25,996 - INFO - Epoch 89:
2025-11-27 17:09:25,996 - INFO -   训练损失: 1.87 | 验证损失: 3.11
2025-11-27 17:09:25,996 - INFO -   mAP@0.5: 0.5130
2025-11-27 17:09:25,996 - INFO -   mAP@0.5:0.95: 0.2855
2025-11-27 17:09:25,996 - INFO - Epoch 90:
2025-11-27 17:09:25,996 - INFO -   训练损失: 1.87 | 验证损失: 3.13
2025-11-27 17:09:25,996 - INFO -   mAP@0.5: 0.5068
2025-11-27 17:09:25,996 - INFO -   mAP@0.5:0.95: 0.2798
2025-11-27 17:09:25,996 - INFO - Epoch 91:
2025-11-27 17:09:25,996 - INFO -   训练损失: 1.87 | 验证损失: 3.14
2025-11-27 17:09:25,996 - INFO -   mAP@0.5: 0.5131
2025-11-27 17:09:25,996 - INFO -   mAP@0.5:0.95: 0.2846
2025-11-27 17:09:25,996 - INFO - Epoch 92:
2025-11-27 17:09:25,996 - INFO -   训练损失: 1.86 | 验证损失: 3.13
2025-11-27 17:09:25,996 - INFO -   mAP@0.5: 0.5083
2025-11-27 17:09:25,996 - INFO -   mAP@0.5:0.95: 0.2841
2025-11-27 17:09:25,996 - INFO - ================================================================================
2025-11-27 17:09:26,485 - INFO - ✓ 训练曲线已保存到: logs/yolo_v8l_20251127_155744/training_curves.png
2025-11-27 17:09:26,526 - INFO - ✓ 已创建统一命名的最佳模型: logs/yolo_v8l_20251127_155744/best_model.pth
2025-11-27 17:09:26,569 - INFO - ✓ 已创建统一命名的最新检查点: logs/yolo_v8l_20251127_155744/latest_checkpoint.pth
2025-11-27 17:09:26,569 - INFO - ✓ 已创建统一命名的训练历史: logs/yolo_v8l_20251127_155744/training_history.csv
2025-11-27 17:09:26,569 - INFO - ✓ 最佳模型: logs/yolo_v8l_20251127_155744/best_model.pth
2025-11-27 17:09:26,569 - INFO - ✓ 最佳mAP@0.5:0.95: 0.6222
2025-11-27 17:09:26,569 - INFO - ✓ 最佳mAP@0.5: 0.8575
2025-11-27 17:09:26,569 - INFO - ✓ 所有输出已保存到: logs/yolo_v8l_20251127_155744
2025-11-27 17:09:26,569 - INFO - ================================================================================
