2025-11-23 04:00:33,667 - INFO - 从本地文件加载预训练权重: pretrained/rtdetrv2_r34vd_120e_coco_ema.pth
2025-11-23 04:00:33,755 - INFO - ✓ 检测到EMA checkpoint格式
2025-11-23 04:00:33,768 - INFO - ✓ 成功加载预训练权重: 574/654 个参数
2025-11-23 04:00:33,768 - INFO -   - 跳过类别相关参数: 11 个（COCO 80类 → DAIR-V2X 8类）
2025-11-23 04:00:33,769 - INFO -   - Backbone: 234 个参数
2025-11-23 04:00:33,769 - INFO -   - Encoder: 270 个参数
2025-11-23 04:00:33,769 - INFO -   - Decoder: 150 个参数
2025-11-23 04:00:33,769 - INFO -   - 预训练模型缺少参数: 80 个（当前模型新增）
2025-11-23 04:00:33,769 - INFO -     示例: ['encoder.token_pruners.0.importance_predictor.fc1.weight', 'encoder.token_pruners.0.importance_predictor.fc1.bias', 'encoder.token_pruners.0.importance_predictor.fc2.weight'] ...
2025-11-23 04:00:33,769 - INFO -   - 模型新增参数: 22 个（将随机初始化）
2025-11-23 04:00:33,973 - INFO - ✓ 已启用GPU优化: cudnn.benchmark=True, TF32=True
2025-11-23 04:00:33,973 - INFO - ✓ 创建DSET RT-DETR模型
2025-11-23 04:00:33,973 - INFO -   Decoder专家数量: 3
2025-11-23 04:00:33,973 - INFO -   Backbone: presnet34
2025-11-23 04:00:33,973 - INFO -   Encoder: in_channels=[128, 256, 512], expansion=0.5, num_layers=1
2025-11-23 04:00:33,973 - INFO -   Encoder MoE设计: 层间共享
2025-11-23 04:00:33,973 - INFO -   双稀疏配置（DSET核心特性，必然启用）:
2025-11-23 04:00:33,973 - INFO -     - Patch-MoE: 启用 (experts=3, top_k=2, patch_size=4)
2025-11-23 04:00:33,973 - INFO -     - Patch-level Pruning: 启用（与 Patch-MoE 兼容）
2025-11-23 04:00:33,973 - INFO -       → keep_ratio=0.65, warmup=10
2025-11-23 04:00:33,973 - INFO -   损失权重配置:
2025-11-23 04:00:33,973 - INFO -     - Token Pruning Loss: True (weight=0.01)
2025-11-23 04:00:33,973 - INFO -     - Decoder MoE: 0.05
2025-11-23 04:00:33,973 - INFO -     - Encoder MoE: 0.05
2025-11-23 04:00:42,305 - INFO - ✓ 创建数据加载器
2025-11-23 04:00:42,307 - INFO -   训练集: 5042 | 验证集: 2016
2025-11-23 04:00:42,313 - INFO - ✓ 预训练参数组: 181 个参数, lr=1e-05
2025-11-23 04:00:42,317 - INFO - ✓ Norm层参数组: 122 个参数, lr=0.0001, wd=0
2025-11-23 04:00:42,320 - INFO - ✓ 新参数组: 69 个参数, lr=0.0001
2025-11-23 04:00:42,322 - INFO - ✓ 使用CosineAnnealingLR调度器 (eta_min=1e-06)
2025-11-23 04:00:42,323 - INFO - ✓ 学习率预热 3 epochs
2025-11-23 04:00:42,429 - INFO - ⏱️  Early Stopping: 启用 (patience=35, metric=mAP_0.5_0.95, mode=max)
2025-11-23 04:00:42,429 - INFO - 推理输出目录: logs/dset3_r34_20251123_040033/inference_samples
2025-11-23 04:00:42,429 - INFO - 开始训练 200 epochs
2025-11-23 04:00:42,429 - INFO - ✓ 梯度裁剪: max_norm=10.0
2025-11-23 04:00:58,754 - INFO - Epoch 0 | Batch 0 | Loss: 49.36 (Det: 49.25, MoE: 2.2366)
2025-11-23 04:02:38,243 - INFO - Epoch 0 | Batch 50 | Loss: 26.92 (Det: 26.82, MoE: 2.1648)
2025-11-23 04:04:00,409 - INFO - Epoch 0:
2025-11-23 04:04:00,410 - INFO -   训练损失: 31.50 | 验证损失: 2.70
2025-11-23 04:04:00,410 - INFO -   (前30个epoch仅计算loss，跳过mAP评估)
2025-11-23 04:04:00,410 - INFO -   检测损失: 31.39
2025-11-23 04:04:00,410 - INFO -   Decoder MoE损失: 2.0540
2025-11-23 04:04:00,410 - INFO -   Encoder Patch-MoE Balance损失: 0.1222
2025-11-23 04:04:00,410 - INFO -   Encoder Patch-MoE Entropy损失: -1.0979
2025-11-23 04:04:00,410 - INFO -   Encoder MoE总损失: -0.9757
2025-11-23 04:04:00,410 - INFO -   Token Pruning损失: 0.007266
2025-11-23 04:04:00,410 - INFO -   MoE总损失: 2.1762
2025-11-23 04:04:00,410 - INFO -   Decoder专家使用率: [38.24%, 31.92%, 29.84%]
2025-11-23 04:04:00,410 - INFO -   🎉 新的最佳验证损失: 2.70
2025-11-23 04:04:01,316 - INFO - 💾 保存最新检查点: logs/dset3_r34_20251123_040033/latest_checkpoint.pth
2025-11-23 04:04:10,879 - INFO - Epoch 1 | Batch 0 | Loss: 23.86 (Det: 23.75, MoE: 2.1977)
2025-11-23 04:05:52,181 - INFO - Epoch 1 | Batch 50 | Loss: 19.21 (Det: 19.10, MoE: 2.2452)
2025-11-23 04:07:09,621 - INFO - Epoch 1:
2025-11-23 04:07:09,621 - INFO -   训练损失: 19.86 | 验证损失: 2.04
2025-11-23 04:07:09,621 - INFO -   (前30个epoch仅计算loss，跳过mAP评估)
2025-11-23 04:07:09,621 - INFO -   检测损失: 19.75
2025-11-23 04:07:09,621 - INFO -   Decoder MoE损失: 2.1170
2025-11-23 04:07:09,621 - INFO -   Encoder Patch-MoE Balance损失: 0.1200
2025-11-23 04:07:09,621 - INFO -   Encoder Patch-MoE Entropy损失: -1.0985
2025-11-23 04:07:09,621 - INFO -   Encoder MoE总损失: -0.9785
2025-11-23 04:07:09,622 - INFO -   Token Pruning损失: 0.003019
2025-11-23 04:07:09,622 - INFO -   MoE总损失: 2.2369
2025-11-23 04:07:09,622 - INFO -   Decoder专家使用率: [39.92%, 22.55%, 37.53%]
2025-11-23 04:07:09,622 - INFO -   🎉 新的最佳验证损失: 2.04
2025-11-23 04:07:10,584 - INFO - 💾 保存最新检查点: logs/dset3_r34_20251123_040033/latest_checkpoint.pth
2025-11-23 04:07:18,183 - INFO - Epoch 2 | Batch 0 | Loss: 17.48 (Det: 17.37, MoE: 2.2658)
2025-11-23 04:08:57,843 - INFO - Epoch 2 | Batch 50 | Loss: 16.25 (Det: 16.14, MoE: 2.2490)
2025-11-23 04:10:15,908 - INFO - Epoch 2:
2025-11-23 04:10:15,908 - INFO -   训练损失: 16.50 | 验证损失: 1.88
2025-11-23 04:10:15,909 - INFO -   (前30个epoch仅计算loss，跳过mAP评估)
2025-11-23 04:10:15,909 - INFO -   检测损失: 16.39
2025-11-23 04:10:15,909 - INFO -   Decoder MoE损失: 2.1354
2025-11-23 04:10:15,909 - INFO -   Encoder Patch-MoE Balance损失: 0.1185
2025-11-23 04:10:15,909 - INFO -   Encoder Patch-MoE Entropy损失: -1.0985
2025-11-23 04:10:15,909 - INFO -   Encoder MoE总损失: -0.9800
2025-11-23 04:10:15,909 - INFO -   Token Pruning损失: 0.002120
2025-11-23 04:10:15,909 - INFO -   MoE总损失: 2.2540
2025-11-23 04:10:15,909 - INFO -   Decoder专家使用率: [39.27%, 19.91%, 40.82%]
2025-11-23 04:10:15,909 - INFO -   🎉 新的最佳验证损失: 1.88
2025-11-23 04:10:16,948 - INFO - 💾 保存最新检查点: logs/dset3_r34_20251123_040033/latest_checkpoint.pth
2025-11-23 04:10:26,661 - INFO - Epoch 3 | Batch 0 | Loss: 15.47 (Det: 15.37, MoE: 2.2431)
2025-11-23 04:12:06,371 - INFO - Epoch 3 | Batch 50 | Loss: 15.74 (Det: 15.64, MoE: 2.1972)
2025-11-23 04:13:23,660 - INFO - Epoch 3:
2025-11-23 04:13:23,661 - INFO -   训练损失: 15.35 | 验证损失: 1.70
2025-11-23 04:13:23,661 - INFO -   (前30个epoch仅计算loss，跳过mAP评估)
2025-11-23 04:13:23,661 - INFO -   检测损失: 15.24
2025-11-23 04:13:23,661 - INFO -   Decoder MoE损失: 2.0951
2025-11-23 04:13:23,661 - INFO -   Encoder Patch-MoE Balance损失: 0.1173
2025-11-23 04:13:23,661 - INFO -   Encoder Patch-MoE Entropy损失: -1.0985
2025-11-23 04:13:23,661 - INFO -   Encoder MoE总损失: -0.9813
2025-11-23 04:13:23,661 - INFO -   Token Pruning损失: 0.001743
2025-11-23 04:13:23,661 - INFO -   MoE总损失: 2.2124
2025-11-23 04:13:23,661 - INFO -   Decoder专家使用率: [35.16%, 23.67%, 41.18%]
2025-11-23 04:13:23,661 - INFO -   🎉 新的最佳验证损失: 1.70
2025-11-23 04:13:24,731 - INFO - 💾 保存最新检查点: logs/dset3_r34_20251123_040033/latest_checkpoint.pth
2025-11-23 04:13:33,691 - INFO - Epoch 4 | Batch 0 | Loss: 14.45 (Det: 14.35, MoE: 2.1991)
2025-11-23 04:15:13,016 - INFO - Epoch 4 | Batch 50 | Loss: 14.48 (Det: 14.38, MoE: 2.2238)
2025-11-23 04:16:29,921 - INFO - Epoch 4:
2025-11-23 04:16:29,921 - INFO -   训练损失: 14.21 | 验证损失: 1.67
2025-11-23 04:16:29,921 - INFO -   (前30个epoch仅计算loss，跳过mAP评估)
2025-11-23 04:16:29,921 - INFO -   检测损失: 14.10
2025-11-23 04:16:29,921 - INFO -   Decoder MoE损失: 2.0767
2025-11-23 04:16:29,921 - INFO -   Encoder Patch-MoE Balance损失: 0.1194
2025-11-23 04:16:29,921 - INFO -   Encoder Patch-MoE Entropy损失: -1.0986
2025-11-23 04:16:29,921 - INFO -   Encoder MoE总损失: -0.9791
2025-11-23 04:16:29,921 - INFO -   Token Pruning损失: 0.001483
2025-11-23 04:16:29,921 - INFO -   MoE总损失: 2.1962
2025-11-23 04:16:29,922 - INFO -   Decoder专家使用率: [33.22%, 26.40%, 40.39%]
2025-11-23 04:16:29,922 - INFO -   🎉 新的最佳验证损失: 1.67
2025-11-23 04:16:30,814 - INFO - 💾 保存最新检查点: logs/dset3_r34_20251123_040033/latest_checkpoint.pth
2025-11-23 04:16:41,535 - INFO - Epoch 5 | Batch 0 | Loss: 13.73 (Det: 13.63, MoE: 2.2062)
2025-11-23 04:18:21,619 - INFO - Epoch 5 | Batch 50 | Loss: 13.59 (Det: 13.49, MoE: 2.1930)
2025-11-23 04:19:38,095 - INFO - Epoch 5:
2025-11-23 04:19:38,096 - INFO -   训练损失: 13.70 | 验证损失: 1.55
2025-11-23 04:19:38,096 - INFO -   (前30个epoch仅计算loss，跳过mAP评估)
2025-11-23 04:19:38,096 - INFO -   检测损失: 13.59
2025-11-23 04:19:38,096 - INFO -   Decoder MoE损失: 2.0787
2025-11-23 04:19:38,096 - INFO -   Encoder Patch-MoE Balance损失: 0.1236
2025-11-23 04:19:38,096 - INFO -   Encoder Patch-MoE Entropy损失: -1.0986
2025-11-23 04:19:38,096 - INFO -   Encoder MoE总损失: -0.9750
2025-11-23 04:19:38,096 - INFO -   Token Pruning损失: 0.001324
2025-11-23 04:19:38,096 - INFO -   MoE总损失: 2.2023
2025-11-23 04:19:38,096 - INFO -   Decoder专家使用率: [31.91%, 27.72%, 40.37%]
2025-11-23 04:19:38,096 - INFO -   🎉 新的最佳验证损失: 1.55
2025-11-23 04:19:39,101 - INFO - 💾 保存最新检查点: logs/dset3_r34_20251123_040033/latest_checkpoint.pth
2025-11-23 04:19:49,408 - INFO - Epoch 6 | Batch 0 | Loss: 13.63 (Det: 13.53, MoE: 2.2011)
2025-11-23 04:21:29,204 - INFO - Epoch 6 | Batch 50 | Loss: 12.83 (Det: 12.73, MoE: 2.1924)
2025-11-23 04:22:47,293 - INFO - Epoch 6:
2025-11-23 04:22:47,293 - INFO -   训练损失: 13.12 | 验证损失: 1.53
2025-11-23 04:22:47,293 - INFO -   (前30个epoch仅计算loss，跳过mAP评估)
2025-11-23 04:22:47,293 - INFO -   检测损失: 13.02
2025-11-23 04:22:47,293 - INFO -   Decoder MoE损失: 2.0783
2025-11-23 04:22:47,293 - INFO -   Encoder Patch-MoE Balance损失: 0.1162
2025-11-23 04:22:47,293 - INFO -   Encoder Patch-MoE Entropy损失: -1.0986
2025-11-23 04:22:47,294 - INFO -   Encoder MoE总损失: -0.9823
2025-11-23 04:22:47,294 - INFO -   Token Pruning损失: 0.001165
2025-11-23 04:22:47,294 - INFO -   MoE总损失: 2.1945
2025-11-23 04:22:47,294 - INFO -   Decoder专家使用率: [31.27%, 28.50%, 40.23%]
2025-11-23 04:22:47,294 - INFO -   🎉 新的最佳验证损失: 1.53
2025-11-23 04:22:48,211 - INFO - 💾 保存最新检查点: logs/dset3_r34_20251123_040033/latest_checkpoint.pth
2025-11-23 04:22:59,110 - INFO - Epoch 7 | Batch 0 | Loss: 12.90 (Det: 12.79, MoE: 2.1931)
2025-11-23 04:24:38,946 - INFO - Epoch 7 | Batch 50 | Loss: 13.10 (Det: 12.99, MoE: 2.1898)
2025-11-23 04:25:56,121 - INFO - Epoch 7:
2025-11-23 04:25:56,122 - INFO -   训练损失: 13.14 | 验证损失: 1.52
2025-11-23 04:25:56,122 - INFO -   (前30个epoch仅计算loss，跳过mAP评估)
2025-11-23 04:25:56,122 - INFO -   检测损失: 13.04
2025-11-23 04:25:56,122 - INFO -   Decoder MoE损失: 2.0779
2025-11-23 04:25:56,122 - INFO -   Encoder Patch-MoE Balance损失: 0.1180
2025-11-23 04:25:56,122 - INFO -   Encoder Patch-MoE Entropy损失: -1.0986
2025-11-23 04:25:56,122 - INFO -   Encoder MoE总损失: -0.9806
2025-11-23 04:25:56,122 - INFO -   Token Pruning损失: 0.001093
2025-11-23 04:25:56,122 - INFO -   MoE总损失: 2.1959
2025-11-23 04:25:56,122 - INFO -   Decoder专家使用率: [31.09%, 28.77%, 40.14%]
2025-11-23 04:25:56,122 - INFO -   🎉 新的最佳验证损失: 1.52
2025-11-23 04:25:56,900 - INFO - 💾 保存最新检查点: logs/dset3_r34_20251123_040033/latest_checkpoint.pth
2025-11-23 04:26:07,766 - INFO - Epoch 8 | Batch 0 | Loss: 13.14 (Det: 13.04, MoE: 2.2009)
2025-11-23 04:27:47,616 - INFO - Epoch 8 | Batch 50 | Loss: 12.65 (Det: 12.55, MoE: 2.1902)
2025-11-23 04:29:06,049 - INFO - Epoch 8:
2025-11-23 04:29:06,049 - INFO -   训练损失: 12.82 | 验证损失: 1.45
2025-11-23 04:29:06,049 - INFO -   (前30个epoch仅计算loss，跳过mAP评估)
2025-11-23 04:29:06,049 - INFO -   检测损失: 12.71
2025-11-23 04:29:06,049 - INFO -   Decoder MoE损失: 2.0788
2025-11-23 04:29:06,050 - INFO -   Encoder Patch-MoE Balance损失: 0.1187
2025-11-23 04:29:06,050 - INFO -   Encoder Patch-MoE Entropy损失: -1.0986
2025-11-23 04:29:06,050 - INFO -   Encoder MoE总损失: -0.9799
2025-11-23 04:29:06,050 - INFO -   Token Pruning损失: 0.001058
2025-11-23 04:29:06,050 - INFO -   MoE总损失: 2.1976
2025-11-23 04:29:06,050 - INFO -   Decoder专家使用率: [31.24%, 28.52%, 40.24%]
2025-11-23 04:29:06,050 - INFO -   🎉 新的最佳验证损失: 1.45
2025-11-23 04:29:06,793 - INFO - 💾 保存最新检查点: logs/dset3_r34_20251123_040033/latest_checkpoint.pth
2025-11-23 04:29:15,700 - INFO - Epoch 9 | Batch 0 | Loss: 12.28 (Det: 12.18, MoE: 2.2096)
2025-11-23 04:30:56,205 - INFO - Epoch 9 | Batch 50 | Loss: 12.43 (Det: 12.33, MoE: 2.1969)
2025-11-23 04:32:13,279 - INFO - Epoch 9:
2025-11-23 04:32:13,280 - INFO -   训练损失: 12.74 | 验证损失: 1.49
2025-11-23 04:32:13,280 - INFO -   (前30个epoch仅计算loss，跳过mAP评估)
2025-11-23 04:32:13,280 - INFO -   检测损失: 12.64
2025-11-23 04:32:13,280 - INFO -   Decoder MoE损失: 2.0807
2025-11-23 04:32:13,280 - INFO -   Encoder Patch-MoE Balance损失: 0.1285
2025-11-23 04:32:13,280 - INFO -   Encoder Patch-MoE Entropy损失: -1.0986
2025-11-23 04:32:13,280 - INFO -   Encoder MoE总损失: -0.9701
2025-11-23 04:32:13,280 - INFO -   Token Pruning损失: 0.000993
2025-11-23 04:32:13,280 - INFO -   MoE总损失: 2.2092
2025-11-23 04:32:13,280 - INFO -   Decoder专家使用率: [30.94%, 28.46%, 40.60%]
2025-11-23 04:32:14,184 - INFO - 💾 保存最新检查点: logs/dset3_r34_20251123_040033/latest_checkpoint.pth
2025-11-23 04:32:16,542 - INFO - [DEBUG] Epoch 10: pruner.current_epoch=10, pruner.pruning_enabled=True, pruner.warmup_epochs=10
2025-11-23 04:32:24,919 - INFO - Epoch 10 | Batch 0 | Loss: 16.34 (Det: 16.23, MoE: 2.1941)
2025-11-23 04:34:07,673 - INFO - Epoch 10 | Batch 50 | Loss: 13.23 (Det: 13.13, MoE: 2.2013)
2025-11-23 04:35:25,660 - INFO - Epoch 10:
2025-11-23 04:35:25,661 - INFO -   训练损失: 13.80 | 验证损失: 1.45
2025-11-23 04:35:25,661 - INFO -   (前30个epoch仅计算loss，跳过mAP评估)
2025-11-23 04:35:25,661 - INFO -   检测损失: 13.69
2025-11-23 04:35:25,661 - INFO -   Decoder MoE损失: 2.0776
2025-11-23 04:35:25,661 - INFO -   Encoder Patch-MoE Balance损失: 0.1251
2025-11-23 04:35:25,661 - INFO -   Encoder Patch-MoE Entropy损失: -1.0986
2025-11-23 04:35:25,661 - INFO -   Encoder MoE总损失: -0.9735
2025-11-23 04:35:25,661 - INFO -   Token Pruning损失: 0.001185
2025-11-23 04:35:25,661 - INFO -   MoE总损失: 2.2026
2025-11-23 04:35:25,661 - INFO -   Decoder专家使用率: [30.65%, 28.46%, 40.89%]
2025-11-23 04:35:25,661 - INFO -   🎉 新的最佳验证损失: 1.45
2025-11-23 04:35:26,553 - INFO - 💾 保存最新检查点: logs/dset3_r34_20251123_040033/latest_checkpoint.pth
2025-11-23 04:35:35,652 - INFO - Epoch 11 | Batch 0 | Loss: 13.91 (Det: 13.80, MoE: 2.1874)
2025-11-23 04:37:17,789 - INFO - Epoch 11 | Batch 50 | Loss: 13.24 (Det: 13.13, MoE: 2.2077)
2025-11-23 04:38:35,511 - INFO - Epoch 11:
2025-11-23 04:38:35,512 - INFO -   训练损失: 13.30 | 验证损失: 1.49
2025-11-23 04:38:35,512 - INFO -   (前30个epoch仅计算loss，跳过mAP评估)
2025-11-23 04:38:35,512 - INFO -   检测损失: 13.19
2025-11-23 04:38:35,512 - INFO -   Decoder MoE损失: 2.0819
2025-11-23 04:38:35,512 - INFO -   Encoder Patch-MoE Balance损失: 0.1218
2025-11-23 04:38:35,512 - INFO -   Encoder Patch-MoE Entropy损失: -1.0986
2025-11-23 04:38:35,512 - INFO -   Encoder MoE总损失: -0.9768
2025-11-23 04:38:35,512 - INFO -   Token Pruning损失: 0.000947
2025-11-23 04:38:35,512 - INFO -   MoE总损失: 2.2037
2025-11-23 04:38:35,512 - INFO -   Decoder专家使用率: [30.62%, 28.36%, 41.02%]
2025-11-23 04:38:36,504 - INFO - 💾 保存最新检查点: logs/dset3_r34_20251123_040033/latest_checkpoint.pth
2025-11-23 04:38:46,119 - INFO - Epoch 12 | Batch 0 | Loss: 13.98 (Det: 13.87, MoE: 2.2125)
2025-11-23 04:40:27,995 - INFO - Epoch 12 | Batch 50 | Loss: 12.87 (Det: 12.76, MoE: 2.1924)
2025-11-23 04:41:47,137 - INFO - Epoch 12:
2025-11-23 04:41:47,137 - INFO -   训练损失: 13.27 | 验证损失: 1.49
2025-11-23 04:41:47,137 - INFO -   (前30个epoch仅计算loss，跳过mAP评估)
2025-11-23 04:41:47,138 - INFO -   检测损失: 13.16
2025-11-23 04:41:47,138 - INFO -   Decoder MoE损失: 2.0702
2025-11-23 04:41:47,138 - INFO -   Encoder Patch-MoE Balance损失: 0.1223
2025-11-23 04:41:47,138 - INFO -   Encoder Patch-MoE Entropy损失: -1.0986
2025-11-23 04:41:47,138 - INFO -   Encoder MoE总损失: -0.9763
2025-11-23 04:41:47,138 - INFO -   Token Pruning损失: 0.000761
2025-11-23 04:41:47,138 - INFO -   MoE总损失: 2.1925
2025-11-23 04:41:47,138 - INFO -   Decoder专家使用率: [31.29%, 28.98%, 39.73%]
2025-11-23 04:41:48,112 - INFO - 💾 保存最新检查点: logs/dset3_r34_20251123_040033/latest_checkpoint.pth
2025-11-23 04:41:58,504 - INFO - Epoch 13 | Batch 0 | Loss: 13.74 (Det: 13.64, MoE: 2.2061)
2025-11-23 04:43:39,387 - INFO - Epoch 13 | Batch 50 | Loss: 13.20 (Det: 13.09, MoE: 2.1818)
2025-11-23 04:44:57,159 - INFO - Epoch 13:
2025-11-23 04:44:57,160 - INFO -   训练损失: 13.08 | 验证损失: 1.36
2025-11-23 04:44:57,160 - INFO -   (前30个epoch仅计算loss，跳过mAP评估)
2025-11-23 04:44:57,160 - INFO -   检测损失: 12.97
2025-11-23 04:44:57,160 - INFO -   Decoder MoE损失: 2.0651
2025-11-23 04:44:57,160 - INFO -   Encoder Patch-MoE Balance损失: 0.1241
2025-11-23 04:44:57,160 - INFO -   Encoder Patch-MoE Entropy损失: -1.0986
2025-11-23 04:44:57,160 - INFO -   Encoder MoE总损失: -0.9745
2025-11-23 04:44:57,160 - INFO -   Token Pruning损失: 0.000688
2025-11-23 04:44:57,160 - INFO -   MoE总损失: 2.1892
2025-11-23 04:44:57,160 - INFO -   Decoder专家使用率: [31.80%, 29.26%, 38.94%]
2025-11-23 04:44:57,160 - INFO -   🎉 新的最佳验证损失: 1.36
2025-11-23 04:44:58,102 - INFO - 💾 保存最新检查点: logs/dset3_r34_20251123_040033/latest_checkpoint.pth
2025-11-23 04:45:05,521 - INFO - Epoch 14 | Batch 0 | Loss: 15.06 (Det: 14.96, MoE: 2.1897)
2025-11-23 04:46:37,360 - INFO - Epoch 14 | Batch 50 | Loss: 13.22 (Det: 13.12, MoE: 2.1904)
2025-11-23 04:47:48,915 - INFO - Epoch 14:
2025-11-23 04:47:48,916 - INFO -   训练损失: 13.34 | 验证损失: 1.67
2025-11-23 04:47:48,916 - INFO -   (前30个epoch仅计算loss，跳过mAP评估)
2025-11-23 04:47:48,916 - INFO -   检测损失: 13.23
2025-11-23 04:47:48,916 - INFO -   Decoder MoE损失: 2.0584
2025-11-23 04:47:48,916 - INFO -   Encoder Patch-MoE Balance损失: 0.1225
2025-11-23 04:47:48,916 - INFO -   Encoder Patch-MoE Entropy损失: -1.0986
2025-11-23 04:47:48,916 - INFO -   Encoder MoE总损失: -0.9761
2025-11-23 04:47:48,916 - INFO -   Token Pruning损失: 0.000671
2025-11-23 04:47:48,916 - INFO -   MoE总损失: 2.1808
2025-11-23 04:47:48,916 - INFO -   Decoder专家使用率: [32.24%, 29.29%, 38.48%]
2025-11-23 04:47:49,850 - INFO - 💾 保存最新检查点: logs/dset3_r34_20251123_040033/latest_checkpoint.pth
2025-11-23 04:47:52,274 - INFO - [DEBUG] Epoch 15: pruner.current_epoch=15, pruner.pruning_enabled=True, pruner.warmup_epochs=10
2025-11-23 04:47:57,143 - INFO - Epoch 15 | Batch 0 | Loss: 12.27 (Det: 12.17, MoE: 2.1785)
2025-11-23 04:49:28,114 - INFO - Epoch 15 | Batch 50 | Loss: 12.33 (Det: 12.23, MoE: 2.1616)
2025-11-23 04:50:39,607 - INFO - Epoch 15:
2025-11-23 04:50:39,607 - INFO -   训练损失: 12.54 | 验证损失: 1.69
2025-11-23 04:50:39,607 - INFO -   (前30个epoch仅计算loss，跳过mAP评估)
2025-11-23 04:50:39,607 - INFO -   检测损失: 12.44
2025-11-23 04:50:39,607 - INFO -   Decoder MoE损失: 2.0541
2025-11-23 04:50:39,607 - INFO -   Encoder Patch-MoE Balance损失: 0.1166
2025-11-23 04:50:39,607 - INFO -   Encoder Patch-MoE Entropy损失: -1.0986
2025-11-23 04:50:39,607 - INFO -   Encoder MoE总损失: -0.9820
2025-11-23 04:50:39,607 - INFO -   Token Pruning损失: 0.000595
2025-11-23 04:50:39,607 - INFO -   MoE总损失: 2.1707
2025-11-23 04:50:39,607 - INFO -   Decoder专家使用率: [32.36%, 29.73%, 37.91%]
2025-11-23 04:50:40,530 - INFO - 💾 保存最新检查点: logs/dset3_r34_20251123_040033/latest_checkpoint.pth
2025-11-23 04:50:49,409 - INFO - Epoch 16 | Batch 0 | Loss: 12.56 (Det: 12.45, MoE: 2.2009)
2025-11-23 04:52:19,786 - INFO - Epoch 16 | Batch 50 | Loss: 12.27 (Det: 12.17, MoE: 2.1677)
2025-11-23 04:53:29,775 - INFO - Epoch 16:
2025-11-23 04:53:29,775 - INFO -   训练损失: 12.42 | 验证损失: 1.81
2025-11-23 04:53:29,775 - INFO -   (前30个epoch仅计算loss，跳过mAP评估)
2025-11-23 04:53:29,776 - INFO -   检测损失: 12.32
2025-11-23 04:53:29,776 - INFO -   Decoder MoE损失: 2.0546
2025-11-23 04:53:29,776 - INFO -   Encoder Patch-MoE Balance损失: 0.1191
2025-11-23 04:53:29,776 - INFO -   Encoder Patch-MoE Entropy损失: -1.0986
2025-11-23 04:53:29,776 - INFO -   Encoder MoE总损失: -0.9795
2025-11-23 04:53:29,776 - INFO -   Token Pruning损失: 0.000522
2025-11-23 04:53:29,776 - INFO -   MoE总损失: 2.1737
2025-11-23 04:53:29,776 - INFO -   Decoder专家使用率: [32.10%, 30.15%, 37.75%]
2025-11-23 04:53:30,752 - INFO - 💾 保存最新检查点: logs/dset3_r34_20251123_040033/latest_checkpoint.pth
2025-11-23 04:53:38,038 - INFO - Epoch 17 | Batch 0 | Loss: 11.73 (Det: 11.63, MoE: 2.1690)
2025-11-23 04:55:09,198 - INFO - Epoch 17 | Batch 50 | Loss: 11.93 (Det: 11.82, MoE: 2.1762)
2025-11-23 04:56:20,783 - INFO - Epoch 17:
2025-11-23 04:56:20,783 - INFO -   训练损失: 12.33 | 验证损失: 1.75
2025-11-23 04:56:20,784 - INFO -   (前30个epoch仅计算loss，跳过mAP评估)
2025-11-23 04:56:20,784 - INFO -   检测损失: 12.23
2025-11-23 04:56:20,784 - INFO -   Decoder MoE损失: 2.0500
2025-11-23 04:56:20,784 - INFO -   Encoder Patch-MoE Balance损失: 0.1176
2025-11-23 04:56:20,784 - INFO -   Encoder Patch-MoE Entropy损失: -1.0986
2025-11-23 04:56:20,784 - INFO -   Encoder MoE总损失: -0.9810
2025-11-23 04:56:20,784 - INFO -   Token Pruning损失: 0.000486
2025-11-23 04:56:20,784 - INFO -   MoE总损失: 2.1677
2025-11-23 04:56:20,784 - INFO -   Decoder专家使用率: [32.75%, 29.96%, 37.29%]
2025-11-23 04:56:21,748 - INFO - 💾 保存最新检查点: logs/dset3_r34_20251123_040033/latest_checkpoint.pth
2025-11-23 04:56:28,730 - INFO - Epoch 18 | Batch 0 | Loss: 12.11 (Det: 12.01, MoE: 2.1638)
2025-11-23 04:58:00,034 - INFO - Epoch 18 | Batch 50 | Loss: 13.01 (Det: 12.90, MoE: 2.1659)
2025-11-23 04:59:12,354 - INFO - Epoch 18:
2025-11-23 04:59:12,354 - INFO -   训练损失: 12.55 | 验证损失: 1.78
2025-11-23 04:59:12,354 - INFO -   (前30个epoch仅计算loss，跳过mAP评估)
2025-11-23 04:59:12,354 - INFO -   检测损失: 12.44
2025-11-23 04:59:12,354 - INFO -   Decoder MoE损失: 2.0542
2025-11-23 04:59:12,354 - INFO -   Encoder Patch-MoE Balance损失: 0.1171
2025-11-23 04:59:12,354 - INFO -   Encoder Patch-MoE Entropy损失: -1.0986
2025-11-23 04:59:12,355 - INFO -   Encoder MoE总损失: -0.9816
2025-11-23 04:59:12,355 - INFO -   Token Pruning损失: 0.000450
2025-11-23 04:59:12,355 - INFO -   MoE总损失: 2.1712
2025-11-23 04:59:12,355 - INFO -   Decoder专家使用率: [32.30%, 30.58%, 37.11%]
2025-11-23 04:59:13,332 - INFO - 💾 保存最新检查点: logs/dset3_r34_20251123_040033/latest_checkpoint.pth
2025-11-23 04:59:20,512 - INFO - Epoch 19 | Batch 0 | Loss: 12.67 (Det: 12.57, MoE: 2.1910)
2025-11-23 05:00:51,319 - INFO - Epoch 19 | Batch 50 | Loss: 13.35 (Det: 13.24, MoE: 2.2025)
2025-11-23 05:02:03,208 - INFO - Epoch 19:
2025-11-23 05:02:03,209 - INFO -   训练损失: 12.98 | 验证损失: 1.52
2025-11-23 05:02:03,209 - INFO -   (前30个epoch仅计算loss，跳过mAP评估)
2025-11-23 05:02:03,209 - INFO -   检测损失: 12.88
2025-11-23 05:02:03,209 - INFO -   Decoder MoE损失: 2.0691
2025-11-23 05:02:03,209 - INFO -   Encoder Patch-MoE Balance损失: 0.1224
2025-11-23 05:02:03,209 - INFO -   Encoder Patch-MoE Entropy损失: -1.0986
2025-11-23 05:02:03,209 - INFO -   Encoder MoE总损失: -0.9762
2025-11-23 05:02:03,209 - INFO -   Token Pruning损失: 0.000492
2025-11-23 05:02:03,209 - INFO -   MoE总损失: 2.1915
2025-11-23 05:02:03,209 - INFO -   Decoder专家使用率: [31.94%, 30.31%, 37.75%]
2025-11-23 05:02:04,184 - INFO - 💾 保存最新检查点: logs/dset3_r34_20251123_040033/latest_checkpoint.pth
2025-11-23 05:02:06,489 - INFO - [DEBUG] Epoch 20: pruner.current_epoch=20, pruner.pruning_enabled=True, pruner.warmup_epochs=10
2025-11-23 05:02:12,396 - INFO - Epoch 20 | Batch 0 | Loss: 12.92 (Det: 12.82, MoE: 2.1638)
2025-11-23 05:03:41,756 - INFO - Epoch 20 | Batch 50 | Loss: 11.93 (Det: 11.83, MoE: 2.1562)
2025-11-23 05:04:53,436 - INFO - Epoch 20:
2025-11-23 05:04:53,436 - INFO -   训练损失: 12.00 | 验证损失: 1.45
2025-11-23 05:04:53,436 - INFO -   (前30个epoch仅计算loss，跳过mAP评估)
2025-11-23 05:04:53,436 - INFO -   检测损失: 11.90
2025-11-23 05:04:53,436 - INFO -   Decoder MoE损失: 2.0457
2025-11-23 05:04:53,436 - INFO -   Encoder Patch-MoE Balance损失: 0.1262
2025-11-23 05:04:53,436 - INFO -   Encoder Patch-MoE Entropy损失: -1.0986
2025-11-23 05:04:53,436 - INFO -   Encoder MoE总损失: -0.9724
2025-11-23 05:04:53,436 - INFO -   Token Pruning损失: 0.000482
2025-11-23 05:04:53,436 - INFO -   MoE总损失: 2.1719
2025-11-23 05:04:53,436 - INFO -   Decoder专家使用率: [34.17%, 28.82%, 37.01%]
2025-11-23 05:04:54,377 - INFO - 💾 保存最新检查点: logs/dset3_r34_20251123_040033/latest_checkpoint.pth
2025-11-23 05:05:02,459 - INFO - Epoch 21 | Batch 0 | Loss: 11.44 (Det: 11.34, MoE: 2.1687)
2025-11-23 05:06:32,710 - INFO - Epoch 21 | Batch 50 | Loss: 11.16 (Det: 11.06, MoE: 2.1506)
2025-11-23 05:07:44,486 - INFO - Epoch 21:
2025-11-23 05:07:44,487 - INFO -   训练损失: 11.41 | 验证损失: 1.30
2025-11-23 05:07:44,487 - INFO -   (前30个epoch仅计算loss，跳过mAP评估)
2025-11-23 05:07:44,487 - INFO -   🎉 新的最佳验证损失: 1.30
2025-11-23 05:07:45,383 - INFO - 💾 保存最新检查点: logs/dset3_r34_20251123_040033/latest_checkpoint.pth
2025-11-23 05:07:52,576 - INFO - Epoch 22 | Batch 0 | Loss: 11.08 (Det: 10.97, MoE: 2.1194)
2025-11-23 05:09:22,635 - INFO - Epoch 22 | Batch 50 | Loss: 10.53 (Det: 10.43, MoE: 2.1317)
2025-11-23 05:10:34,387 - INFO - Epoch 22:
2025-11-23 05:10:34,388 - INFO -   训练损失: 10.45 | 验证损失: 1.19
2025-11-23 05:10:34,388 - INFO -   (前30个epoch仅计算loss，跳过mAP评估)
2025-11-23 05:10:34,388 - INFO -   🎉 新的最佳验证损失: 1.19
2025-11-23 05:10:35,347 - INFO - 💾 保存最新检查点: logs/dset3_r34_20251123_040033/latest_checkpoint.pth
2025-11-23 05:10:45,387 - INFO - Epoch 23 | Batch 0 | Loss: 9.88 (Det: 9.78, MoE: 2.1369)
2025-11-23 05:12:15,688 - INFO - Epoch 23 | Batch 50 | Loss: 9.64 (Det: 9.54, MoE: 2.1495)
2025-11-23 05:13:27,380 - INFO - Epoch 23:
2025-11-23 05:13:27,381 - INFO -   训练损失: 9.69 | 验证损失: 1.10
2025-11-23 05:13:27,381 - INFO -   (前30个epoch仅计算loss，跳过mAP评估)
2025-11-23 05:13:27,381 - INFO -   🎉 新的最佳验证损失: 1.10
2025-11-23 05:13:28,320 - INFO - 💾 保存最新检查点: logs/dset3_r34_20251123_040033/latest_checkpoint.pth
2025-11-23 05:13:37,230 - INFO - Epoch 24 | Batch 0 | Loss: 9.71 (Det: 9.61, MoE: 2.1276)
2025-11-23 05:15:07,013 - INFO - Epoch 24 | Batch 50 | Loss: 9.18 (Det: 9.08, MoE: 2.1325)
2025-11-23 05:16:18,355 - INFO - Epoch 24:
2025-11-23 05:16:18,356 - INFO -   训练损失: 9.34 | 验证损失: 1.07
2025-11-23 05:16:18,356 - INFO -   (前30个epoch仅计算loss，跳过mAP评估)
2025-11-23 05:16:18,356 - INFO -   🎉 新的最佳验证损失: 1.07
2025-11-23 05:16:19,334 - INFO - 💾 保存最新检查点: logs/dset3_r34_20251123_040033/latest_checkpoint.pth
2025-11-23 05:16:21,791 - INFO - [DEBUG] Epoch 25: pruner.current_epoch=25, pruner.pruning_enabled=True, pruner.warmup_epochs=10
2025-11-23 05:16:27,352 - INFO - Epoch 25 | Batch 0 | Loss: 9.16 (Det: 9.06, MoE: 2.1397)
2025-11-23 05:17:57,777 - INFO - Epoch 25 | Batch 50 | Loss: 9.15 (Det: 9.05, MoE: 2.1157)
2025-11-23 05:19:10,557 - INFO - Epoch 25:
2025-11-23 05:19:10,557 - INFO -   训练损失: 9.14 | 验证损失: 1.04
2025-11-23 05:19:10,557 - INFO -   (前30个epoch仅计算loss，跳过mAP评估)
2025-11-23 05:19:10,557 - INFO -   检测损失: 9.04
2025-11-23 05:19:10,557 - INFO -   Decoder MoE损失: 2.0122
2025-11-23 05:19:10,557 - INFO -   Encoder Patch-MoE Balance损失: 0.1263
2025-11-23 05:19:10,557 - INFO -   Encoder Patch-MoE Entropy损失: -1.0986
2025-11-23 05:19:10,558 - INFO -   Encoder MoE总损失: -0.9723
2025-11-23 05:19:10,558 - INFO -   Token Pruning损失: 0.000233
2025-11-23 05:19:10,558 - INFO -   MoE总损失: 2.1385
2025-11-23 05:19:10,558 - INFO -   Decoder专家使用率: [34.66%, 28.88%, 36.46%]
2025-11-23 05:19:10,558 - INFO -   🎉 新的最佳验证损失: 1.04
2025-11-23 05:19:11,516 - INFO - 💾 保存最新检查点: logs/dset3_r34_20251123_040033/latest_checkpoint.pth
2025-11-23 05:19:21,444 - INFO - Epoch 26 | Batch 0 | Loss: 8.96 (Det: 8.86, MoE: 2.1381)
2025-11-23 05:20:51,085 - INFO - Epoch 26 | Batch 50 | Loss: 8.91 (Det: 8.81, MoE: 2.1407)
2025-11-23 05:22:01,548 - INFO - Epoch 26:
2025-11-23 05:22:01,549 - INFO -   训练损失: 8.97 | 验证损失: 1.02
2025-11-23 05:22:01,549 - INFO -   (前30个epoch仅计算loss，跳过mAP评估)
2025-11-23 05:22:01,549 - INFO -   🎉 新的最佳验证损失: 1.02
2025-11-23 05:22:02,459 - INFO - 💾 保存最新检查点: logs/dset3_r34_20251123_040033/latest_checkpoint.pth
2025-11-23 05:22:11,617 - INFO - Epoch 27 | Batch 0 | Loss: 8.91 (Det: 8.81, MoE: 2.1297)
2025-11-23 05:23:41,673 - INFO - Epoch 27 | Batch 50 | Loss: 8.71 (Det: 8.60, MoE: 2.1564)
2025-11-23 05:24:53,299 - INFO - Epoch 27:
2025-11-23 05:24:53,299 - INFO -   训练损失: 8.78 | 验证损失: 1.00
2025-11-23 05:24:53,299 - INFO -   (前30个epoch仅计算loss，跳过mAP评估)
2025-11-23 05:24:53,299 - INFO -   🎉 新的最佳验证损失: 1.00
2025-11-23 05:24:54,235 - INFO - 💾 保存最新检查点: logs/dset3_r34_20251123_040033/latest_checkpoint.pth
2025-11-23 05:25:03,482 - INFO - Epoch 28 | Batch 0 | Loss: 8.68 (Det: 8.58, MoE: 2.1370)
2025-11-23 05:26:33,847 - INFO - Epoch 28 | Batch 50 | Loss: 8.44 (Det: 8.34, MoE: 2.1538)
2025-11-23 05:27:45,985 - INFO - Epoch 28:
2025-11-23 05:27:45,986 - INFO -   训练损失: 8.58 | 验证损失: 0.98
2025-11-23 05:27:45,986 - INFO -   (前30个epoch仅计算loss，跳过mAP评估)
2025-11-23 05:27:45,986 - INFO -   🎉 新的最佳验证损失: 0.98
2025-11-23 05:27:46,948 - INFO - 💾 保存最新检查点: logs/dset3_r34_20251123_040033/latest_checkpoint.pth
2025-11-23 05:27:57,059 - INFO - Epoch 29 | Batch 0 | Loss: 8.47 (Det: 8.37, MoE: 2.1181)
2025-11-23 05:29:26,849 - INFO - Epoch 29 | Batch 50 | Loss: 8.36 (Det: 8.26, MoE: 2.1353)
2025-11-23 05:30:37,727 - INFO - Epoch 29:
2025-11-23 05:30:37,727 - INFO -   训练损失: 8.45 | 验证损失: 0.96
2025-11-23 05:30:37,728 - INFO -   (前30个epoch仅计算loss，跳过mAP评估)
2025-11-23 05:30:37,728 - INFO -   🎉 新的最佳验证损失: 0.96
2025-11-23 05:30:38,695 - INFO - 💾 保存最新检查点: logs/dset3_r34_20251123_040033/latest_checkpoint.pth
2025-11-23 05:30:40,952 - INFO - [DEBUG] Epoch 30: pruner.current_epoch=30, pruner.pruning_enabled=True, pruner.warmup_epochs=10
2025-11-23 05:30:49,190 - INFO - Epoch 30 | Batch 0 | Loss: 8.44 (Det: 8.34, MoE: 2.1183)
2025-11-23 05:32:18,931 - INFO - Epoch 30 | Batch 50 | Loss: 8.40 (Det: 8.30, MoE: 2.1020)
2025-11-23 05:34:09,237 - INFO - Epoch 30:
2025-11-23 05:34:09,238 - INFO -   训练损失: 8.35 | 验证损失: 0.95
2025-11-23 05:34:09,239 - INFO -   预测/目标: 201600/93434
2025-11-23 05:34:09,239 - INFO -   检测损失: 8.25
2025-11-23 05:34:09,239 - INFO -   Decoder MoE损失: 2.0103
2025-11-23 05:34:09,239 - INFO -   Encoder Patch-MoE Balance损失: 0.1200
2025-11-23 05:34:09,239 - INFO -   Encoder Patch-MoE Entropy损失: -1.0986
2025-11-23 05:34:09,239 - INFO -   Encoder MoE总损失: -0.9786
2025-11-23 05:34:09,239 - INFO -   Token Pruning损失: 0.000177
2025-11-23 05:34:09,239 - INFO -   MoE总损失: 2.1303
2025-11-23 05:34:09,240 - INFO -   Decoder专家使用率: [34.14%, 29.96%, 35.90%]
2025-11-23 05:34:09,240 - INFO -   🎉 新的最佳验证损失: 0.95
2025-11-23 05:34:09,240 - INFO -   🎉 新的最佳mAP: 0.4789
2025-11-23 05:34:10,195 - INFO - 💾 保存最佳模型: logs/dset3_r34_20251123_040033/best_model.pth
2025-11-23 05:35:01,986 - INFO -   每个类别的 mAP@0.5:0.95:
2025-11-23 05:35:01,986 - INFO -     Car         : 0.7431
2025-11-23 05:35:01,986 - INFO -     Truck       : 0.4119
2025-11-23 05:35:01,986 - INFO -     Van         : 0.4200
2025-11-23 05:35:01,986 - INFO -     Bus         : 0.5022
2025-11-23 05:35:01,986 - INFO -     Pedestrian  : 0.3670
2025-11-23 05:35:01,986 - INFO -     Cyclist     : 0.5023
2025-11-23 05:35:01,986 - INFO -     Motorcyclist: 0.2708
2025-11-23 05:35:01,986 - INFO -     Trafficcone : 0.6140
2025-11-23 05:35:02,173 - INFO -   mAP_0.5_0.95 提升到 0.4789 (最佳epoch: 30)
2025-11-23 05:35:03,486 - INFO - 💾 保存最新检查点: logs/dset3_r34_20251123_040033/latest_checkpoint.pth
2025-11-23 05:35:13,446 - INFO - Epoch 31 | Batch 0 | Loss: 8.33 (Det: 8.23, MoE: 2.1266)
2025-11-23 05:36:44,191 - INFO - Epoch 31 | Batch 50 | Loss: 8.39 (Det: 8.29, MoE: 2.1318)
2025-11-23 05:38:36,511 - INFO - Epoch 31:
2025-11-23 05:38:36,512 - INFO -   训练损失: 8.29 | 验证损失: 0.94
2025-11-23 05:38:36,512 - INFO -   预测/目标: 201600/93434
2025-11-23 05:38:36,513 - INFO -   🎉 新的最佳验证损失: 0.94
2025-11-23 05:38:36,513 - INFO -   🎉 新的最佳mAP: 0.4929
2025-11-23 05:38:37,521 - INFO - 💾 保存最佳模型: logs/dset3_r34_20251123_040033/best_model.pth
2025-11-23 05:39:29,633 - INFO -   每个类别的 mAP@0.5:0.95:
2025-11-23 05:39:29,633 - INFO -     Car         : 0.7488
2025-11-23 05:39:29,633 - INFO -     Truck       : 0.4238
2025-11-23 05:39:29,633 - INFO -     Van         : 0.4467
2025-11-23 05:39:29,633 - INFO -     Bus         : 0.5535
2025-11-23 05:39:29,633 - INFO -     Pedestrian  : 0.3733
2025-11-23 05:39:29,633 - INFO -     Cyclist     : 0.5066
2025-11-23 05:39:29,633 - INFO -     Motorcyclist: 0.2760
2025-11-23 05:39:29,633 - INFO -     Trafficcone : 0.6140
2025-11-23 05:39:29,827 - INFO -   mAP_0.5_0.95 提升到 0.4929 (最佳epoch: 31)
2025-11-23 05:39:30,859 - INFO - 💾 保存最新检查点: logs/dset3_r34_20251123_040033/latest_checkpoint.pth
2025-11-23 05:39:38,984 - INFO - Epoch 32 | Batch 0 | Loss: 8.13 (Det: 8.03, MoE: 2.1198)
2025-11-23 05:41:09,462 - INFO - Epoch 32 | Batch 50 | Loss: 8.18 (Det: 8.08, MoE: 2.1225)
2025-11-23 05:43:00,824 - INFO - Epoch 32:
2025-11-23 05:43:00,824 - INFO -   训练损失: 8.22 | 验证损失: 0.93
2025-11-23 05:43:00,825 - INFO -   预测/目标: 201600/93434
2025-11-23 05:43:00,825 - INFO -   🎉 新的最佳验证损失: 0.93
2025-11-23 05:43:00,825 - INFO -   🎉 新的最佳mAP: 0.5003
2025-11-23 05:43:01,776 - INFO - 💾 保存最佳模型: logs/dset3_r34_20251123_040033/best_model.pth
2025-11-23 05:43:54,187 - INFO -   每个类别的 mAP@0.5:0.95:
2025-11-23 05:43:54,187 - INFO -     Car         : 0.7466
2025-11-23 05:43:54,187 - INFO -     Truck       : 0.4092
2025-11-23 05:43:54,187 - INFO -     Van         : 0.4485
2025-11-23 05:43:54,187 - INFO -     Bus         : 0.6104
2025-11-23 05:43:54,187 - INFO -     Pedestrian  : 0.3768
2025-11-23 05:43:54,187 - INFO -     Cyclist     : 0.5174
2025-11-23 05:43:54,187 - INFO -     Motorcyclist: 0.2784
2025-11-23 05:43:54,187 - INFO -     Trafficcone : 0.6152
2025-11-23 05:43:54,369 - INFO -   mAP_0.5_0.95 提升到 0.5003 (最佳epoch: 32)
2025-11-23 05:43:55,490 - INFO - 💾 保存最新检查点: logs/dset3_r34_20251123_040033/latest_checkpoint.pth
2025-11-23 05:44:03,451 - INFO - Epoch 33 | Batch 0 | Loss: 8.19 (Det: 8.09, MoE: 2.1027)
2025-11-23 05:45:32,748 - INFO - Epoch 33 | Batch 50 | Loss: 7.99 (Det: 7.89, MoE: 2.1073)
2025-11-23 05:47:22,821 - INFO - Epoch 33:
2025-11-23 05:47:22,822 - INFO -   训练损失: 8.18 | 验证损失: 0.93
2025-11-23 05:47:22,822 - INFO -   预测/目标: 201600/93434
2025-11-23 05:47:22,823 - INFO -   🎉 新的最佳验证损失: 0.93
2025-11-23 05:47:22,823 - INFO -   🎉 新的最佳mAP: 0.5115
2025-11-23 05:47:23,585 - INFO - 💾 保存最佳模型: logs/dset3_r34_20251123_040033/best_model.pth
2025-11-23 05:48:15,226 - INFO -   每个类别的 mAP@0.5:0.95:
2025-11-23 05:48:15,226 - INFO -     Car         : 0.7499
2025-11-23 05:48:15,227 - INFO -     Truck       : 0.4182
2025-11-23 05:48:15,227 - INFO -     Van         : 0.4746
2025-11-23 05:48:15,227 - INFO -     Bus         : 0.6467
2025-11-23 05:48:15,227 - INFO -     Pedestrian  : 0.3789
2025-11-23 05:48:15,227 - INFO -     Cyclist     : 0.5236
2025-11-23 05:48:15,227 - INFO -     Motorcyclist: 0.2828
2025-11-23 05:48:15,227 - INFO -     Trafficcone : 0.6170
2025-11-23 05:48:15,429 - INFO -   mAP_0.5_0.95 提升到 0.5115 (最佳epoch: 33)
2025-11-23 05:48:16,204 - INFO - 💾 保存最新检查点: logs/dset3_r34_20251123_040033/latest_checkpoint.pth
2025-11-23 05:48:24,692 - INFO - Epoch 34 | Batch 0 | Loss: 7.95 (Det: 7.85, MoE: 2.1192)
2025-11-23 05:49:54,414 - INFO - Epoch 34 | Batch 50 | Loss: 7.92 (Det: 7.82, MoE: 2.1357)
2025-11-23 05:51:46,280 - INFO - Epoch 34:
2025-11-23 05:51:46,280 - INFO -   训练损失: 8.12 | 验证损失: 0.92
2025-11-23 05:51:46,280 - INFO -   预测/目标: 201600/93434
2025-11-23 05:51:46,281 - INFO -   🎉 新的最佳验证损失: 0.92
2025-11-23 05:51:46,281 - INFO -   🎉 新的最佳mAP: 0.5151
2025-11-23 05:51:47,066 - INFO - 💾 保存最佳模型: logs/dset3_r34_20251123_040033/best_model.pth
2025-11-23 05:52:39,085 - INFO -   每个类别的 mAP@0.5:0.95:
2025-11-23 05:52:39,085 - INFO -     Car         : 0.7538
2025-11-23 05:52:39,085 - INFO -     Truck       : 0.4087
2025-11-23 05:52:39,085 - INFO -     Van         : 0.4721
2025-11-23 05:52:39,085 - INFO -     Bus         : 0.6614
2025-11-23 05:52:39,085 - INFO -     Pedestrian  : 0.3848
2025-11-23 05:52:39,085 - INFO -     Cyclist     : 0.5295
2025-11-23 05:52:39,085 - INFO -     Motorcyclist: 0.2936
2025-11-23 05:52:39,085 - INFO -     Trafficcone : 0.6167
2025-11-23 05:52:39,295 - INFO -   mAP_0.5_0.95 提升到 0.5151 (最佳epoch: 34)
2025-11-23 05:52:40,125 - INFO - 💾 保存最新检查点: logs/dset3_r34_20251123_040033/latest_checkpoint.pth
2025-11-23 05:52:42,858 - INFO - [DEBUG] Epoch 35: pruner.current_epoch=35, pruner.pruning_enabled=True, pruner.warmup_epochs=10
2025-11-23 05:52:49,595 - INFO - Epoch 35 | Batch 0 | Loss: 8.29 (Det: 8.19, MoE: 2.1170)
2025-11-23 05:54:18,863 - INFO - Epoch 35 | Batch 50 | Loss: 7.93 (Det: 7.83, MoE: 2.1441)
2025-11-23 05:56:09,063 - INFO - Epoch 35:
2025-11-23 05:56:09,063 - INFO -   训练损失: 8.14 | 验证损失: 0.93
2025-11-23 05:56:09,063 - INFO -   预测/目标: 201600/93434
2025-11-23 05:56:09,065 - INFO -   检测损失: 8.03
2025-11-23 05:56:09,065 - INFO -   Decoder MoE损失: 2.0106
2025-11-23 05:56:09,065 - INFO -   Encoder Patch-MoE Balance损失: 0.1241
2025-11-23 05:56:09,065 - INFO -   Encoder Patch-MoE Entropy损失: -1.0986
2025-11-23 05:56:09,065 - INFO -   Encoder MoE总损失: -0.9745
2025-11-23 05:56:09,065 - INFO -   Token Pruning损失: 0.000151
2025-11-23 05:56:09,065 - INFO -   MoE总损失: 2.1347
2025-11-23 05:56:09,065 - INFO -   Decoder专家使用率: [33.66%, 30.83%, 35.50%]
2025-11-23 05:56:09,065 - INFO -   🎉 新的最佳mAP: 0.5153
2025-11-23 05:56:09,854 - INFO - 💾 保存最佳模型: logs/dset3_r34_20251123_040033/best_model.pth
2025-11-23 05:57:02,245 - INFO -   每个类别的 mAP@0.5:0.95:
2025-11-23 05:57:02,245 - INFO -     Car         : 0.7554
2025-11-23 05:57:02,245 - INFO -     Truck       : 0.3953
2025-11-23 05:57:02,245 - INFO -     Van         : 0.4809
2025-11-23 05:57:02,245 - INFO -     Bus         : 0.6712
2025-11-23 05:57:02,245 - INFO -     Pedestrian  : 0.3741
2025-11-23 05:57:02,245 - INFO -     Cyclist     : 0.5298
2025-11-23 05:57:02,246 - INFO -     Motorcyclist: 0.2977
2025-11-23 05:57:02,246 - INFO -     Trafficcone : 0.6183
2025-11-23 05:57:02,424 - INFO -   mAP_0.5_0.95 提升到 0.5153 (最佳epoch: 35)
2025-11-23 05:57:03,250 - INFO - 💾 保存最新检查点: logs/dset3_r34_20251123_040033/latest_checkpoint.pth
2025-11-23 05:57:12,103 - INFO - Epoch 36 | Batch 0 | Loss: 8.01 (Det: 7.90, MoE: 2.1335)
2025-11-23 05:58:41,827 - INFO - Epoch 36 | Batch 50 | Loss: 8.13 (Det: 8.03, MoE: 2.1339)
2025-11-23 06:00:33,522 - INFO - Epoch 36:
2025-11-23 06:00:33,523 - INFO -   训练损失: 8.02 | 验证损失: 0.91
2025-11-23 06:00:33,523 - INFO -   预测/目标: 201600/93434
2025-11-23 06:00:33,524 - INFO -   🎉 新的最佳验证损失: 0.91
2025-11-23 06:00:33,524 - INFO -   🎉 新的最佳mAP: 0.5317
2025-11-23 06:00:34,334 - INFO - 💾 保存最佳模型: logs/dset3_r34_20251123_040033/best_model.pth
2025-11-23 06:01:26,521 - INFO -   每个类别的 mAP@0.5:0.95:
2025-11-23 06:01:26,521 - INFO -     Car         : 0.7608
2025-11-23 06:01:26,521 - INFO -     Truck       : 0.4462
2025-11-23 06:01:26,521 - INFO -     Van         : 0.5023
2025-11-23 06:01:26,521 - INFO -     Bus         : 0.6943
2025-11-23 06:01:26,521 - INFO -     Pedestrian  : 0.3936
2025-11-23 06:01:26,521 - INFO -     Cyclist     : 0.5317
2025-11-23 06:01:26,521 - INFO -     Motorcyclist: 0.3043
2025-11-23 06:01:26,521 - INFO -     Trafficcone : 0.6204
2025-11-23 06:01:26,701 - INFO -   mAP_0.5_0.95 提升到 0.5317 (最佳epoch: 36)
2025-11-23 06:01:27,499 - INFO - 💾 保存最新检查点: logs/dset3_r34_20251123_040033/latest_checkpoint.pth
2025-11-23 06:01:37,032 - INFO - Epoch 37 | Batch 0 | Loss: 7.93 (Det: 7.83, MoE: 2.1366)
2025-11-23 06:03:06,376 - INFO - Epoch 37 | Batch 50 | Loss: 7.88 (Det: 7.78, MoE: 2.1190)
2025-11-23 06:04:55,471 - INFO - Epoch 37:
2025-11-23 06:04:55,472 - INFO -   训练损失: 7.90 | 验证损失: 0.91
2025-11-23 06:04:55,472 - INFO -   预测/目标: 201600/93434
2025-11-23 06:04:55,473 - INFO -   🎉 新的最佳验证损失: 0.91
2025-11-23 06:04:55,473 - INFO -   🎉 新的最佳mAP: 0.5337
2025-11-23 06:04:56,574 - INFO - 💾 保存最佳模型: logs/dset3_r34_20251123_040033/best_model.pth
2025-11-23 06:05:48,559 - INFO -   每个类别的 mAP@0.5:0.95:
2025-11-23 06:05:48,560 - INFO -     Car         : 0.7600
2025-11-23 06:05:48,560 - INFO -     Truck       : 0.4312
2025-11-23 06:05:48,560 - INFO -     Van         : 0.5107
2025-11-23 06:05:48,560 - INFO -     Bus         : 0.6991
2025-11-23 06:05:48,560 - INFO -     Pedestrian  : 0.3893
2025-11-23 06:05:48,560 - INFO -     Cyclist     : 0.5423
2025-11-23 06:05:48,560 - INFO -     Motorcyclist: 0.3152
2025-11-23 06:05:48,560 - INFO -     Trafficcone : 0.6219
2025-11-23 06:05:48,727 - INFO -   mAP_0.5_0.95 提升到 0.5337 (最佳epoch: 37)
2025-11-23 06:05:49,622 - INFO - 💾 保存最新检查点: logs/dset3_r34_20251123_040033/latest_checkpoint.pth
2025-11-23 06:05:57,124 - INFO - Epoch 38 | Batch 0 | Loss: 8.05 (Det: 7.95, MoE: 2.1107)
2025-11-23 06:07:27,111 - INFO - Epoch 38 | Batch 50 | Loss: 7.77 (Det: 7.67, MoE: 2.1318)
2025-11-23 06:09:18,023 - INFO - Epoch 38:
2025-11-23 06:09:18,024 - INFO -   训练损失: 7.83 | 验证损失: 0.90
2025-11-23 06:09:18,024 - INFO -   预测/目标: 201600/93434
2025-11-23 06:09:18,024 - INFO -   🎉 新的最佳验证损失: 0.90
2025-11-23 06:09:18,026 - INFO -   🎉 新的最佳mAP: 0.5408
2025-11-23 06:09:18,898 - INFO - 💾 保存最佳模型: logs/dset3_r34_20251123_040033/best_model.pth
2025-11-23 06:10:11,114 - INFO -   每个类别的 mAP@0.5:0.95:
2025-11-23 06:10:11,114 - INFO -     Car         : 0.7652
2025-11-23 06:10:11,114 - INFO -     Truck       : 0.4302
2025-11-23 06:10:11,114 - INFO -     Van         : 0.5301
2025-11-23 06:10:11,114 - INFO -     Bus         : 0.7083
2025-11-23 06:10:11,114 - INFO -     Pedestrian  : 0.3952
2025-11-23 06:10:11,114 - INFO -     Cyclist     : 0.5424
2025-11-23 06:10:11,114 - INFO -     Motorcyclist: 0.3331
2025-11-23 06:10:11,114 - INFO -     Trafficcone : 0.6223
2025-11-23 06:10:11,314 - INFO -   mAP_0.5_0.95 提升到 0.5408 (最佳epoch: 38)
2025-11-23 06:10:12,221 - INFO - 💾 保存最新检查点: logs/dset3_r34_20251123_040033/latest_checkpoint.pth
2025-11-23 06:10:20,916 - INFO - Epoch 39 | Batch 0 | Loss: 7.62 (Det: 7.52, MoE: 2.1126)
2025-11-23 06:11:51,156 - INFO - Epoch 39 | Batch 50 | Loss: 7.81 (Det: 7.71, MoE: 2.1334)
2025-11-23 06:13:40,342 - INFO - Epoch 39:
2025-11-23 06:13:40,343 - INFO -   训练损失: 7.78 | 验证损失: 0.91
2025-11-23 06:13:40,344 - INFO -   预测/目标: 201600/93434
2025-11-23 06:13:40,344 - INFO -   🎉 新的最佳mAP: 0.5414
2025-11-23 06:13:41,284 - INFO - 💾 保存最佳模型: logs/dset3_r34_20251123_040033/best_model.pth
2025-11-23 06:14:33,970 - INFO -   每个类别的 mAP@0.5:0.95:
2025-11-23 06:14:33,970 - INFO -     Car         : 0.7630
2025-11-23 06:14:33,970 - INFO -     Truck       : 0.4331
2025-11-23 06:14:33,970 - INFO -     Van         : 0.5243
2025-11-23 06:14:33,970 - INFO -     Bus         : 0.7125
2025-11-23 06:14:33,970 - INFO -     Pedestrian  : 0.3930
2025-11-23 06:14:33,971 - INFO -     Cyclist     : 0.5481
2025-11-23 06:14:33,971 - INFO -     Motorcyclist: 0.3355
2025-11-23 06:14:33,971 - INFO -     Trafficcone : 0.6219
2025-11-23 06:14:34,168 - INFO -   mAP_0.5_0.95 提升到 0.5414 (最佳epoch: 39)
2025-11-23 06:14:35,150 - INFO - 💾 保存最新检查点: logs/dset3_r34_20251123_040033/latest_checkpoint.pth
2025-11-23 06:14:37,641 - INFO - [DEBUG] Epoch 40: pruner.current_epoch=40, pruner.pruning_enabled=True, pruner.warmup_epochs=10
2025-11-23 06:14:43,881 - INFO - Epoch 40 | Batch 0 | Loss: 7.63 (Det: 7.53, MoE: 2.1106)
2025-11-23 06:16:14,603 - INFO - Epoch 40 | Batch 50 | Loss: 7.64 (Det: 7.54, MoE: 2.1549)
2025-11-23 06:18:06,138 - INFO - Epoch 40:
2025-11-23 06:18:06,138 - INFO -   训练损失: 7.72 | 验证损失: 0.90
2025-11-23 06:18:06,139 - INFO -   预测/目标: 201600/93434
2025-11-23 06:18:06,139 - INFO -   检测损失: 7.62
2025-11-23 06:18:06,141 - INFO -   Decoder MoE损失: 2.0037
2025-11-23 06:18:06,141 - INFO -   Encoder Patch-MoE Balance损失: 0.1208
2025-11-23 06:18:06,141 - INFO -   Encoder Patch-MoE Entropy损失: -1.0986
2025-11-23 06:18:06,141 - INFO -   Encoder MoE总损失: -0.9778
2025-11-23 06:18:06,141 - INFO -   Token Pruning损失: 0.000107
2025-11-23 06:18:06,141 - INFO -   MoE总损失: 2.1245
2025-11-23 06:18:06,141 - INFO -   Decoder专家使用率: [33.77%, 30.65%, 35.58%]
2025-11-23 06:18:06,141 - INFO -   🎉 新的最佳验证损失: 0.90
2025-11-23 06:18:06,141 - INFO -   🎉 新的最佳mAP: 0.5439
2025-11-23 06:18:07,038 - INFO - 💾 保存最佳模型: logs/dset3_r34_20251123_040033/best_model.pth
2025-11-23 06:18:59,813 - INFO -   每个类别的 mAP@0.5:0.95:
2025-11-23 06:18:59,814 - INFO -     Car         : 0.7666
2025-11-23 06:18:59,814 - INFO -     Truck       : 0.4064
2025-11-23 06:18:59,814 - INFO -     Van         : 0.5346
2025-11-23 06:18:59,814 - INFO -     Bus         : 0.7193
2025-11-23 06:18:59,814 - INFO -     Pedestrian  : 0.3923
2025-11-23 06:18:59,814 - INFO -     Cyclist     : 0.5494
2025-11-23 06:18:59,814 - INFO -     Motorcyclist: 0.3587
2025-11-23 06:18:59,814 - INFO -     Trafficcone : 0.6240
2025-11-23 06:18:59,968 - INFO -   mAP_0.5_0.95 提升到 0.5439 (最佳epoch: 40)
2025-11-23 06:19:00,853 - INFO - 💾 保存最新检查点: logs/dset3_r34_20251123_040033/latest_checkpoint.pth
2025-11-23 06:19:09,890 - INFO - Epoch 41 | Batch 0 | Loss: 7.75 (Det: 7.65, MoE: 2.1047)
2025-11-23 06:20:39,543 - INFO - Epoch 41 | Batch 50 | Loss: 7.65 (Det: 7.55, MoE: 2.1244)
2025-11-23 06:22:29,714 - INFO - Epoch 41:
2025-11-23 06:22:29,715 - INFO -   训练损失: 7.70 | 验证损失: 0.90
2025-11-23 06:22:29,715 - INFO -   预测/目标: 201600/93434
2025-11-23 06:22:29,716 - INFO -   🎉 新的最佳验证损失: 0.90
2025-11-23 06:22:29,717 - INFO -   🎉 新的最佳mAP: 0.5474
2025-11-23 06:22:30,600 - INFO - 💾 保存最佳模型: logs/dset3_r34_20251123_040033/best_model.pth
2025-11-23 06:23:24,002 - INFO -   每个类别的 mAP@0.5:0.95:
2025-11-23 06:23:24,002 - INFO -     Car         : 0.7665
2025-11-23 06:23:24,002 - INFO -     Truck       : 0.4107
2025-11-23 06:23:24,002 - INFO -     Van         : 0.5404
2025-11-23 06:23:24,002 - INFO -     Bus         : 0.7209
2025-11-23 06:23:24,002 - INFO -     Pedestrian  : 0.3935
2025-11-23 06:23:24,002 - INFO -     Cyclist     : 0.5540
2025-11-23 06:23:24,002 - INFO -     Motorcyclist: 0.3706
2025-11-23 06:23:24,002 - INFO -     Trafficcone : 0.6222
2025-11-23 06:23:24,147 - INFO -   mAP_0.5_0.95 提升到 0.5474 (最佳epoch: 41)
2025-11-23 06:23:24,997 - INFO - 💾 保存最新检查点: logs/dset3_r34_20251123_040033/latest_checkpoint.pth
2025-11-23 06:23:32,874 - INFO - Epoch 42 | Batch 0 | Loss: 7.76 (Det: 7.66, MoE: 2.1425)
2025-11-23 06:25:03,819 - INFO - Epoch 42 | Batch 50 | Loss: 7.68 (Det: 7.58, MoE: 2.1177)
2025-11-23 06:26:54,588 - INFO - Epoch 42:
2025-11-23 06:26:54,589 - INFO -   训练损失: 7.65 | 验证损失: 0.90
2025-11-23 06:26:54,590 - INFO -   预测/目标: 201600/93434
2025-11-23 06:26:54,591 - INFO -   🎉 新的最佳mAP: 0.5480
2025-11-23 06:26:55,551 - INFO - 💾 保存最佳模型: logs/dset3_r34_20251123_040033/best_model.pth
2025-11-23 06:27:47,984 - INFO -   每个类别的 mAP@0.5:0.95:
2025-11-23 06:27:47,984 - INFO -     Car         : 0.7664
2025-11-23 06:27:47,984 - INFO -     Truck       : 0.3862
2025-11-23 06:27:47,984 - INFO -     Van         : 0.5478
2025-11-23 06:27:47,984 - INFO -     Bus         : 0.7278
2025-11-23 06:27:47,984 - INFO -     Pedestrian  : 0.3969
2025-11-23 06:27:47,984 - INFO -     Cyclist     : 0.5614
2025-11-23 06:27:47,984 - INFO -     Motorcyclist: 0.3750
2025-11-23 06:27:47,984 - INFO -     Trafficcone : 0.6222
2025-11-23 06:27:48,192 - INFO -   mAP_0.5_0.95 提升到 0.5480 (最佳epoch: 42)
2025-11-23 06:27:49,140 - INFO - 💾 保存最新检查点: logs/dset3_r34_20251123_040033/latest_checkpoint.pth
2025-11-23 06:27:57,684 - INFO - Epoch 43 | Batch 0 | Loss: 7.64 (Det: 7.54, MoE: 2.1109)
2025-11-23 06:29:28,489 - INFO - Epoch 43 | Batch 50 | Loss: 7.64 (Det: 7.54, MoE: 2.1168)
2025-11-23 06:31:20,780 - INFO - Epoch 43:
2025-11-23 06:31:20,780 - INFO -   训练损失: 7.61 | 验证损失: 0.89
2025-11-23 06:31:20,781 - INFO -   预测/目标: 201600/93434
2025-11-23 06:31:20,781 - INFO -   🎉 新的最佳验证损失: 0.89
2025-11-23 06:31:20,781 - INFO -   🎉 新的最佳mAP: 0.5565
2025-11-23 06:31:21,968 - INFO - 💾 保存最佳模型: logs/dset3_r34_20251123_040033/best_model.pth
2025-11-23 06:32:15,342 - INFO -   每个类别的 mAP@0.5:0.95:
2025-11-23 06:32:15,342 - INFO -     Car         : 0.7686
2025-11-23 06:32:15,342 - INFO -     Truck       : 0.4233
2025-11-23 06:32:15,342 - INFO -     Van         : 0.5431
2025-11-23 06:32:15,343 - INFO -     Bus         : 0.7382
2025-11-23 06:32:15,343 - INFO -     Pedestrian  : 0.4012
2025-11-23 06:32:15,343 - INFO -     Cyclist     : 0.5636
2025-11-23 06:32:15,343 - INFO -     Motorcyclist: 0.3908
2025-11-23 06:32:15,343 - INFO -     Trafficcone : 0.6232
2025-11-23 06:32:15,508 - INFO -   mAP_0.5_0.95 提升到 0.5565 (最佳epoch: 43)
2025-11-23 06:32:16,497 - INFO - 💾 保存最新检查点: logs/dset3_r34_20251123_040033/latest_checkpoint.pth
2025-11-23 06:32:24,097 - INFO - Epoch 44 | Batch 0 | Loss: 7.55 (Det: 7.45, MoE: 2.1561)
2025-11-23 06:33:55,504 - INFO - Epoch 44 | Batch 50 | Loss: 7.63 (Det: 7.53, MoE: 2.1199)
2025-11-23 06:35:46,374 - INFO - Epoch 44:
2025-11-23 06:35:46,374 - INFO -   训练损失: 7.57 | 验证损失: 0.89
2025-11-23 06:35:46,375 - INFO -   预测/目标: 201600/93434
2025-11-23 06:35:46,375 - INFO -   🎉 新的最佳mAP: 0.5568
2025-11-23 06:35:47,272 - INFO - 💾 保存最佳模型: logs/dset3_r34_20251123_040033/best_model.pth
2025-11-23 06:36:39,623 - INFO -   每个类别的 mAP@0.5:0.95:
2025-11-23 06:36:39,623 - INFO -     Car         : 0.7690
2025-11-23 06:36:39,623 - INFO -     Truck       : 0.4169
2025-11-23 06:36:39,623 - INFO -     Van         : 0.5379
2025-11-23 06:36:39,623 - INFO -     Bus         : 0.7384
2025-11-23 06:36:39,623 - INFO -     Pedestrian  : 0.4053
2025-11-23 06:36:39,623 - INFO -     Cyclist     : 0.5648
2025-11-23 06:36:39,623 - INFO -     Motorcyclist: 0.3977
2025-11-23 06:36:39,623 - INFO -     Trafficcone : 0.6244
2025-11-23 06:36:39,780 - INFO -   mAP_0.5_0.95 提升到 0.5568 (最佳epoch: 44)
2025-11-23 06:36:40,702 - INFO - 💾 保存最新检查点: logs/dset3_r34_20251123_040033/latest_checkpoint.pth
2025-11-23 06:36:43,333 - INFO - [DEBUG] Epoch 45: pruner.current_epoch=45, pruner.pruning_enabled=True, pruner.warmup_epochs=10
2025-11-23 06:36:48,299 - INFO - Epoch 45 | Batch 0 | Loss: 7.39 (Det: 7.29, MoE: 2.1367)
2025-11-23 06:38:19,363 - INFO - Epoch 45 | Batch 50 | Loss: 7.60 (Det: 7.49, MoE: 2.1360)
2025-11-23 06:40:10,704 - INFO - Epoch 45:
2025-11-23 06:40:10,704 - INFO -   训练损失: 7.54 | 验证损失: 0.89
2025-11-23 06:40:10,704 - INFO -   预测/目标: 201600/93434
2025-11-23 06:40:10,706 - INFO -   检测损失: 7.44
2025-11-23 06:40:10,706 - INFO -   Decoder MoE损失: 1.9999
2025-11-23 06:40:10,706 - INFO -   Encoder Patch-MoE Balance损失: 0.1208
2025-11-23 06:40:10,706 - INFO -   Encoder Patch-MoE Entropy损失: -1.0986
2025-11-23 06:40:10,706 - INFO -   Encoder MoE总损失: -0.9778
2025-11-23 06:40:10,707 - INFO -   Token Pruning损失: 0.000098
2025-11-23 06:40:10,707 - INFO -   MoE总损失: 2.1207
2025-11-23 06:40:10,707 - INFO -   Decoder专家使用率: [33.89%, 31.04%, 35.07%]
2025-11-23 06:40:10,707 - INFO -   ⏳ mAP_0.5_0.95 无改善 (1/35), 最佳值: 0.5568 (epoch 44)
2025-11-23 06:40:11,670 - INFO - 💾 保存最新检查点: logs/dset3_r34_20251123_040033/latest_checkpoint.pth
2025-11-23 06:40:19,383 - INFO - Epoch 46 | Batch 0 | Loss: 7.62 (Det: 7.52, MoE: 2.1145)
2025-11-23 06:41:52,071 - INFO - Epoch 46 | Batch 50 | Loss: 7.47 (Det: 7.37, MoE: 2.1048)
2025-11-23 06:43:42,782 - INFO - Epoch 46:
2025-11-23 06:43:42,782 - INFO -   训练损失: 7.46 | 验证损失: 0.89
2025-11-23 06:43:42,784 - INFO -   预测/目标: 201600/93434
2025-11-23 06:43:42,785 - INFO -   🎉 新的最佳验证损失: 0.89
2025-11-23 06:43:42,785 - INFO -   🎉 新的最佳mAP: 0.5585
2025-11-23 06:43:43,738 - INFO - 💾 保存最佳模型: logs/dset3_r34_20251123_040033/best_model.pth
2025-11-23 06:44:37,836 - INFO -   每个类别的 mAP@0.5:0.95:
2025-11-23 06:44:37,836 - INFO -     Car         : 0.7688
2025-11-23 06:44:37,836 - INFO -     Truck       : 0.3868
2025-11-23 06:44:37,836 - INFO -     Van         : 0.5481
2025-11-23 06:44:37,836 - INFO -     Bus         : 0.7371
2025-11-23 06:44:37,836 - INFO -     Pedestrian  : 0.4119
2025-11-23 06:44:37,836 - INFO -     Cyclist     : 0.5701
2025-11-23 06:44:37,836 - INFO -     Motorcyclist: 0.4202
2025-11-23 06:44:37,836 - INFO -     Trafficcone : 0.6251
2025-11-23 06:44:37,981 - INFO -   mAP_0.5_0.95 提升到 0.5585 (最佳epoch: 46)
2025-11-23 06:44:38,938 - INFO - 💾 保存最新检查点: logs/dset3_r34_20251123_040033/latest_checkpoint.pth
2025-11-23 06:44:46,721 - INFO - Epoch 47 | Batch 0 | Loss: 7.57 (Det: 7.47, MoE: 2.1018)
2025-11-23 06:46:17,261 - INFO - Epoch 47 | Batch 50 | Loss: 7.43 (Det: 7.33, MoE: 2.1371)
2025-11-23 06:48:08,676 - INFO - Epoch 47:
2025-11-23 06:48:08,677 - INFO -   训练损失: 7.42 | 验证损失: 0.89
2025-11-23 06:48:08,678 - INFO -   预测/目标: 201600/93434
2025-11-23 06:48:08,678 - INFO -   🎉 新的最佳验证损失: 0.89
2025-11-23 06:48:08,679 - INFO -   🎉 新的最佳mAP: 0.5646
2025-11-23 06:48:09,634 - INFO - 💾 保存最佳模型: logs/dset3_r34_20251123_040033/best_model.pth
2025-11-23 06:49:02,930 - INFO -   每个类别的 mAP@0.5:0.95:
2025-11-23 06:49:02,930 - INFO -     Car         : 0.7686
2025-11-23 06:49:02,930 - INFO -     Truck       : 0.4307
2025-11-23 06:49:02,930 - INFO -     Van         : 0.5434
2025-11-23 06:49:02,930 - INFO -     Bus         : 0.7353
2025-11-23 06:49:02,930 - INFO -     Pedestrian  : 0.4174
2025-11-23 06:49:02,930 - INFO -     Cyclist     : 0.5696
2025-11-23 06:49:02,930 - INFO -     Motorcyclist: 0.4257
2025-11-23 06:49:02,930 - INFO -     Trafficcone : 0.6258
2025-11-23 06:49:03,083 - INFO -   mAP_0.5_0.95 提升到 0.5646 (最佳epoch: 47)
2025-11-23 06:49:04,065 - INFO - 💾 保存最新检查点: logs/dset3_r34_20251123_040033/latest_checkpoint.pth
2025-11-23 06:49:13,556 - INFO - Epoch 48 | Batch 0 | Loss: 7.28 (Det: 7.18, MoE: 2.1128)
2025-11-23 06:50:43,766 - INFO - Epoch 48 | Batch 50 | Loss: 7.50 (Det: 7.40, MoE: 2.1105)
2025-11-23 06:52:34,856 - INFO - Epoch 48:
2025-11-23 06:52:34,856 - INFO -   训练损失: 7.38 | 验证损失: 0.88
2025-11-23 06:52:34,857 - INFO -   预测/目标: 201600/93434
2025-11-23 06:52:34,858 - INFO -   🎉 新的最佳验证损失: 0.88
2025-11-23 06:52:34,858 - INFO -   🎉 新的最佳mAP: 0.5699
2025-11-23 06:52:35,830 - INFO - 💾 保存最佳模型: logs/dset3_r34_20251123_040033/best_model.pth
2025-11-23 06:53:29,005 - INFO -   每个类别的 mAP@0.5:0.95:
2025-11-23 06:53:29,005 - INFO -     Car         : 0.7685
2025-11-23 06:53:29,005 - INFO -     Truck       : 0.4432
2025-11-23 06:53:29,005 - INFO -     Van         : 0.5530
2025-11-23 06:53:29,006 - INFO -     Bus         : 0.7411
2025-11-23 06:53:29,006 - INFO -     Pedestrian  : 0.4197
2025-11-23 06:53:29,006 - INFO -     Cyclist     : 0.5709
2025-11-23 06:53:29,006 - INFO -     Motorcyclist: 0.4379
2025-11-23 06:53:29,006 - INFO -     Trafficcone : 0.6253
2025-11-23 06:53:29,195 - INFO -   mAP_0.5_0.95 提升到 0.5699 (最佳epoch: 48)
2025-11-23 06:53:30,159 - INFO - 💾 保存最新检查点: logs/dset3_r34_20251123_040033/latest_checkpoint.pth
2025-11-23 06:53:39,963 - INFO - Epoch 49 | Batch 0 | Loss: 7.40 (Det: 7.29, MoE: 2.1315)
2025-11-23 06:55:10,506 - INFO - Epoch 49 | Batch 50 | Loss: 7.42 (Det: 7.31, MoE: 2.1626)
2025-11-23 06:57:02,231 - INFO - Epoch 49:
2025-11-23 06:57:02,232 - INFO -   训练损失: 7.35 | 验证损失: 0.88
2025-11-23 06:57:02,232 - INFO -   预测/目标: 201600/93434
2025-11-23 06:57:02,233 - INFO -   🎉 新的最佳mAP: 0.5741
2025-11-23 06:57:03,299 - INFO - 💾 保存最佳模型: logs/dset3_r34_20251123_040033/best_model.pth
2025-11-23 06:57:56,446 - INFO -   每个类别的 mAP@0.5:0.95:
2025-11-23 06:57:56,446 - INFO -     Car         : 0.7707
2025-11-23 06:57:56,446 - INFO -     Truck       : 0.4603
2025-11-23 06:57:56,446 - INFO -     Van         : 0.5575
2025-11-23 06:57:56,446 - INFO -     Bus         : 0.7420
2025-11-23 06:57:56,446 - INFO -     Pedestrian  : 0.4197
2025-11-23 06:57:56,446 - INFO -     Cyclist     : 0.5729
2025-11-23 06:57:56,446 - INFO -     Motorcyclist: 0.4451
2025-11-23 06:57:56,446 - INFO -     Trafficcone : 0.6249
2025-11-23 06:57:56,596 - INFO -   mAP_0.5_0.95 提升到 0.5741 (最佳epoch: 49)
2025-11-23 06:57:57,494 - INFO - 💾 保存最新检查点: logs/dset3_r34_20251123_040033/latest_checkpoint.pth
2025-11-23 06:57:59,846 - INFO - [DEBUG] Epoch 50: pruner.current_epoch=50, pruner.pruning_enabled=True, pruner.warmup_epochs=10
2025-11-23 06:58:04,823 - INFO - Epoch 50 | Batch 0 | Loss: 7.35 (Det: 7.25, MoE: 2.1163)
2025-11-23 06:59:35,505 - INFO - Epoch 50 | Batch 50 | Loss: 7.29 (Det: 7.19, MoE: 2.1159)
2025-11-23 07:01:27,165 - INFO - Epoch 50:
2025-11-23 07:01:27,165 - INFO -   训练损失: 7.30 | 验证损失: 0.88
2025-11-23 07:01:27,166 - INFO -   预测/目标: 201600/93434
2025-11-23 07:01:27,166 - INFO -   检测损失: 7.20
2025-11-23 07:01:27,167 - INFO -   Decoder MoE损失: 1.9964
2025-11-23 07:01:27,168 - INFO -   Encoder Patch-MoE Balance损失: 0.1295
2025-11-23 07:01:27,168 - INFO -   Encoder Patch-MoE Entropy损失: -1.0986
2025-11-23 07:01:27,168 - INFO -   Encoder MoE总损失: -0.9691
2025-11-23 07:01:27,168 - INFO -   Token Pruning损失: 0.000078
2025-11-23 07:01:27,168 - INFO -   MoE总损失: 2.1259
2025-11-23 07:01:27,168 - INFO -   Decoder专家使用率: [33.80%, 31.16%, 35.04%]
2025-11-23 07:01:27,168 - INFO -   🎉 新的最佳验证损失: 0.88
2025-11-23 07:01:27,168 - INFO -   ⏳ mAP_0.5_0.95 无改善 (1/35), 最佳值: 0.5741 (epoch 49)
2025-11-23 07:01:28,060 - INFO - 💾 保存最新检查点: logs/dset3_r34_20251123_040033/latest_checkpoint.pth
2025-11-23 07:01:39,259 - INFO - Epoch 51 | Batch 0 | Loss: 7.24 (Det: 7.14, MoE: 2.1058)
2025-11-23 07:03:09,730 - INFO - Epoch 51 | Batch 50 | Loss: 7.30 (Det: 7.20, MoE: 2.1153)
2025-11-23 07:05:01,755 - INFO - Epoch 51:
2025-11-23 07:05:01,756 - INFO -   训练损失: 7.26 | 验证损失: 0.88
2025-11-23 07:05:01,757 - INFO -   预测/目标: 201600/93434
2025-11-23 07:05:01,758 - INFO -   🎉 新的最佳验证损失: 0.88
2025-11-23 07:05:01,758 - INFO -   🎉 新的最佳mAP: 0.5756
2025-11-23 07:05:02,674 - INFO - 💾 保存最佳模型: logs/dset3_r34_20251123_040033/best_model.pth
2025-11-23 07:05:56,687 - INFO -   每个类别的 mAP@0.5:0.95:
2025-11-23 07:05:56,687 - INFO -     Car         : 0.7716
2025-11-23 07:05:56,687 - INFO -     Truck       : 0.4598
2025-11-23 07:05:56,687 - INFO -     Van         : 0.5458
2025-11-23 07:05:56,687 - INFO -     Bus         : 0.7456
2025-11-23 07:05:56,687 - INFO -     Pedestrian  : 0.4291
2025-11-23 07:05:56,687 - INFO -     Cyclist     : 0.5704
2025-11-23 07:05:56,687 - INFO -     Motorcyclist: 0.4561
2025-11-23 07:05:56,687 - INFO -     Trafficcone : 0.6263
2025-11-23 07:05:56,861 - INFO -   mAP_0.5_0.95 提升到 0.5756 (最佳epoch: 51)
2025-11-23 07:05:57,805 - INFO - 💾 保存最新检查点: logs/dset3_r34_20251123_040033/latest_checkpoint.pth
2025-11-23 07:06:08,138 - INFO - Epoch 52 | Batch 0 | Loss: 7.42 (Det: 7.32, MoE: 2.1194)
2025-11-23 07:07:38,972 - INFO - Epoch 52 | Batch 50 | Loss: 7.30 (Det: 7.20, MoE: 2.1126)
2025-11-23 07:09:30,582 - INFO - Epoch 52:
2025-11-23 07:09:30,582 - INFO -   训练损失: 7.21 | 验证损失: 0.88
2025-11-23 07:09:30,583 - INFO -   预测/目标: 201600/93434
2025-11-23 07:09:30,584 - INFO -   🎉 新的最佳mAP: 0.5761
2025-11-23 07:09:31,493 - INFO - 💾 保存最佳模型: logs/dset3_r34_20251123_040033/best_model.pth
2025-11-23 07:10:24,758 - INFO -   每个类别的 mAP@0.5:0.95:
2025-11-23 07:10:24,758 - INFO -     Car         : 0.7709
2025-11-23 07:10:24,758 - INFO -     Truck       : 0.4558
2025-11-23 07:10:24,758 - INFO -     Van         : 0.5528
2025-11-23 07:10:24,758 - INFO -     Bus         : 0.7439
2025-11-23 07:10:24,758 - INFO -     Pedestrian  : 0.4304
2025-11-23 07:10:24,758 - INFO -     Cyclist     : 0.5699
2025-11-23 07:10:24,758 - INFO -     Motorcyclist: 0.4600
2025-11-23 07:10:24,758 - INFO -     Trafficcone : 0.6253
2025-11-23 07:10:24,923 - INFO -   mAP_0.5_0.95 提升到 0.5761 (最佳epoch: 52)
2025-11-23 07:10:25,876 - INFO - 💾 保存最新检查点: logs/dset3_r34_20251123_040033/latest_checkpoint.pth
2025-11-23 07:10:36,033 - INFO - Epoch 53 | Batch 0 | Loss: 7.10 (Det: 7.00, MoE: 2.1040)
2025-11-23 07:12:05,937 - INFO - Epoch 53 | Batch 50 | Loss: 7.26 (Det: 7.16, MoE: 2.1128)
2025-11-23 07:13:56,906 - INFO - Epoch 53:
2025-11-23 07:13:56,907 - INFO -   训练损失: 7.16 | 验证损失: 0.88
2025-11-23 07:13:56,907 - INFO -   预测/目标: 201600/93434
2025-11-23 07:13:56,908 - INFO -   🎉 新的最佳mAP: 0.5776
2025-11-23 07:13:57,818 - INFO - 💾 保存最佳模型: logs/dset3_r34_20251123_040033/best_model.pth
2025-11-23 07:14:51,077 - INFO -   每个类别的 mAP@0.5:0.95:
2025-11-23 07:14:51,077 - INFO -     Car         : 0.7723
2025-11-23 07:14:51,077 - INFO -     Truck       : 0.4582
2025-11-23 07:14:51,077 - INFO -     Van         : 0.5602
2025-11-23 07:14:51,077 - INFO -     Bus         : 0.7443
2025-11-23 07:14:51,077 - INFO -     Pedestrian  : 0.4337
2025-11-23 07:14:51,077 - INFO -     Cyclist     : 0.5657
2025-11-23 07:14:51,077 - INFO -     Motorcyclist: 0.4609
2025-11-23 07:14:51,077 - INFO -     Trafficcone : 0.6257
2025-11-23 07:14:51,220 - INFO -   mAP_0.5_0.95 提升到 0.5776 (最佳epoch: 53)
2025-11-23 07:14:52,166 - INFO - 💾 保存最新检查点: logs/dset3_r34_20251123_040033/latest_checkpoint.pth
2025-11-23 07:14:59,230 - INFO - Epoch 54 | Batch 0 | Loss: 7.19 (Det: 7.09, MoE: 2.1188)
2025-11-23 07:16:29,898 - INFO - Epoch 54 | Batch 50 | Loss: 7.12 (Det: 7.02, MoE: 2.1104)
2025-11-23 07:18:21,569 - INFO - Epoch 54:
2025-11-23 07:18:21,570 - INFO -   训练损失: 7.13 | 验证损失: 0.88
2025-11-23 07:18:21,571 - INFO -   预测/目标: 201600/93434
2025-11-23 07:18:21,571 - INFO -   🎉 新的最佳验证损失: 0.88
2025-11-23 07:18:21,571 - INFO -   🎉 新的最佳mAP: 0.5787
2025-11-23 07:18:22,523 - INFO - 💾 保存最佳模型: logs/dset3_r34_20251123_040033/best_model.pth
2025-11-23 07:19:16,268 - INFO -   每个类别的 mAP@0.5:0.95:
2025-11-23 07:19:16,268 - INFO -     Car         : 0.7740
2025-11-23 07:19:16,268 - INFO -     Truck       : 0.4610
2025-11-23 07:19:16,268 - INFO -     Van         : 0.5551
2025-11-23 07:19:16,268 - INFO -     Bus         : 0.7457
2025-11-23 07:19:16,268 - INFO -     Pedestrian  : 0.4314
2025-11-23 07:19:16,268 - INFO -     Cyclist     : 0.5728
2025-11-23 07:19:16,268 - INFO -     Motorcyclist: 0.4636
2025-11-23 07:19:16,268 - INFO -     Trafficcone : 0.6259
2025-11-23 07:19:16,419 - INFO -   mAP_0.5_0.95 提升到 0.5787 (最佳epoch: 54)
2025-11-23 07:19:17,335 - INFO - 💾 保存最新检查点: logs/dset3_r34_20251123_040033/latest_checkpoint.pth
2025-11-23 07:19:19,675 - INFO - [DEBUG] Epoch 55: pruner.current_epoch=55, pruner.pruning_enabled=True, pruner.warmup_epochs=10
2025-11-23 07:19:27,501 - INFO - Epoch 55 | Batch 0 | Loss: 7.33 (Det: 7.23, MoE: 2.1355)
2025-11-23 07:20:57,796 - INFO - Epoch 55 | Batch 50 | Loss: 7.25 (Det: 7.15, MoE: 2.1136)
2025-11-23 07:22:48,691 - INFO - Epoch 55:
2025-11-23 07:22:48,691 - INFO -   训练损失: 7.11 | 验证损失: 0.88
2025-11-23 07:22:48,692 - INFO -   预测/目标: 201600/93434
2025-11-23 07:22:48,693 - INFO -   检测损失: 7.01
2025-11-23 07:22:48,693 - INFO -   Decoder MoE损失: 1.9931
2025-11-23 07:22:48,694 - INFO -   Encoder Patch-MoE Balance损失: 0.1239
2025-11-23 07:22:48,694 - INFO -   Encoder Patch-MoE Entropy损失: -1.0986
2025-11-23 07:22:48,694 - INFO -   Encoder MoE总损失: -0.9748
2025-11-23 07:22:48,694 - INFO -   Token Pruning损失: 0.000070
2025-11-23 07:22:48,694 - INFO -   MoE总损失: 2.1170
2025-11-23 07:22:48,694 - INFO -   Decoder专家使用率: [34.03%, 31.19%, 34.78%]
2025-11-23 07:22:48,694 - INFO -   🎉 新的最佳mAP: 0.5804
2025-11-23 07:22:49,632 - INFO - 💾 保存最佳模型: logs/dset3_r34_20251123_040033/best_model.pth
2025-11-23 07:23:43,546 - INFO -   每个类别的 mAP@0.5:0.95:
2025-11-23 07:23:43,546 - INFO -     Car         : 0.7719
2025-11-23 07:23:43,546 - INFO -     Truck       : 0.4728
2025-11-23 07:23:43,546 - INFO -     Van         : 0.5547
2025-11-23 07:23:43,546 - INFO -     Bus         : 0.7479
2025-11-23 07:23:43,546 - INFO -     Pedestrian  : 0.4322
2025-11-23 07:23:43,546 - INFO -     Cyclist     : 0.5707
2025-11-23 07:23:43,546 - INFO -     Motorcyclist: 0.4662
2025-11-23 07:23:43,546 - INFO -     Trafficcone : 0.6268
2025-11-23 07:23:43,695 - INFO -   mAP_0.5_0.95 提升到 0.5804 (最佳epoch: 55)
2025-11-23 07:23:44,665 - INFO - 💾 保存最新检查点: logs/dset3_r34_20251123_040033/latest_checkpoint.pth
2025-11-23 07:23:54,946 - INFO - Epoch 56 | Batch 0 | Loss: 7.10 (Det: 7.00, MoE: 2.1048)
2025-11-23 07:25:25,069 - INFO - Epoch 56 | Batch 50 | Loss: 6.89 (Det: 6.78, MoE: 2.1395)
2025-11-23 07:27:16,113 - INFO - Epoch 56:
2025-11-23 07:27:16,113 - INFO -   训练损失: 7.06 | 验证损失: 0.88
2025-11-23 07:27:16,113 - INFO -   预测/目标: 201600/93434
2025-11-23 07:27:16,114 - INFO -   🎉 新的最佳mAP: 0.5818
2025-11-23 07:27:17,020 - INFO - 💾 保存最佳模型: logs/dset3_r34_20251123_040033/best_model.pth
2025-11-23 07:28:10,804 - INFO -   每个类别的 mAP@0.5:0.95:
2025-11-23 07:28:10,804 - INFO -     Car         : 0.7719
2025-11-23 07:28:10,805 - INFO -     Truck       : 0.4749
2025-11-23 07:28:10,805 - INFO -     Van         : 0.5601
2025-11-23 07:28:10,805 - INFO -     Bus         : 0.7441
2025-11-23 07:28:10,805 - INFO -     Pedestrian  : 0.4352
2025-11-23 07:28:10,805 - INFO -     Cyclist     : 0.5704
2025-11-23 07:28:10,805 - INFO -     Motorcyclist: 0.4703
2025-11-23 07:28:10,805 - INFO -     Trafficcone : 0.6272
2025-11-23 07:28:10,954 - INFO -   mAP_0.5_0.95 提升到 0.5818 (最佳epoch: 56)
2025-11-23 07:28:12,187 - INFO - 💾 保存最新检查点: logs/dset3_r34_20251123_040033/latest_checkpoint.pth
2025-11-23 07:28:22,339 - INFO - Epoch 57 | Batch 0 | Loss: 6.88 (Det: 6.78, MoE: 2.1247)
2025-11-23 07:29:52,362 - INFO - Epoch 57 | Batch 50 | Loss: 7.00 (Det: 6.90, MoE: 2.1096)
2025-11-23 07:31:44,516 - INFO - Epoch 57:
2025-11-23 07:31:44,516 - INFO -   训练损失: 7.04 | 验证损失: 0.88
2025-11-23 07:31:44,517 - INFO -   预测/目标: 201600/93434
2025-11-23 07:31:44,518 - INFO -   🎉 新的最佳验证损失: 0.88
2025-11-23 07:31:44,518 - INFO -   🎉 新的最佳mAP: 0.5820
2025-11-23 07:31:45,403 - INFO - 💾 保存最佳模型: logs/dset3_r34_20251123_040033/best_model.pth
2025-11-23 07:32:39,741 - INFO -   每个类别的 mAP@0.5:0.95:
2025-11-23 07:32:39,741 - INFO -     Car         : 0.7718
2025-11-23 07:32:39,741 - INFO -     Truck       : 0.4707
2025-11-23 07:32:39,741 - INFO -     Van         : 0.5565
2025-11-23 07:32:39,741 - INFO -     Bus         : 0.7478
2025-11-23 07:32:39,741 - INFO -     Pedestrian  : 0.4355
2025-11-23 07:32:39,741 - INFO -     Cyclist     : 0.5719
2025-11-23 07:32:39,741 - INFO -     Motorcyclist: 0.4745
2025-11-23 07:32:39,741 - INFO -     Trafficcone : 0.6270
2025-11-23 07:32:39,957 - INFO -   mAP_0.5_0.95 提升到 0.5820 (最佳epoch: 57)
2025-11-23 07:32:40,869 - INFO - 💾 保存最新检查点: logs/dset3_r34_20251123_040033/latest_checkpoint.pth
2025-11-23 07:32:50,288 - INFO - Epoch 58 | Batch 0 | Loss: 6.90 (Det: 6.80, MoE: 2.1264)
2025-11-23 07:34:21,147 - INFO - Epoch 58 | Batch 50 | Loss: 6.82 (Det: 6.72, MoE: 2.1321)
2025-11-23 07:36:13,852 - INFO - Epoch 58:
2025-11-23 07:36:13,852 - INFO -   训练损失: 6.98 | 验证损失: 0.88
2025-11-23 07:36:13,853 - INFO -   预测/目标: 201600/93434
2025-11-23 07:36:13,853 - INFO -   🎉 新的最佳验证损失: 0.88
2025-11-23 07:36:13,854 - INFO -   🎉 新的最佳mAP: 0.5825
2025-11-23 07:36:14,752 - INFO - 💾 保存最佳模型: logs/dset3_r34_20251123_040033/best_model.pth
2025-11-23 07:37:09,381 - INFO -   每个类别的 mAP@0.5:0.95:
2025-11-23 07:37:09,381 - INFO -     Car         : 0.7719
2025-11-23 07:37:09,381 - INFO -     Truck       : 0.4834
2025-11-23 07:37:09,381 - INFO -     Van         : 0.5511
2025-11-23 07:37:09,381 - INFO -     Bus         : 0.7440
2025-11-23 07:37:09,381 - INFO -     Pedestrian  : 0.4351
2025-11-23 07:37:09,381 - INFO -     Cyclist     : 0.5716
2025-11-23 07:37:09,381 - INFO -     Motorcyclist: 0.4774
2025-11-23 07:37:09,381 - INFO -     Trafficcone : 0.6257
2025-11-23 07:37:09,567 - INFO -   mAP_0.5_0.95 提升到 0.5825 (最佳epoch: 58)
2025-11-23 07:37:10,450 - INFO - 💾 保存最新检查点: logs/dset3_r34_20251123_040033/latest_checkpoint.pth
2025-11-23 07:37:18,496 - INFO - Epoch 59 | Batch 0 | Loss: 7.06 (Det: 6.96, MoE: 2.1259)
2025-11-23 07:38:49,120 - INFO - Epoch 59 | Batch 50 | Loss: 7.04 (Det: 6.94, MoE: 2.1064)
2025-11-23 07:40:40,027 - INFO - Epoch 59:
2025-11-23 07:40:40,028 - INFO -   训练损失: 6.98 | 验证损失: 0.88
2025-11-23 07:40:40,028 - INFO -   预测/目标: 201600/93434
2025-11-23 07:40:40,029 - INFO -   🎉 新的最佳mAP: 0.5838
2025-11-23 07:40:40,984 - INFO - 💾 保存最佳模型: logs/dset3_r34_20251123_040033/best_model.pth
2025-11-23 07:41:33,962 - INFO -   每个类别的 mAP@0.5:0.95:
2025-11-23 07:41:33,962 - INFO -     Car         : 0.7718
2025-11-23 07:41:33,962 - INFO -     Truck       : 0.4761
2025-11-23 07:41:33,962 - INFO -     Van         : 0.5559
2025-11-23 07:41:33,962 - INFO -     Bus         : 0.7523
2025-11-23 07:41:33,962 - INFO -     Pedestrian  : 0.4363
2025-11-23 07:41:33,962 - INFO -     Cyclist     : 0.5719
2025-11-23 07:41:33,962 - INFO -     Motorcyclist: 0.4790
2025-11-23 07:41:33,962 - INFO -     Trafficcone : 0.6267
2025-11-23 07:41:34,109 - INFO -   mAP_0.5_0.95 提升到 0.5838 (最佳epoch: 59)
2025-11-23 07:41:35,388 - INFO - 💾 保存最新检查点: logs/dset3_r34_20251123_040033/latest_checkpoint.pth
2025-11-23 07:41:37,846 - INFO - [DEBUG] Epoch 60: pruner.current_epoch=60, pruner.pruning_enabled=True, pruner.warmup_epochs=10
2025-11-23 07:41:43,847 - INFO - Epoch 60 | Batch 0 | Loss: 7.04 (Det: 6.94, MoE: 2.1102)
2025-11-23 07:43:14,233 - INFO - Epoch 60 | Batch 50 | Loss: 6.94 (Det: 6.84, MoE: 2.1063)
2025-11-23 07:45:06,235 - INFO - Epoch 60:
2025-11-23 07:45:06,235 - INFO -   训练损失: 6.93 | 验证损失: 0.88
2025-11-23 07:45:06,236 - INFO -   预测/目标: 201600/93434
2025-11-23 07:45:06,236 - INFO -   检测损失: 6.83
2025-11-23 07:45:06,237 - INFO -   Decoder MoE损失: 1.9898
2025-11-23 07:45:06,237 - INFO -   Encoder Patch-MoE Balance损失: 0.1220
2025-11-23 07:45:06,237 - INFO -   Encoder Patch-MoE Entropy损失: -1.0986
2025-11-23 07:45:06,238 - INFO -   Encoder MoE总损失: -0.9766
2025-11-23 07:45:06,238 - INFO -   Token Pruning损失: 0.000063
2025-11-23 07:45:06,238 - INFO -   MoE总损失: 2.1118
2025-11-23 07:45:06,238 - INFO -   Decoder专家使用率: [34.18%, 31.25%, 34.57%]
2025-11-23 07:45:06,238 - INFO -   🎉 新的最佳mAP: 0.5845
2025-11-23 07:45:07,040 - INFO - 💾 保存最佳模型: logs/dset3_r34_20251123_040033/best_model.pth
2025-11-23 07:45:59,989 - INFO -   每个类别的 mAP@0.5:0.95:
2025-11-23 07:45:59,989 - INFO -     Car         : 0.7696
2025-11-23 07:45:59,989 - INFO -     Truck       : 0.4870
2025-11-23 07:45:59,989 - INFO -     Van         : 0.5553
2025-11-23 07:45:59,989 - INFO -     Bus         : 0.7518
2025-11-23 07:45:59,989 - INFO -     Pedestrian  : 0.4358
2025-11-23 07:45:59,989 - INFO -     Cyclist     : 0.5704
2025-11-23 07:45:59,989 - INFO -     Motorcyclist: 0.4806
2025-11-23 07:45:59,989 - INFO -     Trafficcone : 0.6257
2025-11-23 07:46:00,144 - INFO -   mAP_0.5_0.95 提升到 0.5845 (最佳epoch: 60)
2025-11-23 07:46:00,978 - INFO - 💾 保存最新检查点: logs/dset3_r34_20251123_040033/latest_checkpoint.pth
2025-11-23 07:46:09,042 - INFO - Epoch 61 | Batch 0 | Loss: 6.67 (Det: 6.57, MoE: 2.1071)
2025-11-23 07:47:39,154 - INFO - Epoch 61 | Batch 50 | Loss: 7.03 (Det: 6.92, MoE: 2.1298)
2025-11-23 07:49:29,796 - INFO - Epoch 61:
2025-11-23 07:49:29,797 - INFO -   训练损失: 6.90 | 验证损失: 0.88
2025-11-23 07:49:29,798 - INFO -   预测/目标: 201600/93434
2025-11-23 07:49:29,798 - INFO -   ⏳ mAP_0.5_0.95 无改善 (1/35), 最佳值: 0.5845 (epoch 60)
2025-11-23 07:49:30,589 - INFO - 💾 保存最新检查点: logs/dset3_r34_20251123_040033/latest_checkpoint.pth
2025-11-23 07:49:40,409 - INFO - Epoch 62 | Batch 0 | Loss: 6.80 (Det: 6.70, MoE: 2.1217)
2025-11-23 07:51:10,494 - INFO - Epoch 62 | Batch 50 | Loss: 6.76 (Det: 6.66, MoE: 2.1081)
2025-11-23 07:53:00,712 - INFO - Epoch 62:
2025-11-23 07:53:00,713 - INFO -   训练损失: 6.89 | 验证损失: 0.88
2025-11-23 07:53:00,714 - INFO -   预测/目标: 201600/93434
2025-11-23 07:53:00,714 - INFO -   🎉 新的最佳验证损失: 0.88
2025-11-23 07:53:00,714 - INFO -   🎉 新的最佳mAP: 0.5862
2025-11-23 07:53:01,482 - INFO - 💾 保存最佳模型: logs/dset3_r34_20251123_040033/best_model.pth
2025-11-23 07:53:55,458 - INFO -   每个类别的 mAP@0.5:0.95:
2025-11-23 07:53:55,458 - INFO -     Car         : 0.7701
2025-11-23 07:53:55,458 - INFO -     Truck       : 0.4910
2025-11-23 07:53:55,458 - INFO -     Van         : 0.5613
2025-11-23 07:53:55,458 - INFO -     Bus         : 0.7498
2025-11-23 07:53:55,458 - INFO -     Pedestrian  : 0.4384
2025-11-23 07:53:55,458 - INFO -     Cyclist     : 0.5716
2025-11-23 07:53:55,458 - INFO -     Motorcyclist: 0.4827
2025-11-23 07:53:55,458 - INFO -     Trafficcone : 0.6246
2025-11-23 07:53:55,597 - INFO -   mAP_0.5_0.95 提升到 0.5862 (最佳epoch: 62)
2025-11-23 07:53:56,426 - INFO - 💾 保存最新检查点: logs/dset3_r34_20251123_040033/latest_checkpoint.pth
2025-11-23 07:54:05,899 - INFO - Epoch 63 | Batch 0 | Loss: 6.90 (Det: 6.80, MoE: 2.1274)
2025-11-23 07:55:37,069 - INFO - Epoch 63 | Batch 50 | Loss: 6.79 (Det: 6.69, MoE: 2.1053)
2025-11-23 07:57:29,364 - INFO - Epoch 63:
2025-11-23 07:57:29,366 - INFO -   训练损失: 6.83 | 验证损失: 0.88
2025-11-23 07:57:29,367 - INFO -   预测/目标: 201600/93434
2025-11-23 07:57:29,367 - INFO -   ⏳ mAP_0.5_0.95 无改善 (1/35), 最佳值: 0.5862 (epoch 62)
2025-11-23 07:57:30,312 - INFO - 💾 保存最新检查点: logs/dset3_r34_20251123_040033/latest_checkpoint.pth
2025-11-23 07:57:39,989 - INFO - Epoch 64 | Batch 0 | Loss: 6.83 (Det: 6.73, MoE: 2.1144)
2025-11-23 07:59:11,704 - INFO - Epoch 64 | Batch 50 | Loss: 6.84 (Det: 6.74, MoE: 2.1039)
2025-11-23 08:01:04,656 - INFO - Epoch 64:
2025-11-23 08:01:04,657 - INFO -   训练损失: 6.80 | 验证损失: 0.88
2025-11-23 08:01:04,658 - INFO -   预测/目标: 201600/93434
2025-11-23 08:01:04,658 - INFO -   ⏳ mAP_0.5_0.95 无改善 (2/35), 最佳值: 0.5862 (epoch 62)
2025-11-23 08:01:05,501 - INFO - 💾 保存最新检查点: logs/dset3_r34_20251123_040033/latest_checkpoint.pth
2025-11-23 08:01:07,920 - INFO - [DEBUG] Epoch 65: pruner.current_epoch=65, pruner.pruning_enabled=True, pruner.warmup_epochs=10
2025-11-23 08:01:13,911 - INFO - Epoch 65 | Batch 0 | Loss: 6.79 (Det: 6.69, MoE: 2.1018)
2025-11-23 08:02:45,047 - INFO - Epoch 65 | Batch 50 | Loss: 7.00 (Det: 6.90, MoE: 2.0970)
2025-11-23 08:04:37,831 - INFO - Epoch 65:
2025-11-23 08:04:37,831 - INFO -   训练损失: 6.84 | 验证损失: 0.88
2025-11-23 08:04:37,831 - INFO -   预测/目标: 201600/93434
2025-11-23 08:04:37,832 - INFO -   检测损失: 6.74
2025-11-23 08:04:37,833 - INFO -   Decoder MoE损失: 1.9869
2025-11-23 08:04:37,834 - INFO -   Encoder Patch-MoE Balance损失: 0.1251
2025-11-23 08:04:37,834 - INFO -   Encoder Patch-MoE Entropy损失: -1.0986
2025-11-23 08:04:37,834 - INFO -   Encoder MoE总损失: -0.9735
2025-11-23 08:04:37,834 - INFO -   Token Pruning损失: 0.000059
2025-11-23 08:04:37,834 - INFO -   MoE总损失: 2.1121
2025-11-23 08:04:37,834 - INFO -   Decoder专家使用率: [34.26%, 31.27%, 34.48%]
2025-11-23 08:04:37,834 - INFO -   ⏳ mAP_0.5_0.95 无改善 (3/35), 最佳值: 0.5862 (epoch 62)
2025-11-23 08:04:38,673 - INFO - 💾 保存最新检查点: logs/dset3_r34_20251123_040033/latest_checkpoint.pth
2025-11-23 08:04:49,170 - INFO - Epoch 66 | Batch 0 | Loss: 6.81 (Det: 6.71, MoE: 2.1135)
2025-11-23 08:06:19,997 - INFO - Epoch 66 | Batch 50 | Loss: 6.72 (Det: 6.62, MoE: 2.1139)
2025-11-23 08:08:12,048 - INFO - Epoch 66:
2025-11-23 08:08:12,049 - INFO -   训练损失: 6.77 | 验证损失: 0.88
2025-11-23 08:08:12,049 - INFO -   预测/目标: 201600/93434
2025-11-23 08:08:12,050 - INFO -   ⏳ mAP_0.5_0.95 无改善 (4/35), 最佳值: 0.5862 (epoch 62)
2025-11-23 08:08:12,875 - INFO - 💾 保存最新检查点: logs/dset3_r34_20251123_040033/latest_checkpoint.pth
2025-11-23 08:08:21,009 - INFO - Epoch 67 | Batch 0 | Loss: 6.77 (Det: 6.67, MoE: 2.0966)
2025-11-23 08:09:51,819 - INFO - Epoch 67 | Batch 50 | Loss: 6.62 (Det: 6.52, MoE: 2.0993)
2025-11-23 08:11:42,201 - INFO - Epoch 67:
2025-11-23 08:11:42,201 - INFO -   训练损失: 6.73 | 验证损失: 0.88
2025-11-23 08:11:42,202 - INFO -   预测/目标: 201600/93434
2025-11-23 08:11:42,202 - INFO -   ⏳ mAP_0.5_0.95 无改善 (5/35), 最佳值: 0.5862 (epoch 62)
2025-11-23 08:11:42,946 - INFO - 💾 保存最新检查点: logs/dset3_r34_20251123_040033/latest_checkpoint.pth
2025-11-23 08:11:50,733 - INFO - Epoch 68 | Batch 0 | Loss: 6.58 (Det: 6.48, MoE: 2.1079)
2025-11-23 08:13:21,532 - INFO - Epoch 68 | Batch 50 | Loss: 6.79 (Det: 6.69, MoE: 2.1053)
2025-11-23 08:15:13,314 - INFO - Epoch 68:
2025-11-23 08:15:13,315 - INFO -   训练损失: 6.70 | 验证损失: 0.89
2025-11-23 08:15:13,316 - INFO -   预测/目标: 201600/93434
2025-11-23 08:15:13,316 - INFO -   ⏳ mAP_0.5_0.95 无改善 (6/35), 最佳值: 0.5862 (epoch 62)
2025-11-23 08:15:14,108 - INFO - 💾 保存最新检查点: logs/dset3_r34_20251123_040033/latest_checkpoint.pth
2025-11-23 08:15:21,895 - INFO - Epoch 69 | Batch 0 | Loss: 6.68 (Det: 6.58, MoE: 2.1195)
2025-11-23 08:16:53,237 - INFO - Epoch 69 | Batch 50 | Loss: 6.63 (Det: 6.53, MoE: 2.1129)
2025-11-23 08:18:46,561 - INFO - Epoch 69:
2025-11-23 08:18:46,561 - INFO -   训练损失: 6.71 | 验证损失: 0.88
2025-11-23 08:18:46,563 - INFO -   预测/目标: 201600/93434
2025-11-23 08:18:46,563 - INFO -   ⏳ mAP_0.5_0.95 无改善 (7/35), 最佳值: 0.5862 (epoch 62)
2025-11-23 08:18:47,369 - INFO - 💾 保存最新检查点: logs/dset3_r34_20251123_040033/latest_checkpoint.pth
2025-11-23 08:18:49,814 - INFO - [DEBUG] Epoch 70: pruner.current_epoch=70, pruner.pruning_enabled=True, pruner.warmup_epochs=10
2025-11-23 08:18:57,767 - INFO - Epoch 70 | Batch 0 | Loss: 6.72 (Det: 6.62, MoE: 2.1167)
2025-11-23 08:20:28,065 - INFO - Epoch 70 | Batch 50 | Loss: 6.61 (Det: 6.51, MoE: 2.1123)
2025-11-23 08:22:18,255 - INFO - Epoch 70:
2025-11-23 08:22:18,255 - INFO -   训练损失: 6.66 | 验证损失: 0.89
2025-11-23 08:22:18,256 - INFO -   预测/目标: 201600/93434
2025-11-23 08:22:18,258 - INFO -   检测损失: 6.56
2025-11-23 08:22:18,258 - INFO -   Decoder MoE损失: 1.9862
2025-11-23 08:22:18,258 - INFO -   Encoder Patch-MoE Balance损失: 0.1240
2025-11-23 08:22:18,258 - INFO -   Encoder Patch-MoE Entropy损失: -1.0986
2025-11-23 08:22:18,258 - INFO -   Encoder MoE总损失: -0.9746
2025-11-23 08:22:18,258 - INFO -   Token Pruning损失: 0.000055
2025-11-23 08:22:18,258 - INFO -   MoE总损失: 2.1102
2025-11-23 08:22:18,258 - INFO -   Decoder专家使用率: [34.13%, 31.60%, 34.27%]
2025-11-23 08:22:18,258 - INFO -   ⏳ mAP_0.5_0.95 无改善 (8/35), 最佳值: 0.5862 (epoch 62)
2025-11-23 08:22:19,087 - INFO - 💾 保存最新检查点: logs/dset3_r34_20251123_040033/latest_checkpoint.pth
2025-11-23 08:22:28,393 - INFO - Epoch 71 | Batch 0 | Loss: 6.71 (Det: 6.61, MoE: 2.1231)
2025-11-23 08:23:59,743 - INFO - Epoch 71 | Batch 50 | Loss: 6.58 (Det: 6.48, MoE: 2.1112)
2025-11-23 08:25:52,183 - INFO - Epoch 71:
2025-11-23 08:25:52,185 - INFO -   训练损失: 6.60 | 验证损失: 0.89
2025-11-23 08:25:52,186 - INFO -   预测/目标: 201600/93434
2025-11-23 08:25:52,187 - INFO -   ⏳ mAP_0.5_0.95 无改善 (9/35), 最佳值: 0.5862 (epoch 62)
2025-11-23 08:25:53,375 - INFO - 💾 保存最新检查点: logs/dset3_r34_20251123_040033/latest_checkpoint.pth
2025-11-23 08:26:01,412 - INFO - Epoch 72 | Batch 0 | Loss: 6.49 (Det: 6.39, MoE: 2.1072)
2025-11-23 08:27:32,078 - INFO - Epoch 72 | Batch 50 | Loss: 6.63 (Det: 6.53, MoE: 2.1049)
2025-11-23 08:29:26,068 - INFO - Epoch 72:
2025-11-23 08:29:26,070 - INFO -   训练损失: 6.57 | 验证损失: 0.89
2025-11-23 08:29:26,070 - INFO -   预测/目标: 201600/93434
2025-11-23 08:29:26,071 - INFO -   ⏳ mAP_0.5_0.95 无改善 (10/35), 最佳值: 0.5862 (epoch 62)
2025-11-23 08:29:26,906 - INFO - 💾 保存最新检查点: logs/dset3_r34_20251123_040033/latest_checkpoint.pth
2025-11-23 08:29:36,141 - INFO - Epoch 73 | Batch 0 | Loss: 6.47 (Det: 6.37, MoE: 2.0987)
2025-11-23 08:31:06,998 - INFO - Epoch 73 | Batch 50 | Loss: 6.70 (Det: 6.60, MoE: 2.1181)
2025-11-23 08:32:58,067 - INFO - Epoch 73:
2025-11-23 08:32:58,068 - INFO -   训练损失: 6.54 | 验证损失: 0.89
2025-11-23 08:32:58,069 - INFO -   预测/目标: 201600/93434
2025-11-23 08:32:58,069 - INFO -   ⏳ mAP_0.5_0.95 无改善 (11/35), 最佳值: 0.5862 (epoch 62)
2025-11-23 08:32:58,870 - INFO - 💾 保存最新检查点: logs/dset3_r34_20251123_040033/latest_checkpoint.pth
2025-11-23 08:33:08,939 - INFO - Epoch 74 | Batch 0 | Loss: 6.68 (Det: 6.58, MoE: 2.1021)
2025-11-23 08:34:38,763 - INFO - Epoch 74 | Batch 50 | Loss: 6.74 (Det: 6.64, MoE: 2.1110)
2025-11-23 08:36:29,226 - INFO - Epoch 74:
2025-11-23 08:36:29,227 - INFO -   训练损失: 6.54 | 验证损失: 0.89
2025-11-23 08:36:29,228 - INFO -   预测/目标: 201600/93434
2025-11-23 08:36:29,228 - INFO -   ⏳ mAP_0.5_0.95 无改善 (12/35), 最佳值: 0.5862 (epoch 62)
2025-11-23 08:36:30,036 - INFO - 💾 保存最新检查点: logs/dset3_r34_20251123_040033/latest_checkpoint.pth
2025-11-23 08:36:32,491 - INFO - [DEBUG] Epoch 75: pruner.current_epoch=75, pruner.pruning_enabled=True, pruner.warmup_epochs=10
2025-11-23 08:36:40,726 - INFO - Epoch 75 | Batch 0 | Loss: 6.42 (Det: 6.32, MoE: 2.1026)
2025-11-23 08:38:10,577 - INFO - Epoch 75 | Batch 50 | Loss: 6.56 (Det: 6.46, MoE: 2.0932)
2025-11-23 08:40:01,149 - INFO - Epoch 75:
2025-11-23 08:40:01,151 - INFO -   训练损失: 6.50 | 验证损失: 0.90
2025-11-23 08:40:01,152 - INFO -   预测/目标: 201600/93434
2025-11-23 08:40:01,152 - INFO -   检测损失: 6.40
2025-11-23 08:40:01,152 - INFO -   Decoder MoE损失: 1.9857
2025-11-23 08:40:01,152 - INFO -   Encoder Patch-MoE Balance损失: 0.1277
2025-11-23 08:40:01,152 - INFO -   Encoder Patch-MoE Entropy损失: -1.0986
2025-11-23 08:40:01,152 - INFO -   Encoder MoE总损失: -0.9709
2025-11-23 08:40:01,152 - INFO -   Token Pruning损失: 0.000051
2025-11-23 08:40:01,152 - INFO -   MoE总损失: 2.1134
2025-11-23 08:40:01,152 - INFO -   Decoder专家使用率: [34.20%, 31.54%, 34.27%]
2025-11-23 08:40:01,152 - INFO -   ⏳ mAP_0.5_0.95 无改善 (13/35), 最佳值: 0.5862 (epoch 62)
2025-11-23 08:40:01,886 - INFO - 💾 保存最新检查点: logs/dset3_r34_20251123_040033/latest_checkpoint.pth
2025-11-23 08:40:10,222 - INFO - Epoch 76 | Batch 0 | Loss: 6.44 (Det: 6.34, MoE: 2.1007)
2025-11-23 08:41:41,824 - INFO - Epoch 76 | Batch 50 | Loss: 6.57 (Det: 6.47, MoE: 2.1015)
2025-11-23 08:43:32,903 - INFO - Epoch 76:
2025-11-23 08:43:32,904 - INFO -   训练损失: 6.47 | 验证损失: 0.90
2025-11-23 08:43:32,905 - INFO -   预测/目标: 201600/93434
2025-11-23 08:43:32,905 - INFO -   ⏳ mAP_0.5_0.95 无改善 (14/35), 最佳值: 0.5862 (epoch 62)
2025-11-23 08:43:33,714 - INFO - 💾 保存最新检查点: logs/dset3_r34_20251123_040033/latest_checkpoint.pth
2025-11-23 08:43:41,878 - INFO - Epoch 77 | Batch 0 | Loss: 6.36 (Det: 6.26, MoE: 2.1101)
2025-11-23 08:45:13,083 - INFO - Epoch 77 | Batch 50 | Loss: 6.67 (Det: 6.56, MoE: 2.1463)
2025-11-23 08:47:05,594 - INFO - Epoch 77:
2025-11-23 08:47:05,594 - INFO -   训练损失: 6.48 | 验证损失: 0.90
2025-11-23 08:47:05,595 - INFO -   预测/目标: 201600/93434
2025-11-23 08:47:05,596 - INFO -   ⏳ mAP_0.5_0.95 无改善 (15/35), 最佳值: 0.5862 (epoch 62)
2025-11-23 08:47:06,405 - INFO - 💾 保存最新检查点: logs/dset3_r34_20251123_040033/latest_checkpoint.pth
2025-11-23 08:47:15,208 - INFO - Epoch 78 | Batch 0 | Loss: 6.39 (Det: 6.29, MoE: 2.1010)
2025-11-23 08:48:45,621 - INFO - Epoch 78 | Batch 50 | Loss: 6.58 (Det: 6.48, MoE: 2.0921)
2025-11-23 08:50:36,824 - INFO - Epoch 78:
2025-11-23 08:50:36,826 - INFO -   训练损失: 6.48 | 验证损失: 0.90
2025-11-23 08:50:36,827 - INFO -   预测/目标: 201600/93434
2025-11-23 08:50:36,827 - INFO -   ⏳ mAP_0.5_0.95 无改善 (16/35), 最佳值: 0.5862 (epoch 62)
2025-11-23 08:50:37,653 - INFO - 💾 保存最新检查点: logs/dset3_r34_20251123_040033/latest_checkpoint.pth
2025-11-23 08:50:48,078 - INFO - Epoch 79 | Batch 0 | Loss: 6.63 (Det: 6.52, MoE: 2.1187)
2025-11-23 08:52:18,382 - INFO - Epoch 79 | Batch 50 | Loss: 6.39 (Det: 6.29, MoE: 2.0954)
2025-11-23 08:54:11,565 - INFO - Epoch 79:
2025-11-23 08:54:11,567 - INFO -   训练损失: 6.44 | 验证损失: 0.90
2025-11-23 08:54:11,568 - INFO -   预测/目标: 201600/93434
2025-11-23 08:54:11,568 - INFO -   ⏳ mAP_0.5_0.95 无改善 (17/35), 最佳值: 0.5862 (epoch 62)
2025-11-23 08:54:12,355 - INFO - 💾 保存最新检查点: logs/dset3_r34_20251123_040033/latest_checkpoint.pth
2025-11-23 08:54:14,822 - INFO - [DEBUG] Epoch 80: pruner.current_epoch=80, pruner.pruning_enabled=True, pruner.warmup_epochs=10
2025-11-23 08:54:21,313 - INFO - Epoch 80 | Batch 0 | Loss: 6.36 (Det: 6.27, MoE: 2.1000)
2025-11-23 08:55:52,448 - INFO - Epoch 80 | Batch 50 | Loss: 6.46 (Det: 6.36, MoE: 2.1167)
2025-11-23 08:57:44,700 - INFO - Epoch 80:
2025-11-23 08:57:44,701 - INFO -   训练损失: 6.38 | 验证损失: 0.90
2025-11-23 08:57:44,702 - INFO -   预测/目标: 201600/93434
2025-11-23 08:57:44,702 - INFO -   检测损失: 6.28
2025-11-23 08:57:44,703 - INFO -   Decoder MoE损失: 1.9843
2025-11-23 08:57:44,703 - INFO -   Encoder Patch-MoE Balance损失: 0.1247
2025-11-23 08:57:44,703 - INFO -   Encoder Patch-MoE Entropy损失: -1.0986
2025-11-23 08:57:44,703 - INFO -   Encoder MoE总损失: -0.9739
2025-11-23 08:57:44,703 - INFO -   Token Pruning损失: 0.000045
2025-11-23 08:57:44,703 - INFO -   MoE总损失: 2.1091
2025-11-23 08:57:44,703 - INFO -   Decoder专家使用率: [34.17%, 31.73%, 34.10%]
2025-11-23 08:57:44,703 - INFO -   ⏳ mAP_0.5_0.95 无改善 (18/35), 最佳值: 0.5862 (epoch 62)
2025-11-23 08:57:45,495 - INFO - 💾 保存最新检查点: logs/dset3_r34_20251123_040033/latest_checkpoint.pth
2025-11-23 08:57:54,002 - INFO - Epoch 81 | Batch 0 | Loss: 6.50 (Det: 6.40, MoE: 2.1051)
2025-11-23 08:59:25,269 - INFO - Epoch 81 | Batch 50 | Loss: 6.35 (Det: 6.25, MoE: 2.1073)
2025-11-23 09:01:15,178 - INFO - Epoch 81:
2025-11-23 09:01:15,179 - INFO -   训练损失: 6.37 | 验证损失: 0.90
2025-11-23 09:01:15,180 - INFO -   预测/目标: 201600/93434
2025-11-23 09:01:15,180 - INFO -   ⏳ mAP_0.5_0.95 无改善 (19/35), 最佳值: 0.5862 (epoch 62)
2025-11-23 09:01:15,973 - INFO - 💾 保存最新检查点: logs/dset3_r34_20251123_040033/latest_checkpoint.pth
2025-11-23 09:01:24,841 - INFO - Epoch 82 | Batch 0 | Loss: 6.41 (Det: 6.31, MoE: 2.0947)
2025-11-23 09:02:55,232 - INFO - Epoch 82 | Batch 50 | Loss: 6.37 (Det: 6.27, MoE: 2.1199)
2025-11-23 09:04:47,367 - INFO - Epoch 82:
2025-11-23 09:04:47,368 - INFO -   训练损失: 6.32 | 验证损失: 0.91
2025-11-23 09:04:47,368 - INFO -   预测/目标: 201600/93434
2025-11-23 09:04:47,368 - INFO -   ⏳ mAP_0.5_0.95 无改善 (20/35), 最佳值: 0.5862 (epoch 62)
2025-11-23 09:04:48,164 - INFO - 💾 保存最新检查点: logs/dset3_r34_20251123_040033/latest_checkpoint.pth
2025-11-23 09:04:58,901 - INFO - Epoch 83 | Batch 0 | Loss: 6.26 (Det: 6.16, MoE: 2.1100)
2025-11-23 09:06:29,348 - INFO - Epoch 83 | Batch 50 | Loss: 6.33 (Det: 6.23, MoE: 2.0989)
2025-11-23 09:08:20,984 - INFO - Epoch 83:
2025-11-23 09:08:20,986 - INFO -   训练损失: 6.31 | 验证损失: 0.91
2025-11-23 09:08:20,987 - INFO -   预测/目标: 201600/93434
2025-11-23 09:08:20,987 - INFO -   ⏳ mAP_0.5_0.95 无改善 (21/35), 最佳值: 0.5862 (epoch 62)
2025-11-23 09:08:21,715 - INFO - 💾 保存最新检查点: logs/dset3_r34_20251123_040033/latest_checkpoint.pth
2025-11-23 09:08:30,666 - INFO - Epoch 84 | Batch 0 | Loss: 6.26 (Det: 6.16, MoE: 2.1131)
2025-11-23 09:10:00,789 - INFO - Epoch 84 | Batch 50 | Loss: 6.30 (Det: 6.20, MoE: 2.0965)
2025-11-23 09:11:52,847 - INFO - Epoch 84:
2025-11-23 09:11:52,849 - INFO -   训练损失: 6.26 | 验证损失: 0.91
2025-11-23 09:11:52,849 - INFO -   预测/目标: 201600/93434
2025-11-23 09:11:52,849 - INFO -   ⏳ mAP_0.5_0.95 无改善 (22/35), 最佳值: 0.5862 (epoch 62)
2025-11-23 09:11:53,706 - INFO - 💾 保存最新检查点: logs/dset3_r34_20251123_040033/latest_checkpoint.pth
2025-11-23 09:11:56,050 - INFO - [DEBUG] Epoch 85: pruner.current_epoch=85, pruner.pruning_enabled=True, pruner.warmup_epochs=10
2025-11-23 09:12:03,909 - INFO - Epoch 85 | Batch 0 | Loss: 6.27 (Det: 6.17, MoE: 2.1192)
2025-11-23 09:13:33,646 - INFO - Epoch 85 | Batch 50 | Loss: 6.33 (Det: 6.23, MoE: 2.0980)
2025-11-23 09:15:25,065 - INFO - Epoch 85:
2025-11-23 09:15:25,067 - INFO -   训练损失: 6.26 | 验证损失: 0.91
2025-11-23 09:15:25,067 - INFO -   预测/目标: 201600/93434
2025-11-23 09:15:25,067 - INFO -   检测损失: 6.16
2025-11-23 09:15:25,068 - INFO -   Decoder MoE损失: 1.9834
2025-11-23 09:15:25,068 - INFO -   Encoder Patch-MoE Balance损失: 0.1257
2025-11-23 09:15:25,068 - INFO -   Encoder Patch-MoE Entropy损失: -1.0986
2025-11-23 09:15:25,068 - INFO -   Encoder MoE总损失: -0.9729
2025-11-23 09:15:25,068 - INFO -   Token Pruning损失: 0.000044
2025-11-23 09:15:25,068 - INFO -   MoE总损失: 2.1091
2025-11-23 09:15:25,068 - INFO -   Decoder专家使用率: [34.27%, 31.72%, 34.01%]
2025-11-23 09:15:25,068 - INFO -   ⏳ mAP_0.5_0.95 无改善 (23/35), 最佳值: 0.5862 (epoch 62)
2025-11-23 09:15:25,853 - INFO - 💾 保存最新检查点: logs/dset3_r34_20251123_040033/latest_checkpoint.pth
2025-11-23 09:15:35,027 - INFO - Epoch 86 | Batch 0 | Loss: 6.18 (Det: 6.08, MoE: 2.1017)
2025-11-23 09:17:05,097 - INFO - Epoch 86 | Batch 50 | Loss: 6.14 (Det: 6.04, MoE: 2.1053)
2025-11-23 09:18:56,847 - INFO - Epoch 86:
2025-11-23 09:18:56,848 - INFO -   训练损失: 6.24 | 验证损失: 0.91
2025-11-23 09:18:56,849 - INFO -   预测/目标: 201600/93434
2025-11-23 09:18:56,849 - INFO -   ⏳ mAP_0.5_0.95 无改善 (24/35), 最佳值: 0.5862 (epoch 62)
2025-11-23 09:18:57,557 - INFO - 💾 保存最新检查点: logs/dset3_r34_20251123_040033/latest_checkpoint.pth
2025-11-23 09:19:06,973 - INFO - Epoch 87 | Batch 0 | Loss: 6.24 (Det: 6.14, MoE: 2.1108)
2025-11-23 09:20:37,023 - INFO - Epoch 87 | Batch 50 | Loss: 6.17 (Det: 6.07, MoE: 2.1060)
2025-11-23 09:22:28,673 - INFO - Epoch 87:
2025-11-23 09:22:28,674 - INFO -   训练损失: 6.18 | 验证损失: 0.92
2025-11-23 09:22:28,675 - INFO -   预测/目标: 201600/93434
2025-11-23 09:22:28,675 - INFO -   ⏳ mAP_0.5_0.95 无改善 (25/35), 最佳值: 0.5862 (epoch 62)
2025-11-23 09:22:29,474 - INFO - 💾 保存最新检查点: logs/dset3_r34_20251123_040033/latest_checkpoint.pth
2025-11-23 09:22:38,572 - INFO - Epoch 88 | Batch 0 | Loss: 5.91 (Det: 5.81, MoE: 2.1035)
2025-11-23 09:24:09,137 - INFO - Epoch 88 | Batch 50 | Loss: 6.15 (Det: 6.05, MoE: 2.1008)
2025-11-23 09:26:00,706 - INFO - Epoch 88:
2025-11-23 09:26:00,708 - INFO -   训练损失: 6.17 | 验证损失: 0.92
2025-11-23 09:26:00,708 - INFO -   预测/目标: 201600/93434
2025-11-23 09:26:00,708 - INFO -   ⏳ mAP_0.5_0.95 无改善 (26/35), 最佳值: 0.5862 (epoch 62)
2025-11-23 09:26:01,493 - INFO - 💾 保存最新检查点: logs/dset3_r34_20251123_040033/latest_checkpoint.pth
2025-11-23 09:26:09,468 - INFO - Epoch 89 | Batch 0 | Loss: 6.09 (Det: 5.99, MoE: 2.1114)
2025-11-23 09:27:40,798 - INFO - Epoch 89 | Batch 50 | Loss: 6.27 (Det: 6.17, MoE: 2.0984)
2025-11-23 09:29:32,115 - INFO - Epoch 89:
2025-11-23 09:29:32,116 - INFO -   训练损失: 6.16 | 验证损失: 0.92
2025-11-23 09:29:32,117 - INFO -   预测/目标: 201600/93434
2025-11-23 09:29:32,117 - INFO -   ⏳ mAP_0.5_0.95 无改善 (27/35), 最佳值: 0.5862 (epoch 62)
2025-11-23 09:29:32,925 - INFO - 💾 保存最新检查点: logs/dset3_r34_20251123_040033/latest_checkpoint.pth
2025-11-23 09:29:35,261 - INFO - [DEBUG] Epoch 90: pruner.current_epoch=90, pruner.pruning_enabled=True, pruner.warmup_epochs=10
2025-11-23 09:29:40,262 - INFO - Epoch 90 | Batch 0 | Loss: 6.30 (Det: 6.20, MoE: 2.1048)
2025-11-23 09:31:10,548 - INFO - Epoch 90 | Batch 50 | Loss: 6.20 (Det: 6.09, MoE: 2.1732)
2025-11-23 09:33:00,374 - INFO - Epoch 90:
2025-11-23 09:33:00,375 - INFO -   训练损失: 6.14 | 验证损失: 0.92
2025-11-23 09:33:00,376 - INFO -   预测/目标: 201600/93434
2025-11-23 09:33:00,376 - INFO -   检测损失: 6.04
2025-11-23 09:33:00,376 - INFO -   Decoder MoE损失: 1.9832
2025-11-23 09:33:00,376 - INFO -   Encoder Patch-MoE Balance损失: 0.1247
2025-11-23 09:33:00,377 - INFO -   Encoder Patch-MoE Entropy损失: -1.0986
2025-11-23 09:33:00,377 - INFO -   Encoder MoE总损失: -0.9739
2025-11-23 09:33:00,377 - INFO -   Token Pruning损失: 0.000045
2025-11-23 09:33:00,377 - INFO -   MoE总损失: 2.1079
2025-11-23 09:33:00,377 - INFO -   Decoder专家使用率: [34.15%, 31.75%, 34.09%]
2025-11-23 09:33:00,377 - INFO -   ⏳ mAP_0.5_0.95 无改善 (28/35), 最佳值: 0.5862 (epoch 62)
2025-11-23 09:33:01,172 - INFO - 💾 保存最新检查点: logs/dset3_r34_20251123_040033/latest_checkpoint.pth
2025-11-23 09:33:10,978 - INFO - Epoch 91 | Batch 0 | Loss: 6.11 (Det: 6.01, MoE: 2.0938)
2025-11-23 09:34:41,280 - INFO - Epoch 91 | Batch 50 | Loss: 6.28 (Det: 6.18, MoE: 2.0921)
2025-11-23 09:36:31,642 - INFO - Epoch 91:
2025-11-23 09:36:31,644 - INFO -   训练损失: 6.14 | 验证损失: 0.92
2025-11-23 09:36:31,644 - INFO -   预测/目标: 201600/93434
2025-11-23 09:36:31,645 - INFO -   ⏳ mAP_0.5_0.95 无改善 (29/35), 最佳值: 0.5862 (epoch 62)
2025-11-23 09:36:32,455 - INFO - 💾 保存最新检查点: logs/dset3_r34_20251123_040033/latest_checkpoint.pth
2025-11-23 09:36:40,310 - INFO - Epoch 92 | Batch 0 | Loss: 6.03 (Det: 5.93, MoE: 2.0949)
2025-11-23 09:38:10,350 - INFO - Epoch 92 | Batch 50 | Loss: 6.08 (Det: 5.98, MoE: 2.1246)
2025-11-23 09:40:02,523 - INFO - Epoch 92:
2025-11-23 09:40:02,524 - INFO -   训练损失: 6.10 | 验证损失: 0.92
2025-11-23 09:40:02,525 - INFO -   预测/目标: 201600/93434
2025-11-23 09:40:02,525 - INFO -   ⏳ mAP_0.5_0.95 无改善 (30/35), 最佳值: 0.5862 (epoch 62)
2025-11-23 09:40:03,341 - INFO - 💾 保存最新检查点: logs/dset3_r34_20251123_040033/latest_checkpoint.pth
2025-11-23 09:40:13,673 - INFO - Epoch 93 | Batch 0 | Loss: 6.09 (Det: 5.99, MoE: 2.1155)
2025-11-23 09:41:43,992 - INFO - Epoch 93 | Batch 50 | Loss: 6.16 (Det: 6.06, MoE: 2.1079)
2025-11-23 09:43:34,160 - INFO - Epoch 93:
2025-11-23 09:43:34,162 - INFO -   训练损失: 6.07 | 验证损失: 0.93
2025-11-23 09:43:34,162 - INFO -   预测/目标: 201600/93434
2025-11-23 09:43:34,163 - INFO -   ⏳ mAP_0.5_0.95 无改善 (31/35), 最佳值: 0.5862 (epoch 62)
2025-11-23 09:43:34,946 - INFO - 💾 保存最新检查点: logs/dset3_r34_20251123_040033/latest_checkpoint.pth
2025-11-23 09:43:44,886 - INFO - Epoch 94 | Batch 0 | Loss: 6.05 (Det: 5.95, MoE: 2.1093)
2025-11-23 09:45:15,935 - INFO - Epoch 94 | Batch 50 | Loss: 6.17 (Det: 6.07, MoE: 2.0901)
2025-11-23 09:47:09,497 - INFO - Epoch 94:
2025-11-23 09:47:09,498 - INFO -   训练损失: 6.03 | 验证损失: 0.93
2025-11-23 09:47:09,499 - INFO -   预测/目标: 201600/93434
2025-11-23 09:47:09,499 - INFO -   ⏳ mAP_0.5_0.95 无改善 (32/35), 最佳值: 0.5862 (epoch 62)
2025-11-23 09:47:10,305 - INFO - 💾 保存最新检查点: logs/dset3_r34_20251123_040033/latest_checkpoint.pth
2025-11-23 09:47:12,625 - INFO - [DEBUG] Epoch 95: pruner.current_epoch=95, pruner.pruning_enabled=True, pruner.warmup_epochs=10
2025-11-23 09:47:18,782 - INFO - Epoch 95 | Batch 0 | Loss: 6.08 (Det: 5.98, MoE: 2.0934)
2025-11-23 09:48:48,745 - INFO - Epoch 95 | Batch 50 | Loss: 6.20 (Det: 6.10, MoE: 2.1354)
2025-11-23 09:50:40,273 - INFO - Epoch 95:
2025-11-23 09:50:40,275 - INFO -   训练损失: 6.04 | 验证损失: 0.93
2025-11-23 09:50:40,276 - INFO -   预测/目标: 201600/93434
2025-11-23 09:50:40,276 - INFO -   检测损失: 5.94
2025-11-23 09:50:40,276 - INFO -   Decoder MoE损失: 1.9833
2025-11-23 09:50:40,276 - INFO -   Encoder Patch-MoE Balance损失: 0.1272
2025-11-23 09:50:40,276 - INFO -   Encoder Patch-MoE Entropy损失: -1.0986
2025-11-23 09:50:40,276 - INFO -   Encoder MoE总损失: -0.9714
2025-11-23 09:50:40,276 - INFO -   Token Pruning损失: 0.000048
2025-11-23 09:50:40,276 - INFO -   MoE总损失: 2.1105
2025-11-23 09:50:40,276 - INFO -   Decoder专家使用率: [34.18%, 31.85%, 33.97%]
2025-11-23 09:50:40,276 - INFO -   ⏳ mAP_0.5_0.95 无改善 (33/35), 最佳值: 0.5862 (epoch 62)
2025-11-23 09:50:41,068 - INFO - 💾 保存最新检查点: logs/dset3_r34_20251123_040033/latest_checkpoint.pth
2025-11-23 09:50:51,148 - INFO - Epoch 96 | Batch 0 | Loss: 5.98 (Det: 5.88, MoE: 2.1597)
2025-11-23 09:52:20,931 - INFO - Epoch 96 | Batch 50 | Loss: 6.10 (Det: 6.00, MoE: 2.1129)
2025-11-23 09:54:12,644 - INFO - Epoch 96:
2025-11-23 09:54:12,645 - INFO -   训练损失: 5.99 | 验证损失: 0.93
2025-11-23 09:54:12,646 - INFO -   预测/目标: 201600/93434
2025-11-23 09:54:12,646 - INFO -   ⏳ mAP_0.5_0.95 无改善 (34/35), 最佳值: 0.5862 (epoch 62)
2025-11-23 09:54:13,436 - INFO - 💾 保存最新检查点: logs/dset3_r34_20251123_040033/latest_checkpoint.pth
2025-11-23 09:54:20,420 - INFO - Epoch 97 | Batch 0 | Loss: 5.99 (Det: 5.89, MoE: 2.1072)
2025-11-23 09:55:52,354 - INFO - Epoch 97 | Batch 50 | Loss: 6.04 (Det: 5.94, MoE: 2.1005)
2025-11-23 09:57:44,606 - INFO - Epoch 97:
2025-11-23 09:57:44,607 - INFO -   训练损失: 6.03 | 验证损失: 0.93
2025-11-23 09:57:44,608 - INFO -   预测/目标: 201600/93434
2025-11-23 09:57:44,608 - INFO -   ⏳ mAP_0.5_0.95 无改善 (35/35), 最佳值: 0.5862 (epoch 62)
2025-11-23 09:57:44,608 - INFO - 
============================================================
⛔ Early Stopping触发！
   已连续 35 个epoch无改善
   最佳 mAP_0.5_0.95: 0.5862 (epoch 62)
============================================================

2025-11-23 09:57:44,609 - INFO - Early Stopping在epoch 97触发，停止训练
2025-11-23 09:57:44,609 - INFO - ✓ 训练完成！
2025-11-23 09:57:46,985 - INFO - ✓ 训练曲线已保存到: logs/dset3_r34_20251123_040033/training_curves.png
2025-11-23 09:57:46,985 - INFO - ✓ 训练历史已导出到: logs/dset3_r34_20251123_040033/training_history.csv
2025-11-23 09:57:46,985 - INFO - ============================================================
2025-11-23 09:57:46,985 - INFO - 使用best_model生成推理结果（5张图像）...
2025-11-23 09:57:51,468 - INFO -   生成best_model推理结果（前5张）...
2025-11-23 09:57:52,130 - INFO -   ✓ 推理结果已保存到: logs/dset3_r34_20251123_040033/inference_samples
