2025-11-21 11:04:41,871 - INFO - 从本地文件加载预训练权重: pretrained/rtdetrv2_r18vd_120e_coco_rerun_48.1.pth
2025-11-21 11:04:41,950 - INFO - ✓ 检测到EMA checkpoint格式
2025-11-21 11:04:41,967 - INFO - ✓ 成功加载预训练权重: 445/529 个参数
2025-11-21 11:04:41,967 - INFO -   - 跳过类别相关参数: 9 个（COCO 80类 → DAIR-V2X 8类）
2025-11-21 11:04:41,968 - INFO -   - Backbone: 138 个参数
2025-11-21 11:04:41,968 - INFO -   - Encoder: 270 个参数
2025-11-21 11:04:41,968 - INFO -   - Decoder: 121 个参数
2025-11-21 11:04:41,968 - INFO -   - 预训练模型缺少参数: 84 个（当前模型新增）
2025-11-21 11:04:41,968 - INFO -     示例: ['decoder.decoder.layers.0.adaptive_expert_layer.router.gate.weight', 'decoder.decoder.layers.0.adaptive_expert_layer.experts.0.linear1.weight', 'decoder.decoder.layers.0.adaptive_expert_layer.experts.0.linear1.bias'] ...
2025-11-21 11:04:41,968 - INFO -   - 模型新增参数: 14 个（将随机初始化）
2025-11-21 11:04:42,317 - INFO - ✓ 已启用GPU优化: cudnn.benchmark=True, TF32=True
2025-11-21 11:04:42,317 - INFO - ✓ 创建MOE RT-DETR模型
2025-11-21 11:04:42,317 - INFO -   专家数量: 6
2025-11-21 11:04:42,317 - INFO -   Backbone: presnet18
2025-11-21 11:04:42,317 - INFO -   Encoder: in_channels=[128, 256, 512], expansion=0.5
2025-11-21 11:04:44,213 - INFO - ✓ 创建数据加载器
2025-11-21 11:04:44,214 - INFO -   训练集: 5042 | 验证集: 2016
2025-11-21 11:04:44,219 - INFO - ✓ 预训练参数组: 149 个参数, lr=1e-05
2025-11-21 11:04:44,222 - INFO - ✓ Norm层参数组: 116 个参数, lr=0.0001, wd=0
2025-11-21 11:04:44,225 - INFO - ✓ 新参数组: 75 个参数, lr=0.0001
2025-11-21 11:04:44,226 - INFO - ✓ 使用CosineAnnealingLR调度器 (eta_min=1e-06)
2025-11-21 11:04:44,227 - INFO - ✓ 学习率预热 3 epochs
2025-11-21 11:04:44,325 - INFO - ⏱️  Early Stopping: 启用 (patience=35, metric=mAP_0.5_0.95, mode=max)
2025-11-21 11:04:44,325 - INFO - 推理输出目录: logs/moe6_rtdetr_r18_20251121_110441/inference_samples
2025-11-21 11:04:44,325 - INFO - 开始训练 200 epochs
2025-11-21 11:04:44,325 - INFO - ✓ 梯度裁剪: max_norm=10.0
2025-11-21 11:05:02,155 - INFO - Epoch 0 | Batch 0 | Loss: 28.84 (Det: 28.69, MoE: 3.0997)
2025-11-21 11:05:37,575 - INFO - Epoch 0 | Batch 50 | Loss: 21.20 (Det: 21.05, MoE: 3.0705)
2025-11-21 11:06:12,685 - INFO - Epoch 0:
2025-11-21 11:06:12,685 - INFO -   训练损失: 22.83 | 验证损失: 2.78
2025-11-21 11:06:12,685 - INFO -   (前30个epoch仅计算loss，跳过mAP评估)
2025-11-21 11:06:12,685 - INFO -   检测损失: 22.68
2025-11-21 11:06:12,685 - INFO -   MoE负载均衡损失: 3.0846
2025-11-21 11:06:12,685 - INFO -   专家使用率: [10.58%, 17.44%, 19.79%, 17.08%, 13.14%, 21.95%]
2025-11-21 11:06:12,685 - INFO -   🎉 新的最佳验证损失: 2.78
2025-11-21 11:06:13,479 - INFO - 💾 保存最新检查点: logs/moe6_rtdetr_r18_20251121_110441/latest_checkpoint.pth
2025-11-21 11:06:20,790 - INFO - Epoch 1 | Batch 0 | Loss: 19.47 (Det: 19.32, MoE: 3.1112)
2025-11-21 11:06:56,437 - INFO - Epoch 1 | Batch 50 | Loss: 16.79 (Det: 16.64, MoE: 3.1247)
2025-11-21 11:07:26,752 - INFO - Epoch 1:
2025-11-21 11:07:26,753 - INFO -   训练损失: 17.51 | 验证损失: 2.36
2025-11-21 11:07:26,753 - INFO -   (前30个epoch仅计算loss，跳过mAP评估)
2025-11-21 11:07:26,753 - INFO -   检测损失: 17.35
2025-11-21 11:07:26,753 - INFO -   MoE负载均衡损失: 3.1167
2025-11-21 11:07:26,753 - INFO -   专家使用率: [9.58%, 18.23%, 20.91%, 15.52%, 12.40%, 23.36%]
2025-11-21 11:07:26,753 - INFO -   🎉 新的最佳验证损失: 2.36
2025-11-21 11:07:27,531 - INFO - 💾 保存最新检查点: logs/moe6_rtdetr_r18_20251121_110441/latest_checkpoint.pth
2025-11-21 11:07:33,123 - INFO - Epoch 2 | Batch 0 | Loss: 15.40 (Det: 15.24, MoE: 3.1002)
2025-11-21 11:08:08,287 - INFO - Epoch 2 | Batch 50 | Loss: 13.39 (Det: 13.24, MoE: 3.0876)
2025-11-21 11:08:38,728 - INFO - Epoch 2:
2025-11-21 11:08:38,728 - INFO -   训练损失: 13.67 | 验证损失: 2.12
2025-11-21 11:08:38,728 - INFO -   (前30个epoch仅计算loss，跳过mAP评估)
2025-11-21 11:08:38,728 - INFO -   检测损失: 13.52
2025-11-21 11:08:38,728 - INFO -   MoE负载均衡损失: 3.0999
2025-11-21 11:08:38,728 - INFO -   专家使用率: [11.86%, 17.19%, 23.93%, 14.80%, 12.76%, 19.46%]
2025-11-21 11:08:38,728 - INFO -   🎉 新的最佳验证损失: 2.12
2025-11-21 11:08:39,556 - INFO - 💾 保存最新检查点: logs/moe6_rtdetr_r18_20251121_110441/latest_checkpoint.pth
2025-11-21 11:08:44,810 - INFO - Epoch 3 | Batch 0 | Loss: 12.90 (Det: 12.75, MoE: 3.0720)
2025-11-21 11:09:19,936 - INFO - Epoch 3 | Batch 50 | Loss: 10.42 (Det: 10.27, MoE: 3.0783)
2025-11-21 11:09:50,976 - INFO - Epoch 3:
2025-11-21 11:09:50,976 - INFO -   训练损失: 11.03 | 验证损失: 1.68
2025-11-21 11:09:50,976 - INFO -   (前30个epoch仅计算loss，跳过mAP评估)
2025-11-21 11:09:50,976 - INFO -   检测损失: 10.87
2025-11-21 11:09:50,976 - INFO -   MoE负载均衡损失: 3.1008
2025-11-21 11:09:50,976 - INFO -   专家使用率: [15.18%, 14.96%, 23.37%, 15.11%, 14.58%, 16.80%]
2025-11-21 11:09:50,976 - INFO -   🎉 新的最佳验证损失: 1.68
2025-11-21 11:09:52,124 - INFO - 💾 保存最新检查点: logs/moe6_rtdetr_r18_20251121_110441/latest_checkpoint.pth
2025-11-21 11:09:59,186 - INFO - Epoch 4 | Batch 0 | Loss: 10.35 (Det: 10.19, MoE: 3.1145)
2025-11-21 11:10:34,162 - INFO - Epoch 4 | Batch 50 | Loss: 9.98 (Det: 9.82, MoE: 3.0776)
2025-11-21 11:11:05,208 - INFO - Epoch 4:
2025-11-21 11:11:05,209 - INFO -   训练损失: 9.86 | 验证损失: 1.55
2025-11-21 11:11:05,209 - INFO -   (前30个epoch仅计算loss，跳过mAP评估)
2025-11-21 11:11:05,209 - INFO -   检测损失: 9.70
2025-11-21 11:11:05,209 - INFO -   MoE负载均衡损失: 3.0833
2025-11-21 11:11:05,209 - INFO -   专家使用率: [16.41%, 15.14%, 21.78%, 15.78%, 14.97%, 15.93%]
2025-11-21 11:11:05,209 - INFO -   🎉 新的最佳验证损失: 1.55
2025-11-21 11:11:06,141 - INFO - 💾 保存最新检查点: logs/moe6_rtdetr_r18_20251121_110441/latest_checkpoint.pth
2025-11-21 11:11:11,282 - INFO - Epoch 5 | Batch 0 | Loss: 9.77 (Det: 9.62, MoE: 3.0625)
2025-11-21 11:11:48,362 - INFO - Epoch 5 | Batch 50 | Loss: 9.39 (Det: 9.24, MoE: 3.0522)
2025-11-21 11:12:19,086 - INFO - Epoch 5:
2025-11-21 11:12:19,086 - INFO -   训练损失: 9.43 | 验证损失: 1.46
2025-11-21 11:12:19,086 - INFO -   (前30个epoch仅计算loss，跳过mAP评估)
2025-11-21 11:12:19,086 - INFO -   检测损失: 9.28
2025-11-21 11:12:19,086 - INFO -   MoE负载均衡损失: 3.0654
2025-11-21 11:12:19,087 - INFO -   专家使用率: [16.63%, 15.38%, 21.29%, 15.66%, 15.26%, 15.79%]
2025-11-21 11:12:19,087 - INFO -   🎉 新的最佳验证损失: 1.46
2025-11-21 11:12:21,949 - INFO - 💾 保存最新检查点: logs/moe6_rtdetr_r18_20251121_110441/latest_checkpoint.pth
2025-11-21 11:12:29,361 - INFO - Epoch 6 | Batch 0 | Loss: 9.30 (Det: 9.15, MoE: 3.0556)
2025-11-21 11:13:04,611 - INFO - Epoch 6 | Batch 50 | Loss: 9.20 (Det: 9.04, MoE: 3.0563)
2025-11-21 11:13:35,652 - INFO - Epoch 6:
2025-11-21 11:13:35,653 - INFO -   训练损失: 9.10 | 验证损失: 1.39
2025-11-21 11:13:35,653 - INFO -   (前30个epoch仅计算loss，跳过mAP评估)
2025-11-21 11:13:35,653 - INFO -   检测损失: 8.95
2025-11-21 11:13:35,653 - INFO -   MoE负载均衡损失: 3.0529
2025-11-21 11:13:35,653 - INFO -   专家使用率: [16.74%, 15.31%, 21.12%, 15.49%, 15.51%, 15.84%]
2025-11-21 11:13:35,653 - INFO -   🎉 新的最佳验证损失: 1.39
2025-11-21 11:13:36,469 - INFO - 💾 保存最新检查点: logs/moe6_rtdetr_r18_20251121_110441/latest_checkpoint.pth
2025-11-21 11:13:42,561 - INFO - Epoch 7 | Batch 0 | Loss: 8.94 (Det: 8.79, MoE: 3.0775)
2025-11-21 11:14:17,905 - INFO - Epoch 7 | Batch 50 | Loss: 8.51 (Det: 8.36, MoE: 3.0326)
2025-11-21 11:14:48,658 - INFO - Epoch 7:
2025-11-21 11:14:48,658 - INFO -   训练损失: 8.66 | 验证损失: 1.30
2025-11-21 11:14:48,658 - INFO -   (前30个epoch仅计算loss，跳过mAP评估)
2025-11-21 11:14:48,658 - INFO -   检测损失: 8.50
2025-11-21 11:14:48,658 - INFO -   MoE负载均衡损失: 3.0416
2025-11-21 11:14:48,658 - INFO -   专家使用率: [16.89%, 15.49%, 20.87%, 15.40%, 15.60%, 15.74%]
2025-11-21 11:14:48,659 - INFO -   🎉 新的最佳验证损失: 1.30
2025-11-21 11:14:49,476 - INFO - 💾 保存最新检查点: logs/moe6_rtdetr_r18_20251121_110441/latest_checkpoint.pth
2025-11-21 11:14:57,020 - INFO - Epoch 8 | Batch 0 | Loss: 8.44 (Det: 8.29, MoE: 3.0222)
2025-11-21 11:15:31,990 - INFO - Epoch 8 | Batch 50 | Loss: 8.35 (Det: 8.20, MoE: 3.0413)
2025-11-21 11:16:02,855 - INFO - Epoch 8:
2025-11-21 11:16:02,856 - INFO -   训练损失: 8.30 | 验证损失: 1.21
2025-11-21 11:16:02,856 - INFO -   (前30个epoch仅计算loss，跳过mAP评估)
2025-11-21 11:16:02,856 - INFO -   检测损失: 8.15
2025-11-21 11:16:02,856 - INFO -   MoE负载均衡损失: 3.0350
2025-11-21 11:16:02,856 - INFO -   专家使用率: [17.04%, 15.99%, 20.45%, 15.15%, 15.56%, 15.80%]
2025-11-21 11:16:02,856 - INFO -   🎉 新的最佳验证损失: 1.21
2025-11-21 11:16:03,682 - INFO - 💾 保存最新检查点: logs/moe6_rtdetr_r18_20251121_110441/latest_checkpoint.pth
2025-11-21 11:16:10,632 - INFO - Epoch 9 | Batch 0 | Loss: 8.20 (Det: 8.05, MoE: 3.0301)
2025-11-21 11:16:45,751 - INFO - Epoch 9 | Batch 50 | Loss: 8.07 (Det: 7.92, MoE: 3.0213)
2025-11-21 11:17:15,648 - INFO - Epoch 9:
2025-11-21 11:17:15,649 - INFO -   训练损失: 8.03 | 验证损失: 1.15
2025-11-21 11:17:15,649 - INFO -   (前30个epoch仅计算loss，跳过mAP评估)
2025-11-21 11:17:15,649 - INFO -   检测损失: 7.88
2025-11-21 11:17:15,649 - INFO -   MoE负载均衡损失: 3.0270
2025-11-21 11:17:15,649 - INFO -   专家使用率: [17.08%, 16.25%, 19.87%, 15.49%, 15.47%, 15.85%]
2025-11-21 11:17:15,649 - INFO -   🎉 新的最佳验证损失: 1.15
2025-11-21 11:17:16,398 - INFO - 💾 保存最新检查点: logs/moe6_rtdetr_r18_20251121_110441/latest_checkpoint.pth
2025-11-21 11:17:22,055 - INFO - Epoch 10 | Batch 0 | Loss: 7.95 (Det: 7.80, MoE: 3.0057)
2025-11-21 11:17:58,070 - INFO - Epoch 10 | Batch 50 | Loss: 7.94 (Det: 7.79, MoE: 3.0279)
2025-11-21 11:18:28,550 - INFO - Epoch 10:
2025-11-21 11:18:28,551 - INFO -   训练损失: 7.82 | 验证损失: 1.14
2025-11-21 11:18:28,551 - INFO -   (前30个epoch仅计算loss，跳过mAP评估)
2025-11-21 11:18:28,551 - INFO -   检测损失: 7.67
2025-11-21 11:18:28,551 - INFO -   MoE负载均衡损失: 3.0211
2025-11-21 11:18:28,551 - INFO -   专家使用率: [17.00%, 16.34%, 19.54%, 15.76%, 15.42%, 15.93%]
2025-11-21 11:18:28,551 - INFO -   🎉 新的最佳验证损失: 1.14
2025-11-21 11:18:29,349 - INFO - 💾 保存最新检查点: logs/moe6_rtdetr_r18_20251121_110441/latest_checkpoint.pth
2025-11-21 11:18:36,296 - INFO - Epoch 11 | Batch 0 | Loss: 7.74 (Det: 7.59, MoE: 3.0095)
2025-11-21 11:19:11,316 - INFO - Epoch 11 | Batch 50 | Loss: 7.65 (Det: 7.50, MoE: 3.0100)
2025-11-21 11:19:41,989 - INFO - Epoch 11:
2025-11-21 11:19:41,989 - INFO -   训练损失: 7.67 | 验证损失: 1.10
2025-11-21 11:19:41,989 - INFO -   (前30个epoch仅计算loss，跳过mAP评估)
2025-11-21 11:19:41,989 - INFO -   检测损失: 7.52
2025-11-21 11:19:41,989 - INFO -   MoE负载均衡损失: 3.0163
2025-11-21 11:19:41,989 - INFO -   专家使用率: [16.89%, 16.52%, 19.21%, 15.85%, 15.57%, 15.96%]
2025-11-21 11:19:41,989 - INFO -   🎉 新的最佳验证损失: 1.10
2025-11-21 11:19:42,814 - INFO - 💾 保存最新检查点: logs/moe6_rtdetr_r18_20251121_110441/latest_checkpoint.pth
2025-11-21 11:19:47,827 - INFO - Epoch 12 | Batch 0 | Loss: 7.43 (Det: 7.28, MoE: 3.0254)
2025-11-21 11:20:24,971 - INFO - Epoch 12 | Batch 50 | Loss: 7.49 (Det: 7.34, MoE: 3.0191)
2025-11-21 11:20:55,577 - INFO - Epoch 12:
2025-11-21 11:20:55,577 - INFO -   训练损失: 7.52 | 验证损失: 1.08
2025-11-21 11:20:55,577 - INFO -   (前30个epoch仅计算loss，跳过mAP评估)
2025-11-21 11:20:55,577 - INFO -   检测损失: 7.37
2025-11-21 11:20:55,577 - INFO -   MoE负载均衡损失: 3.0100
2025-11-21 11:20:55,577 - INFO -   专家使用率: [16.78%, 16.61%, 18.92%, 15.91%, 15.67%, 16.12%]
2025-11-21 11:20:55,577 - INFO -   🎉 新的最佳验证损失: 1.08
2025-11-21 11:20:56,401 - INFO - 💾 保存最新检查点: logs/moe6_rtdetr_r18_20251121_110441/latest_checkpoint.pth
2025-11-21 11:21:03,754 - INFO - Epoch 13 | Batch 0 | Loss: 7.58 (Det: 7.43, MoE: 3.0088)
2025-11-21 11:21:39,079 - INFO - Epoch 13 | Batch 50 | Loss: 7.41 (Det: 7.26, MoE: 2.9970)
2025-11-21 11:22:10,881 - INFO - Epoch 13:
2025-11-21 11:22:10,881 - INFO -   训练损失: 7.42 | 验证损失: 1.06
2025-11-21 11:22:10,881 - INFO -   (前30个epoch仅计算loss，跳过mAP评估)
2025-11-21 11:22:10,881 - INFO -   检测损失: 7.27
2025-11-21 11:22:10,881 - INFO -   MoE负载均衡损失: 3.0057
2025-11-21 11:22:10,881 - INFO -   专家使用率: [16.71%, 16.73%, 18.64%, 16.16%, 15.63%, 16.13%]
2025-11-21 11:22:10,882 - INFO -   🎉 新的最佳验证损失: 1.06
2025-11-21 11:22:11,686 - INFO - 💾 保存最新检查点: logs/moe6_rtdetr_r18_20251121_110441/latest_checkpoint.pth
2025-11-21 11:22:18,199 - INFO - Epoch 14 | Batch 0 | Loss: 7.31 (Det: 7.16, MoE: 3.0080)
2025-11-21 11:22:53,990 - INFO - Epoch 14 | Batch 50 | Loss: 7.18 (Det: 7.03, MoE: 3.0188)
2025-11-21 11:23:24,488 - INFO - Epoch 14:
2025-11-21 11:23:24,488 - INFO -   训练损失: 7.32 | 验证损失: 1.04
2025-11-21 11:23:24,488 - INFO -   (前30个epoch仅计算loss，跳过mAP评估)
2025-11-21 11:23:24,488 - INFO -   检测损失: 7.17
2025-11-21 11:23:24,488 - INFO -   MoE负载均衡损失: 3.0039
2025-11-21 11:23:24,489 - INFO -   专家使用率: [16.59%, 16.70%, 18.52%, 16.18%, 15.85%, 16.17%]
2025-11-21 11:23:24,489 - INFO -   🎉 新的最佳验证损失: 1.04
2025-11-21 11:23:25,395 - INFO - 💾 保存最新检查点: logs/moe6_rtdetr_r18_20251121_110441/latest_checkpoint.pth
2025-11-21 11:23:30,190 - INFO - Epoch 15 | Batch 0 | Loss: 7.18 (Det: 7.03, MoE: 2.9930)
2025-11-21 11:24:07,501 - INFO - Epoch 15 | Batch 50 | Loss: 7.54 (Det: 7.39, MoE: 2.9902)
2025-11-21 11:24:38,903 - INFO - Epoch 15:
2025-11-21 11:24:38,903 - INFO -   训练损失: 7.23 | 验证损失: 1.03
2025-11-21 11:24:38,903 - INFO -   (前30个epoch仅计算loss，跳过mAP评估)
2025-11-21 11:24:38,903 - INFO -   检测损失: 7.08
2025-11-21 11:24:38,903 - INFO -   MoE负载均衡损失: 3.0013
2025-11-21 11:24:38,903 - INFO -   专家使用率: [16.63%, 16.73%, 18.33%, 16.21%, 15.72%, 16.37%]
2025-11-21 11:24:38,903 - INFO -   🎉 新的最佳验证损失: 1.03
2025-11-21 11:24:39,762 - INFO - 💾 保存最新检查点: logs/moe6_rtdetr_r18_20251121_110441/latest_checkpoint.pth
2025-11-21 11:24:47,784 - INFO - Epoch 16 | Batch 0 | Loss: 7.28 (Det: 7.13, MoE: 2.9967)
2025-11-21 11:25:22,693 - INFO - Epoch 16 | Batch 50 | Loss: 7.08 (Det: 6.93, MoE: 3.0008)
2025-11-21 11:25:54,132 - INFO - Epoch 16:
2025-11-21 11:25:54,133 - INFO -   训练损失: 7.15 | 验证损失: 1.03
2025-11-21 11:25:54,133 - INFO -   (前30个epoch仅计算loss，跳过mAP评估)
2025-11-21 11:25:54,133 - INFO -   检测损失: 7.00
2025-11-21 11:25:54,133 - INFO -   MoE负载均衡损失: 3.0008
2025-11-21 11:25:54,133 - INFO -   专家使用率: [16.64%, 16.70%, 18.23%, 16.14%, 15.83%, 16.45%]
2025-11-21 11:25:54,133 - INFO -   🎉 新的最佳验证损失: 1.03
2025-11-21 11:25:54,913 - INFO - 💾 保存最新检查点: logs/moe6_rtdetr_r18_20251121_110441/latest_checkpoint.pth
2025-11-21 11:26:01,202 - INFO - Epoch 17 | Batch 0 | Loss: 6.97 (Det: 6.82, MoE: 3.0008)
2025-11-21 11:26:36,904 - INFO - Epoch 17 | Batch 50 | Loss: 7.14 (Det: 6.99, MoE: 2.9897)
2025-11-21 11:27:08,671 - INFO - Epoch 17:
2025-11-21 11:27:08,671 - INFO -   训练损失: 7.11 | 验证损失: 1.03
2025-11-21 11:27:08,671 - INFO -   (前30个epoch仅计算loss，跳过mAP评估)
2025-11-21 11:27:08,671 - INFO -   检测损失: 6.96
2025-11-21 11:27:08,671 - INFO -   MoE负载均衡损失: 2.9972
2025-11-21 11:27:08,671 - INFO -   专家使用率: [16.52%, 16.78%, 18.11%, 16.29%, 15.85%, 16.45%]
2025-11-21 11:27:09,500 - INFO - 💾 保存最新检查点: logs/moe6_rtdetr_r18_20251121_110441/latest_checkpoint.pth
2025-11-21 11:27:17,017 - INFO - Epoch 18 | Batch 0 | Loss: 7.22 (Det: 7.07, MoE: 2.9895)
2025-11-21 11:27:51,727 - INFO - Epoch 18 | Batch 50 | Loss: 7.20 (Det: 7.05, MoE: 2.9875)
2025-11-21 11:28:22,776 - INFO - Epoch 18:
2025-11-21 11:28:22,776 - INFO -   训练损失: 7.12 | 验证损失: 1.03
2025-11-21 11:28:22,776 - INFO -   (前30个epoch仅计算loss，跳过mAP评估)
2025-11-21 11:28:22,776 - INFO -   检测损失: 6.97
2025-11-21 11:28:22,776 - INFO -   MoE负载均衡损失: 2.9952
2025-11-21 11:28:22,776 - INFO -   专家使用率: [16.54%, 16.68%, 18.32%, 16.12%, 15.62%, 16.72%]
2025-11-21 11:28:22,776 - INFO -   🎉 新的最佳验证损失: 1.03
2025-11-21 11:28:23,615 - INFO - 💾 保存最新检查点: logs/moe6_rtdetr_r18_20251121_110441/latest_checkpoint.pth
2025-11-21 11:28:29,848 - INFO - Epoch 19 | Batch 0 | Loss: 7.18 (Det: 7.03, MoE: 3.0072)
2025-11-21 11:29:04,958 - INFO - Epoch 19 | Batch 50 | Loss: 7.09 (Det: 6.94, MoE: 2.9943)
2025-11-21 11:29:35,194 - INFO - Epoch 19:
2025-11-21 11:29:35,194 - INFO -   训练损失: 7.02 | 验证损失: 1.02
2025-11-21 11:29:35,194 - INFO -   (前30个epoch仅计算loss，跳过mAP评估)
2025-11-21 11:29:35,194 - INFO -   检测损失: 6.87
2025-11-21 11:29:35,194 - INFO -   MoE负载均衡损失: 2.9964
2025-11-21 11:29:35,195 - INFO -   专家使用率: [16.63%, 16.59%, 18.19%, 16.31%, 15.73%, 16.55%]
2025-11-21 11:29:35,195 - INFO -   🎉 新的最佳验证损失: 1.02
2025-11-21 11:29:36,000 - INFO - 💾 保存最新检查点: logs/moe6_rtdetr_r18_20251121_110441/latest_checkpoint.pth
2025-11-21 11:29:41,011 - INFO - Epoch 20 | Batch 0 | Loss: 6.88 (Det: 6.73, MoE: 2.9935)
2025-11-21 11:30:17,342 - INFO - Epoch 20 | Batch 50 | Loss: 6.86 (Det: 6.71, MoE: 2.9859)
2025-11-21 11:30:48,114 - INFO - Epoch 20:
2025-11-21 11:30:48,114 - INFO -   训练损失: 6.95 | 验证损失: 1.00
2025-11-21 11:30:48,114 - INFO -   (前30个epoch仅计算loss，跳过mAP评估)
2025-11-21 11:30:48,114 - INFO -   检测损失: 6.80
2025-11-21 11:30:48,114 - INFO -   MoE负载均衡损失: 2.9930
2025-11-21 11:30:48,114 - INFO -   专家使用率: [16.59%, 16.66%, 17.92%, 16.51%, 15.78%, 16.54%]
2025-11-21 11:30:48,114 - INFO -   🎉 新的最佳验证损失: 1.00
2025-11-21 11:30:48,914 - INFO - 💾 保存最新检查点: logs/moe6_rtdetr_r18_20251121_110441/latest_checkpoint.pth
2025-11-21 11:30:56,180 - INFO - Epoch 21 | Batch 0 | Loss: 6.78 (Det: 6.63, MoE: 2.9928)
2025-11-21 11:31:31,250 - INFO - Epoch 21 | Batch 50 | Loss: 6.92 (Det: 6.77, MoE: 2.9863)
2025-11-21 11:32:01,983 - INFO - Epoch 21:
2025-11-21 11:32:01,984 - INFO -   训练损失: 6.89 | 验证损失: 1.00
2025-11-21 11:32:01,984 - INFO -   (前30个epoch仅计算loss，跳过mAP评估)
2025-11-21 11:32:01,984 - INFO -   🎉 新的最佳验证损失: 1.00
2025-11-21 11:32:02,844 - INFO - 💾 保存最新检查点: logs/moe6_rtdetr_r18_20251121_110441/latest_checkpoint.pth
2025-11-21 11:32:07,434 - INFO - Epoch 22 | Batch 0 | Loss: 6.90 (Det: 6.75, MoE: 2.9849)
2025-11-21 11:32:43,487 - INFO - Epoch 22 | Batch 50 | Loss: 6.92 (Det: 6.77, MoE: 3.0019)
2025-11-21 11:33:13,970 - INFO - Epoch 22:
2025-11-21 11:33:13,970 - INFO -   训练损失: 6.86 | 验证损失: 0.99
2025-11-21 11:33:13,970 - INFO -   (前30个epoch仅计算loss，跳过mAP评估)
2025-11-21 11:33:13,970 - INFO -   🎉 新的最佳验证损失: 0.99
2025-11-21 11:33:14,838 - INFO - 💾 保存最新检查点: logs/moe6_rtdetr_r18_20251121_110441/latest_checkpoint.pth
2025-11-21 11:33:21,173 - INFO - Epoch 23 | Batch 0 | Loss: 6.72 (Det: 6.57, MoE: 2.9916)
2025-11-21 11:33:57,112 - INFO - Epoch 23 | Batch 50 | Loss: 6.79 (Det: 6.64, MoE: 3.0086)
2025-11-21 11:34:27,329 - INFO - Epoch 23:
2025-11-21 11:34:27,329 - INFO -   训练损失: 6.76 | 验证损失: 0.99
2025-11-21 11:34:27,329 - INFO -   (前30个epoch仅计算loss，跳过mAP评估)
2025-11-21 11:34:28,280 - INFO - 💾 保存最新检查点: logs/moe6_rtdetr_r18_20251121_110441/latest_checkpoint.pth
2025-11-21 11:34:33,191 - INFO - Epoch 24 | Batch 0 | Loss: 6.73 (Det: 6.58, MoE: 2.9788)
2025-11-21 11:35:09,272 - INFO - Epoch 24 | Batch 50 | Loss: 6.55 (Det: 6.41, MoE: 2.9817)
2025-11-21 11:35:40,280 - INFO - Epoch 24:
2025-11-21 11:35:40,281 - INFO -   训练损失: 6.73 | 验证损失: 0.98
2025-11-21 11:35:40,281 - INFO -   (前30个epoch仅计算loss，跳过mAP评估)
2025-11-21 11:35:40,281 - INFO -   🎉 新的最佳验证损失: 0.98
2025-11-21 11:35:41,215 - INFO - 💾 保存最新检查点: logs/moe6_rtdetr_r18_20251121_110441/latest_checkpoint.pth
2025-11-21 11:35:46,728 - INFO - Epoch 25 | Batch 0 | Loss: 6.54 (Det: 6.39, MoE: 3.0121)
2025-11-21 11:36:23,214 - INFO - Epoch 25 | Batch 50 | Loss: 6.69 (Det: 6.54, MoE: 2.9866)
2025-11-21 11:36:54,770 - INFO - Epoch 25:
2025-11-21 11:36:54,771 - INFO -   训练损失: 6.68 | 验证损失: 0.97
2025-11-21 11:36:54,771 - INFO -   (前30个epoch仅计算loss，跳过mAP评估)
2025-11-21 11:36:54,771 - INFO -   检测损失: 6.53
2025-11-21 11:36:54,771 - INFO -   MoE负载均衡损失: 2.9925
2025-11-21 11:36:54,771 - INFO -   专家使用率: [16.77%, 16.84%, 17.58%, 16.43%, 15.92%, 16.46%]
2025-11-21 11:36:54,771 - INFO -   🎉 新的最佳验证损失: 0.97
2025-11-21 11:36:55,612 - INFO - 💾 保存最新检查点: logs/moe6_rtdetr_r18_20251121_110441/latest_checkpoint.pth
2025-11-21 11:37:01,727 - INFO - Epoch 26 | Batch 0 | Loss: 6.75 (Det: 6.60, MoE: 3.0014)
2025-11-21 11:37:36,827 - INFO - Epoch 26 | Batch 50 | Loss: 6.53 (Det: 6.38, MoE: 2.9861)
2025-11-21 11:38:07,461 - INFO - Epoch 26:
2025-11-21 11:38:07,462 - INFO -   训练损失: 6.65 | 验证损失: 0.96
2025-11-21 11:38:07,462 - INFO -   (前30个epoch仅计算loss，跳过mAP评估)
2025-11-21 11:38:07,462 - INFO -   🎉 新的最佳验证损失: 0.96
2025-11-21 11:38:08,290 - INFO - 💾 保存最新检查点: logs/moe6_rtdetr_r18_20251121_110441/latest_checkpoint.pth
2025-11-21 11:38:14,029 - INFO - Epoch 27 | Batch 0 | Loss: 6.69 (Det: 6.54, MoE: 3.0144)
2025-11-21 11:38:49,576 - INFO - Epoch 27 | Batch 50 | Loss: 6.46 (Det: 6.32, MoE: 2.9848)
2025-11-21 11:39:21,009 - INFO - Epoch 27:
2025-11-21 11:39:21,009 - INFO -   训练损失: 6.60 | 验证损失: 0.96
2025-11-21 11:39:21,009 - INFO -   (前30个epoch仅计算loss，跳过mAP评估)
2025-11-21 11:39:21,009 - INFO -   🎉 新的最佳验证损失: 0.96
2025-11-21 11:39:21,869 - INFO - 💾 保存最新检查点: logs/moe6_rtdetr_r18_20251121_110441/latest_checkpoint.pth
2025-11-21 11:39:26,900 - INFO - Epoch 28 | Batch 0 | Loss: 6.63 (Det: 6.48, MoE: 2.9969)
2025-11-21 11:40:02,762 - INFO - Epoch 28 | Batch 50 | Loss: 6.53 (Det: 6.38, MoE: 2.9837)
2025-11-21 11:40:34,292 - INFO - Epoch 28:
2025-11-21 11:40:34,292 - INFO -   训练损失: 6.58 | 验证损失: 0.95
2025-11-21 11:40:34,292 - INFO -   (前30个epoch仅计算loss，跳过mAP评估)
2025-11-21 11:40:34,292 - INFO -   🎉 新的最佳验证损失: 0.95
2025-11-21 11:40:35,119 - INFO - 💾 保存最新检查点: logs/moe6_rtdetr_r18_20251121_110441/latest_checkpoint.pth
2025-11-21 11:40:41,878 - INFO - Epoch 29 | Batch 0 | Loss: 6.54 (Det: 6.39, MoE: 2.9842)
2025-11-21 11:41:17,101 - INFO - Epoch 29 | Batch 50 | Loss: 6.56 (Det: 6.42, MoE: 2.9893)
2025-11-21 11:41:48,506 - INFO - Epoch 29:
2025-11-21 11:41:48,507 - INFO -   训练损失: 6.51 | 验证损失: 0.95
2025-11-21 11:41:48,507 - INFO -   (前30个epoch仅计算loss，跳过mAP评估)
2025-11-21 11:41:48,507 - INFO -   🎉 新的最佳验证损失: 0.95
2025-11-21 11:41:49,375 - INFO - 💾 保存最新检查点: logs/moe6_rtdetr_r18_20251121_110441/latest_checkpoint.pth
2025-11-21 11:41:54,204 - INFO - Epoch 30 | Batch 0 | Loss: 6.63 (Det: 6.48, MoE: 2.9794)
2025-11-21 11:42:30,375 - INFO - Epoch 30 | Batch 50 | Loss: 6.57 (Det: 6.42, MoE: 2.9930)
2025-11-21 11:43:41,554 - INFO - Epoch 30:
2025-11-21 11:43:41,555 - INFO -   训练损失: 6.48 | 验证损失: 0.94
2025-11-21 11:43:41,555 - INFO -   预测/目标: 201600/93434
2025-11-21 11:43:41,555 - INFO -   检测损失: 6.33
2025-11-21 11:43:41,555 - INFO -   MoE负载均衡损失: 2.9870
2025-11-21 11:43:41,555 - INFO -   专家使用率: [16.73%, 16.78%, 17.39%, 16.60%, 15.91%, 16.59%]
2025-11-21 11:43:41,555 - INFO -   🎉 新的最佳验证损失: 0.94
2025-11-21 11:43:41,555 - INFO -   🎉 新的最佳mAP: 0.5257
2025-11-21 11:43:42,264 - INFO - 💾 保存最佳模型: logs/moe6_rtdetr_r18_20251121_110441/best_model.pth
2025-11-21 11:44:35,282 - INFO -   每个类别的 mAP@0.5:0.95:
2025-11-21 11:44:35,282 - INFO -     Car         : 0.7546
2025-11-21 11:44:35,282 - INFO -     Truck       : 0.4334
2025-11-21 11:44:35,282 - INFO -     Van         : 0.3882
2025-11-21 11:44:35,282 - INFO -     Bus         : 0.7227
2025-11-21 11:44:35,282 - INFO -     Pedestrian  : 0.3531
2025-11-21 11:44:35,282 - INFO -     Cyclist     : 0.4929
2025-11-21 11:44:35,282 - INFO -     Motorcyclist: 0.4432
2025-11-21 11:44:35,282 - INFO -     Trafficcone : 0.6172
2025-11-21 11:44:35,483 - INFO -   mAP_0.5_0.95 提升到 0.5257 (最佳epoch: 30)
2025-11-21 11:44:36,292 - INFO - 💾 保存最新检查点: logs/moe6_rtdetr_r18_20251121_110441/latest_checkpoint.pth
2025-11-21 11:44:41,002 - INFO - Epoch 31 | Batch 0 | Loss: 6.44 (Det: 6.29, MoE: 2.9897)
2025-11-21 11:45:17,384 - INFO - Epoch 31 | Batch 50 | Loss: 6.44 (Det: 6.29, MoE: 2.9843)
2025-11-21 11:46:27,760 - INFO - Epoch 31:
2025-11-21 11:46:27,761 - INFO -   训练损失: 6.45 | 验证损失: 0.94
2025-11-21 11:46:27,761 - INFO -   预测/目标: 201600/93434
2025-11-21 11:46:27,762 - INFO -   🎉 新的最佳验证损失: 0.94
2025-11-21 11:46:27,762 - INFO -   🎉 新的最佳mAP: 0.5286
2025-11-21 11:46:28,566 - INFO - 💾 保存最佳模型: logs/moe6_rtdetr_r18_20251121_110441/best_model.pth
2025-11-21 11:47:20,828 - INFO -   每个类别的 mAP@0.5:0.95:
2025-11-21 11:47:20,828 - INFO -     Car         : 0.7553
2025-11-21 11:47:20,828 - INFO -     Truck       : 0.4369
2025-11-21 11:47:20,828 - INFO -     Van         : 0.3968
2025-11-21 11:47:20,828 - INFO -     Bus         : 0.7230
2025-11-21 11:47:20,828 - INFO -     Pedestrian  : 0.3568
2025-11-21 11:47:20,828 - INFO -     Cyclist     : 0.4941
2025-11-21 11:47:20,829 - INFO -     Motorcyclist: 0.4477
2025-11-21 11:47:20,829 - INFO -     Trafficcone : 0.6183
2025-11-21 11:47:21,046 - INFO -   mAP_0.5_0.95 提升到 0.5286 (最佳epoch: 31)
2025-11-21 11:47:21,877 - INFO - 💾 保存最新检查点: logs/moe6_rtdetr_r18_20251121_110441/latest_checkpoint.pth
2025-11-21 11:47:26,849 - INFO - Epoch 32 | Batch 0 | Loss: 6.50 (Det: 6.35, MoE: 2.9798)
2025-11-21 11:48:03,285 - INFO - Epoch 32 | Batch 50 | Loss: 6.44 (Det: 6.29, MoE: 2.9912)
2025-11-21 11:49:14,053 - INFO - Epoch 32:
2025-11-21 11:49:14,054 - INFO -   训练损失: 6.41 | 验证损失: 0.93
2025-11-21 11:49:14,054 - INFO -   预测/目标: 201600/93434
2025-11-21 11:49:14,054 - INFO -   🎉 新的最佳验证损失: 0.93
2025-11-21 11:49:14,054 - INFO -   🎉 新的最佳mAP: 0.5323
2025-11-21 11:49:14,896 - INFO - 💾 保存最佳模型: logs/moe6_rtdetr_r18_20251121_110441/best_model.pth
2025-11-21 11:50:07,750 - INFO -   每个类别的 mAP@0.5:0.95:
2025-11-21 11:50:07,750 - INFO -     Car         : 0.7573
2025-11-21 11:50:07,750 - INFO -     Truck       : 0.4396
2025-11-21 11:50:07,750 - INFO -     Van         : 0.4052
2025-11-21 11:50:07,750 - INFO -     Bus         : 0.7262
2025-11-21 11:50:07,750 - INFO -     Pedestrian  : 0.3627
2025-11-21 11:50:07,750 - INFO -     Cyclist     : 0.4988
2025-11-21 11:50:07,750 - INFO -     Motorcyclist: 0.4509
2025-11-21 11:50:07,750 - INFO -     Trafficcone : 0.6178
2025-11-21 11:50:07,966 - INFO -   mAP_0.5_0.95 提升到 0.5323 (最佳epoch: 32)
2025-11-21 11:50:08,835 - INFO - 💾 保存最新检查点: logs/moe6_rtdetr_r18_20251121_110441/latest_checkpoint.pth
2025-11-21 11:50:13,062 - INFO - Epoch 33 | Batch 0 | Loss: 6.34 (Det: 6.19, MoE: 2.9825)
2025-11-21 11:50:49,813 - INFO - Epoch 33 | Batch 50 | Loss: 6.50 (Det: 6.35, MoE: 2.9766)
2025-11-21 11:52:00,101 - INFO - Epoch 33:
2025-11-21 11:52:00,102 - INFO -   训练损失: 6.39 | 验证损失: 0.93
2025-11-21 11:52:00,102 - INFO -   预测/目标: 201600/93434
2025-11-21 11:52:00,102 - INFO -   🎉 新的最佳验证损失: 0.93
2025-11-21 11:52:00,102 - INFO -   🎉 新的最佳mAP: 0.5355
2025-11-21 11:52:00,942 - INFO - 💾 保存最佳模型: logs/moe6_rtdetr_r18_20251121_110441/best_model.pth
2025-11-21 11:52:54,025 - INFO -   每个类别的 mAP@0.5:0.95:
2025-11-21 11:52:54,025 - INFO -     Car         : 0.7584
2025-11-21 11:52:54,025 - INFO -     Truck       : 0.4421
2025-11-21 11:52:54,025 - INFO -     Van         : 0.4180
2025-11-21 11:52:54,025 - INFO -     Bus         : 0.7310
2025-11-21 11:52:54,025 - INFO -     Pedestrian  : 0.3645
2025-11-21 11:52:54,025 - INFO -     Cyclist     : 0.4968
2025-11-21 11:52:54,025 - INFO -     Motorcyclist: 0.4537
2025-11-21 11:52:54,025 - INFO -     Trafficcone : 0.6197
2025-11-21 11:52:54,231 - INFO -   mAP_0.5_0.95 提升到 0.5355 (最佳epoch: 33)
2025-11-21 11:52:55,109 - INFO - 💾 保存最新检查点: logs/moe6_rtdetr_r18_20251121_110441/latest_checkpoint.pth
2025-11-21 11:52:59,888 - INFO - Epoch 34 | Batch 0 | Loss: 6.34 (Det: 6.19, MoE: 2.9737)
2025-11-21 11:53:36,459 - INFO - Epoch 34 | Batch 50 | Loss: 6.30 (Det: 6.15, MoE: 2.9955)
2025-11-21 11:54:48,045 - INFO - Epoch 34:
2025-11-21 11:54:48,046 - INFO -   训练损失: 6.35 | 验证损失: 0.93
2025-11-21 11:54:48,046 - INFO -   预测/目标: 201600/93434
2025-11-21 11:54:48,046 - INFO -   🎉 新的最佳mAP: 0.5368
2025-11-21 11:54:48,831 - INFO - 💾 保存最佳模型: logs/moe6_rtdetr_r18_20251121_110441/best_model.pth
2025-11-21 11:55:42,472 - INFO -   每个类别的 mAP@0.5:0.95:
2025-11-21 11:55:42,472 - INFO -     Car         : 0.7596
2025-11-21 11:55:42,472 - INFO -     Truck       : 0.4389
2025-11-21 11:55:42,472 - INFO -     Van         : 0.4133
2025-11-21 11:55:42,472 - INFO -     Bus         : 0.7310
2025-11-21 11:55:42,472 - INFO -     Pedestrian  : 0.3683
2025-11-21 11:55:42,472 - INFO -     Cyclist     : 0.5075
2025-11-21 11:55:42,473 - INFO -     Motorcyclist: 0.4556
2025-11-21 11:55:42,473 - INFO -     Trafficcone : 0.6201
2025-11-21 11:55:42,694 - INFO -   mAP_0.5_0.95 提升到 0.5368 (最佳epoch: 34)
2025-11-21 11:55:43,533 - INFO - 💾 保存最新检查点: logs/moe6_rtdetr_r18_20251121_110441/latest_checkpoint.pth
2025-11-21 11:55:48,458 - INFO - Epoch 35 | Batch 0 | Loss: 6.32 (Det: 6.18, MoE: 2.9863)
2025-11-21 11:56:23,424 - INFO - Epoch 35 | Batch 50 | Loss: 6.25 (Det: 6.10, MoE: 2.9864)
2025-11-21 11:57:35,221 - INFO - Epoch 35:
2025-11-21 11:57:35,222 - INFO -   训练损失: 6.32 | 验证损失: 0.93
2025-11-21 11:57:35,222 - INFO -   预测/目标: 201600/93434
2025-11-21 11:57:35,222 - INFO -   检测损失: 6.17
2025-11-21 11:57:35,222 - INFO -   MoE负载均衡损失: 2.9846
2025-11-21 11:57:35,222 - INFO -   专家使用率: [16.62%, 16.68%, 17.30%, 16.76%, 16.00%, 16.64%]
2025-11-21 11:57:35,222 - INFO -   🎉 新的最佳验证损失: 0.93
2025-11-21 11:57:35,222 - INFO -   🎉 新的最佳mAP: 0.5428
2025-11-21 11:57:36,018 - INFO - 💾 保存最佳模型: logs/moe6_rtdetr_r18_20251121_110441/best_model.pth
2025-11-21 11:58:29,807 - INFO -   每个类别的 mAP@0.5:0.95:
2025-11-21 11:58:29,807 - INFO -     Car         : 0.7627
2025-11-21 11:58:29,807 - INFO -     Truck       : 0.4504
2025-11-21 11:58:29,807 - INFO -     Van         : 0.4295
2025-11-21 11:58:29,807 - INFO -     Bus         : 0.7396
2025-11-21 11:58:29,807 - INFO -     Pedestrian  : 0.3723
2025-11-21 11:58:29,807 - INFO -     Cyclist     : 0.5054
2025-11-21 11:58:29,807 - INFO -     Motorcyclist: 0.4605
2025-11-21 11:58:29,807 - INFO -     Trafficcone : 0.6222
2025-11-21 11:58:30,020 - INFO -   mAP_0.5_0.95 提升到 0.5428 (最佳epoch: 35)
2025-11-21 11:58:30,893 - INFO - 💾 保存最新检查点: logs/moe6_rtdetr_r18_20251121_110441/latest_checkpoint.pth
2025-11-21 11:58:37,311 - INFO - Epoch 36 | Batch 0 | Loss: 6.32 (Det: 6.17, MoE: 2.9764)
2025-11-21 11:59:12,408 - INFO - Epoch 36 | Batch 50 | Loss: 6.33 (Det: 6.19, MoE: 2.9756)
2025-11-21 12:00:23,390 - INFO - Epoch 36:
2025-11-21 12:00:23,391 - INFO -   训练损失: 6.29 | 验证损失: 0.93
2025-11-21 12:00:23,391 - INFO -   预测/目标: 201600/93434
2025-11-21 12:00:23,391 - INFO -   🎉 新的最佳验证损失: 0.93
2025-11-21 12:00:23,391 - INFO -   🎉 新的最佳mAP: 0.5455
2025-11-21 12:00:24,226 - INFO - 💾 保存最佳模型: logs/moe6_rtdetr_r18_20251121_110441/best_model.pth
2025-11-21 12:01:18,149 - INFO -   每个类别的 mAP@0.5:0.95:
2025-11-21 12:01:18,149 - INFO -     Car         : 0.7642
2025-11-21 12:01:18,149 - INFO -     Truck       : 0.4441
2025-11-21 12:01:18,149 - INFO -     Van         : 0.4469
2025-11-21 12:01:18,149 - INFO -     Bus         : 0.7407
2025-11-21 12:01:18,149 - INFO -     Pedestrian  : 0.3761
2025-11-21 12:01:18,150 - INFO -     Cyclist     : 0.5049
2025-11-21 12:01:18,150 - INFO -     Motorcyclist: 0.4652
2025-11-21 12:01:18,150 - INFO -     Trafficcone : 0.6220
2025-11-21 12:01:18,350 - INFO -   mAP_0.5_0.95 提升到 0.5455 (最佳epoch: 36)
2025-11-21 12:01:19,185 - INFO - 💾 保存最新检查点: logs/moe6_rtdetr_r18_20251121_110441/latest_checkpoint.pth
2025-11-21 12:01:25,841 - INFO - Epoch 37 | Batch 0 | Loss: 6.38 (Det: 6.23, MoE: 2.9898)
2025-11-21 12:02:00,392 - INFO - Epoch 37 | Batch 50 | Loss: 6.04 (Det: 5.89, MoE: 2.9859)
2025-11-21 12:03:12,054 - INFO - Epoch 37:
2025-11-21 12:03:12,055 - INFO -   训练损失: 6.26 | 验证损失: 0.92
2025-11-21 12:03:12,056 - INFO -   预测/目标: 201600/93434
2025-11-21 12:03:12,056 - INFO -   🎉 新的最佳验证损失: 0.92
2025-11-21 12:03:12,056 - INFO -   🎉 新的最佳mAP: 0.5485
2025-11-21 12:03:12,897 - INFO - 💾 保存最佳模型: logs/moe6_rtdetr_r18_20251121_110441/best_model.pth
2025-11-21 12:04:06,528 - INFO -   每个类别的 mAP@0.5:0.95:
2025-11-21 12:04:06,529 - INFO -     Car         : 0.7649
2025-11-21 12:04:06,529 - INFO -     Truck       : 0.4472
2025-11-21 12:04:06,529 - INFO -     Van         : 0.4564
2025-11-21 12:04:06,529 - INFO -     Bus         : 0.7370
2025-11-21 12:04:06,529 - INFO -     Pedestrian  : 0.3790
2025-11-21 12:04:06,529 - INFO -     Cyclist     : 0.5135
2025-11-21 12:04:06,529 - INFO -     Motorcyclist: 0.4675
2025-11-21 12:04:06,529 - INFO -     Trafficcone : 0.6223
2025-11-21 12:04:06,726 - INFO -   mAP_0.5_0.95 提升到 0.5485 (最佳epoch: 37)
2025-11-21 12:04:07,421 - INFO - 💾 保存最新检查点: logs/moe6_rtdetr_r18_20251121_110441/latest_checkpoint.pth
2025-11-21 12:04:13,661 - INFO - Epoch 38 | Batch 0 | Loss: 6.06 (Det: 5.91, MoE: 2.9821)
2025-11-21 12:04:49,074 - INFO - Epoch 38 | Batch 50 | Loss: 6.26 (Det: 6.11, MoE: 2.9893)
2025-11-21 12:05:59,677 - INFO - Epoch 38:
2025-11-21 12:05:59,678 - INFO -   训练损失: 6.25 | 验证损失: 0.92
2025-11-21 12:05:59,678 - INFO -   预测/目标: 201600/93434
2025-11-21 12:05:59,678 - INFO -   🎉 新的最佳验证损失: 0.92
2025-11-21 12:05:59,678 - INFO -   🎉 新的最佳mAP: 0.5509
2025-11-21 12:06:00,519 - INFO - 💾 保存最佳模型: logs/moe6_rtdetr_r18_20251121_110441/best_model.pth
2025-11-21 12:06:54,389 - INFO -   每个类别的 mAP@0.5:0.95:
2025-11-21 12:06:54,390 - INFO -     Car         : 0.7659
2025-11-21 12:06:54,390 - INFO -     Truck       : 0.4456
2025-11-21 12:06:54,390 - INFO -     Van         : 0.4670
2025-11-21 12:06:54,390 - INFO -     Bus         : 0.7420
2025-11-21 12:06:54,390 - INFO -     Pedestrian  : 0.3834
2025-11-21 12:06:54,390 - INFO -     Cyclist     : 0.5152
2025-11-21 12:06:54,390 - INFO -     Motorcyclist: 0.4661
2025-11-21 12:06:54,390 - INFO -     Trafficcone : 0.6220
2025-11-21 12:06:54,594 - INFO -   mAP_0.5_0.95 提升到 0.5509 (最佳epoch: 38)
2025-11-21 12:06:55,423 - INFO - 💾 保存最新检查点: logs/moe6_rtdetr_r18_20251121_110441/latest_checkpoint.pth
2025-11-21 12:07:00,476 - INFO - Epoch 39 | Batch 0 | Loss: 6.31 (Det: 6.16, MoE: 2.9853)
2025-11-21 12:07:35,861 - INFO - Epoch 39 | Batch 50 | Loss: 6.17 (Det: 6.02, MoE: 2.9855)
2025-11-21 12:08:47,166 - INFO - Epoch 39:
2025-11-21 12:08:47,168 - INFO -   训练损失: 6.22 | 验证损失: 0.91
2025-11-21 12:08:47,168 - INFO -   预测/目标: 201600/93434
2025-11-21 12:08:47,168 - INFO -   🎉 新的最佳验证损失: 0.91
2025-11-21 12:08:47,168 - INFO -   🎉 新的最佳mAP: 0.5550
2025-11-21 12:08:48,040 - INFO - 💾 保存最佳模型: logs/moe6_rtdetr_r18_20251121_110441/best_model.pth
2025-11-21 12:09:42,638 - INFO -   每个类别的 mAP@0.5:0.95:
2025-11-21 12:09:42,638 - INFO -     Car         : 0.7672
2025-11-21 12:09:42,638 - INFO -     Truck       : 0.4478
2025-11-21 12:09:42,638 - INFO -     Van         : 0.4855
2025-11-21 12:09:42,638 - INFO -     Bus         : 0.7409
2025-11-21 12:09:42,638 - INFO -     Pedestrian  : 0.3882
2025-11-21 12:09:42,638 - INFO -     Cyclist     : 0.5209
2025-11-21 12:09:42,638 - INFO -     Motorcyclist: 0.4664
2025-11-21 12:09:42,638 - INFO -     Trafficcone : 0.6233
2025-11-21 12:09:42,852 - INFO -   mAP_0.5_0.95 提升到 0.5550 (最佳epoch: 39)
2025-11-21 12:09:43,799 - INFO - 💾 保存最新检查点: logs/moe6_rtdetr_r18_20251121_110441/latest_checkpoint.pth
2025-11-21 12:09:48,276 - INFO - Epoch 40 | Batch 0 | Loss: 6.18 (Det: 6.03, MoE: 2.9750)
2025-11-21 12:10:24,615 - INFO - Epoch 40 | Batch 50 | Loss: 6.27 (Det: 6.12, MoE: 2.9792)
2025-11-21 12:11:35,590 - INFO - Epoch 40:
2025-11-21 12:11:35,591 - INFO -   训练损失: 6.19 | 验证损失: 0.91
2025-11-21 12:11:35,591 - INFO -   预测/目标: 201600/93434
2025-11-21 12:11:35,591 - INFO -   检测损失: 6.04
2025-11-21 12:11:35,591 - INFO -   MoE负载均衡损失: 2.9835
2025-11-21 12:11:35,591 - INFO -   专家使用率: [16.63%, 16.84%, 17.07%, 16.83%, 16.06%, 16.57%]
2025-11-21 12:11:35,591 - INFO -   🎉 新的最佳mAP: 0.5597
2025-11-21 12:11:36,467 - INFO - 💾 保存最佳模型: logs/moe6_rtdetr_r18_20251121_110441/best_model.pth
2025-11-21 12:12:30,120 - INFO -   每个类别的 mAP@0.5:0.95:
2025-11-21 12:12:30,120 - INFO -     Car         : 0.7660
2025-11-21 12:12:30,120 - INFO -     Truck       : 0.4603
2025-11-21 12:12:30,120 - INFO -     Van         : 0.4943
2025-11-21 12:12:30,120 - INFO -     Bus         : 0.7432
2025-11-21 12:12:30,120 - INFO -     Pedestrian  : 0.3938
2025-11-21 12:12:30,120 - INFO -     Cyclist     : 0.5239
2025-11-21 12:12:30,121 - INFO -     Motorcyclist: 0.4717
2025-11-21 12:12:30,121 - INFO -     Trafficcone : 0.6245
2025-11-21 12:12:30,334 - INFO -   mAP_0.5_0.95 提升到 0.5597 (最佳epoch: 40)
2025-11-21 12:12:31,192 - INFO - 💾 保存最新检查点: logs/moe6_rtdetr_r18_20251121_110441/latest_checkpoint.pth
2025-11-21 12:12:36,651 - INFO - Epoch 41 | Batch 0 | Loss: 6.24 (Det: 6.10, MoE: 2.9734)
2025-11-21 12:13:12,912 - INFO - Epoch 41 | Batch 50 | Loss: 6.09 (Det: 5.94, MoE: 2.9763)
2025-11-21 12:14:24,012 - INFO - Epoch 41:
2025-11-21 12:14:24,013 - INFO -   训练损失: 6.16 | 验证损失: 0.91
2025-11-21 12:14:24,013 - INFO -   预测/目标: 201600/93434
2025-11-21 12:14:24,013 - INFO -   🎉 新的最佳验证损失: 0.91
2025-11-21 12:14:24,013 - INFO -   🎉 新的最佳mAP: 0.5613
2025-11-21 12:14:24,804 - INFO - 💾 保存最佳模型: logs/moe6_rtdetr_r18_20251121_110441/best_model.pth
2025-11-21 12:15:19,056 - INFO -   每个类别的 mAP@0.5:0.95:
2025-11-21 12:15:19,056 - INFO -     Car         : 0.7680
2025-11-21 12:15:19,056 - INFO -     Truck       : 0.4632
2025-11-21 12:15:19,056 - INFO -     Van         : 0.5038
2025-11-21 12:15:19,056 - INFO -     Bus         : 0.7398
2025-11-21 12:15:19,056 - INFO -     Pedestrian  : 0.3927
2025-11-21 12:15:19,056 - INFO -     Cyclist     : 0.5231
2025-11-21 12:15:19,056 - INFO -     Motorcyclist: 0.4738
2025-11-21 12:15:19,056 - INFO -     Trafficcone : 0.6257
2025-11-21 12:15:19,271 - INFO -   mAP_0.5_0.95 提升到 0.5613 (最佳epoch: 41)
2025-11-21 12:15:20,071 - INFO - 💾 保存最新检查点: logs/moe6_rtdetr_r18_20251121_110441/latest_checkpoint.pth
2025-11-21 12:15:24,574 - INFO - Epoch 42 | Batch 0 | Loss: 6.05 (Det: 5.90, MoE: 2.9812)
2025-11-21 12:16:02,248 - INFO - Epoch 42 | Batch 50 | Loss: 6.19 (Det: 6.05, MoE: 2.9849)
2025-11-21 12:17:14,273 - INFO - Epoch 42:
2025-11-21 12:17:14,274 - INFO -   训练损失: 6.13 | 验证损失: 0.90
2025-11-21 12:17:14,274 - INFO -   预测/目标: 201600/93434
2025-11-21 12:17:14,274 - INFO -   🎉 新的最佳验证损失: 0.90
2025-11-21 12:17:14,274 - INFO -   🎉 新的最佳mAP: 0.5654
2025-11-21 12:17:15,100 - INFO - 💾 保存最佳模型: logs/moe6_rtdetr_r18_20251121_110441/best_model.pth
2025-11-21 12:18:09,769 - INFO -   每个类别的 mAP@0.5:0.95:
2025-11-21 12:18:09,770 - INFO -     Car         : 0.7699
2025-11-21 12:18:09,770 - INFO -     Truck       : 0.4667
2025-11-21 12:18:09,770 - INFO -     Van         : 0.5194
2025-11-21 12:18:09,770 - INFO -     Bus         : 0.7441
2025-11-21 12:18:09,770 - INFO -     Pedestrian  : 0.3945
2025-11-21 12:18:09,770 - INFO -     Cyclist     : 0.5268
2025-11-21 12:18:09,770 - INFO -     Motorcyclist: 0.4755
2025-11-21 12:18:09,770 - INFO -     Trafficcone : 0.6259
2025-11-21 12:18:09,967 - INFO -   mAP_0.5_0.95 提升到 0.5654 (最佳epoch: 42)
2025-11-21 12:18:10,777 - INFO - 💾 保存最新检查点: logs/moe6_rtdetr_r18_20251121_110441/latest_checkpoint.pth
2025-11-21 12:18:16,881 - INFO - Epoch 43 | Batch 0 | Loss: 6.00 (Det: 5.85, MoE: 2.9728)
2025-11-21 12:18:51,935 - INFO - Epoch 43 | Batch 50 | Loss: 6.38 (Det: 6.23, MoE: 2.9742)
2025-11-21 12:20:03,017 - INFO - Epoch 43:
2025-11-21 12:20:03,018 - INFO -   训练损失: 6.11 | 验证损失: 0.90
2025-11-21 12:20:03,019 - INFO -   预测/目标: 201600/93434
2025-11-21 12:20:03,019 - INFO -   🎉 新的最佳mAP: 0.5676
2025-11-21 12:20:03,853 - INFO - 💾 保存最佳模型: logs/moe6_rtdetr_r18_20251121_110441/best_model.pth
2025-11-21 12:20:58,678 - INFO -   每个类别的 mAP@0.5:0.95:
2025-11-21 12:20:58,679 - INFO -     Car         : 0.7687
2025-11-21 12:20:58,679 - INFO -     Truck       : 0.4671
2025-11-21 12:20:58,679 - INFO -     Van         : 0.5272
2025-11-21 12:20:58,679 - INFO -     Bus         : 0.7446
2025-11-21 12:20:58,679 - INFO -     Pedestrian  : 0.3998
2025-11-21 12:20:58,679 - INFO -     Cyclist     : 0.5288
2025-11-21 12:20:58,679 - INFO -     Motorcyclist: 0.4776
2025-11-21 12:20:58,679 - INFO -     Trafficcone : 0.6271
2025-11-21 12:20:58,885 - INFO -   mAP_0.5_0.95 提升到 0.5676 (最佳epoch: 43)
2025-11-21 12:20:59,722 - INFO - 💾 保存最新检查点: logs/moe6_rtdetr_r18_20251121_110441/latest_checkpoint.pth
2025-11-21 12:21:04,205 - INFO - Epoch 44 | Batch 0 | Loss: 6.00 (Det: 5.85, MoE: 2.9865)
2025-11-21 12:21:40,554 - INFO - Epoch 44 | Batch 50 | Loss: 6.23 (Det: 6.08, MoE: 2.9940)
2025-11-21 12:22:51,069 - INFO - Epoch 44:
2025-11-21 12:22:51,070 - INFO -   训练损失: 6.07 | 验证损失: 0.90
2025-11-21 12:22:51,070 - INFO -   预测/目标: 201600/93434
2025-11-21 12:22:51,070 - INFO -   🎉 新的最佳验证损失: 0.90
2025-11-21 12:22:51,070 - INFO -   🎉 新的最佳mAP: 0.5683
2025-11-21 12:22:51,909 - INFO - 💾 保存最佳模型: logs/moe6_rtdetr_r18_20251121_110441/best_model.pth
2025-11-21 12:23:46,485 - INFO -   每个类别的 mAP@0.5:0.95:
2025-11-21 12:23:46,485 - INFO -     Car         : 0.7703
2025-11-21 12:23:46,485 - INFO -     Truck       : 0.4664
2025-11-21 12:23:46,485 - INFO -     Van         : 0.5320
2025-11-21 12:23:46,485 - INFO -     Bus         : 0.7426
2025-11-21 12:23:46,485 - INFO -     Pedestrian  : 0.4011
2025-11-21 12:23:46,485 - INFO -     Cyclist     : 0.5299
2025-11-21 12:23:46,485 - INFO -     Motorcyclist: 0.4778
2025-11-21 12:23:46,485 - INFO -     Trafficcone : 0.6266
2025-11-21 12:23:46,704 - INFO -   mAP_0.5_0.95 提升到 0.5683 (最佳epoch: 44)
2025-11-21 12:23:47,434 - INFO - 💾 保存最新检查点: logs/moe6_rtdetr_r18_20251121_110441/latest_checkpoint.pth
2025-11-21 12:23:55,332 - INFO - Epoch 45 | Batch 0 | Loss: 6.12 (Det: 5.97, MoE: 2.9847)
2025-11-21 12:24:29,659 - INFO - Epoch 45 | Batch 50 | Loss: 6.24 (Det: 6.09, MoE: 2.9819)
2025-11-21 12:25:39,651 - INFO - Epoch 45:
2025-11-21 12:25:39,652 - INFO -   训练损失: 6.06 | 验证损失: 0.90
2025-11-21 12:25:39,653 - INFO -   预测/目标: 201600/93434
2025-11-21 12:25:39,653 - INFO -   检测损失: 5.91
2025-11-21 12:25:39,653 - INFO -   MoE负载均衡损失: 2.9830
2025-11-21 12:25:39,653 - INFO -   专家使用率: [16.56%, 16.80%, 16.95%, 16.64%, 16.24%, 16.81%]
2025-11-21 12:25:39,653 - INFO -   🎉 新的最佳验证损失: 0.90
2025-11-21 12:25:39,653 - INFO -   🎉 新的最佳mAP: 0.5713
2025-11-21 12:25:40,446 - INFO - 💾 保存最佳模型: logs/moe6_rtdetr_r18_20251121_110441/best_model.pth
2025-11-21 12:26:34,814 - INFO -   每个类别的 mAP@0.5:0.95:
2025-11-21 12:26:34,815 - INFO -     Car         : 0.7704
2025-11-21 12:26:34,815 - INFO -     Truck       : 0.4697
2025-11-21 12:26:34,815 - INFO -     Van         : 0.5394
2025-11-21 12:26:34,815 - INFO -     Bus         : 0.7454
2025-11-21 12:26:34,815 - INFO -     Pedestrian  : 0.4035
2025-11-21 12:26:34,815 - INFO -     Cyclist     : 0.5343
2025-11-21 12:26:34,815 - INFO -     Motorcyclist: 0.4801
2025-11-21 12:26:34,815 - INFO -     Trafficcone : 0.6275
2025-11-21 12:26:34,963 - INFO -   mAP_0.5_0.95 提升到 0.5713 (最佳epoch: 45)
2025-11-21 12:26:35,768 - INFO - 💾 保存最新检查点: logs/moe6_rtdetr_r18_20251121_110441/latest_checkpoint.pth
2025-11-21 12:26:42,425 - INFO - Epoch 46 | Batch 0 | Loss: 6.08 (Det: 5.93, MoE: 2.9824)
2025-11-21 12:27:16,614 - INFO - Epoch 46 | Batch 50 | Loss: 6.18 (Det: 6.03, MoE: 2.9831)
2025-11-21 12:28:27,972 - INFO - Epoch 46:
2025-11-21 12:28:27,973 - INFO -   训练损失: 6.04 | 验证损失: 0.90
2025-11-21 12:28:27,973 - INFO -   预测/目标: 201600/93434
2025-11-21 12:28:27,973 - INFO -   🎉 新的最佳验证损失: 0.90
2025-11-21 12:28:27,973 - INFO -   🎉 新的最佳mAP: 0.5736
2025-11-21 12:28:28,801 - INFO - 💾 保存最佳模型: logs/moe6_rtdetr_r18_20251121_110441/best_model.pth
2025-11-21 12:29:23,044 - INFO -   每个类别的 mAP@0.5:0.95:
2025-11-21 12:29:23,044 - INFO -     Car         : 0.7713
2025-11-21 12:29:23,045 - INFO -     Truck       : 0.4754
2025-11-21 12:29:23,045 - INFO -     Van         : 0.5444
2025-11-21 12:29:23,045 - INFO -     Bus         : 0.7470
2025-11-21 12:29:23,045 - INFO -     Pedestrian  : 0.4071
2025-11-21 12:29:23,045 - INFO -     Cyclist     : 0.5343
2025-11-21 12:29:23,045 - INFO -     Motorcyclist: 0.4825
2025-11-21 12:29:23,045 - INFO -     Trafficcone : 0.6272
2025-11-21 12:29:23,268 - INFO -   mAP_0.5_0.95 提升到 0.5736 (最佳epoch: 46)
2025-11-21 12:29:24,053 - INFO - 💾 保存最新检查点: logs/moe6_rtdetr_r18_20251121_110441/latest_checkpoint.pth
2025-11-21 12:29:31,147 - INFO - Epoch 47 | Batch 0 | Loss: 6.05 (Det: 5.90, MoE: 2.9799)
2025-11-21 12:30:05,546 - INFO - Epoch 47 | Batch 50 | Loss: 6.03 (Det: 5.88, MoE: 2.9716)
2025-11-21 12:31:16,473 - INFO - Epoch 47:
2025-11-21 12:31:16,475 - INFO -   训练损失: 6.00 | 验证损失: 0.90
2025-11-21 12:31:16,475 - INFO -   预测/目标: 201600/93434
2025-11-21 12:31:16,475 - INFO -   🎉 新的最佳mAP: 0.5744
2025-11-21 12:31:17,267 - INFO - 💾 保存最佳模型: logs/moe6_rtdetr_r18_20251121_110441/best_model.pth
2025-11-21 12:32:11,559 - INFO -   每个类别的 mAP@0.5:0.95:
2025-11-21 12:32:11,560 - INFO -     Car         : 0.7714
2025-11-21 12:32:11,560 - INFO -     Truck       : 0.4718
2025-11-21 12:32:11,560 - INFO -     Van         : 0.5482
2025-11-21 12:32:11,560 - INFO -     Bus         : 0.7496
2025-11-21 12:32:11,560 - INFO -     Pedestrian  : 0.4094
2025-11-21 12:32:11,560 - INFO -     Cyclist     : 0.5374
2025-11-21 12:32:11,560 - INFO -     Motorcyclist: 0.4800
2025-11-21 12:32:11,560 - INFO -     Trafficcone : 0.6273
2025-11-21 12:32:11,780 - INFO -   mAP_0.5_0.95 提升到 0.5744 (最佳epoch: 47)
2025-11-21 12:32:12,514 - INFO - 💾 保存最新检查点: logs/moe6_rtdetr_r18_20251121_110441/latest_checkpoint.pth
2025-11-21 12:32:18,577 - INFO - Epoch 48 | Batch 0 | Loss: 5.89 (Det: 5.74, MoE: 2.9890)
2025-11-21 12:32:52,855 - INFO - Epoch 48 | Batch 50 | Loss: 6.12 (Det: 5.97, MoE: 2.9662)
2025-11-21 12:34:04,457 - INFO - Epoch 48:
2025-11-21 12:34:04,458 - INFO -   训练损失: 5.99 | 验证损失: 0.90
2025-11-21 12:34:04,458 - INFO -   预测/目标: 201600/93434
2025-11-21 12:34:04,458 - INFO -   🎉 新的最佳mAP: 0.5774
2025-11-21 12:34:05,278 - INFO - 💾 保存最佳模型: logs/moe6_rtdetr_r18_20251121_110441/best_model.pth
2025-11-21 12:35:00,270 - INFO -   每个类别的 mAP@0.5:0.95:
2025-11-21 12:35:00,270 - INFO -     Car         : 0.7718
2025-11-21 12:35:00,270 - INFO -     Truck       : 0.4755
2025-11-21 12:35:00,270 - INFO -     Van         : 0.5551
2025-11-21 12:35:00,270 - INFO -     Bus         : 0.7518
2025-11-21 12:35:00,270 - INFO -     Pedestrian  : 0.4117
2025-11-21 12:35:00,270 - INFO -     Cyclist     : 0.5412
2025-11-21 12:35:00,270 - INFO -     Motorcyclist: 0.4841
2025-11-21 12:35:00,270 - INFO -     Trafficcone : 0.6281
2025-11-21 12:35:00,470 - INFO -   mAP_0.5_0.95 提升到 0.5774 (最佳epoch: 48)
2025-11-21 12:35:01,358 - INFO - 💾 保存最新检查点: logs/moe6_rtdetr_r18_20251121_110441/latest_checkpoint.pth
2025-11-21 12:35:06,169 - INFO - Epoch 49 | Batch 0 | Loss: 5.97 (Det: 5.82, MoE: 2.9871)
2025-11-21 12:35:41,696 - INFO - Epoch 49 | Batch 50 | Loss: 6.04 (Det: 5.89, MoE: 2.9729)
2025-11-21 12:36:53,251 - INFO - Epoch 49:
2025-11-21 12:36:53,252 - INFO -   训练损失: 6.00 | 验证损失: 0.89
2025-11-21 12:36:53,252 - INFO -   预测/目标: 201600/93434
2025-11-21 12:36:53,252 - INFO -   🎉 新的最佳验证损失: 0.89
2025-11-21 12:36:53,252 - INFO -   🎉 新的最佳mAP: 0.5781
2025-11-21 12:36:54,099 - INFO - 💾 保存最佳模型: logs/moe6_rtdetr_r18_20251121_110441/best_model.pth
2025-11-21 12:37:48,820 - INFO -   每个类别的 mAP@0.5:0.95:
2025-11-21 12:37:48,820 - INFO -     Car         : 0.7727
2025-11-21 12:37:48,820 - INFO -     Truck       : 0.4741
2025-11-21 12:37:48,820 - INFO -     Van         : 0.5592
2025-11-21 12:37:48,820 - INFO -     Bus         : 0.7508
2025-11-21 12:37:48,820 - INFO -     Pedestrian  : 0.4133
2025-11-21 12:37:48,820 - INFO -     Cyclist     : 0.5425
2025-11-21 12:37:48,820 - INFO -     Motorcyclist: 0.4840
2025-11-21 12:37:48,820 - INFO -     Trafficcone : 0.6280
2025-11-21 12:37:49,018 - INFO -   mAP_0.5_0.95 提升到 0.5781 (最佳epoch: 49)
2025-11-21 12:37:49,830 - INFO - 💾 保存最新检查点: logs/moe6_rtdetr_r18_20251121_110441/latest_checkpoint.pth
2025-11-21 12:37:56,205 - INFO - Epoch 50 | Batch 0 | Loss: 5.79 (Det: 5.64, MoE: 2.9731)
2025-11-21 12:38:31,585 - INFO - Epoch 50 | Batch 50 | Loss: 5.89 (Det: 5.74, MoE: 2.9711)
2025-11-21 12:39:43,785 - INFO - Epoch 50:
2025-11-21 12:39:43,786 - INFO -   训练损失: 5.93 | 验证损失: 0.89
2025-11-21 12:39:43,786 - INFO -   预测/目标: 201600/93434
2025-11-21 12:39:43,786 - INFO -   检测损失: 5.79
2025-11-21 12:39:43,786 - INFO -   MoE负载均衡损失: 2.9808
2025-11-21 12:39:43,786 - INFO -   专家使用率: [16.54%, 16.67%, 16.92%, 16.75%, 16.29%, 16.82%]
2025-11-21 12:39:43,786 - INFO -   🎉 新的最佳mAP: 0.5784
2025-11-21 12:39:44,612 - INFO - 💾 保存最佳模型: logs/moe6_rtdetr_r18_20251121_110441/best_model.pth
2025-11-21 12:40:39,358 - INFO -   每个类别的 mAP@0.5:0.95:
2025-11-21 12:40:39,358 - INFO -     Car         : 0.7721
2025-11-21 12:40:39,358 - INFO -     Truck       : 0.4789
2025-11-21 12:40:39,358 - INFO -     Van         : 0.5553
2025-11-21 12:40:39,358 - INFO -     Bus         : 0.7471
2025-11-21 12:40:39,359 - INFO -     Pedestrian  : 0.4141
2025-11-21 12:40:39,359 - INFO -     Cyclist     : 0.5479
2025-11-21 12:40:39,359 - INFO -     Motorcyclist: 0.4833
2025-11-21 12:40:39,359 - INFO -     Trafficcone : 0.6289
2025-11-21 12:40:39,569 - INFO -   mAP_0.5_0.95 提升到 0.5784 (最佳epoch: 50)
2025-11-21 12:40:40,734 - INFO - 💾 保存最新检查点: logs/moe6_rtdetr_r18_20251121_110441/latest_checkpoint.pth
2025-11-21 12:40:46,452 - INFO - Epoch 51 | Batch 0 | Loss: 6.04 (Det: 5.89, MoE: 2.9663)
2025-11-21 12:41:21,158 - INFO - Epoch 51 | Batch 50 | Loss: 5.95 (Det: 5.81, MoE: 2.9702)
2025-11-21 12:42:33,420 - INFO - Epoch 51:
2025-11-21 12:42:33,421 - INFO -   训练损失: 5.90 | 验证损失: 0.89
2025-11-21 12:42:33,421 - INFO -   预测/目标: 201600/93434
2025-11-21 12:42:33,421 - INFO -   🎉 新的最佳mAP: 0.5793
2025-11-21 12:42:37,632 - INFO - 💾 保存最佳模型: logs/moe6_rtdetr_r18_20251121_110441/best_model.pth
2025-11-21 12:43:32,730 - INFO -   每个类别的 mAP@0.5:0.95:
2025-11-21 12:43:32,731 - INFO -     Car         : 0.7722
2025-11-21 12:43:32,731 - INFO -     Truck       : 0.4782
2025-11-21 12:43:32,731 - INFO -     Van         : 0.5573
2025-11-21 12:43:32,731 - INFO -     Bus         : 0.7495
2025-11-21 12:43:32,731 - INFO -     Pedestrian  : 0.4146
2025-11-21 12:43:32,731 - INFO -     Cyclist     : 0.5486
2025-11-21 12:43:32,731 - INFO -     Motorcyclist: 0.4840
2025-11-21 12:43:32,731 - INFO -     Trafficcone : 0.6303
2025-11-21 12:43:32,942 - INFO -   mAP_0.5_0.95 提升到 0.5793 (最佳epoch: 51)
2025-11-21 12:43:37,236 - INFO - 💾 保存最新检查点: logs/moe6_rtdetr_r18_20251121_110441/latest_checkpoint.pth
2025-11-21 12:43:42,767 - INFO - Epoch 52 | Batch 0 | Loss: 5.84 (Det: 5.69, MoE: 2.9846)
2025-11-21 12:44:19,322 - INFO - Epoch 52 | Batch 50 | Loss: 5.88 (Det: 5.74, MoE: 2.9730)
2025-11-21 12:45:30,514 - INFO - Epoch 52:
2025-11-21 12:45:30,515 - INFO -   训练损失: 5.88 | 验证损失: 0.89
2025-11-21 12:45:30,515 - INFO -   预测/目标: 201600/93434
2025-11-21 12:45:30,515 - INFO -   🎉 新的最佳验证损失: 0.89
2025-11-21 12:45:30,515 - INFO -   🎉 新的最佳mAP: 0.5803
2025-11-21 12:45:34,956 - INFO - 💾 保存最佳模型: logs/moe6_rtdetr_r18_20251121_110441/best_model.pth
2025-11-21 12:46:29,809 - INFO -   每个类别的 mAP@0.5:0.95:
2025-11-21 12:46:29,810 - INFO -     Car         : 0.7716
2025-11-21 12:46:29,810 - INFO -     Truck       : 0.4804
2025-11-21 12:46:29,810 - INFO -     Van         : 0.5563
2025-11-21 12:46:29,810 - INFO -     Bus         : 0.7487
2025-11-21 12:46:29,810 - INFO -     Pedestrian  : 0.4176
2025-11-21 12:46:29,810 - INFO -     Cyclist     : 0.5536
2025-11-21 12:46:29,810 - INFO -     Motorcyclist: 0.4834
2025-11-21 12:46:29,810 - INFO -     Trafficcone : 0.6305
2025-11-21 12:46:30,023 - INFO -   mAP_0.5_0.95 提升到 0.5803 (最佳epoch: 52)
2025-11-21 12:46:34,106 - INFO - 💾 保存最新检查点: logs/moe6_rtdetr_r18_20251121_110441/latest_checkpoint.pth
2025-11-21 12:46:40,459 - INFO - Epoch 53 | Batch 0 | Loss: 6.09 (Det: 5.94, MoE: 2.9820)
2025-11-21 12:47:15,349 - INFO - Epoch 53 | Batch 50 | Loss: 5.87 (Det: 5.72, MoE: 2.9706)
2025-11-21 12:48:26,985 - INFO - Epoch 53:
2025-11-21 12:48:26,985 - INFO -   训练损失: 5.87 | 验证损失: 0.89
2025-11-21 12:48:26,986 - INFO -   预测/目标: 201600/93434
2025-11-21 12:48:26,986 - INFO -   🎉 新的最佳验证损失: 0.89
2025-11-21 12:48:26,986 - INFO -   🎉 新的最佳mAP: 0.5820
2025-11-21 12:48:31,094 - INFO - 💾 保存最佳模型: logs/moe6_rtdetr_r18_20251121_110441/best_model.pth
2025-11-21 12:49:26,062 - INFO -   每个类别的 mAP@0.5:0.95:
2025-11-21 12:49:26,063 - INFO -     Car         : 0.7723
2025-11-21 12:49:26,063 - INFO -     Truck       : 0.4867
2025-11-21 12:49:26,063 - INFO -     Van         : 0.5602
2025-11-21 12:49:26,063 - INFO -     Bus         : 0.7459
2025-11-21 12:49:26,063 - INFO -     Pedestrian  : 0.4214
2025-11-21 12:49:26,063 - INFO -     Cyclist     : 0.5533
2025-11-21 12:49:26,063 - INFO -     Motorcyclist: 0.4862
2025-11-21 12:49:26,063 - INFO -     Trafficcone : 0.6299
2025-11-21 12:49:26,261 - INFO -   mAP_0.5_0.95 提升到 0.5820 (最佳epoch: 53)
2025-11-21 12:49:30,481 - INFO - 💾 保存最新检查点: logs/moe6_rtdetr_r18_20251121_110441/latest_checkpoint.pth
2025-11-21 12:49:35,967 - INFO - Epoch 54 | Batch 0 | Loss: 6.04 (Det: 5.89, MoE: 2.9815)
2025-11-21 12:50:10,985 - INFO - Epoch 54 | Batch 50 | Loss: 5.84 (Det: 5.69, MoE: 2.9684)
2025-11-21 12:51:22,844 - INFO - Epoch 54:
2025-11-21 12:51:22,845 - INFO -   训练损失: 5.85 | 验证损失: 0.89
2025-11-21 12:51:22,845 - INFO -   预测/目标: 201600/93434
2025-11-21 12:51:22,846 - INFO -   🎉 新的最佳验证损失: 0.89
2025-11-21 12:51:22,846 - INFO -   🎉 新的最佳mAP: 0.5839
2025-11-21 12:51:23,654 - INFO - 💾 保存最佳模型: logs/moe6_rtdetr_r18_20251121_110441/best_model.pth
2025-11-21 12:52:18,395 - INFO -   每个类别的 mAP@0.5:0.95:
2025-11-21 12:52:18,395 - INFO -     Car         : 0.7731
2025-11-21 12:52:18,395 - INFO -     Truck       : 0.4907
2025-11-21 12:52:18,395 - INFO -     Van         : 0.5616
2025-11-21 12:52:18,395 - INFO -     Bus         : 0.7510
2025-11-21 12:52:18,396 - INFO -     Pedestrian  : 0.4230
2025-11-21 12:52:18,396 - INFO -     Cyclist     : 0.5539
2025-11-21 12:52:18,396 - INFO -     Motorcyclist: 0.4869
2025-11-21 12:52:18,396 - INFO -     Trafficcone : 0.6308
2025-11-21 12:52:18,594 - INFO -   mAP_0.5_0.95 提升到 0.5839 (最佳epoch: 54)
2025-11-21 12:52:19,387 - INFO - 💾 保存最新检查点: logs/moe6_rtdetr_r18_20251121_110441/latest_checkpoint.pth
2025-11-21 12:52:24,421 - INFO - Epoch 55 | Batch 0 | Loss: 5.81 (Det: 5.66, MoE: 2.9985)
2025-11-21 12:52:59,312 - INFO - Epoch 55 | Batch 50 | Loss: 5.98 (Det: 5.84, MoE: 2.9830)
2025-11-21 12:54:11,248 - INFO - Epoch 55:
2025-11-21 12:54:11,250 - INFO -   训练损失: 5.82 | 验证损失: 0.89
2025-11-21 12:54:11,250 - INFO -   预测/目标: 201600/93434
2025-11-21 12:54:11,250 - INFO -   检测损失: 5.68
2025-11-21 12:54:11,250 - INFO -   MoE负载均衡损失: 2.9805
2025-11-21 12:54:11,250 - INFO -   专家使用率: [16.56%, 16.83%, 16.77%, 16.75%, 16.30%, 16.79%]
2025-11-21 12:54:11,250 - INFO -   ⏳ mAP_0.5_0.95 无改善 (1/35), 最佳值: 0.5839 (epoch 54)
2025-11-21 12:54:12,047 - INFO - 💾 保存最新检查点: logs/moe6_rtdetr_r18_20251121_110441/latest_checkpoint.pth
2025-11-21 12:54:18,429 - INFO - Epoch 56 | Batch 0 | Loss: 5.89 (Det: 5.74, MoE: 2.9887)
2025-11-21 12:54:54,626 - INFO - Epoch 56 | Batch 50 | Loss: 5.76 (Det: 5.61, MoE: 2.9847)
2025-11-21 12:56:05,316 - INFO - Epoch 56:
2025-11-21 12:56:05,318 - INFO -   训练损失: 5.80 | 验证损失: 0.89
2025-11-21 12:56:05,318 - INFO -   预测/目标: 201600/93434
2025-11-21 12:56:05,318 - INFO -   ⏳ mAP_0.5_0.95 无改善 (2/35), 最佳值: 0.5839 (epoch 54)
2025-11-21 12:56:06,168 - INFO - 💾 保存最新检查点: logs/moe6_rtdetr_r18_20251121_110441/latest_checkpoint.pth
2025-11-21 12:56:12,965 - INFO - Epoch 57 | Batch 0 | Loss: 5.71 (Det: 5.56, MoE: 2.9890)
2025-11-21 12:56:47,077 - INFO - Epoch 57 | Batch 50 | Loss: 5.85 (Det: 5.70, MoE: 2.9862)
2025-11-21 12:57:59,724 - INFO - Epoch 57:
2025-11-21 12:57:59,725 - INFO -   训练损失: 5.80 | 验证损失: 0.89
2025-11-21 12:57:59,725 - INFO -   预测/目标: 201600/93434
2025-11-21 12:57:59,726 - INFO -   🎉 新的最佳mAP: 0.5845
2025-11-21 12:58:00,509 - INFO - 💾 保存最佳模型: logs/moe6_rtdetr_r18_20251121_110441/best_model.pth
2025-11-21 12:58:55,179 - INFO -   每个类别的 mAP@0.5:0.95:
2025-11-21 12:58:55,180 - INFO -     Car         : 0.7725
2025-11-21 12:58:55,180 - INFO -     Truck       : 0.4978
2025-11-21 12:58:55,180 - INFO -     Van         : 0.5567
2025-11-21 12:58:55,180 - INFO -     Bus         : 0.7481
2025-11-21 12:58:55,180 - INFO -     Pedestrian  : 0.4263
2025-11-21 12:58:55,180 - INFO -     Cyclist     : 0.5563
2025-11-21 12:58:55,180 - INFO -     Motorcyclist: 0.4876
2025-11-21 12:58:55,180 - INFO -     Trafficcone : 0.6306
2025-11-21 12:58:55,380 - INFO -   mAP_0.5_0.95 提升到 0.5845 (最佳epoch: 57)
2025-11-21 12:58:56,226 - INFO - 💾 保存最新检查点: logs/moe6_rtdetr_r18_20251121_110441/latest_checkpoint.pth
2025-11-21 12:59:03,927 - INFO - Epoch 58 | Batch 0 | Loss: 5.76 (Det: 5.61, MoE: 2.9764)
2025-11-21 12:59:39,018 - INFO - Epoch 58 | Batch 50 | Loss: 5.83 (Det: 5.68, MoE: 2.9951)
2025-11-21 13:00:49,706 - INFO - Epoch 58:
2025-11-21 13:00:49,707 - INFO -   训练损失: 5.78 | 验证损失: 0.89
2025-11-21 13:00:49,707 - INFO -   预测/目标: 201600/93434
2025-11-21 13:00:49,707 - INFO -   ⏳ mAP_0.5_0.95 无改善 (1/35), 最佳值: 0.5845 (epoch 57)
2025-11-21 13:00:50,591 - INFO - 💾 保存最新检查点: logs/moe6_rtdetr_r18_20251121_110441/latest_checkpoint.pth
2025-11-21 13:00:55,684 - INFO - Epoch 59 | Batch 0 | Loss: 5.88 (Det: 5.74, MoE: 2.9691)
2025-11-21 13:01:30,755 - INFO - Epoch 59 | Batch 50 | Loss: 5.78 (Det: 5.63, MoE: 2.9703)
2025-11-21 13:02:42,074 - INFO - Epoch 59:
2025-11-21 13:02:42,074 - INFO -   训练损失: 5.74 | 验证损失: 0.89
2025-11-21 13:02:42,075 - INFO -   预测/目标: 201600/93434
2025-11-21 13:02:42,075 - INFO -   ⏳ mAP_0.5_0.95 无改善 (2/35), 最佳值: 0.5845 (epoch 57)
2025-11-21 13:02:42,855 - INFO - 💾 保存最新检查点: logs/moe6_rtdetr_r18_20251121_110441/latest_checkpoint.pth
2025-11-21 13:02:47,662 - INFO - Epoch 60 | Batch 0 | Loss: 5.70 (Det: 5.55, MoE: 2.9777)
2025-11-21 13:03:23,246 - INFO - Epoch 60 | Batch 50 | Loss: 5.63 (Det: 5.48, MoE: 2.9952)
2025-11-21 13:04:34,417 - INFO - Epoch 60:
2025-11-21 13:04:34,419 - INFO -   训练损失: 5.74 | 验证损失: 0.89
2025-11-21 13:04:34,419 - INFO -   预测/目标: 201600/93434
2025-11-21 13:04:34,419 - INFO -   检测损失: 5.59
2025-11-21 13:04:34,419 - INFO -   MoE负载均衡损失: 2.9831
2025-11-21 13:04:34,419 - INFO -   专家使用率: [16.42%, 16.76%, 16.68%, 16.73%, 16.54%, 16.88%]
2025-11-21 13:04:34,419 - INFO -   🎉 新的最佳验证损失: 0.89
2025-11-21 13:04:34,419 - INFO -   ⏳ mAP_0.5_0.95 无改善 (3/35), 最佳值: 0.5845 (epoch 57)
2025-11-21 13:04:35,264 - INFO - 💾 保存最新检查点: logs/moe6_rtdetr_r18_20251121_110441/latest_checkpoint.pth
2025-11-21 13:04:42,305 - INFO - Epoch 61 | Batch 0 | Loss: 5.92 (Det: 5.77, MoE: 2.9846)
2025-11-21 13:05:16,927 - INFO - Epoch 61 | Batch 50 | Loss: 5.87 (Det: 5.72, MoE: 2.9951)
2025-11-21 13:06:28,670 - INFO - Epoch 61:
2025-11-21 13:06:28,671 - INFO -   训练损失: 5.72 | 验证损失: 0.89
2025-11-21 13:06:28,671 - INFO -   预测/目标: 201600/93434
2025-11-21 13:06:28,671 - INFO -   🎉 新的最佳验证损失: 0.89
2025-11-21 13:06:28,671 - INFO -   🎉 新的最佳mAP: 0.5863
2025-11-21 13:06:29,814 - INFO - 💾 保存最佳模型: logs/moe6_rtdetr_r18_20251121_110441/best_model.pth
2025-11-21 13:07:24,864 - INFO -   每个类别的 mAP@0.5:0.95:
2025-11-21 13:07:24,864 - INFO -     Car         : 0.7718
2025-11-21 13:07:24,864 - INFO -     Truck       : 0.5054
2025-11-21 13:07:24,864 - INFO -     Van         : 0.5591
2025-11-21 13:07:24,864 - INFO -     Bus         : 0.7478
2025-11-21 13:07:24,864 - INFO -     Pedestrian  : 0.4293
2025-11-21 13:07:24,864 - INFO -     Cyclist     : 0.5599
2025-11-21 13:07:24,864 - INFO -     Motorcyclist: 0.4880
2025-11-21 13:07:24,864 - INFO -     Trafficcone : 0.6293
2025-11-21 13:07:25,085 - INFO -   mAP_0.5_0.95 提升到 0.5863 (最佳epoch: 61)
2025-11-21 13:07:25,873 - INFO - 💾 保存最新检查点: logs/moe6_rtdetr_r18_20251121_110441/latest_checkpoint.pth
2025-11-21 13:07:30,482 - INFO - Epoch 62 | Batch 0 | Loss: 5.75 (Det: 5.61, MoE: 2.9640)
2025-11-21 13:08:06,117 - INFO - Epoch 62 | Batch 50 | Loss: 5.64 (Det: 5.49, MoE: 2.9657)
2025-11-21 13:09:17,859 - INFO - Epoch 62:
2025-11-21 13:09:17,860 - INFO -   训练损失: 5.72 | 验证损失: 0.89
2025-11-21 13:09:17,860 - INFO -   预测/目标: 201600/93434
2025-11-21 13:09:17,860 - INFO -   🎉 新的最佳mAP: 0.5878
2025-11-21 13:09:18,649 - INFO - 💾 保存最佳模型: logs/moe6_rtdetr_r18_20251121_110441/best_model.pth
2025-11-21 13:10:13,489 - INFO -   每个类别的 mAP@0.5:0.95:
2025-11-21 13:10:13,489 - INFO -     Car         : 0.7723
2025-11-21 13:10:13,489 - INFO -     Truck       : 0.5051
2025-11-21 13:10:13,489 - INFO -     Van         : 0.5594
2025-11-21 13:10:13,489 - INFO -     Bus         : 0.7545
2025-11-21 13:10:13,489 - INFO -     Pedestrian  : 0.4299
2025-11-21 13:10:13,489 - INFO -     Cyclist     : 0.5596
2025-11-21 13:10:13,489 - INFO -     Motorcyclist: 0.4917
2025-11-21 13:10:13,489 - INFO -     Trafficcone : 0.6295
2025-11-21 13:10:13,690 - INFO -   mAP_0.5_0.95 提升到 0.5878 (最佳epoch: 62)
2025-11-21 13:10:14,435 - INFO - 💾 保存最新检查点: logs/moe6_rtdetr_r18_20251121_110441/latest_checkpoint.pth
2025-11-21 13:10:19,071 - INFO - Epoch 63 | Batch 0 | Loss: 5.74 (Det: 5.59, MoE: 2.9999)
2025-11-21 13:10:54,872 - INFO - Epoch 63 | Batch 50 | Loss: 5.77 (Det: 5.62, MoE: 2.9839)
2025-11-21 13:12:07,079 - INFO - Epoch 63:
2025-11-21 13:12:07,080 - INFO -   训练损失: 5.68 | 验证损失: 0.89
2025-11-21 13:12:07,081 - INFO -   预测/目标: 201600/93434
2025-11-21 13:12:07,081 - INFO -   ⏳ mAP_0.5_0.95 无改善 (1/35), 最佳值: 0.5878 (epoch 62)
2025-11-21 13:12:07,877 - INFO - 💾 保存最新检查点: logs/moe6_rtdetr_r18_20251121_110441/latest_checkpoint.pth
2025-11-21 13:12:15,240 - INFO - Epoch 64 | Batch 0 | Loss: 5.66 (Det: 5.51, MoE: 3.0007)
2025-11-21 13:12:49,746 - INFO - Epoch 64 | Batch 50 | Loss: 5.87 (Det: 5.72, MoE: 2.9769)
2025-11-21 13:14:00,249 - INFO - Epoch 64:
2025-11-21 13:14:00,251 - INFO -   训练损失: 5.66 | 验证损失: 0.89
2025-11-21 13:14:00,251 - INFO -   预测/目标: 201600/93434
2025-11-21 13:14:00,251 - INFO -   ⏳ mAP_0.5_0.95 无改善 (2/35), 最佳值: 0.5878 (epoch 62)
2025-11-21 13:14:01,025 - INFO - 💾 保存最新检查点: logs/moe6_rtdetr_r18_20251121_110441/latest_checkpoint.pth
2025-11-21 13:14:06,270 - INFO - Epoch 65 | Batch 0 | Loss: 5.68 (Det: 5.53, MoE: 2.9943)
2025-11-21 13:14:41,938 - INFO - Epoch 65 | Batch 50 | Loss: 5.59 (Det: 5.44, MoE: 2.9816)
2025-11-21 13:15:54,032 - INFO - Epoch 65:
2025-11-21 13:15:54,032 - INFO -   训练损失: 5.65 | 验证损失: 0.89
2025-11-21 13:15:54,033 - INFO -   预测/目标: 201600/93434
2025-11-21 13:15:54,033 - INFO -   检测损失: 5.50
2025-11-21 13:15:54,033 - INFO -   MoE负载均衡损失: 2.9812
2025-11-21 13:15:54,033 - INFO -   专家使用率: [16.44%, 16.76%, 16.62%, 16.94%, 16.45%, 16.79%]
2025-11-21 13:15:54,033 - INFO -   🎉 新的最佳mAP: 0.5883
2025-11-21 13:15:54,858 - INFO - 💾 保存最佳模型: logs/moe6_rtdetr_r18_20251121_110441/best_model.pth
2025-11-21 13:16:50,783 - INFO -   每个类别的 mAP@0.5:0.95:
2025-11-21 13:16:50,783 - INFO -     Car         : 0.7719
2025-11-21 13:16:50,783 - INFO -     Truck       : 0.5137
2025-11-21 13:16:50,783 - INFO -     Van         : 0.5534
2025-11-21 13:16:50,783 - INFO -     Bus         : 0.7517
2025-11-21 13:16:50,783 - INFO -     Pedestrian  : 0.4344
2025-11-21 13:16:50,783 - INFO -     Cyclist     : 0.5618
2025-11-21 13:16:50,783 - INFO -     Motorcyclist: 0.4899
2025-11-21 13:16:50,783 - INFO -     Trafficcone : 0.6297
2025-11-21 13:16:50,989 - INFO -   mAP_0.5_0.95 提升到 0.5883 (最佳epoch: 65)
2025-11-21 13:16:51,796 - INFO - 💾 保存最新检查点: logs/moe6_rtdetr_r18_20251121_110441/latest_checkpoint.pth
2025-11-21 13:16:58,355 - INFO - Epoch 66 | Batch 0 | Loss: 5.59 (Det: 5.44, MoE: 2.9917)
2025-11-21 13:17:33,684 - INFO - Epoch 66 | Batch 50 | Loss: 5.80 (Det: 5.65, MoE: 2.9610)
2025-11-21 13:18:45,723 - INFO - Epoch 66:
2025-11-21 13:18:45,725 - INFO -   训练损失: 5.63 | 验证损失: 0.89
2025-11-21 13:18:45,725 - INFO -   预测/目标: 201600/93434
2025-11-21 13:18:45,725 - INFO -   ⏳ mAP_0.5_0.95 无改善 (1/35), 最佳值: 0.5883 (epoch 65)
2025-11-21 13:18:46,579 - INFO - 💾 保存最新检查点: logs/moe6_rtdetr_r18_20251121_110441/latest_checkpoint.pth
2025-11-21 13:18:53,347 - INFO - Epoch 67 | Batch 0 | Loss: 5.54 (Det: 5.39, MoE: 2.9807)
2025-11-21 13:19:28,603 - INFO - Epoch 67 | Batch 50 | Loss: 5.64 (Det: 5.49, MoE: 2.9750)
2025-11-21 13:20:40,682 - INFO - Epoch 67:
2025-11-21 13:20:40,683 - INFO -   训练损失: 5.61 | 验证损失: 0.89
2025-11-21 13:20:40,683 - INFO -   预测/目标: 201600/93434
2025-11-21 13:20:40,683 - INFO -   ⏳ mAP_0.5_0.95 无改善 (2/35), 最佳值: 0.5883 (epoch 65)
2025-11-21 13:20:41,870 - INFO - 💾 保存最新检查点: logs/moe6_rtdetr_r18_20251121_110441/latest_checkpoint.pth
2025-11-21 13:20:48,779 - INFO - Epoch 68 | Batch 0 | Loss: 5.75 (Det: 5.60, MoE: 2.9772)
2025-11-21 13:21:23,495 - INFO - Epoch 68 | Batch 50 | Loss: 5.71 (Det: 5.56, MoE: 2.9761)
2025-11-21 13:22:36,417 - INFO - Epoch 68:
2025-11-21 13:22:36,418 - INFO -   训练损失: 5.59 | 验证损失: 0.89
2025-11-21 13:22:36,418 - INFO -   预测/目标: 201600/93434
2025-11-21 13:22:36,418 - INFO -   ⏳ mAP_0.5_0.95 无改善 (3/35), 最佳值: 0.5883 (epoch 65)
2025-11-21 13:22:37,602 - INFO - 💾 保存最新检查点: logs/moe6_rtdetr_r18_20251121_110441/latest_checkpoint.pth
2025-11-21 13:22:43,317 - INFO - Epoch 69 | Batch 0 | Loss: 5.41 (Det: 5.26, MoE: 2.9883)
2025-11-21 13:23:18,505 - INFO - Epoch 69 | Batch 50 | Loss: 5.60 (Det: 5.45, MoE: 2.9898)
2025-11-21 13:24:31,304 - INFO - Epoch 69:
2025-11-21 13:24:31,305 - INFO -   训练损失: 5.56 | 验证损失: 0.89
2025-11-21 13:24:31,305 - INFO -   预测/目标: 201600/93434
2025-11-21 13:24:31,305 - INFO -   ⏳ mAP_0.5_0.95 无改善 (4/35), 最佳值: 0.5883 (epoch 65)
2025-11-21 13:24:32,306 - INFO - 💾 保存最新检查点: logs/moe6_rtdetr_r18_20251121_110441/latest_checkpoint.pth
2025-11-21 13:24:37,285 - INFO - Epoch 70 | Batch 0 | Loss: 5.57 (Det: 5.42, MoE: 2.9684)
2025-11-21 13:25:13,565 - INFO - Epoch 70 | Batch 50 | Loss: 5.53 (Det: 5.38, MoE: 2.9770)
2025-11-21 13:26:25,159 - INFO - Epoch 70:
2025-11-21 13:26:25,159 - INFO -   训练损失: 5.53 | 验证损失: 0.89
2025-11-21 13:26:25,160 - INFO -   预测/目标: 201600/93434
2025-11-21 13:26:25,160 - INFO -   检测损失: 5.38
2025-11-21 13:26:25,160 - INFO -   MoE负载均衡损失: 2.9811
2025-11-21 13:26:25,160 - INFO -   专家使用率: [16.50%, 16.86%, 16.64%, 16.81%, 16.44%, 16.76%]
2025-11-21 13:26:25,160 - INFO -   ⏳ mAP_0.5_0.95 无改善 (5/35), 最佳值: 0.5883 (epoch 65)
2025-11-21 13:26:27,642 - INFO - 💾 保存最新检查点: logs/moe6_rtdetr_r18_20251121_110441/latest_checkpoint.pth
2025-11-21 13:26:32,061 - INFO - Epoch 71 | Batch 0 | Loss: 5.45 (Det: 5.31, MoE: 2.9782)
2025-11-21 13:27:08,792 - INFO - Epoch 71 | Batch 50 | Loss: 5.40 (Det: 5.25, MoE: 2.9939)
2025-11-21 13:28:20,769 - INFO - Epoch 71:
2025-11-21 13:28:20,770 - INFO -   训练损失: 5.52 | 验证损失: 0.89
2025-11-21 13:28:20,771 - INFO -   预测/目标: 201600/93434
2025-11-21 13:28:20,771 - INFO -   ⏳ mAP_0.5_0.95 无改善 (6/35), 最佳值: 0.5883 (epoch 65)
2025-11-21 13:28:21,495 - INFO - 💾 保存最新检查点: logs/moe6_rtdetr_r18_20251121_110441/latest_checkpoint.pth
2025-11-21 13:28:25,896 - INFO - Epoch 72 | Batch 0 | Loss: 5.40 (Det: 5.25, MoE: 2.9813)
2025-11-21 13:29:02,961 - INFO - Epoch 72 | Batch 50 | Loss: 5.51 (Det: 5.36, MoE: 2.9882)
2025-11-21 13:30:15,338 - INFO - Epoch 72:
2025-11-21 13:30:15,340 - INFO -   训练损失: 5.49 | 验证损失: 0.89
2025-11-21 13:30:15,340 - INFO -   预测/目标: 201600/93434
2025-11-21 13:30:15,340 - INFO -   ⏳ mAP_0.5_0.95 无改善 (7/35), 最佳值: 0.5883 (epoch 65)
2025-11-21 13:30:16,057 - INFO - 💾 保存最新检查点: logs/moe6_rtdetr_r18_20251121_110441/latest_checkpoint.pth
2025-11-21 13:30:22,979 - INFO - Epoch 73 | Batch 0 | Loss: 5.44 (Det: 5.29, MoE: 2.9795)
2025-11-21 13:30:57,661 - INFO - Epoch 73 | Batch 50 | Loss: 5.35 (Det: 5.20, MoE: 2.9734)
2025-11-21 13:32:09,771 - INFO - Epoch 73:
2025-11-21 13:32:09,773 - INFO -   训练损失: 5.47 | 验证损失: 0.89
2025-11-21 13:32:09,773 - INFO -   预测/目标: 201600/93434
2025-11-21 13:32:09,773 - INFO -   ⏳ mAP_0.5_0.95 无改善 (8/35), 最佳值: 0.5883 (epoch 65)
2025-11-21 13:32:10,562 - INFO - 💾 保存最新检查点: logs/moe6_rtdetr_r18_20251121_110441/latest_checkpoint.pth
2025-11-21 13:32:15,561 - INFO - Epoch 74 | Batch 0 | Loss: 5.33 (Det: 5.18, MoE: 2.9813)
2025-11-21 13:32:52,334 - INFO - Epoch 74 | Batch 50 | Loss: 5.51 (Det: 5.36, MoE: 2.9718)
2025-11-21 13:34:03,908 - INFO - Epoch 74:
2025-11-21 13:34:03,909 - INFO -   训练损失: 5.46 | 验证损失: 0.90
2025-11-21 13:34:03,909 - INFO -   预测/目标: 201600/93434
2025-11-21 13:34:03,910 - INFO -   ⏳ mAP_0.5_0.95 无改善 (9/35), 最佳值: 0.5883 (epoch 65)
2025-11-21 13:34:05,976 - INFO - 💾 保存最新检查点: logs/moe6_rtdetr_r18_20251121_110441/latest_checkpoint.pth
2025-11-21 13:34:12,878 - INFO - Epoch 75 | Batch 0 | Loss: 5.46 (Det: 5.31, MoE: 2.9850)
2025-11-21 13:34:47,752 - INFO - Epoch 75 | Batch 50 | Loss: 5.38 (Det: 5.23, MoE: 2.9847)
2025-11-21 13:36:00,452 - INFO - Epoch 75:
2025-11-21 13:36:00,452 - INFO -   训练损失: 5.46 | 验证损失: 0.90
2025-11-21 13:36:00,453 - INFO -   预测/目标: 201600/93434
2025-11-21 13:36:00,453 - INFO -   检测损失: 5.31
2025-11-21 13:36:00,453 - INFO -   MoE负载均衡损失: 2.9822
2025-11-21 13:36:00,453 - INFO -   专家使用率: [16.41%, 16.74%, 16.72%, 16.88%, 16.51%, 16.74%]
2025-11-21 13:36:00,453 - INFO -   ⏳ mAP_0.5_0.95 无改善 (10/35), 最佳值: 0.5883 (epoch 65)
2025-11-21 13:36:01,318 - INFO - 💾 保存最新检查点: logs/moe6_rtdetr_r18_20251121_110441/latest_checkpoint.pth
2025-11-21 13:36:07,415 - INFO - Epoch 76 | Batch 0 | Loss: 5.50 (Det: 5.35, MoE: 2.9889)
2025-11-21 13:36:43,104 - INFO - Epoch 76 | Batch 50 | Loss: 5.44 (Det: 5.29, MoE: 2.9804)
2025-11-21 13:37:54,886 - INFO - Epoch 76:
2025-11-21 13:37:54,887 - INFO -   训练损失: 5.42 | 验证损失: 0.90
2025-11-21 13:37:54,887 - INFO -   预测/目标: 201600/93434
2025-11-21 13:37:54,887 - INFO -   ⏳ mAP_0.5_0.95 无改善 (11/35), 最佳值: 0.5883 (epoch 65)
2025-11-21 13:37:55,683 - INFO - 💾 保存最新检查点: logs/moe6_rtdetr_r18_20251121_110441/latest_checkpoint.pth
2025-11-21 13:38:00,349 - INFO - Epoch 77 | Batch 0 | Loss: 5.40 (Det: 5.26, MoE: 2.9831)
2025-11-21 13:38:37,838 - INFO - Epoch 77 | Batch 50 | Loss: 5.43 (Det: 5.28, MoE: 2.9821)
2025-11-21 13:39:50,389 - INFO - Epoch 77:
2025-11-21 13:39:50,391 - INFO -   训练损失: 5.43 | 验证损失: 0.90
2025-11-21 13:39:50,391 - INFO -   预测/目标: 201600/93434
2025-11-21 13:39:50,391 - INFO -   ⏳ mAP_0.5_0.95 无改善 (12/35), 最佳值: 0.5883 (epoch 65)
2025-11-21 13:39:51,193 - INFO - 💾 保存最新检查点: logs/moe6_rtdetr_r18_20251121_110441/latest_checkpoint.pth
2025-11-21 13:39:57,442 - INFO - Epoch 78 | Batch 0 | Loss: 5.39 (Det: 5.24, MoE: 2.9785)
2025-11-21 13:40:33,099 - INFO - Epoch 78 | Batch 50 | Loss: 5.48 (Det: 5.33, MoE: 2.9774)
2025-11-21 13:41:45,450 - INFO - Epoch 78:
2025-11-21 13:41:45,451 - INFO -   训练损失: 5.40 | 验证损失: 0.90
2025-11-21 13:41:45,451 - INFO -   预测/目标: 201600/93434
2025-11-21 13:41:45,452 - INFO -   ⏳ mAP_0.5_0.95 无改善 (13/35), 最佳值: 0.5883 (epoch 65)
2025-11-21 13:41:46,593 - INFO - 💾 保存最新检查点: logs/moe6_rtdetr_r18_20251121_110441/latest_checkpoint.pth
2025-11-21 13:41:53,255 - INFO - Epoch 79 | Batch 0 | Loss: 5.39 (Det: 5.24, MoE: 2.9822)
2025-11-21 13:42:28,441 - INFO - Epoch 79 | Batch 50 | Loss: 5.40 (Det: 5.25, MoE: 2.9840)
2025-11-21 13:43:41,139 - INFO - Epoch 79:
2025-11-21 13:43:41,140 - INFO -   训练损失: 5.38 | 验证损失: 0.90
2025-11-21 13:43:41,141 - INFO -   预测/目标: 201600/93434
2025-11-21 13:43:41,141 - INFO -   ⏳ mAP_0.5_0.95 无改善 (14/35), 最佳值: 0.5883 (epoch 65)
2025-11-21 13:43:42,383 - INFO - 💾 保存最新检查点: logs/moe6_rtdetr_r18_20251121_110441/latest_checkpoint.pth
2025-11-21 13:43:49,417 - INFO - Epoch 80 | Batch 0 | Loss: 5.40 (Det: 5.25, MoE: 2.9807)
2025-11-21 13:44:24,003 - INFO - Epoch 80 | Batch 50 | Loss: 5.41 (Det: 5.26, MoE: 2.9728)
2025-11-21 13:45:36,525 - INFO - Epoch 80:
2025-11-21 13:45:36,526 - INFO -   训练损失: 5.36 | 验证损失: 0.90
2025-11-21 13:45:36,526 - INFO -   预测/目标: 201600/93434
2025-11-21 13:45:36,526 - INFO -   检测损失: 5.21
2025-11-21 13:45:36,526 - INFO -   MoE负载均衡损失: 2.9856
2025-11-21 13:45:36,526 - INFO -   专家使用率: [16.38%, 16.76%, 16.66%, 16.76%, 16.61%, 16.83%]
2025-11-21 13:45:36,526 - INFO -   ⏳ mAP_0.5_0.95 无改善 (15/35), 最佳值: 0.5883 (epoch 65)
2025-11-21 13:45:37,358 - INFO - 💾 保存最新检查点: logs/moe6_rtdetr_r18_20251121_110441/latest_checkpoint.pth
2025-11-21 13:45:42,965 - INFO - Epoch 81 | Batch 0 | Loss: 5.39 (Det: 5.24, MoE: 2.9928)
2025-11-21 13:46:18,515 - INFO - Epoch 81 | Batch 50 | Loss: 5.37 (Det: 5.22, MoE: 2.9735)
2025-11-21 13:47:31,280 - INFO - Epoch 81:
2025-11-21 13:47:31,282 - INFO -   训练损失: 5.34 | 验证损失: 0.90
2025-11-21 13:47:31,282 - INFO -   预测/目标: 201600/93434
2025-11-21 13:47:31,282 - INFO -   ⏳ mAP_0.5_0.95 无改善 (16/35), 最佳值: 0.5883 (epoch 65)
2025-11-21 13:47:32,074 - INFO - 💾 保存最新检查点: logs/moe6_rtdetr_r18_20251121_110441/latest_checkpoint.pth
2025-11-21 13:47:36,801 - INFO - Epoch 82 | Batch 0 | Loss: 5.15 (Det: 5.00, MoE: 2.9787)
2025-11-21 13:48:12,181 - INFO - Epoch 82 | Batch 50 | Loss: 5.28 (Det: 5.13, MoE: 2.9706)
2025-11-21 13:49:24,641 - INFO - Epoch 82:
2025-11-21 13:49:24,642 - INFO -   训练损失: 5.34 | 验证损失: 0.90
2025-11-21 13:49:24,642 - INFO -   预测/目标: 201600/93434
2025-11-21 13:49:24,642 - INFO -   ⏳ mAP_0.5_0.95 无改善 (17/35), 最佳值: 0.5883 (epoch 65)
2025-11-21 13:49:25,503 - INFO - 💾 保存最新检查点: logs/moe6_rtdetr_r18_20251121_110441/latest_checkpoint.pth
2025-11-21 13:49:29,824 - INFO - Epoch 83 | Batch 0 | Loss: 5.32 (Det: 5.18, MoE: 2.9636)
2025-11-21 13:50:06,605 - INFO - Epoch 83 | Batch 50 | Loss: 5.38 (Det: 5.23, MoE: 2.9735)
2025-11-21 13:51:19,793 - INFO - Epoch 83:
2025-11-21 13:51:19,794 - INFO -   训练损失: 5.31 | 验证损失: 0.91
2025-11-21 13:51:19,794 - INFO -   预测/目标: 201600/93434
2025-11-21 13:51:19,794 - INFO -   ⏳ mAP_0.5_0.95 无改善 (18/35), 最佳值: 0.5883 (epoch 65)
2025-11-21 13:51:20,915 - INFO - 💾 保存最新检查点: logs/moe6_rtdetr_r18_20251121_110441/latest_checkpoint.pth
2025-11-21 13:51:26,677 - INFO - Epoch 84 | Batch 0 | Loss: 5.23 (Det: 5.08, MoE: 2.9994)
2025-11-21 13:52:02,107 - INFO - Epoch 84 | Batch 50 | Loss: 5.39 (Det: 5.24, MoE: 2.9842)
2025-11-21 13:53:14,602 - INFO - Epoch 84:
2025-11-21 13:53:14,604 - INFO -   训练损失: 5.29 | 验证损失: 0.91
2025-11-21 13:53:14,604 - INFO -   预测/目标: 201600/93434
2025-11-21 13:53:14,604 - INFO -   ⏳ mAP_0.5_0.95 无改善 (19/35), 最佳值: 0.5883 (epoch 65)
2025-11-21 13:53:15,682 - INFO - 💾 保存最新检查点: logs/moe6_rtdetr_r18_20251121_110441/latest_checkpoint.pth
2025-11-21 13:53:22,196 - INFO - Epoch 85 | Batch 0 | Loss: 5.22 (Det: 5.07, MoE: 2.9812)
2025-11-21 13:53:56,138 - INFO - Epoch 85 | Batch 50 | Loss: 5.28 (Det: 5.13, MoE: 2.9961)
2025-11-21 13:55:07,826 - INFO - Epoch 85:
2025-11-21 13:55:07,827 - INFO -   训练损失: 5.28 | 验证损失: 0.91
2025-11-21 13:55:07,827 - INFO -   预测/目标: 201600/93434
2025-11-21 13:55:07,827 - INFO -   检测损失: 5.13
2025-11-21 13:55:07,827 - INFO -   MoE负载均衡损失: 2.9874
2025-11-21 13:55:07,827 - INFO -   专家使用率: [16.42%, 16.85%, 16.57%, 16.73%, 16.67%, 16.77%]
2025-11-21 13:55:07,828 - INFO -   ⏳ mAP_0.5_0.95 无改善 (20/35), 最佳值: 0.5883 (epoch 65)
2025-11-21 13:55:08,652 - INFO - 💾 保存最新检查点: logs/moe6_rtdetr_r18_20251121_110441/latest_checkpoint.pth
2025-11-21 13:55:13,904 - INFO - Epoch 86 | Batch 0 | Loss: 5.37 (Det: 5.22, MoE: 2.9912)
2025-11-21 13:55:50,309 - INFO - Epoch 86 | Batch 50 | Loss: 5.26 (Det: 5.11, MoE: 2.9774)
2025-11-21 13:57:02,508 - INFO - Epoch 86:
2025-11-21 13:57:02,509 - INFO -   训练损失: 5.27 | 验证损失: 0.91
2025-11-21 13:57:02,509 - INFO -   预测/目标: 201600/93434
2025-11-21 13:57:02,510 - INFO -   ⏳ mAP_0.5_0.95 无改善 (21/35), 最佳值: 0.5883 (epoch 65)
2025-11-21 13:57:03,291 - INFO - 💾 保存最新检查点: logs/moe6_rtdetr_r18_20251121_110441/latest_checkpoint.pth
2025-11-21 13:57:09,547 - INFO - Epoch 87 | Batch 0 | Loss: 5.23 (Det: 5.09, MoE: 2.9898)
2025-11-21 13:57:44,337 - INFO - Epoch 87 | Batch 50 | Loss: 5.33 (Det: 5.18, MoE: 2.9846)
2025-11-21 13:58:55,430 - INFO - Epoch 87:
2025-11-21 13:58:55,432 - INFO -   训练损失: 5.24 | 验证损失: 0.91
2025-11-21 13:58:55,432 - INFO -   预测/目标: 201600/93434
2025-11-21 13:58:55,432 - INFO -   ⏳ mAP_0.5_0.95 无改善 (22/35), 最佳值: 0.5883 (epoch 65)
2025-11-21 13:58:56,224 - INFO - 💾 保存最新检查点: logs/moe6_rtdetr_r18_20251121_110441/latest_checkpoint.pth
2025-11-21 13:59:01,518 - INFO - Epoch 88 | Batch 0 | Loss: 5.19 (Det: 5.04, MoE: 2.9880)
2025-11-21 13:59:36,848 - INFO - Epoch 88 | Batch 50 | Loss: 5.21 (Det: 5.07, MoE: 2.9801)
2025-11-21 14:00:49,137 - INFO - Epoch 88:
2025-11-21 14:00:49,139 - INFO -   训练损失: 5.21 | 验证损失: 0.91
2025-11-21 14:00:49,139 - INFO -   预测/目标: 201600/93434
2025-11-21 14:00:49,139 - INFO -   ⏳ mAP_0.5_0.95 无改善 (23/35), 最佳值: 0.5883 (epoch 65)
2025-11-21 14:00:49,930 - INFO - 💾 保存最新检查点: logs/moe6_rtdetr_r18_20251121_110441/latest_checkpoint.pth
2025-11-21 14:00:54,586 - INFO - Epoch 89 | Batch 0 | Loss: 5.19 (Det: 5.04, MoE: 2.9899)
2025-11-21 14:01:31,934 - INFO - Epoch 89 | Batch 50 | Loss: 5.21 (Det: 5.06, MoE: 2.9815)
2025-11-21 14:02:44,185 - INFO - Epoch 89:
2025-11-21 14:02:44,186 - INFO -   训练损失: 5.20 | 验证损失: 0.92
2025-11-21 14:02:44,186 - INFO -   预测/目标: 201600/93434
2025-11-21 14:02:44,186 - INFO -   ⏳ mAP_0.5_0.95 无改善 (24/35), 最佳值: 0.5883 (epoch 65)
2025-11-21 14:02:44,976 - INFO - 💾 保存最新检查点: logs/moe6_rtdetr_r18_20251121_110441/latest_checkpoint.pth
2025-11-21 14:02:49,092 - INFO - Epoch 90 | Batch 0 | Loss: 5.10 (Det: 4.95, MoE: 2.9861)
2025-11-21 14:03:26,692 - INFO - Epoch 90 | Batch 50 | Loss: 5.26 (Det: 5.11, MoE: 2.9872)
2025-11-21 14:04:39,800 - INFO - Epoch 90:
2025-11-21 14:04:39,801 - INFO -   训练损失: 5.19 | 验证损失: 0.92
2025-11-21 14:04:39,801 - INFO -   预测/目标: 201600/93434
2025-11-21 14:04:39,802 - INFO -   检测损失: 5.04
2025-11-21 14:04:39,802 - INFO -   MoE负载均衡损失: 2.9875
2025-11-21 14:04:39,802 - INFO -   专家使用率: [16.40%, 16.77%, 16.54%, 16.83%, 16.72%, 16.74%]
2025-11-21 14:04:39,802 - INFO -   ⏳ mAP_0.5_0.95 无改善 (25/35), 最佳值: 0.5883 (epoch 65)
2025-11-21 14:04:40,652 - INFO - 💾 保存最新检查点: logs/moe6_rtdetr_r18_20251121_110441/latest_checkpoint.pth
2025-11-21 14:04:45,818 - INFO - Epoch 91 | Batch 0 | Loss: 5.18 (Det: 5.03, MoE: 2.9863)
2025-11-21 14:05:20,998 - INFO - Epoch 91 | Batch 50 | Loss: 5.10 (Det: 4.95, MoE: 2.9839)
2025-11-21 14:06:32,907 - INFO - Epoch 91:
2025-11-21 14:06:32,908 - INFO -   训练损失: 5.17 | 验证损失: 0.92
2025-11-21 14:06:32,908 - INFO -   预测/目标: 201600/93434
2025-11-21 14:06:32,908 - INFO -   ⏳ mAP_0.5_0.95 无改善 (26/35), 最佳值: 0.5883 (epoch 65)
2025-11-21 14:06:33,692 - INFO - 💾 保存最新检查点: logs/moe6_rtdetr_r18_20251121_110441/latest_checkpoint.pth
2025-11-21 14:06:39,087 - INFO - Epoch 92 | Batch 0 | Loss: 5.12 (Det: 4.97, MoE: 2.9680)
2025-11-21 14:07:15,910 - INFO - Epoch 92 | Batch 50 | Loss: 5.23 (Det: 5.08, MoE: 2.9750)
2025-11-21 14:08:28,917 - INFO - Epoch 92:
2025-11-21 14:08:28,918 - INFO -   训练损失: 5.16 | 验证损失: 0.92
2025-11-21 14:08:28,918 - INFO -   预测/目标: 201600/93434
2025-11-21 14:08:28,919 - INFO -   ⏳ mAP_0.5_0.95 无改善 (27/35), 最佳值: 0.5883 (epoch 65)
2025-11-21 14:08:29,744 - INFO - 💾 保存最新检查点: logs/moe6_rtdetr_r18_20251121_110441/latest_checkpoint.pth
2025-11-21 14:08:34,363 - INFO - Epoch 93 | Batch 0 | Loss: 5.10 (Det: 4.95, MoE: 2.9931)
2025-11-21 14:09:12,005 - INFO - Epoch 93 | Batch 50 | Loss: 5.22 (Det: 5.07, MoE: 2.9910)
2025-11-21 14:10:24,091 - INFO - Epoch 93:
2025-11-21 14:10:24,092 - INFO -   训练损失: 5.15 | 验证损失: 0.92
2025-11-21 14:10:24,092 - INFO -   预测/目标: 201600/93434
2025-11-21 14:10:24,092 - INFO -   ⏳ mAP_0.5_0.95 无改善 (28/35), 最佳值: 0.5883 (epoch 65)
2025-11-21 14:10:24,874 - INFO - 💾 保存最新检查点: logs/moe6_rtdetr_r18_20251121_110441/latest_checkpoint.pth
2025-11-21 14:10:29,286 - INFO - Epoch 94 | Batch 0 | Loss: 5.04 (Det: 4.89, MoE: 2.9810)
2025-11-21 14:11:07,065 - INFO - Epoch 94 | Batch 50 | Loss: 5.01 (Det: 4.86, MoE: 2.9963)
2025-11-21 14:12:19,093 - INFO - Epoch 94:
2025-11-21 14:12:19,094 - INFO -   训练损失: 5.11 | 验证损失: 0.92
2025-11-21 14:12:19,094 - INFO -   预测/目标: 201600/93434
2025-11-21 14:12:19,094 - INFO -   ⏳ mAP_0.5_0.95 无改善 (29/35), 最佳值: 0.5883 (epoch 65)
2025-11-21 14:12:19,917 - INFO - 💾 保存最新检查点: logs/moe6_rtdetr_r18_20251121_110441/latest_checkpoint.pth
2025-11-21 14:12:25,551 - INFO - Epoch 95 | Batch 0 | Loss: 4.98 (Det: 4.84, MoE: 2.9847)
2025-11-21 14:13:00,611 - INFO - Epoch 95 | Batch 50 | Loss: 5.20 (Det: 5.05, MoE: 2.9906)
2025-11-21 14:14:13,336 - INFO - Epoch 95:
2025-11-21 14:14:13,337 - INFO -   训练损失: 5.10 | 验证损失: 0.92
2025-11-21 14:14:13,338 - INFO -   预测/目标: 201600/93434
2025-11-21 14:14:13,338 - INFO -   检测损失: 4.96
2025-11-21 14:14:13,338 - INFO -   MoE负载均衡损失: 2.9877
2025-11-21 14:14:13,338 - INFO -   专家使用率: [16.35%, 16.84%, 16.51%, 16.85%, 16.69%, 16.75%]
2025-11-21 14:14:13,338 - INFO -   ⏳ mAP_0.5_0.95 无改善 (30/35), 最佳值: 0.5883 (epoch 65)
2025-11-21 14:14:14,101 - INFO - 💾 保存最新检查点: logs/moe6_rtdetr_r18_20251121_110441/latest_checkpoint.pth
2025-11-21 14:14:19,519 - INFO - Epoch 96 | Batch 0 | Loss: 5.26 (Det: 5.11, MoE: 3.0002)
2025-11-21 14:14:55,018 - INFO - Epoch 96 | Batch 50 | Loss: 5.10 (Det: 4.95, MoE: 2.9984)
2025-11-21 14:16:07,871 - INFO - Epoch 96:
2025-11-21 14:16:07,872 - INFO -   训练损失: 5.09 | 验证损失: 0.93
2025-11-21 14:16:07,872 - INFO -   预测/目标: 201600/93434
2025-11-21 14:16:07,872 - INFO -   ⏳ mAP_0.5_0.95 无改善 (31/35), 最佳值: 0.5883 (epoch 65)
2025-11-21 14:16:08,666 - INFO - 💾 保存最新检查点: logs/moe6_rtdetr_r18_20251121_110441/latest_checkpoint.pth
2025-11-21 14:16:13,788 - INFO - Epoch 97 | Batch 0 | Loss: 5.14 (Det: 4.99, MoE: 2.9914)
2025-11-21 14:16:49,467 - INFO - Epoch 97 | Batch 50 | Loss: 5.16 (Det: 5.01, MoE: 2.9852)
2025-11-21 14:18:01,534 - INFO - Epoch 97:
2025-11-21 14:18:01,535 - INFO -   训练损失: 5.07 | 验证损失: 0.93
2025-11-21 14:18:01,535 - INFO -   预测/目标: 201600/93434
2025-11-21 14:18:01,535 - INFO -   ⏳ mAP_0.5_0.95 无改善 (32/35), 最佳值: 0.5883 (epoch 65)
2025-11-21 14:18:02,180 - INFO - 💾 保存最新检查点: logs/moe6_rtdetr_r18_20251121_110441/latest_checkpoint.pth
2025-11-21 14:18:08,732 - INFO - Epoch 98 | Batch 0 | Loss: 5.09 (Det: 4.94, MoE: 3.0001)
2025-11-21 14:18:43,572 - INFO - Epoch 98 | Batch 50 | Loss: 5.10 (Det: 4.95, MoE: 2.9791)
2025-11-21 14:19:57,384 - INFO - Epoch 98:
2025-11-21 14:19:57,386 - INFO -   训练损失: 5.09 | 验证损失: 0.93
2025-11-21 14:19:57,386 - INFO -   预测/目标: 201600/93434
2025-11-21 14:19:57,386 - INFO -   ⏳ mAP_0.5_0.95 无改善 (33/35), 最佳值: 0.5883 (epoch 65)
2025-11-21 14:19:58,122 - INFO - 💾 保存最新检查点: logs/moe6_rtdetr_r18_20251121_110441/latest_checkpoint.pth
2025-11-21 14:20:06,161 - INFO - Epoch 99 | Batch 0 | Loss: 5.27 (Det: 5.12, MoE: 3.0037)
2025-11-21 14:20:40,793 - INFO - Epoch 99 | Batch 50 | Loss: 5.09 (Det: 4.94, MoE: 2.9776)
2025-11-21 14:21:53,752 - INFO - Epoch 99:
2025-11-21 14:21:53,754 - INFO -   训练损失: 5.07 | 验证损失: 0.93
2025-11-21 14:21:53,754 - INFO -   预测/目标: 201600/93434
2025-11-21 14:21:53,754 - INFO -   ⏳ mAP_0.5_0.95 无改善 (34/35), 最佳值: 0.5883 (epoch 65)
2025-11-21 14:21:54,600 - INFO - 💾 保存最新检查点: logs/moe6_rtdetr_r18_20251121_110441/latest_checkpoint.pth
2025-11-21 14:22:00,200 - INFO - Epoch 100 | Batch 0 | Loss: 4.91 (Det: 4.76, MoE: 2.9870)
2025-11-21 14:22:36,234 - INFO - Epoch 100 | Batch 50 | Loss: 5.05 (Det: 4.90, MoE: 2.9856)
2025-11-21 14:23:48,821 - INFO - Epoch 100:
2025-11-21 14:23:48,822 - INFO -   训练损失: 5.04 | 验证损失: 0.93
2025-11-21 14:23:48,822 - INFO -   预测/目标: 201600/93434
2025-11-21 14:23:48,822 - INFO -   检测损失: 4.89
2025-11-21 14:23:48,822 - INFO -   MoE负载均衡损失: 2.9896
2025-11-21 14:23:48,822 - INFO -   专家使用率: [16.36%, 16.91%, 16.43%, 16.86%, 16.77%, 16.66%]
2025-11-21 14:23:48,822 - INFO -   ⏳ mAP_0.5_0.95 无改善 (35/35), 最佳值: 0.5883 (epoch 65)
2025-11-21 14:23:48,822 - INFO - 
============================================================
⛔ Early Stopping触发！
   已连续 35 个epoch无改善
   最佳 mAP_0.5_0.95: 0.5883 (epoch 65)
============================================================

2025-11-21 14:23:48,822 - INFO - Early Stopping在epoch 100触发，停止训练
2025-11-21 14:23:48,822 - INFO - ✓ 训练完成！
2025-11-21 14:23:49,707 - INFO - ✓ 训练曲线已保存到: logs/moe6_rtdetr_r18_20251121_110441/training_curves.png
2025-11-21 14:23:49,707 - INFO - ✓ 训练历史已导出到: logs/moe6_rtdetr_r18_20251121_110441/training_history.csv
2025-11-21 14:23:49,707 - INFO - ============================================================
2025-11-21 14:23:49,707 - INFO - 使用best_model生成推理结果（5张图像）...
2025-11-21 14:23:54,943 - INFO -   生成best_model推理结果（前5张）...
2025-11-21 14:23:55,486 - INFO -   ✓ 推理结果已保存到: logs/moe6_rtdetr_r18_20251121_110441/inference_samples
