2025-11-21 07:14:40,588 - INFO - 从本地文件加载预训练权重: pretrained/rtdetrv2_r34vd_120e_coco_ema.pth
2025-11-21 07:14:40,690 - INFO - ✓ 检测到EMA checkpoint格式
2025-11-21 07:14:40,703 - INFO - ✓ 成功加载预训练权重: 591/654 个参数
2025-11-21 07:14:40,703 - INFO -   - 跳过类别相关参数: 11 个（COCO 80类 → DAIR-V2X 8类）
2025-11-21 07:14:40,703 - INFO -   - Backbone: 234 个参数
2025-11-21 07:14:40,703 - INFO -   - Encoder: 270 个参数
2025-11-21 07:14:40,704 - INFO -   - Decoder: 150 个参数
2025-11-21 07:14:40,704 - INFO -   - 预训练模型缺少参数: 63 个（当前模型新增）
2025-11-21 07:14:40,704 - INFO -     示例: ['decoder.decoder.layers.0.adaptive_expert_layer.router.gate.weight', 'decoder.decoder.layers.0.adaptive_expert_layer.experts.0.linear1.weight', 'decoder.decoder.layers.0.adaptive_expert_layer.experts.0.linear1.bias'] ...
2025-11-21 07:14:40,704 - INFO -   - 模型新增参数: 18 个（将随机初始化）
2025-11-21 07:14:40,916 - INFO - ✓ 已启用GPU优化: cudnn.benchmark=True, TF32=True
2025-11-21 07:14:40,916 - INFO - ✓ 创建MOE RT-DETR模型
2025-11-21 07:14:40,916 - INFO -   专家数量: 3
2025-11-21 07:14:40,916 - INFO -   Backbone: presnet34
2025-11-21 07:14:40,916 - INFO -   Encoder: in_channels=[128, 256, 512], expansion=0.5
2025-11-21 07:14:42,700 - INFO - ✓ 创建数据加载器
2025-11-21 07:14:42,701 - INFO -   训练集: 5042 | 验证集: 2016
2025-11-21 07:14:42,706 - INFO - ✓ 预训练参数组: 185 个参数, lr=1e-05
2025-11-21 07:14:42,710 - INFO - ✓ Norm层参数组: 122 个参数, lr=0.0001, wd=0
2025-11-21 07:14:42,713 - INFO - ✓ 新参数组: 52 个参数, lr=0.0001
2025-11-21 07:14:42,715 - INFO - ✓ 使用CosineAnnealingLR调度器 (eta_min=1e-06)
2025-11-21 07:14:42,715 - INFO - ✓ 学习率预热 3 epochs
2025-11-21 07:14:42,945 - INFO - ⏱️  Early Stopping: 启用 (patience=35, metric=mAP_0.5_0.95, mode=max)
2025-11-21 07:14:42,946 - INFO - 推理输出目录: logs/moe3_rtdetr_r34_20251121_071440/inference_samples
2025-11-21 07:14:42,946 - INFO - 开始训练 200 epochs
2025-11-21 07:14:42,946 - INFO - ✓ 梯度裁剪: max_norm=10.0
2025-11-21 07:15:00,949 - INFO - Epoch 0 | Batch 0 | Loss: 42.74 (Det: 42.64, MoE: 2.0347)
2025-11-21 07:15:44,676 - INFO - Epoch 0 | Batch 50 | Loss: 34.60 (Det: 34.50, MoE: 2.0148)
2025-11-21 07:16:25,231 - INFO - Epoch 0:
2025-11-21 07:16:25,232 - INFO -   训练损失: 36.26 | 验证损失: 3.53
2025-11-21 07:16:25,232 - INFO -   (前30个epoch仅计算loss，跳过mAP评估)
2025-11-21 07:16:25,232 - INFO -   检测损失: 36.16
2025-11-21 07:16:25,232 - INFO -   MoE负载均衡损失: 2.0256
2025-11-21 07:16:25,232 - INFO -   专家使用率: [35.97%, 31.06%, 32.97%]
2025-11-21 07:16:25,232 - INFO -   🎉 新的最佳验证损失: 3.53
2025-11-21 07:16:26,003 - INFO - 💾 保存最新检查点: logs/moe3_rtdetr_r34_20251121_071440/latest_checkpoint.pth
2025-11-21 07:16:33,113 - INFO - Epoch 1 | Batch 0 | Loss: 26.52 (Det: 26.42, MoE: 2.0646)
2025-11-21 07:17:16,184 - INFO - Epoch 1 | Batch 50 | Loss: 21.55 (Det: 21.45, MoE: 2.0649)
2025-11-21 07:17:50,939 - INFO - Epoch 1:
2025-11-21 07:17:50,939 - INFO -   训练损失: 22.98 | 验证损失: 2.40
2025-11-21 07:17:50,939 - INFO -   (前30个epoch仅计算loss，跳过mAP评估)
2025-11-21 07:17:50,939 - INFO -   检测损失: 22.88
2025-11-21 07:17:50,939 - INFO -   MoE负载均衡损失: 2.0644
2025-11-21 07:17:50,939 - INFO -   专家使用率: [32.11%, 29.16%, 38.72%]
2025-11-21 07:17:50,939 - INFO -   🎉 新的最佳验证损失: 2.40
2025-11-21 07:17:51,811 - INFO - 💾 保存最新检查点: logs/moe3_rtdetr_r34_20251121_071440/latest_checkpoint.pth
2025-11-21 07:17:57,529 - INFO - Epoch 2 | Batch 0 | Loss: 19.10 (Det: 19.00, MoE: 2.0733)
2025-11-21 07:18:40,535 - INFO - Epoch 2 | Batch 50 | Loss: 16.89 (Det: 16.78, MoE: 2.0620)
2025-11-21 07:19:15,779 - INFO - Epoch 2:
2025-11-21 07:19:15,780 - INFO -   训练损失: 17.89 | 验证损失: 1.97
2025-11-21 07:19:15,780 - INFO -   (前30个epoch仅计算loss，跳过mAP评估)
2025-11-21 07:19:15,780 - INFO -   检测损失: 17.79
2025-11-21 07:19:15,780 - INFO -   MoE负载均衡损失: 2.0789
2025-11-21 07:19:15,780 - INFO -   专家使用率: [31.37%, 30.04%, 38.58%]
2025-11-21 07:19:15,780 - INFO -   🎉 新的最佳验证损失: 1.97
2025-11-21 07:19:16,560 - INFO - 💾 保存最新检查点: logs/moe3_rtdetr_r34_20251121_071440/latest_checkpoint.pth
2025-11-21 07:19:23,289 - INFO - Epoch 3 | Batch 0 | Loss: 16.76 (Det: 16.66, MoE: 2.0500)
2025-11-21 07:20:05,676 - INFO - Epoch 3 | Batch 50 | Loss: 15.49 (Det: 15.39, MoE: 2.0203)
2025-11-21 07:20:41,166 - INFO - Epoch 3:
2025-11-21 07:20:41,166 - INFO -   训练损失: 15.46 | 验证损失: 1.75
2025-11-21 07:20:41,166 - INFO -   (前30个epoch仅计算loss，跳过mAP评估)
2025-11-21 07:20:41,166 - INFO -   检测损失: 15.36
2025-11-21 07:20:41,166 - INFO -   MoE负载均衡损失: 2.0298
2025-11-21 07:20:41,166 - INFO -   专家使用率: [32.53%, 31.64%, 35.83%]
2025-11-21 07:20:41,166 - INFO -   🎉 新的最佳验证损失: 1.75
2025-11-21 07:20:41,946 - INFO - 💾 保存最新检查点: logs/moe3_rtdetr_r34_20251121_071440/latest_checkpoint.pth
2025-11-21 07:20:47,357 - INFO - Epoch 4 | Batch 0 | Loss: 15.01 (Det: 14.91, MoE: 2.0174)
2025-11-21 07:21:29,928 - INFO - Epoch 4 | Batch 50 | Loss: 14.44 (Det: 14.34, MoE: 2.0194)
2025-11-21 07:22:05,520 - INFO - Epoch 4:
2025-11-21 07:22:05,520 - INFO -   训练损失: 14.42 | 验证损失: 1.69
2025-11-21 07:22:05,520 - INFO -   (前30个epoch仅计算loss，跳过mAP评估)
2025-11-21 07:22:05,520 - INFO -   检测损失: 14.32
2025-11-21 07:22:05,520 - INFO -   MoE负载均衡损失: 2.0178
2025-11-21 07:22:05,521 - INFO -   专家使用率: [31.81%, 33.17%, 35.02%]
2025-11-21 07:22:05,521 - INFO -   🎉 新的最佳验证损失: 1.69
2025-11-21 07:22:06,353 - INFO - 💾 保存最新检查点: logs/moe3_rtdetr_r34_20251121_071440/latest_checkpoint.pth
2025-11-21 07:22:13,673 - INFO - Epoch 5 | Batch 0 | Loss: 14.25 (Det: 14.15, MoE: 2.0124)
2025-11-21 07:22:55,790 - INFO - Epoch 5 | Batch 50 | Loss: 13.65 (Det: 13.55, MoE: 2.0156)
2025-11-21 07:23:30,981 - INFO - Epoch 5:
2025-11-21 07:23:30,981 - INFO -   训练损失: 13.86 | 验证损失: 1.62
2025-11-21 07:23:30,981 - INFO -   (前30个epoch仅计算loss，跳过mAP评估)
2025-11-21 07:23:30,981 - INFO -   检测损失: 13.76
2025-11-21 07:23:30,981 - INFO -   MoE负载均衡损失: 2.0153
2025-11-21 07:23:30,982 - INFO -   专家使用率: [32.23%, 33.39%, 34.38%]
2025-11-21 07:23:30,982 - INFO -   🎉 新的最佳验证损失: 1.62
2025-11-21 07:23:31,864 - INFO - 💾 保存最新检查点: logs/moe3_rtdetr_r34_20251121_071440/latest_checkpoint.pth
2025-11-21 07:23:37,045 - INFO - Epoch 6 | Batch 0 | Loss: 13.38 (Det: 13.28, MoE: 2.0159)
2025-11-21 07:24:20,387 - INFO - Epoch 6 | Batch 50 | Loss: 13.70 (Det: 13.60, MoE: 2.0094)
2025-11-21 07:24:54,834 - INFO - Epoch 6:
2025-11-21 07:24:54,834 - INFO -   训练损失: 13.60 | 验证损失: 1.55
2025-11-21 07:24:54,834 - INFO -   (前30个epoch仅计算loss，跳过mAP评估)
2025-11-21 07:24:54,834 - INFO -   检测损失: 13.50
2025-11-21 07:24:54,834 - INFO -   MoE负载均衡损失: 2.0125
2025-11-21 07:24:54,834 - INFO -   专家使用率: [32.40%, 33.54%, 34.06%]
2025-11-21 07:24:54,834 - INFO -   🎉 新的最佳验证损失: 1.55
2025-11-21 07:24:55,637 - INFO - 💾 保存最新检查点: logs/moe3_rtdetr_r34_20251121_071440/latest_checkpoint.pth
2025-11-21 07:25:01,658 - INFO - Epoch 7 | Batch 0 | Loss: 12.90 (Det: 12.80, MoE: 2.0120)
2025-11-21 07:25:43,960 - INFO - Epoch 7 | Batch 50 | Loss: 12.95 (Det: 12.85, MoE: 2.0168)
2025-11-21 07:26:20,139 - INFO - Epoch 7:
2025-11-21 07:26:20,139 - INFO -   训练损失: 13.17 | 验证损失: 1.58
2025-11-21 07:26:20,140 - INFO -   (前30个epoch仅计算loss，跳过mAP评估)
2025-11-21 07:26:20,140 - INFO -   检测损失: 13.07
2025-11-21 07:26:20,140 - INFO -   MoE负载均衡损失: 2.0121
2025-11-21 07:26:20,140 - INFO -   专家使用率: [32.37%, 33.88%, 33.75%]
2025-11-21 07:26:20,889 - INFO - 💾 保存最新检查点: logs/moe3_rtdetr_r34_20251121_071440/latest_checkpoint.pth
2025-11-21 07:26:26,115 - INFO - Epoch 8 | Batch 0 | Loss: 13.49 (Det: 13.39, MoE: 2.0101)
2025-11-21 07:27:08,967 - INFO - Epoch 8 | Batch 50 | Loss: 12.86 (Det: 12.76, MoE: 2.0143)
2025-11-21 07:27:44,387 - INFO - Epoch 8:
2025-11-21 07:27:44,387 - INFO -   训练损失: 12.89 | 验证损失: 1.53
2025-11-21 07:27:44,388 - INFO -   (前30个epoch仅计算loss，跳过mAP评估)
2025-11-21 07:27:44,388 - INFO -   检测损失: 12.79
2025-11-21 07:27:44,388 - INFO -   MoE负载均衡损失: 2.0110
2025-11-21 07:27:44,388 - INFO -   专家使用率: [32.68%, 33.58%, 33.74%]
2025-11-21 07:27:44,388 - INFO -   🎉 新的最佳验证损失: 1.53
2025-11-21 07:27:45,283 - INFO - 💾 保存最新检查点: logs/moe3_rtdetr_r34_20251121_071440/latest_checkpoint.pth
2025-11-21 07:27:51,663 - INFO - Epoch 9 | Batch 0 | Loss: 13.20 (Det: 13.10, MoE: 2.0054)
2025-11-21 07:28:33,566 - INFO - Epoch 9 | Batch 50 | Loss: 12.43 (Det: 12.33, MoE: 2.0100)
2025-11-21 07:29:09,722 - INFO - Epoch 9:
2025-11-21 07:29:09,722 - INFO -   训练损失: 12.58 | 验证损失: 1.42
2025-11-21 07:29:09,722 - INFO -   (前30个epoch仅计算loss，跳过mAP评估)
2025-11-21 07:29:09,722 - INFO -   检测损失: 12.48
2025-11-21 07:29:09,722 - INFO -   MoE负载均衡损失: 2.0101
2025-11-21 07:29:09,722 - INFO -   专家使用率: [32.91%, 33.66%, 33.44%]
2025-11-21 07:29:09,723 - INFO -   🎉 新的最佳验证损失: 1.42
2025-11-21 07:29:10,475 - INFO - 💾 保存最新检查点: logs/moe3_rtdetr_r34_20251121_071440/latest_checkpoint.pth
2025-11-21 07:29:17,253 - INFO - Epoch 10 | Batch 0 | Loss: 12.21 (Det: 12.11, MoE: 2.0106)
2025-11-21 07:29:59,965 - INFO - Epoch 10 | Batch 50 | Loss: 12.54 (Det: 12.44, MoE: 2.0052)
2025-11-21 07:30:35,568 - INFO - Epoch 10:
2025-11-21 07:30:35,568 - INFO -   训练损失: 12.49 | 验证损失: 1.39
2025-11-21 07:30:35,568 - INFO -   (前30个epoch仅计算loss，跳过mAP评估)
2025-11-21 07:30:35,568 - INFO -   检测损失: 12.39
2025-11-21 07:30:35,568 - INFO -   MoE负载均衡损失: 2.0080
2025-11-21 07:30:35,568 - INFO -   专家使用率: [32.71%, 33.82%, 33.47%]
2025-11-21 07:30:35,568 - INFO -   🎉 新的最佳验证损失: 1.39
2025-11-21 07:30:36,399 - INFO - 💾 保存最新检查点: logs/moe3_rtdetr_r34_20251121_071440/latest_checkpoint.pth
2025-11-21 07:30:43,524 - INFO - Epoch 11 | Batch 0 | Loss: 12.43 (Det: 12.33, MoE: 2.0156)
2025-11-21 07:31:25,726 - INFO - Epoch 11 | Batch 50 | Loss: 12.59 (Det: 12.49, MoE: 2.0124)
2025-11-21 07:32:00,716 - INFO - Epoch 11:
2025-11-21 07:32:00,716 - INFO -   训练损失: 12.46 | 验证损失: 1.45
2025-11-21 07:32:00,716 - INFO -   (前30个epoch仅计算loss，跳过mAP评估)
2025-11-21 07:32:00,716 - INFO -   检测损失: 12.36
2025-11-21 07:32:00,716 - INFO -   MoE负载均衡损失: 2.0044
2025-11-21 07:32:00,716 - INFO -   专家使用率: [32.68%, 33.51%, 33.81%]
2025-11-21 07:32:01,504 - INFO - 💾 保存最新检查点: logs/moe3_rtdetr_r34_20251121_071440/latest_checkpoint.pth
2025-11-21 07:32:06,818 - INFO - Epoch 12 | Batch 0 | Loss: 12.25 (Det: 12.15, MoE: 2.0028)
2025-11-21 07:32:50,625 - INFO - Epoch 12 | Batch 50 | Loss: 12.04 (Det: 11.94, MoE: 2.0132)
2025-11-21 07:33:25,905 - INFO - Epoch 12:
2025-11-21 07:33:25,905 - INFO -   训练损失: 12.17 | 验证损失: 1.35
2025-11-21 07:33:25,905 - INFO -   (前30个epoch仅计算loss，跳过mAP评估)
2025-11-21 07:33:25,905 - INFO -   检测损失: 12.07
2025-11-21 07:33:25,905 - INFO -   MoE负载均衡损失: 2.0062
2025-11-21 07:33:25,905 - INFO -   专家使用率: [32.79%, 33.68%, 33.52%]
2025-11-21 07:33:25,905 - INFO -   🎉 新的最佳验证损失: 1.35
2025-11-21 07:33:26,709 - INFO - 💾 保存最新检查点: logs/moe3_rtdetr_r34_20251121_071440/latest_checkpoint.pth
2025-11-21 07:33:33,777 - INFO - Epoch 13 | Batch 0 | Loss: 11.73 (Det: 11.63, MoE: 2.0083)
2025-11-21 07:34:16,434 - INFO - Epoch 13 | Batch 50 | Loss: 12.37 (Det: 12.27, MoE: 2.0094)
2025-11-21 07:34:52,357 - INFO - Epoch 13:
2025-11-21 07:34:52,357 - INFO -   训练损失: 12.03 | 验证损失: 1.36
2025-11-21 07:34:52,357 - INFO -   (前30个epoch仅计算loss，跳过mAP评估)
2025-11-21 07:34:52,357 - INFO -   检测损失: 11.93
2025-11-21 07:34:52,357 - INFO -   MoE负载均衡损失: 2.0077
2025-11-21 07:34:52,357 - INFO -   专家使用率: [32.63%, 34.12%, 33.26%]
2025-11-21 07:34:53,146 - INFO - 💾 保存最新检查点: logs/moe3_rtdetr_r34_20251121_071440/latest_checkpoint.pth
2025-11-21 07:34:59,344 - INFO - Epoch 14 | Batch 0 | Loss: 12.04 (Det: 11.94, MoE: 2.0028)
2025-11-21 07:35:42,598 - INFO - Epoch 14 | Batch 50 | Loss: 11.93 (Det: 11.83, MoE: 2.0107)
2025-11-21 07:36:18,121 - INFO - Epoch 14:
2025-11-21 07:36:18,122 - INFO -   训练损失: 12.01 | 验证损失: 1.31
2025-11-21 07:36:18,122 - INFO -   (前30个epoch仅计算loss，跳过mAP评估)
2025-11-21 07:36:18,122 - INFO -   检测损失: 11.91
2025-11-21 07:36:18,122 - INFO -   MoE负载均衡损失: 2.0075
2025-11-21 07:36:18,122 - INFO -   专家使用率: [32.27%, 34.30%, 33.42%]
2025-11-21 07:36:18,122 - INFO -   🎉 新的最佳验证损失: 1.31
2025-11-21 07:36:18,949 - INFO - 💾 保存最新检查点: logs/moe3_rtdetr_r34_20251121_071440/latest_checkpoint.pth
2025-11-21 07:36:25,782 - INFO - Epoch 15 | Batch 0 | Loss: 11.82 (Det: 11.72, MoE: 2.0099)
2025-11-21 07:37:08,015 - INFO - Epoch 15 | Batch 50 | Loss: 11.62 (Det: 11.52, MoE: 2.0125)
2025-11-21 07:37:44,024 - INFO - Epoch 15:
2025-11-21 07:37:44,025 - INFO -   训练损失: 11.78 | 验证损失: 1.31
2025-11-21 07:37:44,025 - INFO -   (前30个epoch仅计算loss，跳过mAP评估)
2025-11-21 07:37:44,025 - INFO -   检测损失: 11.68
2025-11-21 07:37:44,025 - INFO -   MoE负载均衡损失: 2.0094
2025-11-21 07:37:44,025 - INFO -   专家使用率: [32.35%, 34.50%, 33.15%]
2025-11-21 07:37:44,025 - INFO -   🎉 新的最佳验证损失: 1.31
2025-11-21 07:37:44,917 - INFO - 💾 保存最新检查点: logs/moe3_rtdetr_r34_20251121_071440/latest_checkpoint.pth
2025-11-21 07:37:51,941 - INFO - Epoch 16 | Batch 0 | Loss: 11.93 (Det: 11.83, MoE: 2.0079)
2025-11-21 07:38:34,734 - INFO - Epoch 16 | Batch 50 | Loss: 11.46 (Det: 11.36, MoE: 2.0034)
2025-11-21 07:39:11,197 - INFO - Epoch 16:
2025-11-21 07:39:11,198 - INFO -   训练损失: 11.69 | 验证损失: 1.29
2025-11-21 07:39:11,198 - INFO -   (前30个epoch仅计算loss，跳过mAP评估)
2025-11-21 07:39:11,198 - INFO -   检测损失: 11.59
2025-11-21 07:39:11,198 - INFO -   MoE负载均衡损失: 2.0095
2025-11-21 07:39:11,198 - INFO -   专家使用率: [31.94%, 34.71%, 33.35%]
2025-11-21 07:39:11,198 - INFO -   🎉 新的最佳验证损失: 1.29
2025-11-21 07:39:12,004 - INFO - 💾 保存最新检查点: logs/moe3_rtdetr_r34_20251121_071440/latest_checkpoint.pth
2025-11-21 07:39:18,515 - INFO - Epoch 17 | Batch 0 | Loss: 11.58 (Det: 11.48, MoE: 2.0089)
2025-11-21 07:40:01,144 - INFO - Epoch 17 | Batch 50 | Loss: 11.52 (Det: 11.42, MoE: 2.0111)
2025-11-21 07:40:36,716 - INFO - Epoch 17:
2025-11-21 07:40:36,716 - INFO -   训练损失: 11.65 | 验证损失: 1.26
2025-11-21 07:40:36,716 - INFO -   (前30个epoch仅计算loss，跳过mAP评估)
2025-11-21 07:40:36,716 - INFO -   检测损失: 11.55
2025-11-21 07:40:36,716 - INFO -   MoE负载均衡损失: 2.0104
2025-11-21 07:40:36,717 - INFO -   专家使用率: [32.39%, 34.67%, 32.94%]
2025-11-21 07:40:36,717 - INFO -   🎉 新的最佳验证损失: 1.26
2025-11-21 07:40:37,468 - INFO - 💾 保存最新检查点: logs/moe3_rtdetr_r34_20251121_071440/latest_checkpoint.pth
2025-11-21 07:40:45,043 - INFO - Epoch 18 | Batch 0 | Loss: 10.90 (Det: 10.80, MoE: 2.0039)
2025-11-21 07:41:27,801 - INFO - Epoch 18 | Batch 50 | Loss: 11.89 (Det: 11.79, MoE: 2.0122)
2025-11-21 07:42:03,263 - INFO - Epoch 18:
2025-11-21 07:42:03,263 - INFO -   训练损失: 11.49 | 验证损失: 1.26
2025-11-21 07:42:03,263 - INFO -   (前30个epoch仅计算loss，跳过mAP评估)
2025-11-21 07:42:03,263 - INFO -   检测损失: 11.39
2025-11-21 07:42:03,263 - INFO -   MoE负载均衡损失: 2.0094
2025-11-21 07:42:03,263 - INFO -   专家使用率: [32.21%, 34.52%, 33.27%]
2025-11-21 07:42:03,263 - INFO -   🎉 新的最佳验证损失: 1.26
2025-11-21 07:42:04,173 - INFO - 💾 保存最新检查点: logs/moe3_rtdetr_r34_20251121_071440/latest_checkpoint.pth
2025-11-21 07:42:10,925 - INFO - Epoch 19 | Batch 0 | Loss: 10.97 (Det: 10.87, MoE: 2.0161)
2025-11-21 07:42:53,164 - INFO - Epoch 19 | Batch 50 | Loss: 11.12 (Det: 11.02, MoE: 2.0077)
2025-11-21 07:43:29,066 - INFO - Epoch 19:
2025-11-21 07:43:29,066 - INFO -   训练损失: 11.25 | 验证损失: 1.23
2025-11-21 07:43:29,066 - INFO -   (前30个epoch仅计算loss，跳过mAP评估)
2025-11-21 07:43:29,066 - INFO -   检测损失: 11.15
2025-11-21 07:43:29,066 - INFO -   MoE负载均衡损失: 2.0094
2025-11-21 07:43:29,066 - INFO -   专家使用率: [32.02%, 34.68%, 33.30%]
2025-11-21 07:43:29,066 - INFO -   🎉 新的最佳验证损失: 1.23
2025-11-21 07:43:29,892 - INFO - 💾 保存最新检查点: logs/moe3_rtdetr_r34_20251121_071440/latest_checkpoint.pth
2025-11-21 07:43:36,046 - INFO - Epoch 20 | Batch 0 | Loss: 11.14 (Det: 11.04, MoE: 2.0123)
2025-11-21 07:44:17,996 - INFO - Epoch 20 | Batch 50 | Loss: 10.83 (Det: 10.73, MoE: 2.0115)
2025-11-21 07:44:53,993 - INFO - Epoch 20:
2025-11-21 07:44:53,993 - INFO -   训练损失: 11.11 | 验证损失: 1.24
2025-11-21 07:44:53,993 - INFO -   (前30个epoch仅计算loss，跳过mAP评估)
2025-11-21 07:44:53,993 - INFO -   检测损失: 11.01
2025-11-21 07:44:53,993 - INFO -   MoE负载均衡损失: 2.0101
2025-11-21 07:44:53,993 - INFO -   专家使用率: [32.12%, 34.66%, 33.22%]
2025-11-21 07:44:54,842 - INFO - 💾 保存最新检查点: logs/moe3_rtdetr_r34_20251121_071440/latest_checkpoint.pth
2025-11-21 07:45:01,015 - INFO - Epoch 21 | Batch 0 | Loss: 10.91 (Det: 10.81, MoE: 2.0070)
2025-11-21 07:45:43,489 - INFO - Epoch 21 | Batch 50 | Loss: 11.28 (Det: 11.18, MoE: 2.0099)
2025-11-21 07:46:19,002 - INFO - Epoch 21:
2025-11-21 07:46:19,002 - INFO -   训练损失: 11.11 | 验证损失: 1.23
2025-11-21 07:46:19,002 - INFO -   (前30个epoch仅计算loss，跳过mAP评估)
2025-11-21 07:46:19,800 - INFO - 💾 保存最新检查点: logs/moe3_rtdetr_r34_20251121_071440/latest_checkpoint.pth
2025-11-21 07:46:26,750 - INFO - Epoch 22 | Batch 0 | Loss: 11.03 (Det: 10.93, MoE: 2.0105)
2025-11-21 07:47:08,904 - INFO - Epoch 22 | Batch 50 | Loss: 11.07 (Det: 10.97, MoE: 2.0149)
2025-11-21 07:47:45,339 - INFO - Epoch 22:
2025-11-21 07:47:45,339 - INFO -   训练损失: 11.22 | 验证损失: 1.30
2025-11-21 07:47:45,339 - INFO -   (前30个epoch仅计算loss，跳过mAP评估)
2025-11-21 07:47:46,227 - INFO - 💾 保存最新检查点: logs/moe3_rtdetr_r34_20251121_071440/latest_checkpoint.pth
2025-11-21 07:47:53,762 - INFO - Epoch 23 | Batch 0 | Loss: 11.75 (Det: 11.65, MoE: 2.0114)
2025-11-21 07:48:36,313 - INFO - Epoch 23 | Batch 50 | Loss: 10.85 (Det: 10.75, MoE: 2.0117)
2025-11-21 07:49:11,847 - INFO - Epoch 23:
2025-11-21 07:49:11,847 - INFO -   训练损失: 11.06 | 验证损失: 1.19
2025-11-21 07:49:11,847 - INFO -   (前30个epoch仅计算loss，跳过mAP评估)
2025-11-21 07:49:11,847 - INFO -   🎉 新的最佳验证损失: 1.19
2025-11-21 07:49:12,578 - INFO - 💾 保存最新检查点: logs/moe3_rtdetr_r34_20251121_071440/latest_checkpoint.pth
2025-11-21 07:49:20,413 - INFO - Epoch 24 | Batch 0 | Loss: 10.82 (Det: 10.72, MoE: 2.0119)
2025-11-21 07:50:02,601 - INFO - Epoch 24 | Batch 50 | Loss: 10.89 (Det: 10.79, MoE: 2.0134)
2025-11-21 07:50:38,313 - INFO - Epoch 24:
2025-11-21 07:50:38,313 - INFO -   训练损失: 10.85 | 验证损失: 1.21
2025-11-21 07:50:38,313 - INFO -   (前30个epoch仅计算loss，跳过mAP评估)
2025-11-21 07:50:39,211 - INFO - 💾 保存最新检查点: logs/moe3_rtdetr_r34_20251121_071440/latest_checkpoint.pth
2025-11-21 07:50:46,543 - INFO - Epoch 25 | Batch 0 | Loss: 10.80 (Det: 10.70, MoE: 2.0085)
2025-11-21 07:51:28,358 - INFO - Epoch 25 | Batch 50 | Loss: 10.79 (Det: 10.69, MoE: 2.0107)
2025-11-21 07:52:02,539 - INFO - Epoch 25:
2025-11-21 07:52:02,539 - INFO -   训练损失: 11.05 | 验证损失: 1.21
2025-11-21 07:52:02,539 - INFO -   (前30个epoch仅计算loss，跳过mAP评估)
2025-11-21 07:52:02,539 - INFO -   检测损失: 10.95
2025-11-21 07:52:02,540 - INFO -   MoE负载均衡损失: 2.0094
2025-11-21 07:52:02,540 - INFO -   专家使用率: [32.03%, 34.69%, 33.28%]
2025-11-21 07:52:03,354 - INFO - 💾 保存最新检查点: logs/moe3_rtdetr_r34_20251121_071440/latest_checkpoint.pth
2025-11-21 07:52:10,750 - INFO - Epoch 26 | Batch 0 | Loss: 11.07 (Det: 10.97, MoE: 2.0056)
2025-11-21 07:52:53,083 - INFO - Epoch 26 | Batch 50 | Loss: 10.75 (Det: 10.65, MoE: 2.0115)
2025-11-21 07:53:28,628 - INFO - Epoch 26:
2025-11-21 07:53:28,629 - INFO -   训练损失: 10.80 | 验证损失: 1.20
2025-11-21 07:53:28,629 - INFO -   (前30个epoch仅计算loss，跳过mAP评估)
2025-11-21 07:53:29,459 - INFO - 💾 保存最新检查点: logs/moe3_rtdetr_r34_20251121_071440/latest_checkpoint.pth
2025-11-21 07:53:34,739 - INFO - Epoch 27 | Batch 0 | Loss: 11.14 (Det: 11.04, MoE: 2.0108)
2025-11-21 07:54:17,296 - INFO - Epoch 27 | Batch 50 | Loss: 10.64 (Det: 10.54, MoE: 2.0038)
2025-11-21 07:54:52,236 - INFO - Epoch 27:
2025-11-21 07:54:52,237 - INFO -   训练损失: 10.63 | 验证损失: 1.15
2025-11-21 07:54:52,237 - INFO -   (前30个epoch仅计算loss，跳过mAP评估)
2025-11-21 07:54:52,237 - INFO -   🎉 新的最佳验证损失: 1.15
2025-11-21 07:54:53,132 - INFO - 💾 保存最新检查点: logs/moe3_rtdetr_r34_20251121_071440/latest_checkpoint.pth
2025-11-21 07:54:58,864 - INFO - Epoch 28 | Batch 0 | Loss: 10.58 (Det: 10.48, MoE: 2.0032)
2025-11-21 07:55:41,355 - INFO - Epoch 28 | Batch 50 | Loss: 10.58 (Det: 10.48, MoE: 2.0084)
2025-11-21 07:56:17,101 - INFO - Epoch 28:
2025-11-21 07:56:17,102 - INFO -   训练损失: 10.46 | 验证损失: 1.15
2025-11-21 07:56:17,102 - INFO -   (前30个epoch仅计算loss，跳过mAP评估)
2025-11-21 07:56:17,908 - INFO - 💾 保存最新检查点: logs/moe3_rtdetr_r34_20251121_071440/latest_checkpoint.pth
2025-11-21 07:56:23,361 - INFO - Epoch 29 | Batch 0 | Loss: 10.85 (Det: 10.75, MoE: 2.0079)
2025-11-21 07:57:06,018 - INFO - Epoch 29 | Batch 50 | Loss: 10.36 (Det: 10.26, MoE: 2.0040)
2025-11-21 07:57:41,567 - INFO - Epoch 29:
2025-11-21 07:57:41,567 - INFO -   训练损失: 10.63 | 验证损失: 1.21
2025-11-21 07:57:41,567 - INFO -   (前30个epoch仅计算loss，跳过mAP评估)
2025-11-21 07:57:42,273 - INFO - 💾 保存最新检查点: logs/moe3_rtdetr_r34_20251121_071440/latest_checkpoint.pth
2025-11-21 07:57:48,548 - INFO - Epoch 30 | Batch 0 | Loss: 10.78 (Det: 10.68, MoE: 2.0069)
2025-11-21 07:58:31,116 - INFO - Epoch 30 | Batch 50 | Loss: 11.05 (Det: 10.95, MoE: 2.0053)
2025-11-21 07:59:49,667 - INFO - Epoch 30:
2025-11-21 07:59:49,668 - INFO -   训练损失: 10.89 | 验证损失: 1.22
2025-11-21 07:59:49,668 - INFO -   预测/目标: 201600/93434
2025-11-21 07:59:49,668 - INFO -   检测损失: 10.79
2025-11-21 07:59:49,668 - INFO -   MoE负载均衡损失: 2.0040
2025-11-21 07:59:49,668 - INFO -   专家使用率: [33.78%, 33.30%, 32.93%]
2025-11-21 07:59:49,669 - INFO -   🎉 新的最佳mAP: 0.3848
2025-11-21 07:59:50,374 - INFO - 💾 保存最佳模型: logs/moe3_rtdetr_r34_20251121_071440/best_model.pth
2025-11-21 08:00:50,778 - INFO -   每个类别的 mAP@0.5:0.95:
2025-11-21 08:00:50,778 - INFO -     Car         : 0.5773
2025-11-21 08:00:50,778 - INFO -     Truck       : 0.4343
2025-11-21 08:00:50,778 - INFO -     Van         : 0.2922
2025-11-21 08:00:50,778 - INFO -     Bus         : 0.3746
2025-11-21 08:00:50,778 - INFO -     Pedestrian  : 0.1867
2025-11-21 08:00:50,778 - INFO -     Cyclist     : 0.3666
2025-11-21 08:00:50,778 - INFO -     Motorcyclist: 0.2489
2025-11-21 08:00:50,778 - INFO -     Trafficcone : 0.5979
2025-11-21 08:00:50,975 - INFO -   mAP_0.5_0.95 提升到 0.3848 (最佳epoch: 30)
2025-11-21 08:00:51,688 - INFO - 💾 保存最新检查点: logs/moe3_rtdetr_r34_20251121_071440/latest_checkpoint.pth
2025-11-21 08:00:59,107 - INFO - Epoch 31 | Batch 0 | Loss: 11.04 (Det: 10.94, MoE: 2.0060)
2025-11-21 08:01:41,191 - INFO - Epoch 31 | Batch 50 | Loss: 10.82 (Det: 10.72, MoE: 2.0092)
2025-11-21 08:02:57,370 - INFO - Epoch 31:
2025-11-21 08:02:57,371 - INFO -   训练损失: 10.82 | 验证损失: 1.21
2025-11-21 08:02:57,371 - INFO -   预测/目标: 201600/93434
2025-11-21 08:02:57,371 - INFO -   🎉 新的最佳mAP: 0.3853
2025-11-21 08:02:58,191 - INFO - 💾 保存最佳模型: logs/moe3_rtdetr_r34_20251121_071440/best_model.pth
2025-11-21 08:03:54,158 - INFO -   每个类别的 mAP@0.5:0.95:
2025-11-21 08:03:54,158 - INFO -     Car         : 0.5876
2025-11-21 08:03:54,158 - INFO -     Truck       : 0.4374
2025-11-21 08:03:54,158 - INFO -     Van         : 0.3018
2025-11-21 08:03:54,158 - INFO -     Bus         : 0.3657
2025-11-21 08:03:54,158 - INFO -     Pedestrian  : 0.1830
2025-11-21 08:03:54,158 - INFO -     Cyclist     : 0.3818
2025-11-21 08:03:54,158 - INFO -     Motorcyclist: 0.2357
2025-11-21 08:03:54,158 - INFO -     Trafficcone : 0.5896
2025-11-21 08:03:54,316 - INFO -   mAP_0.5_0.95 提升到 0.3853 (最佳epoch: 31)
2025-11-21 08:03:55,125 - INFO - 💾 保存最新检查点: logs/moe3_rtdetr_r34_20251121_071440/latest_checkpoint.pth
2025-11-21 08:04:01,901 - INFO - Epoch 32 | Batch 0 | Loss: 10.42 (Det: 10.32, MoE: 2.0090)
2025-11-21 08:04:43,659 - INFO - Epoch 32 | Batch 50 | Loss: 10.14 (Det: 10.03, MoE: 2.0059)
2025-11-21 08:05:59,320 - INFO - Epoch 32:
2025-11-21 08:05:59,321 - INFO -   训练损失: 10.49 | 验证损失: 1.17
2025-11-21 08:05:59,321 - INFO -   预测/目标: 201600/93434
2025-11-21 08:05:59,321 - INFO -   🎉 新的最佳mAP: 0.3982
2025-11-21 08:06:00,180 - INFO - 💾 保存最佳模型: logs/moe3_rtdetr_r34_20251121_071440/best_model.pth
2025-11-21 08:06:55,019 - INFO -   每个类别的 mAP@0.5:0.95:
2025-11-21 08:06:55,019 - INFO -     Car         : 0.5788
2025-11-21 08:06:55,019 - INFO -     Truck       : 0.4302
2025-11-21 08:06:55,019 - INFO -     Van         : 0.3039
2025-11-21 08:06:55,019 - INFO -     Bus         : 0.4087
2025-11-21 08:06:55,019 - INFO -     Pedestrian  : 0.1910
2025-11-21 08:06:55,019 - INFO -     Cyclist     : 0.4196
2025-11-21 08:06:55,019 - INFO -     Motorcyclist: 0.2528
2025-11-21 08:06:55,019 - INFO -     Trafficcone : 0.6004
2025-11-21 08:06:55,215 - INFO -   mAP_0.5_0.95 提升到 0.3982 (最佳epoch: 32)
2025-11-21 08:06:56,016 - INFO - 💾 保存最新检查点: logs/moe3_rtdetr_r34_20251121_071440/latest_checkpoint.pth
2025-11-21 08:07:03,522 - INFO - Epoch 33 | Batch 0 | Loss: 10.54 (Det: 10.44, MoE: 2.0131)
2025-11-21 08:07:45,337 - INFO - Epoch 33 | Batch 50 | Loss: 10.04 (Det: 9.94, MoE: 2.0174)
2025-11-21 08:09:02,564 - INFO - Epoch 33:
2025-11-21 08:09:02,565 - INFO -   训练损失: 10.22 | 验证损失: 1.16
2025-11-21 08:09:02,565 - INFO -   预测/目标: 201600/93434
2025-11-21 08:09:02,565 - INFO -   🎉 新的最佳mAP: 0.4093
2025-11-21 08:09:03,408 - INFO - 💾 保存最佳模型: logs/moe3_rtdetr_r34_20251121_071440/best_model.pth
2025-11-21 08:09:57,234 - INFO -   每个类别的 mAP@0.5:0.95:
2025-11-21 08:09:57,235 - INFO -     Car         : 0.5801
2025-11-21 08:09:57,235 - INFO -     Truck       : 0.4354
2025-11-21 08:09:57,235 - INFO -     Van         : 0.3371
2025-11-21 08:09:57,235 - INFO -     Bus         : 0.3960
2025-11-21 08:09:57,235 - INFO -     Pedestrian  : 0.2130
2025-11-21 08:09:57,235 - INFO -     Cyclist     : 0.4507
2025-11-21 08:09:57,235 - INFO -     Motorcyclist: 0.2576
2025-11-21 08:09:57,235 - INFO -     Trafficcone : 0.6045
2025-11-21 08:09:57,439 - INFO -   mAP_0.5_0.95 提升到 0.4093 (最佳epoch: 33)
2025-11-21 08:09:58,368 - INFO - 💾 保存最新检查点: logs/moe3_rtdetr_r34_20251121_071440/latest_checkpoint.pth
2025-11-21 08:10:05,059 - INFO - Epoch 34 | Batch 0 | Loss: 10.09 (Det: 9.98, MoE: 2.0166)
2025-11-21 08:10:47,437 - INFO - Epoch 34 | Batch 50 | Loss: 9.82 (Det: 9.72, MoE: 2.0142)
2025-11-21 08:12:03,482 - INFO - Epoch 34:
2025-11-21 08:12:03,483 - INFO -   训练损失: 10.04 | 验证损失: 1.15
2025-11-21 08:12:03,483 - INFO -   预测/目标: 201600/93434
2025-11-21 08:12:03,483 - INFO -   ⏳ mAP_0.5_0.95 无改善 (1/35), 最佳值: 0.4093 (epoch 33)
2025-11-21 08:12:04,319 - INFO - 💾 保存最新检查点: logs/moe3_rtdetr_r34_20251121_071440/latest_checkpoint.pth
2025-11-21 08:12:10,891 - INFO - Epoch 35 | Batch 0 | Loss: 10.09 (Det: 9.99, MoE: 2.0187)
2025-11-21 08:12:52,843 - INFO - Epoch 35 | Batch 50 | Loss: 9.38 (Det: 9.28, MoE: 2.0164)
2025-11-21 08:14:08,730 - INFO - Epoch 35:
2025-11-21 08:14:08,731 - INFO -   训练损失: 9.53 | 验证损失: 1.09
2025-11-21 08:14:08,731 - INFO -   预测/目标: 201600/93434
2025-11-21 08:14:08,731 - INFO -   检测损失: 9.42
2025-11-21 08:14:08,731 - INFO -   MoE负载均衡损失: 2.0169
2025-11-21 08:14:08,731 - INFO -   专家使用率: [33.33%, 34.79%, 31.88%]
2025-11-21 08:14:08,731 - INFO -   🎉 新的最佳验证损失: 1.09
2025-11-21 08:14:08,731 - INFO -   🎉 新的最佳mAP: 0.4234
2025-11-21 08:14:09,530 - INFO - 💾 保存最佳模型: logs/moe3_rtdetr_r34_20251121_071440/best_model.pth
2025-11-21 08:15:03,670 - INFO -   每个类别的 mAP@0.5:0.95:
2025-11-21 08:15:03,670 - INFO -     Car         : 0.6595
2025-11-21 08:15:03,671 - INFO -     Truck       : 0.4205
2025-11-21 08:15:03,671 - INFO -     Van         : 0.3735
2025-11-21 08:15:03,671 - INFO -     Bus         : 0.3625
2025-11-21 08:15:03,671 - INFO -     Pedestrian  : 0.2087
2025-11-21 08:15:03,671 - INFO -     Cyclist     : 0.4622
2025-11-21 08:15:03,671 - INFO -     Motorcyclist: 0.2957
2025-11-21 08:15:03,671 - INFO -     Trafficcone : 0.6043
2025-11-21 08:15:03,869 - INFO -   mAP_0.5_0.95 提升到 0.4234 (最佳epoch: 35)
2025-11-21 08:15:04,699 - INFO - 💾 保存最新检查点: logs/moe3_rtdetr_r34_20251121_071440/latest_checkpoint.pth
2025-11-21 08:15:11,480 - INFO - Epoch 36 | Batch 0 | Loss: 9.17 (Det: 9.07, MoE: 2.0143)
2025-11-21 08:15:53,580 - INFO - Epoch 36 | Batch 50 | Loss: 9.06 (Det: 8.96, MoE: 2.0196)
2025-11-21 08:17:08,789 - INFO - Epoch 36:
2025-11-21 08:17:08,790 - INFO -   训练损失: 9.15 | 验证损失: 1.03
2025-11-21 08:17:08,791 - INFO -   预测/目标: 201600/93434
2025-11-21 08:17:08,791 - INFO -   🎉 新的最佳验证损失: 1.03
2025-11-21 08:17:08,791 - INFO -   🎉 新的最佳mAP: 0.4566
2025-11-21 08:17:09,667 - INFO - 💾 保存最佳模型: logs/moe3_rtdetr_r34_20251121_071440/best_model.pth
2025-11-21 08:18:02,681 - INFO -   每个类别的 mAP@0.5:0.95:
2025-11-21 08:18:02,681 - INFO -     Car         : 0.7110
2025-11-21 08:18:02,681 - INFO -     Truck       : 0.4323
2025-11-21 08:18:02,681 - INFO -     Van         : 0.4149
2025-11-21 08:18:02,681 - INFO -     Bus         : 0.4353
2025-11-21 08:18:02,681 - INFO -     Pedestrian  : 0.2414
2025-11-21 08:18:02,681 - INFO -     Cyclist     : 0.4773
2025-11-21 08:18:02,681 - INFO -     Motorcyclist: 0.3320
2025-11-21 08:18:02,681 - INFO -     Trafficcone : 0.6087
2025-11-21 08:18:02,882 - INFO -   mAP_0.5_0.95 提升到 0.4566 (最佳epoch: 36)
2025-11-21 08:18:03,743 - INFO - 💾 保存最新检查点: logs/moe3_rtdetr_r34_20251121_071440/latest_checkpoint.pth
2025-11-21 08:18:11,059 - INFO - Epoch 37 | Batch 0 | Loss: 9.07 (Det: 8.97, MoE: 2.0195)
2025-11-21 08:18:52,910 - INFO - Epoch 37 | Batch 50 | Loss: 8.96 (Det: 8.86, MoE: 2.0154)
2025-11-21 08:20:08,966 - INFO - Epoch 37:
2025-11-21 08:20:08,967 - INFO -   训练损失: 8.85 | 验证损失: 1.00
2025-11-21 08:20:08,968 - INFO -   预测/目标: 201600/93434
2025-11-21 08:20:08,968 - INFO -   🎉 新的最佳验证损失: 1.00
2025-11-21 08:20:08,968 - INFO -   🎉 新的最佳mAP: 0.4801
2025-11-21 08:20:09,875 - INFO - 💾 保存最佳模型: logs/moe3_rtdetr_r34_20251121_071440/best_model.pth
2025-11-21 08:21:02,780 - INFO -   每个类别的 mAP@0.5:0.95:
2025-11-21 08:21:02,781 - INFO -     Car         : 0.7201
2025-11-21 08:21:02,781 - INFO -     Truck       : 0.4255
2025-11-21 08:21:02,781 - INFO -     Van         : 0.4195
2025-11-21 08:21:02,781 - INFO -     Bus         : 0.5136
2025-11-21 08:21:02,781 - INFO -     Pedestrian  : 0.2768
2025-11-21 08:21:02,781 - INFO -     Cyclist     : 0.4991
2025-11-21 08:21:02,781 - INFO -     Motorcyclist: 0.3731
2025-11-21 08:21:02,781 - INFO -     Trafficcone : 0.6132
2025-11-21 08:21:02,981 - INFO -   mAP_0.5_0.95 提升到 0.4801 (最佳epoch: 37)
2025-11-21 08:21:03,873 - INFO - 💾 保存最新检查点: logs/moe3_rtdetr_r34_20251121_071440/latest_checkpoint.pth
2025-11-21 08:21:10,401 - INFO - Epoch 38 | Batch 0 | Loss: 8.96 (Det: 8.85, MoE: 2.0120)
2025-11-21 08:21:52,416 - INFO - Epoch 38 | Batch 50 | Loss: 8.71 (Det: 8.61, MoE: 2.0179)
2025-11-21 08:23:07,614 - INFO - Epoch 38:
2025-11-21 08:23:07,615 - INFO -   训练损失: 8.69 | 验证损失: 0.98
2025-11-21 08:23:07,615 - INFO -   预测/目标: 201600/93434
2025-11-21 08:23:07,615 - INFO -   🎉 新的最佳验证损失: 0.98
2025-11-21 08:23:07,615 - INFO -   🎉 新的最佳mAP: 0.5019
2025-11-21 08:23:08,533 - INFO - 💾 保存最佳模型: logs/moe3_rtdetr_r34_20251121_071440/best_model.pth
2025-11-21 08:24:01,851 - INFO -   每个类别的 mAP@0.5:0.95:
2025-11-21 08:24:01,852 - INFO -     Car         : 0.7296
2025-11-21 08:24:01,852 - INFO -     Truck       : 0.4263
2025-11-21 08:24:01,852 - INFO -     Van         : 0.4320
2025-11-21 08:24:01,852 - INFO -     Bus         : 0.5940
2025-11-21 08:24:01,852 - INFO -     Pedestrian  : 0.3064
2025-11-21 08:24:01,852 - INFO -     Cyclist     : 0.5076
2025-11-21 08:24:01,852 - INFO -     Motorcyclist: 0.4040
2025-11-21 08:24:01,852 - INFO -     Trafficcone : 0.6152
2025-11-21 08:24:02,052 - INFO -   mAP_0.5_0.95 提升到 0.5019 (最佳epoch: 38)
2025-11-21 08:24:02,974 - INFO - 💾 保存最新检查点: logs/moe3_rtdetr_r34_20251121_071440/latest_checkpoint.pth
2025-11-21 08:24:09,101 - INFO - Epoch 39 | Batch 0 | Loss: 8.62 (Det: 8.52, MoE: 2.0125)
2025-11-21 08:24:51,016 - INFO - Epoch 39 | Batch 50 | Loss: 8.62 (Det: 8.52, MoE: 2.0152)
2025-11-21 08:26:07,530 - INFO - Epoch 39:
2025-11-21 08:26:07,531 - INFO -   训练损失: 8.58 | 验证损失: 0.97
2025-11-21 08:26:07,531 - INFO -   预测/目标: 201600/93434
2025-11-21 08:26:07,531 - INFO -   🎉 新的最佳验证损失: 0.97
2025-11-21 08:26:07,531 - INFO -   🎉 新的最佳mAP: 0.5170
2025-11-21 08:26:08,450 - INFO - 💾 保存最佳模型: logs/moe3_rtdetr_r34_20251121_071440/best_model.pth
2025-11-21 08:27:02,465 - INFO -   每个类别的 mAP@0.5:0.95:
2025-11-21 08:27:02,466 - INFO -     Car         : 0.7347
2025-11-21 08:27:02,466 - INFO -     Truck       : 0.4337
2025-11-21 08:27:02,466 - INFO -     Van         : 0.4345
2025-11-21 08:27:02,466 - INFO -     Bus         : 0.6584
2025-11-21 08:27:02,466 - INFO -     Pedestrian  : 0.3379
2025-11-21 08:27:02,466 - INFO -     Cyclist     : 0.4992
2025-11-21 08:27:02,466 - INFO -     Motorcyclist: 0.4212
2025-11-21 08:27:02,466 - INFO -     Trafficcone : 0.6165
2025-11-21 08:27:02,661 - INFO -   mAP_0.5_0.95 提升到 0.5170 (最佳epoch: 39)
2025-11-21 08:27:03,527 - INFO - 💾 保存最新检查点: logs/moe3_rtdetr_r34_20251121_071440/latest_checkpoint.pth
2025-11-21 08:27:09,326 - INFO - Epoch 40 | Batch 0 | Loss: 8.46 (Det: 8.35, MoE: 2.0114)
2025-11-21 08:27:51,902 - INFO - Epoch 40 | Batch 50 | Loss: 8.50 (Det: 8.40, MoE: 2.0087)
2025-11-21 08:29:08,665 - INFO - Epoch 40:
2025-11-21 08:29:08,667 - INFO -   训练损失: 8.46 | 验证损失: 0.95
2025-11-21 08:29:08,667 - INFO -   预测/目标: 201600/93434
2025-11-21 08:29:08,667 - INFO -   检测损失: 8.36
2025-11-21 08:29:08,667 - INFO -   MoE负载均衡损失: 2.0089
2025-11-21 08:29:08,667 - INFO -   专家使用率: [33.24%, 34.77%, 31.99%]
2025-11-21 08:29:08,667 - INFO -   🎉 新的最佳验证损失: 0.95
2025-11-21 08:29:08,667 - INFO -   🎉 新的最佳mAP: 0.5244
2025-11-21 08:29:09,563 - INFO - 💾 保存最佳模型: logs/moe3_rtdetr_r34_20251121_071440/best_model.pth
2025-11-21 08:30:03,182 - INFO -   每个类别的 mAP@0.5:0.95:
2025-11-21 08:30:03,182 - INFO -     Car         : 0.7396
2025-11-21 08:30:03,182 - INFO -     Truck       : 0.4253
2025-11-21 08:30:03,182 - INFO -     Van         : 0.4386
2025-11-21 08:30:03,182 - INFO -     Bus         : 0.6888
2025-11-21 08:30:03,182 - INFO -     Pedestrian  : 0.3523
2025-11-21 08:30:03,182 - INFO -     Cyclist     : 0.5017
2025-11-21 08:30:03,182 - INFO -     Motorcyclist: 0.4309
2025-11-21 08:30:03,182 - INFO -     Trafficcone : 0.6179
2025-11-21 08:30:03,378 - INFO -   mAP_0.5_0.95 提升到 0.5244 (最佳epoch: 40)
2025-11-21 08:30:04,315 - INFO - 💾 保存最新检查点: logs/moe3_rtdetr_r34_20251121_071440/latest_checkpoint.pth
2025-11-21 08:30:09,848 - INFO - Epoch 41 | Batch 0 | Loss: 8.15 (Det: 8.05, MoE: 2.0081)
2025-11-21 08:30:51,961 - INFO - Epoch 41 | Batch 50 | Loss: 8.50 (Det: 8.40, MoE: 2.0066)
2025-11-21 08:32:07,800 - INFO - Epoch 41:
2025-11-21 08:32:07,801 - INFO -   训练损失: 8.34 | 验证损失: 0.95
2025-11-21 08:32:07,802 - INFO -   预测/目标: 201600/93434
2025-11-21 08:32:07,802 - INFO -   🎉 新的最佳验证损失: 0.95
2025-11-21 08:32:07,802 - INFO -   🎉 新的最佳mAP: 0.5304
2025-11-21 08:32:08,717 - INFO - 💾 保存最佳模型: logs/moe3_rtdetr_r34_20251121_071440/best_model.pth
2025-11-21 08:33:02,291 - INFO -   每个类别的 mAP@0.5:0.95:
2025-11-21 08:33:02,291 - INFO -     Car         : 0.7416
2025-11-21 08:33:02,291 - INFO -     Truck       : 0.4381
2025-11-21 08:33:02,291 - INFO -     Van         : 0.4470
2025-11-21 08:33:02,291 - INFO -     Bus         : 0.6809
2025-11-21 08:33:02,291 - INFO -     Pedestrian  : 0.3674
2025-11-21 08:33:02,291 - INFO -     Cyclist     : 0.5121
2025-11-21 08:33:02,291 - INFO -     Motorcyclist: 0.4384
2025-11-21 08:33:02,292 - INFO -     Trafficcone : 0.6178
2025-11-21 08:33:02,489 - INFO -   mAP_0.5_0.95 提升到 0.5304 (最佳epoch: 41)
2025-11-21 08:33:03,403 - INFO - 💾 保存最新检查点: logs/moe3_rtdetr_r34_20251121_071440/latest_checkpoint.pth
2025-11-21 08:33:10,944 - INFO - Epoch 42 | Batch 0 | Loss: 8.28 (Det: 8.18, MoE: 2.0012)
2025-11-21 08:33:53,370 - INFO - Epoch 42 | Batch 50 | Loss: 8.20 (Det: 8.10, MoE: 2.0061)
2025-11-21 08:35:09,380 - INFO - Epoch 42:
2025-11-21 08:35:09,381 - INFO -   训练损失: 8.24 | 验证损失: 0.94
2025-11-21 08:35:09,381 - INFO -   预测/目标: 201600/93434
2025-11-21 08:35:09,381 - INFO -   🎉 新的最佳验证损失: 0.94
2025-11-21 08:35:09,381 - INFO -   🎉 新的最佳mAP: 0.5395
2025-11-21 08:35:10,259 - INFO - 💾 保存最佳模型: logs/moe3_rtdetr_r34_20251121_071440/best_model.pth
2025-11-21 08:36:04,180 - INFO -   每个类别的 mAP@0.5:0.95:
2025-11-21 08:36:04,180 - INFO -     Car         : 0.7460
2025-11-21 08:36:04,180 - INFO -     Truck       : 0.4436
2025-11-21 08:36:04,180 - INFO -     Van         : 0.4711
2025-11-21 08:36:04,180 - INFO -     Bus         : 0.6907
2025-11-21 08:36:04,180 - INFO -     Pedestrian  : 0.3749
2025-11-21 08:36:04,180 - INFO -     Cyclist     : 0.5224
2025-11-21 08:36:04,180 - INFO -     Motorcyclist: 0.4450
2025-11-21 08:36:04,180 - INFO -     Trafficcone : 0.6219
2025-11-21 08:36:04,378 - INFO -   mAP_0.5_0.95 提升到 0.5395 (最佳epoch: 42)
2025-11-21 08:36:05,265 - INFO - 💾 保存最新检查点: logs/moe3_rtdetr_r34_20251121_071440/latest_checkpoint.pth
2025-11-21 08:36:12,306 - INFO - Epoch 43 | Batch 0 | Loss: 8.01 (Det: 7.91, MoE: 2.0056)
2025-11-21 08:36:54,839 - INFO - Epoch 43 | Batch 50 | Loss: 8.20 (Det: 8.10, MoE: 2.0062)
2025-11-21 08:38:10,310 - INFO - Epoch 43:
2025-11-21 08:38:10,311 - INFO -   训练损失: 8.17 | 验证损失: 0.93
2025-11-21 08:38:10,311 - INFO -   预测/目标: 201600/93434
2025-11-21 08:38:10,311 - INFO -   🎉 新的最佳验证损失: 0.93
2025-11-21 08:38:10,311 - INFO -   🎉 新的最佳mAP: 0.5444
2025-11-21 08:38:11,180 - INFO - 💾 保存最佳模型: logs/moe3_rtdetr_r34_20251121_071440/best_model.pth
2025-11-21 08:39:04,463 - INFO -   每个类别的 mAP@0.5:0.95:
2025-11-21 08:39:04,463 - INFO -     Car         : 0.7475
2025-11-21 08:39:04,463 - INFO -     Truck       : 0.4552
2025-11-21 08:39:04,463 - INFO -     Van         : 0.4634
2025-11-21 08:39:04,463 - INFO -     Bus         : 0.6962
2025-11-21 08:39:04,463 - INFO -     Pedestrian  : 0.3856
2025-11-21 08:39:04,463 - INFO -     Cyclist     : 0.5335
2025-11-21 08:39:04,463 - INFO -     Motorcyclist: 0.4530
2025-11-21 08:39:04,463 - INFO -     Trafficcone : 0.6209
2025-11-21 08:39:04,652 - INFO -   mAP_0.5_0.95 提升到 0.5444 (最佳epoch: 43)
2025-11-21 08:39:05,572 - INFO - 💾 保存最新检查点: logs/moe3_rtdetr_r34_20251121_071440/latest_checkpoint.pth
2025-11-21 08:39:12,382 - INFO - Epoch 44 | Batch 0 | Loss: 8.34 (Det: 8.24, MoE: 2.0041)
2025-11-21 08:39:54,371 - INFO - Epoch 44 | Batch 50 | Loss: 8.16 (Det: 8.06, MoE: 2.0039)
2025-11-21 08:41:08,465 - INFO - Epoch 44:
2025-11-21 08:41:08,466 - INFO -   训练损失: 8.10 | 验证损失: 0.92
2025-11-21 08:41:08,467 - INFO -   预测/目标: 201600/93434
2025-11-21 08:41:08,467 - INFO -   🎉 新的最佳验证损失: 0.92
2025-11-21 08:41:08,467 - INFO -   🎉 新的最佳mAP: 0.5506
2025-11-21 08:41:09,674 - INFO - 💾 保存最佳模型: logs/moe3_rtdetr_r34_20251121_071440/best_model.pth
2025-11-21 08:42:03,790 - INFO -   每个类别的 mAP@0.5:0.95:
2025-11-21 08:42:03,791 - INFO -     Car         : 0.7511
2025-11-21 08:42:03,791 - INFO -     Truck       : 0.4674
2025-11-21 08:42:03,791 - INFO -     Van         : 0.4585
2025-11-21 08:42:03,791 - INFO -     Bus         : 0.7088
2025-11-21 08:42:03,791 - INFO -     Pedestrian  : 0.3968
2025-11-21 08:42:03,791 - INFO -     Cyclist     : 0.5419
2025-11-21 08:42:03,791 - INFO -     Motorcyclist: 0.4586
2025-11-21 08:42:03,791 - INFO -     Trafficcone : 0.6219
2025-11-21 08:42:04,002 - INFO -   mAP_0.5_0.95 提升到 0.5506 (最佳epoch: 44)
2025-11-21 08:42:04,936 - INFO - 💾 保存最新检查点: logs/moe3_rtdetr_r34_20251121_071440/latest_checkpoint.pth
2025-11-21 08:42:12,222 - INFO - Epoch 45 | Batch 0 | Loss: 8.00 (Det: 7.90, MoE: 2.0023)
2025-11-21 08:42:54,158 - INFO - Epoch 45 | Batch 50 | Loss: 8.11 (Det: 8.01, MoE: 2.0079)
2025-11-21 08:44:09,237 - INFO - Epoch 45:
2025-11-21 08:44:09,239 - INFO -   训练损失: 8.03 | 验证损失: 0.92
2025-11-21 08:44:09,239 - INFO -   预测/目标: 201600/93434
2025-11-21 08:44:09,239 - INFO -   检测损失: 7.93
2025-11-21 08:44:09,239 - INFO -   MoE负载均衡损失: 2.0029
2025-11-21 08:44:09,239 - INFO -   专家使用率: [33.46%, 34.22%, 32.32%]
2025-11-21 08:44:09,239 - INFO -   🎉 新的最佳验证损失: 0.92
2025-11-21 08:44:09,239 - INFO -   🎉 新的最佳mAP: 0.5554
2025-11-21 08:44:10,141 - INFO - 💾 保存最佳模型: logs/moe3_rtdetr_r34_20251121_071440/best_model.pth
2025-11-21 08:45:05,100 - INFO -   每个类别的 mAP@0.5:0.95:
2025-11-21 08:45:05,100 - INFO -     Car         : 0.7545
2025-11-21 08:45:05,100 - INFO -     Truck       : 0.4775
2025-11-21 08:45:05,100 - INFO -     Van         : 0.4648
2025-11-21 08:45:05,100 - INFO -     Bus         : 0.7104
2025-11-21 08:45:05,100 - INFO -     Pedestrian  : 0.3982
2025-11-21 08:45:05,100 - INFO -     Cyclist     : 0.5541
2025-11-21 08:45:05,100 - INFO -     Motorcyclist: 0.4605
2025-11-21 08:45:05,100 - INFO -     Trafficcone : 0.6235
2025-11-21 08:45:05,300 - INFO -   mAP_0.5_0.95 提升到 0.5554 (最佳epoch: 45)
2025-11-21 08:45:06,167 - INFO - 💾 保存最新检查点: logs/moe3_rtdetr_r34_20251121_071440/latest_checkpoint.pth
2025-11-21 08:45:11,244 - INFO - Epoch 46 | Batch 0 | Loss: 7.80 (Det: 7.70, MoE: 2.0002)
2025-11-21 08:45:53,849 - INFO - Epoch 46 | Batch 50 | Loss: 7.96 (Det: 7.86, MoE: 2.0030)
2025-11-21 08:47:09,066 - INFO - Epoch 46:
2025-11-21 08:47:09,067 - INFO -   训练损失: 7.97 | 验证损失: 0.91
2025-11-21 08:47:09,068 - INFO -   预测/目标: 201600/93434
2025-11-21 08:47:09,068 - INFO -   🎉 新的最佳验证损失: 0.91
2025-11-21 08:47:09,068 - INFO -   🎉 新的最佳mAP: 0.5566
2025-11-21 08:47:09,884 - INFO - 💾 保存最佳模型: logs/moe3_rtdetr_r34_20251121_071440/best_model.pth
2025-11-21 08:48:04,512 - INFO -   每个类别的 mAP@0.5:0.95:
2025-11-21 08:48:04,512 - INFO -     Car         : 0.7575
2025-11-21 08:48:04,512 - INFO -     Truck       : 0.4738
2025-11-21 08:48:04,512 - INFO -     Van         : 0.4444
2025-11-21 08:48:04,512 - INFO -     Bus         : 0.7227
2025-11-21 08:48:04,512 - INFO -     Pedestrian  : 0.4043
2025-11-21 08:48:04,512 - INFO -     Cyclist     : 0.5590
2025-11-21 08:48:04,512 - INFO -     Motorcyclist: 0.4679
2025-11-21 08:48:04,512 - INFO -     Trafficcone : 0.6231
2025-11-21 08:48:04,722 - INFO -   mAP_0.5_0.95 提升到 0.5566 (最佳epoch: 46)
2025-11-21 08:48:05,564 - INFO - 💾 保存最新检查点: logs/moe3_rtdetr_r34_20251121_071440/latest_checkpoint.pth
2025-11-21 08:48:12,619 - INFO - Epoch 47 | Batch 0 | Loss: 8.15 (Det: 8.05, MoE: 2.0000)
2025-11-21 08:48:54,965 - INFO - Epoch 47 | Batch 50 | Loss: 7.89 (Det: 7.79, MoE: 2.0045)
2025-11-21 08:50:11,287 - INFO - Epoch 47:
2025-11-21 08:50:11,288 - INFO -   训练损失: 7.90 | 验证损失: 0.91
2025-11-21 08:50:11,289 - INFO -   预测/目标: 201600/93434
2025-11-21 08:50:11,289 - INFO -   🎉 新的最佳验证损失: 0.91
2025-11-21 08:50:11,289 - INFO -   🎉 新的最佳mAP: 0.5570
2025-11-21 08:50:12,082 - INFO - 💾 保存最佳模型: logs/moe3_rtdetr_r34_20251121_071440/best_model.pth
2025-11-21 08:51:06,516 - INFO -   每个类别的 mAP@0.5:0.95:
2025-11-21 08:51:06,516 - INFO -     Car         : 0.7590
2025-11-21 08:51:06,516 - INFO -     Truck       : 0.4771
2025-11-21 08:51:06,516 - INFO -     Van         : 0.4232
2025-11-21 08:51:06,516 - INFO -     Bus         : 0.7356
2025-11-21 08:51:06,516 - INFO -     Pedestrian  : 0.4088
2025-11-21 08:51:06,516 - INFO -     Cyclist     : 0.5617
2025-11-21 08:51:06,516 - INFO -     Motorcyclist: 0.4663
2025-11-21 08:51:06,516 - INFO -     Trafficcone : 0.6242
2025-11-21 08:51:06,719 - INFO -   mAP_0.5_0.95 提升到 0.5570 (最佳epoch: 47)
2025-11-21 08:51:07,535 - INFO - 💾 保存最新检查点: logs/moe3_rtdetr_r34_20251121_071440/latest_checkpoint.pth
2025-11-21 08:51:13,199 - INFO - Epoch 48 | Batch 0 | Loss: 7.79 (Det: 7.69, MoE: 2.0075)
2025-11-21 08:51:55,648 - INFO - Epoch 48 | Batch 50 | Loss: 8.01 (Det: 7.91, MoE: 2.0042)
2025-11-21 08:53:12,529 - INFO - Epoch 48:
2025-11-21 08:53:12,529 - INFO -   训练损失: 7.86 | 验证损失: 0.91
2025-11-21 08:53:12,530 - INFO -   预测/目标: 201600/93434
2025-11-21 08:53:12,531 - INFO -   🎉 新的最佳验证损失: 0.91
2025-11-21 08:53:12,531 - INFO -   🎉 新的最佳mAP: 0.5581
2025-11-21 08:53:13,351 - INFO - 💾 保存最佳模型: logs/moe3_rtdetr_r34_20251121_071440/best_model.pth
2025-11-21 08:54:07,854 - INFO -   每个类别的 mAP@0.5:0.95:
2025-11-21 08:54:07,854 - INFO -     Car         : 0.7589
2025-11-21 08:54:07,855 - INFO -     Truck       : 0.4874
2025-11-21 08:54:07,855 - INFO -     Van         : 0.4066
2025-11-21 08:54:07,855 - INFO -     Bus         : 0.7403
2025-11-21 08:54:07,855 - INFO -     Pedestrian  : 0.4144
2025-11-21 08:54:07,855 - INFO -     Cyclist     : 0.5629
2025-11-21 08:54:07,855 - INFO -     Motorcyclist: 0.4707
2025-11-21 08:54:07,855 - INFO -     Trafficcone : 0.6233
2025-11-21 08:54:08,060 - INFO -   mAP_0.5_0.95 提升到 0.5581 (最佳epoch: 48)
2025-11-21 08:54:08,873 - INFO - 💾 保存最新检查点: logs/moe3_rtdetr_r34_20251121_071440/latest_checkpoint.pth
2025-11-21 08:54:15,066 - INFO - Epoch 49 | Batch 0 | Loss: 7.85 (Det: 7.75, MoE: 2.0075)
2025-11-21 08:54:56,592 - INFO - Epoch 49 | Batch 50 | Loss: 7.91 (Det: 7.81, MoE: 2.0004)
2025-11-21 08:56:12,310 - INFO - Epoch 49:
2025-11-21 08:56:12,311 - INFO -   训练损失: 7.81 | 验证损失: 0.90
2025-11-21 08:56:12,312 - INFO -   预测/目标: 201600/93434
2025-11-21 08:56:12,312 - INFO -   🎉 新的最佳验证损失: 0.90
2025-11-21 08:56:12,312 - INFO -   🎉 新的最佳mAP: 0.5632
2025-11-21 08:56:13,137 - INFO - 💾 保存最佳模型: logs/moe3_rtdetr_r34_20251121_071440/best_model.pth
2025-11-21 08:57:07,838 - INFO -   每个类别的 mAP@0.5:0.95:
2025-11-21 08:57:07,839 - INFO -     Car         : 0.7620
2025-11-21 08:57:07,839 - INFO -     Truck       : 0.4920
2025-11-21 08:57:07,839 - INFO -     Van         : 0.4224
2025-11-21 08:57:07,839 - INFO -     Bus         : 0.7462
2025-11-21 08:57:07,839 - INFO -     Pedestrian  : 0.4192
2025-11-21 08:57:07,839 - INFO -     Cyclist     : 0.5657
2025-11-21 08:57:07,839 - INFO -     Motorcyclist: 0.4725
2025-11-21 08:57:07,839 - INFO -     Trafficcone : 0.6256
2025-11-21 08:57:08,041 - INFO -   mAP_0.5_0.95 提升到 0.5632 (最佳epoch: 49)
2025-11-21 08:57:08,859 - INFO - 💾 保存最新检查点: logs/moe3_rtdetr_r34_20251121_071440/latest_checkpoint.pth
2025-11-21 08:57:16,585 - INFO - Epoch 50 | Batch 0 | Loss: 7.62 (Det: 7.52, MoE: 1.9999)
2025-11-21 08:57:58,958 - INFO - Epoch 50 | Batch 50 | Loss: 7.82 (Det: 7.72, MoE: 2.0020)
2025-11-21 08:59:14,056 - INFO - Epoch 50:
2025-11-21 08:59:14,057 - INFO -   训练损失: 7.75 | 验证损失: 0.90
2025-11-21 08:59:14,057 - INFO -   预测/目标: 201600/93434
2025-11-21 08:59:14,057 - INFO -   检测损失: 7.65
2025-11-21 08:59:14,057 - INFO -   MoE负载均衡损失: 2.0022
2025-11-21 08:59:14,057 - INFO -   专家使用率: [33.26%, 34.01%, 32.73%]
2025-11-21 08:59:14,057 - INFO -   🎉 新的最佳验证损失: 0.90
2025-11-21 08:59:14,057 - INFO -   🎉 新的最佳mAP: 0.5656
2025-11-21 08:59:14,805 - INFO - 💾 保存最佳模型: logs/moe3_rtdetr_r34_20251121_071440/best_model.pth
2025-11-21 09:00:09,279 - INFO -   每个类别的 mAP@0.5:0.95:
2025-11-21 09:00:09,279 - INFO -     Car         : 0.7633
2025-11-21 09:00:09,279 - INFO -     Truck       : 0.4949
2025-11-21 09:00:09,279 - INFO -     Van         : 0.4264
2025-11-21 09:00:09,279 - INFO -     Bus         : 0.7477
2025-11-21 09:00:09,279 - INFO -     Pedestrian  : 0.4225
2025-11-21 09:00:09,279 - INFO -     Cyclist     : 0.5685
2025-11-21 09:00:09,279 - INFO -     Motorcyclist: 0.4757
2025-11-21 09:00:09,280 - INFO -     Trafficcone : 0.6255
2025-11-21 09:00:09,490 - INFO -   mAP_0.5_0.95 提升到 0.5656 (最佳epoch: 50)
2025-11-21 09:00:10,358 - INFO - 💾 保存最新检查点: logs/moe3_rtdetr_r34_20251121_071440/latest_checkpoint.pth
2025-11-21 09:00:17,543 - INFO - Epoch 51 | Batch 0 | Loss: 7.58 (Det: 7.48, MoE: 2.0028)
2025-11-21 09:00:59,897 - INFO - Epoch 51 | Batch 50 | Loss: 7.80 (Det: 7.70, MoE: 2.0017)
2025-11-21 09:02:16,758 - INFO - Epoch 51:
2025-11-21 09:02:16,759 - INFO -   训练损失: 7.73 | 验证损失: 0.90
2025-11-21 09:02:16,759 - INFO -   预测/目标: 201600/93434
2025-11-21 09:02:16,759 - INFO -   🎉 新的最佳验证损失: 0.90
2025-11-21 09:02:16,760 - INFO -   🎉 新的最佳mAP: 0.5687
2025-11-21 09:02:17,575 - INFO - 💾 保存最佳模型: logs/moe3_rtdetr_r34_20251121_071440/best_model.pth
2025-11-21 09:03:12,765 - INFO -   每个类别的 mAP@0.5:0.95:
2025-11-21 09:03:12,765 - INFO -     Car         : 0.7643
2025-11-21 09:03:12,765 - INFO -     Truck       : 0.4945
2025-11-21 09:03:12,765 - INFO -     Van         : 0.4406
2025-11-21 09:03:12,765 - INFO -     Bus         : 0.7490
2025-11-21 09:03:12,765 - INFO -     Pedestrian  : 0.4253
2025-11-21 09:03:12,765 - INFO -     Cyclist     : 0.5734
2025-11-21 09:03:12,765 - INFO -     Motorcyclist: 0.4769
2025-11-21 09:03:12,765 - INFO -     Trafficcone : 0.6254
2025-11-21 09:03:12,978 - INFO -   mAP_0.5_0.95 提升到 0.5687 (最佳epoch: 51)
2025-11-21 09:03:13,791 - INFO - 💾 保存最新检查点: logs/moe3_rtdetr_r34_20251121_071440/latest_checkpoint.pth
2025-11-21 09:03:20,338 - INFO - Epoch 52 | Batch 0 | Loss: 7.40 (Det: 7.30, MoE: 2.0050)
2025-11-21 09:04:02,522 - INFO - Epoch 52 | Batch 50 | Loss: 7.68 (Det: 7.58, MoE: 1.9998)
2025-11-21 09:05:19,281 - INFO - Epoch 52:
2025-11-21 09:05:19,282 - INFO -   训练损失: 7.65 | 验证损失: 0.90
2025-11-21 09:05:19,283 - INFO -   预测/目标: 201600/93434
2025-11-21 09:05:19,283 - INFO -   🎉 新的最佳验证损失: 0.90
2025-11-21 09:05:19,283 - INFO -   🎉 新的最佳mAP: 0.5705
2025-11-21 09:05:20,114 - INFO - 💾 保存最佳模型: logs/moe3_rtdetr_r34_20251121_071440/best_model.pth
2025-11-21 09:06:16,005 - INFO -   每个类别的 mAP@0.5:0.95:
2025-11-21 09:06:16,005 - INFO -     Car         : 0.7651
2025-11-21 09:06:16,005 - INFO -     Truck       : 0.5017
2025-11-21 09:06:16,005 - INFO -     Van         : 0.4423
2025-11-21 09:06:16,005 - INFO -     Bus         : 0.7491
2025-11-21 09:06:16,005 - INFO -     Pedestrian  : 0.4274
2025-11-21 09:06:16,005 - INFO -     Cyclist     : 0.5759
2025-11-21 09:06:16,005 - INFO -     Motorcyclist: 0.4771
2025-11-21 09:06:16,005 - INFO -     Trafficcone : 0.6253
2025-11-21 09:06:16,205 - INFO -   mAP_0.5_0.95 提升到 0.5705 (最佳epoch: 52)
2025-11-21 09:06:16,995 - INFO - 💾 保存最新检查点: logs/moe3_rtdetr_r34_20251121_071440/latest_checkpoint.pth
2025-11-21 09:06:23,070 - INFO - Epoch 53 | Batch 0 | Loss: 7.54 (Det: 7.44, MoE: 2.0020)
2025-11-21 09:07:05,281 - INFO - Epoch 53 | Batch 50 | Loss: 7.82 (Det: 7.72, MoE: 1.9977)
2025-11-21 09:08:22,859 - INFO - Epoch 53:
2025-11-21 09:08:22,861 - INFO -   训练损失: 7.59 | 验证损失: 0.90
2025-11-21 09:08:22,861 - INFO -   预测/目标: 201600/93434
2025-11-21 09:08:22,861 - INFO -   🎉 新的最佳验证损失: 0.90
2025-11-21 09:08:22,861 - INFO -   🎉 新的最佳mAP: 0.5731
2025-11-21 09:08:23,603 - INFO - 💾 保存最佳模型: logs/moe3_rtdetr_r34_20251121_071440/best_model.pth
2025-11-21 09:09:18,210 - INFO -   每个类别的 mAP@0.5:0.95:
2025-11-21 09:09:18,210 - INFO -     Car         : 0.7655
2025-11-21 09:09:18,210 - INFO -     Truck       : 0.5043
2025-11-21 09:09:18,210 - INFO -     Van         : 0.4575
2025-11-21 09:09:18,210 - INFO -     Bus         : 0.7508
2025-11-21 09:09:18,210 - INFO -     Pedestrian  : 0.4291
2025-11-21 09:09:18,210 - INFO -     Cyclist     : 0.5741
2025-11-21 09:09:18,210 - INFO -     Motorcyclist: 0.4780
2025-11-21 09:09:18,210 - INFO -     Trafficcone : 0.6257
2025-11-21 09:09:18,409 - INFO -   mAP_0.5_0.95 提升到 0.5731 (最佳epoch: 53)
2025-11-21 09:09:19,206 - INFO - 💾 保存最新检查点: logs/moe3_rtdetr_r34_20251121_071440/latest_checkpoint.pth
2025-11-21 09:09:25,958 - INFO - Epoch 54 | Batch 0 | Loss: 7.53 (Det: 7.43, MoE: 2.0088)
2025-11-21 09:10:08,114 - INFO - Epoch 54 | Batch 50 | Loss: 7.58 (Det: 7.48, MoE: 1.9993)
2025-11-21 09:11:24,397 - INFO - Epoch 54:
2025-11-21 09:11:24,399 - INFO -   训练损失: 7.53 | 验证损失: 0.89
2025-11-21 09:11:24,399 - INFO -   预测/目标: 201600/93434
2025-11-21 09:11:24,399 - INFO -   🎉 新的最佳验证损失: 0.89
2025-11-21 09:11:24,399 - INFO -   🎉 新的最佳mAP: 0.5755
2025-11-21 09:11:25,198 - INFO - 💾 保存最佳模型: logs/moe3_rtdetr_r34_20251121_071440/best_model.pth
2025-11-21 09:12:21,000 - INFO -   每个类别的 mAP@0.5:0.95:
2025-11-21 09:12:21,000 - INFO -     Car         : 0.7663
2025-11-21 09:12:21,000 - INFO -     Truck       : 0.4949
2025-11-21 09:12:21,000 - INFO -     Van         : 0.4757
2025-11-21 09:12:21,000 - INFO -     Bus         : 0.7535
2025-11-21 09:12:21,000 - INFO -     Pedestrian  : 0.4312
2025-11-21 09:12:21,000 - INFO -     Cyclist     : 0.5771
2025-11-21 09:12:21,000 - INFO -     Motorcyclist: 0.4781
2025-11-21 09:12:21,000 - INFO -     Trafficcone : 0.6270
2025-11-21 09:12:21,203 - INFO -   mAP_0.5_0.95 提升到 0.5755 (最佳epoch: 54)
2025-11-21 09:12:22,061 - INFO - 💾 保存最新检查点: logs/moe3_rtdetr_r34_20251121_071440/latest_checkpoint.pth
2025-11-21 09:12:29,621 - INFO - Epoch 55 | Batch 0 | Loss: 7.37 (Det: 7.27, MoE: 1.9989)
2025-11-21 09:13:11,691 - INFO - Epoch 55 | Batch 50 | Loss: 7.54 (Det: 7.44, MoE: 1.9999)
2025-11-21 09:14:27,537 - INFO - Epoch 55:
2025-11-21 09:14:27,538 - INFO -   训练损失: 7.51 | 验证损失: 0.90
2025-11-21 09:14:27,538 - INFO -   预测/目标: 201600/93434
2025-11-21 09:14:27,539 - INFO -   检测损失: 7.41
2025-11-21 09:14:27,539 - INFO -   MoE负载均衡损失: 2.0008
2025-11-21 09:14:27,539 - INFO -   专家使用率: [33.13%, 33.90%, 32.98%]
2025-11-21 09:14:27,539 - INFO -   ⏳ mAP_0.5_0.95 无改善 (1/35), 最佳值: 0.5755 (epoch 54)
2025-11-21 09:14:28,343 - INFO - 💾 保存最新检查点: logs/moe3_rtdetr_r34_20251121_071440/latest_checkpoint.pth
2025-11-21 09:14:34,922 - INFO - Epoch 56 | Batch 0 | Loss: 7.38 (Det: 7.28, MoE: 2.0016)
2025-11-21 09:15:16,628 - INFO - Epoch 56 | Batch 50 | Loss: 7.60 (Det: 7.50, MoE: 1.9964)
2025-11-21 09:16:34,804 - INFO - Epoch 56:
2025-11-21 09:16:34,805 - INFO -   训练损失: 7.45 | 验证损失: 0.89
2025-11-21 09:16:34,805 - INFO -   预测/目标: 201600/93434
2025-11-21 09:16:34,805 - INFO -   🎉 新的最佳验证损失: 0.89
2025-11-21 09:16:34,805 - INFO -   ⏳ mAP_0.5_0.95 无改善 (2/35), 最佳值: 0.5755 (epoch 54)
2025-11-21 09:16:35,609 - INFO - 💾 保存最新检查点: logs/moe3_rtdetr_r34_20251121_071440/latest_checkpoint.pth
2025-11-21 09:16:42,450 - INFO - Epoch 57 | Batch 0 | Loss: 7.23 (Det: 7.13, MoE: 2.0047)
2025-11-21 09:17:25,122 - INFO - Epoch 57 | Batch 50 | Loss: 7.36 (Det: 7.27, MoE: 1.9974)
2025-11-21 09:18:42,316 - INFO - Epoch 57:
2025-11-21 09:18:42,317 - INFO -   训练损失: 7.43 | 验证损失: 0.89
2025-11-21 09:18:42,317 - INFO -   预测/目标: 201600/93434
2025-11-21 09:18:42,317 - INFO -   🎉 新的最佳验证损失: 0.89
2025-11-21 09:18:42,317 - INFO -   🎉 新的最佳mAP: 0.5785
2025-11-21 09:18:43,172 - INFO - 💾 保存最佳模型: logs/moe3_rtdetr_r34_20251121_071440/best_model.pth
2025-11-21 09:19:38,861 - INFO -   每个类别的 mAP@0.5:0.95:
2025-11-21 09:19:38,861 - INFO -     Car         : 0.7678
2025-11-21 09:19:38,861 - INFO -     Truck       : 0.5060
2025-11-21 09:19:38,861 - INFO -     Van         : 0.4778
2025-11-21 09:19:38,861 - INFO -     Bus         : 0.7555
2025-11-21 09:19:38,861 - INFO -     Pedestrian  : 0.4357
2025-11-21 09:19:38,861 - INFO -     Cyclist     : 0.5736
2025-11-21 09:19:38,861 - INFO -     Motorcyclist: 0.4840
2025-11-21 09:19:38,861 - INFO -     Trafficcone : 0.6274
2025-11-21 09:19:39,051 - INFO -   mAP_0.5_0.95 提升到 0.5785 (最佳epoch: 57)
2025-11-21 09:19:39,886 - INFO - 💾 保存最新检查点: logs/moe3_rtdetr_r34_20251121_071440/latest_checkpoint.pth
2025-11-21 09:19:44,793 - INFO - Epoch 58 | Batch 0 | Loss: 7.20 (Det: 7.10, MoE: 1.9975)
2025-11-21 09:20:28,317 - INFO - Epoch 58 | Batch 50 | Loss: 7.39 (Det: 7.29, MoE: 1.9981)
2025-11-21 09:21:45,757 - INFO - Epoch 58:
2025-11-21 09:21:45,758 - INFO -   训练损失: 7.36 | 验证损失: 0.89
2025-11-21 09:21:45,758 - INFO -   预测/目标: 201600/93434
2025-11-21 09:21:45,758 - INFO -   🎉 新的最佳mAP: 0.5807
2025-11-21 09:21:46,593 - INFO - 💾 保存最佳模型: logs/moe3_rtdetr_r34_20251121_071440/best_model.pth
2025-11-21 09:22:42,494 - INFO -   每个类别的 mAP@0.5:0.95:
2025-11-21 09:22:42,494 - INFO -     Car         : 0.7687
2025-11-21 09:22:42,494 - INFO -     Truck       : 0.5046
2025-11-21 09:22:42,494 - INFO -     Van         : 0.4918
2025-11-21 09:22:42,494 - INFO -     Bus         : 0.7577
2025-11-21 09:22:42,494 - INFO -     Pedestrian  : 0.4385
2025-11-21 09:22:42,494 - INFO -     Cyclist     : 0.5731
2025-11-21 09:22:42,494 - INFO -     Motorcyclist: 0.4848
2025-11-21 09:22:42,494 - INFO -     Trafficcone : 0.6264
2025-11-21 09:22:42,693 - INFO -   mAP_0.5_0.95 提升到 0.5807 (最佳epoch: 58)
2025-11-21 09:22:43,528 - INFO - 💾 保存最新检查点: logs/moe3_rtdetr_r34_20251121_071440/latest_checkpoint.pth
2025-11-21 09:22:51,540 - INFO - Epoch 59 | Batch 0 | Loss: 7.24 (Det: 7.14, MoE: 2.0007)
2025-11-21 09:23:33,233 - INFO - Epoch 59 | Batch 50 | Loss: 7.31 (Det: 7.21, MoE: 1.9977)
2025-11-21 09:24:49,964 - INFO - Epoch 59:
2025-11-21 09:24:49,966 - INFO -   训练损失: 7.31 | 验证损失: 0.89
2025-11-21 09:24:49,966 - INFO -   预测/目标: 201600/93434
2025-11-21 09:24:49,966 - INFO -   🎉 新的最佳验证损失: 0.89
2025-11-21 09:24:49,966 - INFO -   ⏳ mAP_0.5_0.95 无改善 (1/35), 最佳值: 0.5807 (epoch 58)
2025-11-21 09:24:50,887 - INFO - 💾 保存最新检查点: logs/moe3_rtdetr_r34_20251121_071440/latest_checkpoint.pth
2025-11-21 09:24:57,029 - INFO - Epoch 60 | Batch 0 | Loss: 7.36 (Det: 7.26, MoE: 1.9951)
2025-11-21 09:25:39,173 - INFO - Epoch 60 | Batch 50 | Loss: 7.43 (Det: 7.33, MoE: 2.0033)
2025-11-21 09:26:56,143 - INFO - Epoch 60:
2025-11-21 09:26:56,144 - INFO -   训练损失: 7.29 | 验证损失: 0.89
2025-11-21 09:26:56,144 - INFO -   预测/目标: 201600/93434
2025-11-21 09:26:56,144 - INFO -   检测损失: 7.19
2025-11-21 09:26:56,144 - INFO -   MoE负载均衡损失: 2.0001
2025-11-21 09:26:56,144 - INFO -   专家使用率: [33.11%, 33.88%, 33.01%]
2025-11-21 09:26:56,144 - INFO -   🎉 新的最佳验证损失: 0.89
2025-11-21 09:26:56,144 - INFO -   🎉 新的最佳mAP: 0.5827
2025-11-21 09:26:57,036 - INFO - 💾 保存最佳模型: logs/moe3_rtdetr_r34_20251121_071440/best_model.pth
2025-11-21 09:27:52,764 - INFO -   每个类别的 mAP@0.5:0.95:
2025-11-21 09:27:52,765 - INFO -     Car         : 0.7681
2025-11-21 09:27:52,765 - INFO -     Truck       : 0.5108
2025-11-21 09:27:52,765 - INFO -     Van         : 0.5033
2025-11-21 09:27:52,765 - INFO -     Bus         : 0.7586
2025-11-21 09:27:52,765 - INFO -     Pedestrian  : 0.4385
2025-11-21 09:27:52,765 - INFO -     Cyclist     : 0.5745
2025-11-21 09:27:52,765 - INFO -     Motorcyclist: 0.4817
2025-11-21 09:27:52,765 - INFO -     Trafficcone : 0.6261
2025-11-21 09:27:52,968 - INFO -   mAP_0.5_0.95 提升到 0.5827 (最佳epoch: 60)
2025-11-21 09:27:53,807 - INFO - 💾 保存最新检查点: logs/moe3_rtdetr_r34_20251121_071440/latest_checkpoint.pth
2025-11-21 09:28:00,992 - INFO - Epoch 61 | Batch 0 | Loss: 7.17 (Det: 7.07, MoE: 1.9992)
2025-11-21 09:28:43,324 - INFO - Epoch 61 | Batch 50 | Loss: 7.06 (Det: 6.96, MoE: 2.0040)
2025-11-21 09:29:59,806 - INFO - Epoch 61:
2025-11-21 09:29:59,808 - INFO -   训练损失: 7.23 | 验证损失: 0.89
2025-11-21 09:29:59,808 - INFO -   预测/目标: 201600/93434
2025-11-21 09:29:59,808 - INFO -   ⏳ mAP_0.5_0.95 无改善 (1/35), 最佳值: 0.5827 (epoch 60)
2025-11-21 09:30:00,638 - INFO - 💾 保存最新检查点: logs/moe3_rtdetr_r34_20251121_071440/latest_checkpoint.pth
2025-11-21 09:30:06,356 - INFO - Epoch 62 | Batch 0 | Loss: 7.33 (Det: 7.23, MoE: 1.9951)
2025-11-21 09:30:49,293 - INFO - Epoch 62 | Batch 50 | Loss: 7.15 (Det: 7.05, MoE: 1.9952)
2025-11-21 09:32:05,726 - INFO - Epoch 62:
2025-11-21 09:32:05,727 - INFO -   训练损失: 7.19 | 验证损失: 0.89
2025-11-21 09:32:05,727 - INFO -   预测/目标: 201600/93434
2025-11-21 09:32:05,727 - INFO -   🎉 新的最佳mAP: 0.5833
2025-11-21 09:32:06,654 - INFO - 💾 保存最佳模型: logs/moe3_rtdetr_r34_20251121_071440/best_model.pth
2025-11-21 09:33:02,461 - INFO -   每个类别的 mAP@0.5:0.95:
2025-11-21 09:33:02,462 - INFO -     Car         : 0.7679
2025-11-21 09:33:02,462 - INFO -     Truck       : 0.5105
2025-11-21 09:33:02,462 - INFO -     Van         : 0.5020
2025-11-21 09:33:02,462 - INFO -     Bus         : 0.7607
2025-11-21 09:33:02,462 - INFO -     Pedestrian  : 0.4413
2025-11-21 09:33:02,462 - INFO -     Cyclist     : 0.5749
2025-11-21 09:33:02,462 - INFO -     Motorcyclist: 0.4829
2025-11-21 09:33:02,462 - INFO -     Trafficcone : 0.6260
2025-11-21 09:33:02,668 - INFO -   mAP_0.5_0.95 提升到 0.5833 (最佳epoch: 62)
2025-11-21 09:33:03,524 - INFO - 💾 保存最新检查点: logs/moe3_rtdetr_r34_20251121_071440/latest_checkpoint.pth
2025-11-21 09:33:11,031 - INFO - Epoch 63 | Batch 0 | Loss: 7.18 (Det: 7.08, MoE: 2.0006)
2025-11-21 09:33:52,950 - INFO - Epoch 63 | Batch 50 | Loss: 7.16 (Det: 7.06, MoE: 2.0032)
2025-11-21 09:35:09,666 - INFO - Epoch 63:
2025-11-21 09:35:09,667 - INFO -   训练损失: 7.19 | 验证损失: 0.89
2025-11-21 09:35:09,667 - INFO -   预测/目标: 201600/93434
2025-11-21 09:35:09,667 - INFO -   🎉 新的最佳mAP: 0.5838
2025-11-21 09:35:10,565 - INFO - 💾 保存最佳模型: logs/moe3_rtdetr_r34_20251121_071440/best_model.pth
2025-11-21 09:36:07,036 - INFO -   每个类别的 mAP@0.5:0.95:
2025-11-21 09:36:07,037 - INFO -     Car         : 0.7675
2025-11-21 09:36:07,037 - INFO -     Truck       : 0.5106
2025-11-21 09:36:07,037 - INFO -     Van         : 0.5062
2025-11-21 09:36:07,037 - INFO -     Bus         : 0.7613
2025-11-21 09:36:07,037 - INFO -     Pedestrian  : 0.4430
2025-11-21 09:36:07,037 - INFO -     Cyclist     : 0.5724
2025-11-21 09:36:07,037 - INFO -     Motorcyclist: 0.4819
2025-11-21 09:36:07,037 - INFO -     Trafficcone : 0.6275
2025-11-21 09:36:07,277 - INFO -   mAP_0.5_0.95 提升到 0.5838 (最佳epoch: 63)
2025-11-21 09:36:08,231 - INFO - 💾 保存最新检查点: logs/moe3_rtdetr_r34_20251121_071440/latest_checkpoint.pth
2025-11-21 09:36:14,093 - INFO - Epoch 64 | Batch 0 | Loss: 7.04 (Det: 6.94, MoE: 2.0028)
2025-11-21 09:36:58,891 - INFO - Epoch 64 | Batch 50 | Loss: 7.22 (Det: 7.12, MoE: 1.9972)
2025-11-21 09:38:20,345 - INFO - Epoch 64:
2025-11-21 09:38:20,346 - INFO -   训练损失: 7.11 | 验证损失: 0.89
2025-11-21 09:38:20,346 - INFO -   预测/目标: 201600/93434
2025-11-21 09:38:20,346 - INFO -   ⏳ mAP_0.5_0.95 无改善 (1/35), 最佳值: 0.5838 (epoch 63)
2025-11-21 09:38:21,339 - INFO - 💾 保存最新检查点: logs/moe3_rtdetr_r34_20251121_071440/latest_checkpoint.pth
2025-11-21 09:38:29,663 - INFO - Epoch 65 | Batch 0 | Loss: 7.01 (Det: 6.91, MoE: 1.9983)
2025-11-21 09:39:14,433 - INFO - Epoch 65 | Batch 50 | Loss: 7.14 (Det: 7.04, MoE: 2.0024)
2025-11-21 09:40:30,991 - INFO - Epoch 65:
2025-11-21 09:40:30,992 - INFO -   训练损失: 7.07 | 验证损失: 0.89
2025-11-21 09:40:30,993 - INFO -   预测/目标: 201600/93434
2025-11-21 09:40:30,993 - INFO -   检测损失: 6.97
2025-11-21 09:40:30,993 - INFO -   MoE负载均衡损失: 1.9980
2025-11-21 09:40:30,993 - INFO -   专家使用率: [32.79%, 33.90%, 33.31%]
2025-11-21 09:40:30,993 - INFO -   ⏳ mAP_0.5_0.95 无改善 (2/35), 最佳值: 0.5838 (epoch 63)
2025-11-21 09:40:31,940 - INFO - 💾 保存最新检查点: logs/moe3_rtdetr_r34_20251121_071440/latest_checkpoint.pth
2025-11-21 09:40:38,824 - INFO - Epoch 66 | Batch 0 | Loss: 7.02 (Det: 6.92, MoE: 2.0027)
2025-11-21 09:41:21,573 - INFO - Epoch 66 | Batch 50 | Loss: 6.97 (Det: 6.87, MoE: 2.0013)
2025-11-21 09:42:38,858 - INFO - Epoch 66:
2025-11-21 09:42:38,859 - INFO -   训练损失: 7.04 | 验证损失: 0.89
2025-11-21 09:42:38,859 - INFO -   预测/目标: 201600/93434
2025-11-21 09:42:38,859 - INFO -   ⏳ mAP_0.5_0.95 无改善 (3/35), 最佳值: 0.5838 (epoch 63)
2025-11-21 09:42:39,764 - INFO - 💾 保存最新检查点: logs/moe3_rtdetr_r34_20251121_071440/latest_checkpoint.pth
2025-11-21 09:42:45,511 - INFO - Epoch 67 | Batch 0 | Loss: 7.10 (Det: 7.00, MoE: 2.0028)
2025-11-21 09:43:27,865 - INFO - Epoch 67 | Batch 50 | Loss: 7.02 (Det: 6.92, MoE: 1.9967)
2025-11-21 09:44:45,636 - INFO - Epoch 67:
2025-11-21 09:44:45,637 - INFO -   训练损失: 6.97 | 验证损失: 0.89
2025-11-21 09:44:45,637 - INFO -   预测/目标: 201600/93434
2025-11-21 09:44:45,638 - INFO -   🎉 新的最佳mAP: 0.5846
2025-11-21 09:44:48,614 - INFO - 💾 保存最佳模型: logs/moe3_rtdetr_r34_20251121_071440/best_model.pth
2025-11-21 09:45:47,291 - INFO -   每个类别的 mAP@0.5:0.95:
2025-11-21 09:45:47,291 - INFO -     Car         : 0.7703
2025-11-21 09:45:47,291 - INFO -     Truck       : 0.5023
2025-11-21 09:45:47,291 - INFO -     Van         : 0.5261
2025-11-21 09:45:47,291 - INFO -     Bus         : 0.7594
2025-11-21 09:45:47,291 - INFO -     Pedestrian  : 0.4426
2025-11-21 09:45:47,291 - INFO -     Cyclist     : 0.5687
2025-11-21 09:45:47,291 - INFO -     Motorcyclist: 0.4847
2025-11-21 09:45:47,291 - INFO -     Trafficcone : 0.6230
2025-11-21 09:45:47,480 - INFO -   mAP_0.5_0.95 提升到 0.5846 (最佳epoch: 67)
2025-11-21 09:45:49,464 - INFO - 💾 保存最新检查点: logs/moe3_rtdetr_r34_20251121_071440/latest_checkpoint.pth
2025-11-21 09:45:55,053 - INFO - Epoch 68 | Batch 0 | Loss: 6.93 (Det: 6.83, MoE: 1.9964)
2025-11-21 09:46:38,542 - INFO - Epoch 68 | Batch 50 | Loss: 6.94 (Det: 6.84, MoE: 2.0005)
2025-11-21 09:47:54,916 - INFO - Epoch 68:
2025-11-21 09:47:54,917 - INFO -   训练损失: 6.93 | 验证损失: 0.90
2025-11-21 09:47:54,917 - INFO -   预测/目标: 201600/93434
2025-11-21 09:47:54,918 - INFO -   ⏳ mAP_0.5_0.95 无改善 (1/35), 最佳值: 0.5846 (epoch 67)
2025-11-21 09:47:59,141 - INFO - 💾 保存最新检查点: logs/moe3_rtdetr_r34_20251121_071440/latest_checkpoint.pth
2025-11-21 09:48:05,387 - INFO - Epoch 69 | Batch 0 | Loss: 6.93 (Det: 6.83, MoE: 1.9927)
2025-11-21 09:48:48,229 - INFO - Epoch 69 | Batch 50 | Loss: 6.90 (Det: 6.80, MoE: 2.0013)
2025-11-21 09:50:06,214 - INFO - Epoch 69:
2025-11-21 09:50:06,215 - INFO -   训练损失: 6.91 | 验证损失: 0.90
2025-11-21 09:50:06,215 - INFO -   预测/目标: 201600/93434
2025-11-21 09:50:06,215 - INFO -   ⏳ mAP_0.5_0.95 无改善 (2/35), 最佳值: 0.5846 (epoch 67)
2025-11-21 09:50:09,181 - INFO - 💾 保存最新检查点: logs/moe3_rtdetr_r34_20251121_071440/latest_checkpoint.pth
2025-11-21 09:50:16,228 - INFO - Epoch 70 | Batch 0 | Loss: 6.65 (Det: 6.55, MoE: 1.9995)
2025-11-21 09:50:58,160 - INFO - Epoch 70 | Batch 50 | Loss: 6.87 (Det: 6.77, MoE: 1.9956)
2025-11-21 09:52:15,284 - INFO - Epoch 70:
2025-11-21 09:52:15,286 - INFO -   训练损失: 6.86 | 验证损失: 0.90
2025-11-21 09:52:15,286 - INFO -   预测/目标: 201600/93434
2025-11-21 09:52:15,286 - INFO -   检测损失: 6.76
2025-11-21 09:52:15,286 - INFO -   MoE负载均衡损失: 1.9996
2025-11-21 09:52:15,286 - INFO -   专家使用率: [32.98%, 33.79%, 33.23%]
2025-11-21 09:52:15,286 - INFO -   ⏳ mAP_0.5_0.95 无改善 (3/35), 最佳值: 0.5846 (epoch 67)
2025-11-21 09:52:16,171 - INFO - 💾 保存最新检查点: logs/moe3_rtdetr_r34_20251121_071440/latest_checkpoint.pth
2025-11-21 09:52:23,361 - INFO - Epoch 71 | Batch 0 | Loss: 6.86 (Det: 6.76, MoE: 1.9938)
2025-11-21 09:53:05,665 - INFO - Epoch 71 | Batch 50 | Loss: 6.97 (Det: 6.87, MoE: 1.9962)
2025-11-21 09:54:23,399 - INFO - Epoch 71:
2025-11-21 09:54:23,400 - INFO -   训练损失: 6.82 | 验证损失: 0.90
2025-11-21 09:54:23,401 - INFO -   预测/目标: 201600/93434
2025-11-21 09:54:23,401 - INFO -   ⏳ mAP_0.5_0.95 无改善 (4/35), 最佳值: 0.5846 (epoch 67)
2025-11-21 09:54:24,324 - INFO - 💾 保存最新检查点: logs/moe3_rtdetr_r34_20251121_071440/latest_checkpoint.pth
2025-11-21 09:54:31,673 - INFO - Epoch 72 | Batch 0 | Loss: 6.94 (Det: 6.84, MoE: 1.9985)
2025-11-21 09:55:13,836 - INFO - Epoch 72 | Batch 50 | Loss: 6.75 (Det: 6.65, MoE: 1.9987)
2025-11-21 09:56:31,519 - INFO - Epoch 72:
2025-11-21 09:56:31,521 - INFO -   训练损失: 6.80 | 验证损失: 0.90
2025-11-21 09:56:31,521 - INFO -   预测/目标: 201600/93434
2025-11-21 09:56:31,521 - INFO -   ⏳ mAP_0.5_0.95 无改善 (5/35), 最佳值: 0.5846 (epoch 67)
2025-11-21 09:56:32,382 - INFO - 💾 保存最新检查点: logs/moe3_rtdetr_r34_20251121_071440/latest_checkpoint.pth
2025-11-21 09:56:37,430 - INFO - Epoch 73 | Batch 0 | Loss: 6.74 (Det: 6.64, MoE: 1.9990)
2025-11-21 09:57:21,368 - INFO - Epoch 73 | Batch 50 | Loss: 6.68 (Det: 6.58, MoE: 1.9970)
2025-11-21 09:58:38,794 - INFO - Epoch 73:
2025-11-21 09:58:38,795 - INFO -   训练损失: 6.79 | 验证损失: 0.90
2025-11-21 09:58:38,795 - INFO -   预测/目标: 201600/93434
2025-11-21 09:58:38,795 - INFO -   ⏳ mAP_0.5_0.95 无改善 (6/35), 最佳值: 0.5846 (epoch 67)
2025-11-21 09:58:39,696 - INFO - 💾 保存最新检查点: logs/moe3_rtdetr_r34_20251121_071440/latest_checkpoint.pth
2025-11-21 09:58:47,023 - INFO - Epoch 74 | Batch 0 | Loss: 6.73 (Det: 6.63, MoE: 2.0012)
2025-11-21 09:59:29,287 - INFO - Epoch 74 | Batch 50 | Loss: 6.57 (Det: 6.47, MoE: 1.9969)
2025-11-21 10:00:46,531 - INFO - Epoch 74:
2025-11-21 10:00:46,533 - INFO -   训练损失: 6.72 | 验证损失: 0.90
2025-11-21 10:00:46,534 - INFO -   预测/目标: 201600/93434
2025-11-21 10:00:46,534 - INFO -   ⏳ mAP_0.5_0.95 无改善 (7/35), 最佳值: 0.5846 (epoch 67)
2025-11-21 10:00:47,443 - INFO - 💾 保存最新检查点: logs/moe3_rtdetr_r34_20251121_071440/latest_checkpoint.pth
2025-11-21 10:00:53,228 - INFO - Epoch 75 | Batch 0 | Loss: 6.65 (Det: 6.55, MoE: 1.9982)
2025-11-21 10:01:36,194 - INFO - Epoch 75 | Batch 50 | Loss: 6.69 (Det: 6.59, MoE: 1.9984)
2025-11-21 10:02:55,295 - INFO - Epoch 75:
2025-11-21 10:02:55,297 - INFO -   训练损失: 6.66 | 验证损失: 0.91
2025-11-21 10:02:55,297 - INFO -   预测/目标: 201600/93434
2025-11-21 10:02:55,297 - INFO -   检测损失: 6.56
2025-11-21 10:02:55,297 - INFO -   MoE负载均衡损失: 1.9974
2025-11-21 10:02:55,297 - INFO -   专家使用率: [32.89%, 33.38%, 33.74%]
2025-11-21 10:02:55,297 - INFO -   ⏳ mAP_0.5_0.95 无改善 (8/35), 最佳值: 0.5846 (epoch 67)
2025-11-21 10:02:56,181 - INFO - 💾 保存最新检查点: logs/moe3_rtdetr_r34_20251121_071440/latest_checkpoint.pth
2025-11-21 10:03:03,388 - INFO - Epoch 76 | Batch 0 | Loss: 6.68 (Det: 6.58, MoE: 2.0033)
2025-11-21 10:03:45,952 - INFO - Epoch 76 | Batch 50 | Loss: 6.72 (Det: 6.62, MoE: 1.9936)
2025-11-21 10:05:04,190 - INFO - Epoch 76:
2025-11-21 10:05:04,191 - INFO -   训练损失: 6.62 | 验证损失: 0.91
2025-11-21 10:05:04,191 - INFO -   预测/目标: 201600/93434
2025-11-21 10:05:04,191 - INFO -   ⏳ mAP_0.5_0.95 无改善 (9/35), 最佳值: 0.5846 (epoch 67)
2025-11-21 10:05:05,164 - INFO - 💾 保存最新检查点: logs/moe3_rtdetr_r34_20251121_071440/latest_checkpoint.pth
2025-11-21 10:05:11,249 - INFO - Epoch 77 | Batch 0 | Loss: 6.61 (Det: 6.51, MoE: 1.9984)
2025-11-21 10:05:54,267 - INFO - Epoch 77 | Batch 50 | Loss: 6.59 (Det: 6.49, MoE: 1.9941)
2025-11-21 10:07:13,051 - INFO - Epoch 77:
2025-11-21 10:07:13,052 - INFO -   训练损失: 6.62 | 验证损失: 0.91
2025-11-21 10:07:13,052 - INFO -   预测/目标: 201600/93434
2025-11-21 10:07:13,052 - INFO -   ⏳ mAP_0.5_0.95 无改善 (10/35), 最佳值: 0.5846 (epoch 67)
2025-11-21 10:07:14,007 - INFO - 💾 保存最新检查点: logs/moe3_rtdetr_r34_20251121_071440/latest_checkpoint.pth
2025-11-21 10:07:18,683 - INFO - Epoch 78 | Batch 0 | Loss: 6.38 (Det: 6.28, MoE: 1.9999)
2025-11-21 10:08:02,792 - INFO - Epoch 78 | Batch 50 | Loss: 6.66 (Det: 6.56, MoE: 1.9926)
2025-11-21 10:09:22,093 - INFO - Epoch 78:
2025-11-21 10:09:22,095 - INFO -   训练损失: 6.53 | 验证损失: 0.91
2025-11-21 10:09:22,095 - INFO -   预测/目标: 201600/93434
2025-11-21 10:09:22,095 - INFO -   ⏳ mAP_0.5_0.95 无改善 (11/35), 最佳值: 0.5846 (epoch 67)
2025-11-21 10:09:23,028 - INFO - 💾 保存最新检查点: logs/moe3_rtdetr_r34_20251121_071440/latest_checkpoint.pth
2025-11-21 10:09:28,700 - INFO - Epoch 79 | Batch 0 | Loss: 6.50 (Det: 6.40, MoE: 1.9981)
2025-11-21 10:10:11,597 - INFO - Epoch 79 | Batch 50 | Loss: 6.71 (Det: 6.61, MoE: 1.9995)
2025-11-21 10:11:31,520 - INFO - Epoch 79:
2025-11-21 10:11:31,521 - INFO -   训练损失: 6.53 | 验证损失: 0.91
2025-11-21 10:11:31,521 - INFO -   预测/目标: 201600/93434
2025-11-21 10:11:31,521 - INFO -   ⏳ mAP_0.5_0.95 无改善 (12/35), 最佳值: 0.5846 (epoch 67)
2025-11-21 10:11:32,530 - INFO - 💾 保存最新检查点: logs/moe3_rtdetr_r34_20251121_071440/latest_checkpoint.pth
2025-11-21 10:11:39,043 - INFO - Epoch 80 | Batch 0 | Loss: 6.48 (Det: 6.38, MoE: 1.9914)
2025-11-21 10:12:21,278 - INFO - Epoch 80 | Batch 50 | Loss: 6.68 (Det: 6.58, MoE: 1.9986)
2025-11-21 10:13:40,412 - INFO - Epoch 80:
2025-11-21 10:13:40,413 - INFO -   训练损失: 6.49 | 验证损失: 0.91
2025-11-21 10:13:40,413 - INFO -   预测/目标: 201600/93434
2025-11-21 10:13:40,413 - INFO -   检测损失: 6.39
2025-11-21 10:13:40,413 - INFO -   MoE负载均衡损失: 1.9978
2025-11-21 10:13:40,413 - INFO -   专家使用率: [33.19%, 33.22%, 33.59%]
2025-11-21 10:13:40,414 - INFO -   ⏳ mAP_0.5_0.95 无改善 (13/35), 最佳值: 0.5846 (epoch 67)
2025-11-21 10:13:41,388 - INFO - 💾 保存最新检查点: logs/moe3_rtdetr_r34_20251121_071440/latest_checkpoint.pth
2025-11-21 10:13:48,955 - INFO - Epoch 81 | Batch 0 | Loss: 6.51 (Det: 6.41, MoE: 1.9949)
2025-11-21 10:14:31,520 - INFO - Epoch 81 | Batch 50 | Loss: 6.48 (Det: 6.38, MoE: 1.9961)
2025-11-21 10:15:50,787 - INFO - Epoch 81:
2025-11-21 10:15:50,788 - INFO -   训练损失: 6.48 | 验证损失: 0.91
2025-11-21 10:15:50,788 - INFO -   预测/目标: 201600/93434
2025-11-21 10:15:50,788 - INFO -   ⏳ mAP_0.5_0.95 无改善 (14/35), 最佳值: 0.5846 (epoch 67)
2025-11-21 10:15:51,693 - INFO - 💾 保存最新检查点: logs/moe3_rtdetr_r34_20251121_071440/latest_checkpoint.pth
2025-11-21 10:15:56,968 - INFO - Epoch 82 | Batch 0 | Loss: 6.51 (Det: 6.41, MoE: 2.0007)
2025-11-21 10:16:40,257 - INFO - Epoch 82 | Batch 50 | Loss: 6.42 (Det: 6.32, MoE: 1.9908)
2025-11-21 10:18:00,501 - INFO - Epoch 82:
2025-11-21 10:18:00,502 - INFO -   训练损失: 6.44 | 验证损失: 0.92
2025-11-21 10:18:00,502 - INFO -   预测/目标: 201600/93434
2025-11-21 10:18:00,502 - INFO -   ⏳ mAP_0.5_0.95 无改善 (15/35), 最佳值: 0.5846 (epoch 67)
2025-11-21 10:18:02,057 - INFO - 💾 保存最新检查点: logs/moe3_rtdetr_r34_20251121_071440/latest_checkpoint.pth
2025-11-21 10:18:09,611 - INFO - Epoch 83 | Batch 0 | Loss: 6.36 (Det: 6.26, MoE: 2.0027)
2025-11-21 10:18:51,306 - INFO - Epoch 83 | Batch 50 | Loss: 6.15 (Det: 6.05, MoE: 1.9969)
2025-11-21 10:20:10,614 - INFO - Epoch 83:
2025-11-21 10:20:10,616 - INFO -   训练损失: 6.36 | 验证损失: 0.92
2025-11-21 10:20:10,616 - INFO -   预测/目标: 201600/93434
2025-11-21 10:20:10,616 - INFO -   ⏳ mAP_0.5_0.95 无改善 (16/35), 最佳值: 0.5846 (epoch 67)
2025-11-21 10:20:11,565 - INFO - 💾 保存最新检查点: logs/moe3_rtdetr_r34_20251121_071440/latest_checkpoint.pth
2025-11-21 10:20:18,909 - INFO - Epoch 84 | Batch 0 | Loss: 6.39 (Det: 6.29, MoE: 1.9947)
2025-11-21 10:21:02,071 - INFO - Epoch 84 | Batch 50 | Loss: 6.21 (Det: 6.11, MoE: 1.9962)
2025-11-21 10:22:20,274 - INFO - Epoch 84:
2025-11-21 10:22:20,275 - INFO -   训练损失: 6.34 | 验证损失: 0.92
2025-11-21 10:22:20,275 - INFO -   预测/目标: 201600/93434
2025-11-21 10:22:20,275 - INFO -   ⏳ mAP_0.5_0.95 无改善 (17/35), 最佳值: 0.5846 (epoch 67)
2025-11-21 10:22:21,224 - INFO - 💾 保存最新检查点: logs/moe3_rtdetr_r34_20251121_071440/latest_checkpoint.pth
2025-11-21 10:22:29,283 - INFO - Epoch 85 | Batch 0 | Loss: 6.16 (Det: 6.06, MoE: 1.9933)
2025-11-21 10:23:10,115 - INFO - Epoch 85 | Batch 50 | Loss: 6.21 (Det: 6.11, MoE: 1.9973)
2025-11-21 10:24:33,672 - INFO - Epoch 85:
2025-11-21 10:24:33,674 - INFO -   训练损失: 6.29 | 验证损失: 0.93
2025-11-21 10:24:33,674 - INFO -   预测/目标: 201600/93434
2025-11-21 10:24:33,674 - INFO -   检测损失: 6.19
2025-11-21 10:24:33,674 - INFO -   MoE负载均衡损失: 1.9958
2025-11-21 10:24:33,674 - INFO -   专家使用率: [32.84%, 33.41%, 33.75%]
2025-11-21 10:24:33,674 - INFO -   ⏳ mAP_0.5_0.95 无改善 (18/35), 最佳值: 0.5846 (epoch 67)
2025-11-21 10:24:34,630 - INFO - 💾 保存最新检查点: logs/moe3_rtdetr_r34_20251121_071440/latest_checkpoint.pth
2025-11-21 10:24:40,555 - INFO - Epoch 86 | Batch 0 | Loss: 6.28 (Det: 6.18, MoE: 1.9911)
2025-11-21 10:25:23,405 - INFO - Epoch 86 | Batch 50 | Loss: 6.18 (Det: 6.08, MoE: 1.9906)
2025-11-21 10:26:43,786 - INFO - Epoch 86:
2025-11-21 10:26:43,788 - INFO -   训练损失: 6.34 | 验证损失: 0.92
2025-11-21 10:26:43,788 - INFO -   预测/目标: 201600/93434
2025-11-21 10:26:43,788 - INFO -   ⏳ mAP_0.5_0.95 无改善 (19/35), 最佳值: 0.5846 (epoch 67)
2025-11-21 10:26:44,809 - INFO - 💾 保存最新检查点: logs/moe3_rtdetr_r34_20251121_071440/latest_checkpoint.pth
2025-11-21 10:26:51,135 - INFO - Epoch 87 | Batch 0 | Loss: 6.38 (Det: 6.28, MoE: 1.9947)
2025-11-21 10:27:33,635 - INFO - Epoch 87 | Batch 50 | Loss: 6.21 (Det: 6.11, MoE: 1.9990)
2025-11-21 10:28:54,832 - INFO - Epoch 87:
2025-11-21 10:28:54,833 - INFO -   训练损失: 6.27 | 验证损失: 0.93
2025-11-21 10:28:54,833 - INFO -   预测/目标: 201600/93434
2025-11-21 10:28:54,833 - INFO -   ⏳ mAP_0.5_0.95 无改善 (20/35), 最佳值: 0.5846 (epoch 67)
2025-11-21 10:28:55,919 - INFO - 💾 保存最新检查点: logs/moe3_rtdetr_r34_20251121_071440/latest_checkpoint.pth
2025-11-21 10:29:02,988 - INFO - Epoch 88 | Batch 0 | Loss: 6.12 (Det: 6.02, MoE: 2.0121)
2025-11-21 10:29:44,274 - INFO - Epoch 88 | Batch 50 | Loss: 6.42 (Det: 6.32, MoE: 1.9924)
2025-11-21 10:31:17,816 - INFO - Epoch 88:
2025-11-21 10:31:17,817 - INFO -   训练损失: 6.20 | 验证损失: 0.93
2025-11-21 10:31:17,818 - INFO -   预测/目标: 201600/93434
2025-11-21 10:31:17,818 - INFO -   ⏳ mAP_0.5_0.95 无改善 (21/35), 最佳值: 0.5846 (epoch 67)
2025-11-21 10:31:18,825 - INFO - 💾 保存最新检查点: logs/moe3_rtdetr_r34_20251121_071440/latest_checkpoint.pth
2025-11-21 10:31:27,222 - INFO - Epoch 89 | Batch 0 | Loss: 6.12 (Det: 6.02, MoE: 1.9931)
2025-11-21 10:32:12,366 - INFO - Epoch 89 | Batch 50 | Loss: 6.24 (Det: 6.14, MoE: 1.9964)
2025-11-21 10:33:38,465 - INFO - Epoch 89:
2025-11-21 10:33:38,466 - INFO -   训练损失: 6.19 | 验证损失: 0.93
2025-11-21 10:33:38,467 - INFO -   预测/目标: 201600/93434
2025-11-21 10:33:38,467 - INFO -   ⏳ mAP_0.5_0.95 无改善 (22/35), 最佳值: 0.5846 (epoch 67)
2025-11-21 10:33:39,532 - INFO - 💾 保存最新检查点: logs/moe3_rtdetr_r34_20251121_071440/latest_checkpoint.pth
2025-11-21 10:33:47,725 - INFO - Epoch 90 | Batch 0 | Loss: 6.08 (Det: 5.98, MoE: 1.9923)
2025-11-21 10:34:30,077 - INFO - Epoch 90 | Batch 50 | Loss: 6.29 (Det: 6.19, MoE: 1.9918)
2025-11-21 10:35:48,390 - INFO - Epoch 90:
2025-11-21 10:35:48,392 - INFO -   训练损失: 6.15 | 验证损失: 0.94
2025-11-21 10:35:48,392 - INFO -   预测/目标: 201600/93434
2025-11-21 10:35:48,392 - INFO -   检测损失: 6.05
2025-11-21 10:35:48,392 - INFO -   MoE负载均衡损失: 1.9957
2025-11-21 10:35:48,392 - INFO -   专家使用率: [32.88%, 33.30%, 33.83%]
2025-11-21 10:35:48,392 - INFO -   ⏳ mAP_0.5_0.95 无改善 (23/35), 最佳值: 0.5846 (epoch 67)
2025-11-21 10:35:49,698 - INFO - 💾 保存最新检查点: logs/moe3_rtdetr_r34_20251121_071440/latest_checkpoint.pth
2025-11-21 10:35:57,529 - INFO - Epoch 91 | Batch 0 | Loss: 6.02 (Det: 5.93, MoE: 1.9951)
2025-11-21 10:36:39,535 - INFO - Epoch 91 | Batch 50 | Loss: 6.02 (Det: 5.92, MoE: 1.9955)
2025-11-21 10:37:58,114 - INFO - Epoch 91:
2025-11-21 10:37:58,115 - INFO -   训练损失: 6.13 | 验证损失: 0.94
2025-11-21 10:37:58,116 - INFO -   预测/目标: 201600/93434
2025-11-21 10:37:58,116 - INFO -   ⏳ mAP_0.5_0.95 无改善 (24/35), 最佳值: 0.5846 (epoch 67)
2025-11-21 10:37:59,080 - INFO - 💾 保存最新检查点: logs/moe3_rtdetr_r34_20251121_071440/latest_checkpoint.pth
2025-11-21 10:38:06,508 - INFO - Epoch 92 | Batch 0 | Loss: 6.15 (Det: 6.05, MoE: 1.9932)
2025-11-21 10:38:49,106 - INFO - Epoch 92 | Batch 50 | Loss: 5.95 (Det: 5.85, MoE: 1.9953)
2025-11-21 10:40:07,066 - INFO - Epoch 92:
2025-11-21 10:40:07,067 - INFO -   训练损失: 6.11 | 验证损失: 0.94
2025-11-21 10:40:07,068 - INFO -   预测/目标: 201600/93434
2025-11-21 10:40:07,068 - INFO -   ⏳ mAP_0.5_0.95 无改善 (25/35), 最佳值: 0.5846 (epoch 67)
2025-11-21 10:40:08,355 - INFO - 💾 保存最新检查点: logs/moe3_rtdetr_r34_20251121_071440/latest_checkpoint.pth
2025-11-21 10:40:16,362 - INFO - Epoch 93 | Batch 0 | Loss: 6.01 (Det: 5.91, MoE: 1.9924)
2025-11-21 10:40:57,978 - INFO - Epoch 93 | Batch 50 | Loss: 6.06 (Det: 5.96, MoE: 1.9969)
2025-11-21 10:42:17,502 - INFO - Epoch 93:
2025-11-21 10:42:17,503 - INFO -   训练损失: 6.06 | 验证损失: 0.94
2025-11-21 10:42:17,503 - INFO -   预测/目标: 201600/93434
2025-11-21 10:42:17,503 - INFO -   ⏳ mAP_0.5_0.95 无改善 (26/35), 最佳值: 0.5846 (epoch 67)
2025-11-21 10:42:18,440 - INFO - 💾 保存最新检查点: logs/moe3_rtdetr_r34_20251121_071440/latest_checkpoint.pth
2025-11-21 10:42:25,259 - INFO - Epoch 94 | Batch 0 | Loss: 6.10 (Det: 6.00, MoE: 1.9946)
2025-11-21 10:43:08,005 - INFO - Epoch 94 | Batch 50 | Loss: 6.02 (Det: 5.92, MoE: 1.9979)
2025-11-21 10:44:26,570 - INFO - Epoch 94:
2025-11-21 10:44:26,571 - INFO -   训练损失: 6.06 | 验证损失: 0.94
2025-11-21 10:44:26,572 - INFO -   预测/目标: 201600/93434
2025-11-21 10:44:26,572 - INFO -   ⏳ mAP_0.5_0.95 无改善 (27/35), 最佳值: 0.5846 (epoch 67)
2025-11-21 10:44:27,518 - INFO - 💾 保存最新检查点: logs/moe3_rtdetr_r34_20251121_071440/latest_checkpoint.pth
2025-11-21 10:44:34,073 - INFO - Epoch 95 | Batch 0 | Loss: 6.22 (Det: 6.12, MoE: 1.9952)
2025-11-21 10:45:16,736 - INFO - Epoch 95 | Batch 50 | Loss: 5.95 (Det: 5.85, MoE: 1.9989)
2025-11-21 10:46:35,287 - INFO - Epoch 95:
2025-11-21 10:46:35,289 - INFO -   训练损失: 6.03 | 验证损失: 0.95
2025-11-21 10:46:35,289 - INFO -   预测/目标: 201600/93434
2025-11-21 10:46:35,289 - INFO -   检测损失: 5.93
2025-11-21 10:46:35,289 - INFO -   MoE负载均衡损失: 1.9958
2025-11-21 10:46:35,289 - INFO -   专家使用率: [33.15%, 33.19%, 33.66%]
2025-11-21 10:46:35,289 - INFO -   ⏳ mAP_0.5_0.95 无改善 (28/35), 最佳值: 0.5846 (epoch 67)
2025-11-21 10:46:36,309 - INFO - 💾 保存最新检查点: logs/moe3_rtdetr_r34_20251121_071440/latest_checkpoint.pth
2025-11-21 10:46:43,764 - INFO - Epoch 96 | Batch 0 | Loss: 5.94 (Det: 5.84, MoE: 1.9942)
2025-11-21 10:47:26,392 - INFO - Epoch 96 | Batch 50 | Loss: 6.04 (Det: 5.94, MoE: 1.9964)
2025-11-21 10:48:45,482 - INFO - Epoch 96:
2025-11-21 10:48:45,483 - INFO -   训练损失: 6.00 | 验证损失: 0.95
2025-11-21 10:48:45,483 - INFO -   预测/目标: 201600/93434
2025-11-21 10:48:45,484 - INFO -   ⏳ mAP_0.5_0.95 无改善 (29/35), 最佳值: 0.5846 (epoch 67)
2025-11-21 10:48:46,483 - INFO - 💾 保存最新检查点: logs/moe3_rtdetr_r34_20251121_071440/latest_checkpoint.pth
2025-11-21 10:48:53,569 - INFO - Epoch 97 | Batch 0 | Loss: 5.78 (Det: 5.68, MoE: 1.9965)
2025-11-21 10:49:36,249 - INFO - Epoch 97 | Batch 50 | Loss: 5.80 (Det: 5.70, MoE: 1.9981)
2025-11-21 10:50:55,972 - INFO - Epoch 97:
2025-11-21 10:50:55,973 - INFO -   训练损失: 5.96 | 验证损失: 0.95
2025-11-21 10:50:55,973 - INFO -   预测/目标: 201600/93434
2025-11-21 10:50:55,973 - INFO -   ⏳ mAP_0.5_0.95 无改善 (30/35), 最佳值: 0.5846 (epoch 67)
2025-11-21 10:50:56,963 - INFO - 💾 保存最新检查点: logs/moe3_rtdetr_r34_20251121_071440/latest_checkpoint.pth
2025-11-21 10:51:01,831 - INFO - Epoch 98 | Batch 0 | Loss: 5.99 (Det: 5.89, MoE: 2.0008)
2025-11-21 10:51:44,868 - INFO - Epoch 98 | Batch 50 | Loss: 6.02 (Det: 5.92, MoE: 1.9937)
2025-11-21 10:53:04,068 - INFO - Epoch 98:
2025-11-21 10:53:04,070 - INFO -   训练损失: 5.94 | 验证损失: 0.95
2025-11-21 10:53:04,070 - INFO -   预测/目标: 201600/93434
2025-11-21 10:53:04,070 - INFO -   ⏳ mAP_0.5_0.95 无改善 (31/35), 最佳值: 0.5846 (epoch 67)
2025-11-21 10:53:05,087 - INFO - 💾 保存最新检查点: logs/moe3_rtdetr_r34_20251121_071440/latest_checkpoint.pth
2025-11-21 10:53:12,644 - INFO - Epoch 99 | Batch 0 | Loss: 5.82 (Det: 5.72, MoE: 1.9969)
2025-11-21 10:53:54,651 - INFO - Epoch 99 | Batch 50 | Loss: 5.73 (Det: 5.63, MoE: 1.9857)
2025-11-21 10:55:13,983 - INFO - Epoch 99:
2025-11-21 10:55:13,984 - INFO -   训练损失: 5.93 | 验证损失: 0.95
2025-11-21 10:55:13,984 - INFO -   预测/目标: 201600/93434
2025-11-21 10:55:13,984 - INFO -   ⏳ mAP_0.5_0.95 无改善 (32/35), 最佳值: 0.5846 (epoch 67)
2025-11-21 10:55:14,985 - INFO - 💾 保存最新检查点: logs/moe3_rtdetr_r34_20251121_071440/latest_checkpoint.pth
2025-11-21 10:55:20,919 - INFO - Epoch 100 | Batch 0 | Loss: 5.92 (Det: 5.82, MoE: 2.0048)
2025-11-21 10:56:03,228 - INFO - Epoch 100 | Batch 50 | Loss: 5.83 (Det: 5.73, MoE: 1.9938)
2025-11-21 10:57:20,879 - INFO - Epoch 100:
2025-11-21 10:57:20,881 - INFO -   训练损失: 5.88 | 验证损失: 0.96
2025-11-21 10:57:20,881 - INFO -   预测/目标: 201600/93434
2025-11-21 10:57:20,881 - INFO -   检测损失: 5.78
2025-11-21 10:57:20,881 - INFO -   MoE负载均衡损失: 1.9986
2025-11-21 10:57:20,881 - INFO -   专家使用率: [33.26%, 33.20%, 33.54%]
2025-11-21 10:57:20,881 - INFO -   ⏳ mAP_0.5_0.95 无改善 (33/35), 最佳值: 0.5846 (epoch 67)
2025-11-21 10:57:21,879 - INFO - 💾 保存最新检查点: logs/moe3_rtdetr_r34_20251121_071440/latest_checkpoint.pth
2025-11-21 10:57:28,693 - INFO - Epoch 101 | Batch 0 | Loss: 5.85 (Det: 5.75, MoE: 2.0006)
2025-11-21 10:58:10,548 - INFO - Epoch 101 | Batch 50 | Loss: 5.71 (Det: 5.61, MoE: 1.9929)
2025-11-21 10:59:29,107 - INFO - Epoch 101:
2025-11-21 10:59:29,108 - INFO -   训练损失: 5.88 | 验证损失: 0.96
2025-11-21 10:59:29,109 - INFO -   预测/目标: 201600/93434
2025-11-21 10:59:29,109 - INFO -   ⏳ mAP_0.5_0.95 无改善 (34/35), 最佳值: 0.5846 (epoch 67)
2025-11-21 10:59:30,122 - INFO - 💾 保存最新检查点: logs/moe3_rtdetr_r34_20251121_071440/latest_checkpoint.pth
2025-11-21 10:59:38,433 - INFO - Epoch 102 | Batch 0 | Loss: 5.83 (Det: 5.73, MoE: 1.9978)
2025-11-21 11:00:20,005 - INFO - Epoch 102 | Batch 50 | Loss: 5.64 (Det: 5.54, MoE: 1.9938)
2025-11-21 11:01:39,614 - INFO - Epoch 102:
2025-11-21 11:01:39,615 - INFO -   训练损失: 5.83 | 验证损失: 0.96
2025-11-21 11:01:39,615 - INFO -   预测/目标: 201600/93434
2025-11-21 11:01:39,616 - INFO -   ⏳ mAP_0.5_0.95 无改善 (35/35), 最佳值: 0.5846 (epoch 67)
2025-11-21 11:01:39,616 - INFO - 
============================================================
⛔ Early Stopping触发！
   已连续 35 个epoch无改善
   最佳 mAP_0.5_0.95: 0.5846 (epoch 67)
============================================================

2025-11-21 11:01:39,616 - INFO - Early Stopping在epoch 102触发，停止训练
2025-11-21 11:01:39,616 - INFO - ✓ 训练完成！
2025-11-21 11:01:40,452 - INFO - ✓ 训练曲线已保存到: logs/moe3_rtdetr_r34_20251121_071440/training_curves.png
2025-11-21 11:01:40,452 - INFO - ✓ 训练历史已导出到: logs/moe3_rtdetr_r34_20251121_071440/training_history.csv
2025-11-21 11:01:40,452 - INFO - ============================================================
2025-11-21 11:01:40,452 - INFO - 使用best_model生成推理结果（5张图像）...
2025-11-21 11:01:47,364 - INFO -   生成best_model推理结果（前5张）...
2025-11-21 11:01:47,926 - INFO -   ✓ 推理结果已保存到: logs/moe3_rtdetr_r34_20251121_071440/inference_samples
