2026-03-02 18:12:55,355 - INFO - ✓ 已启用GPU优化: cudnn.benchmark=True, TF32=True
2026-03-02 18:12:55,355 - INFO - ✓ 创建DSET RT-DETR模型
2026-03-02 18:12:55,355 - INFO -   Decoder专家数量: 6
2026-03-02 18:12:55,355 - INFO -   Backbone: presnet18
2026-03-02 18:12:55,355 - INFO -   Encoder: in_channels=[128, 256, 512], expansion=0.5, num_layers=1
2026-03-02 18:12:55,355 - INFO -   Encoder MoE设计: 层间共享
2026-03-02 18:12:55,355 - INFO -   双稀疏配置（DSET核心特性，必然启用）:
2026-03-02 18:12:55,355 - INFO -     - Encoder-MoE: 启用 (experts=6, top_k=1)
2026-03-02 18:12:55,355 - INFO -     - Token Pruning: 启用（与 Encoder MoE 兼容）
2026-03-02 18:12:55,355 - INFO -       → keep_ratio=0.3
2026-03-02 18:12:55,355 - INFO -   损失权重配置:
2026-03-02 18:12:55,355 - INFO -     - CASS Supervision: True (loss_type=vfl, weight=0.05, expansion=0.8, min_size=1.0)
2026-03-02 18:12:55,355 - INFO -       → CASS Loss params: alpha=2.0, beta=4.0
2026-03-02 18:12:55,356 - INFO -     - Decoder MoE: 0.01
2026-03-02 18:12:55,356 - INFO -     - Encoder MoE: 0.001
2026-03-02 18:12:55,356 - INFO - 从本地文件加载预训练权重: pretrained/rtdetrv2_r18vd_120e_coco_rerun_48.1.pth
2026-03-02 18:12:55,412 - INFO - ✓ 检测到EMA checkpoint格式
2026-03-02 18:12:55,415 - INFO -   - 找到 3 个Decoder层的FFN权重，准备克隆到MoE
2026-03-02 18:12:55,626 - INFO -   - 找到 1 个Encoder层的FFN权重，准备克隆到MoE
2026-03-02 18:12:55,766 - INFO -   - Decoder专家克隆: 72 个参数 (6 个专家)
2026-03-02 18:12:55,766 - INFO -   - Encoder专家克隆: 24 个参数 (6 个专家)
2026-03-02 18:12:55,766 - INFO - ✓ 成功加载权重参数: 576 个
2026-03-02 18:12:55,766 - INFO -   - 专家克隆总计: 96 个参数
2026-03-02 18:12:55,766 - INFO -   - Backbone 加载: 115 个参数
2026-03-02 18:12:55,767 - INFO -   - Encoder 加载: 258 个参数
2026-03-02 18:12:55,767 - INFO -   - Decoder 加载: 107 个参数
2026-03-02 18:12:55,773 - INFO - 📦 初始化训练: epoch=0, 当前使用 batch_size=16 (配置文件基准=16)
2026-03-02 18:12:55,861 - INFO - ✓ 预训练参数组: 150 个参数, lr=1e-05
2026-03-02 18:12:55,862 - INFO - ✓ Norm层参数组: 116 个参数, lr=0.0001, wd=0
2026-03-02 18:12:55,863 - INFO - ✓ 新参数组: 19 个参数, lr=0.0001
2026-03-02 18:12:55,863 - INFO - ✓ 使用CosineAnnealingLR调度器 (eta_min=1e-6)
2026-03-02 18:12:55,863 - INFO - ✓ 学习率预热 3 epochs
2026-03-02 18:12:55,896 - INFO - ⏱️  Early Stopping: 启用 (patience=20, metric=mAP_0.5_0.95, mode=max)
2026-03-02 18:12:55,897 - INFO - 推理输出目录: logs/dset6_r18_20260302_181254/inference_samples
2026-03-02 18:12:56,041 - INFO - ✓ 已启用GPU优化: cudnn.benchmark=True, TF32=True
2026-03-02 18:12:56,041 - INFO - ✓ 创建DSET RT-DETR模型
2026-03-02 18:12:56,041 - INFO -   Decoder专家数量: 6
2026-03-02 18:12:56,041 - INFO -   Backbone: presnet18
2026-03-02 18:12:56,041 - INFO -   Encoder: in_channels=[128, 256, 512], expansion=0.5, num_layers=1
2026-03-02 18:12:56,042 - INFO -   Encoder MoE设计: 层间共享
2026-03-02 18:12:56,042 - INFO -   双稀疏配置（DSET核心特性，必然启用）:
2026-03-02 18:12:56,042 - INFO -     - Encoder-MoE: 启用 (experts=6, top_k=1)
2026-03-02 18:12:56,042 - INFO -     - Token Pruning: 启用（与 Encoder MoE 兼容）
2026-03-02 18:12:56,042 - INFO -       → keep_ratio=0.3
2026-03-02 18:12:56,042 - INFO -   损失权重配置:
2026-03-02 18:12:56,042 - INFO -     - CASS Supervision: True (loss_type=vfl, weight=0.05, expansion=0.8, min_size=1.0)
2026-03-02 18:12:56,042 - INFO -       → CASS Loss params: alpha=2.0, beta=4.0
2026-03-02 18:12:56,042 - INFO -     - Decoder MoE: 0.01
2026-03-02 18:12:56,042 - INFO -     - Encoder MoE: 0.001
