2025-11-27 15:40:35,854 - INFO - ✓ 配置已保存到: logs/yolo_v8l_20251127_154035/config.yaml
2025-11-27 15:40:35,854 - INFO - ✓ 初始化YOLOv8训练器
2025-11-27 15:40:35,854 - INFO -   类别数量: 8
2025-11-27 15:40:35,854 - INFO -   类别: Car, Truck, Van, Bus, Pedestrian, Cyclist, Motorcyclist, Trafficcone
2025-11-27 15:40:35,856 - INFO - ✓ 配置已保存到: logs/yolo_v8l_20251127_154035/config.yaml
2025-11-27 15:40:35,856 - INFO - ================================================================================
2025-11-27 15:40:35,856 - INFO - 🚀 开始YOLOv8训练
2025-11-27 15:40:35,856 - INFO - ================================================================================
2025-11-27 15:40:35,856 - INFO - ✓ 加载预训练权重: /root/autodl-tmp/DSET/experiments/yolov8/pretrained/yolov8l.pt
2025-11-27 15:40:36,002 - INFO -   模型将在训练时自动适配 8 类（从data.yaml读取）
2025-11-27 15:40:36,004 - INFO - 📝 训练配置:
2025-11-27 15:40:36,004 - INFO -   数据集路径: /root/autodl-fs/datasets/DAIR-V2X_YOLO/dairv2x.yaml
2025-11-27 15:40:36,004 - INFO -   训练轮数: 200
2025-11-27 15:40:36,004 - INFO -   批次大小: 48
2025-11-27 15:40:36,005 - INFO -   优化器: AdamW
2025-11-27 15:40:36,005 - INFO -   初始学习率: 0.01
2025-11-27 15:40:36,005 - INFO -   Weight decay: 0.0001
2025-11-27 15:40:36,005 - INFO -   输出目录: logs/yolo_v8l_20251127_154035
2025-11-27 15:40:36,005 - INFO -   预训练权重: pretrained/yolov8l.pt
2025-11-27 15:40:36,005 - INFO - ================================================================================
2025-11-27 15:40:36,005 - INFO - 训练配置摘要:
2025-11-27 15:40:36,005 - INFO -   - 训练轮数: 200
2025-11-27 15:40:36,005 - INFO -   - 批次大小: 48
2025-11-27 15:40:36,005 - INFO -   - 优化器: AdamW
2025-11-27 15:40:36,005 - INFO -   - 初始学习率: 0.01
2025-11-27 15:40:36,005 - INFO -   - Weight decay: 0.0001
2025-11-27 15:40:36,005 - INFO -   - Warmup轮数: 3.0
2025-11-27 15:40:36,005 - INFO -   - 设备: cuda
2025-11-27 15:40:36,005 - INFO - ================================================================================
2025-11-27 15:40:36,005 - INFO - 开始训练 200 epochs
